Post-hoc Tukey comparisons[1] "grp Tukey test"

	Pairwise comparisons using paired t tests 

data:  mdata$HarmonicityDownL and mdata$grp 

  C      
U 1.2e-06

P value adjustment method: bonferroni 
[1] "S Tukey test"

	Pairwise comparisons using paired t tests 

data:  mdata$HarmonicityDownL and mdata$S 

  1       2   
2 1.2e-05 -   
3 1.9e-06 0.18

P value adjustment method: bonferroni 
[1] "IDR Tukey test"

	Pairwise comparisons using paired t tests 

data:  mdata$HarmonicityDownL and mdata$IDR 

  D       M      
M 5.0e-12 -      
E < 2e-16 2.5e-08

P value adjustment method: bonferroni 
[1] "IDL Tukey test"
