[1] "Summary by group"
  grp peakVelL.m peakVelL.s
1   C  0.8040448 0.06939835
2   U  0.7827548 0.08255578
[1] "Summary by session\n"
  S peakVelL.m peakVelL.s
1 1  0.7789638 0.07526836
2 2  0.7995509 0.06275912
3 3  0.8016848 0.08907328
[1] "Summary by DID\n"
  DID peakVelL.m peakVelL.s
1   1  0.7879819 0.06204918
2   2  0.7881094 0.09310769
3   3  0.8041081 0.07185688
[1] "Summary by group + Session\n"
  grp S peakVelL.m peakVelL.s
1   C 1  0.7943382 0.06766169
2   C 2  0.7980611 0.06499701
3   C 3  0.8197351 0.07402591
4   U 1  0.7635893 0.07998634
5   U 2  0.8010407 0.06113737
6   U 3  0.7836344 0.09950951
[1] "Summary by Session + DID\n"
  S DID peakVelL.m peakVelL.s
1 1   1  0.7615067 0.06762106
2 1   2  0.7785930 0.07664841
3 1   3  0.7967917 0.07934047
4 2   1  0.7930180 0.04964679
5 2   2  0.8046273 0.07228339
6 2   3  0.8010073 0.06576518
7 3   1  0.8094210 0.05959518
8 3   2  0.7811080 0.12279445
9 3   3  0.8145253 0.07105476
[1] "Summary by group + DID\n"
  grp DID peakVelL.m peakVelL.s
1   C   1  0.7911731 0.06736972
2   C   2  0.8074967 0.07258556
3   C   3  0.8134647 0.06773171
4   U   1  0.7847907 0.05681720
5   U   2  0.7687222 0.10722700
6   U   3  0.7947516 0.07534930
[1] "Summary by group + Session + DID\n"
   grp S DID peakVelL.m peakVelL.s
1    C 1   1  0.7732227 0.06714251
2    C 1   2  0.7973020 0.07166104
3    C 1   3  0.8124900 0.06248806
4    C 2   1  0.7795613 0.05240511
5    C 2   2  0.8035987 0.07970828
6    C 2   3  0.8110233 0.05998403
7    C 3   1  0.8207353 0.07472590
8    C 3   2  0.8215893 0.06877148
9    C 3   3  0.8168807 0.08303840
10   U 1   1  0.7497907 0.06833429
11   U 1   2  0.7598840 0.07927318
12   U 1   3  0.7810933 0.09277186
13   U 2   1  0.8064747 0.04439975
14   U 2   2  0.8056560 0.06683791
15   U 2   3  0.7909913 0.07173559
16   U 3   1  0.7981067 0.03871149
17   U 3   2  0.7406267 0.15163406
18   U 3   3  0.8121700 0.05958959
