Post-hoc Tukey comparisons[1] "grp Tukey test"

	Pairwise comparisons using paired t tests 

data:  mdata$d4D and mdata$grp 

  C     
U 0.0088

P value adjustment method: bonferroni 
[1] "S Tukey test"

	Pairwise comparisons using paired t tests 

data:  mdata$d4D and mdata$S 

  1       2   
2 3.0e-07 -   
3 5.7e-11 0.51

P value adjustment method: bonferroni 
[1] "IDR Tukey test"

	Pairwise comparisons using paired t tests 

data:  mdata$d4D and mdata$IDR 

  D       M    
M 0.001   -    
E 5.1e-06 0.051

P value adjustment method: bonferroni 
[1] "IDL Tukey test"
