[1] "accTimeL ~(S*DID*grp)+Error(pp/(S*DID))+grp"
$ANOVA
     Effect DFn DFd          F           p p<.05         ges
2       grp   1   8 3.67341977 0.091592152       0.114764419
3         S   2  16 5.58828341 0.014434546     * 0.169602490
5       DID   2  16 7.88202211 0.004144513     * 0.135648814
4     grp:S   2  16 0.04477519 0.956331805       0.001633785
6   grp:DID   2  16 1.34723154 0.287909429       0.026123669
7     S:DID   4  32 2.26367999 0.084057618       0.069996293
8 grp:S:DID   4  32 0.76136557 0.558164881       0.024689454

$`Mauchly's Test for Sphericity`
     Effect          W          p p<.05
3         S 0.37954721 0.03368452     *
4     grp:S 0.37954721 0.03368452     *
5       DID 0.46565371 0.06890024      
6   grp:DID 0.46565371 0.06890024      
7     S:DID 0.06805498 0.05190489      
8 grp:S:DID 0.06805498 0.05190489      

$`Sphericity Corrections`
     Effect       GGe      p[GG] p[GG]<.05       HFe      p[HF] p[HF]<.05
3         S 0.6171115 0.03477093         * 0.6730939 0.03053607         *
4     grp:S 0.6171115 0.88233188           0.6730939 0.89871118          
5       DID 0.6517434 0.01355693         * 0.7266005 0.01048325         *
6   grp:DID 0.6517434 0.28505396           0.7266005 0.28657171          
7     S:DID 0.5922037 0.12456586           0.8576940 0.09629839          
8 grp:S:DID 0.5922037 0.50138055           0.8576940 0.54136037          

