                  Estimate MCMCmean HPD95lower HPD95upper pMCMC Pr(>|t|)
(Intercept)         0.6888   0.6892     0.5710     0.7820 0.001   0.0000
grp1                0.0129   0.0147    -0.0761     0.1307 0.770   0.8755
S1                 -0.0339  -0.0335    -0.0794    -0.0005 0.074   0.1908
S2                  0.0174   0.0176    -0.0247     0.0548 0.382   0.5012
IDR1                0.0576   0.0570     0.0025     0.1148 0.052   0.2790
IDR2               -0.0401  -0.0395    -0.0928     0.0108 0.160   0.4515
IDL1               -0.1719  -0.1710    -0.2070    -0.1356 0.001   0.0000
grp1:S1            -0.0583  -0.0584    -0.1000    -0.0178 0.006   0.0246
grp1:S2             0.0262   0.0263    -0.0168     0.0645 0.182   0.3115
grp1:IDR1           0.0317   0.0317    -0.0272     0.0846 0.260   0.5507
grp1:IDR2           0.0218   0.0214    -0.0328     0.0760 0.460   0.6819
S1:IDR1            -0.0123  -0.0123    -0.0412     0.0158 0.374   0.6062
S2:IDR1             0.0126   0.0123    -0.0154     0.0395 0.390   0.5986
S1:IDR2             0.0081   0.0078    -0.0222     0.0333 0.572   0.7354
S2:IDR2             0.0280   0.0281     0.0017     0.0567 0.044   0.2432
grp1:IDL1          -0.0706  -0.0706    -0.1030    -0.0360 0.001   0.0033
S1:IDL1             0.0132   0.0132    -0.0073     0.0346 0.228   0.4361
S2:IDL1            -0.0154  -0.0162    -0.0370     0.0044 0.148   0.3625
IDR1:IDL1           0.0582   0.0582     0.0381     0.0794 0.001   0.0006
IDR2:IDL1           0.0182   0.0182    -0.0035     0.0385 0.110   0.2817
grp1:S1:IDR1        0.0071   0.0070    -0.0244     0.0362 0.652   0.7681
grp1:S2:IDR1       -0.0270  -0.0270    -0.0548     0.0067 0.088   0.2593
grp1:S1:IDR2       -0.0031  -0.0030    -0.0325     0.0285 0.818   0.8964
grp1:S2:IDR2        0.0041   0.0036    -0.0266     0.0328 0.804   0.8638
grp1:S1:IDL1        0.0422   0.0417     0.0242     0.0638 0.001   0.0130
grp1:S2:IDL1       -0.0153  -0.0151    -0.0357     0.0045 0.140   0.3658
grp1:IDR1:IDL1      0.0447   0.0449     0.0248     0.0639 0.001   0.0085
grp1:IDR2:IDL1     -0.0178  -0.0180    -0.0387     0.0018 0.068   0.2923
S1:IDR1:IDL1       -0.0404  -0.0403    -0.0705    -0.0124 0.002   0.0923
S2:IDR1:IDL1        0.0129   0.0130    -0.0154     0.0415 0.378   0.5889
S1:IDR2:IDL1       -0.0055  -0.0055    -0.0356     0.0212 0.742   0.8173
S2:IDR2:IDL1       -0.0323  -0.0324    -0.0609    -0.0036 0.026   0.1782
grp1:S1:IDR1:IDL1  -0.0141  -0.0133    -0.0429     0.0174 0.384   0.5572
grp1:S2:IDR1:IDL1   0.0193   0.0186    -0.0110     0.0459 0.220   0.4204
grp1:S1:IDR2:IDL1   0.0166   0.0162    -0.0142     0.0459 0.282   0.4884
grp1:S2:IDR2:IDL1  -0.0027  -0.0023    -0.0305     0.0273 0.876   0.9096
NULL
       Length Class      Mode
fixed  6      data.frame list
random 7      data.frame list
Analysis of Variance Table
              Df   Sum Sq  Mean Sq F value
grp            1 0.000129 0.000129  0.0231
S              2 0.009600 0.004800  0.8582
IDR            2 0.006902 0.003451  0.6170
IDL            1 0.288276 0.288276 51.5448
grp:S          2 0.028507 0.014254  2.5486
grp:IDR        2 0.005738 0.002869  0.5130
S:IDR          4 0.023617 0.005904  1.0557
grp:IDL        1 0.048618 0.048618  8.6932
S:IDL          2 0.005427 0.002713  0.4851
IDR:IDL        2 0.124449 0.062224 11.1259
grp:S:IDR      4 0.009148 0.002287  0.4089
grp:S:IDL      2 0.035580 0.017790  3.1809
grp:IDR:IDL    2 0.039510 0.019755  3.5322
S:IDR:IDL      4 0.051133 0.012783  2.2857
grp:S:IDR:IDL  4 0.007464 0.001866  0.3336
Linear mixed model fit by REML 
Formula: get(vname) ~ (1 | pp) + (1 | pp/S) + (1 | pp/IDR) + (1 | pp/IDL) +      (1 | pp/S:IDR:IDL) + grp * S * IDR * IDL 
   Data: mdata 
    AIC    BIC logLik deviance REMLdev
 -421.1 -223.7  256.6   -717.4  -513.1
Random effects:
 Groups       Name        Variance  Std.Dev.
 S:IDR:IDL:pp (Intercept) 0.0238993 0.154594
 IDR:pp       (Intercept) 0.0380942 0.195177
 S:pp         (Intercept) 0.0057362 0.075737
 IDL:pp       (Intercept) 0.0086071 0.092775
 pp           (Intercept) 0.0095342 0.097643
 pp           (Intercept) 0.0095341 0.097643
 pp           (Intercept) 0.0095341 0.097643
 pp           (Intercept) 0.0095339 0.097642
 pp           (Intercept) 0.0095339 0.097641
 Residual                 0.0055927 0.074785
Number of obs: 540, groups: S:IDR:IDL:pp, 180; IDR:pp, 30; S:pp, 30; IDL:pp, 20; pp, 10

Fixed effects:
                   Estimate Std. Error t value
(Intercept)        0.688796   0.082468   8.352
grp1               0.012931   0.082468   0.157
S1                -0.033874   0.025859  -1.310
S2                 0.017404   0.025859   0.673
IDR1               0.057607   0.053159   1.084
IDR2              -0.040056   0.053159  -0.754
IDL1              -0.171931   0.023948  -7.179
grp1:S1           -0.058282   0.025859  -2.254
grp1:S2            0.026197   0.025859   1.013
grp1:IDR1          0.031738   0.053159   0.597
grp1:IDR2          0.021801   0.053159   0.410
S1:IDR1           -0.012344   0.023927  -0.516
S2:IDR1            0.012604   0.023927   0.527
S1:IDR2            0.008092   0.023927   0.338
S2:IDR2            0.027958   0.023927   1.168
grp1:IDL1         -0.070608   0.023948  -2.948
S1:IDL1            0.013186   0.016919   0.779
S2:IDL1           -0.015420   0.016919  -0.911
IDR1:IDL1          0.058173   0.016919   3.438
IDR2:IDL1          0.018235   0.016919   1.078
grp1:S1:IDR1       0.007058   0.023927   0.295
grp1:S2:IDR1      -0.027023   0.023927  -1.129
grp1:S1:IDR2      -0.003118   0.023927  -0.130
grp1:S2:IDR2       0.004107   0.023927   0.172
grp1:S1:IDL1       0.042153   0.016919   2.491
grp1:S2:IDL1      -0.015315   0.016919  -0.905
grp1:IDR1:IDL1     0.044669   0.016919   2.640
grp1:IDR2:IDL1    -0.017835   0.016919  -1.054
S1:IDR1:IDL1      -0.040353   0.023927  -1.686
S2:IDR1:IDL1       0.012939   0.023927   0.541
S1:IDR2:IDL1      -0.005530   0.023927  -0.231
S2:IDR2:IDL1      -0.032262   0.023927  -1.348
grp1:S1:IDR1:IDL1 -0.014055   0.023927  -0.587
grp1:S2:IDR1:IDL1  0.019296   0.023927   0.806
grp1:S1:IDR2:IDL1  0.016590   0.023927   0.693
grp1:S2:IDR2:IDL1 -0.002717   0.023927  -0.114

Correlation of Fixed Effects:
            (Intr) grp1   S1     S2     IDR1   IDR2   IDL1   gr1:S1 gr1:S2
grp1         0.000                                                        
S1           0.000  0.000                                                 
S2           0.000  0.000 -0.500                                          
IDR1         0.000  0.000  0.000  0.000                                   
IDR2         0.000  0.000  0.000  0.000 -0.500                            
IDL1         0.000  0.000  0.000  0.000  0.000  0.000                     
grp1:S1      0.000  0.000  0.000  0.000  0.000  0.000  0.000              
grp1:S2      0.000  0.000  0.000  0.000  0.000  0.000  0.000 -0.500       
grp1:IDR1    0.000  0.000  0.000  0.000  0.000  0.000  0.000  0.000  0.000
grp1:IDR2    0.000  0.000  0.000  0.000  0.000  0.000  0.000  0.000  0.000
S1:IDR1      0.000  0.000  0.000  0.000  0.000  0.000  0.000  0.000  0.000
S2:IDR1      0.000  0.000  0.000  0.000  0.000  0.000  0.000  0.000  0.000
S1:IDR2      0.000  0.000  0.000  0.000  0.000  0.000  0.000  0.000  0.000
S2:IDR2      0.000  0.000  0.000  0.000  0.000  0.000  0.000  0.000  0.000
grp1:IDL1    0.000  0.000  0.000  0.000  0.000  0.000  0.000  0.000  0.000
S1:IDL1      0.000  0.000  0.000  0.000  0.000  0.000  0.000  0.000  0.000
S2:IDL1      0.000  0.000  0.000  0.000  0.000  0.000  0.000  0.000  0.000
IDR1:IDL1    0.000  0.000  0.000  0.000  0.000  0.000  0.000  0.000  0.000
IDR2:IDL1    0.000  0.000  0.000  0.000  0.000  0.000  0.000  0.000  0.000
gr1:S1:IDR1  0.000  0.000  0.000  0.000  0.000  0.000  0.000  0.000  0.000
gr1:S2:IDR1  0.000  0.000  0.000  0.000  0.000  0.000  0.000  0.000  0.000
gr1:S1:IDR2  0.000  0.000  0.000  0.000  0.000  0.000  0.000  0.000  0.000
gr1:S2:IDR2  0.000  0.000  0.000  0.000  0.000  0.000  0.000  0.000  0.000
gr1:S1:IDL1  0.000  0.000  0.000  0.000  0.000  0.000  0.000  0.000  0.000
gr1:S2:IDL1  0.000  0.000  0.000  0.000  0.000  0.000  0.000  0.000  0.000
g1:IDR1:IDL  0.000  0.000  0.000  0.000  0.000  0.000  0.000  0.000  0.000
g1:IDR2:IDL  0.000  0.000  0.000  0.000  0.000  0.000  0.000  0.000  0.000
S1:IDR1:IDL  0.000  0.000  0.000  0.000  0.000  0.000  0.000  0.000  0.000
S2:IDR1:IDL  0.000  0.000  0.000  0.000  0.000  0.000  0.000  0.000  0.000
S1:IDR2:IDL  0.000  0.000  0.000  0.000  0.000  0.000  0.000  0.000  0.000
S2:IDR2:IDL  0.000  0.000  0.000  0.000  0.000  0.000  0.000  0.000  0.000
g1:S1:IDR1:  0.000  0.000  0.000  0.000  0.000  0.000  0.000  0.000  0.000
g1:S2:IDR1:  0.000  0.000  0.000  0.000  0.000  0.000  0.000  0.000  0.000
g1:S1:IDR2:  0.000  0.000  0.000  0.000  0.000  0.000  0.000  0.000  0.000
g1:S2:IDR2:  0.000  0.000  0.000  0.000  0.000  0.000  0.000  0.000  0.000
            gr1:IDR1 gr1:IDR2 S1:IDR1 S2:IDR1 S1:IDR2 S2:IDR2 g1:IDL S1:IDL
grp1                                                                       
S1                                                                         
S2                                                                         
IDR1                                                                       
IDR2                                                                       
IDL1                                                                       
grp1:S1                                                                    
grp1:S2                                                                    
grp1:IDR1                                                                  
grp1:IDR2   -0.500                                                         
S1:IDR1      0.000    0.000                                                
S2:IDR1      0.000    0.000   -0.500                                       
S1:IDR2      0.000    0.000   -0.500   0.250                               
S2:IDR2      0.000    0.000    0.250  -0.500  -0.500                       
grp1:IDL1    0.000    0.000    0.000   0.000   0.000   0.000               
S1:IDL1      0.000    0.000    0.000   0.000   0.000   0.000   0.000       
S2:IDL1      0.000    0.000    0.000   0.000   0.000   0.000   0.000 -0.500
IDR1:IDL1    0.000    0.000    0.000   0.000   0.000   0.000   0.000  0.000
IDR2:IDL1    0.000    0.000    0.000   0.000   0.000   0.000   0.000  0.000
gr1:S1:IDR1  0.000    0.000    0.000   0.000   0.000   0.000   0.000  0.000
gr1:S2:IDR1  0.000    0.000    0.000   0.000   0.000   0.000   0.000  0.000
gr1:S1:IDR2  0.000    0.000    0.000   0.000   0.000   0.000   0.000  0.000
gr1:S2:IDR2  0.000    0.000    0.000   0.000   0.000   0.000   0.000  0.000
gr1:S1:IDL1  0.000    0.000    0.000   0.000   0.000   0.000   0.000  0.000
gr1:S2:IDL1  0.000    0.000    0.000   0.000   0.000   0.000   0.000  0.000
g1:IDR1:IDL  0.000    0.000    0.000   0.000   0.000   0.000   0.000  0.000
g1:IDR2:IDL  0.000    0.000    0.000   0.000   0.000   0.000   0.000  0.000
S1:IDR1:IDL  0.000    0.000    0.000   0.000   0.000   0.000   0.000  0.000
S2:IDR1:IDL  0.000    0.000    0.000   0.000   0.000   0.000   0.000  0.000
S1:IDR2:IDL  0.000    0.000    0.000   0.000   0.000   0.000   0.000  0.000
S2:IDR2:IDL  0.000    0.000    0.000   0.000   0.000   0.000   0.000  0.000
g1:S1:IDR1:  0.000    0.000    0.000   0.000   0.000   0.000   0.000  0.000
g1:S2:IDR1:  0.000    0.000    0.000   0.000   0.000   0.000   0.000  0.000
g1:S1:IDR2:  0.000    0.000    0.000   0.000   0.000   0.000   0.000  0.000
g1:S2:IDR2:  0.000    0.000    0.000   0.000   0.000   0.000   0.000  0.000
            S2:IDL IDR1:I IDR2:I gr1:S1:IDR1 gr1:S2:IDR1 gr1:S1:IDR2
grp1                                                                
S1                                                                  
S2                                                                  
IDR1                                                                
IDR2                                                                
IDL1                                                                
grp1:S1                                                             
grp1:S2                                                             
grp1:IDR1                                                           
grp1:IDR2                                                           
S1:IDR1                                                             
S2:IDR1                                                             
S1:IDR2                                                             
S2:IDR2                                                             
grp1:IDL1                                                           
S1:IDL1                                                             
S2:IDL1                                                             
IDR1:IDL1    0.000                                                  
IDR2:IDL1    0.000 -0.500                                           
gr1:S1:IDR1  0.000  0.000  0.000                                    
gr1:S2:IDR1  0.000  0.000  0.000 -0.500                             
gr1:S1:IDR2  0.000  0.000  0.000 -0.500       0.250                 
gr1:S2:IDR2  0.000  0.000  0.000  0.250      -0.500      -0.500     
gr1:S1:IDL1  0.000  0.000  0.000  0.000       0.000       0.000     
gr1:S2:IDL1  0.000  0.000  0.000  0.000       0.000       0.000     
g1:IDR1:IDL  0.000  0.000  0.000  0.000       0.000       0.000     
g1:IDR2:IDL  0.000  0.000  0.000  0.000       0.000       0.000     
S1:IDR1:IDL  0.000  0.000  0.000  0.000       0.000       0.000     
S2:IDR1:IDL  0.000  0.000  0.000  0.000       0.000       0.000     
S1:IDR2:IDL  0.000  0.000  0.000  0.000       0.000       0.000     
S2:IDR2:IDL  0.000  0.000  0.000  0.000       0.000       0.000     
g1:S1:IDR1:  0.000  0.000  0.000  0.000       0.000       0.000     
g1:S2:IDR1:  0.000  0.000  0.000  0.000       0.000       0.000     
g1:S1:IDR2:  0.000  0.000  0.000  0.000       0.000       0.000     
g1:S2:IDR2:  0.000  0.000  0.000  0.000       0.000       0.000     
            gr1:S2:IDR2 g1:S1:IDL g1:S2:IDL g1:IDR1: g1:IDR2: S1:IDR1: S2:IDR1:
grp1                                                                           
S1                                                                             
S2                                                                             
IDR1                                                                           
IDR2                                                                           
IDL1                                                                           
grp1:S1                                                                        
grp1:S2                                                                        
grp1:IDR1                                                                      
grp1:IDR2                                                                      
S1:IDR1                                                                        
S2:IDR1                                                                        
S1:IDR2                                                                        
S2:IDR2                                                                        
grp1:IDL1                                                                      
S1:IDL1                                                                        
S2:IDL1                                                                        
IDR1:IDL1                                                                      
IDR2:IDL1                                                                      
gr1:S1:IDR1                                                                    
gr1:S2:IDR1                                                                    
gr1:S1:IDR2                                                                    
gr1:S2:IDR2                                                                    
gr1:S1:IDL1  0.000                                                             
gr1:S2:IDL1  0.000      -0.500                                                 
g1:IDR1:IDL  0.000       0.000     0.000                                       
g1:IDR2:IDL  0.000       0.000     0.000    -0.500                             
S1:IDR1:IDL  0.000       0.000     0.000     0.000    0.000                    
S2:IDR1:IDL  0.000       0.000     0.000     0.000    0.000   -0.500           
S1:IDR2:IDL  0.000       0.000     0.000     0.000    0.000   -0.500    0.250  
S2:IDR2:IDL  0.000       0.000     0.000     0.000    0.000    0.250   -0.500  
g1:S1:IDR1:  0.000       0.000     0.000     0.000    0.000    0.000    0.000  
g1:S2:IDR1:  0.000       0.000     0.000     0.000    0.000    0.000    0.000  
g1:S1:IDR2:  0.000       0.000     0.000     0.000    0.000    0.000    0.000  
g1:S2:IDR2:  0.000       0.000     0.000     0.000    0.000    0.000    0.000  
            S1:IDR2: S2:IDR2: g1:S1:IDR1: g1:S2:IDR1: g1:S1:IDR2:
grp1                                                             
S1                                                               
S2                                                               
IDR1                                                             
IDR2                                                             
IDL1                                                             
grp1:S1                                                          
grp1:S2                                                          
grp1:IDR1                                                        
grp1:IDR2                                                        
S1:IDR1                                                          
S2:IDR1                                                          
S1:IDR2                                                          
S2:IDR2                                                          
grp1:IDL1                                                        
S1:IDL1                                                          
S2:IDL1                                                          
IDR1:IDL1                                                        
IDR2:IDL1                                                        
gr1:S1:IDR1                                                      
gr1:S2:IDR1                                                      
gr1:S1:IDR2                                                      
gr1:S2:IDR2                                                      
gr1:S1:IDL1                                                      
gr1:S2:IDL1                                                      
g1:IDR1:IDL                                                      
g1:IDR2:IDL                                                      
S1:IDR1:IDL                                                      
S2:IDR1:IDL                                                      
S1:IDR2:IDL                                                      
S2:IDR2:IDL -0.500                                               
g1:S1:IDR1:  0.000    0.000                                      
g1:S2:IDR1:  0.000    0.000   -0.500                             
g1:S1:IDR2:  0.000    0.000   -0.500       0.250                 
g1:S2:IDR2:  0.000    0.000    0.250      -0.500      -0.500     
