[1] "accQ ~(S*ID*grp)+Error(pp/(S*ID))+grp"
$ANOVA
    Effect DFn DFd          F            p p<.05         ges
2      grp   1   8  0.4784829 5.086840e-01       0.009047097
3        S   2  16  3.2395056 6.587828e-02       0.086628829
5       ID   2  16 58.0087358 4.654881e-08     * 0.777060148
4    grp:S   2  16  1.4054757 2.739516e-01       0.039522722
6   grp:ID   2  16  0.1760050 8.402156e-01       0.010464772
7     S:ID   4  32  2.2929168 8.094595e-02       0.036572738
8 grp:S:ID   4  32  0.8355872 5.127293e-01       0.013645053

$`Mauchly's Test for Sphericity`
    Effect          W           p p<.05
3        S 0.32423978 0.019410291     *
4    grp:S 0.32423978 0.019410291     *
5       ID 0.65457655 0.226914131      
6   grp:ID 0.65457655 0.226914131      
7     S:ID 0.03000112 0.009373806     *
8 grp:S:ID 0.03000112 0.009373806     *

$`Sphericity Corrections`
    Effect       GGe        p[GG] p[GG]<.05       HFe        p[HF] p[HF]<.05
3        S 0.5967441 9.946506e-02           0.6421346 9.498963e-02          
4    grp:S 0.5967441 2.729883e-01           0.6421346 2.738923e-01          
5       ID 0.7432604 1.842673e-06         * 0.8734723 2.842888e-07         *
6   grp:ID 0.7432604 7.775136e-01           0.8734723 8.124986e-01          
7     S:ID 0.3654947 1.519625e-01           0.4266509 1.432197e-01          
8 grp:S:ID 0.3654947 4.231533e-01           0.4266509 4.373473e-01          

