[1] "q3Lrel ~(S*IDR*IDL*grp)+Error(pp/(S*IDR*IDL))+grp"
$ANOVA
          Effect DFn DFd          F          p p<.05          ges
2            grp   1   8 0.01289753 0.91237913       0.0002718471
3              S   2  16 2.22936415 0.13993643       0.0348057834
4          grp:S   2  16 3.85215804 0.04308642     * 0.0586554534
5            IDR   2  16 0.33148112 0.72267358       0.0037862503
6        grp:IDR   2  16 0.16441410 0.84980582       0.0018815646
7            IDL   1   8 0.27441204 0.61458563       0.0036154342
8        grp:IDL   1   8 0.15654955 0.70269538       0.0020657799
9          S:IDR   4  32 0.27409247 0.89250883       0.0039890418
10     grp:S:IDR   4  32 0.44835822 0.77276862       0.0065087345
11         S:IDL   2  16 0.11985548 0.88783753       0.0024462709
12     grp:S:IDL   2  16 0.07530191 0.92779014       0.0015383237
13       IDR:IDL   2  16 0.73793856 0.49368280       0.0070987063
14   grp:IDR:IDL   2  16 0.63894358 0.54079765       0.0061522685
15     S:IDR:IDL   4  32 0.42783079 0.78740638       0.0077651861
16 grp:S:IDR:IDL   4  32 0.63867392 0.63873767       0.0115478256

$`Mauchly's Test for Sphericity`
          Effect         W          p p<.05
3              S 0.7402714 0.34903454      
4          grp:S 0.7402714 0.34903454      
5            IDR 0.4769950 0.07495461      
6        grp:IDR 0.4769950 0.07495461      
9          S:IDR 0.3561376 0.68909721      
10     grp:S:IDR 0.3561376 0.68909721      
11         S:IDL 0.9642377 0.88032787      
12     grp:S:IDL 0.9642377 0.88032787      
13       IDR:IDL 0.7102264 0.30191793      
14   grp:IDR:IDL 0.7102264 0.30191793      
15     S:IDR:IDL 0.2516864 0.46871429      
16 grp:S:IDR:IDL 0.2516864 0.46871429      

$`Sphericity Corrections`
          Effect       GGe      p[GG] p[GG]<.05       HFe      p[HF] p[HF]<.05
3              S 0.7938218 0.15380813           0.9582119 0.14267602          
4          grp:S 0.7938218 0.05706243           0.9582119 0.04560041         *
5            IDR 0.6565967 0.63635770           0.7341875 0.65935584          
6        grp:IDR 0.6565967 0.75971229           0.7341875 0.78493418          
9          S:IDR 0.6551169 0.81801067           1.0030708 0.89250883          
10     grp:S:IDR 0.6551169 0.69598756           1.0030708 0.77276862          
11         S:IDL 0.9654725 0.88151597           1.2669605 0.88783753          
12     grp:S:IDL 0.9654725 0.92258340           1.2669605 0.92779014          
13       IDR:IDL 0.7753299 0.46494774           0.9269117 0.48510997          
14   grp:IDR:IDL 0.7753299 0.50604554           0.9269117 0.53038188          
15     S:IDR:IDL 0.6464296 0.70722872           0.9821925 0.78418275          
16 grp:S:IDR:IDL 0.6464296 0.57657153           0.9821925 0.63613089          

