[1] "q4R ~(S*DID*grp)+Error(pp/(S*DID))+grp"
$ANOVA
     Effect DFn DFd          F            p p<.05        ges
2       grp   1   8  4.6306666 6.358696e-02       0.15729042
3         S   2  16 12.8052268 4.779036e-04     * 0.26422602
5       DID   2  16 47.6642398 1.820160e-07     * 0.55570713
4     grp:S   2  16  3.8094692 4.434829e-02     * 0.09652192
6   grp:DID   2  16  2.1898854 1.443330e-01       0.05434245
7     S:DID   4  32  1.4402781 2.434320e-01       0.04195771
8 grp:S:DID   4  32  0.7466357 5.674944e-01       0.02219932

$`Mauchly's Test for Sphericity`
     Effect         W         p p<.05
3         S 0.6727644 0.2497586      
4     grp:S 0.6727644 0.2497586      
5       DID 0.7995311 0.4570079      
6   grp:DID 0.7995311 0.4570079      
7     S:DID 0.2391391 0.4370372      
8 grp:S:DID 0.2391391 0.4370372      

$`Sphericity Corrections`
     Effect       GGe        p[GG] p[GG]<.05       HFe        p[HF] p[HF]<.05
3         S 0.7534457 1.801453e-03         * 0.8903303 8.604713e-04         *
4     grp:S 0.7534457 6.171407e-02           0.8903303 5.134704e-02          
5       DID 0.8330078 1.586951e-06         * 1.0257478 1.820160e-07         *
6   grp:DID 0.8330078 1.552949e-01           1.0257478 1.443330e-01          
7     S:DID 0.6228825 2.614897e-01           0.9269257 2.470921e-01          
8 grp:S:DID 0.6228825 5.141694e-01           0.9269257 5.588300e-01          

