[1] "Summary by group"
  grp     q4R.m      q4R.s
1   C 0.8003707 0.08492736
2   U 0.7626444 0.07536989
[1] "Summary by session\n"
  S     q4R.m      q4R.s
1 1 0.7448217 0.07624805
2 2 0.7956669 0.08088944
3 3 0.8040342 0.07783357
[1] "Summary by DID\n"
  DID     q4R.m      q4R.s
1   1 0.8388321 0.05895787
2   2 0.7861926 0.07683603
3   3 0.7194981 0.06227675
[1] "Summary by group + Session\n"
  grp S     q4R.m      q4R.s
1   C 1 0.7438631 0.08487725
2   C 2 0.8211516 0.07402997
3   C 3 0.8360976 0.06533362
4   U 1 0.7457802 0.06748061
5   U 2 0.7701822 0.08016243
6   U 3 0.7719709 0.07669737
[1] "Summary by Session + DID\n"
  S DID     q4R.m      q4R.s
1 1   1 0.8052080 0.06896351
2 1   2 0.7342030 0.06519359
3 1   3 0.6950540 0.04883595
4 2   1 0.8572207 0.03924245
5 2   2 0.8090513 0.07412625
6 2   3 0.7207287 0.05596121
7 3   1 0.8540677 0.05111156
8 3   2 0.8153233 0.06449073
9 3   3 0.7427117 0.07217281
[1] "Summary by group + DID\n"
  grp DID     q4R.m      q4R.s
1   C   1 0.8473998 0.06667493
2   C   2 0.8194136 0.07385688
3   C   3 0.7342989 0.07048306
4   U   1 0.8302644 0.04934947
5   U   2 0.7529716 0.06503426
6   U   3 0.7046973 0.04928475
[1] "Summary by group + Session + DID\n"
   grp S DID     q4R.m      q4R.s
1    C 1   1 0.8020547 0.07593454
2    C 1   2 0.7439513 0.07983943
3    C 1   3 0.6855833 0.05686772
4    C 2   1 0.8755060 0.03636148
5    C 2   2 0.8518413 0.02576569
6    C 2   3 0.7361073 0.05757168
7    C 3   1 0.8646387 0.05929305
8    C 3   2 0.8624480 0.02988902
9    C 3   3 0.7812060 0.06450722
10   U 1   1 0.8083613 0.06375173
11   U 1   2 0.7244547 0.04718078
12   U 1   3 0.7045247 0.03891164
13   U 2   1 0.8389353 0.03393095
14   U 2   2 0.7662613 0.08242860
15   U 2   3 0.7053500 0.05163054
16   U 3   1 0.8434967 0.04069718
17   U 3   2 0.7681987 0.05443449
18   U 3   3 0.7042173 0.05876560
