                  Estimate MCMCmean HPD95lower HPD95upper pMCMC Pr(>|t|)
(Intercept)         5.2014   5.2045     4.7234     5.7288 0.001   0.0000
grp1                0.1251   0.1377    -0.3994     0.6436 0.588   0.6357
S1                 -1.1691  -1.1695    -1.4063    -0.9497 0.001   0.0000
S2                  0.2910   0.2865     0.0581     0.5223 0.010   0.0307
IDR1               -1.2582  -1.2584    -1.5474    -0.9939 0.001   0.0000
IDR2               -0.3430  -0.3455    -0.6451    -0.0714 0.010   0.0933
IDL1               -1.4025  -1.4038    -1.6149    -1.1853 0.001   0.0000
grp1:S1            -0.0793  -0.0801    -0.2900     0.1356 0.454   0.5549
grp1:S2             0.0378   0.0443    -0.1612     0.2739 0.724   0.7782
grp1:IDR1           0.1711   0.1676    -0.1059     0.4751 0.228   0.4020
grp1:IDR2           0.2214   0.2239    -0.0493     0.4986 0.122   0.2785
S1:IDR1             0.6349   0.6385     0.4535     0.8255 0.001   0.0000
S2:IDR1            -0.1600  -0.1609    -0.3429     0.0399 0.104   0.2922
S1:IDR2             0.2063   0.2041    -0.0085     0.3887 0.046   0.1745
S2:IDR2             0.0642   0.0662    -0.1415     0.2377 0.538   0.6722
grp1:IDL1          -0.4403  -0.4409    -0.6710    -0.2418 0.001   0.0047
S1:IDL1             0.2867   0.2884     0.1601     0.4241 0.001   0.0078
S2:IDL1            -0.1001  -0.1002    -0.2302     0.0337 0.156   0.3514
IDR1:IDL1           0.8603   0.8642     0.7216     0.9853 0.001   0.0000
IDR2:IDL1           0.3170   0.3188     0.1943     0.4602 0.001   0.0033
grp1:S1:IDR1       -0.0352  -0.0390    -0.2230     0.1357 0.664   0.8166
grp1:S2:IDR1       -0.1253  -0.1280    -0.3206     0.0534 0.206   0.4092
grp1:S1:IDR2       -0.1616  -0.1597    -0.3471     0.0385 0.094   0.2875
grp1:S2:IDR2        0.0728   0.0731    -0.1232     0.2588 0.486   0.6316
grp1:S1:IDL1        0.3094   0.3121     0.1791     0.4352 0.001   0.0041
grp1:S2:IDL1       -0.1068  -0.1069    -0.2361     0.0297 0.120   0.3198
grp1:IDR1:IDL1      0.3128   0.3152     0.1817     0.4472 0.001   0.0037
grp1:IDR2:IDL1     -0.1478  -0.1491    -0.2819    -0.0201 0.032   0.1688
S1:IDR1:IDL1       -0.4277  -0.4280    -0.6338    -0.2606 0.001   0.0050
S2:IDR1:IDL1        0.1232   0.1222    -0.0518     0.3249 0.246   0.4170
S1:IDR2:IDL1       -0.1360  -0.1333    -0.3043     0.0570 0.140   0.3705
S2:IDR2:IDL1       -0.1776  -0.1786    -0.3577     0.0077 0.052   0.2424
grp1:S1:IDR1:IDL1  -0.1795  -0.1794    -0.3636     0.0169 0.054   0.2374
grp1:S2:IDR1:IDL1   0.1585   0.1560    -0.0410     0.3452 0.126   0.2966
grp1:S1:IDR2:IDL1   0.0553   0.0578    -0.1238     0.2608 0.540   0.7155
grp1:S2:IDR2:IDL1   0.0457   0.0469    -0.1463     0.2177 0.612   0.7636
NULL
       Length Class      Mode
fixed  6      data.frame list
random 7      data.frame list
Analysis of Variance Table
              Df Sum Sq Mean Sq F value
grp            1  0.078  0.0775  0.2197
S              2 29.004 14.5020 41.0900
IDR            2 24.107 12.0536 34.1525
IDL            1 28.845 28.8453 81.7300
grp:S          2  0.123  0.0617  0.1747
grp:IDR        2  1.313  0.6566  1.8604
S:IDR          4 13.947  3.4867  9.8791
grp:IDL        1  2.842  2.8424  8.0536
S:IDL          2  2.597  1.2984  3.6788
IDR:IDL        2 45.522 22.7608 64.4902
grp:S:IDR      4  1.265  0.3161  0.8958
grp:S:IDL      2  3.028  1.5140  4.2899
grp:IDR:IDL    2  3.003  1.5013  4.2539
S:IDR:IDL      4  7.781  1.9452  5.5115
grp:S:IDR:IDL  4  0.931  0.2328  0.6595
Linear mixed model fit by REML 
Formula: get(vname) ~ (1 | pp) + (1 | pp/S) + (1 | pp/IDR) + (1 | pp/IDL) +      (1 | pp/S:IDR:IDL) + grp * S * IDR * IDL 
   Data: mdata 
  AIC  BIC logLik deviance REMLdev
 1570 1767   -739     1398    1478
Random effects:
 Groups       Name        Variance Std.Dev.
 S:IDR:IDL:pp (Intercept) 0.918223 0.95824 
 IDR:pp       (Intercept) 0.451713 0.67210 
 S:pp         (Intercept) 0.097808 0.31274 
 IDL:pp       (Intercept) 0.366235 0.60517 
 pp           (Intercept) 0.054635 0.23374 
 pp           (Intercept) 0.054638 0.23375 
 pp           (Intercept) 0.054636 0.23374 
 pp           (Intercept) 0.054639 0.23375 
 pp           (Intercept) 0.054640 0.23375 
 Residual                 0.352934 0.59408 
Number of obs: 540, groups: S:IDR:IDL:pp, 180; IDR:pp, 30; S:pp, 30; IDL:pp, 20; pp, 10

Fixed effects:
                  Estimate Std. Error t value
(Intercept)        5.20136    0.26399  19.703
grp1               0.12513    0.26399   0.474
S1                -1.16910    0.13428  -8.707
S2                 0.29095    0.13428   2.167
IDR1              -1.25823    0.20402  -6.167
IDR2              -0.34299    0.20402  -1.681
IDL1              -1.40248    0.15513  -9.040
grp1:S1           -0.07934    0.13428  -0.591
grp1:S2            0.03783    0.13428   0.282
grp1:IDR1          0.17112    0.20402   0.839
grp1:IDR2          0.22135    0.20402   1.085
S1:IDR1            0.63491    0.15172   4.185
S2:IDR1           -0.15997    0.15172  -1.054
S1:IDR2            0.20630    0.15172   1.360
S2:IDR2            0.06423    0.15172   0.423
grp1:IDL1         -0.44025    0.15513  -2.838
S1:IDL1            0.28668    0.10728   2.672
S2:IDL1           -0.10007    0.10728  -0.933
IDR1:IDL1          0.86031    0.10728   8.019
IDR2:IDL1          0.31704    0.10728   2.955
grp1:S1:IDR1      -0.03520    0.15172  -0.232
grp1:S2:IDR1      -0.12531    0.15172  -0.826
grp1:S1:IDR2      -0.16156    0.15172  -1.065
grp1:S2:IDR2       0.07280    0.15172   0.480
grp1:S1:IDL1       0.30935    0.10728   2.883
grp1:S2:IDL1      -0.10683    0.10728  -0.996
grp1:IDR1:IDL1     0.31277    0.10728   2.915
grp1:IDR2:IDL1    -0.14785    0.10728  -1.378
S1:IDR1:IDL1      -0.42769    0.15172  -2.819
S2:IDR1:IDL1       0.12323    0.15172   0.812
S1:IDR2:IDL1      -0.13600    0.15172  -0.896
S2:IDR2:IDL1      -0.17758    0.15172  -1.170
grp1:S1:IDR1:IDL1 -0.17948    0.15172  -1.183
grp1:S2:IDR1:IDL1  0.15852    0.15172   1.045
grp1:S1:IDR2:IDL1  0.05534    0.15172   0.365
grp1:S2:IDR2:IDL1  0.04566    0.15172   0.301

Correlation of Fixed Effects:
            (Intr) grp1   S1     S2     IDR1   IDR2   IDL1   gr1:S1 gr1:S2
grp1         0.000                                                        
S1           0.000  0.000                                                 
S2           0.000  0.000 -0.500                                          
IDR1         0.000  0.000  0.000  0.000                                   
IDR2         0.000  0.000  0.000  0.000 -0.500                            
IDL1         0.000  0.000  0.000  0.000  0.000  0.000                     
grp1:S1      0.000  0.000  0.000  0.000  0.000  0.000  0.000              
grp1:S2      0.000  0.000  0.000  0.000  0.000  0.000  0.000 -0.500       
grp1:IDR1    0.000  0.000  0.000  0.000  0.000  0.000  0.000  0.000  0.000
grp1:IDR2    0.000  0.000  0.000  0.000  0.000  0.000  0.000  0.000  0.000
S1:IDR1      0.000  0.000  0.000  0.000  0.000  0.000  0.000  0.000  0.000
S2:IDR1      0.000  0.000  0.000  0.000  0.000  0.000  0.000  0.000  0.000
S1:IDR2      0.000  0.000  0.000  0.000  0.000  0.000  0.000  0.000  0.000
S2:IDR2      0.000  0.000  0.000  0.000  0.000  0.000  0.000  0.000  0.000
grp1:IDL1    0.000  0.000  0.000  0.000  0.000  0.000  0.000  0.000  0.000
S1:IDL1      0.000  0.000  0.000  0.000  0.000  0.000  0.000  0.000  0.000
S2:IDL1      0.000  0.000  0.000  0.000  0.000  0.000  0.000  0.000  0.000
IDR1:IDL1    0.000  0.000  0.000  0.000  0.000  0.000  0.000  0.000  0.000
IDR2:IDL1    0.000  0.000  0.000  0.000  0.000  0.000  0.000  0.000  0.000
gr1:S1:IDR1  0.000  0.000  0.000  0.000  0.000  0.000  0.000  0.000  0.000
gr1:S2:IDR1  0.000  0.000  0.000  0.000  0.000  0.000  0.000  0.000  0.000
gr1:S1:IDR2  0.000  0.000  0.000  0.000  0.000  0.000  0.000  0.000  0.000
gr1:S2:IDR2  0.000  0.000  0.000  0.000  0.000  0.000  0.000  0.000  0.000
gr1:S1:IDL1  0.000  0.000  0.000  0.000  0.000  0.000  0.000  0.000  0.000
gr1:S2:IDL1  0.000  0.000  0.000  0.000  0.000  0.000  0.000  0.000  0.000
g1:IDR1:IDL  0.000  0.000  0.000  0.000  0.000  0.000  0.000  0.000  0.000
g1:IDR2:IDL  0.000  0.000  0.000  0.000  0.000  0.000  0.000  0.000  0.000
S1:IDR1:IDL  0.000  0.000  0.000  0.000  0.000  0.000  0.000  0.000  0.000
S2:IDR1:IDL  0.000  0.000  0.000  0.000  0.000  0.000  0.000  0.000  0.000
S1:IDR2:IDL  0.000  0.000  0.000  0.000  0.000  0.000  0.000  0.000  0.000
S2:IDR2:IDL  0.000  0.000  0.000  0.000  0.000  0.000  0.000  0.000  0.000
g1:S1:IDR1:  0.000  0.000  0.000  0.000  0.000  0.000  0.000  0.000  0.000
g1:S2:IDR1:  0.000  0.000  0.000  0.000  0.000  0.000  0.000  0.000  0.000
g1:S1:IDR2:  0.000  0.000  0.000  0.000  0.000  0.000  0.000  0.000  0.000
g1:S2:IDR2:  0.000  0.000  0.000  0.000  0.000  0.000  0.000  0.000  0.000
            gr1:IDR1 gr1:IDR2 S1:IDR1 S2:IDR1 S1:IDR2 S2:IDR2 g1:IDL S1:IDL
grp1                                                                       
S1                                                                         
S2                                                                         
IDR1                                                                       
IDR2                                                                       
IDL1                                                                       
grp1:S1                                                                    
grp1:S2                                                                    
grp1:IDR1                                                                  
grp1:IDR2   -0.500                                                         
S1:IDR1      0.000    0.000                                                
S2:IDR1      0.000    0.000   -0.500                                       
S1:IDR2      0.000    0.000   -0.500   0.250                               
S2:IDR2      0.000    0.000    0.250  -0.500  -0.500                       
grp1:IDL1    0.000    0.000    0.000   0.000   0.000   0.000               
S1:IDL1      0.000    0.000    0.000   0.000   0.000   0.000   0.000       
S2:IDL1      0.000    0.000    0.000   0.000   0.000   0.000   0.000 -0.500
IDR1:IDL1    0.000    0.000    0.000   0.000   0.000   0.000   0.000  0.000
IDR2:IDL1    0.000    0.000    0.000   0.000   0.000   0.000   0.000  0.000
gr1:S1:IDR1  0.000    0.000    0.000   0.000   0.000   0.000   0.000  0.000
gr1:S2:IDR1  0.000    0.000    0.000   0.000   0.000   0.000   0.000  0.000
gr1:S1:IDR2  0.000    0.000    0.000   0.000   0.000   0.000   0.000  0.000
gr1:S2:IDR2  0.000    0.000    0.000   0.000   0.000   0.000   0.000  0.000
gr1:S1:IDL1  0.000    0.000    0.000   0.000   0.000   0.000   0.000  0.000
gr1:S2:IDL1  0.000    0.000    0.000   0.000   0.000   0.000   0.000  0.000
g1:IDR1:IDL  0.000    0.000    0.000   0.000   0.000   0.000   0.000  0.000
g1:IDR2:IDL  0.000    0.000    0.000   0.000   0.000   0.000   0.000  0.000
S1:IDR1:IDL  0.000    0.000    0.000   0.000   0.000   0.000   0.000  0.000
S2:IDR1:IDL  0.000    0.000    0.000   0.000   0.000   0.000   0.000  0.000
S1:IDR2:IDL  0.000    0.000    0.000   0.000   0.000   0.000   0.000  0.000
S2:IDR2:IDL  0.000    0.000    0.000   0.000   0.000   0.000   0.000  0.000
g1:S1:IDR1:  0.000    0.000    0.000   0.000   0.000   0.000   0.000  0.000
g1:S2:IDR1:  0.000    0.000    0.000   0.000   0.000   0.000   0.000  0.000
g1:S1:IDR2:  0.000    0.000    0.000   0.000   0.000   0.000   0.000  0.000
g1:S2:IDR2:  0.000    0.000    0.000   0.000   0.000   0.000   0.000  0.000
            S2:IDL IDR1:I IDR2:I gr1:S1:IDR1 gr1:S2:IDR1 gr1:S1:IDR2
grp1                                                                
S1                                                                  
S2                                                                  
IDR1                                                                
IDR2                                                                
IDL1                                                                
grp1:S1                                                             
grp1:S2                                                             
grp1:IDR1                                                           
grp1:IDR2                                                           
S1:IDR1                                                             
S2:IDR1                                                             
S1:IDR2                                                             
S2:IDR2                                                             
grp1:IDL1                                                           
S1:IDL1                                                             
S2:IDL1                                                             
IDR1:IDL1    0.000                                                  
IDR2:IDL1    0.000 -0.500                                           
gr1:S1:IDR1  0.000  0.000  0.000                                    
gr1:S2:IDR1  0.000  0.000  0.000 -0.500                             
gr1:S1:IDR2  0.000  0.000  0.000 -0.500       0.250                 
gr1:S2:IDR2  0.000  0.000  0.000  0.250      -0.500      -0.500     
gr1:S1:IDL1  0.000  0.000  0.000  0.000       0.000       0.000     
gr1:S2:IDL1  0.000  0.000  0.000  0.000       0.000       0.000     
g1:IDR1:IDL  0.000  0.000  0.000  0.000       0.000       0.000     
g1:IDR2:IDL  0.000  0.000  0.000  0.000       0.000       0.000     
S1:IDR1:IDL  0.000  0.000  0.000  0.000       0.000       0.000     
S2:IDR1:IDL  0.000  0.000  0.000  0.000       0.000       0.000     
S1:IDR2:IDL  0.000  0.000  0.000  0.000       0.000       0.000     
S2:IDR2:IDL  0.000  0.000  0.000  0.000       0.000       0.000     
g1:S1:IDR1:  0.000  0.000  0.000  0.000       0.000       0.000     
g1:S2:IDR1:  0.000  0.000  0.000  0.000       0.000       0.000     
g1:S1:IDR2:  0.000  0.000  0.000  0.000       0.000       0.000     
g1:S2:IDR2:  0.000  0.000  0.000  0.000       0.000       0.000     
            gr1:S2:IDR2 g1:S1:IDL g1:S2:IDL g1:IDR1: g1:IDR2: S1:IDR1: S2:IDR1:
grp1                                                                           
S1                                                                             
S2                                                                             
IDR1                                                                           
IDR2                                                                           
IDL1                                                                           
grp1:S1                                                                        
grp1:S2                                                                        
grp1:IDR1                                                                      
grp1:IDR2                                                                      
S1:IDR1                                                                        
S2:IDR1                                                                        
S1:IDR2                                                                        
S2:IDR2                                                                        
grp1:IDL1                                                                      
S1:IDL1                                                                        
S2:IDL1                                                                        
IDR1:IDL1                                                                      
IDR2:IDL1                                                                      
gr1:S1:IDR1                                                                    
gr1:S2:IDR1                                                                    
gr1:S1:IDR2                                                                    
gr1:S2:IDR2                                                                    
gr1:S1:IDL1  0.000                                                             
gr1:S2:IDL1  0.000      -0.500                                                 
g1:IDR1:IDL  0.000       0.000     0.000                                       
g1:IDR2:IDL  0.000       0.000     0.000    -0.500                             
S1:IDR1:IDL  0.000       0.000     0.000     0.000    0.000                    
S2:IDR1:IDL  0.000       0.000     0.000     0.000    0.000   -0.500           
S1:IDR2:IDL  0.000       0.000     0.000     0.000    0.000   -0.500    0.250  
S2:IDR2:IDL  0.000       0.000     0.000     0.000    0.000    0.250   -0.500  
g1:S1:IDR1:  0.000       0.000     0.000     0.000    0.000    0.000    0.000  
g1:S2:IDR1:  0.000       0.000     0.000     0.000    0.000    0.000    0.000  
g1:S1:IDR2:  0.000       0.000     0.000     0.000    0.000    0.000    0.000  
g1:S2:IDR2:  0.000       0.000     0.000     0.000    0.000    0.000    0.000  
            S1:IDR2: S2:IDR2: g1:S1:IDR1: g1:S2:IDR1: g1:S1:IDR2:
grp1                                                             
S1                                                               
S2                                                               
IDR1                                                             
IDR2                                                             
IDL1                                                             
grp1:S1                                                          
grp1:S2                                                          
grp1:IDR1                                                        
grp1:IDR2                                                        
S1:IDR1                                                          
S2:IDR1                                                          
S1:IDR2                                                          
S2:IDR2                                                          
grp1:IDL1                                                        
S1:IDL1                                                          
S2:IDL1                                                          
IDR1:IDL1                                                        
IDR2:IDL1                                                        
gr1:S1:IDR1                                                      
gr1:S2:IDR1                                                      
gr1:S1:IDR2                                                      
gr1:S2:IDR2                                                      
gr1:S1:IDL1                                                      
gr1:S2:IDL1                                                      
g1:IDR1:IDL                                                      
g1:IDR2:IDL                                                      
S1:IDR1:IDL                                                      
S2:IDR1:IDL                                                      
S1:IDR2:IDL                                                      
S2:IDR2:IDL -0.500                                               
g1:S1:IDR1:  0.000    0.000                                      
g1:S2:IDR1:  0.000    0.000   -0.500                             
g1:S1:IDR2:  0.000    0.000   -0.500       0.250                 
g1:S2:IDR2:  0.000    0.000    0.250      -0.500      -0.500     
