[1] "vfTrajCircularityL ~S*IDR*IDL*grp + Error(pp/(S*IDR*IDL))"
$ANOVA
          Effect DFn DFd          F            p p<.05         ges
2            grp   1   8  0.5914626 0.4639520712       0.030682814
3              S   2  16  8.1291097 0.0036629984     * 0.128429569
4          grp:S   2  16  0.8732578 0.4365712244       0.015582649
5            IDR   2  16 31.8517227 0.0000026372     * 0.184982128
6        grp:IDR   2  16  1.2130159 0.3232252988       0.008569558
7            IDL   1   8 40.1252418 0.0002243205     * 0.253799459
8        grp:IDL   1   8  0.5544936 0.4777890565       0.004678187
9          S:IDR   4  32  1.7247146 0.1688404384       0.025238349
10     grp:S:IDR   4  32  1.3312424 0.2796608483       0.019593348
11         S:IDL   2  16  0.8758169 0.4355652372       0.007782738
12     grp:S:IDL   2  16  1.3689727 0.2826077761       0.012111970
13       IDR:IDL   2  16 11.0485395 0.0009678910     * 0.073875222
14   grp:IDR:IDL   2  16  1.2733766 0.3067727122       0.009109758
15     S:IDR:IDL   4  32  1.1798111 0.3383016243       0.007685664
16 grp:S:IDR:IDL   4  32  0.2412737 0.9128107610       0.001581402

$`Mauchly's Test for Sphericity`
          Effect          W          p p<.05
3              S 0.32064296 0.01866706     *
4          grp:S 0.32064296 0.01866706     *
5            IDR 0.84331559 0.55076389      
6        grp:IDR 0.84331559 0.55076389      
9          S:IDR 0.04455008 0.02228474     *
10     grp:S:IDR 0.04455008 0.02228474     *
11         S:IDL 0.92801297 0.76990858      
12     grp:S:IDL 0.92801297 0.76990858      
13       IDR:IDL 0.97830436 0.92610231      
14   grp:IDR:IDL 0.97830436 0.92610231      
15     S:IDR:IDL 0.26630189 0.50286078      
16 grp:S:IDR:IDL 0.26630189 0.50286078      

$`Sphericity Corrections`
          Effect       GGe        p[GG] p[GG]<.05       HFe        p[HF]
3              S 0.5954660 1.522592e-02         * 0.6402042 0.0129803366
4          grp:S 0.5954660 3.928688e-01           0.6402042 0.3991762501
5            IDR 0.8645401 1.071161e-05         * 1.0813183 0.0000026372
6        grp:IDR 0.8645401 3.204554e-01           1.0813183 0.3232252988
9          S:IDR 0.5171274 2.083251e-01           0.7003546 0.1927962557
10     grp:S:IDR 0.5171274 2.918145e-01           0.7003546 0.2888093176
11         S:IDL 0.9328471 4.299347e-01           1.2056171 0.4355652372
12     grp:S:IDL 0.9328471 2.829161e-01           1.2056171 0.2826077761
13       IDR:IDL 0.9787651 1.069349e-03         * 1.2923334 0.0009678910
14   grp:IDR:IDL 0.9787651 3.066131e-01           1.2923334 0.3067727122
15     S:IDR:IDL 0.7294494 3.380605e-01           1.1933890 0.3383016243
16 grp:S:IDR:IDL 0.7294494 8.617509e-01           1.1933890 0.9128107610
   p[HF]<.05
3          *
4           
5          *
6           
9           
10          
11          
12          
13         *
14          
15          
16          

