[1] "vfCircularityRrel ~S*IDR*IDL*grp + Error(pp/(S*IDR*IDL))"
$ANOVA
          Effect DFn DFd            F            p p<.05          ges
2            grp   1   8   0.00381762 9.522483e-01       0.0002401586
3              S   2  16   0.74873737 4.888289e-01       0.0071926350
5            IDR   2  16 135.02700942 9.580219e-11     * 0.7108911693
7            IDL   1   8  17.42330770 3.104507e-03     * 0.1109694149
4          grp:S   2  16   2.11098663 1.535931e-01       0.0200169350
6        grp:IDR   2  16   0.87083798 4.375248e-01       0.0156108055
8        grp:IDL   1   8   3.76313249 8.836274e-02       0.0262513926
9          S:IDR   4  32   2.86532201 3.893847e-02     * 0.0426067309
11         S:IDL   2  16   0.61816201 5.513186e-01       0.0040200816
13       IDR:IDL   2  16   4.02978861 3.825216e-02     * 0.0093952850
10     grp:S:IDR   4  32   0.75675629 5.610735e-01       0.0116170456
12     grp:S:IDL   2  16   1.99446190 1.685173e-01       0.0128554848
14   grp:IDR:IDL   2  16   3.77108792 4.551841e-02     * 0.0087974413
15     S:IDR:IDL   4  32   2.71086061 4.736957e-02     * 0.0070307138
16 grp:S:IDR:IDL   4  32   1.15003904 3.510603e-01       0.0029947904

$`Mauchly's Test for Sphericity`
          Effect          W           p p<.05
3              S 0.66777654 0.243337504      
4          grp:S 0.66777654 0.243337504      
5            IDR 0.28931426 0.013025500     *
6        grp:IDR 0.28931426 0.013025500     *
9          S:IDR 0.02448709 0.006130306     *
10     grp:S:IDR 0.02448709 0.006130306     *
11         S:IDL 0.40731689 0.043128413     *
12     grp:S:IDL 0.40731689 0.043128413     *
13       IDR:IDL 0.91762997 0.740178672      
14   grp:IDR:IDL 0.91762997 0.740178672      
15     S:IDR:IDL 0.20343100 0.351337880      
16 grp:S:IDR:IDL 0.20343100 0.351337880      

$`Sphericity Corrections`
          Effect       GGe        p[GG] p[GG]<.05       HFe        p[HF]
3              S 0.7506248 4.571536e-01           0.8856508 4.754274e-01
4          grp:S 0.7506248 1.693078e-01           0.8856508 1.607327e-01
5            IDR 0.5845609 4.775885e-07         * 0.6237921 2.128342e-07
6        grp:IDR 0.5845609 3.919428e-01           0.6237921 3.976443e-01
9          S:IDR 0.4345199 9.608981e-02           0.5446699 8.032366e-02
10     grp:S:IDR 0.4345199 4.700339e-01           0.5446699 4.945369e-01
11         S:IDL 0.6278713 4.858033e-01           0.6896003 4.988635e-01
12     grp:S:IDL 0.6278713 1.895178e-01           0.6896003 1.862099e-01
13       IDR:IDL 0.9238985 4.273072e-02         * 1.1890190 3.825216e-02
14   grp:IDR:IDL 0.9238985 5.030559e-02           1.1890190 4.551841e-02
15     S:IDR:IDL 0.5248211 9.341648e-02           0.7157419 7.085901e-02
16 grp:S:IDR:IDL 0.5248211 3.426952e-01           0.7157419 3.486080e-01
   p[HF]<.05
3           
4           
5          *
6           
9           
10          
11          
12          
13         *
14         *
15          
16          

