                  Estimate MCMCmean HPD95lower HPD95upper pMCMC Pr(>|t|)
(Intercept)         0.3025   0.3036     0.2177     0.3999 0.001   0.0000
grp1               -0.0622  -0.0623    -0.1503     0.0257 0.160   0.0999
S1                 -0.0864  -0.0867    -0.1142    -0.0610 0.001   0.0000
S2                  0.0410   0.0412     0.0138     0.0687 0.008   0.0362
IDR1               -0.2141  -0.2152    -0.2689    -0.1687 0.001   0.0000
IDR2               -0.0558  -0.0540    -0.1009    -0.0054 0.034   0.0575
IDL1               -0.1195  -0.1197    -0.1575    -0.0793 0.001   0.0001
grp1:S1            -0.0004  -0.0002    -0.0294     0.0252 0.996   0.9839
grp1:S2             0.0090   0.0091    -0.0186     0.0350 0.518   0.6457
grp1:IDR1           0.0457   0.0459    -0.0011     0.0942 0.054   0.1194
grp1:IDR2           0.0574   0.0571     0.0056     0.1005 0.014   0.0509
S1:IDR1             0.0886   0.0880     0.0530     0.1266 0.001   0.0014
S2:IDR1            -0.0454  -0.0443    -0.0846    -0.0108 0.028   0.1007
S1:IDR2            -0.0159  -0.0147    -0.0506     0.0201 0.442   0.5651
S2:IDR2             0.0178   0.0167    -0.0220     0.0510 0.384   0.5193
grp1:IDL1          -0.0557  -0.0554    -0.0985    -0.0146 0.018   0.0589
S1:IDL1             0.0161   0.0169    -0.0051     0.0446 0.188   0.4111
S2:IDL1            -0.0324  -0.0327    -0.0569    -0.0069 0.012   0.0974
IDR1:IDL1           0.1147   0.1150     0.0873     0.1410 0.001   0.0000
IDR2:IDL1           0.0300   0.0304     0.0015     0.0558 0.030   0.1247
grp1:S1:IDR1        0.0039   0.0036    -0.0327     0.0384 0.854   0.8865
grp1:S2:IDR1       -0.0051  -0.0048    -0.0424     0.0332 0.788   0.8532
grp1:S1:IDR2       -0.0541  -0.0540    -0.0907    -0.0186 0.002   0.0508
grp1:S2:IDR2        0.0147   0.0155    -0.0164     0.0570 0.396   0.5937
grp1:S1:IDL1        0.0751   0.0753     0.0478     0.1013 0.001   0.0001
grp1:S2:IDL1       -0.0153  -0.0149    -0.0400     0.0110 0.256   0.4341
grp1:IDR1:IDL1      0.0628   0.0626     0.0370     0.0867 0.001   0.0014
grp1:IDR2:IDL1     -0.0312  -0.0311    -0.0556    -0.0052 0.014   0.1103
S1:IDR1:IDL1       -0.0028  -0.0032    -0.0419     0.0315 0.882   0.9184
S2:IDR1:IDL1        0.0336   0.0331    -0.0049     0.0669 0.090   0.2242
S1:IDR2:IDL1        0.0096   0.0096    -0.0263     0.0443 0.604   0.7270
S2:IDR2:IDL1       -0.0261  -0.0264    -0.0655     0.0088 0.182   0.3455
grp1:S1:IDR1:IDL1  -0.0869  -0.0871    -0.1227    -0.0477 0.001   0.0018
grp1:S2:IDR1:IDL1   0.0165   0.0165    -0.0189     0.0525 0.372   0.5513
grp1:S1:IDR2:IDL1   0.0607   0.0613     0.0270     0.0984 0.001   0.0285
grp1:S2:IDR2:IDL1  -0.0077  -0.0088    -0.0410     0.0292 0.636   0.7810
NULL
       Length Class      Mode
fixed  6      data.frame list
random 7      data.frame list
Analysis of Variance Table
              Df  Sum Sq Mean Sq F value
grp            1 0.04438 0.04438  2.7093
S              2 0.32127 0.16063  9.8064
IDR            2 1.54653 0.77327 47.2066
IDL            1 0.27026 0.27026 16.4987
grp:S          2 0.00443 0.00221  0.1351
grp:IDR        2 0.20344 0.10172  6.2098
S:IDR          4 0.19508 0.04877  2.9773
grp:IDL        1 0.05871 0.05871  3.5841
S:IDL          2 0.04517 0.02259  1.3788
IDR:IDL        2 1.00318 0.50159 30.6213
grp:S:IDR      4 0.08565 0.02141  1.3073
grp:S:IDL      2 0.27067 0.13533  8.2619
grp:IDR:IDL    2 0.16920 0.08460  5.1648
S:IDR:IDL      4 0.03281 0.00820  0.5007
grp:S:IDR:IDL  4 0.19470 0.04867  2.9715
Linear mixed model fit by REML 
Formula: get(vname) ~ (1 | pp) + (1 | pp/S) + (1 | pp/IDR) + (1 | pp/IDL) +      (1 | pp/S:IDR:IDL) + grp * S * IDR * IDL 
   Data: mdata 
    AIC   BIC logLik deviance REMLdev
 -43.96 153.5  67.98   -342.7    -136
Random effects:
 Groups       Name        Variance   Std.Dev.  
 S:IDR:IDL:pp (Intercept) 2.8856e-02 1.6987e-01
 IDR:pp       (Intercept) 7.1827e-03 8.4751e-02
 S:pp         (Intercept) 1.2031e-13 3.4686e-07
 IDL:pp       (Intercept) 1.3507e-02 1.1622e-01
 pp           (Intercept) 6.3577e-04 2.5215e-02
 pp           (Intercept) 6.3578e-04 2.5215e-02
 pp           (Intercept) 6.3578e-04 2.5215e-02
 pp           (Intercept) 6.3578e-04 2.5215e-02
 pp           (Intercept) 6.3578e-04 2.5215e-02
 Residual                 1.6380e-02 1.2799e-01
Number of obs: 540, groups: S:IDR:IDL:pp, 180; IDR:pp, 30; S:pp, 30; IDL:pp, 20; pp, 10

Fixed effects:
                    Estimate Std. Error t value
(Intercept)        0.3025487  0.0377255   8.020
grp1              -0.0621777  0.0377255  -1.648
S1                -0.0864384  0.0195266  -4.427
S2                 0.0410083  0.0195266   2.100
IDR1              -0.2140958  0.0293281  -7.300
IDR2              -0.0558276  0.0293281  -1.904
IDL1              -0.1195306  0.0294276  -4.062
grp1:S1           -0.0003948  0.0195266  -0.020
grp1:S2            0.0089822  0.0195266   0.460
grp1:IDR1          0.0457491  0.0293281   1.560
grp1:IDR2          0.0573887  0.0293281   1.957
S1:IDR1            0.0886032  0.0276147   3.209
S2:IDR1           -0.0454140  0.0276147  -1.645
S1:IDR2           -0.0158986  0.0276147  -0.576
S2:IDR2            0.0178091  0.0276147   0.645
grp1:IDL1         -0.0557113  0.0294276  -1.893
S1:IDL1            0.0160636  0.0195266   0.823
S2:IDL1           -0.0324259  0.0195266  -1.661
IDR1:IDL1          0.1147433  0.0195266   5.876
IDR2:IDL1          0.0300282  0.0195266   1.538
grp1:S1:IDR1       0.0039421  0.0276147   0.143
grp1:S2:IDR1      -0.0051123  0.0276147  -0.185
grp1:S1:IDR2      -0.0540577  0.0276147  -1.958
grp1:S2:IDR2       0.0147407  0.0276147   0.534
grp1:S1:IDL1       0.0750969  0.0195266   3.846
grp1:S2:IDL1      -0.0152865  0.0195266  -0.783
grp1:IDR1:IDL1     0.0627575  0.0195266   3.214
grp1:IDR2:IDL1    -0.0312333  0.0195266  -1.600
S1:IDR1:IDL1      -0.0028292  0.0276147  -0.102
S2:IDR1:IDL1       0.0336051  0.0276147   1.217
S1:IDR2:IDL1       0.0096463  0.0276147   0.349
S2:IDR2:IDL1      -0.0260727  0.0276147  -0.944
grp1:S1:IDR1:IDL1 -0.0868883  0.0276147  -3.146
grp1:S2:IDR1:IDL1  0.0164660  0.0276147   0.596
grp1:S1:IDR2:IDL1  0.0606514  0.0276147   2.196
grp1:S2:IDR2:IDL1 -0.0076806  0.0276147  -0.278

Correlation of Fixed Effects:
            (Intr) grp1   S1     S2     IDR1   IDR2   IDL1   gr1:S1 gr1:S2
grp1         0.000                                                        
S1           0.000  0.000                                                 
S2           0.000  0.000 -0.500                                          
IDR1         0.000  0.000  0.000  0.000                                   
IDR2         0.000  0.000  0.000  0.000 -0.500                            
IDL1         0.000  0.000  0.000  0.000  0.000  0.000                     
grp1:S1      0.000  0.000  0.000  0.000  0.000  0.000  0.000              
grp1:S2      0.000  0.000  0.000  0.000  0.000  0.000  0.000 -0.500       
grp1:IDR1    0.000  0.000  0.000  0.000  0.000  0.000  0.000  0.000  0.000
grp1:IDR2    0.000  0.000  0.000  0.000  0.000  0.000  0.000  0.000  0.000
S1:IDR1      0.000  0.000  0.000  0.000  0.000  0.000  0.000  0.000  0.000
S2:IDR1      0.000  0.000  0.000  0.000  0.000  0.000  0.000  0.000  0.000
S1:IDR2      0.000  0.000  0.000  0.000  0.000  0.000  0.000  0.000  0.000
S2:IDR2      0.000  0.000  0.000  0.000  0.000  0.000  0.000  0.000  0.000
grp1:IDL1    0.000  0.000  0.000  0.000  0.000  0.000  0.000  0.000  0.000
S1:IDL1      0.000  0.000  0.000  0.000  0.000  0.000  0.000  0.000  0.000
S2:IDL1      0.000  0.000  0.000  0.000  0.000  0.000  0.000  0.000  0.000
IDR1:IDL1    0.000  0.000  0.000  0.000  0.000  0.000  0.000  0.000  0.000
IDR2:IDL1    0.000  0.000  0.000  0.000  0.000  0.000  0.000  0.000  0.000
gr1:S1:IDR1  0.000  0.000  0.000  0.000  0.000  0.000  0.000  0.000  0.000
gr1:S2:IDR1  0.000  0.000  0.000  0.000  0.000  0.000  0.000  0.000  0.000
gr1:S1:IDR2  0.000  0.000  0.000  0.000  0.000  0.000  0.000  0.000  0.000
gr1:S2:IDR2  0.000  0.000  0.000  0.000  0.000  0.000  0.000  0.000  0.000
gr1:S1:IDL1  0.000  0.000  0.000  0.000  0.000  0.000  0.000  0.000  0.000
gr1:S2:IDL1  0.000  0.000  0.000  0.000  0.000  0.000  0.000  0.000  0.000
g1:IDR1:IDL  0.000  0.000  0.000  0.000  0.000  0.000  0.000  0.000  0.000
g1:IDR2:IDL  0.000  0.000  0.000  0.000  0.000  0.000  0.000  0.000  0.000
S1:IDR1:IDL  0.000  0.000  0.000  0.000  0.000  0.000  0.000  0.000  0.000
S2:IDR1:IDL  0.000  0.000  0.000  0.000  0.000  0.000  0.000  0.000  0.000
S1:IDR2:IDL  0.000  0.000  0.000  0.000  0.000  0.000  0.000  0.000  0.000
S2:IDR2:IDL  0.000  0.000  0.000  0.000  0.000  0.000  0.000  0.000  0.000
g1:S1:IDR1:  0.000  0.000  0.000  0.000  0.000  0.000  0.000  0.000  0.000
g1:S2:IDR1:  0.000  0.000  0.000  0.000  0.000  0.000  0.000  0.000  0.000
g1:S1:IDR2:  0.000  0.000  0.000  0.000  0.000  0.000  0.000  0.000  0.000
g1:S2:IDR2:  0.000  0.000  0.000  0.000  0.000  0.000  0.000  0.000  0.000
            gr1:IDR1 gr1:IDR2 S1:IDR1 S2:IDR1 S1:IDR2 S2:IDR2 g1:IDL S1:IDL
grp1                                                                       
S1                                                                         
S2                                                                         
IDR1                                                                       
IDR2                                                                       
IDL1                                                                       
grp1:S1                                                                    
grp1:S2                                                                    
grp1:IDR1                                                                  
grp1:IDR2   -0.500                                                         
S1:IDR1      0.000    0.000                                                
S2:IDR1      0.000    0.000   -0.500                                       
S1:IDR2      0.000    0.000   -0.500   0.250                               
S2:IDR2      0.000    0.000    0.250  -0.500  -0.500                       
grp1:IDL1    0.000    0.000    0.000   0.000   0.000   0.000               
S1:IDL1      0.000    0.000    0.000   0.000   0.000   0.000   0.000       
S2:IDL1      0.000    0.000    0.000   0.000   0.000   0.000   0.000 -0.500
IDR1:IDL1    0.000    0.000    0.000   0.000   0.000   0.000   0.000  0.000
IDR2:IDL1    0.000    0.000    0.000   0.000   0.000   0.000   0.000  0.000
gr1:S1:IDR1  0.000    0.000    0.000   0.000   0.000   0.000   0.000  0.000
gr1:S2:IDR1  0.000    0.000    0.000   0.000   0.000   0.000   0.000  0.000
gr1:S1:IDR2  0.000    0.000    0.000   0.000   0.000   0.000   0.000  0.000
gr1:S2:IDR2  0.000    0.000    0.000   0.000   0.000   0.000   0.000  0.000
gr1:S1:IDL1  0.000    0.000    0.000   0.000   0.000   0.000   0.000  0.000
gr1:S2:IDL1  0.000    0.000    0.000   0.000   0.000   0.000   0.000  0.000
g1:IDR1:IDL  0.000    0.000    0.000   0.000   0.000   0.000   0.000  0.000
g1:IDR2:IDL  0.000    0.000    0.000   0.000   0.000   0.000   0.000  0.000
S1:IDR1:IDL  0.000    0.000    0.000   0.000   0.000   0.000   0.000  0.000
S2:IDR1:IDL  0.000    0.000    0.000   0.000   0.000   0.000   0.000  0.000
S1:IDR2:IDL  0.000    0.000    0.000   0.000   0.000   0.000   0.000  0.000
S2:IDR2:IDL  0.000    0.000    0.000   0.000   0.000   0.000   0.000  0.000
g1:S1:IDR1:  0.000    0.000    0.000   0.000   0.000   0.000   0.000  0.000
g1:S2:IDR1:  0.000    0.000    0.000   0.000   0.000   0.000   0.000  0.000
g1:S1:IDR2:  0.000    0.000    0.000   0.000   0.000   0.000   0.000  0.000
g1:S2:IDR2:  0.000    0.000    0.000   0.000   0.000   0.000   0.000  0.000
            S2:IDL IDR1:I IDR2:I gr1:S1:IDR1 gr1:S2:IDR1 gr1:S1:IDR2
grp1                                                                
S1                                                                  
S2                                                                  
IDR1                                                                
IDR2                                                                
IDL1                                                                
grp1:S1                                                             
grp1:S2                                                             
grp1:IDR1                                                           
grp1:IDR2                                                           
S1:IDR1                                                             
S2:IDR1                                                             
S1:IDR2                                                             
S2:IDR2                                                             
grp1:IDL1                                                           
S1:IDL1                                                             
S2:IDL1                                                             
IDR1:IDL1    0.000                                                  
IDR2:IDL1    0.000 -0.500                                           
gr1:S1:IDR1  0.000  0.000  0.000                                    
gr1:S2:IDR1  0.000  0.000  0.000 -0.500                             
gr1:S1:IDR2  0.000  0.000  0.000 -0.500       0.250                 
gr1:S2:IDR2  0.000  0.000  0.000  0.250      -0.500      -0.500     
gr1:S1:IDL1  0.000  0.000  0.000  0.000       0.000       0.000     
gr1:S2:IDL1  0.000  0.000  0.000  0.000       0.000       0.000     
g1:IDR1:IDL  0.000  0.000  0.000  0.000       0.000       0.000     
g1:IDR2:IDL  0.000  0.000  0.000  0.000       0.000       0.000     
S1:IDR1:IDL  0.000  0.000  0.000  0.000       0.000       0.000     
S2:IDR1:IDL  0.000  0.000  0.000  0.000       0.000       0.000     
S1:IDR2:IDL  0.000  0.000  0.000  0.000       0.000       0.000     
S2:IDR2:IDL  0.000  0.000  0.000  0.000       0.000       0.000     
g1:S1:IDR1:  0.000  0.000  0.000  0.000       0.000       0.000     
g1:S2:IDR1:  0.000  0.000  0.000  0.000       0.000       0.000     
g1:S1:IDR2:  0.000  0.000  0.000  0.000       0.000       0.000     
g1:S2:IDR2:  0.000  0.000  0.000  0.000       0.000       0.000     
            gr1:S2:IDR2 g1:S1:IDL g1:S2:IDL g1:IDR1: g1:IDR2: S1:IDR1: S2:IDR1:
grp1                                                                           
S1                                                                             
S2                                                                             
IDR1                                                                           
IDR2                                                                           
IDL1                                                                           
grp1:S1                                                                        
grp1:S2                                                                        
grp1:IDR1                                                                      
grp1:IDR2                                                                      
S1:IDR1                                                                        
S2:IDR1                                                                        
S1:IDR2                                                                        
S2:IDR2                                                                        
grp1:IDL1                                                                      
S1:IDL1                                                                        
S2:IDL1                                                                        
IDR1:IDL1                                                                      
IDR2:IDL1                                                                      
gr1:S1:IDR1                                                                    
gr1:S2:IDR1                                                                    
gr1:S1:IDR2                                                                    
gr1:S2:IDR2                                                                    
gr1:S1:IDL1  0.000                                                             
gr1:S2:IDL1  0.000      -0.500                                                 
g1:IDR1:IDL  0.000       0.000     0.000                                       
g1:IDR2:IDL  0.000       0.000     0.000    -0.500                             
S1:IDR1:IDL  0.000       0.000     0.000     0.000    0.000                    
S2:IDR1:IDL  0.000       0.000     0.000     0.000    0.000   -0.500           
S1:IDR2:IDL  0.000       0.000     0.000     0.000    0.000   -0.500    0.250  
S2:IDR2:IDL  0.000       0.000     0.000     0.000    0.000    0.250   -0.500  
g1:S1:IDR1:  0.000       0.000     0.000     0.000    0.000    0.000    0.000  
g1:S2:IDR1:  0.000       0.000     0.000     0.000    0.000    0.000    0.000  
g1:S1:IDR2:  0.000       0.000     0.000     0.000    0.000    0.000    0.000  
g1:S2:IDR2:  0.000       0.000     0.000     0.000    0.000    0.000    0.000  
            S1:IDR2: S2:IDR2: g1:S1:IDR1: g1:S2:IDR1: g1:S1:IDR2:
grp1                                                             
S1                                                               
S2                                                               
IDR1                                                             
IDR2                                                             
IDL1                                                             
grp1:S1                                                          
grp1:S2                                                          
grp1:IDR1                                                        
grp1:IDR2                                                        
S1:IDR1                                                          
S2:IDR1                                                          
S1:IDR2                                                          
S2:IDR2                                                          
grp1:IDL1                                                        
S1:IDL1                                                          
S2:IDL1                                                          
IDR1:IDL1                                                        
IDR2:IDL1                                                        
gr1:S1:IDR1                                                      
gr1:S2:IDR1                                                      
gr1:S1:IDR2                                                      
gr1:S2:IDR2                                                      
gr1:S1:IDL1                                                      
gr1:S2:IDL1                                                      
g1:IDR1:IDL                                                      
g1:IDR2:IDL                                                      
S1:IDR1:IDL                                                      
S2:IDR1:IDL                                                      
S1:IDR2:IDL                                                      
S2:IDR2:IDL -0.500                                               
g1:S1:IDR1:  0.000    0.000                                      
g1:S2:IDR1:  0.000    0.000   -0.500                             
g1:S1:IDR2:  0.000    0.000   -0.500       0.250                 
g1:S2:IDR2:  0.000    0.000    0.250      -0.500      -0.500     
