[1] "Summary by group"
  grp vfCircularityRrel.m vfCircularityRrel.s
1   C           0.9703136           0.1696504
2   U           0.9956788           0.1518789
[1] "Summary by session\n"
  S vfCircularityRrel.m vfCircularityRrel.s
1 1           0.9515227           0.1449289
2 2           0.9963256           0.1400625
3 3           1.0011404           0.1904601
[1] "Summary by IDR+IDR\n"
  IDL IDR vfCircularityRrel.m vfCircularityRrel.s
1   D   D           1.0428525           0.1745965
2   D   M           0.9175779           0.1436200
3   D   E           0.8929204           0.1206818
4   E   D           1.0363734           0.1673439
5   E   M           0.9817260           0.1310491
6   E   E           1.0265270           0.1608708
[1] "Summary by group + Session\n"
  grp S vfCircularityRrel.m vfCircularityRrel.s
1   C 1           0.9248007           0.1542958
2   C 2           0.9711290           0.1360864
3   C 3           1.0150113           0.2013658
4   U 1           0.9782448           0.1303586
5   U 2           1.0215221           0.1401854
6   U 3           0.9872694           0.1789424
[1] "Summary by Session + IDR + IDL \n"
   S IDL IDR vfCircularityRrel.m vfCircularityRrel.s
1  1   D   D           1.0486075          0.15692556
2  1   D   M           0.9123632          0.14239270
3  1   D   E           0.8442301          0.11626332
4  1   E   D           0.9844776          0.13720273
5  1   E   M           0.9522819          0.14363344
6  1   E   E           0.9671762          0.08456387
7  2   D   D           1.0461110          0.15009435
8  2   D   M           0.9472475          0.12663067
9  2   D   E           0.8898651          0.12490089
10 2   E   D           1.0641814          0.15498633
11 2   E   M           1.0160882          0.09974870
12 2   E   E           1.0144602          0.10327191
13 3   D   D           1.0338390          0.21510669
14 3   D   M           0.8931231          0.15948107
15 3   D   E           0.9446660          0.10172127
16 3   E   D           1.0604614          0.19726031
17 3   E   M           0.9768080          0.14135867
18 3   E   E           1.0979447          0.22920710
[1] "Summary by group + IDR + IDL\n"
   grp IDL IDR vfCircularityRrel.m vfCircularityRrel.s
1    C   D   D           1.0427816           0.1968149
2    C   D   M           0.8838842           0.1268514
3    C   D   E           0.8666655           0.1176450
4    C   E   D           1.0294575           0.1726073
5    C   E   M           0.9601694           0.1218086
6    C   E   E           1.0389237           0.1736806
7    U   D   D           1.0429234           0.1514086
8    U   D   M           0.9512717           0.1526721
9    U   D   E           0.9191753           0.1192009
10   U   E   D           1.0432893           0.1635643
11   U   E   M           1.0032827           0.1376597
12   U   E   E           1.0141304           0.1478773
[1] "Summary by group + Session + IDR + IDL\n"
   grp S IDL IDR vfCircularityRrel.m vfCircularityRrel.s
1    C 1   D   D           1.0244173          0.19598647
2    C 1   D   M           0.8676636          0.13334118
3    C 1   D   E           0.8282838          0.12461148
4    C 1   E   D           0.9731113          0.14476269
5    C 1   E   M           0.8891869          0.15047170
6    C 1   E   E           0.9661410          0.07891469
7    C 2   D   D           1.0113373          0.13337953
8    C 2   D   M           0.8900086          0.11345706
9    C 2   D   E           0.8577942          0.10369811
10   C 2   E   D           1.0023353          0.17065284
11   C 2   E   M           0.9984123          0.08829561
12   C 2   E   E           1.0668863          0.07201593
13   C 3   D   D           1.0925901          0.24791611
14   C 3   D   M           0.8939804          0.13960280
15   C 3   D   E           0.9139185          0.11472527
16   C 3   E   D           1.1129260          0.17861386
17   C 3   E   M           0.9929089          0.08988858
18   C 3   E   E           1.0837438          0.27335793
19   U 1   D   D           1.0727977          0.10651576
20   U 1   D   M           0.9570629          0.14120270
21   U 1   D   E           0.8601764          0.10921042
22   U 1   E   D           0.9958438          0.13326934
23   U 1   E   M           1.0153768          0.10752836
24   U 1   E   E           0.9682114          0.09264481
25   U 2   D   D           1.0808846          0.16212506
26   U 2   D   M           1.0044864          0.11542488
27   U 2   D   E           0.9219361          0.13913102
28   U 2   E   D           1.1260275          0.11152850
29   U 2   E   M           1.0337641          0.11020291
30   U 2   E   E           0.9620340          0.10495728
31   U 3   D   D           0.9750879          0.16428015
32   U 3   D   M           0.8922657          0.18219396
33   U 3   D   E           0.9754135          0.07903013
34   U 3   E   D           1.0079967          0.20688515
35   U 3   E   M           0.9607071          0.18098724
36   U 3   E   E           1.1121457          0.18348747
