                  Estimate MCMCmean HPD95lower HPD95upper pMCMC Pr(>|t|)
(Intercept)         0.3614   0.3623     0.2871     0.4363 0.001   0.0000
grp1               -0.0528  -0.0539    -0.1344     0.0226 0.180   0.1647
S1                 -0.0932  -0.0933    -0.1234    -0.0675 0.001   0.0000
S2                  0.0245   0.0247    -0.0048     0.0516 0.090   0.1807
IDR1               -0.2839  -0.2844    -0.3259    -0.2433 0.001   0.0000
IDR2                0.0136   0.0130    -0.0263     0.0574 0.530   0.6014
IDL1               -0.1718  -0.1718    -0.2098    -0.1344 0.001   0.0000
grp1:S1             0.0092   0.0092    -0.0190     0.0371 0.522   0.6153
grp1:S2             0.0136   0.0131    -0.0180     0.0385 0.366   0.4578
grp1:IDR1           0.0443   0.0438     0.0043     0.0907 0.048   0.0893
grp1:IDR2           0.0251   0.0244    -0.0213     0.0631 0.270   0.3347
S1:IDR1             0.0787   0.0783     0.0423     0.1105 0.001   0.0025
S2:IDR1            -0.0175  -0.0166    -0.0529     0.0136 0.342   0.4990
S1:IDR2            -0.0635  -0.0627    -0.0963    -0.0293 0.002   0.0145
S2:IDR2             0.0049   0.0046    -0.0311     0.0394 0.752   0.8485
grp1:IDL1          -0.0688  -0.0689    -0.1044    -0.0348 0.001   0.0049
S1:IDL1             0.0046   0.0041    -0.0204     0.0253 0.746   0.8010
S2:IDL1            -0.0235  -0.0236    -0.0468     0.0007 0.058   0.2006
IDR1:IDL1           0.1510   0.1507     0.1261     0.1728 0.001   0.0000
IDR2:IDL1          -0.0059  -0.0053    -0.0275     0.0169 0.646   0.7468
grp1:S1:IDR1        0.0013   0.0012    -0.0315     0.0348 0.964   0.9608
grp1:S2:IDR1       -0.0248  -0.0248    -0.0542     0.0111 0.156   0.3388
grp1:S1:IDR2       -0.0338  -0.0339    -0.0684     0.0004 0.058   0.1920
grp1:S2:IDR2        0.0406   0.0414     0.0085     0.0794 0.014   0.1172
grp1:S1:IDL1        0.0744   0.0741     0.0491     0.0978 0.001   0.0001
grp1:S2:IDL1       -0.0104  -0.0095    -0.0322     0.0138 0.440   0.5712
grp1:IDR1:IDL1      0.0829   0.0830     0.0593     0.1071 0.001   0.0000
grp1:IDR2:IDL1     -0.0347  -0.0351    -0.0594    -0.0130 0.012   0.0587
S1:IDR1:IDL1        0.0144   0.0151    -0.0166     0.0477 0.378   0.5776
S2:IDR1:IDL1        0.0176   0.0168    -0.0194     0.0469 0.328   0.4974
S1:IDR2:IDL1        0.0512   0.0514     0.0204     0.0871 0.004   0.0483
S2:IDR2:IDL1       -0.0412  -0.0411    -0.0737    -0.0089 0.012   0.1121
grp1:S1:IDR1:IDL1  -0.0777  -0.0782    -0.1116    -0.0450 0.001   0.0028
grp1:S2:IDR1:IDL1   0.0172   0.0174    -0.0143     0.0494 0.286   0.5057
grp1:S1:IDR2:IDL1   0.0451   0.0461     0.0139     0.0794 0.006   0.0820
grp1:S2:IDR2:IDL1  -0.0060  -0.0062    -0.0353     0.0271 0.712   0.8179
NULL
       Length Class      Mode
fixed  6      data.frame list
random 7      data.frame list
Analysis of Variance Table
              Df  Sum Sq Mean Sq F value
grp            1 0.02485 0.02485  1.9229
S              2 0.36069 0.18035 13.9534
IDR            2 1.96273 0.98136 75.9283
IDL            1 0.64259 0.64259 49.7171
grp:S          2 0.02031 0.01015  0.7856
grp:IDR        2 0.09435 0.04717  3.6499
S:IDR          4 0.15534 0.03883  3.0046
grp:IDL        1 0.10299 0.10299  7.9687
S:IDL          2 0.02383 0.01192  0.9220
IDR:IDL        2 1.13017 0.56509 43.7208
grp:S:IDR      4 0.04799 0.01200  0.9283
grp:S:IDL      2 0.25082 0.12541  9.7032
grp:IDR:IDL    2 0.26784 0.13392 10.3614
S:IDR:IDL      4 0.10801 0.02700  2.0892
grp:S:IDR:IDL  4 0.13056 0.03264  2.5253
Linear mixed model fit by REML 
Formula: get(vname) ~ (1 | pp) + (1 | pp/S) + (1 | pp/IDR) + (1 | pp/IDL) +      (1 | pp/S:IDR:IDL) + grp * S * IDR * IDL 
   Data: mdata 
    AIC   BIC logLik deviance REMLdev
 -150.6 46.79  121.3   -454.7  -242.6
Random effects:
 Groups       Name        Variance  Std.Dev.
 S:IDR:IDL:pp (Intercept) 0.0258222 0.160693
 IDR:pp       (Intercept) 0.0051126 0.071502
 S:pp         (Intercept) 0.0000000 0.000000
 IDL:pp       (Intercept) 0.0085294 0.092355
 pp           (Intercept) 0.0013488 0.036726
 pp           (Intercept) 0.0013488 0.036726
 pp           (Intercept) 0.0013488 0.036726
 pp           (Intercept) 0.0013488 0.036726
 pp           (Intercept) 0.0013488 0.036726
 Residual                 0.0129249 0.113688
Number of obs: 540, groups: S:IDR:IDL:pp, 180; IDR:pp, 30; S:pp, 30; IDL:pp, 20; pp, 10

Fixed effects:
                   Estimate Std. Error t value
(Intercept)        0.361440   0.037928   9.530
grp1              -0.052774   0.037928  -1.391
S1                -0.093231   0.018297  -5.095
S2                 0.024525   0.018297   1.340
IDR1              -0.283938   0.025993 -10.924
IDR2               0.013585   0.025993   0.523
IDL1              -0.171829   0.024369  -7.051
grp1:S1            0.009199   0.018297   0.503
grp1:S2            0.013594   0.018297   0.743
grp1:IDR1          0.044251   0.025993   1.702
grp1:IDR2          0.025101   0.025993   0.966
S1:IDR1            0.078668   0.025876   3.040
S2:IDR1           -0.017508   0.025876  -0.677
S1:IDR2           -0.063455   0.025876  -2.452
S2:IDR2            0.004947   0.025876   0.191
grp1:IDL1         -0.068792   0.024369  -2.823
S1:IDL1            0.004613   0.018297   0.252
S2:IDL1           -0.023450   0.018297  -1.282
IDR1:IDL1          0.151041   0.018297   8.255
IDR2:IDL1         -0.005910   0.018297  -0.323
grp1:S1:IDR1       0.001272   0.025876   0.049
grp1:S2:IDR1      -0.024776   0.025876  -0.957
grp1:S1:IDR2      -0.033806   0.025876  -1.306
grp1:S2:IDR2       0.040607   0.025876   1.569
grp1:S1:IDL1       0.074409   0.018297   4.067
grp1:S2:IDL1      -0.010369   0.018297  -0.567
grp1:IDR1:IDL1     0.082923   0.018297   4.532
grp1:IDR2:IDL1    -0.034671   0.018297  -1.895
S1:IDR1:IDL1       0.014421   0.025876   0.557
S2:IDR1:IDL1       0.017570   0.025876   0.679
S1:IDR2:IDL1       0.051211   0.025876   1.979
S2:IDR2:IDL1      -0.041180   0.025876  -1.591
grp1:S1:IDR1:IDL1 -0.077651   0.025876  -3.001
grp1:S2:IDR1:IDL1  0.017233   0.025876   0.666
grp1:S1:IDR2:IDL1  0.045092   0.025876   1.743
grp1:S2:IDR2:IDL1 -0.005962   0.025876  -0.230

Correlation of Fixed Effects:
            (Intr) grp1   S1     S2     IDR1   IDR2   IDL1   gr1:S1 gr1:S2
grp1         0.000                                                        
S1           0.000  0.000                                                 
S2           0.000  0.000 -0.500                                          
IDR1         0.000  0.000  0.000  0.000                                   
IDR2         0.000  0.000  0.000  0.000 -0.500                            
IDL1         0.000  0.000  0.000  0.000  0.000  0.000                     
grp1:S1      0.000  0.000  0.000  0.000  0.000  0.000  0.000              
grp1:S2      0.000  0.000  0.000  0.000  0.000  0.000  0.000 -0.500       
grp1:IDR1    0.000  0.000  0.000  0.000  0.000  0.000  0.000  0.000  0.000
grp1:IDR2    0.000  0.000  0.000  0.000  0.000  0.000  0.000  0.000  0.000
S1:IDR1      0.000  0.000  0.000  0.000  0.000  0.000  0.000  0.000  0.000
S2:IDR1      0.000  0.000  0.000  0.000  0.000  0.000  0.000  0.000  0.000
S1:IDR2      0.000  0.000  0.000  0.000  0.000  0.000  0.000  0.000  0.000
S2:IDR2      0.000  0.000  0.000  0.000  0.000  0.000  0.000  0.000  0.000
grp1:IDL1    0.000  0.000  0.000  0.000  0.000  0.000  0.000  0.000  0.000
S1:IDL1      0.000  0.000  0.000  0.000  0.000  0.000  0.000  0.000  0.000
S2:IDL1      0.000  0.000  0.000  0.000  0.000  0.000  0.000  0.000  0.000
IDR1:IDL1    0.000  0.000  0.000  0.000  0.000  0.000  0.000  0.000  0.000
IDR2:IDL1    0.000  0.000  0.000  0.000  0.000  0.000  0.000  0.000  0.000
gr1:S1:IDR1  0.000  0.000  0.000  0.000  0.000  0.000  0.000  0.000  0.000
gr1:S2:IDR1  0.000  0.000  0.000  0.000  0.000  0.000  0.000  0.000  0.000
gr1:S1:IDR2  0.000  0.000  0.000  0.000  0.000  0.000  0.000  0.000  0.000
gr1:S2:IDR2  0.000  0.000  0.000  0.000  0.000  0.000  0.000  0.000  0.000
gr1:S1:IDL1  0.000  0.000  0.000  0.000  0.000  0.000  0.000  0.000  0.000
gr1:S2:IDL1  0.000  0.000  0.000  0.000  0.000  0.000  0.000  0.000  0.000
g1:IDR1:IDL  0.000  0.000  0.000  0.000  0.000  0.000  0.000  0.000  0.000
g1:IDR2:IDL  0.000  0.000  0.000  0.000  0.000  0.000  0.000  0.000  0.000
S1:IDR1:IDL  0.000  0.000  0.000  0.000  0.000  0.000  0.000  0.000  0.000
S2:IDR1:IDL  0.000  0.000  0.000  0.000  0.000  0.000  0.000  0.000  0.000
S1:IDR2:IDL  0.000  0.000  0.000  0.000  0.000  0.000  0.000  0.000  0.000
S2:IDR2:IDL  0.000  0.000  0.000  0.000  0.000  0.000  0.000  0.000  0.000
g1:S1:IDR1:  0.000  0.000  0.000  0.000  0.000  0.000  0.000  0.000  0.000
g1:S2:IDR1:  0.000  0.000  0.000  0.000  0.000  0.000  0.000  0.000  0.000
g1:S1:IDR2:  0.000  0.000  0.000  0.000  0.000  0.000  0.000  0.000  0.000
g1:S2:IDR2:  0.000  0.000  0.000  0.000  0.000  0.000  0.000  0.000  0.000
            gr1:IDR1 gr1:IDR2 S1:IDR1 S2:IDR1 S1:IDR2 S2:IDR2 g1:IDL S1:IDL
grp1                                                                       
S1                                                                         
S2                                                                         
IDR1                                                                       
IDR2                                                                       
IDL1                                                                       
grp1:S1                                                                    
grp1:S2                                                                    
grp1:IDR1                                                                  
grp1:IDR2   -0.500                                                         
S1:IDR1      0.000    0.000                                                
S2:IDR1      0.000    0.000   -0.500                                       
S1:IDR2      0.000    0.000   -0.500   0.250                               
S2:IDR2      0.000    0.000    0.250  -0.500  -0.500                       
grp1:IDL1    0.000    0.000    0.000   0.000   0.000   0.000               
S1:IDL1      0.000    0.000    0.000   0.000   0.000   0.000   0.000       
S2:IDL1      0.000    0.000    0.000   0.000   0.000   0.000   0.000 -0.500
IDR1:IDL1    0.000    0.000    0.000   0.000   0.000   0.000   0.000  0.000
IDR2:IDL1    0.000    0.000    0.000   0.000   0.000   0.000   0.000  0.000
gr1:S1:IDR1  0.000    0.000    0.000   0.000   0.000   0.000   0.000  0.000
gr1:S2:IDR1  0.000    0.000    0.000   0.000   0.000   0.000   0.000  0.000
gr1:S1:IDR2  0.000    0.000    0.000   0.000   0.000   0.000   0.000  0.000
gr1:S2:IDR2  0.000    0.000    0.000   0.000   0.000   0.000   0.000  0.000
gr1:S1:IDL1  0.000    0.000    0.000   0.000   0.000   0.000   0.000  0.000
gr1:S2:IDL1  0.000    0.000    0.000   0.000   0.000   0.000   0.000  0.000
g1:IDR1:IDL  0.000    0.000    0.000   0.000   0.000   0.000   0.000  0.000
g1:IDR2:IDL  0.000    0.000    0.000   0.000   0.000   0.000   0.000  0.000
S1:IDR1:IDL  0.000    0.000    0.000   0.000   0.000   0.000   0.000  0.000
S2:IDR1:IDL  0.000    0.000    0.000   0.000   0.000   0.000   0.000  0.000
S1:IDR2:IDL  0.000    0.000    0.000   0.000   0.000   0.000   0.000  0.000
S2:IDR2:IDL  0.000    0.000    0.000   0.000   0.000   0.000   0.000  0.000
g1:S1:IDR1:  0.000    0.000    0.000   0.000   0.000   0.000   0.000  0.000
g1:S2:IDR1:  0.000    0.000    0.000   0.000   0.000   0.000   0.000  0.000
g1:S1:IDR2:  0.000    0.000    0.000   0.000   0.000   0.000   0.000  0.000
g1:S2:IDR2:  0.000    0.000    0.000   0.000   0.000   0.000   0.000  0.000
            S2:IDL IDR1:I IDR2:I gr1:S1:IDR1 gr1:S2:IDR1 gr1:S1:IDR2
grp1                                                                
S1                                                                  
S2                                                                  
IDR1                                                                
IDR2                                                                
IDL1                                                                
grp1:S1                                                             
grp1:S2                                                             
grp1:IDR1                                                           
grp1:IDR2                                                           
S1:IDR1                                                             
S2:IDR1                                                             
S1:IDR2                                                             
S2:IDR2                                                             
grp1:IDL1                                                           
S1:IDL1                                                             
S2:IDL1                                                             
IDR1:IDL1    0.000                                                  
IDR2:IDL1    0.000 -0.500                                           
gr1:S1:IDR1  0.000  0.000  0.000                                    
gr1:S2:IDR1  0.000  0.000  0.000 -0.500                             
gr1:S1:IDR2  0.000  0.000  0.000 -0.500       0.250                 
gr1:S2:IDR2  0.000  0.000  0.000  0.250      -0.500      -0.500     
gr1:S1:IDL1  0.000  0.000  0.000  0.000       0.000       0.000     
gr1:S2:IDL1  0.000  0.000  0.000  0.000       0.000       0.000     
g1:IDR1:IDL  0.000  0.000  0.000  0.000       0.000       0.000     
g1:IDR2:IDL  0.000  0.000  0.000  0.000       0.000       0.000     
S1:IDR1:IDL  0.000  0.000  0.000  0.000       0.000       0.000     
S2:IDR1:IDL  0.000  0.000  0.000  0.000       0.000       0.000     
S1:IDR2:IDL  0.000  0.000  0.000  0.000       0.000       0.000     
S2:IDR2:IDL  0.000  0.000  0.000  0.000       0.000       0.000     
g1:S1:IDR1:  0.000  0.000  0.000  0.000       0.000       0.000     
g1:S2:IDR1:  0.000  0.000  0.000  0.000       0.000       0.000     
g1:S1:IDR2:  0.000  0.000  0.000  0.000       0.000       0.000     
g1:S2:IDR2:  0.000  0.000  0.000  0.000       0.000       0.000     
            gr1:S2:IDR2 g1:S1:IDL g1:S2:IDL g1:IDR1: g1:IDR2: S1:IDR1: S2:IDR1:
grp1                                                                           
S1                                                                             
S2                                                                             
IDR1                                                                           
IDR2                                                                           
IDL1                                                                           
grp1:S1                                                                        
grp1:S2                                                                        
grp1:IDR1                                                                      
grp1:IDR2                                                                      
S1:IDR1                                                                        
S2:IDR1                                                                        
S1:IDR2                                                                        
S2:IDR2                                                                        
grp1:IDL1                                                                      
S1:IDL1                                                                        
S2:IDL1                                                                        
IDR1:IDL1                                                                      
IDR2:IDL1                                                                      
gr1:S1:IDR1                                                                    
gr1:S2:IDR1                                                                    
gr1:S1:IDR2                                                                    
gr1:S2:IDR2                                                                    
gr1:S1:IDL1  0.000                                                             
gr1:S2:IDL1  0.000      -0.500                                                 
g1:IDR1:IDL  0.000       0.000     0.000                                       
g1:IDR2:IDL  0.000       0.000     0.000    -0.500                             
S1:IDR1:IDL  0.000       0.000     0.000     0.000    0.000                    
S2:IDR1:IDL  0.000       0.000     0.000     0.000    0.000   -0.500           
S1:IDR2:IDL  0.000       0.000     0.000     0.000    0.000   -0.500    0.250  
S2:IDR2:IDL  0.000       0.000     0.000     0.000    0.000    0.250   -0.500  
g1:S1:IDR1:  0.000       0.000     0.000     0.000    0.000    0.000    0.000  
g1:S2:IDR1:  0.000       0.000     0.000     0.000    0.000    0.000    0.000  
g1:S1:IDR2:  0.000       0.000     0.000     0.000    0.000    0.000    0.000  
g1:S2:IDR2:  0.000       0.000     0.000     0.000    0.000    0.000    0.000  
            S1:IDR2: S2:IDR2: g1:S1:IDR1: g1:S2:IDR1: g1:S1:IDR2:
grp1                                                             
S1                                                               
S2                                                               
IDR1                                                             
IDR2                                                             
IDL1                                                             
grp1:S1                                                          
grp1:S2                                                          
grp1:IDR1                                                        
grp1:IDR2                                                        
S1:IDR1                                                          
S2:IDR1                                                          
S1:IDR2                                                          
S2:IDR2                                                          
grp1:IDL1                                                        
S1:IDL1                                                          
S2:IDL1                                                          
IDR1:IDL1                                                        
IDR2:IDL1                                                        
gr1:S1:IDR1                                                      
gr1:S2:IDR1                                                      
gr1:S1:IDR2                                                      
gr1:S2:IDR2                                                      
gr1:S1:IDL1                                                      
gr1:S2:IDL1                                                      
g1:IDR1:IDL                                                      
g1:IDR2:IDL                                                      
S1:IDR1:IDL                                                      
S2:IDR1:IDL                                                      
S1:IDR2:IDL                                                      
S2:IDR2:IDL -0.500                                               
g1:S1:IDR1:  0.000    0.000                                      
g1:S2:IDR1:  0.000    0.000   -0.500                             
g1:S1:IDR2:  0.000    0.000   -0.500       0.250                 
g1:S2:IDR2:  0.000    0.000    0.250      -0.500      -0.500     
