[1] "Rf ~(S*IDR*IDL*grp)+Error(pp/(S*IDR*IDL))+grp"
$ANOVA
          Effect DFn DFd           F            p p<.05          ges
2            grp   1   8  0.01193783 9.156869e-01       0.0004622048
3              S   2  16 35.07926114 1.414405e-06     * 0.1986310599
4          grp:S   2  16  0.75047244 4.880540e-01       0.0052747527
5            IDR   2  16 55.84830179 6.074704e-08     * 0.6106874175
6        grp:IDR   2  16  1.44863534 2.640993e-01       0.0390974975
7            IDL   1   8 57.53237530 6.394222e-05     * 0.4659614902
8        grp:IDL   1   8  6.41861291 3.506393e-02     * 0.0887082049
9          S:IDR   4  32 10.96087885 1.033705e-05     * 0.1090375645
10     grp:S:IDR   4  32  1.03808129 4.028902e-01       0.0114577142
11         S:IDL   2  16  3.22578549 6.652517e-02       0.0191730849
12     grp:S:IDL   2  16  4.69378864 2.488799e-02     * 0.0276571294
13       IDR:IDL   2  16 34.50957217 1.573352e-06     * 0.3281914343
14   grp:IDR:IDL   2  16  2.40059942 1.225330e-01       0.0328661191
15     S:IDR:IDL   4  32 11.35493509 7.537891e-06     * 0.0492726732
16 grp:S:IDR:IDL   4  32  2.73309979 4.604803e-02     * 0.0123207434

$`Mauchly's Test for Sphericity`
          Effect          W            p p<.05
3              S 0.53992981 0.1156593023      
4          grp:S 0.53992981 0.1156593023      
5            IDR 0.11228902 0.0004744392     *
6        grp:IDR 0.11228902 0.0004744392     *
9          S:IDR 0.03001105 0.0095890167     *
10     grp:S:IDR 0.03001105 0.0095890167     *
11         S:IDL 0.55979626 0.1312517104      
12     grp:S:IDL 0.55979626 0.1312517104      
13       IDR:IDL 0.33230310 0.0211529215     *
14   grp:IDR:IDL 0.33230310 0.0211529215     *
15     S:IDR:IDL 0.39177260 0.7496281093      
16 grp:S:IDR:IDL 0.39177260 0.7496281093      

$`Sphericity Corrections`
          Effect       GGe        p[GG] p[GG]<.05       HFe        p[HF]
3              S 0.6848986 4.513725e-05         * 0.7788732 1.599929e-05
4          grp:S 0.6848986 4.463864e-01           0.7788732 4.605637e-01
5            IDR 0.5297421 4.648049e-05         * 0.5428529 3.855676e-05
6        grp:IDR 0.5297421 2.640959e-01           0.5428529 2.644514e-01
9          S:IDR 0.5514498 6.225957e-04         * 0.7702612 8.324672e-05
10     grp:S:IDR 0.5514498 3.812468e-01           0.7702612 3.945120e-01
11         S:IDL 0.6943462 9.073583e-02           0.7939603 8.200583e-02
12     grp:S:IDL 0.6943462 4.344659e-02         * 0.7939603 3.619331e-02
13       IDR:IDL 0.5996293 1.239339e-04         * 0.6464978 7.403806e-05
14   grp:IDR:IDL 0.5996293 1.522689e-01           0.6464978 1.486308e-01
15     S:IDR:IDL 0.7156903 1.089489e-04         * 1.1564992 7.537891e-06
16 grp:S:IDR:IDL 0.7156903 6.933954e-02           1.1564992 4.604803e-02
   p[HF]<.05
3          *
4           
5          *
6           
9          *
10          
11          
12         *
13         *
14          
15         *
16         *

