[1] "Summary by group"
  grp minPeakDelayNorm.m minPeakDelayNorm.s
1   C        0.003976605         0.04864946
2   U        0.026024756         0.06106284
[1] "Summary by session\n"
  S minPeakDelayNorm.m minPeakDelayNorm.s
1 1        0.007916063         0.02889826
2 2        0.022042689         0.06153313
3 3        0.015043290         0.06945324
[1] "Summary by DID\n"
  DID minPeakDelayNorm.m minPeakDelayNorm.s
1   1        0.019850130         0.07834559
2   2        0.008888474         0.04323516
3   3        0.016263438         0.03841365
[1] "Summary by group + Session\n"
  grp S minPeakDelayNorm.m minPeakDelayNorm.s
1   C 1        0.006612896         0.02921590
2   C 2        0.008027294         0.05851231
3   C 3       -0.002710373         0.05348842
4   U 1        0.009219230         0.02884712
5   U 2        0.036058084         0.06191302
6   U 3        0.032796954         0.07906588
[1] "Summary by Session + DID\n"
  S DID minPeakDelayNorm.m minPeakDelayNorm.s
1 1   1        0.003484592         0.02990773
2 1   2        0.006410110         0.02642587
3 1   3        0.013853486         0.03018267
4 2   1        0.025468242         0.07380963
5 2   2        0.018360724         0.05830249
6 2   3        0.022299100         0.05241021
7 3   1        0.030597556         0.10984474
8 3   2        0.001894587         0.03859371
9 3   3        0.012637728         0.02852151
[1] "Summary by group + DID\n"
  grp DID minPeakDelayNorm.m minPeakDelayNorm.s
1   C   1       -0.005802032         0.04948928
2   C   2       -0.003900114         0.04661266
3   C   3        0.021631962         0.04589028
4   U   1        0.045502293         0.09284610
5   U   2        0.021677061         0.03568995
6   U   3        0.010894914         0.02863361
[1] "Summary by group + Session + DID\n"
   grp S DID minPeakDelayNorm.m minPeakDelayNorm.s
1    C 1   1       0.0076047800        0.027680828
2    C 1   2       0.0020361667        0.031632719
3    C 1   3       0.0101977400        0.029639865
4    C 2   1      -0.0035167433        0.040558201
5    C 2   2      -0.0030267807        0.064580835
6    C 2   3       0.0306254067        0.064215754
7    C 3   1      -0.0214941333        0.069456808
8    C 3   2      -0.0107097267        0.039611140
9    C 3   3       0.0240727400        0.037192634
10   U 1   1      -0.0006355953        0.032407261
11   U 1   2       0.0107840533        0.020122364
12   U 1   3       0.0175092327        0.031303320
13   U 2   1       0.0544532280        0.088541582
14   U 2   2       0.0397482291        0.043477324
15   U 2   3       0.0139727942        0.037651557
16   U 3   1       0.0826892460        0.119810661
17   U 3   2       0.0144988997        0.034290881
18   U 3   3       0.0012027164        0.004644089
