            Estimate MCMCmean HPD95lower HPD95upper pMCMC Pr(>|t|)
(Intercept)   0.2691   0.2690     0.2477     0.2913 0.001   0.0000
grp1          0.0003   0.0001    -0.0214     0.0213 0.986   0.9864
S1            0.0298   0.0297     0.0202     0.0381 0.001   0.0000
S2           -0.0071  -0.0068    -0.0168     0.0022 0.160   0.2554
ID1           0.1033   0.1033     0.0939     0.1138 0.001   0.0000
ID2          -0.0023  -0.0023    -0.0122     0.0085 0.660   0.7582
grp1:S1       0.0036   0.0035    -0.0052     0.0126 0.422   0.5650
grp1:S2      -0.0065  -0.0063    -0.0144     0.0028 0.166   0.2987
grp1:ID1     -0.0007  -0.0005    -0.0108     0.0088 0.904   0.9259
grp1:ID2     -0.0051  -0.0051    -0.0149     0.0046 0.294   0.5015
S1:ID1       -0.0047  -0.0049    -0.0114     0.0023 0.164   0.2579
S2:ID1        0.0023   0.0022    -0.0053     0.0094 0.542   0.5859
S1:ID2       -0.0001   0.0000    -0.0064     0.0077 0.978   0.9819
S2:ID2        0.0046   0.0048    -0.0024     0.0115 0.166   0.2710
grp1:S1:ID1   0.0059   0.0059    -0.0011     0.0131 0.100   0.1600
grp1:S2:ID1  -0.0089  -0.0087    -0.0149    -0.0009 0.020   0.0338
grp1:S1:ID2  -0.0015  -0.0015    -0.0093     0.0050 0.674   0.7214
grp1:S2:ID2   0.0028   0.0027    -0.0039     0.0108 0.446   0.5070
Analysis of Variance Table
         Df   Sum Sq  Mean Sq  F value
grp       1 0.000000 0.000000   0.0003
S         2 0.013368 0.006684  12.5439
ID        2 0.131173 0.065586 123.0832
grp:S     2 0.000580 0.000290   0.5443
grp:ID    2 0.000373 0.000186   0.3496
S:ID      4 0.002039 0.000510   0.9568
grp:S:ID  4 0.002645 0.000661   1.2410
Linear mixed model fit by REML 
Formula: accTime ~ (1 | pp) + (1 | pp/S) + (1 | pp/ID) + (1 | pp/S:ID) +      grp * S * ID 
   Data: mdata 
    AIC    BIC logLik deviance REMLdev
 -900.1 -806.6  476.1    -1107  -952.1
Random effects:
 Groups   Name        Variance   Std.Dev.
 S:ID:pp  (Intercept) 0.00021082 0.014520
 ID:pp    (Intercept) 0.00071848 0.026804
 S:pp     (Intercept) 0.00044886 0.021186
 pp       (Intercept) 0.00066394 0.025767
 pp       (Intercept) 0.00066394 0.025767
 pp       (Intercept) 0.00066394 0.025767
 pp       (Intercept) 0.00066395 0.025767
 Residual             0.00053286 0.023084
Number of obs: 270, groups: S:ID:pp, 90; ID:pp, 30; S:pp, 30; pp, 10

Fixed effects:
              Estimate Std. Error t value
(Intercept)  2.691e-01  1.757e-02  15.313
grp1         3.000e-04  1.757e-02   0.017
S1           2.977e-02  6.209e-03   4.794
S2          -7.078e-03  6.209e-03  -1.140
ID1          1.033e-01  7.519e-03  13.739
ID2         -2.317e-03  7.519e-03  -0.308
grp1:S1      3.578e-03  6.209e-03   0.576
grp1:S2     -6.467e-03  6.209e-03  -1.041
grp1:ID1    -7.000e-04  7.519e-03  -0.093
grp1:ID2    -5.061e-03  7.519e-03  -0.673
S1:ID1      -4.711e-03  4.155e-03  -1.134
S2:ID1       2.267e-03  4.155e-03   0.546
S1:ID2      -9.444e-05  4.155e-03  -0.023
S2:ID2       4.583e-03  4.155e-03   1.103
grp1:S1:ID1  5.856e-03  4.155e-03   1.409
grp1:S2:ID1 -8.867e-03  4.155e-03  -2.134
grp1:S1:ID2 -1.483e-03  4.155e-03  -0.357
grp1:S2:ID2  2.761e-03  4.155e-03   0.665

Correlation of Fixed Effects:
            (Intr) grp1   S1     S2     ID1    ID2    gr1:S1 gr1:S2 g1:ID1
grp1         0.000                                                        
S1           0.000  0.000                                                 
S2           0.000  0.000 -0.500                                          
ID1          0.000  0.000  0.000  0.000                                   
ID2          0.000  0.000  0.000  0.000 -0.500                            
grp1:S1      0.000  0.000  0.000  0.000  0.000  0.000                     
grp1:S2      0.000  0.000  0.000  0.000  0.000  0.000 -0.500              
grp1:ID1     0.000  0.000  0.000  0.000  0.000  0.000  0.000  0.000       
grp1:ID2     0.000  0.000  0.000  0.000  0.000  0.000  0.000  0.000 -0.500
S1:ID1       0.000  0.000  0.000  0.000  0.000  0.000  0.000  0.000  0.000
S2:ID1       0.000  0.000  0.000  0.000  0.000  0.000  0.000  0.000  0.000
S1:ID2       0.000  0.000  0.000  0.000  0.000  0.000  0.000  0.000  0.000
S2:ID2       0.000  0.000  0.000  0.000  0.000  0.000  0.000  0.000  0.000
grp1:S1:ID1  0.000  0.000  0.000  0.000  0.000  0.000  0.000  0.000  0.000
grp1:S2:ID1  0.000  0.000  0.000  0.000  0.000  0.000  0.000  0.000  0.000
grp1:S1:ID2  0.000  0.000  0.000  0.000  0.000  0.000  0.000  0.000  0.000
grp1:S2:ID2  0.000  0.000  0.000  0.000  0.000  0.000  0.000  0.000  0.000
            g1:ID2 S1:ID1 S2:ID1 S1:ID2 S2:ID2 g1:S1:ID1 g1:S2:ID1 g1:S1:ID2
grp1                                                                        
S1                                                                          
S2                                                                          
ID1                                                                         
ID2                                                                         
grp1:S1                                                                     
grp1:S2                                                                     
grp1:ID1                                                                    
grp1:ID2                                                                    
S1:ID1       0.000                                                          
S2:ID1       0.000 -0.500                                                   
S1:ID2       0.000 -0.500  0.250                                            
S2:ID2       0.000  0.250 -0.500 -0.500                                     
grp1:S1:ID1  0.000  0.000  0.000  0.000  0.000                              
grp1:S2:ID1  0.000  0.000  0.000  0.000  0.000 -0.500                       
grp1:S1:ID2  0.000  0.000  0.000  0.000  0.000 -0.500     0.250             
grp1:S2:ID2  0.000  0.000  0.000  0.000  0.000  0.250    -0.500    -0.500   
Linear mixed model fit by REML 
Formula: accTime ~ (1 | pp) + (1 | pp/S) + (1 | pp/ID) + (1 | pp/S:ID) +      grp * S * ID 
   Data: mdata 
    AIC    BIC logLik deviance REMLdev
 -900.1 -806.6  476.1    -1107  -952.1
Random effects:
 Groups   Name        Variance   Std.Dev.
 S:ID:pp  (Intercept) 0.00021082 0.014520
 ID:pp    (Intercept) 0.00071848 0.026804
 S:pp     (Intercept) 0.00044886 0.021186
 pp       (Intercept) 0.00066394 0.025767
 pp       (Intercept) 0.00066394 0.025767
 pp       (Intercept) 0.00066394 0.025767
 pp       (Intercept) 0.00066395 0.025767
 Residual             0.00053286 0.023084
Number of obs: 270, groups: S:ID:pp, 90; ID:pp, 30; S:pp, 30; pp, 10

Fixed effects:
              Estimate Std. Error t value
(Intercept)  2.691e-01  1.757e-02  15.313
grp1         3.000e-04  1.757e-02   0.017
S1           2.977e-02  6.209e-03   4.794
S2          -7.078e-03  6.209e-03  -1.140
ID1          1.033e-01  7.519e-03  13.739
ID2         -2.317e-03  7.519e-03  -0.308
grp1:S1      3.578e-03  6.209e-03   0.576
grp1:S2     -6.467e-03  6.209e-03  -1.041
grp1:ID1    -7.000e-04  7.519e-03  -0.093
grp1:ID2    -5.061e-03  7.519e-03  -0.673
S1:ID1      -4.711e-03  4.155e-03  -1.134
S2:ID1       2.267e-03  4.155e-03   0.546
S1:ID2      -9.444e-05  4.155e-03  -0.023
S2:ID2       4.583e-03  4.155e-03   1.103
grp1:S1:ID1  5.856e-03  4.155e-03   1.409
grp1:S2:ID1 -8.867e-03  4.155e-03  -2.134
grp1:S1:ID2 -1.483e-03  4.155e-03  -0.357
grp1:S2:ID2  2.761e-03  4.155e-03   0.665

Correlation of Fixed Effects:
            (Intr) grp1   S1     S2     ID1    ID2    gr1:S1 gr1:S2 g1:ID1
grp1         0.000                                                        
S1           0.000  0.000                                                 
S2           0.000  0.000 -0.500                                          
ID1          0.000  0.000  0.000  0.000                                   
ID2          0.000  0.000  0.000  0.000 -0.500                            
grp1:S1      0.000  0.000  0.000  0.000  0.000  0.000                     
grp1:S2      0.000  0.000  0.000  0.000  0.000  0.000 -0.500              
grp1:ID1     0.000  0.000  0.000  0.000  0.000  0.000  0.000  0.000       
grp1:ID2     0.000  0.000  0.000  0.000  0.000  0.000  0.000  0.000 -0.500
S1:ID1       0.000  0.000  0.000  0.000  0.000  0.000  0.000  0.000  0.000
S2:ID1       0.000  0.000  0.000  0.000  0.000  0.000  0.000  0.000  0.000
S1:ID2       0.000  0.000  0.000  0.000  0.000  0.000  0.000  0.000  0.000
S2:ID2       0.000  0.000  0.000  0.000  0.000  0.000  0.000  0.000  0.000
grp1:S1:ID1  0.000  0.000  0.000  0.000  0.000  0.000  0.000  0.000  0.000
grp1:S2:ID1  0.000  0.000  0.000  0.000  0.000  0.000  0.000  0.000  0.000
grp1:S1:ID2  0.000  0.000  0.000  0.000  0.000  0.000  0.000  0.000  0.000
grp1:S2:ID2  0.000  0.000  0.000  0.000  0.000  0.000  0.000  0.000  0.000
            g1:ID2 S1:ID1 S2:ID1 S1:ID2 S2:ID2 g1:S1:ID1 g1:S2:ID1 g1:S1:ID2
grp1                                                                        
S1                                                                          
S2                                                                          
ID1                                                                         
ID2                                                                         
grp1:S1                                                                     
grp1:S2                                                                     
grp1:ID1                                                                    
grp1:ID2                                                                    
S1:ID1       0.000                                                          
S2:ID1       0.000 -0.500                                                   
S1:ID2       0.000 -0.500  0.250                                            
S2:ID2       0.000  0.250 -0.500 -0.500                                     
grp1:S1:ID1  0.000  0.000  0.000  0.000  0.000                              
grp1:S2:ID1  0.000  0.000  0.000  0.000  0.000 -0.500                       
grp1:S1:ID2  0.000  0.000  0.000  0.000  0.000 -0.500     0.250             
grp1:S2:ID2  0.000  0.000  0.000  0.000  0.000  0.250    -0.500    -0.500   
