                  Estimate MCMCmean HPD95lower HPD95upper pMCMC Pr(>|t|)
(Intercept)         0.3195   0.3189     0.2341     0.4006 0.001   0.0000
grp1               -0.0731  -0.0708    -0.1561     0.0189 0.106   0.1198
S1                 -0.0700  -0.0703    -0.1070    -0.0351 0.001   0.0024
S2                  0.0128   0.0121    -0.0264     0.0495 0.536   0.5779
IDR1               -0.1173  -0.1183    -0.1611    -0.0794 0.001   0.0000
IDR2               -0.0075  -0.0066    -0.0459     0.0346 0.752   0.7763
IDL1               -0.2088  -0.2095    -0.2536    -0.1637 0.001   0.0000
grp1:S1            -0.0089  -0.0087    -0.0456     0.0278 0.624   0.6973
grp1:S2             0.0244   0.0243    -0.0112     0.0610 0.180   0.2874
grp1:IDR1          -0.0417  -0.0425    -0.0829    -0.0036 0.042   0.1164
grp1:IDR2           0.0037   0.0045    -0.0369     0.0409 0.874   0.8882
S1:IDR1             0.0212   0.0210    -0.0100     0.0492 0.144   0.3767
S2:IDR1            -0.0284  -0.0284    -0.0620    -0.0007 0.064   0.2366
S1:IDR2            -0.0582  -0.0574    -0.0906    -0.0272 0.001   0.0154
S2:IDR2             0.0234   0.0226    -0.0077     0.0511 0.124   0.3297
grp1:IDL1           0.0549   0.0553     0.0110     0.1027 0.018   0.1960
S1:IDL1             0.0866   0.0866     0.0648     0.1080 0.001   0.0000
S2:IDL1            -0.0188  -0.0186    -0.0412     0.0005 0.072   0.2681
IDR1:IDL1           0.1228   0.1235     0.1015     0.1443 0.001   0.0000
IDR2:IDL1           0.0109   0.0104    -0.0097     0.0317 0.350   0.5213
grp1:S1:IDR1        0.0587   0.0585     0.0288     0.0892 0.002   0.0145
grp1:S2:IDR1       -0.0037  -0.0039    -0.0357     0.0254 0.800   0.8783
grp1:S1:IDR2       -0.0229  -0.0228    -0.0522     0.0094 0.130   0.3394
grp1:S2:IDR2        0.0083   0.0090    -0.0217     0.0368 0.572   0.7276
grp1:S1:IDL1       -0.0092  -0.0093    -0.0311     0.0117 0.370   0.5854
grp1:S2:IDL1       -0.0150  -0.0152    -0.0362     0.0052 0.152   0.3762
grp1:IDR1:IDL1      0.0569   0.0566     0.0346     0.0774 0.001   0.0008
grp1:IDR2:IDL1     -0.0091  -0.0092    -0.0306     0.0130 0.418   0.5915
S1:IDR1:IDL1       -0.0150  -0.0155    -0.0470     0.0121 0.302   0.5302
S2:IDR1:IDL1        0.0273   0.0277    -0.0008     0.0571 0.058   0.2544
S1:IDR2:IDL1        0.0590   0.0593     0.0254     0.0856 0.002   0.0141
S2:IDR2:IDL1       -0.0336  -0.0332    -0.0656    -0.0043 0.034   0.1614
grp1:S1:IDR1:IDL1  -0.0570  -0.0567    -0.0854    -0.0285 0.002   0.0176
grp1:S2:IDR1:IDL1   0.0060   0.0062    -0.0217     0.0381 0.688   0.8026
grp1:S1:IDR2:IDL1   0.0177   0.0173    -0.0111     0.0451 0.250   0.4608
grp1:S2:IDR2:IDL1   0.0008   0.0004    -0.0291     0.0324 0.990   0.9728
NULL
       Length Class      Mode
fixed  6      data.frame list
random 7      data.frame list
Analysis of Variance Table
              Df  Sum Sq Mean Sq F value
grp            1 0.02172 0.02172  2.4138
S              2 0.09526 0.04763  5.2922
IDR            2 0.25054 0.12527 13.9193
IDL            1 0.21831 0.21831 24.2573
grp:S          2 0.01045 0.00523  0.5808
grp:IDR        2 0.02726 0.01363  1.5148
S:IDR          4 0.06711 0.01678  1.8643
grp:IDL        1 0.01509 0.01509  1.6766
S:IDL          2 0.26059 0.13029 14.4778
IDR:IDL        2 0.69184 0.34592 38.4373
grp:S:IDR      4 0.07146 0.01787  1.9851
grp:S:IDL      2 0.01879 0.00940  1.0440
grp:IDR:IDL    2 0.11700 0.05850  6.5001
S:IDR:IDL      4 0.06813 0.01703  1.8927
grp:S:IDR:IDL  4 0.06415 0.01604  1.7821
Linear mixed model fit by REML 
Formula: get(vname) ~ (1 | pp) + (1 | pp/S) + (1 | pp/IDR) + (1 | pp/IDL) +      (1 | pp/S:IDR:IDL) + grp * S * IDR * IDL 
   Data: mdata 
    AIC    BIC logLik deviance REMLdev
 -275.6 -78.23  183.8   -578.4  -367.6
Random effects:
 Groups       Name        Variance   Std.Dev.
 S:IDR:IDL:pp (Intercept) 0.02282491 0.151079
 IDR:pp       (Intercept) 0.00626090 0.079126
 S:pp         (Intercept) 0.00356337 0.059694
 IDL:pp       (Intercept) 0.03306163 0.181829
 pp           (Intercept) 0.00014867 0.012193
 pp           (Intercept) 0.00014866 0.012193
 pp           (Intercept) 0.00014866 0.012193
 pp           (Intercept) 0.00014867 0.012193
 pp           (Intercept) 0.00014866 0.012193
 Residual                 0.00899963 0.094866
Number of obs: 540, groups: S:IDR:IDL:pp, 180; IDR:pp, 30; S:pp, 30; IDL:pp, 20; pp, 10

Fixed effects:
                    Estimate Std. Error t value
(Intercept)        0.3195091  0.0468856   6.815
grp1              -0.0730571  0.0468856  -1.558
S1                -0.0699500  0.0229020  -3.054
S2                 0.0127510  0.0229020   0.557
IDR1              -0.1173183  0.0265393  -4.421
IDR2              -0.0075459  0.0265393  -0.284
IDL1              -0.2087569  0.0423858  -4.925
grp1:S1           -0.0089132  0.0229020  -0.389
grp1:S2            0.0243898  0.0229020   1.065
grp1:IDR1         -0.0417392  0.0265393  -1.573
grp1:IDR2          0.0037313  0.0265393   0.141
S1:IDR1            0.0211964  0.0239559   0.885
S2:IDR1           -0.0283838  0.0239559  -1.185
S1:IDR2           -0.0582473  0.0239559  -2.431
S2:IDR2            0.0233740  0.0239559   0.976
grp1:IDL1          0.0548824  0.0423858   1.295
S1:IDL1            0.0866358  0.0169394   5.114
S2:IDL1           -0.0187801  0.0169394  -1.109
IDR1:IDL1          0.1228424  0.0169394   7.252
IDR2:IDL1          0.0108713  0.0169394   0.642
grp1:S1:IDR1       0.0587485  0.0239559   2.452
grp1:S2:IDR1      -0.0036715  0.0239559  -0.153
grp1:S1:IDR2      -0.0229074  0.0239559  -0.956
grp1:S2:IDR2       0.0083482  0.0239559   0.348
grp1:S1:IDL1      -0.0092458  0.0169394  -0.546
grp1:S2:IDL1      -0.0150046  0.0169394  -0.886
grp1:IDR1:IDL1     0.0568519  0.0169394   3.356
grp1:IDR2:IDL1    -0.0090969  0.0169394  -0.537
S1:IDR1:IDL1      -0.0150472  0.0239559  -0.628
S2:IDR1:IDL1       0.0273317  0.0239559   1.141
S1:IDR2:IDL1       0.0590151  0.0239559   2.463
S2:IDR2:IDL1      -0.0335990  0.0239559  -1.403
grp1:S1:IDR1:IDL1 -0.0570365  0.0239559  -2.381
grp1:S2:IDR1:IDL1  0.0059906  0.0239559   0.250
grp1:S1:IDR2:IDL1  0.0176835  0.0239559   0.738
grp1:S2:IDR2:IDL1  0.0008171  0.0239559   0.034

Correlation of Fixed Effects:
            (Intr) grp1   S1     S2     IDR1   IDR2   IDL1   gr1:S1 gr1:S2
grp1         0.000                                                        
S1           0.000  0.000                                                 
S2           0.000  0.000 -0.500                                          
IDR1         0.000  0.000  0.000  0.000                                   
IDR2         0.000  0.000  0.000  0.000 -0.500                            
IDL1         0.000  0.000  0.000  0.000  0.000  0.000                     
grp1:S1      0.000  0.000  0.000  0.000  0.000  0.000  0.000              
grp1:S2      0.000  0.000  0.000  0.000  0.000  0.000  0.000 -0.500       
grp1:IDR1    0.000  0.000  0.000  0.000  0.000  0.000  0.000  0.000  0.000
grp1:IDR2    0.000  0.000  0.000  0.000  0.000  0.000  0.000  0.000  0.000
S1:IDR1      0.000  0.000  0.000  0.000  0.000  0.000  0.000  0.000  0.000
S2:IDR1      0.000  0.000  0.000  0.000  0.000  0.000  0.000  0.000  0.000
S1:IDR2      0.000  0.000  0.000  0.000  0.000  0.000  0.000  0.000  0.000
S2:IDR2      0.000  0.000  0.000  0.000  0.000  0.000  0.000  0.000  0.000
grp1:IDL1    0.000  0.000  0.000  0.000  0.000  0.000  0.000  0.000  0.000
S1:IDL1      0.000  0.000  0.000  0.000  0.000  0.000  0.000  0.000  0.000
S2:IDL1      0.000  0.000  0.000  0.000  0.000  0.000  0.000  0.000  0.000
IDR1:IDL1    0.000  0.000  0.000  0.000  0.000  0.000  0.000  0.000  0.000
IDR2:IDL1    0.000  0.000  0.000  0.000  0.000  0.000  0.000  0.000  0.000
gr1:S1:IDR1  0.000  0.000  0.000  0.000  0.000  0.000  0.000  0.000  0.000
gr1:S2:IDR1  0.000  0.000  0.000  0.000  0.000  0.000  0.000  0.000  0.000
gr1:S1:IDR2  0.000  0.000  0.000  0.000  0.000  0.000  0.000  0.000  0.000
gr1:S2:IDR2  0.000  0.000  0.000  0.000  0.000  0.000  0.000  0.000  0.000
gr1:S1:IDL1  0.000  0.000  0.000  0.000  0.000  0.000  0.000  0.000  0.000
gr1:S2:IDL1  0.000  0.000  0.000  0.000  0.000  0.000  0.000  0.000  0.000
g1:IDR1:IDL  0.000  0.000  0.000  0.000  0.000  0.000  0.000  0.000  0.000
g1:IDR2:IDL  0.000  0.000  0.000  0.000  0.000  0.000  0.000  0.000  0.000
S1:IDR1:IDL  0.000  0.000  0.000  0.000  0.000  0.000  0.000  0.000  0.000
S2:IDR1:IDL  0.000  0.000  0.000  0.000  0.000  0.000  0.000  0.000  0.000
S1:IDR2:IDL  0.000  0.000  0.000  0.000  0.000  0.000  0.000  0.000  0.000
S2:IDR2:IDL  0.000  0.000  0.000  0.000  0.000  0.000  0.000  0.000  0.000
g1:S1:IDR1:  0.000  0.000  0.000  0.000  0.000  0.000  0.000  0.000  0.000
g1:S2:IDR1:  0.000  0.000  0.000  0.000  0.000  0.000  0.000  0.000  0.000
g1:S1:IDR2:  0.000  0.000  0.000  0.000  0.000  0.000  0.000  0.000  0.000
g1:S2:IDR2:  0.000  0.000  0.000  0.000  0.000  0.000  0.000  0.000  0.000
            gr1:IDR1 gr1:IDR2 S1:IDR1 S2:IDR1 S1:IDR2 S2:IDR2 g1:IDL S1:IDL
grp1                                                                       
S1                                                                         
S2                                                                         
IDR1                                                                       
IDR2                                                                       
IDL1                                                                       
grp1:S1                                                                    
grp1:S2                                                                    
grp1:IDR1                                                                  
grp1:IDR2   -0.500                                                         
S1:IDR1      0.000    0.000                                                
S2:IDR1      0.000    0.000   -0.500                                       
S1:IDR2      0.000    0.000   -0.500   0.250                               
S2:IDR2      0.000    0.000    0.250  -0.500  -0.500                       
grp1:IDL1    0.000    0.000    0.000   0.000   0.000   0.000               
S1:IDL1      0.000    0.000    0.000   0.000   0.000   0.000   0.000       
S2:IDL1      0.000    0.000    0.000   0.000   0.000   0.000   0.000 -0.500
IDR1:IDL1    0.000    0.000    0.000   0.000   0.000   0.000   0.000  0.000
IDR2:IDL1    0.000    0.000    0.000   0.000   0.000   0.000   0.000  0.000
gr1:S1:IDR1  0.000    0.000    0.000   0.000   0.000   0.000   0.000  0.000
gr1:S2:IDR1  0.000    0.000    0.000   0.000   0.000   0.000   0.000  0.000
gr1:S1:IDR2  0.000    0.000    0.000   0.000   0.000   0.000   0.000  0.000
gr1:S2:IDR2  0.000    0.000    0.000   0.000   0.000   0.000   0.000  0.000
gr1:S1:IDL1  0.000    0.000    0.000   0.000   0.000   0.000   0.000  0.000
gr1:S2:IDL1  0.000    0.000    0.000   0.000   0.000   0.000   0.000  0.000
g1:IDR1:IDL  0.000    0.000    0.000   0.000   0.000   0.000   0.000  0.000
g1:IDR2:IDL  0.000    0.000    0.000   0.000   0.000   0.000   0.000  0.000
S1:IDR1:IDL  0.000    0.000    0.000   0.000   0.000   0.000   0.000  0.000
S2:IDR1:IDL  0.000    0.000    0.000   0.000   0.000   0.000   0.000  0.000
S1:IDR2:IDL  0.000    0.000    0.000   0.000   0.000   0.000   0.000  0.000
S2:IDR2:IDL  0.000    0.000    0.000   0.000   0.000   0.000   0.000  0.000
g1:S1:IDR1:  0.000    0.000    0.000   0.000   0.000   0.000   0.000  0.000
g1:S2:IDR1:  0.000    0.000    0.000   0.000   0.000   0.000   0.000  0.000
g1:S1:IDR2:  0.000    0.000    0.000   0.000   0.000   0.000   0.000  0.000
g1:S2:IDR2:  0.000    0.000    0.000   0.000   0.000   0.000   0.000  0.000
            S2:IDL IDR1:I IDR2:I gr1:S1:IDR1 gr1:S2:IDR1 gr1:S1:IDR2
grp1                                                                
S1                                                                  
S2                                                                  
IDR1                                                                
IDR2                                                                
IDL1                                                                
grp1:S1                                                             
grp1:S2                                                             
grp1:IDR1                                                           
grp1:IDR2                                                           
S1:IDR1                                                             
S2:IDR1                                                             
S1:IDR2                                                             
S2:IDR2                                                             
grp1:IDL1                                                           
S1:IDL1                                                             
S2:IDL1                                                             
IDR1:IDL1    0.000                                                  
IDR2:IDL1    0.000 -0.500                                           
gr1:S1:IDR1  0.000  0.000  0.000                                    
gr1:S2:IDR1  0.000  0.000  0.000 -0.500                             
gr1:S1:IDR2  0.000  0.000  0.000 -0.500       0.250                 
gr1:S2:IDR2  0.000  0.000  0.000  0.250      -0.500      -0.500     
gr1:S1:IDL1  0.000  0.000  0.000  0.000       0.000       0.000     
gr1:S2:IDL1  0.000  0.000  0.000  0.000       0.000       0.000     
g1:IDR1:IDL  0.000  0.000  0.000  0.000       0.000       0.000     
g1:IDR2:IDL  0.000  0.000  0.000  0.000       0.000       0.000     
S1:IDR1:IDL  0.000  0.000  0.000  0.000       0.000       0.000     
S2:IDR1:IDL  0.000  0.000  0.000  0.000       0.000       0.000     
S1:IDR2:IDL  0.000  0.000  0.000  0.000       0.000       0.000     
S2:IDR2:IDL  0.000  0.000  0.000  0.000       0.000       0.000     
g1:S1:IDR1:  0.000  0.000  0.000  0.000       0.000       0.000     
g1:S2:IDR1:  0.000  0.000  0.000  0.000       0.000       0.000     
g1:S1:IDR2:  0.000  0.000  0.000  0.000       0.000       0.000     
g1:S2:IDR2:  0.000  0.000  0.000  0.000       0.000       0.000     
            gr1:S2:IDR2 g1:S1:IDL g1:S2:IDL g1:IDR1: g1:IDR2: S1:IDR1: S2:IDR1:
grp1                                                                           
S1                                                                             
S2                                                                             
IDR1                                                                           
IDR2                                                                           
IDL1                                                                           
grp1:S1                                                                        
grp1:S2                                                                        
grp1:IDR1                                                                      
grp1:IDR2                                                                      
S1:IDR1                                                                        
S2:IDR1                                                                        
S1:IDR2                                                                        
S2:IDR2                                                                        
grp1:IDL1                                                                      
S1:IDL1                                                                        
S2:IDL1                                                                        
IDR1:IDL1                                                                      
IDR2:IDL1                                                                      
gr1:S1:IDR1                                                                    
gr1:S2:IDR1                                                                    
gr1:S1:IDR2                                                                    
gr1:S2:IDR2                                                                    
gr1:S1:IDL1  0.000                                                             
gr1:S2:IDL1  0.000      -0.500                                                 
g1:IDR1:IDL  0.000       0.000     0.000                                       
g1:IDR2:IDL  0.000       0.000     0.000    -0.500                             
S1:IDR1:IDL  0.000       0.000     0.000     0.000    0.000                    
S2:IDR1:IDL  0.000       0.000     0.000     0.000    0.000   -0.500           
S1:IDR2:IDL  0.000       0.000     0.000     0.000    0.000   -0.500    0.250  
S2:IDR2:IDL  0.000       0.000     0.000     0.000    0.000    0.250   -0.500  
g1:S1:IDR1:  0.000       0.000     0.000     0.000    0.000    0.000    0.000  
g1:S2:IDR1:  0.000       0.000     0.000     0.000    0.000    0.000    0.000  
g1:S1:IDR2:  0.000       0.000     0.000     0.000    0.000    0.000    0.000  
g1:S2:IDR2:  0.000       0.000     0.000     0.000    0.000    0.000    0.000  
            S1:IDR2: S2:IDR2: g1:S1:IDR1: g1:S2:IDR1: g1:S1:IDR2:
grp1                                                             
S1                                                               
S2                                                               
IDR1                                                             
IDR2                                                             
IDL1                                                             
grp1:S1                                                          
grp1:S2                                                          
grp1:IDR1                                                        
grp1:IDR2                                                        
S1:IDR1                                                          
S2:IDR1                                                          
S1:IDR2                                                          
S2:IDR2                                                          
grp1:IDL1                                                        
S1:IDL1                                                          
S2:IDL1                                                          
IDR1:IDL1                                                        
IDR2:IDL1                                                        
gr1:S1:IDR1                                                      
gr1:S2:IDR1                                                      
gr1:S1:IDR2                                                      
gr1:S2:IDR2                                                      
gr1:S1:IDL1                                                      
gr1:S2:IDL1                                                      
g1:IDR1:IDL                                                      
g1:IDR2:IDL                                                      
S1:IDR1:IDL                                                      
S2:IDR1:IDL                                                      
S1:IDR2:IDL                                                      
S2:IDR2:IDL -0.500                                               
g1:S1:IDR1:  0.000    0.000                                      
g1:S2:IDR1:  0.000    0.000   -0.500                             
g1:S1:IDR2:  0.000    0.000   -0.500       0.250                 
g1:S2:IDR2:  0.000    0.000    0.250      -0.500      -0.500     
