                  Estimate MCMCmean HPD95lower HPD95upper pMCMC Pr(>|t|)
(Intercept)         1.3014   1.3007     1.1285     1.4756 0.001   0.0000
grp1               -0.3008  -0.2975    -0.4873    -0.1206 0.001   0.0049
S1                 -0.1615  -0.1641    -0.2676    -0.0583 0.002   0.0327
S2                 -0.0109  -0.0096    -0.1169     0.0956 0.826   0.8847
IDR1               -0.0633  -0.0637    -0.1326     0.0035 0.070   0.2205
IDR2                0.0042   0.0044    -0.0567     0.0712 0.900   0.9346
IDL1                0.0392   0.0393    -0.0208     0.0965 0.188   0.2830
grp1:S1             0.1610   0.1600     0.0669     0.2705 0.008   0.0333
grp1:S2             0.0104   0.0108    -0.0997     0.1037 0.824   0.8902
grp1:IDR1           0.0644   0.0641     0.0045     0.1308 0.056   0.2129
grp1:IDR2          -0.0048  -0.0062    -0.0722     0.0714 0.856   0.9264
S1:IDR1             0.0202   0.0200    -0.0628     0.0856 0.618   0.7826
S2:IDR1            -0.0162  -0.0164    -0.0885     0.0618 0.688   0.8246
S1:IDR2             0.0141   0.0137    -0.0665     0.0860 0.690   0.8471
S2:IDR2            -0.0461  -0.0454    -0.1272     0.0256 0.250   0.5279
grp1:IDL1          -0.0398  -0.0407    -0.0991     0.0209 0.174   0.2766
S1:IDL1            -0.0068  -0.0080    -0.0618     0.0423 0.722   0.8946
S2:IDL1             0.0093   0.0105    -0.0447     0.0606 0.712   0.8565
IDR1:IDL1          -0.2773  -0.2783    -0.3304    -0.2236 0.001   0.0000
IDR2:IDL1          -0.0397  -0.0402    -0.0952     0.0146 0.172   0.4420
grp1:S1:IDR1       -0.0212  -0.0205    -0.0967     0.0596 0.580   0.7715
grp1:S2:IDR1        0.0151   0.0146    -0.0549     0.0938 0.702   0.8359
grp1:S1:IDR2       -0.0136  -0.0138    -0.0868     0.0657 0.696   0.8527
grp1:S2:IDR2        0.0466   0.0453    -0.0375     0.1179 0.268   0.5232
grp1:S1:IDL1        0.0074   0.0067    -0.0459     0.0613 0.810   0.8865
grp1:S2:IDL1       -0.0088  -0.0077    -0.0620     0.0465 0.754   0.8646
grp1:IDR1:IDL1      0.2762   0.2770     0.2221     0.3290 0.001   0.0000
grp1:IDR2:IDL1      0.0403   0.0396    -0.0168     0.0948 0.176   0.4359
S1:IDR1:IDL1        0.1482   0.1481     0.0742     0.2277 0.001   0.0429
S2:IDR1:IDL1        0.0178   0.0164    -0.0575     0.0898 0.672   0.8074
S1:IDR2:IDL1        0.0492   0.0517    -0.0224     0.1280 0.186   0.5009
S2:IDR2:IDL1       -0.0641  -0.0647    -0.1449     0.0094 0.106   0.3807
grp1:S1:IDR1:IDL1  -0.1472  -0.1475    -0.2203    -0.0697 0.001   0.0444
grp1:S2:IDR1:IDL1  -0.0167  -0.0150    -0.0919     0.0504 0.708   0.8187
grp1:S1:IDR2:IDL1  -0.0497  -0.0466    -0.1162     0.0310 0.246   0.4963
grp1:S2:IDR2:IDL1   0.0635   0.0611    -0.0125     0.1366 0.100   0.3846
NULL
       Length Class      Mode
fixed  6      data.frame list
random 7      data.frame list
Analysis of Variance Table
              Df  Sum Sq  Mean Sq F value
grp            1 0.10818 0.108179  8.0044
S              2 0.08861 0.044305  3.2783
IDR            2 0.02542 0.012712  0.9406
IDL            1 0.01561 0.015609  1.1550
grp:S          2 0.08775 0.043873  3.2463
grp:IDR        2 0.02611 0.013055  0.9659
S:IDR          4 0.01113 0.002783  0.2059
grp:IDL        1 0.01603 0.016033  1.1863
S:IDL          2 0.00047 0.000237  0.0175
IDR:IDL        2 0.60500 0.302499 22.3826
grp:S:IDR      4 0.01118 0.002796  0.2069
grp:S:IDL      2 0.00045 0.000227  0.0168
grp:IDR:IDL    2 0.60203 0.301013 22.2727
S:IDR:IDL      4 0.13584 0.033961  2.5129
grp:S:IDR:IDL  4 0.13407 0.033518  2.4801
Linear mixed model fit by REML 
Formula: get(vname) ~ (1 | pp) + (1 | pp/S) + (1 | pp/IDR) + (1 | pp/IDL) +      (1 | pp/S:IDR:IDL) + grp * S * IDR * IDL 
   Data: mdata 
   AIC   BIC logLik deviance REMLdev
 154.8 352.2 -31.41   -76.93   62.83
Random effects:
 Groups       Name        Variance   Std.Dev.  
 S:IDR:IDL:pp (Intercept) 2.3532e-01 4.8510e-01
 IDR:pp       (Intercept) 1.1523e-14 1.0734e-07
 S:pp         (Intercept) 4.5369e-02 2.1300e-01
 IDL:pp       (Intercept) 1.2897e-15 3.5912e-08
 pp           (Intercept) 1.6923e-02 1.3009e-01
 pp           (Intercept) 1.6923e-02 1.3009e-01
 pp           (Intercept) 1.6923e-02 1.3009e-01
 pp           (Intercept) 1.6922e-02 1.3009e-01
 pp           (Intercept) 1.6923e-02 1.3009e-01
 Residual                 1.3515e-02 1.1625e-01
Number of obs: 540, groups: S:IDR:IDL:pp, 180; IDR:pp, 30; S:pp, 30; IDL:pp, 20; pp, 10

Fixed effects:
                   Estimate Std. Error t value
(Intercept)        1.301364   0.106330  12.239
grp1              -0.300834   0.106330  -2.829
S1                -0.161525   0.075428  -2.141
S2                -0.010948   0.075428  -0.145
IDR1              -0.063326   0.051621  -1.227
IDR2               0.004240   0.051621   0.082
IDL1               0.039228   0.036502   1.075
grp1:S1            0.160995   0.075428   2.134
grp1:S2            0.010419   0.075428   0.138
grp1:IDR1          0.064385   0.051621   1.247
grp1:IDR2         -0.004769   0.051621  -0.092
S1:IDR1            0.020154   0.073004   0.276
S2:IDR1           -0.016193   0.073004  -0.222
S1:IDR2            0.014088   0.073004   0.193
S2:IDR2           -0.046110   0.073004  -0.632
grp1:IDL1         -0.039758   0.036502  -1.089
S1:IDL1           -0.006845   0.051621  -0.133
S2:IDL1            0.009337   0.051621   0.181
IDR1:IDL1         -0.277266   0.051621  -5.371
IDR2:IDL1         -0.039723   0.051621  -0.770
grp1:S1:IDR1      -0.021213   0.073004  -0.291
grp1:S2:IDR1       0.015134   0.073004   0.207
grp1:S1:IDR2      -0.013559   0.073004  -0.186
grp1:S2:IDR2       0.046640   0.073004   0.639
grp1:S1:IDL1       0.007374   0.051621   0.143
grp1:S2:IDL1      -0.008808   0.051621  -0.171
grp1:IDR1:IDL1     0.276207   0.051621   5.351
grp1:IDR2:IDL1     0.040252   0.051621   0.780
S1:IDR1:IDL1       0.148216   0.073004   2.030
S2:IDR1:IDL1       0.017803   0.073004   0.244
S1:IDR2:IDL1       0.049173   0.073004   0.674
S2:IDR2:IDL1      -0.064054   0.073004  -0.877
grp1:S1:IDR1:IDL1 -0.147157   0.073004  -2.016
grp1:S2:IDR1:IDL1 -0.016745   0.073004  -0.229
grp1:S1:IDR2:IDL1 -0.049702   0.073004  -0.681
grp1:S2:IDR2:IDL1  0.063525   0.073004   0.870

Correlation of Fixed Effects:
            (Intr) grp1   S1     S2     IDR1   IDR2   IDL1   gr1:S1 gr1:S2
grp1         0.000                                                        
S1           0.000  0.000                                                 
S2           0.000  0.000 -0.500                                          
IDR1         0.000  0.000  0.000  0.000                                   
IDR2         0.000  0.000  0.000  0.000 -0.500                            
IDL1         0.000  0.000  0.000  0.000  0.000  0.000                     
grp1:S1      0.000  0.000  0.000  0.000  0.000  0.000  0.000              
grp1:S2      0.000  0.000  0.000  0.000  0.000  0.000  0.000 -0.500       
grp1:IDR1    0.000  0.000  0.000  0.000  0.000  0.000  0.000  0.000  0.000
grp1:IDR2    0.000  0.000  0.000  0.000  0.000  0.000  0.000  0.000  0.000
S1:IDR1      0.000  0.000  0.000  0.000  0.000  0.000  0.000  0.000  0.000
S2:IDR1      0.000  0.000  0.000  0.000  0.000  0.000  0.000  0.000  0.000
S1:IDR2      0.000  0.000  0.000  0.000  0.000  0.000  0.000  0.000  0.000
S2:IDR2      0.000  0.000  0.000  0.000  0.000  0.000  0.000  0.000  0.000
grp1:IDL1    0.000  0.000  0.000  0.000  0.000  0.000  0.000  0.000  0.000
S1:IDL1      0.000  0.000  0.000  0.000  0.000  0.000  0.000  0.000  0.000
S2:IDL1      0.000  0.000  0.000  0.000  0.000  0.000  0.000  0.000  0.000
IDR1:IDL1    0.000  0.000  0.000  0.000  0.000  0.000  0.000  0.000  0.000
IDR2:IDL1    0.000  0.000  0.000  0.000  0.000  0.000  0.000  0.000  0.000
gr1:S1:IDR1  0.000  0.000  0.000  0.000  0.000  0.000  0.000  0.000  0.000
gr1:S2:IDR1  0.000  0.000  0.000  0.000  0.000  0.000  0.000  0.000  0.000
gr1:S1:IDR2  0.000  0.000  0.000  0.000  0.000  0.000  0.000  0.000  0.000
gr1:S2:IDR2  0.000  0.000  0.000  0.000  0.000  0.000  0.000  0.000  0.000
gr1:S1:IDL1  0.000  0.000  0.000  0.000  0.000  0.000  0.000  0.000  0.000
gr1:S2:IDL1  0.000  0.000  0.000  0.000  0.000  0.000  0.000  0.000  0.000
g1:IDR1:IDL  0.000  0.000  0.000  0.000  0.000  0.000  0.000  0.000  0.000
g1:IDR2:IDL  0.000  0.000  0.000  0.000  0.000  0.000  0.000  0.000  0.000
S1:IDR1:IDL  0.000  0.000  0.000  0.000  0.000  0.000  0.000  0.000  0.000
S2:IDR1:IDL  0.000  0.000  0.000  0.000  0.000  0.000  0.000  0.000  0.000
S1:IDR2:IDL  0.000  0.000  0.000  0.000  0.000  0.000  0.000  0.000  0.000
S2:IDR2:IDL  0.000  0.000  0.000  0.000  0.000  0.000  0.000  0.000  0.000
g1:S1:IDR1:  0.000  0.000  0.000  0.000  0.000  0.000  0.000  0.000  0.000
g1:S2:IDR1:  0.000  0.000  0.000  0.000  0.000  0.000  0.000  0.000  0.000
g1:S1:IDR2:  0.000  0.000  0.000  0.000  0.000  0.000  0.000  0.000  0.000
g1:S2:IDR2:  0.000  0.000  0.000  0.000  0.000  0.000  0.000  0.000  0.000
            gr1:IDR1 gr1:IDR2 S1:IDR1 S2:IDR1 S1:IDR2 S2:IDR2 g1:IDL S1:IDL
grp1                                                                       
S1                                                                         
S2                                                                         
IDR1                                                                       
IDR2                                                                       
IDL1                                                                       
grp1:S1                                                                    
grp1:S2                                                                    
grp1:IDR1                                                                  
grp1:IDR2   -0.500                                                         
S1:IDR1      0.000    0.000                                                
S2:IDR1      0.000    0.000   -0.500                                       
S1:IDR2      0.000    0.000   -0.500   0.250                               
S2:IDR2      0.000    0.000    0.250  -0.500  -0.500                       
grp1:IDL1    0.000    0.000    0.000   0.000   0.000   0.000               
S1:IDL1      0.000    0.000    0.000   0.000   0.000   0.000   0.000       
S2:IDL1      0.000    0.000    0.000   0.000   0.000   0.000   0.000 -0.500
IDR1:IDL1    0.000    0.000    0.000   0.000   0.000   0.000   0.000  0.000
IDR2:IDL1    0.000    0.000    0.000   0.000   0.000   0.000   0.000  0.000
gr1:S1:IDR1  0.000    0.000    0.000   0.000   0.000   0.000   0.000  0.000
gr1:S2:IDR1  0.000    0.000    0.000   0.000   0.000   0.000   0.000  0.000
gr1:S1:IDR2  0.000    0.000    0.000   0.000   0.000   0.000   0.000  0.000
gr1:S2:IDR2  0.000    0.000    0.000   0.000   0.000   0.000   0.000  0.000
gr1:S1:IDL1  0.000    0.000    0.000   0.000   0.000   0.000   0.000  0.000
gr1:S2:IDL1  0.000    0.000    0.000   0.000   0.000   0.000   0.000  0.000
g1:IDR1:IDL  0.000    0.000    0.000   0.000   0.000   0.000   0.000  0.000
g1:IDR2:IDL  0.000    0.000    0.000   0.000   0.000   0.000   0.000  0.000
S1:IDR1:IDL  0.000    0.000    0.000   0.000   0.000   0.000   0.000  0.000
S2:IDR1:IDL  0.000    0.000    0.000   0.000   0.000   0.000   0.000  0.000
S1:IDR2:IDL  0.000    0.000    0.000   0.000   0.000   0.000   0.000  0.000
S2:IDR2:IDL  0.000    0.000    0.000   0.000   0.000   0.000   0.000  0.000
g1:S1:IDR1:  0.000    0.000    0.000   0.000   0.000   0.000   0.000  0.000
g1:S2:IDR1:  0.000    0.000    0.000   0.000   0.000   0.000   0.000  0.000
g1:S1:IDR2:  0.000    0.000    0.000   0.000   0.000   0.000   0.000  0.000
g1:S2:IDR2:  0.000    0.000    0.000   0.000   0.000   0.000   0.000  0.000
            S2:IDL IDR1:I IDR2:I gr1:S1:IDR1 gr1:S2:IDR1 gr1:S1:IDR2
grp1                                                                
S1                                                                  
S2                                                                  
IDR1                                                                
IDR2                                                                
IDL1                                                                
grp1:S1                                                             
grp1:S2                                                             
grp1:IDR1                                                           
grp1:IDR2                                                           
S1:IDR1                                                             
S2:IDR1                                                             
S1:IDR2                                                             
S2:IDR2                                                             
grp1:IDL1                                                           
S1:IDL1                                                             
S2:IDL1                                                             
IDR1:IDL1    0.000                                                  
IDR2:IDL1    0.000 -0.500                                           
gr1:S1:IDR1  0.000  0.000  0.000                                    
gr1:S2:IDR1  0.000  0.000  0.000 -0.500                             
gr1:S1:IDR2  0.000  0.000  0.000 -0.500       0.250                 
gr1:S2:IDR2  0.000  0.000  0.000  0.250      -0.500      -0.500     
gr1:S1:IDL1  0.000  0.000  0.000  0.000       0.000       0.000     
gr1:S2:IDL1  0.000  0.000  0.000  0.000       0.000       0.000     
g1:IDR1:IDL  0.000  0.000  0.000  0.000       0.000       0.000     
g1:IDR2:IDL  0.000  0.000  0.000  0.000       0.000       0.000     
S1:IDR1:IDL  0.000  0.000  0.000  0.000       0.000       0.000     
S2:IDR1:IDL  0.000  0.000  0.000  0.000       0.000       0.000     
S1:IDR2:IDL  0.000  0.000  0.000  0.000       0.000       0.000     
S2:IDR2:IDL  0.000  0.000  0.000  0.000       0.000       0.000     
g1:S1:IDR1:  0.000  0.000  0.000  0.000       0.000       0.000     
g1:S2:IDR1:  0.000  0.000  0.000  0.000       0.000       0.000     
g1:S1:IDR2:  0.000  0.000  0.000  0.000       0.000       0.000     
g1:S2:IDR2:  0.000  0.000  0.000  0.000       0.000       0.000     
            gr1:S2:IDR2 g1:S1:IDL g1:S2:IDL g1:IDR1: g1:IDR2: S1:IDR1: S2:IDR1:
grp1                                                                           
S1                                                                             
S2                                                                             
IDR1                                                                           
IDR2                                                                           
IDL1                                                                           
grp1:S1                                                                        
grp1:S2                                                                        
grp1:IDR1                                                                      
grp1:IDR2                                                                      
S1:IDR1                                                                        
S2:IDR1                                                                        
S1:IDR2                                                                        
S2:IDR2                                                                        
grp1:IDL1                                                                      
S1:IDL1                                                                        
S2:IDL1                                                                        
IDR1:IDL1                                                                      
IDR2:IDL1                                                                      
gr1:S1:IDR1                                                                    
gr1:S2:IDR1                                                                    
gr1:S1:IDR2                                                                    
gr1:S2:IDR2                                                                    
gr1:S1:IDL1  0.000                                                             
gr1:S2:IDL1  0.000      -0.500                                                 
g1:IDR1:IDL  0.000       0.000     0.000                                       
g1:IDR2:IDL  0.000       0.000     0.000    -0.500                             
S1:IDR1:IDL  0.000       0.000     0.000     0.000    0.000                    
S2:IDR1:IDL  0.000       0.000     0.000     0.000    0.000   -0.500           
S1:IDR2:IDL  0.000       0.000     0.000     0.000    0.000   -0.500    0.250  
S2:IDR2:IDL  0.000       0.000     0.000     0.000    0.000    0.250   -0.500  
g1:S1:IDR1:  0.000       0.000     0.000     0.000    0.000    0.000    0.000  
g1:S2:IDR1:  0.000       0.000     0.000     0.000    0.000    0.000    0.000  
g1:S1:IDR2:  0.000       0.000     0.000     0.000    0.000    0.000    0.000  
g1:S2:IDR2:  0.000       0.000     0.000     0.000    0.000    0.000    0.000  
            S1:IDR2: S2:IDR2: g1:S1:IDR1: g1:S2:IDR1: g1:S1:IDR2:
grp1                                                             
S1                                                               
S2                                                               
IDR1                                                             
IDR2                                                             
IDL1                                                             
grp1:S1                                                          
grp1:S2                                                          
grp1:IDR1                                                        
grp1:IDR2                                                        
S1:IDR1                                                          
S2:IDR1                                                          
S1:IDR2                                                          
S2:IDR2                                                          
grp1:IDL1                                                        
S1:IDL1                                                          
S2:IDL1                                                          
IDR1:IDL1                                                        
IDR2:IDL1                                                        
gr1:S1:IDR1                                                      
gr1:S2:IDR1                                                      
gr1:S1:IDR2                                                      
gr1:S2:IDR2                                                      
gr1:S1:IDL1                                                      
gr1:S2:IDL1                                                      
g1:IDR1:IDL                                                      
g1:IDR2:IDL                                                      
S1:IDR1:IDL                                                      
S2:IDR1:IDL                                                      
S1:IDR2:IDL                                                      
S2:IDR2:IDL -0.500                                               
g1:S1:IDR1:  0.000    0.000                                      
g1:S2:IDR1:  0.000    0.000   -0.500                             
g1:S1:IDR2:  0.000    0.000   -0.500       0.250                 
g1:S2:IDR2:  0.000    0.000    0.250      -0.500      -0.500     
