[1] "MTL ~(S*DID*grp)+Error(pp/(S*DID))+grp"
$ANOVA
     Effect DFn DFd          F            p p<.05         ges
2       grp   1   8  0.4159963 5.369948e-01       0.036023061
3         S   2  16 44.8958231 2.737467e-07     * 0.328220955
5       DID   2  16 87.8897901 2.347151e-09     * 0.608066620
4     grp:S   2  16  0.8253337 4.559013e-01       0.008901847
6   grp:DID   2  16  3.1897008 6.826092e-02       0.053304135
7     S:DID   4  32  5.0597054 2.829889e-03     * 0.032478169
8 grp:S:DID   4  32  3.2038923 2.545734e-02     * 0.020813676

$`Mauchly's Test for Sphericity`
     Effect         W           p p<.05
3         S 0.7595075 0.381823079      
4     grp:S 0.7595075 0.381823079      
5       DID 0.1980328 0.003456048     *
6   grp:DID 0.1980328 0.003456048     *
7     S:DID 0.1569740 0.235300461      
8 grp:S:DID 0.1569740 0.235300461      

$`Sphericity Corrections`
     Effect       GGe        p[GG] p[GG]<.05       HFe        p[HF] p[HF]<.05
3         S 0.8061314 3.132404e-06         * 0.9792486 3.551172e-07         *
4     grp:S 0.8061314 4.358810e-01           0.9792486 4.539680e-01          
5       DID 0.5549491 5.246549e-06         * 0.5797507 3.403212e-06         *
6   grp:DID 0.5549491 1.061419e-01           0.5797507 1.036037e-01          
7     S:DID 0.6375906 1.149442e-02         * 0.9612226 3.281534e-03         *
8 grp:S:DID 0.6375906 5.139819e-02           0.9612226 2.741285e-02         *

