[1] "Summary by group"
  grp vfCircularityLrel.m vfCircularityLrel.s
1   C           0.9710116           0.1547852
2   U           0.9905807           0.1946863
[1] "Summary by session\n"
  S vfCircularityLrel.m vfCircularityLrel.s
1 1           0.9705534           0.1665286
2 2           0.9940384           0.1669270
3 3           0.9777966           0.1933032
[1] "Summary by IDR+IDR\n"
  IDL IDR vfCircularityLrel.m vfCircularityLrel.s
1   D   D           1.0291656           0.1791867
2   D   M           1.0515563           0.1740282
3   D   E           1.0380976           0.1666318
4   E   D           0.8613983           0.1576576
5   E   M           0.9230950           0.1459973
6   E   E           0.9814639           0.1506348
[1] "Summary by group + Session\n"
  grp S vfCircularityLrel.m vfCircularityLrel.s
1   C 1           0.9220645           0.1528220
2   C 2           0.9906365           0.1441135
3   C 3           1.0003337           0.1568721
4   U 1           1.0190423           0.1663293
5   U 2           0.9974403           0.1877504
6   U 3           0.9552594           0.2225218
[1] "Summary by Session + IDR + IDL \n"
   S IDL IDR vfCircularityLrel.m vfCircularityLrel.s
1  1   D   D           1.0407054           0.1930313
2  1   D   M           1.0331485           0.1947557
3  1   D   E           1.0402408           0.1604870
4  1   E   D           0.8566953           0.1167003
5  1   E   M           0.8860263           0.1071077
6  1   E   E           0.9665041           0.1007335
7  2   D   D           1.0328497           0.1885661
8  2   D   M           1.0645906           0.1608215
9  2   D   E           1.0473461           0.1939263
10 2   E   D           0.8672183           0.1364310
11 2   E   M           0.9388552           0.1201867
12 2   E   E           1.0133702           0.1004174
13 3   D   D           1.0139416           0.1591482
14 3   D   M           1.0569297           0.1691055
15 3   D   E           1.0267060           0.1470457
16 3   E   D           0.8602813           0.2097388
17 3   E   M           0.9444034           0.1932630
18 3   E   E           0.9645174           0.2186888
[1] "Summary by group + IDR + IDL\n"
   grp IDL IDR vfCircularityLrel.m vfCircularityLrel.s
1    C   D   D           1.0053641           0.1631294
2    C   D   M           1.0010944           0.1648380
3    C   D   E           1.0289335           0.1690546
4    C   E   D           0.8578740           0.1060111
5    C   E   M           0.9419396           0.1045481
6    C   E   E           0.9908637           0.1483924
7    U   D   D           1.0529670           0.1928095
8    U   D   M           1.1020181           0.1699408
9    U   D   E           1.0472617           0.1655661
10   U   E   D           0.8649226           0.1975170
11   U   E   M           0.9042504           0.1773644
12   U   E   E           0.9720642           0.1539362
[1] "Summary by group + Session + IDR + IDL\n"
   grp S IDL IDR vfCircularityLrel.m vfCircularityLrel.s
1    C 1   D   D           0.9614427          0.17908472
2    C 1   D   M           0.9327352          0.17213202
3    C 1   D   E           0.9918099          0.18076821
4    C 1   E   D           0.8452836          0.10323709
5    C 1   E   M           0.8444698          0.09644895
6    C 1   E   E           0.9566456          0.11439429
7    C 2   D   D           1.0290168          0.16160362
8    C 2   D   M           1.0287005          0.12696439
9    C 2   D   E           1.0393015          0.19091124
10   C 2   E   D           0.8417115          0.10391464
11   C 2   E   M           0.9630326          0.06319934
12   C 2   E   E           1.0420560          0.07398820
13   C 3   D   D           1.0256329          0.14947121
14   C 3   D   M           1.0418476          0.17900887
15   C 3   D   E           1.0556891          0.13541847
16   C 3   E   D           0.8866271          0.11193232
17   C 3   E   M           1.0183163          0.06442138
18   C 3   E   E           0.9738894          0.21511690
19   U 1   D   D           1.1199681          0.17790352
20   U 1   D   M           1.1335617          0.16532807
21   U 1   D   E           1.0886716          0.12509415
22   U 1   E   D           0.8681070          0.13142969
23   U 1   E   M           0.9275829          0.10373309
24   U 1   E   E           0.9763627          0.08789164
25   U 2   D   D           1.0366827          0.21796078
26   U 2   D   M           1.1004808          0.18626408
27   U 2   D   E           1.0553908          0.20326153
28   U 2   E   D           0.8927251          0.16236980
29   U 2   E   M           0.9146778          0.15708178
30   U 2   E   E           0.9846844          0.11683323
31   U 3   D   D           1.0022503          0.17271630
32   U 3   D   M           1.0720117          0.16341466
33   U 3   D   E           0.9977228          0.15700673
34   U 3   E   D           0.8339355          0.27768086
35   U 3   E   M           0.8704906          0.24801673
36   U 3   E   E           0.9551454          0.22935163
