[1] "q3L ~S*IDR*IDL*grp + Error(pp/(S*IDR*IDL))"
$ANOVA
          Effect DFn DFd           F            p p<.05          ges
2            grp   1   8  1.81671755 0.2146258368       0.1011967595
3              S   2  16  7.85239632 0.0042068839     * 0.0808950933
5            IDR   2  16  3.18360215 0.0685592763       0.0187907587
7            IDL   1   8 36.98892906 0.0002953238     * 0.2008013920
4          grp:S   2  16  4.70868175 0.0246556162     * 0.0501322685
6        grp:IDR   2  16  4.81547477 0.0230590970     * 0.0281515023
8        grp:IDL   1   8  0.10355129 0.7558561992       0.0007028949
9          S:IDR   4  32  0.63334672 0.6423712427       0.0076574216
11         S:IDL   2  16  0.59252002 0.5646189828       0.0049566732
13       IDR:IDL   2  16  0.94441021 0.4095493366       0.0044444181
10     grp:S:IDR   4  32  0.95224565 0.4468883874       0.0114688211
12     grp:S:IDL   2  16  0.07823612 0.9250975957       0.0006573051
14   grp:IDR:IDL   2  16  3.08261455 0.0737194466       0.0143623412
15     S:IDR:IDL   4  32  0.20347247 0.9346013413       0.0027779444
16 grp:S:IDR:IDL   4  32  0.38608075 0.8169548930       0.0052579283

$`Mauchly's Test for Sphericity`
          Effect         W         p p<.05
3              S 0.9979157 0.9927239      
4          grp:S 0.9979157 0.9927239      
5            IDR 0.7887912 0.4358803      
6        grp:IDR 0.7887912 0.4358803      
9          S:IDR 0.1883018 0.3138331      
10     grp:S:IDR 0.1883018 0.3138331      
11         S:IDL 0.6998058 0.2866959      
12     grp:S:IDL 0.6998058 0.2866959      
13       IDR:IDL 0.8796234 0.6383203      
14   grp:IDR:IDL 0.8796234 0.6383203      
15     S:IDR:IDL 0.3397407 0.6585683      
16 grp:S:IDR:IDL 0.3397407 0.6585683      

$`Sphericity Corrections`
          Effect       GGe       p[GG] p[GG]<.05       HFe       p[HF]
3              S 0.9979200 0.004236321         * 1.3292917 0.004206884
4          grp:S 0.9979200 0.024748824         * 1.3292917 0.024655616
5            IDR 0.8256215 0.081501112           1.0128902 0.068559276
6        grp:IDR 0.8256215 0.032006089         * 1.0128902 0.023059097
9          S:IDR 0.6628220 0.583140372           1.0218157 0.642371243
10     grp:S:IDR 0.6628220 0.424001463           1.0218157 0.446888387
11         S:IDL 0.7691159 0.525809418           0.9164741 0.551650746
12     grp:S:IDL 0.7691159 0.880620067           0.9164741 0.911557834
13       IDR:IDL 0.8925570 0.401968385           1.1316399 0.409549337
14   grp:IDR:IDL 0.8925570 0.081508735           1.1316399 0.073719447
15     S:IDR:IDL 0.6473613 0.867700187           0.9844187 0.932613678
16 grp:S:IDR:IDL 0.6473613 0.735946772           0.9844187 0.814149920
   p[HF]<.05
3          *
4          *
5           
6          *
9           
10          
11          
12          
13          
14          
15          
16          

