[1] "Summary by group"
  grp     q3L.m      q3L.s
1   C 0.8769379 0.05720759
2   U 0.8468748 0.06957968
[1] "Summary by session\n"
  S     q3L.m      q3L.s
1 1 0.8435421 0.06832612
2 2 0.8676231 0.06548079
3 3 0.8745538 0.05819204
[1] "Summary by IDR+IDR\n"
  IDL IDR     q3L.m      q3L.s
1   D   D 0.8421879 0.06331849
2   D   M 0.8473128 0.05193951
3   D   E 0.8288540 0.06386646
4   E   D 0.8918038 0.06161854
5   E   M 0.8837748 0.06811477
6   E   E 0.8775047 0.05767333
[1] "Summary by group + Session\n"
  grp S     q3L.m      q3L.s
1   C 1 0.8689060 0.05736067
2   C 2 0.8863656 0.05775774
3   C 3 0.8755420 0.05575284
4   U 1 0.8181781 0.06926767
5   U 2 0.8488806 0.06765524
6   U 3 0.8735657 0.06083026
[1] "Summary by Session + IDR + IDL \n"
   S IDL IDR     q3L.m      q3L.s
1  1   D   D 0.8260843 0.06050104
2  1   D   M 0.8276777 0.06775209
3  1   D   E 0.7989850 0.06511401
4  1   E   D 0.8790860 0.06422688
5  1   E   M 0.8709887 0.06122985
6  1   E   E 0.8584307 0.05921100
7  2   D   D 0.8489323 0.06893664
8  2   D   M 0.8515737 0.04552913
9  2   D   E 0.8330430 0.06601352
10 2   E   D 0.8946810 0.06923095
11 2   E   M 0.8947640 0.05981167
12 2   E   E 0.8827443 0.05737198
13 3   D   D 0.8515470 0.05903915
14 3   D   M 0.8626870 0.03088377
15 3   D   E 0.8545340 0.04792893
16 3   E   D 0.9016443 0.04958133
17 3   E   M 0.8855717 0.08133216
18 3   E   E 0.8913390 0.05298860
[1] "Summary by group + IDR + IDL\n"
   grp IDL IDR     q3L.m      q3L.s
1    C   D   D 0.8405749 0.05741234
2    C   D   M 0.8686122 0.04193186
3    C   D   E 0.8578264 0.05491538
4    C   E   D 0.9022564 0.05596268
5    C   E   M 0.8998393 0.04820468
6    C   E   E 0.8925178 0.05696907
7    U   D   D 0.8438009 0.06934035
8    U   D   M 0.8260133 0.05263556
9    U   D   E 0.7998816 0.05931183
10   U   E   D 0.8813511 0.06576227
11   U   E   M 0.8677102 0.08082777
12   U   E   E 0.8624916 0.05496830
[1] "Summary by group + Session + IDR + IDL\n"
   grp S IDL IDR     q3L.m      q3L.s
1    C 1   D   D 0.8244373 0.04580352
2    C 1   D   M 0.8677613 0.05651617
3    C 1   D   E 0.8387160 0.05753281
4    C 1   E   D 0.9024420 0.04388733
5    C 1   E   M 0.8999807 0.05266860
6    C 1   E   E 0.8800987 0.04630269
7    C 2   D   D 0.8621153 0.05397622
8    C 2   D   M 0.8707753 0.03496921
9    C 2   D   E 0.8652140 0.05992439
10   C 2   E   D 0.9147167 0.06799945
11   C 2   E   M 0.9052753 0.05266724
12   C 2   E   E 0.9000967 0.05714901
13   C 3   D   D 0.8351720 0.06738387
14   C 3   D   M 0.8673000 0.03318837
15   C 3   D   E 0.8695493 0.04449654
16   C 3   E   D 0.8896107 0.05436104
17   C 3   E   M 0.8942620 0.04111203
18   C 3   E   E 0.8973580 0.06736632
19   U 1   D   D 0.8277313 0.07401643
20   U 1   D   M 0.7875940 0.05358701
21   U 1   D   E 0.7592540 0.04571519
22   U 1   E   D 0.8557300 0.07382277
23   U 1   E   M 0.8419967 0.05648763
24   U 1   E   E 0.8367627 0.06412718
25   U 2   D   D 0.8357493 0.08098225
26   U 2   D   M 0.8323720 0.04775922
27   U 2   D   E 0.8008720 0.05672837
28   U 2   E   D 0.8746453 0.06666389
29   U 2   E   M 0.8842527 0.06633102
30   U 2   E   E 0.8653920 0.05391631
31   U 3   D   D 0.8679220 0.04588074
32   U 3   D   M 0.8580740 0.02878674
33   U 3   D   E 0.8395187 0.04791010
34   U 3   E   D 0.9136780 0.04274087
35   U 3   E   M 0.8768813 0.10885910
36   U 3   E   E 0.8853200 0.03464516
