Post-hoc Tukey comparisons[1] "grp Tukey test"

	Pairwise comparisons using paired t tests 

data:  mdata$accTimeRrel and mdata$grp 

  C    
U 0.082

P value adjustment method: bonferroni 
[1] "S Tukey test"

	Pairwise comparisons using paired t tests 

data:  mdata$accTimeRrel and mdata$S 

  1    2   
2 1.00 -   
3 0.20 0.17

P value adjustment method: bonferroni 
[1] "IDR Tukey test"

	Pairwise comparisons using paired t tests 

data:  mdata$accTimeRrel and mdata$IDR 

  D       M      
M 0.0063  -      
E 4.7e-12 1.8e-10

P value adjustment method: bonferroni 
[1] "IDL Tukey test"
