[1] "grp Tukey test"

	 Simultaneous Tests for General Linear Hypotheses

Multiple Comparisons of Means: Tukey Contrasts


Fit: lme.formula(fixed = accTimeRrel ~ S + IDR + IDL + grp, data = mdata, 
    random = ~1 | pp)

Linear Hypotheses:
           Estimate Std. Error z value Pr(>|z|)
U - C == 0   0.1332     0.3278   0.406    0.685
(Adjusted p values reported -- single-step method)

[1] "S Tukey test"

	 Simultaneous Tests for General Linear Hypotheses

Multiple Comparisons of Means: Tukey Contrasts


Fit: lme.formula(fixed = accTimeRrel ~ S + IDR + IDL + grp, data = mdata, 
    random = ~1 | pp)

Linear Hypotheses:
           Estimate Std. Error z value Pr(>|z|)
2 - 1 == 0 -0.02055    0.05928  -0.347    0.936
3 - 1 == 0 -0.09232    0.05928  -1.557    0.264
3 - 2 == 0 -0.07177    0.05928  -1.211    0.447
(Adjusted p values reported -- single-step method)

[1] "IDR Tukey test"

	 Simultaneous Tests for General Linear Hypotheses

Multiple Comparisons of Means: Tukey Contrasts


Fit: lme.formula(fixed = accTimeRrel ~ S + IDR + IDL + grp, data = mdata, 
    random = ~1 | pp)

Linear Hypotheses:
           Estimate Std. Error z value Pr(>|z|)    
E - D == 0  -0.6975     0.0484  -14.41   <2e-16 ***
---
Signif. codes:  0 ‘***’ 0.001 ‘**’ 0.01 ‘*’ 0.05 ‘.’ 0.1 ‘ ’ 1 
(Adjusted p values reported -- single-step method)

[1] "IDL Tukey test"

	 Simultaneous Tests for General Linear Hypotheses

Multiple Comparisons of Means: Tukey Contrasts


Fit: lme.formula(fixed = accTimeRrel ~ S + IDR + IDL + grp, data = mdata, 
    random = ~1 | pp)

Linear Hypotheses:
           Estimate Std. Error z value Pr(>|z|)    
M - D == 0  0.09094    0.05928   1.534    0.275    
E - D == 0  0.53895    0.05928   9.091   <1e-04 ***
E - M == 0  0.44801    0.05928   7.557   <1e-04 ***
---
Signif. codes:  0 ‘***’ 0.001 ‘**’ 0.01 ‘*’ 0.05 ‘.’ 0.1 ‘ ’ 1 
(Adjusted p values reported -- single-step method)

