                  Estimate MCMCmean HPD95lower HPD95upper pMCMC Pr(>|t|)
(Intercept)         1.7011   1.6995     1.4773     1.8973 0.001   0.0000
grp1               -0.0666  -0.0678    -0.2906     0.1362 0.518   0.6847
S1                  0.0376   0.0378    -0.0538     0.1265 0.412   0.5839
S2                  0.0171   0.0167    -0.0781     0.0982 0.712   0.8037
IDR1               -0.2100  -0.2119    -0.3310    -0.1056 0.001   0.0531
IDR2               -0.1190  -0.1168    -0.2137     0.0022 0.048   0.2722
IDL1                0.3488   0.3476     0.2652     0.4312 0.001   0.0000
grp1:S1            -0.0232  -0.0233    -0.1127     0.0650 0.632   0.7354
grp1:S2            -0.0342  -0.0340    -0.1251     0.0579 0.440   0.6183
grp1:IDR1          -0.0674  -0.0614    -0.1696     0.0557 0.294   0.5340
grp1:IDR2          -0.0199  -0.0222    -0.1392     0.0834 0.686   0.8540
S1:IDR1             0.0382   0.0376    -0.0251     0.0918 0.234   0.4455
S2:IDR1            -0.0550  -0.0543    -0.1148     0.0025 0.080   0.2720
S1:IDR2            -0.0408  -0.0406    -0.1006     0.0182 0.218   0.4151
S2:IDR2             0.0071   0.0071    -0.0491     0.0687 0.802   0.8875
grp1:IDL1           0.0970   0.0969     0.0169     0.1790 0.026   0.1204
S1:IDL1             0.0743   0.0734     0.0301     0.1154 0.001   0.0360
S2:IDL1             0.0100   0.0099    -0.0357     0.0541 0.656   0.7764
IDR1:IDL1          -0.1533  -0.1546    -0.1937    -0.1098 0.001   0.0000
IDR2:IDL1          -0.1132  -0.1126    -0.1535    -0.0678 0.001   0.0015
grp1:S1:IDR1        0.0305   0.0294    -0.0288     0.0930 0.354   0.5424
grp1:S2:IDR1        0.0118   0.0118    -0.0497     0.0682 0.726   0.8141
grp1:S1:IDR2        0.0588   0.0601    -0.0062     0.1193 0.064   0.2398
grp1:S2:IDR2       -0.0115  -0.0128    -0.0731     0.0512 0.678   0.8176
grp1:S1:IDL1       -0.0923  -0.0932    -0.1345    -0.0510 0.001   0.0093
grp1:S2:IDL1       -0.0032  -0.0020    -0.0469     0.0394 0.928   0.9280
grp1:IDR1:IDL1     -0.0580  -0.0568    -0.0983    -0.0079 0.012   0.1017
grp1:IDR2:IDL1      0.0355   0.0344    -0.0058     0.0790 0.108   0.3161
S1:IDR1:IDL1        0.0488   0.0496    -0.0153     0.1098 0.128   0.3296
S2:IDR1:IDL1       -0.0170  -0.0173    -0.0846     0.0399 0.594   0.7346
S1:IDR2:IDL1        0.0273   0.0269    -0.0346     0.0819 0.422   0.5851
S2:IDR2:IDL1        0.0280   0.0288    -0.0314     0.0929 0.366   0.5760
grp1:S1:IDR1:IDL1   0.0246   0.0231    -0.0368     0.0834 0.474   0.6230
grp1:S2:IDR1:IDL1  -0.0079  -0.0070    -0.0646     0.0523 0.802   0.8738
grp1:S1:IDR2:IDL1   0.0380   0.0380    -0.0222     0.0944 0.220   0.4474
grp1:S2:IDR2:IDL1  -0.0347  -0.0351    -0.0903     0.0309 0.252   0.4877
NULL
       Length Class      Mode
fixed  6      data.frame list
random 7      data.frame list
Analysis of Variance Table
              Df  Sum Sq Mean Sq F value
grp            1 0.00343 0.00343  0.1592
S              2 0.01431 0.00716  0.3323
IDR            2 0.20384 0.10192  4.7325
IDL            1 0.67339 0.67339 31.2689
grp:S          2 0.01526 0.00763  0.3542
grp:IDR        2 0.01538 0.00769  0.3572
S:IDR          4 0.04772 0.01193  0.5539
grp:IDL        1 0.05211 0.05211  2.4197
S:IDL          2 0.14637 0.07318  3.3983
IDR:IDL        2 1.23308 0.61654 28.6290
grp:S:IDR      4 0.09451 0.02363  1.0972
grp:S:IDL      2 0.20266 0.10133  4.7051
grp:IDR:IDL    2 0.05887 0.02943  1.3667
S:IDR:IDL      4 0.08338 0.02084  0.9679
grp:S:IDR:IDL  4 0.03732 0.00933  0.4332
Linear mixed model fit by REML 
Formula: get(vname) ~ (1 | pp) + (1 | pp/S) + (1 | pp/IDR) + (1 | pp/IDL) +      (1 | pp/S:IDR:IDL) + grp * S * IDR * IDL 
   Data: mdata 
   AIC   BIC logLik deviance REMLdev
 286.1 483.5 -97.04    45.19   194.1
Random effects:
 Groups       Name        Variance Std.Dev.
 S:IDR:IDL:pp (Intercept) 0.105316 0.32452 
 IDR:pp       (Intercept) 0.157143 0.39641 
 S:pp         (Intercept) 0.051937 0.22790 
 IDL:pp       (Intercept) 0.065298 0.25554 
 pp           (Intercept) 0.032016 0.17893 
 pp           (Intercept) 0.032015 0.17893 
 pp           (Intercept) 0.032014 0.17893 
 pp           (Intercept) 0.032016 0.17893 
 pp           (Intercept) 0.032015 0.17893 
 Residual                 0.021536 0.14675 
Number of obs: 540, groups: S:IDR:IDL:pp, 180; IDR:pp, 30; S:pp, 30; IDL:pp, 20; pp, 10

Fixed effects:
                   Estimate Std. Error t value
(Intercept)        1.701074   0.163907  10.378
grp1              -0.066594   0.163907  -0.406
S1                 0.037622   0.068647   0.548
S2                 0.017072   0.068647   0.249
IDR1              -0.209962   0.108287  -1.939
IDR2              -0.119024   0.108287  -1.099
IDL1               0.348759   0.062369   5.592
grp1:S1           -0.023208   0.068647  -0.338
grp1:S2           -0.034221   0.068647  -0.499
grp1:IDR1         -0.067396   0.108287  -0.622
grp1:IDR2         -0.019931   0.108287  -0.184
S1:IDR1            0.038178   0.049999   0.764
S2:IDR1           -0.054979   0.049999  -1.100
S1:IDR2           -0.040778   0.049999  -0.816
S2:IDR2            0.007079   0.049999   0.142
grp1:IDL1          0.097017   0.062369   1.556
S1:IDL1            0.074323   0.035354   2.102
S2:IDL1            0.010047   0.035354   0.284
IDR1:IDL1         -0.153347   0.035354  -4.337
IDR2:IDL1         -0.113169   0.035354  -3.201
grp1:S1:IDR1       0.030478   0.049999   0.610
grp1:S2:IDR1       0.011764   0.049999   0.235
grp1:S1:IDR2       0.058848   0.049999   1.177
grp1:S2:IDR2      -0.011535   0.049999  -0.231
grp1:S1:IDL1      -0.092284   0.035354  -2.610
grp1:S2:IDL1      -0.003198   0.035354  -0.090
grp1:IDR1:IDL1    -0.057970   0.035354  -1.640
grp1:IDR2:IDL1     0.035475   0.035354   1.003
S1:IDR1:IDL1       0.048797   0.049999   0.976
S2:IDR1:IDL1      -0.016961   0.049999  -0.339
S1:IDR2:IDL1       0.027316   0.049999   0.546
S2:IDR2:IDL1       0.027982   0.049999   0.560
grp1:S1:IDR1:IDL1  0.024598   0.049999   0.492
grp1:S2:IDR1:IDL1 -0.007947   0.049999  -0.159
grp1:S1:IDR2:IDL1  0.038021   0.049999   0.760
grp1:S2:IDR2:IDL1 -0.034720   0.049999  -0.694

Correlation of Fixed Effects:
            (Intr) grp1   S1     S2     IDR1   IDR2   IDL1   gr1:S1 gr1:S2
grp1         0.000                                                        
S1           0.000  0.000                                                 
S2           0.000  0.000 -0.500                                          
IDR1         0.000  0.000  0.000  0.000                                   
IDR2         0.000  0.000  0.000  0.000 -0.500                            
IDL1         0.000  0.000  0.000  0.000  0.000  0.000                     
grp1:S1      0.000  0.000  0.000  0.000  0.000  0.000  0.000              
grp1:S2      0.000  0.000  0.000  0.000  0.000  0.000  0.000 -0.500       
grp1:IDR1    0.000  0.000  0.000  0.000  0.000  0.000  0.000  0.000  0.000
grp1:IDR2    0.000  0.000  0.000  0.000  0.000  0.000  0.000  0.000  0.000
S1:IDR1      0.000  0.000  0.000  0.000  0.000  0.000  0.000  0.000  0.000
S2:IDR1      0.000  0.000  0.000  0.000  0.000  0.000  0.000  0.000  0.000
S1:IDR2      0.000  0.000  0.000  0.000  0.000  0.000  0.000  0.000  0.000
S2:IDR2      0.000  0.000  0.000  0.000  0.000  0.000  0.000  0.000  0.000
grp1:IDL1    0.000  0.000  0.000  0.000  0.000  0.000  0.000  0.000  0.000
S1:IDL1      0.000  0.000  0.000  0.000  0.000  0.000  0.000  0.000  0.000
S2:IDL1      0.000  0.000  0.000  0.000  0.000  0.000  0.000  0.000  0.000
IDR1:IDL1    0.000  0.000  0.000  0.000  0.000  0.000  0.000  0.000  0.000
IDR2:IDL1    0.000  0.000  0.000  0.000  0.000  0.000  0.000  0.000  0.000
gr1:S1:IDR1  0.000  0.000  0.000  0.000  0.000  0.000  0.000  0.000  0.000
gr1:S2:IDR1  0.000  0.000  0.000  0.000  0.000  0.000  0.000  0.000  0.000
gr1:S1:IDR2  0.000  0.000  0.000  0.000  0.000  0.000  0.000  0.000  0.000
gr1:S2:IDR2  0.000  0.000  0.000  0.000  0.000  0.000  0.000  0.000  0.000
gr1:S1:IDL1  0.000  0.000  0.000  0.000  0.000  0.000  0.000  0.000  0.000
gr1:S2:IDL1  0.000  0.000  0.000  0.000  0.000  0.000  0.000  0.000  0.000
g1:IDR1:IDL  0.000  0.000  0.000  0.000  0.000  0.000  0.000  0.000  0.000
g1:IDR2:IDL  0.000  0.000  0.000  0.000  0.000  0.000  0.000  0.000  0.000
S1:IDR1:IDL  0.000  0.000  0.000  0.000  0.000  0.000  0.000  0.000  0.000
S2:IDR1:IDL  0.000  0.000  0.000  0.000  0.000  0.000  0.000  0.000  0.000
S1:IDR2:IDL  0.000  0.000  0.000  0.000  0.000  0.000  0.000  0.000  0.000
S2:IDR2:IDL  0.000  0.000  0.000  0.000  0.000  0.000  0.000  0.000  0.000
g1:S1:IDR1:  0.000  0.000  0.000  0.000  0.000  0.000  0.000  0.000  0.000
g1:S2:IDR1:  0.000  0.000  0.000  0.000  0.000  0.000  0.000  0.000  0.000
g1:S1:IDR2:  0.000  0.000  0.000  0.000  0.000  0.000  0.000  0.000  0.000
g1:S2:IDR2:  0.000  0.000  0.000  0.000  0.000  0.000  0.000  0.000  0.000
            gr1:IDR1 gr1:IDR2 S1:IDR1 S2:IDR1 S1:IDR2 S2:IDR2 g1:IDL S1:IDL
grp1                                                                       
S1                                                                         
S2                                                                         
IDR1                                                                       
IDR2                                                                       
IDL1                                                                       
grp1:S1                                                                    
grp1:S2                                                                    
grp1:IDR1                                                                  
grp1:IDR2   -0.500                                                         
S1:IDR1      0.000    0.000                                                
S2:IDR1      0.000    0.000   -0.500                                       
S1:IDR2      0.000    0.000   -0.500   0.250                               
S2:IDR2      0.000    0.000    0.250  -0.500  -0.500                       
grp1:IDL1    0.000    0.000    0.000   0.000   0.000   0.000               
S1:IDL1      0.000    0.000    0.000   0.000   0.000   0.000   0.000       
S2:IDL1      0.000    0.000    0.000   0.000   0.000   0.000   0.000 -0.500
IDR1:IDL1    0.000    0.000    0.000   0.000   0.000   0.000   0.000  0.000
IDR2:IDL1    0.000    0.000    0.000   0.000   0.000   0.000   0.000  0.000
gr1:S1:IDR1  0.000    0.000    0.000   0.000   0.000   0.000   0.000  0.000
gr1:S2:IDR1  0.000    0.000    0.000   0.000   0.000   0.000   0.000  0.000
gr1:S1:IDR2  0.000    0.000    0.000   0.000   0.000   0.000   0.000  0.000
gr1:S2:IDR2  0.000    0.000    0.000   0.000   0.000   0.000   0.000  0.000
gr1:S1:IDL1  0.000    0.000    0.000   0.000   0.000   0.000   0.000  0.000
gr1:S2:IDL1  0.000    0.000    0.000   0.000   0.000   0.000   0.000  0.000
g1:IDR1:IDL  0.000    0.000    0.000   0.000   0.000   0.000   0.000  0.000
g1:IDR2:IDL  0.000    0.000    0.000   0.000   0.000   0.000   0.000  0.000
S1:IDR1:IDL  0.000    0.000    0.000   0.000   0.000   0.000   0.000  0.000
S2:IDR1:IDL  0.000    0.000    0.000   0.000   0.000   0.000   0.000  0.000
S1:IDR2:IDL  0.000    0.000    0.000   0.000   0.000   0.000   0.000  0.000
S2:IDR2:IDL  0.000    0.000    0.000   0.000   0.000   0.000   0.000  0.000
g1:S1:IDR1:  0.000    0.000    0.000   0.000   0.000   0.000   0.000  0.000
g1:S2:IDR1:  0.000    0.000    0.000   0.000   0.000   0.000   0.000  0.000
g1:S1:IDR2:  0.000    0.000    0.000   0.000   0.000   0.000   0.000  0.000
g1:S2:IDR2:  0.000    0.000    0.000   0.000   0.000   0.000   0.000  0.000
            S2:IDL IDR1:I IDR2:I gr1:S1:IDR1 gr1:S2:IDR1 gr1:S1:IDR2
grp1                                                                
S1                                                                  
S2                                                                  
IDR1                                                                
IDR2                                                                
IDL1                                                                
grp1:S1                                                             
grp1:S2                                                             
grp1:IDR1                                                           
grp1:IDR2                                                           
S1:IDR1                                                             
S2:IDR1                                                             
S1:IDR2                                                             
S2:IDR2                                                             
grp1:IDL1                                                           
S1:IDL1                                                             
S2:IDL1                                                             
IDR1:IDL1    0.000                                                  
IDR2:IDL1    0.000 -0.500                                           
gr1:S1:IDR1  0.000  0.000  0.000                                    
gr1:S2:IDR1  0.000  0.000  0.000 -0.500                             
gr1:S1:IDR2  0.000  0.000  0.000 -0.500       0.250                 
gr1:S2:IDR2  0.000  0.000  0.000  0.250      -0.500      -0.500     
gr1:S1:IDL1  0.000  0.000  0.000  0.000       0.000       0.000     
gr1:S2:IDL1  0.000  0.000  0.000  0.000       0.000       0.000     
g1:IDR1:IDL  0.000  0.000  0.000  0.000       0.000       0.000     
g1:IDR2:IDL  0.000  0.000  0.000  0.000       0.000       0.000     
S1:IDR1:IDL  0.000  0.000  0.000  0.000       0.000       0.000     
S2:IDR1:IDL  0.000  0.000  0.000  0.000       0.000       0.000     
S1:IDR2:IDL  0.000  0.000  0.000  0.000       0.000       0.000     
S2:IDR2:IDL  0.000  0.000  0.000  0.000       0.000       0.000     
g1:S1:IDR1:  0.000  0.000  0.000  0.000       0.000       0.000     
g1:S2:IDR1:  0.000  0.000  0.000  0.000       0.000       0.000     
g1:S1:IDR2:  0.000  0.000  0.000  0.000       0.000       0.000     
g1:S2:IDR2:  0.000  0.000  0.000  0.000       0.000       0.000     
            gr1:S2:IDR2 g1:S1:IDL g1:S2:IDL g1:IDR1: g1:IDR2: S1:IDR1: S2:IDR1:
grp1                                                                           
S1                                                                             
S2                                                                             
IDR1                                                                           
IDR2                                                                           
IDL1                                                                           
grp1:S1                                                                        
grp1:S2                                                                        
grp1:IDR1                                                                      
grp1:IDR2                                                                      
S1:IDR1                                                                        
S2:IDR1                                                                        
S1:IDR2                                                                        
S2:IDR2                                                                        
grp1:IDL1                                                                      
S1:IDL1                                                                        
S2:IDL1                                                                        
IDR1:IDL1                                                                      
IDR2:IDL1                                                                      
gr1:S1:IDR1                                                                    
gr1:S2:IDR1                                                                    
gr1:S1:IDR2                                                                    
gr1:S2:IDR2                                                                    
gr1:S1:IDL1  0.000                                                             
gr1:S2:IDL1  0.000      -0.500                                                 
g1:IDR1:IDL  0.000       0.000     0.000                                       
g1:IDR2:IDL  0.000       0.000     0.000    -0.500                             
S1:IDR1:IDL  0.000       0.000     0.000     0.000    0.000                    
S2:IDR1:IDL  0.000       0.000     0.000     0.000    0.000   -0.500           
S1:IDR2:IDL  0.000       0.000     0.000     0.000    0.000   -0.500    0.250  
S2:IDR2:IDL  0.000       0.000     0.000     0.000    0.000    0.250   -0.500  
g1:S1:IDR1:  0.000       0.000     0.000     0.000    0.000    0.000    0.000  
g1:S2:IDR1:  0.000       0.000     0.000     0.000    0.000    0.000    0.000  
g1:S1:IDR2:  0.000       0.000     0.000     0.000    0.000    0.000    0.000  
g1:S2:IDR2:  0.000       0.000     0.000     0.000    0.000    0.000    0.000  
            S1:IDR2: S2:IDR2: g1:S1:IDR1: g1:S2:IDR1: g1:S1:IDR2:
grp1                                                             
S1                                                               
S2                                                               
IDR1                                                             
IDR2                                                             
IDL1                                                             
grp1:S1                                                          
grp1:S2                                                          
grp1:IDR1                                                        
grp1:IDR2                                                        
S1:IDR1                                                          
S2:IDR1                                                          
S1:IDR2                                                          
S2:IDR2                                                          
grp1:IDL1                                                        
S1:IDL1                                                          
S2:IDL1                                                          
IDR1:IDL1                                                        
IDR2:IDL1                                                        
gr1:S1:IDR1                                                      
gr1:S2:IDR1                                                      
gr1:S1:IDR2                                                      
gr1:S2:IDR2                                                      
gr1:S1:IDL1                                                      
gr1:S2:IDL1                                                      
g1:IDR1:IDL                                                      
g1:IDR2:IDL                                                      
S1:IDR1:IDL                                                      
S2:IDR1:IDL                                                      
S1:IDR2:IDL                                                      
S2:IDR2:IDL -0.500                                               
g1:S1:IDR1:  0.000    0.000                                      
g1:S2:IDR1:  0.000    0.000   -0.500                             
g1:S1:IDR2:  0.000    0.000   -0.500       0.250                 
g1:S2:IDR2:  0.000    0.000    0.250      -0.500      -0.500     
