[1] "Summary by group"
  grp accTimeRrel.m accTimeRrel.s
1   C      1.634479     0.8143352
2   U      1.767668     0.8627474
[1] "Summary by session\n"
  S accTimeRrel.m accTimeRrel.s
1 1      1.738696     0.8314883
2 2      1.718146     0.8956609
3 3      1.646379     0.7938618
[1] "Summary by IDR+IDR\n"
  IDL IDR accTimeRrel.m accTimeRrel.s
1   D   D      1.686523     0.4757612
2   D   M      1.817639     0.5670537
3   D   E      2.645335     1.2020227
4   E   D      1.295700     0.4388259
5   E   M      1.346459     0.5572277
6   E   E      1.414785     0.7023604
[1] "Summary by group + Session\n"
  grp S accTimeRrel.m accTimeRrel.s
1   C 1      1.648893     0.6971961
2   C 2      1.617331     0.8840770
3   C 3      1.637214     0.8579849
4   U 1      1.828499     0.9424018
5   U 2      1.818962     0.9007122
6   U 3      1.655544     0.7288391
[1] "Summary by Session + IDR + IDL \n"
   S IDL IDR accTimeRrel.m accTimeRrel.s
1  1   D   D      1.885443     0.4885813
2  1   D   M      1.916122     0.6000306
3  1   D   E      2.683768     1.2162645
4  1   E   D      1.248381     0.3229142
5  1   E   M      1.241664     0.3336543
6  1   E   E      1.456798     0.6391605
7  2   D   D      1.641703     0.5313948
8  2   D   M      1.879820     0.6450352
9  2   D   E      2.709333     1.2856656
10 2   E   D      1.264708     0.4570063
11 2   E   M      1.332583     0.6032109
12 2   E   E      1.480731     0.7438095
13 3   D   D      1.532424     0.3255563
14 3   D   M      1.656976     0.4122893
15 3   D   E      2.542905     1.1337405
16 3   E   D      1.374012     0.5178828
17 3   E   M      1.465131     0.6720157
18 3   E   E      1.306826     0.7306103
[1] "Summary by group + IDR + IDL\n"
   grp IDL IDR accTimeRrel.m accTimeRrel.s
1    C   D   D      1.591580     0.3761398
2    C   D   M      1.863606     0.4328178
3    C   D   E      2.785580     1.0334883
4    C   E   D      1.122664     0.3005245
5    C   E   M      1.127443     0.2455567
6    C   E   E      1.316005     0.6792607
7    U   D   D      1.781467     0.5458225
8    U   D   M      1.771673     0.6773142
9    U   D   E      2.505091     1.3469321
10   U   E   D      1.468737     0.4878049
11   U   E   M      1.565476     0.6853081
12   U   E   E      1.513566     0.7186641
[1] "Summary by group + Session + IDR + IDL\n"
   grp S IDL IDR accTimeRrel.m accTimeRrel.s
1    C 1   D   D      1.730083     0.3922007
2    C 1   D   M      1.943465     0.4602310
3    C 1   D   E      2.556575     0.8067301
4    C 1   E   D      1.150300     0.2399695
5    C 1   E   M      1.112551     0.1470135
6    C 1   E   E      1.400386     0.6090578
7    C 2   D   D      1.513157     0.4071151
8    C 2   D   M      1.842111     0.4739871
9    C 2   D   E      2.854596     1.1934483
10   C 2   E   D      1.080360     0.3670057
11   C 2   E   M      1.105728     0.3394799
12   C 2   E   E      1.308031     0.7114972
13   C 3   D   D      1.531499     0.3067256
14   C 3   D   M      1.805241     0.3759008
15   C 3   D   E      2.945567     1.0922594
16   C 3   E   D      1.137331     0.2976613
17   C 3   E   M      1.164050     0.2246557
18   C 3   E   E      1.239597     0.7476411
19   U 1   D   D      2.040803     0.5375232
20   U 1   D   M      1.888780     0.7296409
21   U 1   D   E      2.810960     1.5423301
22   U 1   E   D      1.346462     0.3712088
23   U 1   E   M      1.370778     0.4162536
24   U 1   E   E      1.513211     0.6844428
25   U 2   D   D      1.770249     0.6194995
26   U 2   D   M      1.917528     0.7963350
27   U 2   D   E      2.564070     1.3979995
28   U 2   E   D      1.449056     0.4744591
29   U 2   E   M      1.559437     0.7267684
30   U 2   E   E      1.653431     0.7588699
31   U 3   D   D      1.533348     0.3542060
32   U 3   D   M      1.508711     0.4045983
33   U 3   D   E      2.140243     1.0592831
34   U 3   E   D      1.610694     0.5890004
35   U 3   E   M      1.766213     0.8311119
36   U 3   E   E      1.374055     0.7328427
