Linear mixed-effects model fit by REML
 Data: mdata 
       AIC      BIC    logLik
  242.7503 271.3579 -113.3751

Random effects:
 Formula: ~1 | pp
        (Intercept)  Residual
StdDev:   0.2625052 0.3354299

Fixed effects: f ~ S + ID + grp 
                 Value  Std.Error  DF    t-value p-value
(Intercept)  1.0358600 0.08548457 256  12.117508  0.0000
S1          -0.1949269 0.02886921 256  -6.752069  0.0000
S2           0.0508928 0.02886921 256   1.762874  0.0791
ID1         -0.5586038 0.02886921 256 -19.349465  0.0000
ID2         -0.1566444 0.02886921 256  -5.426004  0.0000
grp1         0.0206177 0.08548457   8   0.241186  0.8155
 Correlation: 
     (Intr) S1   S2   ID1  ID2 
S1    0.0                      
S2    0.0   -0.5               
ID1   0.0    0.0  0.0          
ID2   0.0    0.0  0.0 -0.5     
grp1  0.0    0.0  0.0  0.0  0.0

Standardized Within-Group Residuals:
         Min           Q1          Med           Q3          Max 
-1.976064118 -0.622596380 -0.003894067  0.526211204  4.190962438 

Number of Observations: 270
Number of Groups: 10 
            numDF denDF  F-value p-value
(Intercept)     1   256 146.8340  <.0001
S               2   256  24.5301  <.0001
ID              2   256 339.2224  <.0001
grp             1     8   0.0582  0.8155
