[1] "d3D ~S*IDR*IDL*grp + Error(pp/(S*IDR*IDL))"
$ANOVA
          Effect DFn DFd           F            p p<.05         ges
2            grp   1   8   9.8507840 1.383453e-02     * 0.351522148
3              S   2  16  14.6924475 2.385993e-04     * 0.214394505
4          grp:S   2  16   6.4675878 8.740794e-03     * 0.107247769
5            IDR   2  16  77.9773183 5.618867e-09     * 0.354170735
6        grp:IDR   2  16   1.4009168 2.750162e-01       0.009756210
7            IDL   1   8 143.3379667 2.181838e-06     * 0.447341340
8        grp:IDL   1   8   1.4084439 2.693591e-01       0.007890779
9          S:IDR   4  32   2.0524341 1.104584e-01       0.020907549
10     grp:S:IDR   4  32   0.8744657 4.900165e-01       0.009016118
11         S:IDL   2  16   0.7867353 4.721712e-01       0.001692090
12     grp:S:IDL   2  16   0.6298448 5.453760e-01       0.001355111
13       IDR:IDL   2  16   0.8341279 4.522832e-01       0.010332520
14   grp:IDR:IDL   2  16  15.0794677 2.084076e-04     * 0.158775114
15     S:IDR:IDL   4  32   4.5987381 4.778363e-03     * 0.059033330
16 grp:S:IDR:IDL   4  32   3.8805034 1.112486e-02     * 0.050277004

$`Mauchly's Test for Sphericity`
          Effect          W            p p<.05
3              S 0.87956598 0.6381745394      
4          grp:S 0.87956598 0.6381745394      
5            IDR 0.75264392 0.3698822163      
6        grp:IDR 0.75264392 0.3698822163      
9          S:IDR 0.24930343 0.4630689596      
10     grp:S:IDR 0.24930343 0.4630689596      
11         S:IDL 0.98709823 0.9555673673      
12     grp:S:IDL 0.98709823 0.9555673673      
13       IDR:IDL 0.13593379 0.0009260747     *
14   grp:IDR:IDL 0.13593379 0.0009260747     *
15     S:IDR:IDL 0.01721426 0.0027732724     *
16 grp:S:IDR:IDL 0.01721426 0.0027732724     *

$`Sphericity Corrections`
          Effect       GGe        p[GG] p[GG]<.05       HFe        p[HF]
3              S 0.8925113 4.554514e-04         * 1.1315570 2.385993e-04
4          grp:S 0.8925113 1.169986e-02         * 1.1315570 8.740794e-03
5            IDR 0.8016957 1.453074e-07         * 0.9716495 8.937370e-09
6        grp:IDR 0.8016957 2.760507e-01           0.9716495 2.752866e-01
9          S:IDR 0.5579205 1.541037e-01           0.7838132 1.299293e-01
10     grp:S:IDR 0.5579205 4.448965e-01           0.7838132 4.714604e-01
11         S:IDL 0.9872626 4.708735e-01           1.3086708 4.721712e-01
12     grp:S:IDL 0.9872626 5.435844e-01           1.3086708 5.453760e-01
13       IDR:IDL 0.5364616 3.945202e-01           0.5526364 3.973538e-01
14   grp:IDR:IDL 0.5364616 3.697053e-03         * 0.5526364 3.339072e-03
15     S:IDR:IDL 0.5316469 2.365527e-02         * 0.7295286 1.192981e-02
16 grp:S:IDR:IDL 0.5316469 3.876359e-02         * 0.7295286 2.271092e-02
   p[HF]<.05
3          *
4          *
5          *
6           
9           
10          
11          
12          
13          
14         *
15         *
16         *

