[1] "vfCircularityL ~S*IDR*IDL*grp + Error(pp/(S*IDR*IDL))"
$ANOVA
          Effect DFn DFd           F            p p<.05          ges
2            grp   1   8  0.28922646 6.053502e-01       0.0110056899
3              S   2  16  2.27341108 1.352081e-01       0.0667730453
5            IDR   2  16 13.76564566 3.330792e-04     * 0.1071223060
7            IDL   1   8 57.40435390 6.445121e-05     * 0.3241754148
4          grp:S   2  16  0.05185759 9.496230e-01       0.0016294461
6        grp:IDR   2  16  0.28565049 7.552783e-01       0.0024833988
8        grp:IDL   1   8  0.16005489 6.995760e-01       0.0013356411
9          S:IDR   4  32  1.59409538 1.998360e-01       0.0144019805
11         S:IDL   2  16  0.63353646 5.435132e-01       0.0053470576
13       IDR:IDL   2  16 18.28484106 7.363377e-05     * 0.0868861156
10     grp:S:IDR   4  32  1.64967698 1.860209e-01       0.0148966564
12     grp:S:IDL   2  16  0.04234320 9.586478e-01       0.0003591694
14   grp:IDR:IDL   2  16  3.67927479 4.846106e-02     * 0.0187870988
15     S:IDR:IDL   4  32  0.14068511 9.658016e-01       0.0021232143
16 grp:S:IDR:IDL   4  32  1.70839618 1.724390e-01       0.0251871265

$`Mauchly's Test for Sphericity`
          Effect         W          p p<.05
3              S 0.5678333 0.13796632      
4          grp:S 0.5678333 0.13796632      
5            IDR 0.3674771 0.03008195     *
6        grp:IDR 0.3674771 0.03008195     *
9          S:IDR 0.1949216 0.33024618      
10     grp:S:IDR 0.1949216 0.33024618      
11         S:IDL 0.9783756 0.92633850      
12     grp:S:IDL 0.9783756 0.92633850      
13       IDR:IDL 0.6054550 0.17269765      
14   grp:IDR:IDL 0.6054550 0.17269765      
15     S:IDR:IDL 0.3425076 0.66383610      
16 grp:S:IDR:IDL 0.3425076 0.66383610      

$`Sphericity Corrections`
          Effect       GGe        p[GG] p[GG]<.05       HFe        p[HF]
3              S 0.6982428 0.1561789338           0.8002080 0.1489088152
4          grp:S 0.6982428 0.8952483459           0.8002080 0.9185889798
5            IDR 0.6125488 0.0030851529         * 0.6661261 0.0022605299
6        grp:IDR 0.6125488 0.6511376997           0.6661261 0.6691709553
9          S:IDR 0.6433125 0.2242818930           0.9747663 0.2015142333
10     grp:S:IDR 0.6433125 0.2125001535           0.9747663 0.1878079616
11         S:IDL 0.9788334 0.5405436880           1.2924643 0.5435131760
12     grp:S:IDL 0.9788334 0.9563427567           1.2924643 0.9586477923
13       IDR:IDL 0.7170797 0.0005582101         * 0.8306199 0.0002467799
14   grp:IDR:IDL 0.7170797 0.0693921752           0.8306199 0.0600556147
15     S:IDR:IDL 0.7006591 0.9254044657           1.1170918 0.9658015941
16 grp:S:IDR:IDL 0.7006591 0.1960070679           1.1170918 0.1724389997
   p[HF]<.05
3           
4           
5          *
6           
9           
10          
11          
12          
13         *
14          
15          
16          

