                  Estimate MCMCmean HPD95lower HPD95upper pMCMC Pr(>|t|)
(Intercept)         1.3360   1.3358     1.2778     1.4002 0.001   0.0000
grp1               -0.0127  -0.0112    -0.0705     0.0455 0.642   0.5910
S1                 -0.0452  -0.0459    -0.0775    -0.0071 0.014   0.0344
S2                  0.0265   0.0278    -0.0041     0.0675 0.100   0.2135
IDR1               -0.0542  -0.0537    -0.0736    -0.0318 0.001   0.0000
IDR2                0.0073   0.0074    -0.0113     0.0293 0.496   0.5165
IDL1               -0.0832  -0.0830    -0.1043    -0.0615 0.001   0.0000
grp1:S1            -0.0068  -0.0068    -0.0442     0.0278 0.672   0.7502
grp1:S2             0.0025   0.0027    -0.0327     0.0381 0.854   0.9057
grp1:IDR1          -0.0035  -0.0042    -0.0245     0.0176 0.690   0.7563
grp1:IDR2          -0.0049  -0.0047    -0.0252     0.0163 0.632   0.6590
S1:IDR1             0.0212   0.0213    -0.0008     0.0445 0.068   0.1180
S2:IDR1            -0.0105  -0.0105    -0.0328     0.0130 0.378   0.4391
S1:IDR2            -0.0229  -0.0234    -0.0464    -0.0026 0.040   0.0906
S2:IDR2             0.0010   0.0011    -0.0232     0.0231 0.922   0.9414
grp1:IDL1           0.0044   0.0042    -0.0177     0.0255 0.682   0.6893
S1:IDL1             0.0115   0.0116    -0.0050     0.0273 0.146   0.2311
S2:IDL1            -0.0100  -0.0101    -0.0259     0.0055 0.218   0.2980
IDR1:IDL1           0.0418   0.0419     0.0256     0.0581 0.001   0.0000
IDR2:IDL1           0.0065   0.0069    -0.0074     0.0231 0.404   0.4981
grp1:S1:IDR1        0.0085   0.0077    -0.0171     0.0300 0.546   0.5277
grp1:S2:IDR1       -0.0141  -0.0137    -0.0366     0.0093 0.252   0.2969
grp1:S1:IDR2       -0.0226  -0.0226    -0.0456     0.0014 0.058   0.0956
grp1:S2:IDR2        0.0050   0.0051    -0.0166     0.0265 0.640   0.7128
grp1:S1:IDL1        0.0031   0.0030    -0.0140     0.0195 0.696   0.7432
grp1:S2:IDL1       -0.0022  -0.0018    -0.0173     0.0157 0.830   0.8172
grp1:IDR1:IDL1      0.0089   0.0086    -0.0085     0.0256 0.290   0.3500
grp1:IDR2:IDL1     -0.0233  -0.0230    -0.0383    -0.0051 0.012   0.0151
S1:IDR1:IDL1       -0.0032  -0.0031    -0.0251     0.0200 0.802   0.8133
S2:IDR1:IDL1        0.0042   0.0043    -0.0184     0.0282 0.694   0.7558
S1:IDR2:IDL1        0.0011   0.0011    -0.0209     0.0262 0.884   0.9360
S2:IDR2:IDL1        0.0058   0.0052    -0.0179     0.0269 0.694   0.6695
grp1:S1:IDR1:IDL1  -0.0173  -0.0169    -0.0419     0.0058 0.146   0.2007
grp1:S2:IDR1:IDL1   0.0241   0.0233    -0.0009     0.0456 0.060   0.0750
grp1:S1:IDR2:IDL1   0.0234   0.0233    -0.0011     0.0456 0.052   0.0834
grp1:S2:IDR2:IDL1  -0.0014  -0.0011    -0.0241     0.0213 0.918   0.9195
NULL
       Length Class      Mode
fixed  6      data.frame list
random 7      data.frame list
Analysis of Variance Table
              Df  Sum Sq Mean Sq F value
grp            1 0.00480 0.00480  0.2892
S              2 0.07539 0.03769  2.2734
IDR            2 0.45648 0.22824 13.7656
IDL            1 0.95179 0.95179 57.4044
grp:S          2 0.00172 0.00086  0.0519
grp:IDR        2 0.00947 0.00474  0.2857
S:IDR          4 0.07655 0.01914  1.1542
grp:IDL        1 0.00265 0.00265  0.1601
S:IDL          2 0.02816 0.01408  0.8493
IDR:IDL        2 0.49848 0.24924 15.0322
grp:S:IDR      4 0.07922 0.01980  1.1945
grp:S:IDL      2 0.00188 0.00094  0.0568
grp:IDR:IDL    2 0.10030 0.05015  3.0248
S:IDR:IDL      4 0.01115 0.00279  0.1681
grp:S:IDR:IDL  4 0.13536 0.03384  2.0409
Linear mixed model fit by REML 
Formula: get(vname) ~ (1 | pp) + (1 | pp/S) + (1 | pp/IDR) + (1 | pp/IDL) +      (1 | pp/S:IDR:IDL) + grp * S * IDR * IDL 
   Data: mdata 
    AIC    BIC logLik deviance REMLdev
 -228.2 -30.75  160.1   -574.1  -320.2
Random effects:
 Groups       Name        Variance   Std.Dev.
 S:IDR:IDL:pp (Intercept) 0.00268675 0.051834
 IDR:pp       (Intercept) 0.00051589 0.022713
 S:pp         (Intercept) 0.00543740 0.073739
 IDL:pp       (Intercept) 0.00149683 0.038689
 pp           (Intercept) 0.00047453 0.021784
 pp           (Intercept) 0.00047215 0.021729
 pp           (Intercept) 0.00046992 0.021678
 pp           (Intercept) 0.00047041 0.021689
 pp           (Intercept) 0.00047102 0.021703
 Residual                 0.01658050 0.128765
Number of obs: 540, groups: S:IDR:IDL:pp, 180; IDR:pp, 30; S:pp, 30; IDL:pp, 20; pp, 10

Fixed effects:
                    Estimate Std. Error t value
(Intercept)        1.3359822  0.0235524   56.72
grp1              -0.0126664  0.0235524   -0.54
S1                -0.0451943  0.0213015   -2.12
S2                 0.0265298  0.0213015    1.25
IDR1              -0.0541841  0.0112096   -4.83
IDR2               0.0072772  0.0112096    0.65
IDL1              -0.0831603  0.0109760   -7.58
grp1:S1           -0.0067863  0.0213015   -0.32
grp1:S2            0.0025241  0.0213015    0.12
grp1:IDR1         -0.0034804  0.0112096   -0.31
grp1:IDR2         -0.0049497  0.0112096   -0.44
S1:IDR1            0.0211576  0.0135101    1.57
S2:IDR1           -0.0104624  0.0135101   -0.77
S1:IDR2           -0.0229081  0.0135101   -1.70
S2:IDR2            0.0009941  0.0135101    0.07
grp1:IDL1          0.0043911  0.0109760    0.40
S1:IDL1            0.0114542  0.0095531    1.20
S2:IDL1           -0.0099530  0.0095531   -1.04
IDR1:IDL1          0.0417762  0.0095531    4.37
IDR2:IDL1          0.0064771  0.0095531    0.68
grp1:S1:IDR1       0.0085375  0.0135101    0.63
grp1:S2:IDR1      -0.0141081  0.0135101   -1.04
grp1:S1:IDR2      -0.0225605  0.0135101   -1.67
grp1:S2:IDR2       0.0049754  0.0135101    0.37
grp1:S1:IDL1       0.0031316  0.0095531    0.33
grp1:S2:IDL1      -0.0022099  0.0095531   -0.23
grp1:IDR1:IDL1     0.0089357  0.0095531    0.94
grp1:IDR2:IDL1    -0.0232876  0.0095531   -2.44
S1:IDR1:IDL1      -0.0031931  0.0135101   -0.24
S2:IDR1:IDL1       0.0042033  0.0135101    0.31
S1:IDR2:IDL1       0.0010850  0.0135101    0.08
S2:IDR2:IDL1       0.0057695  0.0135101    0.43
grp1:S1:IDR1:IDL1 -0.0173098  0.0135101   -1.28
grp1:S2:IDR1:IDL1  0.0241063  0.0135101    1.78
grp1:S1:IDR2:IDL1  0.0234342  0.0135101    1.73
grp1:S2:IDR2:IDL1 -0.0013669  0.0135101   -0.10

Correlation of Fixed Effects:
            (Intr) grp1   S1     S2     IDR1   IDR2   IDL1   gr1:S1 gr1:S2
grp1         0.000                                                        
S1           0.000  0.000                                                 
S2           0.000  0.000 -0.500                                          
IDR1         0.000  0.000  0.000  0.000                                   
IDR2         0.000  0.000  0.000  0.000 -0.500                            
IDL1         0.000  0.000  0.000  0.000  0.000  0.000                     
grp1:S1      0.000  0.000  0.000  0.000  0.000  0.000  0.000              
grp1:S2      0.000  0.000  0.000  0.000  0.000  0.000  0.000 -0.500       
grp1:IDR1    0.000  0.000  0.000  0.000  0.000  0.000  0.000  0.000  0.000
grp1:IDR2    0.000  0.000  0.000  0.000  0.000  0.000  0.000  0.000  0.000
S1:IDR1      0.000  0.000  0.000  0.000  0.000  0.000  0.000  0.000  0.000
S2:IDR1      0.000  0.000  0.000  0.000  0.000  0.000  0.000  0.000  0.000
S1:IDR2      0.000  0.000  0.000  0.000  0.000  0.000  0.000  0.000  0.000
S2:IDR2      0.000  0.000  0.000  0.000  0.000  0.000  0.000  0.000  0.000
grp1:IDL1    0.000  0.000  0.000  0.000  0.000  0.000  0.000  0.000  0.000
S1:IDL1      0.000  0.000  0.000  0.000  0.000  0.000  0.000  0.000  0.000
S2:IDL1      0.000  0.000  0.000  0.000  0.000  0.000  0.000  0.000  0.000
IDR1:IDL1    0.000  0.000  0.000  0.000  0.000  0.000  0.000  0.000  0.000
IDR2:IDL1    0.000  0.000  0.000  0.000  0.000  0.000  0.000  0.000  0.000
gr1:S1:IDR1  0.000  0.000  0.000  0.000  0.000  0.000  0.000  0.000  0.000
gr1:S2:IDR1  0.000  0.000  0.000  0.000  0.000  0.000  0.000  0.000  0.000
gr1:S1:IDR2  0.000  0.000  0.000  0.000  0.000  0.000  0.000  0.000  0.000
gr1:S2:IDR2  0.000  0.000  0.000  0.000  0.000  0.000  0.000  0.000  0.000
gr1:S1:IDL1  0.000  0.000  0.000  0.000  0.000  0.000  0.000  0.000  0.000
gr1:S2:IDL1  0.000  0.000  0.000  0.000  0.000  0.000  0.000  0.000  0.000
g1:IDR1:IDL  0.000  0.000  0.000  0.000  0.000  0.000  0.000  0.000  0.000
g1:IDR2:IDL  0.000  0.000  0.000  0.000  0.000  0.000  0.000  0.000  0.000
S1:IDR1:IDL  0.000  0.000  0.000  0.000  0.000  0.000  0.000  0.000  0.000
S2:IDR1:IDL  0.000  0.000  0.000  0.000  0.000  0.000  0.000  0.000  0.000
S1:IDR2:IDL  0.000  0.000  0.000  0.000  0.000  0.000  0.000  0.000  0.000
S2:IDR2:IDL  0.000  0.000  0.000  0.000  0.000  0.000  0.000  0.000  0.000
g1:S1:IDR1:  0.000  0.000  0.000  0.000  0.000  0.000  0.000  0.000  0.000
g1:S2:IDR1:  0.000  0.000  0.000  0.000  0.000  0.000  0.000  0.000  0.000
g1:S1:IDR2:  0.000  0.000  0.000  0.000  0.000  0.000  0.000  0.000  0.000
g1:S2:IDR2:  0.000  0.000  0.000  0.000  0.000  0.000  0.000  0.000  0.000
            gr1:IDR1 gr1:IDR2 S1:IDR1 S2:IDR1 S1:IDR2 S2:IDR2 g1:IDL S1:IDL
grp1                                                                       
S1                                                                         
S2                                                                         
IDR1                                                                       
IDR2                                                                       
IDL1                                                                       
grp1:S1                                                                    
grp1:S2                                                                    
grp1:IDR1                                                                  
grp1:IDR2   -0.500                                                         
S1:IDR1      0.000    0.000                                                
S2:IDR1      0.000    0.000   -0.500                                       
S1:IDR2      0.000    0.000   -0.500   0.250                               
S2:IDR2      0.000    0.000    0.250  -0.500  -0.500                       
grp1:IDL1    0.000    0.000    0.000   0.000   0.000   0.000               
S1:IDL1      0.000    0.000    0.000   0.000   0.000   0.000   0.000       
S2:IDL1      0.000    0.000    0.000   0.000   0.000   0.000   0.000 -0.500
IDR1:IDL1    0.000    0.000    0.000   0.000   0.000   0.000   0.000  0.000
IDR2:IDL1    0.000    0.000    0.000   0.000   0.000   0.000   0.000  0.000
gr1:S1:IDR1  0.000    0.000    0.000   0.000   0.000   0.000   0.000  0.000
gr1:S2:IDR1  0.000    0.000    0.000   0.000   0.000   0.000   0.000  0.000
gr1:S1:IDR2  0.000    0.000    0.000   0.000   0.000   0.000   0.000  0.000
gr1:S2:IDR2  0.000    0.000    0.000   0.000   0.000   0.000   0.000  0.000
gr1:S1:IDL1  0.000    0.000    0.000   0.000   0.000   0.000   0.000  0.000
gr1:S2:IDL1  0.000    0.000    0.000   0.000   0.000   0.000   0.000  0.000
g1:IDR1:IDL  0.000    0.000    0.000   0.000   0.000   0.000   0.000  0.000
g1:IDR2:IDL  0.000    0.000    0.000   0.000   0.000   0.000   0.000  0.000
S1:IDR1:IDL  0.000    0.000    0.000   0.000   0.000   0.000   0.000  0.000
S2:IDR1:IDL  0.000    0.000    0.000   0.000   0.000   0.000   0.000  0.000
S1:IDR2:IDL  0.000    0.000    0.000   0.000   0.000   0.000   0.000  0.000
S2:IDR2:IDL  0.000    0.000    0.000   0.000   0.000   0.000   0.000  0.000
g1:S1:IDR1:  0.000    0.000    0.000   0.000   0.000   0.000   0.000  0.000
g1:S2:IDR1:  0.000    0.000    0.000   0.000   0.000   0.000   0.000  0.000
g1:S1:IDR2:  0.000    0.000    0.000   0.000   0.000   0.000   0.000  0.000
g1:S2:IDR2:  0.000    0.000    0.000   0.000   0.000   0.000   0.000  0.000
            S2:IDL IDR1:I IDR2:I gr1:S1:IDR1 gr1:S2:IDR1 gr1:S1:IDR2
grp1                                                                
S1                                                                  
S2                                                                  
IDR1                                                                
IDR2                                                                
IDL1                                                                
grp1:S1                                                             
grp1:S2                                                             
grp1:IDR1                                                           
grp1:IDR2                                                           
S1:IDR1                                                             
S2:IDR1                                                             
S1:IDR2                                                             
S2:IDR2                                                             
grp1:IDL1                                                           
S1:IDL1                                                             
S2:IDL1                                                             
IDR1:IDL1    0.000                                                  
IDR2:IDL1    0.000 -0.500                                           
gr1:S1:IDR1  0.000  0.000  0.000                                    
gr1:S2:IDR1  0.000  0.000  0.000 -0.500                             
gr1:S1:IDR2  0.000  0.000  0.000 -0.500       0.250                 
gr1:S2:IDR2  0.000  0.000  0.000  0.250      -0.500      -0.500     
gr1:S1:IDL1  0.000  0.000  0.000  0.000       0.000       0.000     
gr1:S2:IDL1  0.000  0.000  0.000  0.000       0.000       0.000     
g1:IDR1:IDL  0.000  0.000  0.000  0.000       0.000       0.000     
g1:IDR2:IDL  0.000  0.000  0.000  0.000       0.000       0.000     
S1:IDR1:IDL  0.000  0.000  0.000  0.000       0.000       0.000     
S2:IDR1:IDL  0.000  0.000  0.000  0.000       0.000       0.000     
S1:IDR2:IDL  0.000  0.000  0.000  0.000       0.000       0.000     
S2:IDR2:IDL  0.000  0.000  0.000  0.000       0.000       0.000     
g1:S1:IDR1:  0.000  0.000  0.000  0.000       0.000       0.000     
g1:S2:IDR1:  0.000  0.000  0.000  0.000       0.000       0.000     
g1:S1:IDR2:  0.000  0.000  0.000  0.000       0.000       0.000     
g1:S2:IDR2:  0.000  0.000  0.000  0.000       0.000       0.000     
            gr1:S2:IDR2 g1:S1:IDL g1:S2:IDL g1:IDR1: g1:IDR2: S1:IDR1: S2:IDR1:
grp1                                                                           
S1                                                                             
S2                                                                             
IDR1                                                                           
IDR2                                                                           
IDL1                                                                           
grp1:S1                                                                        
grp1:S2                                                                        
grp1:IDR1                                                                      
grp1:IDR2                                                                      
S1:IDR1                                                                        
S2:IDR1                                                                        
S1:IDR2                                                                        
S2:IDR2                                                                        
grp1:IDL1                                                                      
S1:IDL1                                                                        
S2:IDL1                                                                        
IDR1:IDL1                                                                      
IDR2:IDL1                                                                      
gr1:S1:IDR1                                                                    
gr1:S2:IDR1                                                                    
gr1:S1:IDR2                                                                    
gr1:S2:IDR2                                                                    
gr1:S1:IDL1  0.000                                                             
gr1:S2:IDL1  0.000      -0.500                                                 
g1:IDR1:IDL  0.000       0.000     0.000                                       
g1:IDR2:IDL  0.000       0.000     0.000    -0.500                             
S1:IDR1:IDL  0.000       0.000     0.000     0.000    0.000                    
S2:IDR1:IDL  0.000       0.000     0.000     0.000    0.000   -0.500           
S1:IDR2:IDL  0.000       0.000     0.000     0.000    0.000   -0.500    0.250  
S2:IDR2:IDL  0.000       0.000     0.000     0.000    0.000    0.250   -0.500  
g1:S1:IDR1:  0.000       0.000     0.000     0.000    0.000    0.000    0.000  
g1:S2:IDR1:  0.000       0.000     0.000     0.000    0.000    0.000    0.000  
g1:S1:IDR2:  0.000       0.000     0.000     0.000    0.000    0.000    0.000  
g1:S2:IDR2:  0.000       0.000     0.000     0.000    0.000    0.000    0.000  
            S1:IDR2: S2:IDR2: g1:S1:IDR1: g1:S2:IDR1: g1:S1:IDR2:
grp1                                                             
S1                                                               
S2                                                               
IDR1                                                             
IDR2                                                             
IDL1                                                             
grp1:S1                                                          
grp1:S2                                                          
grp1:IDR1                                                        
grp1:IDR2                                                        
S1:IDR1                                                          
S2:IDR1                                                          
S1:IDR2                                                          
S2:IDR2                                                          
grp1:IDL1                                                        
S1:IDL1                                                          
S2:IDL1                                                          
IDR1:IDL1                                                        
IDR2:IDL1                                                        
gr1:S1:IDR1                                                      
gr1:S2:IDR1                                                      
gr1:S1:IDR2                                                      
gr1:S2:IDR2                                                      
gr1:S1:IDL1                                                      
gr1:S2:IDL1                                                      
g1:IDR1:IDL                                                      
g1:IDR2:IDL                                                      
S1:IDR1:IDL                                                      
S2:IDR1:IDL                                                      
S1:IDR2:IDL                                                      
S2:IDR2:IDL -0.500                                               
g1:S1:IDR1:  0.000    0.000                                      
g1:S2:IDR1:  0.000    0.000   -0.500                             
g1:S1:IDR2:  0.000    0.000   -0.500       0.250                 
g1:S2:IDR2:  0.000    0.000    0.250      -0.500      -0.500     
