[1] "Summary by group"
  grp vfCircularityL.m vfCircularityL.s
1   C         1.323316        0.1977876
2   U         1.348649        0.1916750
[1] "Summary by session\n"
  S vfCircularityL.m vfCircularityL.s
1 1         1.290788        0.1833700
2 2         1.362512        0.1827071
3 3         1.354647        0.2106331
[1] "Summary by IDR+IDR\n"
  IDL IDR vfCircularityL.m vfCircularityL.s
1   D   D         1.240414        0.1757998
2   D   M         1.266576        0.1631684
3   D   E         1.251475        0.1598084
4   E   D         1.323182        0.1893530
5   E   M         1.419943        0.1510512
6   E   E         1.514303        0.1665473
[1] "Summary by group + Session\n"
  grp S vfCircularityL.m vfCircularityL.s
1   C 1         1.271335        0.1950053
2   C 2         1.352370        0.1903490
3   C 3         1.346242        0.1996537
4   U 1         1.310241        0.1698074
5   U 2         1.372654        0.1752086
6   U 3         1.363051        0.2218708
[1] "Summary by Session + IDR + IDL \n"
   S IDL IDR vfCircularityL.m vfCircularityL.s
1  1   D   D         1.224638       0.20049806
2  1   D   M         1.211013       0.18260366
3  1   D   E         1.221594       0.14434530
4  1   E   D         1.290884       0.15055178
5  1   E   M         1.339301       0.16282498
6  1   E   E         1.457297       0.12964903
7  2   D   D         1.250732       0.16232314
8  2   D   M         1.289917       0.10526647
9  2   D   E         1.267548       0.15703801
10 2   E   D         1.344999       0.19439698
11 2   E   M         1.451650       0.12939572
12 2   E   E         1.570227       0.09244367
13 3   D   D         1.245872       0.16703733
14 3   D   M         1.298799       0.18014264
15 3   D   E         1.265285       0.17746216
16 3   E   D         1.333663       0.21884972
17 3   E   M         1.468877       0.12854290
18 3   E   E         1.515385       0.23059484
[1] "Summary by group + IDR + IDL\n"
   grp IDL IDR vfCircularityL.m vfCircularityL.s
1    C   D   D         1.237594        0.1700022
2    C   D   M         1.230064        0.1622121
3    C   D   E         1.265982        0.1809781
4    C   E   D         1.293708        0.1611598
5    C   E   M         1.421223        0.1565910
6    C   E   E         1.491323        0.2033872
7    U   D   D         1.243234        0.1832936
8    U   D   M         1.303089        0.1575221
9    U   D   E         1.236969        0.1359204
10   U   E   D         1.352656        0.2116001
11   U   E   M         1.418662        0.1470626
12   U   E   E         1.537282        0.1168758
[1] "Summary by group + Session + IDR + IDL\n"
   grp S IDL IDR vfCircularityL.m vfCircularityL.s
1    C 1   D   D         1.209391       0.20313864
2    C 1   D   M         1.171719       0.20843414
3    C 1   D   E         1.240345       0.17391986
4    C 1   E   D         1.277340       0.14223884
5    C 1   E   M         1.284669       0.19194193
6    C 1   E   E         1.444547       0.14685054
7    C 2   D   D         1.258224       0.17601920
8    C 2   D   M         1.257327       0.11681789
9    C 2   D   E         1.268762       0.19993718
10   C 2   E   D         1.282045       0.17125284
11   C 2   E   M         1.464007       0.07605718
12   C 2   E   E         1.583853       0.08883696
13   C 3   D   D         1.245167       0.13119912
14   C 3   D   M         1.261145       0.14187143
15   C 3   D   E         1.288840       0.17732156
16   C 3   E   D         1.321740       0.17548124
17   C 3   E   M         1.514993       0.05547636
18   C 3   E   E         1.445570       0.29460284
19   U 1   D   D         1.239885       0.20373237
20   U 1   D   M         1.250307       0.14938730
21   U 1   D   E         1.202843       0.11026271
22   U 1   E   D         1.304429       0.16225189
23   U 1   E   M         1.393933       0.10807493
24   U 1   E   E         1.470047       0.11359993
25   U 2   D   D         1.243239       0.15322080
26   U 2   D   M         1.322507       0.08385223
27   U 2   D   E         1.266333       0.10538183
28   U 2   E   D         1.407953       0.20114560
29   U 2   E   M         1.439293       0.16902832
30   U 2   E   E         1.556600       0.09701637
31   U 3   D   D         1.246577       0.20144882
32   U 3   D   M         1.336453       0.20989270
33   U 3   D   E         1.241729       0.18056361
34   U 3   E   D         1.345585       0.26098509
35   U 3   E   M         1.422760       0.16307006
36   U 3   E   E         1.585200       0.11362525
