[1] "maxangleL ~S*IDR*IDL*grp + Error(pp/(S*IDR*IDL))"
$ANOVA
          Effect DFn DFd           F            p p<.05         ges
2            grp   1   8   0.3502530 5.703122e-01       0.009411191
3              S   2  16   9.3388034 2.053841e-03     * 0.183679155
5            IDR   2  16  23.8821459 1.571591e-05     * 0.273369029
7            IDL   1   8 350.4535115 6.845434e-08     * 0.750073514
4          grp:S   2  16   0.1535179 8.589337e-01       0.003685219
6        grp:IDR   2  16   7.5336748 4.949100e-03     * 0.106087440
8        grp:IDL   1   8   0.9728739 3.528526e-01       0.008262555
9          S:IDR   4  32   0.2952207 8.788891e-01       0.004466969
11         S:IDL   2  16   1.9119267 1.800758e-01       0.015073593
13       IDR:IDL   2  16  16.8244946 1.163259e-04     * 0.113760311
10     grp:S:IDR   4  32   1.3714184 2.657598e-01       0.020418370
12     grp:S:IDL   2  16   2.2149641 1.415224e-01       0.017421112
14   grp:IDR:IDL   2  16   0.2126338 8.107001e-01       0.001619667
15     S:IDR:IDL   4  32   1.0705411 3.872251e-01       0.019555667
16 grp:S:IDR:IDL   4  32   0.3530344 8.399712e-01       0.006534557

$`Mauchly's Test for Sphericity`
          Effect         W         p p<.05
3              S 0.7524123 0.3694839      
4          grp:S 0.7524123 0.3694839      
5            IDR 0.5483832 0.1221222      
6        grp:IDR 0.5483832 0.1221222      
9          S:IDR 0.1500344 0.2202612      
10     grp:S:IDR 0.1500344 0.2202612      
11         S:IDL 0.8635041 0.5983088      
12     grp:S:IDL 0.8635041 0.5983088      
13       IDR:IDL 0.6740195 0.2513933      
14   grp:IDR:IDL 0.6740195 0.2513933      
15     S:IDR:IDL 0.3726441 0.7181350      
16 grp:S:IDR:IDL 0.3726441 0.7181350      

$`Sphericity Corrections`
          Effect       GGe        p[GG] p[GG]<.05       HFe        p[HF]
3              S 0.8015468 0.0045640232         * 0.9713948 0.0023030754
4          grp:S 0.8015468 0.8138697357           0.9713948 0.8533099393
5            IDR 0.6888870 0.0002317519         * 0.7852319 0.0001003151
6        grp:IDR 0.6888870 0.0135554405         * 0.7852319 0.0098998117
9          S:IDR 0.5778894 0.7778349896           0.8264133 0.8462014983
10     grp:S:IDR 0.5778894 0.2805775970           0.8264133 0.2725972224
11         S:IDL 0.8798976 0.1864514876           1.1087902 0.1800757509
12     grp:S:IDL 0.8798976 0.1494512316           1.1087902 0.1415223858
13       IDR:IDL 0.7541589 0.0006065063         * 0.8915147 0.0002404981
14   grp:IDR:IDL 0.7541589 0.7503367688           0.8915147 0.7866932429
15     S:IDR:IDL 0.7749168 0.3810902236           1.3211859 0.3872250621
16 grp:S:IDR:IDL 0.7749168 0.7935136605           1.3211859 0.8399711930
   p[HF]<.05
3          *
4           
5          *
6          *
9           
10          
11          
12          
13         *
14          
15          
16          

