[1] "Summary by group"
  grp maxangleL.m maxangleL.s
1   C    1.925396   0.8228096
2   U    1.860883   0.8227813
[1] "Summary by session\n"
  S maxangleL.m maxangleL.s
1 1    2.113275   0.7919238
2 2    1.807954   0.7857203
3 3    1.758190   0.8479726
[1] "Summary by IDR+IDR\n"
  IDL IDR maxangleL.m maxangleL.s
1   D   D   0.9591307   0.2825036
2   D   M   1.2858663   0.4412103
3   D   E   1.7144952   0.6653507
4   E   D   2.4317467   0.6274639
5   E   M   2.3376189   0.5801145
6   E   E   2.6299800   0.5672203
[1] "Summary by group + Session\n"
  grp S maxangleL.m maxangleL.s
1   C 1    2.146825   0.7713172
2   C 2    1.864189   0.8129066
3   C 3    1.765175   0.8433175
4   U 1    2.079725   0.8149397
5   U 2    1.751719   0.7579160
6   U 3    1.751205   0.8572697
[1] "Summary by Session + IDR + IDL \n"
   S IDL IDR maxangleL.m maxangleL.s
1  1   D   D    1.163029   0.1681923
2  1   D   M    1.540668   0.5426348
3  1   D   E    1.954506   0.6134134
4  1   E   D    2.654343   0.5706916
5  1   E   M    2.481163   0.5605025
6  1   E   E    2.885940   0.4150859
7  2   D   D    0.927500   0.2430075
8  2   D   M    1.196912   0.4044852
9  2   D   E    1.707091   0.6772153
10 2   E   D    2.308980   0.6100890
11 2   E   M    2.322290   0.5658991
12 2   E   E    2.384950   0.6003285
13 3   D   D    0.786863   0.2878279
14 3   D   M    1.120020   0.1885797
15 3   D   E    1.481889   0.6388183
16 3   E   D    2.331917   0.6582013
17 3   E   M    2.209403   0.5998652
18 3   E   E    2.619050   0.5698305
[1] "Summary by group + IDR + IDL\n"
   grp IDL IDR maxangleL.m maxangleL.s
1    C   D   D   0.9162089   0.3344098
2    C   D   M   1.2922062   0.3990168
3    C   D   E   1.9384667   0.6761369
4    C   E   D   2.3050422   0.6344701
5    C   E   M   2.3208511   0.5640487
6    C   E   E   2.7796022   0.4297668
7    U   D   D   1.0020524   0.2140844
8    U   D   M   1.2795264   0.4842114
9    U   D   E   1.4905238   0.5793761
10   U   E   D   2.5584511   0.6008160
11   U   E   M   2.3543867   0.6016545
12   U   E   E   2.4803578   0.6483050
[1] "Summary by group + Session + IDR + IDL\n"
   grp S IDL IDR maxangleL.m maxangleL.s
1    C 1   D   D   1.1942347   0.1699138
2    C 1   D   M   1.5771327   0.5562304
3    C 1   D   E   2.1128200   0.6271899
4    C 1   E   D   2.6259933   0.5958557
5    C 1   E   M   2.4146267   0.5065654
6    C 1   E   E   2.9561400   0.3048600
7    C 2   D   D   0.8634767   0.2677125
8    C 2   D   M   1.1445687   0.1691709
9    C 2   D   E   1.9063333   0.6968092
10   C 2   E   D   2.1950600   0.5616752
11   C 2   E   M   2.3817000   0.5820054
12   C 2   E   E   2.6939933   0.4349298
13   C 3   D   D   0.6909153   0.3327810
14   C 3   D   M   1.1549173   0.1784571
15   C 3   D   E   1.7962467   0.7088962
16   C 3   E   D   2.0940733   0.6508661
17   C 3   E   M   2.1662267   0.6046144
18   C 3   E   E   2.6886733   0.4982748
19   U 1   D   D   1.1318233   0.1662544
20   U 1   D   M   1.5042027   0.5456150
21   U 1   D   E   1.7961920   0.5765021
22   U 1   E   D   2.6826933   0.5638041
23   U 1   E   M   2.5477000   0.6202185
24   U 1   E   E   2.8157400   0.5033882
25   U 2   D   D   0.9915233   0.2046211
26   U 2   D   M   1.2492547   0.5517364
27   U 2   D   E   1.5078487   0.6159469
28   U 2   E   D   2.4229000   0.6539992
29   U 2   E   M   2.2628800   0.5630846
30   U 2   E   E   2.0759067   0.5938919
31   U 3   D   D   0.8828107   0.2028228
32   U 3   D   M   1.0851220   0.1980105
33   U 3   D   E   1.1675307   0.3619859
34   U 3   E   D   2.5697600   0.5937641
35   U 3   E   M   2.2525800   0.6130465
36   U 3   E   E   2.5494267   0.6433832
