[1] "vfCircularityR ~S*IDR*IDL*grp + Error(pp/(S*IDR*IDL))"
$ANOVA
          Effect DFn DFd           F            p p<.05          ges
2            grp   1   8  0.83091773 3.886489e-01       0.0353528172
3              S   2  16  3.48855429 5.528367e-02       0.0991836515
5            IDR   2  16 41.44043019 4.699612e-07     * 0.2249263047
7            IDL   1   8 24.46982455 1.125544e-03     * 0.1395208698
4          grp:S   2  16  1.07188889 3.657111e-01       0.0327234274
6        grp:IDR   2  16  0.06574116 9.366248e-01       0.0004601617
8        grp:IDL   1   8  1.54706415 2.487786e-01       0.0101472161
9          S:IDR   4  32  1.44926518 2.406524e-01       0.0123716847
11         S:IDL   2  16  1.66134497 2.210137e-01       0.0136390487
13       IDR:IDL   2  16 17.32115027 9.927787e-05     * 0.1058968470
10     grp:S:IDR   4  32  1.08353885 3.811000e-01       0.0092786218
12     grp:S:IDL   2  16  0.70648428 5.081329e-01       0.0058458092
14   grp:IDR:IDL   2  16  2.17161112 1.464205e-01       0.0146318503
15     S:IDR:IDL   4  32  0.46317293 7.621841e-01       0.0054810582
16 grp:S:IDR:IDL   4  32  1.18274863 3.370654e-01       0.0138781387

$`Mauchly's Test for Sphericity`
          Effect         W         p p<.05
3              S 0.7129410 0.3059762      
4          grp:S 0.7129410 0.3059762      
5            IDR 0.5796593 0.1482876      
6        grp:IDR 0.5796593 0.1482876      
9          S:IDR 0.5638843 0.9347416      
10     grp:S:IDR 0.5638843 0.9347416      
11         S:IDL 0.9256904 0.7631857      
12     grp:S:IDL 0.9256904 0.7631857      
13       IDR:IDL 0.5950371 0.1625190      
14   grp:IDR:IDL 0.5950371 0.1625190      
15     S:IDR:IDL 0.1494916 0.2189662      
16 grp:S:IDR:IDL 0.1494916 0.2189662      

$`Sphericity Corrections`
          Effect       GGe        p[GG] p[GG]<.05       HFe        p[HF]
3              S 0.7769652 7.163957e-02           0.9296652 5.997832e-02
4          grp:S 0.7769652 3.545903e-01           0.9296652 3.626910e-01
5            IDR 0.7040564 1.669459e-05         * 0.8095569 4.655983e-06
6        grp:IDR 0.7040564 8.785377e-01           0.8095569 9.041155e-01
9          S:IDR 0.7827076 2.517012e-01           1.3440419 2.406524e-01
10     grp:S:IDR 0.7827076 3.760026e-01           1.3440419 3.811000e-01
11         S:IDL 0.9308304 2.234925e-01           1.2018680 2.210137e-01
12     grp:S:IDL 0.9308304 4.994888e-01           1.2018680 5.081329e-01
13       IDR:IDL 0.7117626 7.203124e-04         * 0.8220001 3.364319e-04
14   grp:IDR:IDL 0.7117626 1.653476e-01           0.8220001 1.580068e-01
15     S:IDR:IDL 0.5644017 6.592825e-01           0.7975099 7.216968e-01
16 grp:S:IDR:IDL 0.5644017 3.341063e-01           0.7975099 3.374232e-01
   p[HF]<.05
3           
4           
5          *
6           
9           
10          
11          
12          
13         *
14          
15          
16          

