                  Estimate MCMCmean HPD95lower HPD95upper pMCMC Pr(>|t|)
(Intercept)         0.8938   0.8989     0.6960     1.0998 0.001   0.0000
grp1               -0.1530  -0.1550    -0.3549     0.0372 0.128   0.1220
S1                 -0.0746  -0.0733    -0.1943     0.0219 0.176   0.3460
S2                  0.0259   0.0228    -0.0942     0.1292 0.674   0.7432
IDR1               -0.1594  -0.1584    -0.2444    -0.0795 0.001   0.0022
IDR2                0.0167   0.0163    -0.0694     0.1054 0.696   0.7465
IDL1                0.2478   0.2487     0.1626     0.3301 0.001   0.0000
grp1:S1            -0.0841  -0.0835    -0.1909     0.0300 0.134   0.2880
grp1:S2             0.0528   0.0550    -0.0506     0.1698 0.322   0.5046
grp1:IDR1          -0.0211  -0.0218    -0.1012     0.0681 0.614   0.6845
grp1:IDR2          -0.0110  -0.0121    -0.0917     0.0754 0.756   0.8326
S1:IDR1             0.0558   0.0551    -0.0171     0.1247 0.136   0.2774
S2:IDR1            -0.0374  -0.0360    -0.1025     0.0362 0.324   0.4667
S1:IDR2            -0.0560  -0.0568    -0.1164     0.0167 0.116   0.2758
S2:IDR2            -0.0174  -0.0175    -0.0884     0.0488 0.658   0.7347
grp1:IDL1          -0.0387  -0.0404    -0.1301     0.0467 0.328   0.4591
S1:IDL1             0.0006   0.0004    -0.0445     0.0560 0.996   0.9869
S2:IDL1             0.0337   0.0350    -0.0153     0.0832 0.162   0.3532
IDR1:IDL1           0.1622   0.1620     0.1128     0.2110 0.001   0.0000
IDR2:IDL1           0.0101   0.0106    -0.0392     0.0610 0.690   0.7811
grp1:S1:IDR1        0.0366   0.0364    -0.0327     0.1040 0.288   0.4765
grp1:S2:IDR1        0.0723   0.0726     0.0034     0.1417 0.046   0.1597
grp1:S1:IDR2       -0.0396  -0.0395    -0.1042     0.0408 0.324   0.4406
grp1:S2:IDR2        0.0476   0.0484    -0.0181     0.1166 0.168   0.3542
grp1:S1:IDL1       -0.0173  -0.0177    -0.0645     0.0322 0.476   0.6346
grp1:S2:IDL1        0.0018   0.0020    -0.0420     0.0521 0.928   0.9613
grp1:IDR1:IDL1      0.1146   0.1143     0.0649     0.1610 0.001   0.0017
grp1:IDR2:IDL1     -0.0473  -0.0477    -0.1021    -0.0013 0.056   0.1927
S1:IDR1:IDL1        0.0433   0.0436    -0.0275     0.1093 0.222   0.3996
S2:IDR1:IDL1        0.0170   0.0167    -0.0521     0.0807 0.660   0.7406
S1:IDR2:IDL1        0.0541   0.0542    -0.0136     0.1310 0.156   0.2922
S2:IDR2:IDL1       -0.0767  -0.0763    -0.1448    -0.0032 0.048   0.1356
grp1:S1:IDR1:IDL1  -0.0836  -0.0837    -0.1540    -0.0157 0.018   0.1042
grp1:S2:IDR1:IDL1   0.0707   0.0715     0.0007     0.1392 0.046   0.1691
grp1:S1:IDR2:IDL1   0.0430   0.0443    -0.0241     0.1153 0.210   0.4023
grp1:S2:IDR2:IDL1  -0.0004  -0.0016    -0.0819     0.0628 0.988   0.9941
NULL
       Length Class      Mode
fixed  6      data.frame list
random 7      data.frame list
Analysis of Variance Table
              Df  Sum Sq Mean Sq F value
grp            1 0.16493 0.16493  2.3996
S              2 0.06304 0.03152  0.4586
IDR            2 0.78583 0.39291  5.7166
IDL            1 1.54868 1.54868 22.5320
grp:S          2 0.07942 0.03971  0.5777
grp:IDR        2 0.02710 0.01355  0.1971
S:IDR          4 0.22841 0.05710  0.8308
grp:IDL        1 0.03771 0.03771  0.5486
S:IDL          2 0.08054 0.04027  0.5859
IDR:IDL        2 1.95135 0.97568 14.1952
grp:S:IDR      4 0.58369 0.14592  2.1230
grp:S:IDL      2 0.01883 0.00942  0.1370
grp:IDR:IDL    2 0.69261 0.34630  5.0384
S:IDR:IDL      4 0.34309 0.08577  1.2479
grp:S:IDR:IDL  4 0.26995 0.06749  0.9819
Linear mixed model fit by REML 
Formula: get(vname) ~ (1 | pp) + (1 | pp/S) + (1 | pp/IDR) + (1 | pp/IDL) +      (1 | pp/S:IDR:IDL) + grp * S * IDR * IDL 
   Data: mdata 
   AIC   BIC logLik deviance REMLdev
 678.9 876.3 -293.4    431.7   586.9
Random effects:
 Groups       Name        Variance  Std.Dev.
 S:IDR:IDL:pp (Intercept) 0.0956383 0.309254
 IDR:pp       (Intercept) 0.0204810 0.143112
 S:pp         (Intercept) 0.0740067 0.272042
 IDL:pp       (Intercept) 0.0413197 0.203273
 pp           (Intercept) 0.0077512 0.088041
 pp           (Intercept) 0.0077511 0.088040
 pp           (Intercept) 0.0077512 0.088041
 pp           (Intercept) 0.0077511 0.088040
 pp           (Intercept) 0.0077512 0.088041
 Residual                 0.0687326 0.262169
Number of obs: 540, groups: S:IDR:IDL:pp, 180; IDR:pp, 30; S:pp, 30; IDL:pp, 20; pp, 10

Fixed effects:
                    Estimate Std. Error t value
(Intercept)        0.8937887  0.0987408   9.052
grp1              -0.1529585  0.0987408  -1.549
S1                -0.0745822  0.0790628  -0.943
S2                 0.0259144  0.0790628   0.328
IDR1              -0.1594130  0.0517916  -3.078
IDR2               0.0167495  0.0517916   0.323
IDL1               0.2478159  0.0521972   4.748
grp1:S1           -0.0840860  0.0790628  -1.064
grp1:S2            0.0527972  0.0790628   0.668
grp1:IDR1         -0.0210548  0.0517916  -0.407
grp1:IDR2         -0.0109539  0.0517916  -0.212
S1:IDR1            0.0558130  0.0513262   1.087
S2:IDR1           -0.0373834  0.0513262  -0.728
S1:IDR2           -0.0559907  0.0513262  -1.091
S2:IDR2           -0.0174039  0.0513262  -0.339
grp1:IDL1         -0.0386691  0.0521972  -0.741
S1:IDL1            0.0005952  0.0362931   0.016
S2:IDL1            0.0337240  0.0362931   0.929
IDR1:IDL1          0.1622056  0.0362931   4.469
IDR2:IDL1          0.0100906  0.0362931   0.278
grp1:S1:IDR1       0.0365697  0.0513262   0.712
grp1:S2:IDR1       0.0722832  0.0513262   1.408
grp1:S1:IDR2      -0.0396150  0.0513262  -0.772
grp1:S2:IDR2       0.0475971  0.0513262   0.927
grp1:S1:IDL1      -0.0172617  0.0362931  -0.476
grp1:S2:IDL1       0.0017596  0.0362931   0.048
grp1:IDR1:IDL1     0.1146359  0.0362931   3.159
grp1:IDR2:IDL1    -0.0473347  0.0362931  -1.304
S1:IDR1:IDL1       0.0432724  0.0513262   0.843
S2:IDR1:IDL1       0.0170007  0.0513262   0.331
S1:IDR2:IDL1       0.0541178  0.0513262   1.054
S2:IDR2:IDL1      -0.0767202  0.0513262  -1.495
grp1:S1:IDR1:IDL1 -0.0835518  0.0513262  -1.628
grp1:S2:IDR1:IDL1  0.0706732  0.0513262   1.377
grp1:S1:IDR2:IDL1  0.0430272  0.0513262   0.838
grp1:S2:IDR2:IDL1 -0.0003789  0.0513262  -0.007

Correlation of Fixed Effects:
            (Intr) grp1   S1     S2     IDR1   IDR2   IDL1   gr1:S1 gr1:S2
grp1         0.000                                                        
S1           0.000  0.000                                                 
S2           0.000  0.000 -0.500                                          
IDR1         0.000  0.000  0.000  0.000                                   
IDR2         0.000  0.000  0.000  0.000 -0.500                            
IDL1         0.000  0.000  0.000  0.000  0.000  0.000                     
grp1:S1      0.000  0.000  0.000  0.000  0.000  0.000  0.000              
grp1:S2      0.000  0.000  0.000  0.000  0.000  0.000  0.000 -0.500       
grp1:IDR1    0.000  0.000  0.000  0.000  0.000  0.000  0.000  0.000  0.000
grp1:IDR2    0.000  0.000  0.000  0.000  0.000  0.000  0.000  0.000  0.000
S1:IDR1      0.000  0.000  0.000  0.000  0.000  0.000  0.000  0.000  0.000
S2:IDR1      0.000  0.000  0.000  0.000  0.000  0.000  0.000  0.000  0.000
S1:IDR2      0.000  0.000  0.000  0.000  0.000  0.000  0.000  0.000  0.000
S2:IDR2      0.000  0.000  0.000  0.000  0.000  0.000  0.000  0.000  0.000
grp1:IDL1    0.000  0.000  0.000  0.000  0.000  0.000  0.000  0.000  0.000
S1:IDL1      0.000  0.000  0.000  0.000  0.000  0.000  0.000  0.000  0.000
S2:IDL1      0.000  0.000  0.000  0.000  0.000  0.000  0.000  0.000  0.000
IDR1:IDL1    0.000  0.000  0.000  0.000  0.000  0.000  0.000  0.000  0.000
IDR2:IDL1    0.000  0.000  0.000  0.000  0.000  0.000  0.000  0.000  0.000
gr1:S1:IDR1  0.000  0.000  0.000  0.000  0.000  0.000  0.000  0.000  0.000
gr1:S2:IDR1  0.000  0.000  0.000  0.000  0.000  0.000  0.000  0.000  0.000
gr1:S1:IDR2  0.000  0.000  0.000  0.000  0.000  0.000  0.000  0.000  0.000
gr1:S2:IDR2  0.000  0.000  0.000  0.000  0.000  0.000  0.000  0.000  0.000
gr1:S1:IDL1  0.000  0.000  0.000  0.000  0.000  0.000  0.000  0.000  0.000
gr1:S2:IDL1  0.000  0.000  0.000  0.000  0.000  0.000  0.000  0.000  0.000
g1:IDR1:IDL  0.000  0.000  0.000  0.000  0.000  0.000  0.000  0.000  0.000
g1:IDR2:IDL  0.000  0.000  0.000  0.000  0.000  0.000  0.000  0.000  0.000
S1:IDR1:IDL  0.000  0.000  0.000  0.000  0.000  0.000  0.000  0.000  0.000
S2:IDR1:IDL  0.000  0.000  0.000  0.000  0.000  0.000  0.000  0.000  0.000
S1:IDR2:IDL  0.000  0.000  0.000  0.000  0.000  0.000  0.000  0.000  0.000
S2:IDR2:IDL  0.000  0.000  0.000  0.000  0.000  0.000  0.000  0.000  0.000
g1:S1:IDR1:  0.000  0.000  0.000  0.000  0.000  0.000  0.000  0.000  0.000
g1:S2:IDR1:  0.000  0.000  0.000  0.000  0.000  0.000  0.000  0.000  0.000
g1:S1:IDR2:  0.000  0.000  0.000  0.000  0.000  0.000  0.000  0.000  0.000
g1:S2:IDR2:  0.000  0.000  0.000  0.000  0.000  0.000  0.000  0.000  0.000
            gr1:IDR1 gr1:IDR2 S1:IDR1 S2:IDR1 S1:IDR2 S2:IDR2 g1:IDL S1:IDL
grp1                                                                       
S1                                                                         
S2                                                                         
IDR1                                                                       
IDR2                                                                       
IDL1                                                                       
grp1:S1                                                                    
grp1:S2                                                                    
grp1:IDR1                                                                  
grp1:IDR2   -0.500                                                         
S1:IDR1      0.000    0.000                                                
S2:IDR1      0.000    0.000   -0.500                                       
S1:IDR2      0.000    0.000   -0.500   0.250                               
S2:IDR2      0.000    0.000    0.250  -0.500  -0.500                       
grp1:IDL1    0.000    0.000    0.000   0.000   0.000   0.000               
S1:IDL1      0.000    0.000    0.000   0.000   0.000   0.000   0.000       
S2:IDL1      0.000    0.000    0.000   0.000   0.000   0.000   0.000 -0.500
IDR1:IDL1    0.000    0.000    0.000   0.000   0.000   0.000   0.000  0.000
IDR2:IDL1    0.000    0.000    0.000   0.000   0.000   0.000   0.000  0.000
gr1:S1:IDR1  0.000    0.000    0.000   0.000   0.000   0.000   0.000  0.000
gr1:S2:IDR1  0.000    0.000    0.000   0.000   0.000   0.000   0.000  0.000
gr1:S1:IDR2  0.000    0.000    0.000   0.000   0.000   0.000   0.000  0.000
gr1:S2:IDR2  0.000    0.000    0.000   0.000   0.000   0.000   0.000  0.000
gr1:S1:IDL1  0.000    0.000    0.000   0.000   0.000   0.000   0.000  0.000
gr1:S2:IDL1  0.000    0.000    0.000   0.000   0.000   0.000   0.000  0.000
g1:IDR1:IDL  0.000    0.000    0.000   0.000   0.000   0.000   0.000  0.000
g1:IDR2:IDL  0.000    0.000    0.000   0.000   0.000   0.000   0.000  0.000
S1:IDR1:IDL  0.000    0.000    0.000   0.000   0.000   0.000   0.000  0.000
S2:IDR1:IDL  0.000    0.000    0.000   0.000   0.000   0.000   0.000  0.000
S1:IDR2:IDL  0.000    0.000    0.000   0.000   0.000   0.000   0.000  0.000
S2:IDR2:IDL  0.000    0.000    0.000   0.000   0.000   0.000   0.000  0.000
g1:S1:IDR1:  0.000    0.000    0.000   0.000   0.000   0.000   0.000  0.000
g1:S2:IDR1:  0.000    0.000    0.000   0.000   0.000   0.000   0.000  0.000
g1:S1:IDR2:  0.000    0.000    0.000   0.000   0.000   0.000   0.000  0.000
g1:S2:IDR2:  0.000    0.000    0.000   0.000   0.000   0.000   0.000  0.000
            S2:IDL IDR1:I IDR2:I gr1:S1:IDR1 gr1:S2:IDR1 gr1:S1:IDR2
grp1                                                                
S1                                                                  
S2                                                                  
IDR1                                                                
IDR2                                                                
IDL1                                                                
grp1:S1                                                             
grp1:S2                                                             
grp1:IDR1                                                           
grp1:IDR2                                                           
S1:IDR1                                                             
S2:IDR1                                                             
S1:IDR2                                                             
S2:IDR2                                                             
grp1:IDL1                                                           
S1:IDL1                                                             
S2:IDL1                                                             
IDR1:IDL1    0.000                                                  
IDR2:IDL1    0.000 -0.500                                           
gr1:S1:IDR1  0.000  0.000  0.000                                    
gr1:S2:IDR1  0.000  0.000  0.000 -0.500                             
gr1:S1:IDR2  0.000  0.000  0.000 -0.500       0.250                 
gr1:S2:IDR2  0.000  0.000  0.000  0.250      -0.500      -0.500     
gr1:S1:IDL1  0.000  0.000  0.000  0.000       0.000       0.000     
gr1:S2:IDL1  0.000  0.000  0.000  0.000       0.000       0.000     
g1:IDR1:IDL  0.000  0.000  0.000  0.000       0.000       0.000     
g1:IDR2:IDL  0.000  0.000  0.000  0.000       0.000       0.000     
S1:IDR1:IDL  0.000  0.000  0.000  0.000       0.000       0.000     
S2:IDR1:IDL  0.000  0.000  0.000  0.000       0.000       0.000     
S1:IDR2:IDL  0.000  0.000  0.000  0.000       0.000       0.000     
S2:IDR2:IDL  0.000  0.000  0.000  0.000       0.000       0.000     
g1:S1:IDR1:  0.000  0.000  0.000  0.000       0.000       0.000     
g1:S2:IDR1:  0.000  0.000  0.000  0.000       0.000       0.000     
g1:S1:IDR2:  0.000  0.000  0.000  0.000       0.000       0.000     
g1:S2:IDR2:  0.000  0.000  0.000  0.000       0.000       0.000     
            gr1:S2:IDR2 g1:S1:IDL g1:S2:IDL g1:IDR1: g1:IDR2: S1:IDR1: S2:IDR1:
grp1                                                                           
S1                                                                             
S2                                                                             
IDR1                                                                           
IDR2                                                                           
IDL1                                                                           
grp1:S1                                                                        
grp1:S2                                                                        
grp1:IDR1                                                                      
grp1:IDR2                                                                      
S1:IDR1                                                                        
S2:IDR1                                                                        
S1:IDR2                                                                        
S2:IDR2                                                                        
grp1:IDL1                                                                      
S1:IDL1                                                                        
S2:IDL1                                                                        
IDR1:IDL1                                                                      
IDR2:IDL1                                                                      
gr1:S1:IDR1                                                                    
gr1:S2:IDR1                                                                    
gr1:S1:IDR2                                                                    
gr1:S2:IDR2                                                                    
gr1:S1:IDL1  0.000                                                             
gr1:S2:IDL1  0.000      -0.500                                                 
g1:IDR1:IDL  0.000       0.000     0.000                                       
g1:IDR2:IDL  0.000       0.000     0.000    -0.500                             
S1:IDR1:IDL  0.000       0.000     0.000     0.000    0.000                    
S2:IDR1:IDL  0.000       0.000     0.000     0.000    0.000   -0.500           
S1:IDR2:IDL  0.000       0.000     0.000     0.000    0.000   -0.500    0.250  
S2:IDR2:IDL  0.000       0.000     0.000     0.000    0.000    0.250   -0.500  
g1:S1:IDR1:  0.000       0.000     0.000     0.000    0.000    0.000    0.000  
g1:S2:IDR1:  0.000       0.000     0.000     0.000    0.000    0.000    0.000  
g1:S1:IDR2:  0.000       0.000     0.000     0.000    0.000    0.000    0.000  
g1:S2:IDR2:  0.000       0.000     0.000     0.000    0.000    0.000    0.000  
            S1:IDR2: S2:IDR2: g1:S1:IDR1: g1:S2:IDR1: g1:S1:IDR2:
grp1                                                             
S1                                                               
S2                                                               
IDR1                                                             
IDR2                                                             
IDL1                                                             
grp1:S1                                                          
grp1:S2                                                          
grp1:IDR1                                                        
grp1:IDR2                                                        
S1:IDR1                                                          
S2:IDR1                                                          
S1:IDR2                                                          
S2:IDR2                                                          
grp1:IDL1                                                        
S1:IDL1                                                          
S2:IDL1                                                          
IDR1:IDL1                                                        
IDR2:IDL1                                                        
gr1:S1:IDR1                                                      
gr1:S2:IDR1                                                      
gr1:S1:IDR2                                                      
gr1:S2:IDR2                                                      
gr1:S1:IDL1                                                      
gr1:S2:IDL1                                                      
g1:IDR1:IDL                                                      
g1:IDR2:IDL                                                      
S1:IDR1:IDL                                                      
S2:IDR1:IDL                                                      
S1:IDR2:IDL                                                      
S2:IDR2:IDL -0.500                                               
g1:S1:IDR1:  0.000    0.000                                      
g1:S2:IDR1:  0.000    0.000   -0.500                             
g1:S1:IDR2:  0.000    0.000   -0.500       0.250                 
g1:S2:IDR2:  0.000    0.000    0.250      -0.500      -0.500     
