[1] "ID Tukey test"

	 Simultaneous Tests for General Linear Hypotheses

Multiple Comparisons of Means: Tukey Contrasts


Fit: lmer(formula = peakVel ~ (1 | pp) + (1 | pp/S) + (1 | pp/ID) + 
    (1 | pp/S:ID) + grp * S * ID, data = mdata)

Linear Hypotheses:
           Estimate Std. Error z value Pr(>|z|)    
M - D == 0  0.06387    0.04230   1.510 0.286154    
E - D == 0  0.22721    0.04230   5.371  < 1e-04 ***
E - M == 0  0.16334    0.04230   3.861 0.000323 ***
---
Signif. codes:  0 ‘***’ 0.001 ‘**’ 0.01 ‘*’ 0.05 ‘.’ 0.1 ‘ ’ 1 
(Adjusted p values reported -- single-step method)

[1] "S Tukey test"

	 Simultaneous Tests for General Linear Hypotheses

Multiple Comparisons of Means: Tukey Contrasts


Fit: lmer(formula = peakVel ~ (1 | pp) + (1 | pp/S) + (1 | pp/ID) + 
    (1 | pp/S:ID) + grp * S * ID, data = mdata)

Linear Hypotheses:
           Estimate Std. Error z value Pr(>|z|)    
2 - 1 == 0  0.04545    0.01561   2.912    0.010 *  
3 - 1 == 0  0.05943    0.01561   3.808   <0.001 ***
3 - 2 == 0  0.01398    0.01561   0.896    0.643    
---
Signif. codes:  0 ‘***’ 0.001 ‘**’ 0.01 ‘*’ 0.05 ‘.’ 0.1 ‘ ’ 1 
(Adjusted p values reported -- single-step method)

[1] "grp Tukey test"

	 Simultaneous Tests for General Linear Hypotheses

Multiple Comparisons of Means: Tukey Contrasts


Fit: lmer(formula = peakVel ~ (1 | pp) + (1 | pp/S) + (1 | pp/ID) + 
    (1 | pp/S:ID) + grp * S * ID, data = mdata)

Linear Hypotheses:
           Estimate Std. Error z value Pr(>|z|)
U - C == 0 -0.03296    0.04554  -0.724    0.469
(Adjusted p values reported -- single-step method)

