            Estimate MCMCmean HPD95lower HPD95upper pMCMC Pr(>|t|)
(Intercept)   6.7951   6.7990     6.0045     7.5472 0.001   0.0000
grp1          0.3072   0.3028    -0.4358     0.9866 0.412   0.5530
S1           -1.3461  -1.3477    -1.6848    -1.0051 0.001   0.0000
S2            0.4761   0.4807     0.1385     0.7922 0.008   0.0355
ID1          -1.9620  -1.9609    -2.3560    -1.5444 0.001   0.0000
grp1:S1      -0.3958  -0.3984    -0.7442    -0.0502 0.030   0.0799
grp1:S2       0.0939   0.0947    -0.2515     0.4054 0.576   0.6764
grp1:ID1     -0.0080  -0.0057    -0.3982     0.3793 0.962   0.9856
S1:ID1        0.8857   0.8872     0.6623     1.1335 0.001   0.0000
S2:ID1       -0.4149  -0.4115    -0.6455    -0.1602 0.001   0.0115
grp1:S1:ID1   0.1585   0.1536    -0.0912     0.3902 0.202   0.3305
grp1:S2:ID1   0.0976   0.0992    -0.1357     0.3288 0.410   0.5486
Analysis of Variance Table
         Df  Sum Sq Mean Sq F value
grp       1  0.1781  0.1781  0.3504
S         2 18.7748  9.3874 18.4644
ID        1 10.0624 10.0624 19.7921
grp:S     2  1.7231  0.8615  1.6946
grp:ID    1  0.0002  0.0002  0.0003
S:ID      2 15.1409  7.5704 14.8906
grp:S:ID  2  1.2883  0.6441  1.2670
Linear mixed model fit by REML 
Formula: IPerf ~ (1 | pp) + (1 | pp/S) + (1 | pp/ID) + (1 | pp/S:ID) +      grp * S * ID 
   Data: mdata 
 AIC   BIC logLik deviance REMLdev
 591 654.8 -275.5    539.1     551
Random effects:
 Groups   Name        Variance Std.Dev.
 S:ID:pp  (Intercept) 0.62176  0.78852 
 S:pp     (Intercept) 0.36145  0.60121 
 ID:pp    (Intercept) 3.62595  1.90419 
 pp       (Intercept) 0.15106  0.38867 
 pp       (Intercept) 0.15108  0.38868 
 pp       (Intercept) 0.15107  0.38867 
 pp       (Intercept) 0.15106  0.38866 
 Residual             0.50840  0.71303 
Number of obs: 180, groups: S:ID:pp, 60; S:pp, 30; ID:pp, 20; pp, 10

Fixed effects:
             Estimate Std. Error t value
(Intercept)  6.795064   0.516657  13.152
grp1         0.307156   0.516657   0.595
S1          -1.346148   0.224657  -5.992
S2           0.476126   0.224657   2.119
ID1         -1.961954   0.441004  -4.449
grp1:S1     -0.395786   0.224657  -1.762
grp1:S2      0.093934   0.224657   0.418
grp1:ID1    -0.007992   0.441004  -0.018
S1:ID1       0.885671   0.162401   5.454
S2:ID1      -0.414916   0.162401  -2.555
grp1:S1:ID1  0.158502   0.162401   0.976
grp1:S2:ID1  0.097616   0.162401   0.601

Correlation of Fixed Effects:
            (Intr) grp1   S1     S2     ID1    gr1:S1 gr1:S2 g1:ID1 S1:ID1
grp1         0.000                                                        
S1           0.000  0.000                                                 
S2           0.000  0.000 -0.500                                          
ID1          0.000  0.000  0.000  0.000                                   
grp1:S1      0.000  0.000  0.000  0.000  0.000                            
grp1:S2      0.000  0.000  0.000  0.000  0.000 -0.500                     
grp1:ID1     0.000  0.000  0.000  0.000  0.000  0.000  0.000              
S1:ID1       0.000  0.000  0.000  0.000  0.000  0.000  0.000  0.000       
S2:ID1       0.000  0.000  0.000  0.000  0.000  0.000  0.000  0.000 -0.500
grp1:S1:ID1  0.000  0.000  0.000  0.000  0.000  0.000  0.000  0.000  0.000
grp1:S2:ID1  0.000  0.000  0.000  0.000  0.000  0.000  0.000  0.000  0.000
            S2:ID1 g1:S1:
grp1                     
S1                       
S2                       
ID1                      
grp1:S1                  
grp1:S2                  
grp1:ID1                 
S1:ID1                   
S2:ID1                   
grp1:S1:ID1  0.000       
grp1:S2:ID1  0.000 -0.500
Linear mixed model fit by REML 
Formula: IPerf ~ (1 | pp) + (1 | pp/S) + (1 | pp/ID) + (1 | pp/S:ID) +      grp * S * ID 
   Data: mdata 
 AIC   BIC logLik deviance REMLdev
 591 654.8 -275.5    539.1     551
Random effects:
 Groups   Name        Variance Std.Dev.
 S:ID:pp  (Intercept) 0.62176  0.78852 
 S:pp     (Intercept) 0.36145  0.60121 
 ID:pp    (Intercept) 3.62595  1.90419 
 pp       (Intercept) 0.15106  0.38867 
 pp       (Intercept) 0.15108  0.38868 
 pp       (Intercept) 0.15107  0.38867 
 pp       (Intercept) 0.15106  0.38866 
 Residual             0.50840  0.71303 
Number of obs: 180, groups: S:ID:pp, 60; S:pp, 30; ID:pp, 20; pp, 10

Fixed effects:
             Estimate Std. Error t value
(Intercept)  6.795064   0.516657  13.152
grp1         0.307156   0.516657   0.595
S1          -1.346148   0.224657  -5.992
S2           0.476126   0.224657   2.119
ID1         -1.961954   0.441004  -4.449
grp1:S1     -0.395786   0.224657  -1.762
grp1:S2      0.093934   0.224657   0.418
grp1:ID1    -0.007992   0.441004  -0.018
S1:ID1       0.885671   0.162401   5.454
S2:ID1      -0.414916   0.162401  -2.555
grp1:S1:ID1  0.158502   0.162401   0.976
grp1:S2:ID1  0.097616   0.162401   0.601

Correlation of Fixed Effects:
            (Intr) grp1   S1     S2     ID1    gr1:S1 gr1:S2 g1:ID1 S1:ID1
grp1         0.000                                                        
S1           0.000  0.000                                                 
S2           0.000  0.000 -0.500                                          
ID1          0.000  0.000  0.000  0.000                                   
grp1:S1      0.000  0.000  0.000  0.000  0.000                            
grp1:S2      0.000  0.000  0.000  0.000  0.000 -0.500                     
grp1:ID1     0.000  0.000  0.000  0.000  0.000  0.000  0.000              
S1:ID1       0.000  0.000  0.000  0.000  0.000  0.000  0.000  0.000       
S2:ID1       0.000  0.000  0.000  0.000  0.000  0.000  0.000  0.000 -0.500
grp1:S1:ID1  0.000  0.000  0.000  0.000  0.000  0.000  0.000  0.000  0.000
grp1:S2:ID1  0.000  0.000  0.000  0.000  0.000  0.000  0.000  0.000  0.000
            S2:ID1 g1:S1:
grp1                     
S1                       
S2                       
ID1                      
grp1:S1                  
grp1:S2                  
grp1:ID1                 
S1:ID1                   
S2:ID1                   
grp1:S1:ID1  0.000       
grp1:S2:ID1  0.000 -0.500
