[1] "vfTrajCircularityR ~(S*DID*grp)+Error(pp/(S*DID))+grp"
$ANOVA
     Effect DFn DFd          F            p p<.05        ges
2       grp   1   8  0.6525620 4.425534e-01       0.02272209
3         S   2  16  8.6463829 2.845515e-03     * 0.21443322
5       DID   2  16 22.7437195 2.102174e-05     * 0.33383959
4     grp:S   2  16  1.0589068 3.699249e-01       0.03234829
6   grp:DID   2  16  1.2077212 3.247152e-01       0.02592139
7     S:DID   4  32  0.7407899 5.712245e-01       0.02581151
8 grp:S:DID   4  32  1.5505971 2.113372e-01       0.05254517

$`Mauchly's Test for Sphericity`
     Effect          W          p p<.05
3         S 0.66699187 0.24233821      
4     grp:S 0.66699187 0.24233821      
5       DID 0.66918852 0.24514311      
6   grp:DID 0.66918852 0.24514311      
7     S:DID 0.03523809 0.01329365     *
8 grp:S:DID 0.03523809 0.01329365     *

$`Sphericity Corrections`
     Effect       GGe        p[GG] p[GG]<.05       HFe        p[HF] p[HF]<.05
3         S 0.7501830 0.0072293371         * 0.8849186 4.364369e-03         *
4     grp:S 0.7501830 0.3564555133           0.8849186 3.644836e-01          
5       DID 0.7514212 0.0001678107         * 0.8869711 5.391584e-05         *
6   grp:DID 0.7514212 0.3182598513           0.8869711 3.223960e-01          
7     S:DID 0.5152764 0.4957761387           0.6966764 5.297809e-01          
8 grp:S:DID 0.5152764 0.2415444380           0.6966764 2.306325e-01          

