[1] "minPeakDelayNorm ~(S*DID*grp)+Error(pp/(S*DID))+grp"
$ANOVA
     Effect DFn DFd         F          p p<.05         ges
2       grp   1   8 3.2160359 0.11067506       0.092170279
3         S   2  16 0.3585538 0.70415902       0.009110159
5       DID   2  16 3.3308717 0.06174664       0.124476439
4     grp:S   2  16 1.5268570 0.24724226       0.037676093
6   grp:DID   2  16 0.4085521 0.67135176       0.017139602
7     S:DID   4  32 1.6557152 0.18457733       0.039908424
8 grp:S:DID   4  32 2.1688983 0.09500616       0.051639151

$`Mauchly's Test for Sphericity`
     Effect          W          p p<.05
3         S 0.91927215 0.74482521      
4     grp:S 0.91927215 0.74482521      
5       DID 0.74570316 0.35808072      
6   grp:DID 0.74570316 0.35808072      
7     S:DID 0.07387157 0.06095911      
8 grp:S:DID 0.07387157 0.06095911      

$`Sphericity Corrections`
     Effect       GGe      p[GG] p[GG]<.05       HFe      p[HF] p[HF]<.05
3         S 0.9253023 0.68865046           1.1916165 0.70415902          
4     grp:S 0.9253023 0.24896215           1.1916165 0.24724226          
5       DID 0.7972594 0.07676731           0.9640704 0.06416932          
6   grp:DID 0.7972594 0.62814140           0.9640704 0.66436536          
7     S:DID 0.4287242 0.22695218           0.5343616 0.21953127          
8 grp:S:DID 0.4287242 0.15596094           0.5343616 0.14242563          

