Post-hoc Tukey comparisons[1] "grp Tukey test"

	Pairwise comparisons using paired t tests 

data:  mdata$decTimeL and mdata$grp 

  C      
U 1.7e-06

P value adjustment method: bonferroni 
[1] "S Tukey test"

	Pairwise comparisons using paired t tests 

data:  mdata$decTimeL and mdata$S 

  1       2      
2 < 2e-16 -      
3 < 2e-16 0.00071

P value adjustment method: bonferroni 
[1] "IDR Tukey test"

	Pairwise comparisons using paired t tests 

data:  mdata$decTimeL and mdata$IDR 

  D      M     
M <2e-16 -     
E <2e-16 <2e-16

P value adjustment method: bonferroni 
[1] "IDL Tukey test"
