            Estimate MCMCmean HPD95lower HPD95upper pMCMC Pr(>|t|)
(Intercept)   0.7417   0.7422     0.6950     0.7966 0.001   0.0000
grp1         -0.0289  -0.0302    -0.0824     0.0200 0.244   0.3777
S1            0.1001   0.0995     0.0672     0.1268 0.001   0.0000
S2           -0.0233  -0.0227    -0.0502     0.0081 0.148   0.2643
ID1           0.3881   0.3886     0.3650     0.4136 0.001   0.0000
grp1:S1       0.0301   0.0294    -0.0011     0.0578 0.060   0.1486
grp1:S2      -0.0235  -0.0223    -0.0512     0.0093 0.160   0.2595
grp1:ID1     -0.0339  -0.0345    -0.0603    -0.0115 0.004   0.0693
S1:ID1        0.0039   0.0034    -0.0191     0.0257 0.798   0.8398
S2:ID1        0.0160   0.0162    -0.0065     0.0387 0.172   0.4042
grp1:S1:ID1   0.0088   0.0085    -0.0154     0.0294 0.458   0.6454
grp1:S2:ID1  -0.0169  -0.0168    -0.0384     0.0055 0.148   0.3797
Analysis of Variance Table
         Df  Sum Sq Mean Sq  F value
grp       1 0.00250 0.00250   0.7774
S         2 0.08167 0.04084  12.7238
ID        1 1.40893 1.40893 439.0090
grp:S     2 0.00746 0.00373   1.1626
grp:ID    1 0.01073 0.01073   3.3428
S:ID      2 0.00389 0.00195   0.6063
grp:S:ID  2 0.00249 0.00125   0.3882
Linear mixed model fit by REML 
Formula: MT ~ (1 | pp) + (1 | pp/S) + (1 | pp/ID) + (1 | pp/S:ID) + grp *      S * ID 
   Data: mdata 
    AIC    BIC logLik deviance REMLdev
 -256.3 -192.4  148.1   -368.1  -296.3
Random effects:
 Groups   Name        Variance   Std.Dev.
 S:ID:pp  (Intercept) 0.00997111 0.099855
 S:pp     (Intercept) 0.00095127 0.030843
 ID:pp    (Intercept) 0.00318307 0.056419
 pp       (Intercept) 0.00173148 0.041611
 pp       (Intercept) 0.00173159 0.041612
 pp       (Intercept) 0.00173158 0.041612
 pp       (Intercept) 0.00173150 0.041611
 Residual             0.00320934 0.056651
Number of obs: 180, groups: S:ID:pp, 60; S:pp, 30; ID:pp, 20; pp, 10

Fixed effects:
             Estimate Std. Error t value
(Intercept)  0.741714   0.032671  22.703
grp1        -0.028897   0.032671  -0.884
S1           0.100111   0.020771   4.820
S2          -0.023264   0.020771  -1.120
ID1          0.388142   0.018525  20.953
grp1:S1      0.030139   0.020771   1.451
grp1:S2     -0.023503   0.020771  -1.132
grp1:ID1    -0.033869   0.018525  -1.828
S1:ID1       0.003883   0.019184   0.202
S2:ID1       0.016042   0.019184   0.836
grp1:S1:ID1  0.008844   0.019184   0.461
grp1:S2:ID1 -0.016897   0.019184  -0.881

Correlation of Fixed Effects:
            (Intr) grp1   S1     S2     ID1    gr1:S1 gr1:S2 g1:ID1 S1:ID1
grp1         0.000                                                        
S1           0.000  0.000                                                 
S2           0.000  0.000 -0.500                                          
ID1          0.000  0.000  0.000  0.000                                   
grp1:S1      0.000  0.000  0.000  0.000  0.000                            
grp1:S2      0.000  0.000  0.000  0.000  0.000 -0.500                     
grp1:ID1     0.000  0.000  0.000  0.000  0.000  0.000  0.000              
S1:ID1       0.000  0.000  0.000  0.000  0.000  0.000  0.000  0.000       
S2:ID1       0.000  0.000  0.000  0.000  0.000  0.000  0.000  0.000 -0.500
grp1:S1:ID1  0.000  0.000  0.000  0.000  0.000  0.000  0.000  0.000  0.000
grp1:S2:ID1  0.000  0.000  0.000  0.000  0.000  0.000  0.000  0.000  0.000
            S2:ID1 g1:S1:
grp1                     
S1                       
S2                       
ID1                      
grp1:S1                  
grp1:S2                  
grp1:ID1                 
S1:ID1                   
S2:ID1                   
grp1:S1:ID1  0.000       
grp1:S2:ID1  0.000 -0.500
Linear mixed model fit by REML 
Formula: MT ~ (1 | pp) + (1 | pp/S) + (1 | pp/ID) + (1 | pp/S:ID) + grp *      S * ID 
   Data: mdata 
    AIC    BIC logLik deviance REMLdev
 -256.3 -192.4  148.1   -368.1  -296.3
Random effects:
 Groups   Name        Variance   Std.Dev.
 S:ID:pp  (Intercept) 0.00997111 0.099855
 S:pp     (Intercept) 0.00095127 0.030843
 ID:pp    (Intercept) 0.00318307 0.056419
 pp       (Intercept) 0.00173148 0.041611
 pp       (Intercept) 0.00173159 0.041612
 pp       (Intercept) 0.00173158 0.041612
 pp       (Intercept) 0.00173150 0.041611
 Residual             0.00320934 0.056651
Number of obs: 180, groups: S:ID:pp, 60; S:pp, 30; ID:pp, 20; pp, 10

Fixed effects:
             Estimate Std. Error t value
(Intercept)  0.741714   0.032671  22.703
grp1        -0.028897   0.032671  -0.884
S1           0.100111   0.020771   4.820
S2          -0.023264   0.020771  -1.120
ID1          0.388142   0.018525  20.953
grp1:S1      0.030139   0.020771   1.451
grp1:S2     -0.023503   0.020771  -1.132
grp1:ID1    -0.033869   0.018525  -1.828
S1:ID1       0.003883   0.019184   0.202
S2:ID1       0.016042   0.019184   0.836
grp1:S1:ID1  0.008844   0.019184   0.461
grp1:S2:ID1 -0.016897   0.019184  -0.881

Correlation of Fixed Effects:
            (Intr) grp1   S1     S2     ID1    gr1:S1 gr1:S2 g1:ID1 S1:ID1
grp1         0.000                                                        
S1           0.000  0.000                                                 
S2           0.000  0.000 -0.500                                          
ID1          0.000  0.000  0.000  0.000                                   
grp1:S1      0.000  0.000  0.000  0.000  0.000                            
grp1:S2      0.000  0.000  0.000  0.000  0.000 -0.500                     
grp1:ID1     0.000  0.000  0.000  0.000  0.000  0.000  0.000              
S1:ID1       0.000  0.000  0.000  0.000  0.000  0.000  0.000  0.000       
S2:ID1       0.000  0.000  0.000  0.000  0.000  0.000  0.000  0.000 -0.500
grp1:S1:ID1  0.000  0.000  0.000  0.000  0.000  0.000  0.000  0.000  0.000
grp1:S2:ID1  0.000  0.000  0.000  0.000  0.000  0.000  0.000  0.000  0.000
            S2:ID1 g1:S1:
grp1                     
S1                       
S2                       
ID1                      
grp1:S1                  
grp1:S2                  
grp1:ID1                 
S1:ID1                   
S2:ID1                   
grp1:S1:ID1  0.000       
grp1:S2:ID1  0.000 -0.500
