[1] "maxangle ~(S*ID*grp)+Error(pp/(S*ID))+grp"
$ANOVA
    Effect DFn DFd           F            p p<.05        ges
2      grp   1   8   0.6213645 4.532629e-01       0.02970258
3        S   2  16   7.0696437 6.308063e-03     * 0.13622187
5       ID   2  16 156.6215520 3.110472e-11     * 0.62880854
4    grp:S   2  16   0.5980040 5.617444e-01       0.01316425
6   grp:ID   2  16   1.1239177 3.493567e-01       0.01201035
7     S:ID   4  32   1.5764665 2.044222e-01       0.06294660
8 grp:S:ID   4  32   0.5493593 7.008029e-01       0.02287339

$`Mauchly's Test for Sphericity`
    Effect         W          p p<.05
3        S 0.3462797 0.02443399     *
4    grp:S 0.3462797 0.02443399     *
5       ID 0.7413822 0.35087104      
6   grp:ID 0.7413822 0.35087104      
7     S:ID 0.4286931 0.80299526      
8 grp:S:ID 0.4286931 0.80299526      

$`Sphericity Corrections`
    Effect       GGe        p[GG] p[GG]<.05       HFe        p[HF] p[HF]<.05
3        S 0.6046972 2.089603e-02         * 0.6541794 1.795425e-02         *
4    grp:S 0.6046972 4.886050e-01           0.6541794 4.998883e-01          
5       ID 0.7945224 2.610775e-09         * 0.9594048 7.453405e-11         *
6   grp:ID 0.7945224 3.413491e-01           0.9594048 3.480456e-01          
7     S:ID 0.6762821 2.259726e-01           1.0550849 2.044222e-01          
8 grp:S:ID 0.6762821 6.365296e-01           1.0550849 7.008029e-01          

