[1] "Summary by group"
  grp maxangle.m maxangle.s
1   C   1.554348  0.8331444
2   U   1.417625  0.7214532
[1] "Summary by session\n"
  S maxangle.m maxangle.s
1 1   1.689006  0.8281177
2 2   1.456592  0.8093790
3 3   1.312361  0.6550007
[1] "Summary by ID\n"
  ID maxangle.m maxangle.s
1  D  2.0887467  0.6323387
2  M  1.5243579  0.7214490
3  E  0.8448554  0.3715345
[1] "Summary by group + Session\n"
  grp S maxangle.m maxangle.s
1   C 1   1.723297  0.7921743
2   C 2   1.588724  0.9151627
3   C 3   1.351023  0.7590753
4   U 1   1.654715  0.8701716
5   U 2   1.324461  0.6721931
6   U 3   1.273700  0.5371681
[1] "Summary by Session + ID\n"
  S ID maxangle.m maxangle.s
1 1  D  2.1734667  0.6131600
2 1  M  1.8933400  0.9054610
3 1  E  1.0002113  0.3633480
4 2  D  2.1202500  0.6633317
5 2  M  1.4926120  0.6991083
6 2  E  0.7569154  0.3439488
7 3  D  1.9725233  0.6234848
8 3  M  1.1871217  0.1709230
9 3  E  0.7774393  0.3682953
[1] "Summary by group + ID\n"
  grp ID maxangle.m maxangle.s
1   C  D  2.2168289  0.6339199
2   C  M  1.5732884  0.7738038
3   C  E  0.8729264  0.4349741
4   U  D  1.9606644  0.6110497
5   U  M  1.4754273  0.6701769
6   U  E  0.8167843  0.2973193
[1] "Summary by group + Session + ID\n"
   grp S ID maxangle.m maxangle.s
1    C 1  D  2.1580667  0.5077253
2    C 1  M  1.9283800  0.8992540
3    C 1  E  1.0834447  0.4685954
4    C 2  D  2.3624267  0.6693542
5    C 2  M  1.6173773  0.8502795
6    C 2  E  0.7863673  0.3594301
7    C 3  D  2.1299933  0.7229519
8    C 3  M  1.1741080  0.2057101
9    C 3  E  0.7489673  0.4170012
10   U 1  D  2.1888667  0.7214513
11   U 1  M  1.8583000  0.9418024
12   U 1  E  0.9169780  0.1976023
13   U 2  D  1.8780733  0.5811491
14   U 2  M  1.3678467  0.5060473
15   U 2  E  0.7274635  0.3376432
16   U 3  D  1.8150533  0.4789966
17   U 3  M  1.2001353  0.1335535
18   U 3  E  0.8059113  0.3245680
