[1] "peakVelR ~(S*DID*grp)+Error(pp/(S*DID))+grp"
$ANOVA
     Effect DFn DFd          F          p p<.05          ges
2       grp   1   8 0.00664435 0.93703653       0.0004284156
3         S   2  16 3.62053128 0.05045591       0.1191665821
5       DID   2  16 3.21341572 0.06711452       0.0298464403
4     grp:S   2  16 0.15191180 0.86028850       0.0056444498
6   grp:DID   2  16 1.16289967 0.33764199       0.0110108017
7     S:DID   4  32 2.47784998 0.06380486       0.0324920135
8 grp:S:DID   4  32 1.09319576 0.37660344       0.0146001556

$`Mauchly's Test for Sphericity`
     Effect         W          p p<.05
3         S 0.5707754 0.14048448      
4     grp:S 0.5707754 0.14048448      
5       DID 0.4768277 0.07486262      
6   grp:DID 0.4768277 0.07486262      
7     S:DID 0.3799102 0.72924729      
8 grp:S:DID 0.3799102 0.72924729      

$`Sphericity Corrections`
     Effect       GGe      p[GG] p[GG]<.05       HFe      p[HF] p[HF]<.05
3         S 0.6996801 0.07314612           0.8025163 0.06438844          
4     grp:S 0.6996801 0.78547975           0.8025163 0.81557641          
5       DID 0.6565245 0.09488358           0.7340746 0.08776132          
6   grp:DID 0.6565245 0.32423038           0.7340746 0.32840313          
7     S:DID 0.7091032 0.08987234           1.1391167 0.06380486          
8 grp:S:DID 0.7091032 0.36970783           1.1391167 0.37660344          

