[1] "Full vs no Session"
Data: mdata
Models:
noS.mod: get(vname) ~ (1 | pp) + (1 | pp/DID) + DID + grp
full.mod: get(vname) ~ (1 | pp) + (1 | pp/DID) + (1 | pp/S) + (1 | pp/S:DID) + 
full.mod:     S + DID + grp
         Df     AIC     BIC logLik  Chisq Chi Df Pr(>Chisq)    
noS.mod   8 -782.14 -753.35 399.07                             
full.mod 14 -823.19 -772.81 425.59 53.048      6  1.147e-09 ***
---
Signif. codes:  0 ‘***’ 0.001 ‘**’ 0.01 ‘*’ 0.05 ‘.’ 0.1 ‘ ’ 1 
[1] "Full vs no Group"
Data: mdata
Models:
nogrp.mod: get(vname) ~ (1 | pp) + (1 | pp/DID) + (1 | pp/S) + (1 | pp/S:DID) + 
nogrp.mod:     S + DID
full.mod: get(vname) ~ (1 | pp) + (1 | pp/DID) + (1 | pp/S) + (1 | pp/S:DID) + 
full.mod:     S + DID + grp
          Df     AIC     BIC logLik Chisq Chi Df Pr(>Chisq)
nogrp.mod 13 -825.31 -778.53 425.65                        
full.mod  14 -823.19 -772.81 425.59     0      1          1
[1] "Full vs no Session and no Group"
Data: mdata
Models:
noSgrp.mod: get(vname) ~ (1 | pp) + (1 | pp/DID) + DID
full.mod: get(vname) ~ (1 | pp) + (1 | pp/DID) + (1 | pp/S) + (1 | pp/S:DID) + 
full.mod:     S + DID + grp
           Df     AIC     BIC logLik  Chisq Chi Df Pr(>Chisq)    
noSgrp.mod  7 -784.29 -759.11 399.15                             
full.mod   14 -823.19 -772.81 425.59 52.892      7  3.894e-09 ***
---
Signif. codes:  0 ‘***’ 0.001 ‘**’ 0.01 ‘*’ 0.05 ‘.’ 0.1 ‘ ’ 1 
[1] "No Group vs no Session and no Group"
Data: mdata
Models:
noSgrp.mod: get(vname) ~ (1 | pp) + (1 | pp/DID) + DID
nogrp.mod: get(vname) ~ (1 | pp) + (1 | pp/DID) + (1 | pp/S) + (1 | pp/S:DID) + 
nogrp.mod:     S + DID
           Df     AIC     BIC logLik  Chisq Chi Df Pr(>Chisq)    
noSgrp.mod  7 -784.29 -759.11 399.15                             
nogrp.mod  13 -825.31 -778.53 425.65 53.014      6  1.165e-09 ***
---
Signif. codes:  0 ‘***’ 0.001 ‘**’ 0.01 ‘*’ 0.05 ‘.’ 0.1 ‘ ’ 1 
[1] "No Session vs no Session and no Group"
Data: mdata
Models:
noSgrp.mod: get(vname) ~ (1 | pp) + (1 | pp/DID) + DID
noS.mod: get(vname) ~ (1 | pp) + (1 | pp/DID) + DID + grp
           Df     AIC     BIC logLik Chisq Chi Df Pr(>Chisq)
noSgrp.mod  7 -784.29 -759.11 399.15                        
noS.mod     8 -782.14 -753.35 399.07     0      1          1
