[1] "Summary by group"
  grp peakVelR.m peakVelR.s
1   C  0.8051680 0.06410839
2   U  0.8033276 0.05910032
[1] "Summary by session\n"
  S peakVelR.m peakVelR.s
1 1  0.7821289 0.06283146
2 2  0.8094752 0.06306470
3 3  0.8211392 0.05209156
[1] "Summary by DID\n"
  DID peakVelR.m peakVelR.s
1   1  0.7933184 0.06378711
2   2  0.8109724 0.05693495
3   3  0.8084524 0.06288560
[1] "Summary by group + Session\n"
  grp S peakVelR.m peakVelR.s
1   C 1  0.7789184 0.05711212
2   C 2  0.8104542 0.06498353
3   C 3  0.8261313 0.06204102
4   U 1  0.7853393 0.06857427
5   U 2  0.8084962 0.06180520
6   U 3  0.8161471 0.03985810
[1] "Summary by Session + DID\n"
  S DID peakVelR.m peakVelR.s
1 1   1  0.7557867 0.06687932
2 1   2  0.7964830 0.05714410
3 1   3  0.7941170 0.05742552
4 2   1  0.8050693 0.05631974
5 2   2  0.8091540 0.06531129
6 2   3  0.8142023 0.06873845
7 3   1  0.8190993 0.05054314
8 3   2  0.8272803 0.04383592
9 3   3  0.8170380 0.06156960
[1] "Summary by group + DID\n"
  grp DID peakVelR.m peakVelR.s
1   C   1  0.8008458 0.06344376
2   C   2  0.8090940 0.06005271
3   C   3  0.8055642 0.06964194
4   U   1  0.7857911 0.06394572
5   U   2  0.8128509 0.05425222
6   U   3  0.8113407 0.05596437
[1] "Summary by group + Session + DID\n"
   grp S DID peakVelR.m peakVelR.s
1    C 1   1  0.7634633 0.06961384
2    C 1   2  0.7841293 0.04971133
3    C 1   3  0.7891627 0.05036461
4    C 2   1  0.8102967 0.04763384
5    C 2   2  0.8041147 0.06823804
6    C 2   3  0.8169513 0.07910826
7    C 3   1  0.8287773 0.05573522
8    C 3   2  0.8390380 0.05051260
9    C 3   3  0.8105787 0.07742127
10   U 1   1  0.7481100 0.06551951
11   U 1   2  0.8088367 0.06297538
12   U 1   3  0.7990713 0.06512862
13   U 2   1  0.7998420 0.06513720
14   U 2   2  0.8141933 0.06422589
15   U 2   3  0.8114533 0.05927173
16   U 3   1  0.8094213 0.04454848
17   U 3   2  0.8155227 0.03365524
18   U 3   3  0.8234973 0.04205884
