[1] "q4Lrel ~(S*IDR*IDL*grp)+Error(pp/(S*IDR*IDL))+grp"
$ANOVA
          Effect DFn DFd           F            p p<.05          ges
2            grp   1   8  0.05214848 0.8250950052       0.0010232834
3              S   2  16  0.31687529 0.7328892997       0.0076245955
4          grp:S   2  16  0.12339979 0.8847432916       0.0029831107
5            IDR   2  16  9.35778941 0.0020359381     * 0.0370007023
6        grp:IDR   2  16  4.03405242 0.0381438657     * 0.0162936263
7            IDL   1   8  3.39075445 0.1028243588       0.0459811653
8        grp:IDL   1   8  2.22280274 0.1743226793       0.0306279617
9          S:IDR   4  32  0.14647080 0.9632385188       0.0031077687
10     grp:S:IDR   4  32  0.50881539 0.7295846675       0.0107135092
11         S:IDL   2  16  0.06883317 0.9337572923       0.0012953103
12     grp:S:IDL   2  16  0.35160025 0.7088629982       0.0065814322
13       IDR:IDL   2  16 11.85016099 0.0006959974     * 0.1105357229
14   grp:IDR:IDL   2  16  0.05314298 0.9484110758       0.0005569982
15     S:IDR:IDL   4  32  1.14436120 0.3535414286       0.0137435469
16 grp:S:IDR:IDL   4  32  1.31363970 0.2859622345       0.0157445388

$`Mauchly's Test for Sphericity`
          Effect         W         p p<.05
3              S 0.7595899 0.3819681      
4          grp:S 0.7595899 0.3819681      
5            IDR 0.9254834 0.7625885      
6        grp:IDR 0.9254834 0.7625885      
9          S:IDR 0.1096644 0.1289875      
10     grp:S:IDR 0.1096644 0.1289875      
11         S:IDL 0.9601722 0.8674050      
12     grp:S:IDL 0.9601722 0.8674050      
13       IDR:IDL 0.7122925 0.3050031      
14   grp:IDR:IDL 0.7122925 0.3050031      
15     S:IDR:IDL 0.4557038 0.8381832      
16 grp:S:IDR:IDL 0.4557038 0.8381832      

$`Sphericity Corrections`
          Effect       GGe       p[GG] p[GG]<.05       HFe        p[HF]
3              S 0.8061850 0.688385235           0.9793405 0.7286141401
4          grp:S 0.8061850 0.843118031           0.9793405 0.8809695608
5            IDR 0.9306511 0.002689863         * 1.2015349 0.0020359381
6        grp:IDR 0.9306511 0.042199159         * 1.2015349 0.0381438657
9          S:IDR 0.6111404 0.900419615           0.9000665 0.9528651727
10     grp:S:IDR 0.6111404 0.644795664           0.9000665 0.7114235955
11         S:IDL 0.9616977 0.928204343           1.2597955 0.9337572923
12     grp:S:IDL 0.9616977 0.701027778           1.2597955 0.7088629982
13       IDR:IDL 0.7765739 0.002139895         * 0.9290061 0.0009930386
14   grp:IDR:IDL 0.7765739 0.912119707           0.9290061 0.9390301667
15     S:IDR:IDL 0.7039190 0.350436078           1.1255605 0.3535414286
16 grp:S:IDR:IDL 0.7039190 0.294034496           1.1255605 0.2859622345
   p[HF]<.05
3           
4           
5          *
6          *
9           
10          
11          
12          
13         *
14          
15          
16          

