[1] "maxangleLrel ~(S*IDR*IDL*grp)+Error(pp/(S*IDR*IDL))+grp"
$ANOVA
          Effect DFn DFd          F            p p<.05         ges
2            grp   1   8  1.8891812 2.065630e-01       0.012531656
3              S   2  16  1.5540610 2.416661e-01       0.049997000
4          grp:S   2  16  0.4433696 6.495214e-01       0.014792599
5            IDR   2  16 33.7999683 1.800165e-06     * 0.157155920
6        grp:IDR   2  16  6.8956537 6.922187e-03     * 0.036646161
7            IDL   1   8 33.2416661 4.214189e-04     * 0.234166881
8        grp:IDL   1   8  0.5662565 4.733084e-01       0.005181620
9          S:IDR   4  32  0.4298890 7.859409e-01       0.008278423
10     grp:S:IDR   4  32  0.4060323 8.028833e-01       0.007822606
11         S:IDL   2  16  0.5041325 6.133096e-01       0.014768841
12     grp:S:IDL   2  16  1.1691954 3.357918e-01       0.033597634
13       IDR:IDL   2  16 33.8697386 1.776306e-06     * 0.109846710
14   grp:IDR:IDL   2  16  1.5656754 2.393287e-01       0.005672072
15     S:IDR:IDL   4  32  0.2897109 8.824775e-01       0.004874149
16 grp:S:IDR:IDL   4  32  0.2101408 9.308993e-01       0.003540186

$`Mauchly's Test for Sphericity`
          Effect         W         p p<.05
3              S 0.9374575 0.7976833      
4          grp:S 0.9374575 0.7976833      
5            IDR 0.7790995 0.4174219      
6        grp:IDR 0.7790995 0.4174219      
9          S:IDR 0.3635250 0.7023050      
10     grp:S:IDR 0.3635250 0.7023050      
11         S:IDL 0.9573622 0.8585529      
12     grp:S:IDL 0.9573622 0.8585529      
13       IDR:IDL 0.9182884 0.7420392      
14   grp:IDR:IDL 0.9182884 0.7420392      
15     S:IDR:IDL 0.2415605 0.4445897      
16 grp:S:IDR:IDL 0.2415605 0.4445897      

$`Sphericity Corrections`
          Effect       GGe        p[GG] p[GG]<.05      HFe        p[HF]
3              S 0.9411388 2.432007e-01           1.221083 2.416661e-01
4          grp:S 0.9411388 6.383685e-01           1.221083 6.495214e-01
5            IDR 0.8190676 1.253840e-05         * 1.001531 1.800165e-06
6        grp:IDR 0.8190676 1.175198e-02         * 1.001531 6.922187e-03
9          S:IDR 0.7255962 7.273279e-01           1.182978 7.859409e-01
10     grp:S:IDR 0.7255962 7.438148e-01           1.182978 8.028833e-01
11         S:IDL 0.9591059 6.061987e-01           1.254886 6.133096e-01
12     grp:S:IDL 0.9591059 3.347904e-01           1.254886 3.357918e-01
13       IDR:IDL 0.9244608 3.992589e-06         * 1.190059 1.776306e-06
14   grp:IDR:IDL 0.9244608 2.413658e-01           1.190059 2.393287e-01
15     S:IDR:IDL 0.6712983 8.113766e-01           1.042688 8.824775e-01
16 grp:S:IDR:IDL 0.6712983 8.693070e-01           1.042688 9.308993e-01
   p[HF]<.05
3           
4           
5          *
6          *
9           
10          
11          
12          
13         *
14          
15          
16          

