[1] "Full vs no Session"
Data: mdata
Models:
noS.mod: get(vname) ~ (1 | pp) + IDR + IDL + grp
full.mod: get(vname) ~ (1 | pp) + (1 | pp/S) + (1 | pp/IDR) + (1 | pp/IDL) + 
full.mod:     (1 | pp/S:IDR:IDL) + S + IDR + IDL + grp
         Df    AIC    BIC   logLik  Chisq Chi Df Pr(>Chisq)    
noS.mod   7 274.52 304.56 -130.261                             
full.mod 17 232.35 305.30  -99.173 62.176     10  1.401e-09 ***
---
Signif. codes:  0 ‘***’ 0.001 ‘**’ 0.01 ‘*’ 0.05 ‘.’ 0.1 ‘ ’ 1 
[1] "Full vs no Group"
Data: mdata
Models:
nogrp.mod: get(vname) ~ (1 | pp) + S + IDR + IDL
full.mod: get(vname) ~ (1 | pp) + (1 | pp/S) + (1 | pp/IDR) + (1 | pp/IDL) + 
full.mod:     (1 | pp/S:IDR:IDL) + S + IDR + IDL + grp
          Df    AIC   BIC   logLik  Chisq Chi Df Pr(>Chisq)    
nogrp.mod  8 266.46 300.8 -125.232                             
full.mod  17 232.35 305.3  -99.173 52.118      9  4.294e-08 ***
---
Signif. codes:  0 ‘***’ 0.001 ‘**’ 0.01 ‘*’ 0.05 ‘.’ 0.1 ‘ ’ 1 
[1] "Full vs no Session and no Group"
Data: mdata
Models:
noSgrp.mod: get(vname) ~ (1 | pp) + IDR + IDL
full.mod: get(vname) ~ (1 | pp) + (1 | pp/S) + (1 | pp/IDR) + (1 | pp/IDL) + 
full.mod:     (1 | pp/S:IDR:IDL) + S + IDR + IDL + grp
           Df    AIC    BIC   logLik  Chisq Chi Df Pr(>Chisq)    
noSgrp.mod  6 274.47 300.22 -131.237                             
full.mod   17 232.35 305.30  -99.173 64.126     11  1.573e-09 ***
---
Signif. codes:  0 ‘***’ 0.001 ‘**’ 0.01 ‘*’ 0.05 ‘.’ 0.1 ‘ ’ 1 
[1] "No Group vs no Session and no Group"
Data: mdata
Models:
noSgrp.mod: get(vname) ~ (1 | pp) + IDR + IDL
nogrp.mod: get(vname) ~ (1 | pp) + S + IDR + IDL
           Df    AIC    BIC  logLik  Chisq Chi Df Pr(>Chisq)   
noSgrp.mod  6 274.47 300.22 -131.24                            
nogrp.mod   8 266.46 300.80 -125.23 12.008      2   0.002468 **
---
Signif. codes:  0 ‘***’ 0.001 ‘**’ 0.01 ‘*’ 0.05 ‘.’ 0.1 ‘ ’ 1 
[1] "No Session vs no Session and no Group"
Data: mdata
Models:
noSgrp.mod: get(vname) ~ (1 | pp) + IDR + IDL
noS.mod: get(vname) ~ (1 | pp) + IDR + IDL + grp
           Df    AIC    BIC  logLik  Chisq Chi Df Pr(>Chisq)
noSgrp.mod  6 274.47 300.22 -131.24                         
noS.mod     7 274.52 304.56 -130.26 1.9507      1     0.1625
