[1] "Summary by group"
  grp accQLrel.m accQLrel.s
1   C  0.9654929  0.2001705
2   U  0.9661763  0.1674559
[1] "Summary by session\n"
  S accQLrel.m accQLrel.s
1 1  0.9295281  0.1796823
2 2  0.9812985  0.1851342
3 3  0.9866771  0.1838257
[1] "Summary by IDR+IDR\n"
  IDL IDR accQLrel.m accQLrel.s
1   D   D  1.0547437  0.1476456
2   D   M  1.0346816  0.1731882
3   D   E  1.0325189  0.1822462
4   E   D  0.7746686  0.1571727
5   E   M  0.8905748  0.1466210
6   E   E  1.0078198  0.1135933
[1] "Summary by group + Session\n"
  grp S accQLrel.m accQLrel.s
1   C 1  0.9092039  0.1912793
2   C 2  0.9765518  0.1964907
3   C 3  1.0107228  0.2012766
4   U 1  0.9498523  0.1658646
5   U 2  0.9860453  0.1740124
6   U 3  0.9626313  0.1621166
[1] "Summary by Session + IDR + IDL \n"
   S IDL IDR accQLrel.m accQLrel.s
1  1   D   D  1.0382832 0.12991862
2  1   D   M  1.0051725 0.16398980
3  1   D   E  1.0042531 0.14823430
4  1   E   D  0.7378522 0.15299943
5  1   E   M  0.8116444 0.14240100
6  1   E   E  0.9799635 0.10442297
7  2   D   D  1.0893204 0.14194381
8  2   D   M  1.0587166 0.15845347
9  2   D   E  1.0644898 0.19413460
10 2   E   D  0.7516819 0.14620928
11 2   E   M  0.9145756 0.11597985
12 2   E   E  1.0090070 0.09172168
13 3   D   D  1.0366275 0.16738467
14 3   D   M  1.0401558 0.19626889
15 3   D   E  1.0288139 0.20092743
16 3   E   D  0.8344717 0.15930758
17 3   E   M  0.9455044 0.14860808
18 3   E   E  1.0344891 0.13690576
[1] "Summary by group + IDR + IDL\n"
   grp IDL IDR accQLrel.m accQLrel.s
1    C   D   D  1.0619865  0.1678499
2    C   D   M  1.0413677  0.2154547
3    C   D   E  1.0313301  0.2231081
4    C   E   D  0.7351349  0.1008939
5    C   E   M  0.8990627  0.1278297
6    C   E   E  1.0240753  0.1092406
7    U   D   D  1.0475008  0.1257498
8    U   D   M  1.0279955  0.1189867
9    U   D   E  1.0337078  0.1319169
10   U   E   D  0.8142023  0.1912890
11   U   E   M  0.8820869  0.1643053
12   U   E   E  0.9915644  0.1167310
[1] "Summary by group + Session + IDR + IDL\n"
   grp S IDL IDR accQLrel.m accQLrel.s
1    C 1   D   D  1.0170443 0.17359645
2    C 1   D   M  1.0034475 0.21248430
3    C 1   D   E  0.9895676 0.18028979
4    C 1   E   D  0.7029514 0.06280926
5    C 1   E   M  0.7726846 0.09290051
6    C 1   E   E  0.9695281 0.11783829
7    C 2   D   D  1.1029487 0.13352287
8    C 2   D   M  1.0586430 0.18163449
9    C 2   D   E  1.0380353 0.23450146
10   C 2   E   D  0.6953962 0.08368687
11   C 2   E   M  0.9294189 0.08437734
12   C 2   E   E  1.0348689 0.08000103
13   C 3   D   D  1.0659666 0.19131830
14   C 3   D   M  1.0620128 0.25580461
15   C 3   D   E  1.0663872 0.25634678
16   C 3   E   D  0.8070571 0.11269621
17   C 3   E   M  0.9950845 0.08733440
18   C 3   E   E  1.0678288 0.10888250
19   U 1   D   D  1.0595220 0.06213679
20   U 1   D   M  1.0068976 0.10271445
21   U 1   D   E  1.0189385 0.11202591
22   U 1   E   D  0.7727530 0.20477930
23   U 1   E   M  0.8506041 0.17355532
24   U 1   E   E  0.9903989 0.09202155
25   U 2   D   D  1.0756921 0.15332607
26   U 2   D   M  1.0587902 0.13790322
27   U 2   D   E  1.0909443 0.14689422
28   U 2   E   D  0.8079677 0.17461099
29   U 2   E   M  0.8997322 0.14237907
30   U 2   E   E  0.9831451 0.09794521
31   U 3   D   D  1.0072884 0.13996173
32   U 3   D   M  1.0182988 0.11547636
33   U 3   D   E  0.9912407 0.12201851
34   U 3   E   D  0.8618863 0.19560079
35   U 3   E   M  0.8959242 0.18124936
36   U 3   E   E  1.0011493 0.15680531
