Linear mixed-effects model fit by REML
 Data: mdata 
       AIC      BIC    logLik
  197.4987 219.6522 -91.74933

Random effects:
 Formula: ~1 | pp
        (Intercept)  Residual
StdDev:   0.2889014 0.3592677

Fixed effects: f ~ S + ID + grp 
                 Value  Std.Error  DF    t-value p-value
(Intercept)  1.0670540 0.09520229 167  11.208281  0.0000
S1          -0.2462050 0.03787014 167  -6.501296  0.0000
S2           0.0953553 0.03787014 167   2.517956  0.0127
ID1         -0.6167771 0.02677823 167 -23.032779  0.0000
grp1         0.0445446 0.09520229   8   0.467894  0.6523
 Correlation: 
     (Intr) S1   S2   ID1 
S1    0.0                 
S2    0.0   -0.5          
ID1   0.0    0.0  0.0     
grp1  0.0    0.0  0.0  0.0

Standardized Within-Group Residuals:
       Min         Q1        Med         Q3        Max 
-1.9858668 -0.6934557 -0.1487333  0.6657749  3.1057276 

Number of Observations: 180
Number of Groups: 10 
            numDF denDF  F-value p-value
(Intercept)     1   167 125.6256  <.0001
S               2   167  21.4913  <.0001
ID              1   167 530.5089  <.0001
grp             1     8   0.2189  0.6523
