[1] "IPerfEfR ~S*IDR*IDL*grp + Error(pp/(S*IDR*IDL))"
$ANOVA
          Effect DFn DFd           F            p p<.05         ges
2            grp   1   8  0.02658503 8.745233e-01       0.001012682
3              S   2  16 33.56337085 1.883796e-06     * 0.213489760
5            IDR   2  16 54.90524717 6.842659e-08     * 0.588126630
7            IDL   1   8 55.07473179 7.466451e-05     * 0.470129751
4          grp:S   2  16  0.56052986 5.817210e-01       0.004512753
6        grp:IDR   2  16  1.10843928 3.541344e-01       0.028019648
8        grp:IDL   1   8  6.12681743 3.839545e-02     * 0.089835999
9          S:IDR   4  32 12.23011843 3.817186e-06     * 0.119219085
11         S:IDL   2  16  4.24376452 3.322004e-02     * 0.025555115
13       IDR:IDL   2  16 34.64993923 1.532401e-06     * 0.322715520
10     grp:S:IDR   4  32  0.72746142 5.797872e-01       0.007986834
12     grp:S:IDL   2  16  4.80664049 2.318666e-02     * 0.028846866
14   grp:IDR:IDL   2  16  2.61936437 1.037365e-01       0.034767549
15     S:IDR:IDL   4  32 11.12980524 9.021570e-06     * 0.059321421
16 grp:S:IDR:IDL   4  32  1.96207150 1.241727e-01       0.010995020

$`Mauchly's Test for Sphericity`
          Effect          W            p p<.05
3              S 0.42574911 0.0503544802      
4          grp:S 0.42574911 0.0503544802      
5            IDR 0.12139796 0.0006233614     *
6        grp:IDR 0.12139796 0.0006233614     *
9          S:IDR 0.01596494 0.0023343193     *
10     grp:S:IDR 0.01596494 0.0023343193     *
11         S:IDL 0.45462463 0.0633556519      
12     grp:S:IDL 0.45462463 0.0633556519      
13       IDR:IDL 0.31845435 0.0182248994     *
14   grp:IDR:IDL 0.31845435 0.0182248994     *
15     S:IDR:IDL 0.15363700 0.2288880647      
16 grp:S:IDR:IDL 0.15363700 0.2288880647      

$`Sphericity Corrections`
          Effect       GGe        p[GG] p[GG]<.05       HFe        p[HF]
3              S 0.6352228 9.409898e-05         * 0.7009387 4.630739e-05
4          grp:S 0.6352228 5.115638e-01           0.7009387 5.265965e-01
5            IDR 0.5323107 4.777825e-05         * 0.5465883 3.904646e-05
6        grp:IDR 0.5323107 3.265702e-01           0.5465883 3.279706e-01
9          S:IDR 0.5030119 5.798166e-04         * 0.6725349 1.028114e-04
10     grp:S:IDR 0.5030119 4.991381e-01           0.6725349 5.328497e-01
11         S:IDL 0.6470920 5.805188e-02           0.7193499 5.174609e-02
12     grp:S:IDL 0.6470920 4.510257e-02         * 0.7193499 3.931612e-02
13       IDR:IDL 0.5946910 1.287894e-04         * 0.6390343 7.900024e-05
14   grp:IDR:IDL 0.5946910 1.359595e-01           0.6390343 1.321237e-01
15     S:IDR:IDL 0.5584260 5.394899e-04         * 0.7848771 6.538196e-05
16 grp:S:IDR:IDL 0.5584260 1.665076e-01           0.7848771 1.432476e-01
   p[HF]<.05
3          *
4           
5          *
6           
9          *
10          
11          
12         *
13         *
14          
15         *
16          

