            Estimate MCMCmean HPD95lower HPD95upper pMCMC Pr(>|t|)
(Intercept)   1.3951   1.3960     1.3233     1.4683 0.001   0.0000
grp1         -0.0060  -0.0078    -0.0724     0.0644 0.814   0.8350
S1           -0.0437  -0.0442    -0.1082     0.0083 0.124   0.2763
S2           -0.0008  -0.0021    -0.0659     0.0571 0.964   0.9843
ID1          -0.1742  -0.1743    -0.2210    -0.1245 0.001   0.0000
grp1:S1      -0.0270  -0.0275    -0.0841     0.0389 0.346   0.5016
grp1:S2      -0.0197  -0.0201    -0.0828     0.0318 0.532   0.6225
grp1:ID1     -0.0223  -0.0214    -0.0672     0.0278 0.368   0.4410
S1:ID1        0.0126   0.0138    -0.0304     0.0651 0.572   0.7528
S2:ID1        0.0064   0.0060    -0.0460     0.0490 0.830   0.8729
grp1:S1:ID1   0.0195   0.0199    -0.0252     0.0720 0.442   0.6268
grp1:S2:ID1   0.0368   0.0367    -0.0099     0.0843 0.152   0.3598
Analysis of Variance Table
         Df  Sum Sq Mean Sq F value
grp       1 0.00094 0.00094  0.0435
S         2 0.03499 0.01749  0.8097
ID        1 0.78857 0.78857 36.5008
grp:S     2 0.02964 0.01482  0.6859
grp:ID    1 0.01289 0.01289  0.5965
S:ID      2 0.00506 0.00253  0.1171
grp:S:ID  2 0.04401 0.02201  1.0186
Linear mixed model fit by REML 
Formula: vfCircularity ~ (1 | pp) + (1 | pp/S) + (1 | pp/ID) + (1 | pp/S:ID) +      grp * S * ID 
   Data: mdata 
   AIC   BIC logLik deviance REMLdev
 22.14 85.99  8.932   -77.24  -17.86
Random effects:
 Groups   Name        Variance   Std.Dev.  
 S:ID:pp  (Intercept) 4.0849e-02 2.0211e-01
 S:pp     (Intercept) 0.0000e+00 0.0000e+00
 ID:pp    (Intercept) 6.1801e-04 2.4860e-02
 pp       (Intercept) 4.0763e-14 2.0190e-07
 pp       (Intercept) 0.0000e+00 0.0000e+00
 pp       (Intercept) 0.0000e+00 0.0000e+00
 pp       (Intercept) 0.0000e+00 0.0000e+00
 Residual             2.1604e-02 1.4698e-01
Number of obs: 180, groups: S:ID:pp, 60; S:pp, 30; ID:pp, 20; pp, 10

Fixed effects:
              Estimate Std. Error t value
(Intercept)  1.3951491  0.0288399   48.38
grp1        -0.0060156  0.0288399   -0.21
S1          -0.0437074  0.0400210   -1.09
S2          -0.0007866  0.0400210   -0.02
ID1         -0.1742387  0.0288399   -6.04
grp1:S1     -0.0269511  0.0400210   -0.67
grp1:S2     -0.0197386  0.0400210   -0.49
grp1:ID1    -0.0222744  0.0288399   -0.77
S1:ID1       0.0126237  0.0400210    0.32
S2:ID1       0.0064112  0.0400210    0.16
grp1:S1:ID1  0.0194978  0.0400210    0.49
grp1:S2:ID1  0.0367503  0.0400210    0.92

Correlation of Fixed Effects:
            (Intr) grp1   S1     S2     ID1    gr1:S1 gr1:S2 g1:ID1 S1:ID1
grp1         0.000                                                        
S1           0.000  0.000                                                 
S2           0.000  0.000 -0.500                                          
ID1          0.000  0.000  0.000  0.000                                   
grp1:S1      0.000  0.000  0.000  0.000  0.000                            
grp1:S2      0.000  0.000  0.000  0.000  0.000 -0.500                     
grp1:ID1     0.000  0.000  0.000  0.000  0.000  0.000  0.000              
S1:ID1       0.000  0.000  0.000  0.000  0.000  0.000  0.000  0.000       
S2:ID1       0.000  0.000  0.000  0.000  0.000  0.000  0.000  0.000 -0.500
grp1:S1:ID1  0.000  0.000  0.000  0.000  0.000  0.000  0.000  0.000  0.000
grp1:S2:ID1  0.000  0.000  0.000  0.000  0.000  0.000  0.000  0.000  0.000
            S2:ID1 g1:S1:
grp1                     
S1                       
S2                       
ID1                      
grp1:S1                  
grp1:S2                  
grp1:ID1                 
S1:ID1                   
S2:ID1                   
grp1:S1:ID1  0.000       
grp1:S2:ID1  0.000 -0.500
Linear mixed model fit by REML 
Formula: vfCircularity ~ (1 | pp) + (1 | pp/S) + (1 | pp/ID) + (1 | pp/S:ID) +      grp * S * ID 
   Data: mdata 
   AIC   BIC logLik deviance REMLdev
 22.14 85.99  8.932   -77.24  -17.86
Random effects:
 Groups   Name        Variance   Std.Dev.  
 S:ID:pp  (Intercept) 4.0849e-02 2.0211e-01
 S:pp     (Intercept) 0.0000e+00 0.0000e+00
 ID:pp    (Intercept) 6.1801e-04 2.4860e-02
 pp       (Intercept) 4.0763e-14 2.0190e-07
 pp       (Intercept) 0.0000e+00 0.0000e+00
 pp       (Intercept) 0.0000e+00 0.0000e+00
 pp       (Intercept) 0.0000e+00 0.0000e+00
 Residual             2.1604e-02 1.4698e-01
Number of obs: 180, groups: S:ID:pp, 60; S:pp, 30; ID:pp, 20; pp, 10

Fixed effects:
              Estimate Std. Error t value
(Intercept)  1.3951491  0.0288399   48.38
grp1        -0.0060156  0.0288399   -0.21
S1          -0.0437074  0.0400210   -1.09
S2          -0.0007866  0.0400210   -0.02
ID1         -0.1742387  0.0288399   -6.04
grp1:S1     -0.0269511  0.0400210   -0.67
grp1:S2     -0.0197386  0.0400210   -0.49
grp1:ID1    -0.0222744  0.0288399   -0.77
S1:ID1       0.0126237  0.0400210    0.32
S2:ID1       0.0064112  0.0400210    0.16
grp1:S1:ID1  0.0194978  0.0400210    0.49
grp1:S2:ID1  0.0367503  0.0400210    0.92

Correlation of Fixed Effects:
            (Intr) grp1   S1     S2     ID1    gr1:S1 gr1:S2 g1:ID1 S1:ID1
grp1         0.000                                                        
S1           0.000  0.000                                                 
S2           0.000  0.000 -0.500                                          
ID1          0.000  0.000  0.000  0.000                                   
grp1:S1      0.000  0.000  0.000  0.000  0.000                            
grp1:S2      0.000  0.000  0.000  0.000  0.000 -0.500                     
grp1:ID1     0.000  0.000  0.000  0.000  0.000  0.000  0.000              
S1:ID1       0.000  0.000  0.000  0.000  0.000  0.000  0.000  0.000       
S2:ID1       0.000  0.000  0.000  0.000  0.000  0.000  0.000  0.000 -0.500
grp1:S1:ID1  0.000  0.000  0.000  0.000  0.000  0.000  0.000  0.000  0.000
grp1:S2:ID1  0.000  0.000  0.000  0.000  0.000  0.000  0.000  0.000  0.000
            S2:ID1 g1:S1:
grp1                     
S1                       
S2                       
ID1                      
grp1:S1                  
grp1:S2                  
grp1:ID1                 
S1:ID1                   
S2:ID1                   
grp1:S1:ID1  0.000       
grp1:S2:ID1  0.000 -0.500
