[1] "accTimeR ~(S*DID*grp)+Error(pp/(S*DID))+grp"
$ANOVA
     Effect DFn DFd          F            p p<.05        ges
2       grp   1   8  0.3652729 5.623364e-01       0.02240722
3         S   2  16 21.6410229 2.815622e-05     * 0.35484370
5       DID   2  16 48.3593423 1.648134e-07     * 0.49927792
4     grp:S   2  16  1.3335762 2.912965e-01       0.03278208
6   grp:DID   2  16  4.7237874 2.442242e-02     * 0.08875461
7     S:DID   4  32  1.6787891 1.791612e-01       0.02650183
8 grp:S:DID   4  32  0.9957229 4.241326e-01       0.01589010

$`Mauchly's Test for Sphericity`
     Effect         W          p p<.05
3         S 0.7215282 0.31907045      
4     grp:S 0.7215282 0.31907045      
5       DID 0.5949737 0.16245842      
6   grp:DID 0.5949737 0.16245842      
7     S:DID 0.0803181 0.07165363      
8 grp:S:DID 0.0803181 0.07165363      

$`Sphericity Corrections`
     Effect       GGe        p[GG] p[GG]<.05       HFe        p[HF] p[HF]<.05
3         S 0.7821839 1.632800e-04         * 0.9384711 4.618702e-05         *
4     grp:S 0.7821839 2.902572e-01           0.9384711 2.912953e-01          
5       DID 0.7117305 7.175107e-06         * 0.8219481 1.688258e-06         *
6   grp:DID 0.7117305 4.148434e-02         * 0.8219481 3.384124e-02         *
7     S:DID 0.5211963 2.162259e-01           0.7084725 2.014040e-01          
8 grp:S:DID 0.5211963 3.934958e-01           0.7084725 4.090491e-01          

