[1] "Summary by group"
  grp accTimeR.m accTimeR.s
1   C  0.5016074  0.1269623
2   U  0.4736519  0.1821131
[1] "Summary by session\n"
  S accTimeR.m accTimeR.s
1 1  0.5796556  0.1658573
2 2  0.4677111  0.1313235
3 3  0.4155222  0.1257736
[1] "Summary by DID\n"
  DID accTimeR.m accTimeR.s
1   1  0.6093278  0.1337497
2   2  0.4672944  0.1175056
3   3  0.3862667  0.1315868
[1] "Summary by group + Session\n"
  grp S accTimeR.m accTimeR.s
1   C 1  0.5749778  0.1359849
2   C 2  0.4778889  0.1088606
3   C 3  0.4519556  0.1007284
4   U 1  0.5843333  0.1926288
5   U 2  0.4575333  0.1510667
6   U 3  0.3790889  0.1383336
[1] "Summary by Session + DID\n"
  S DID accTimeR.m accTimeR.s
1 1   1  0.7270167 0.13445955
2 1   2  0.5451167 0.11807111
3 1   3  0.4668333 0.12464746
4 2   1  0.5714500 0.07896566
5 2   2  0.4684667 0.09458484
6 2   3  0.3632167 0.12375795
7 3   1  0.5295167 0.09046408
8 3   2  0.3883000 0.08225566
9 3   3  0.3287500 0.10770192
[1] "Summary by group + DID\n"
  grp DID accTimeR.m accTimeR.s
1   C   1  0.5850000 0.13161678
2   C   2  0.4883889 0.10350373
3   C   3  0.4314333 0.09342161
4   U   1  0.6336556 0.13285689
5   U   2  0.4462000 0.12769390
6   U   3  0.3411000 0.14873908
[1] "Summary by group + Session + DID\n"
   grp S DID accTimeR.m accTimeR.s
1    C 1   1  0.6859333 0.14807586
2    C 1   2  0.5652333 0.09021104
3    C 1   3  0.4737667 0.06152464
4    C 2   1  0.5490333 0.09082469
5    C 2   2  0.4698333 0.08574644
6    C 2   3  0.4148000 0.10902372
7    C 3   1  0.5200333 0.08628265
8    C 3   2  0.4301000 0.08856055
9    C 3   3  0.4057333 0.09398896
10   U 1   1  0.7681000 0.10911858
11   U 1   2  0.5250000 0.14096859
12   U 1   3  0.4599000 0.16821258
13   U 2   1  0.5938667 0.05992181
14   U 2   2  0.4671000 0.10571258
15   U 2   3  0.3116333 0.11890369
16   U 3   1  0.5390000 0.09651240
17   U 3   2  0.3465000 0.04927691
18   U 3   3  0.2517667 0.04994528
