[1] "Summary by group"
  grp      fL.m       fL.s
1   C 0.3649505 0.08000357
2   U 0.2966684 0.06276489
[1] "Summary by session\n"
  S      fL.m       fL.s
1 1 0.2844544 0.05875085
2 2 0.3442121 0.06822150
3 3 0.3637619 0.08686620
[1] "Summary by DID\n"
  DID      fL.m       fL.s
1   1 0.2970017 0.06497731
2   2 0.3320184 0.07942120
3   3 0.3634083 0.07963996
[1] "Summary by group + Session\n"
  grp S      fL.m       fL.s
1   C 1 0.2998447 0.05923782
2   C 2 0.3771573 0.06253292
3   C 3 0.4178496 0.06872962
4   U 1 0.2690642 0.05466414
5   U 2 0.3112669 0.05730312
6   U 3 0.3096742 0.06749280
[1] "Summary by Session + DID\n"
  S DID      fL.m       fL.s
1 1   1 0.2405390 0.04524052
2 1   2 0.2802330 0.04979505
3 1   3 0.3325913 0.04069662
4 2   1 0.3119127 0.04308639
5 2   2 0.3517830 0.05903528
6 2   3 0.3689407 0.08468049
7 3   1 0.3385533 0.06115670
8 3   2 0.3640393 0.09567903
9 3   3 0.3886930 0.09467063
[1] "Summary by group + DID\n"
  grp DID      fL.m       fL.s
1   C   1 0.3145676 0.07013127
2   C   2 0.3671796 0.07149912
3   C   3 0.4131044 0.06700310
4   U   1 0.2794358 0.05468562
5   U   2 0.2968573 0.07153939
6   U   3 0.3137122 0.05734208
[1] "Summary by group + Session + DID\n"
   grp S DID      fL.m       fL.s
1    C 1   1 0.2503707 0.05322585
2    C 1   2 0.2993393 0.04104888
3    C 1   3 0.3498240 0.03480684
4    C 2   1 0.3287513 0.03925309
5    C 2   2 0.3784000 0.04759309
6    C 2   3 0.4243207 0.05990314
7    C 3   1 0.3645807 0.06142374
8    C 3   2 0.4237993 0.06013198
9    C 3   3 0.4651687 0.04449888
10   U 1   1 0.2307073 0.03463350
11   U 1   2 0.2611267 0.05166179
12   U 1   3 0.3153587 0.03978519
13   U 2   1 0.2950740 0.04119568
14   U 2   2 0.3251660 0.05861765
15   U 2   3 0.3135607 0.06850811
16   U 3   1 0.3125260 0.05022889
17   U 3   2 0.3042793 0.08771714
18   U 3   3 0.3122173 0.06365945
