[1] "Summary by group"
  grp   fLrel.m   fLrel.s
1   C 0.7288184 0.3590760
2   U 0.6633833 0.3840625
[1] "Summary by session\n"
  S   fLrel.m   fLrel.s
1 1 0.6519119 0.2998202
2 2 0.7126484 0.3969369
3 3 0.7237422 0.4101249
[1] "Summary by IDR+IDR\n"
  IDL IDR   fLrel.m   fLrel.s
1   D   D 0.6678963 0.1567493
2   D   M 0.7532629 0.2114156
3   D   E 0.8218125 0.2112207
4   E   D 0.4136912 0.3662189
5   E   M 0.5815516 0.3862350
6   E   E 0.9383906 0.5210345
[1] "Summary by group + Session\n"
  grp S   fLrel.m   fLrel.s
1   C 1 0.6457441 0.2803168
2   C 2 0.7816901 0.3981119
3   C 3 0.7590210 0.3767034
4   U 1 0.6580797 0.3195932
5   U 2 0.6436068 0.3856870
6   U 3 0.6884633 0.4403093
[1] "Summary by Session + IDR + IDL \n"
   S IDL IDR   fLrel.m    fLrel.s
1  1   D   D 0.5921058 0.10068431
2  1   D   M 0.6905158 0.11252344
3  1   D   E 0.8137647 0.07342156
4  1   E   D 0.4052863 0.31595115
5  1   E   M 0.5458861 0.29555748
6  1   E   E 0.8639129 0.43138868
7  2   D   D 0.7139734 0.18412230
8  2   D   M 0.8119988 0.25239824
9  2   D   E 0.8457724 0.29021298
10 2   E   D 0.3944281 0.38028378
11 2   E   M 0.5949543 0.41447195
12 2   E   E 0.9147637 0.53328790
13 3   D   D 0.6976097 0.14938288
14 3   D   M 0.7572740 0.23053702
15 3   D   E 0.8059006 0.21536537
16 3   E   D 0.4413592 0.40731862
17 3   E   M 0.6038143 0.44346902
18 3   E   E 1.0364953 0.58854820
[1] "Summary by group + IDR + IDL\n"
   grp IDL IDR   fLrel.m   fLrel.s
1    C   D   D 0.7190526 0.1598133
2    C   D   M 0.8499463 0.1930446
3    C   D   E 0.9498343 0.1824123
4    C   E   D 0.3116871 0.1153335
5    C   E   M 0.5505091 0.2645590
6    C   E   E 0.9918810 0.5124310
7    U   D   D 0.6167400 0.1371347
8    U   D   M 0.6565794 0.1844518
9    U   D   E 0.6937908 0.1531141
10   U   E   D 0.5156953 0.4865143
11   U   E   M 0.6125940 0.4793566
12   U   E   E 0.8849002 0.5297978
[1] "Summary by group + Session + IDR + IDL\n"
   grp S IDL IDR   fLrel.m    fLrel.s
1    C 1   D   D 0.6019704 0.08866699
2    C 1   D   M 0.7314504 0.07625184
3    C 1   D   E 0.8446057 0.05972362
4    C 1   E   D 0.3349620 0.10746664
5    C 1   E   M 0.5045145 0.20133286
6    C 1   E   E 0.8569617 0.45304868
7    C 2   D   D 0.7850764 0.17583998
8    C 2   D   M 0.9184826 0.25555026
9    C 2   D   E 1.0194015 0.26046070
10   C 2   E   D 0.3045395 0.13763342
11   C 2   E   M 0.6121235 0.32489911
12   C 2   E   E 1.0505168 0.53499526
13   C 3   D   D 0.7701108 0.13905706
14   C 3   D   M 0.8999059 0.15248240
15   C 3   D   E 0.9854957 0.12148113
16   C 3   E   D 0.2955598 0.10197965
17   C 3   E   M 0.5348894 0.25939018
18   C 3   E   E 1.0681646 0.55170080
19   U 1   D   D 0.5822411 0.11370310
20   U 1   D   M 0.6495811 0.12970131
21   U 1   D   E 0.7829238 0.07457467
22   U 1   E   D 0.4756106 0.42969062
23   U 1   E   M 0.5872578 0.36979099
24   U 1   E   E 0.8708640 0.42441527
25   U 2   D   D 0.6428703 0.16873149
26   U 2   D   M 0.7055151 0.20580752
27   U 2   D   E 0.6721432 0.20499384
28   U 2   E   D 0.4843167 0.51313161
29   U 2   E   M 0.5777851 0.49965326
30   U 2   E   E 0.7790106 0.51322074
31   U 3   D   D 0.6251086 0.12499534
32   U 3   D   M 0.6146421 0.20795671
33   U 3   D   E 0.6263054 0.11046830
34   U 3   E   D 0.5871587 0.53639159
35   U 3   E   M 0.6727392 0.57438125
36   U 3   E   E 1.0048261 0.64109056
