[1] "IPerfEfL ~(S*DID*grp)+Error(pp/(S*DID))+grp"
$ANOVA
     Effect DFn DFd           F            p p<.05        ges
2       grp   1   8  0.02928117 8.683804e-01       0.00214407
3         S   2  16 39.56681822 6.401579e-07     * 0.39265326
5       DID   2  16 64.07979157 2.302564e-08     * 0.60142225
4     grp:S   2  16  0.91973609 4.187009e-01       0.01480562
6   grp:DID   2  16  1.80600463 1.962380e-01       0.04079218
7     S:DID   4  32 10.67118882 1.308940e-05     * 0.11126487
8 grp:S:DID   4  32  2.04487989 1.115442e-01       0.02342851

$`Mauchly's Test for Sphericity`
     Effect         W           p p<.05
3         S 0.5732166 0.142598717      
4     grp:S 0.5732166 0.142598717      
5       DID 0.2025960 0.003742898     *
6   grp:DID 0.2025960 0.003742898     *
7     S:DID 0.1330418 0.178980793      
8 grp:S:DID 0.1330418 0.178980793      

$`Sphericity Corrections`
     Effect       GGe        p[GG] p[GG]<.05       HFe        p[HF] p[HF]<.05
3         S 0.7008772 2.158846e-05         * 0.8044404 6.358863e-06         *
4     grp:S 0.7008772 3.924641e-01           0.8044404 4.028846e-01          
5       DID 0.5563579 1.843507e-05         * 0.5818290 1.252064e-05         *
6   grp:DID 0.5563579 2.145183e-01           0.5818290 2.137791e-01          
7     S:DID 0.4682026 1.517232e-03         * 0.6061219 4.350362e-04         *
8 grp:S:DID 0.4682026 1.656538e-01           0.6061219 1.496400e-01          

