[1] "Summary by group"
  grp IPerfEfL.m IPerfEfL.s
1   C   5.942324   3.153672
2   U   6.086894   2.735437
[1] "Summary by session\n"
  S IPerfEfL.m IPerfEfL.s
1 1   4.352846   1.703410
2 2   6.309613   2.804693
3 3   7.381368   3.273948
[1] "Summary by DID\n"
  DID IPerfEfL.m IPerfEfL.s
1   1   8.542800   3.124650
2   2   5.593290   1.721569
3   3   3.907737   1.548243
[1] "Summary by group + Session\n"
  grp S IPerfEfL.m IPerfEfL.s
1   C 1   4.198571   1.642268
2   C 2   6.501429   3.227205
3   C 3   7.126971   3.508896
4   U 1   4.507120   1.767322
5   U 2   6.117798   2.328362
6   U 3   7.635764   3.039138
[1] "Summary by Session + DID\n"
  S DID IPerfEfL.m IPerfEfL.s
1 1   1   5.989530  1.6502095
2 1   2   4.134193  0.7241863
3 1   3   2.934813  0.8698094
4 2   1   8.846180  2.4905711
5 2   2   6.229590  1.6916796
6 2   3   3.853070  1.4735420
7 3   1  10.792690  2.9936205
8 3   2   6.416087  1.5453218
9 3   3   4.935327  1.5342509
[1] "Summary by group + DID\n"
  grp DID IPerfEfL.m IPerfEfL.s
1   C   1   8.712027   3.493696
2   C   2   5.733984   1.676757
3   C   3   3.380960   0.819700
4   U   1   8.373573   2.735742
5   U   2   5.452596   1.772838
6   U   3   4.434513   1.899759
[1] "Summary by group + Session + DID\n"
   grp S DID IPerfEfL.m IPerfEfL.s
1    C 1   1   5.675233  1.8625637
2    C 1   2   4.181193  0.5532356
3    C 1   3   2.739287  0.2880713
4    C 2   1   9.512600  2.9181044
5    C 2   2   6.701093  1.7074107
6    C 2   3   3.290593  0.7060001
7    C 3   1  10.948247  3.2328856
8    C 3   2   6.319667  1.2891268
9    C 3   3   4.113000  0.7114955
10   U 1   1   6.303827  1.4000273
11   U 1   2   4.087193  0.8806525
12   U 1   3   3.130340  1.1841746
13   U 2   1   8.179760  1.8390070
14   U 2   2   5.758087  1.5925864
15   U 2   3   4.415547  1.8224581
16   U 3   1  10.637133  2.8390581
17   U 3   2   6.512507  1.8068873
18   U 3   3   5.757653  1.7090108
