[1] "vfTrajCircularityRrel ~S*IDR*IDL*grp + Error(pp/(S*IDR*IDL))"
$ANOVA
          Effect DFn DFd           F            p p<.05          ges
2            grp   1   8  0.31628423 5.892563e-01       0.0116711803
3              S   2  16  1.39422825 2.765865e-01       0.0267581570
5            IDR   2  16 28.67686703 5.123681e-06     * 0.3740442547
7            IDL   1   8 17.69191287 2.971344e-03     * 0.1662956649
4          grp:S   2  16  3.05801833 7.504149e-02       0.0568737004
6        grp:IDR   2  16  1.29068448 3.022304e-01       0.0261903802
8        grp:IDL   1   8  1.09430091 3.260950e-01       0.0121872429
9          S:IDR   4  32  0.58155853 6.781725e-01       0.0143459935
11         S:IDL   2  16  0.09192428 9.126524e-01       0.0002610126
13       IDR:IDL   2  16  7.35475873 5.429701e-03     * 0.0290604274
10     grp:S:IDR   4  32  0.75646557 5.612573e-01       0.0185804648
12     grp:S:IDL   2  16  0.20832817 8.141083e-01       0.0005913379
14   grp:IDR:IDL   2  16  1.48741697 2.555854e-01       0.0060166288
15     S:IDR:IDL   4  32  1.81148523 1.509133e-01       0.0070056596
16 grp:S:IDR:IDL   4  32  0.20970767 9.311417e-01       0.0008160696

$`Mauchly's Test for Sphericity`
          Effect         W         p p<.05
3              S 0.6518779 0.2236567      
4          grp:S 0.6518779 0.2236567      
5            IDR 0.9275172 0.7684698      
6        grp:IDR 0.9275172 0.7684698      
9          S:IDR 0.1618483 0.2487391      
10     grp:S:IDR 0.1618483 0.2487391      
11         S:IDL 0.5825737 0.1509135      
12     grp:S:IDL 0.5825737 0.1509135      
13       IDR:IDL 0.6429309 0.2130959      
14   grp:IDR:IDL 0.6429309 0.2130959      
15     S:IDR:IDL 0.2023714 0.3487135      
16 grp:S:IDR:IDL 0.2023714 0.3487135      

$`Sphericity Corrections`
          Effect       GGe        p[GG] p[GG]<.05       HFe        p[HF]
3              S 0.7417726 2.771870e-01           0.8710185 2.774015e-01
4          grp:S 0.7417726 9.519824e-02           0.8710185 8.451063e-02
5            IDR 0.9324158 9.862867e-06         * 1.2048150 5.123681e-06
6        grp:IDR 0.9324158 3.018081e-01           1.2048150 3.022304e-01
9          S:IDR 0.6294161 6.056380e-01           0.9420703 6.687016e-01
10     grp:S:IDR 0.6294161 5.103778e-01           0.9420703 5.546136e-01
11         S:IDL 0.7055040 8.479206e-01           0.8118899 8.760773e-01
12     grp:S:IDL 0.7055040 7.389288e-01           0.8118899 7.700013e-01
13       IDR:IDL 0.7368822 1.243805e-02         * 0.8629691 8.346059e-03
14   grp:IDR:IDL 0.7368822 2.593076e-01           0.8629691 2.579799e-01
15     S:IDR:IDL 0.6640562 1.798536e-01           1.0248383 1.509133e-01
16 grp:S:IDR:IDL 0.6640562 8.676859e-01           1.0248383 9.311417e-01
   p[HF]<.05
3           
4           
5          *
6           
9           
10          
11          
12          
13         *
14          
15          
16          

