Post-hoc Tukey comparisons[1] "grp Tukey test"

	Pairwise comparisons using paired t tests 

data:  mdata$vfTrajCircularityRrel and mdata$grp 

  C    
U 0.036

P value adjustment method: bonferroni 
[1] "S Tukey test"

	Pairwise comparisons using paired t tests 

data:  mdata$vfTrajCircularityRrel and mdata$S 

  1       2      
2 0.00038 -      
3 0.62700 0.02716

P value adjustment method: bonferroni 
[1] "IDR Tukey test"

	Pairwise comparisons using paired t tests 

data:  mdata$vfTrajCircularityRrel and mdata$IDR 

  D       M      
M < 2e-16 -      
E < 2e-16 1.9e-05

P value adjustment method: bonferroni 
[1] "IDL Tukey test"
