[1] "Summary by group"
  grp vfTrajCircularityRrel.m vfTrajCircularityRrel.s
1   C               0.9538304               0.1070011
2   U               0.9697670               0.1131119
[1] "Summary by session\n"
  S vfTrajCircularityRrel.m vfTrajCircularityRrel.s
1 1               0.9485760               0.1089482
2 2               0.9779291               0.1155689
3 3               0.9588911               0.1046553
[1] "Summary by IDR+IDR\n"
  IDL IDR vfTrajCircularityRrel.m vfTrajCircularityRrel.s
1   D   D               1.0891824              0.10737342
2   D   M               0.9681892              0.07006957
3   D   E               0.9262706              0.07439643
4   E   D               0.9913241              0.10411754
5   E   M               0.9054509              0.08609987
6   E   E               0.8903751              0.08034797
[1] "Summary by group + Session\n"
  grp S vfTrajCircularityRrel.m vfTrajCircularityRrel.s
1   C 1               0.9184355              0.09227552
2   C 2               0.9702004              0.11336092
3   C 3               0.9728554              0.10646892
4   U 1               0.9787166              0.11627852
5   U 2               0.9856577              0.11785977
6   U 3               0.9449268              0.10148158
[1] "Summary by Session + IDR + IDL \n"
   S IDL IDR vfTrajCircularityRrel.m vfTrajCircularityRrel.s
1  1   D   D               1.0655747              0.11412037
2  1   D   M               0.9537080              0.07817334
3  1   D   E               0.9233221              0.09055513
4  1   E   D               0.9752386              0.08908784
5  1   E   M               0.9087126              0.08787637
6  1   E   E               0.8649004              0.07616468
7  2   D   D               1.1244980              0.10791366
8  2   D   M               0.9844773              0.06867785
9  2   D   E               0.9279312              0.06496416
10 2   E   D               1.0212401              0.10445320
11 2   E   M               0.9060663              0.08753958
12 2   E   E               0.9033614              0.07345310
13 3   D   D               1.0774747              0.09330006
14 3   D   M               0.9663823              0.06119931
15 3   D   E               0.9275584              0.06746897
16 3   E   D               0.9774936              0.11415129
17 3   E   M               0.9015739              0.08566467
18 3   E   E               0.9028636              0.08722992
[1] "Summary by group + IDR + IDL\n"
   grp IDL IDR vfTrajCircularityRrel.m vfTrajCircularityRrel.s
1    C   D   D               1.0703574              0.09415937
2    C   D   M               0.9813768              0.06371421
3    C   D   E               0.9324372              0.08454812
4    C   E   D               0.9609934              0.10638786
5    C   E   M               0.8866114              0.07858811
6    C   E   E               0.8912063              0.09280292
7    U   D   D               1.1080075              0.11717194
8    U   D   M               0.9550016              0.07426873
9    U   D   E               0.9201039              0.06300222
10   U   E   D               1.0216547              0.09341954
11   U   E   M               0.9242904              0.08995987
12   U   E   E               0.8895440              0.06666724
[1] "Summary by group + Session + IDR + IDL\n"
   grp S IDL IDR vfTrajCircularityRrel.m vfTrajCircularityRrel.s
1    C 1   D   D               1.0163784              0.06292599
2    C 1   D   M               0.9327430              0.07265426
3    C 1   D   E               0.9209389              0.10630629
4    C 1   E   D               0.9194368              0.05416092
5    C 1   E   M               0.8540553              0.06832562
6    C 1   E   E               0.8670603              0.09063411
7    C 2   D   D               1.1124360              0.07157266
8    C 2   D   M               1.0073011              0.04792246
9    C 2   D   E               0.9184243              0.07238570
10   C 2   E   D               0.9960768              0.13056582
11   C 2   E   M               0.8969267              0.06678183
12   C 2   E   E               0.8900379              0.09027469
13   C 3   D   D               1.0822577              0.11666850
14   C 3   D   M               1.0040862              0.03709991
15   C 3   D   E               0.9579485              0.06983031
16   C 3   E   D               0.9674668              0.11125304
17   C 3   E   M               0.9088523              0.09221046
18   C 3   E   E               0.9165207              0.09690563
19   U 1   D   D               1.1147709              0.13353349
20   U 1   D   M               0.9746730              0.08023811
21   U 1   D   E               0.9257054              0.07531930
22   U 1   E   D               1.0310403              0.08266968
23   U 1   E   M               0.9633698              0.07018621
24   U 1   E   E               0.8627404              0.06157873
25   U 2   D   D               1.1365601              0.13670446
26   U 2   D   M               0.9616534              0.07973306
27   U 2   D   E               0.9374381              0.05752192
28   U 2   E   D               1.0464035              0.06477641
29   U 2   E   M               0.9152059              0.10599488
30   U 2   E   E               0.9166850              0.05144107
31   U 3   D   D               1.0726916              0.06611370
32   U 3   D   M               0.9286783              0.05775445
33   U 3   D   E               0.8971683              0.05073401
34   U 3   E   D               0.9875204              0.11999629
35   U 3   E   M               0.8942955              0.08114652
36   U 3   E   E               0.8892066              0.07727383
