[1] "fR ~S*IDR*IDL*grp + Error(pp/(S*IDR*IDL))"
$ANOVA
          Effect DFn DFd          F            p p<.05          ges
2            grp   1   8  0.0252256 8.777425e-01       0.0009625604
3              S   2  16 31.5694887 2.791492e-06     * 0.1948569702
5            IDR   2  16 55.3380829 6.477398e-08     * 0.5980247134
7            IDL   1   8 53.8872434 8.065030e-05     * 0.4526594085
4          grp:S   2  16  0.6978422 5.121860e-01       0.0053212717
6        grp:IDR   2  16  1.1960593 3.280241e-01       0.0311532564
8        grp:IDL   1   8  6.3177563 3.617234e-02     * 0.0883893959
9          S:IDR   4  32 11.3659263 7.472430e-06     * 0.1113929357
11         S:IDL   2  16  3.3687360 6.012048e-02       0.0208409344
13       IDR:IDL   2  16 33.3111402 1.977800e-06     * 0.3218772648
10     grp:S:IDR   4  32  0.7773502 5.481553e-01       0.0085006507
12     grp:S:IDL   2  16  4.7117596 2.460790e-02     * 0.0289094484
14   grp:IDR:IDL   2  16  2.5285524 1.111145e-01       0.0347770005
15     S:IDR:IDL   4  32 10.5990849 1.388886e-05     * 0.0532925588
16 grp:S:IDR:IDL   4  32  2.4127327 6.937156e-02       0.0126520773

$`Mauchly's Test for Sphericity`
          Effect          W            p p<.05
3              S 0.50207966 0.0896817723      
4          grp:S 0.50207966 0.0896817723      
5            IDR 0.11464864 0.0005102596     *
6        grp:IDR 0.11464864 0.0005102596     *
9          S:IDR 0.03034935 0.0098259576     *
10     grp:S:IDR 0.03034935 0.0098259576     *
11         S:IDL 0.45735279 0.0646963330      
12     grp:S:IDL 0.45735279 0.0646963330      
13       IDR:IDL 0.31153713 0.0168765768     *
14   grp:IDR:IDL 0.31153713 0.0168765768     *
15     S:IDR:IDL 0.23660530 0.4326626234      
16 grp:S:IDR:IDL 0.23660530 0.4326626234      

$`Sphericity Corrections`
          Effect       GGe        p[GG] p[GG]<.05       HFe        p[HF]
3              S 0.6675922 8.654237e-05         * 0.7514582 3.622673e-05
4          grp:S 0.6675922 4.628186e-01           0.7514582 4.772291e-01
5            IDR 0.5304051 4.765808e-05         * 0.5438165 3.939838e-05
6        grp:IDR 0.5304051 3.084912e-01           0.5438165 3.095339e-01
9          S:IDR 0.5328334 6.184832e-04         * 0.7319382 9.282550e-05
10     grp:S:IDR 0.5328334 4.828015e-01           0.7319382 5.156100e-01
11         S:IDL 0.6482364 8.838973e-02           0.7211319 8.160695e-02
12     grp:S:IDL 0.6482364 4.691962e-02         * 0.7211319 4.100439e-02
13       IDR:IDL 0.5922547 1.542587e-04         * 0.6353603 9.695350e-05
14   grp:IDR:IDL 0.5922547 1.427961e-01           0.6353603 1.392092e-01
15     S:IDR:IDL 0.6227721 3.889942e-04         * 0.9266711 2.641665e-05
16 grp:S:IDR:IDL 0.6227721 1.056520e-01           0.9266711 7.520176e-02
   p[HF]<.05
3          *
4           
5          *
6           
9          *
10          
11          
12         *
13         *
14          
15         *
16          

