[1] "fL ~S*IDR*IDL*grp + Error(pp/(S*IDR*IDL))"
$ANOVA
          Effect DFn DFd           F            p p<.05          ges
2            grp   1   8  0.01681806 9.000175e-01       0.0006570284
3              S   2  16 31.46816100 2.849343e-06     * 0.2205598172
5            IDR   2  16 50.99034848 1.144122e-07     * 0.4337717562
7            IDL   1   8 62.36126898 4.793563e-05     * 0.6564623353
4          grp:S   2  16  0.71174171 5.056849e-01       0.0063595141
6        grp:IDR   2  16  2.62711767 1.031326e-01       0.0379707827
8        grp:IDL   1   8  0.63375846 4.489559e-01       0.0190498354
9          S:IDR   4  32 11.12947325 9.023973e-06     * 0.0364216189
11         S:IDL   2  16 19.25151289 5.515628e-05     * 0.1207010147
13       IDR:IDL   2  16 34.15748401 1.681599e-06     * 0.3588751666
10     grp:S:IDR   4  32  4.48279676 5.463721e-03     * 0.0149963129
12     grp:S:IDL   2  16  1.64975887 2.231455e-01       0.0116265543
14   grp:IDR:IDL   2  16  1.12033707 3.504554e-01       0.0180286194
15     S:IDR:IDL   4  32 11.81581635 5.249405e-06     * 0.0487247766
16 grp:S:IDR:IDL   4  32  1.81894997 1.494620e-01       0.0078232952

$`Mauchly's Test for Sphericity`
          Effect          W            p p<.05
3              S 0.73557098 0.3413391197      
4          grp:S 0.73557098 0.3413391197      
5            IDR 0.11797177 0.0005639276     *
6        grp:IDR 0.11797177 0.0005639276     *
9          S:IDR 0.07762669 0.0679744356      
10     grp:S:IDR 0.07762669 0.0679744356      
11         S:IDL 0.84963830 0.5653524690      
12     grp:S:IDL 0.84963830 0.5653524690      
13       IDR:IDL 0.14161248 0.0010686989     *
14   grp:IDR:IDL 0.14161248 0.0010686989     *
15     S:IDR:IDL 0.11016653 0.1300415441      
16 grp:S:IDR:IDL 0.11016653 0.1300415441      

$`Sphericity Corrections`
          Effect       GGe        p[GG] p[GG]<.05       HFe        p[HF]
3              S 0.7908708 2.448469e-05         * 0.9531927 4.605187e-06
4          grp:S 0.7908708 4.777403e-01           0.9531927 4.999635e-01
5            IDR 0.5313417 6.388071e-05         * 0.5451784 5.290201e-05
6        grp:IDR 0.5313417 1.409636e-01           0.5451784 1.397487e-01
9          S:IDR 0.4326295 1.771972e-03         * 0.5412992 6.338581e-04
10     grp:S:IDR 0.4326295 3.579203e-02         * 0.5412992 2.475086e-02
11         S:IDL 0.8692918 1.452881e-04         * 1.0897896 5.515628e-05
12     grp:S:IDL 0.8692918 2.275963e-01           1.0897896 2.231455e-01
13       IDR:IDL 0.5381009 2.533398e-04         * 0.5550289 2.103786e-04
14   grp:IDR:IDL 0.5381009 3.246064e-01           0.5550289 3.261840e-01
15     S:IDR:IDL 0.4676298 9.749925e-04         * 0.6050543 2.488020e-04
16 grp:S:IDR:IDL 0.4676298 1.972605e-01           0.6050543 1.841145e-01
   p[HF]<.05
3          *
4           
5          *
6           
9          *
10         *
11         *
12          
13         *
14          
15         *
16          

