[1] "q2R ~S*IDR*IDL*grp + Error(pp/(S*IDR*IDL))"
$ANOVA
          Effect DFn DFd          F            p p<.05         ges
2            grp   1   8  1.2361365 2.985097e-01       0.061730679
3              S   2  16  6.8483018 7.100773e-03     * 0.120550099
4          grp:S   2  16  0.7797194 4.751982e-01       0.015366903
5            IDR   2  16 49.2298793 1.457932e-07     * 0.233697617
6        grp:IDR   2  16  2.3399609 1.284011e-01       0.014288406
7            IDL   1   8 29.7684546 6.043556e-04     * 0.257827978
8        grp:IDL   1   8  3.2205992 1.104602e-01       0.036222839
9          S:IDR   4  32  0.4865056 7.455073e-01       0.006232894
10     grp:S:IDR   4  32  2.4064260 6.993644e-02       0.030089935
11         S:IDL   2  16  0.3653770 6.995774e-01       0.002662430
12     grp:S:IDL   2  16  3.1556477 6.994579e-02       0.022536364
13       IDR:IDL   2  16  8.7011483 2.771719e-03     * 0.065395801
14   grp:IDR:IDL   2  16  1.8799507 1.847914e-01       0.014892771
15     S:IDR:IDL   4  32  3.6805958 1.416302e-02     * 0.020391761
16 grp:S:IDR:IDL   4  32  0.8069726 5.299286e-01       0.004543237

$`Mauchly's Test for Sphericity`
          Effect          W          p p<.05
3              S 0.55526735 0.12757262      
4          grp:S 0.55526735 0.12757262      
5            IDR 0.50563927 0.09192693      
6        grp:IDR 0.50563927 0.09192693      
9          S:IDR 0.06671011 0.05061150      
10     grp:S:IDR 0.06671011 0.05061150      
11         S:IDL 0.78611181 0.43072009      
12     grp:S:IDL 0.78611181 0.43072009      
13       IDR:IDL 0.87942629 0.63781988      
14   grp:IDR:IDL 0.87942629 0.63781988      
15     S:IDR:IDL 0.20047305 0.34400968      
16 grp:S:IDR:IDL 0.20047305 0.34400968      

$`Sphericity Corrections`
          Effect       GGe        p[GG] p[GG]<.05       HFe        p[HF]
3              S 0.6921696 1.741904e-02         * 0.7904768 1.305234e-02
4          grp:S 0.6921696 4.371175e-01           0.7904768 4.509234e-01
5            IDR 0.6691825 1.156647e-05         * 0.7539654 3.752756e-06
6        grp:IDR 0.6691825 1.521709e-01           0.7539654 1.458575e-01
9          S:IDR 0.4740978 6.143015e-01           0.6171563 6.604823e-01
10     grp:S:IDR 0.4740978 1.255794e-01           0.6171563 1.069265e-01
11         S:IDL 0.8237991 6.610116e-01           1.0097271 6.995774e-01
12     grp:S:IDL 0.8237991 8.307143e-02           1.0097271 6.994579e-02
13       IDR:IDL 0.8924000 4.144855e-03         * 1.1313554 2.771719e-03
14   grp:IDR:IDL 0.8924000 1.903064e-01           1.1313554 1.847914e-01
15     S:IDR:IDL 0.6424128 3.389172e-02         * 0.9726292 1.512591e-02
16 grp:S:IDR:IDL 0.6424128 4.876027e-01           0.9726292 5.272592e-01
   p[HF]<.05
3          *
4           
5          *
6           
9           
10          
11          
12          
13         *
14          
15         *
16          

