[1] "accQL ~S*IDR*IDL*grp + Error(pp/(S*IDR*IDL))"
$ANOVA
          Effect DFn DFd           F            p p<.05         ges
2            grp   1   8  0.09212607 7.692353e-01       0.003701601
3              S   2  16  3.84422692 4.331777e-02     * 0.093999709
5            IDR   2  16 39.94771418 6.005880e-07     * 0.208044716
7            IDL   1   8 52.48197356 8.853074e-05     * 0.493549949
4          grp:S   2  16  1.40687776 2.736251e-01       0.036581418
6        grp:IDR   2  16  1.98083893 1.703662e-01       0.012858569
8        grp:IDL   1   8  0.99623846 3.474513e-01       0.018162977
9          S:IDR   4  32  2.54934243 5.821757e-02       0.011001048
11         S:IDL   2  16 11.11849535 9.399185e-04     * 0.073919677
13       IDR:IDL   2  16 23.71072317 1.640857e-05     * 0.254074569
10     grp:S:IDR   4  32  0.87757991 4.882303e-01       0.003814494
12     grp:S:IDL   2  16  0.27477278 7.632579e-01       0.001968717
14   grp:IDR:IDL   2  16  1.69514218 2.149248e-01       0.023772676
15     S:IDR:IDL   4  32  2.03442575 1.130644e-01       0.013307155
16 grp:S:IDR:IDL   4  32  2.59131778 5.517351e-02       0.016888261

$`Mauchly's Test for Sphericity`
          Effect         W            p p<.05
3              S 0.3896914 0.0369422094     *
4          grp:S 0.3896914 0.0369422094     *
5            IDR 0.7762666 0.4121336843      
6        grp:IDR 0.7762666 0.4121336843      
9          S:IDR 0.5936405 0.9514946478      
10     grp:S:IDR 0.5936405 0.9514946478      
11         S:IDL 0.4410632 0.0569840052      
12     grp:S:IDL 0.4410632 0.0569840052      
13       IDR:IDL 0.1337362 0.0008747255     *
14   grp:IDR:IDL 0.1337362 0.0008747255     *
15     S:IDR:IDL 0.2517885 0.4689556305      
16 grp:S:IDR:IDL 0.2517885 0.4689556305      

$`Sphericity Corrections`
          Effect       GGe        p[GG] p[GG]<.05       HFe        p[HF]
3              S 0.6209990 7.258437e-02           0.6790455 6.704838e-02
4          grp:S 0.6209990 2.732589e-01           0.6790455 2.741517e-01
5            IDR 0.8171714 5.194209e-06         * 0.9982540 6.130561e-07
6        grp:IDR 0.8171714 1.807413e-01           0.9982540 1.704648e-01
9          S:IDR 0.8218798 7.266019e-02           1.4635431 5.821757e-02
10     grp:S:IDR 0.8218798 4.734868e-01           1.4635431 4.882303e-01
11         S:IDL 0.6414628 5.193474e-03         * 0.7106019 3.723676e-03
12     grp:S:IDL 0.6414628 6.684467e-01           0.7106019 6.906324e-01
13       IDR:IDL 0.5358299 9.063273e-04         * 0.5517150 7.886748e-04
14   grp:IDR:IDL 0.5358299 2.288786e-01           0.5517150 2.286870e-01
15     S:IDR:IDL 0.7084638 1.400792e-01           1.1374389 1.130644e-01
16 grp:S:IDR:IDL 0.7084638 8.045481e-02           1.1374389 5.517351e-02
   p[HF]<.05
3           
4           
5          *
6           
9           
10          
11         *
12          
13         *
14          
15          
16          

