Post-hoc Tukey comparisons[1] "grp Tukey test"

	Pairwise comparisons using paired t tests 

data:  mdata$accQL and mdata$grp 

  C   
U 0.19

P value adjustment method: bonferroni 
[1] "S Tukey test"

	Pairwise comparisons using paired t tests 

data:  mdata$accQL and mdata$S 

  1       2   
2 1.9e-08 -   
3 1.5e-08 0.02

P value adjustment method: bonferroni 
[1] "IDR Tukey test"

	Pairwise comparisons using paired t tests 

data:  mdata$accQL and mdata$IDR 

  D       M      
M 5.9e-13 -      
E 6.4e-15 4.1e-08

P value adjustment method: bonferroni 
[1] "IDL Tukey test"
