[1] "Summary by group"
  grp   accQL.m    accQL.s
1   C 0.3942247 0.07115997
2   U 0.3890567 0.07636558
[1] "Summary by session\n"
  S   accQL.m    accQL.s
1 1 0.3731414 0.06041176
2 2 0.3960921 0.07416400
3 3 0.4056884 0.08173959
[1] "Summary by IDR+IDR\n"
  IDL IDR   accQL.m    accQL.s
1   D   D 0.4903417 0.04606319
2   D   M 0.4335423 0.06502512
3   D   E 0.3765863 0.06961868
4   E   D 0.3472610 0.04675876
5   E   M 0.3474689 0.03958761
6   E   E 0.3546438 0.02857223
[1] "Summary by group + Session\n"
  grp S   accQL.m    accQL.s
1   C 1 0.3667824 0.05375588
2   C 2 0.3966380 0.07534852
3   C 3 0.4192536 0.07305485
4   U 1 0.3795004 0.06609607
5   U 2 0.3955462 0.07337845
6   U 3 0.3921233 0.08791259
[1] "Summary by Session + IDR + IDL \n"
   S IDL IDR   accQL.m    accQL.s
1  1   D   D 0.4635513 0.04203647
2  1   D   M 0.3841180 0.05657471
3  1   D   E 0.3476493 0.05650821
4  1   E   D 0.3443227 0.03736174
5  1   E   M 0.3441137 0.03752681
6  1   E   E 0.3550937 0.01552840
7  2   D   D 0.5017487 0.03512515
8  2   D   M 0.4541107 0.04614912
9  2   D   E 0.3734427 0.06656018
10 2   E   D 0.3466087 0.04503872
11 2   E   M 0.3450690 0.03176689
12 2   E   E 0.3555730 0.02515896
13 3   D   D 0.5057250 0.04887799
14 3   D   M 0.4623983 0.06180568
15 3   D   E 0.4086670 0.07286974
16 3   E   D 0.3508517 0.05712122
17 3   E   M 0.3532240 0.04837721
18 3   E   E 0.3532647 0.04035151
[1] "Summary by group + IDR + IDL\n"
   grp IDL IDR   accQL.m    accQL.s
1    C   D   D 0.4961913 0.04184676
2    C   D   M 0.4374402 0.06056066
3    C   D   E 0.3572931 0.05024174
4    C   E   D 0.3531876 0.04916631
5    C   E   M 0.3558131 0.04232590
6    C   E   E 0.3654227 0.02806974
7    U   D   D 0.4844920 0.04970627
8    U   D   M 0.4296444 0.06967036
9    U   D   E 0.3958796 0.08073454
10   U   E   D 0.3413344 0.04396911
11   U   E   M 0.3391247 0.03515788
12   U   E   E 0.3438649 0.02501476
[1] "Summary by group + Session + IDR + IDL\n"
   grp S IDL IDR   accQL.m    accQL.s
1    C 1   D   D 0.4578407 0.04619555
2    C 1   D   M 0.3681500 0.04914509
3    C 1   D   E 0.3334360 0.03338574
4    C 1   E   D 0.3425507 0.01744508
5    C 1   E   M 0.3462607 0.02632701
6    C 1   E   E 0.3524567 0.01820373
7    C 2   D   D 0.5135980 0.02612288
8    C 2   D   M 0.4609200 0.02688931
9    C 2   D   E 0.3457880 0.04293909
10   C 2   E   D 0.3420673 0.05244024
11   C 2   E   M 0.3500147 0.03471933
12   C 2   E   E 0.3674400 0.02449136
13   C 3   D   D 0.5171353 0.01779712
14   C 3   D   M 0.4832507 0.02012956
15   C 3   D   E 0.3926553 0.05369806
16   C 3   E   D 0.3749447 0.06149878
17   C 3   E   M 0.3711640 0.05784079
18   C 3   E   E 0.3763713 0.03510222
19   U 1   D   D 0.4692620 0.03816330
20   U 1   D   M 0.4000860 0.06056730
21   U 1   D   E 0.3618627 0.07118240
22   U 1   E   D 0.3460947 0.05079810
23   U 1   E   M 0.3419667 0.04705448
24   U 1   E   E 0.3577307 0.01237777
25   U 2   D   D 0.4898993 0.03965353
26   U 2   D   M 0.4473013 0.05991005
27   U 2   D   E 0.4010973 0.07546112
28   U 2   E   D 0.3511500 0.03751922
29   U 2   E   M 0.3401233 0.02885318
30   U 2   E   E 0.3437060 0.02023767
31   U 3   D   D 0.4943147 0.06597752
32   U 3   D   M 0.4415460 0.08109118
33   U 3   D   E 0.4246787 0.08698523
34   U 3   E   D 0.3267587 0.04162641
35   U 3   E   M 0.3352840 0.02850713
36   U 3   E   E 0.3301580 0.03156763
