[1] "d1D ~(S*DID*grp)+Error(pp/(S*DID))+grp"
$ANOVA
     Effect DFn DFd        F          p p<.05        ges
2       grp   1   8 3.814052 0.08659523       0.14979812
3         S   2  16 2.814607 0.08966726       0.04498797
5       DID   2  16 2.933076 0.08218279       0.08846996
4     grp:S   2  16 2.607997 0.10462918       0.04182368
6   grp:DID   2  16 3.068602 0.07446938       0.09218098
7     S:DID   4  32 1.151260 0.35052883       0.03228380
8 grp:S:DID   4  32 1.074499 0.38535119       0.03019625

$`Mauchly's Test for Sphericity`
     Effect            W            p p<.05
3         S 5.142384e-01 9.751594e-02      
4     grp:S 5.142384e-01 9.751594e-02      
5       DID 8.545460e-02 1.824207e-04     *
6   grp:DID 8.545460e-02 1.824207e-04     *
7     S:DID 8.770861e-05 3.893763e-09     *
8 grp:S:DID 8.770861e-05 3.893763e-09     *

$`Sphericity Corrections`
     Effect       GGe     p[GG] p[GG]<.05       HFe     p[HF] p[HF]<.05
3         S 0.6730555 0.1158103           0.7600817 0.1082414          
4     grp:S 0.6730555 0.1300545           0.7600817 0.1228319          
5       DID 0.5223172 0.1229138           0.5320863 0.1219457          
6   grp:DID 0.5223172 0.1156093           0.5320863 0.1146060          
7     S:DID 0.3461837 0.3290552           0.3953966 0.3339551          
8 grp:S:DID 0.3461837 0.3482130           0.3953966 0.3546960          

