[1] "Full vs no Session"
Data: mdata
Models:
noS.mod: get(vname) ~ (1 | pp) + (1 | pp/DID) + DID + grp
full.mod: get(vname) ~ (1 | pp) + (1 | pp/DID) + (1 | pp/S) + (1 | pp/S:DID) + 
full.mod:     S + DID + grp
         Df    AIC    BIC  logLik  Chisq Chi Df Pr(>Chisq)
noS.mod   8 1130.7 1159.5 -557.37                         
full.mod 14 1138.5 1188.9 -555.27 4.2015      6     0.6494
[1] "Full vs no Group"
Data: mdata
Models:
nogrp.mod: get(vname) ~ (1 | pp) + (1 | pp/DID) + (1 | pp/S) + (1 | pp/S:DID) + 
nogrp.mod:     S + DID
full.mod: get(vname) ~ (1 | pp) + (1 | pp/DID) + (1 | pp/S) + (1 | pp/S:DID) + 
full.mod:     S + DID + grp
          Df    AIC    BIC  logLik  Chisq Chi Df Pr(>Chisq)  
nogrp.mod 13 1140.3 1187.0 -557.14                           
full.mod  14 1138.5 1188.9 -555.27 3.7412      1    0.05309 .
---
Signif. codes:  0 ‘***’ 0.001 ‘**’ 0.01 ‘*’ 0.05 ‘.’ 0.1 ‘ ’ 1 
[1] "Full vs no Session and no Group"
Data: mdata
Models:
noSgrp.mod: get(vname) ~ (1 | pp) + (1 | pp/DID) + DID
full.mod: get(vname) ~ (1 | pp) + (1 | pp/DID) + (1 | pp/S) + (1 | pp/S:DID) + 
full.mod:     S + DID + grp
           Df    AIC    BIC  logLik  Chisq Chi Df Pr(>Chisq)
noSgrp.mod  7 1132.5 1157.7 -559.23                         
full.mod   14 1138.5 1188.9 -555.27 7.9358      7     0.3383
[1] "No Group vs no Session and no Group"
Data: mdata
Models:
noSgrp.mod: get(vname) ~ (1 | pp) + (1 | pp/DID) + DID
nogrp.mod: get(vname) ~ (1 | pp) + (1 | pp/DID) + (1 | pp/S) + (1 | pp/S:DID) + 
nogrp.mod:     S + DID
           Df    AIC    BIC  logLik  Chisq Chi Df Pr(>Chisq)
noSgrp.mod  7 1132.5 1157.7 -559.23                         
nogrp.mod  13 1140.3 1187.0 -557.14 4.1946      6     0.6504
[1] "No Session vs no Session and no Group"
Data: mdata
Models:
noSgrp.mod: get(vname) ~ (1 | pp) + (1 | pp/DID) + DID
noS.mod: get(vname) ~ (1 | pp) + (1 | pp/DID) + DID + grp
           Df    AIC    BIC  logLik  Chisq Chi Df Pr(>Chisq)  
noSgrp.mod  7 1132.5 1157.7 -559.23                           
noS.mod     8 1130.7 1159.5 -557.37 3.7343      1    0.05331 .
---
Signif. codes:  0 ‘***’ 0.001 ‘**’ 0.01 ‘*’ 0.05 ‘.’ 0.1 ‘ ’ 1 
