Post-hoc Tukey comparisons[1] "grp Tukey test"

	Pairwise comparisons using paired t tests 

data:  mdata$peakVelLrel and mdata$grp 

  C      
U 4.9e-06

P value adjustment method: bonferroni 
[1] "S Tukey test"

	Pairwise comparisons using paired t tests 

data:  mdata$peakVelLrel and mdata$S 

  1    2   
2 0.27 -   
3 1.00 1.00

P value adjustment method: bonferroni 
[1] "IDR Tukey test"

	Pairwise comparisons using paired t tests 

data:  mdata$peakVelLrel and mdata$IDR 

  D       M      
M 6.9e-07 -      
E < 2e-16 3.1e-16

P value adjustment method: bonferroni 
[1] "IDL Tukey test"
