                  Estimate MCMCmean HPD95lower HPD95upper pMCMC Pr(>|t|)
(Intercept)         0.7765   0.7764     0.6835     0.8608 0.001   0.0000
grp1                0.0748   0.0738    -0.0185     0.1612 0.104   0.2343
S1                 -0.0165  -0.0163    -0.0562     0.0239 0.470   0.6065
S2                  0.0140   0.0139    -0.0283     0.0595 0.514   0.6620
IDR1               -0.0956  -0.0960    -0.1271    -0.0570 0.001   0.0000
IDR2               -0.0362  -0.0363    -0.0692    -0.0027 0.024   0.0686
IDL1                0.0792   0.0795     0.0287     0.1296 0.006   0.1796
grp1:S1             0.0031   0.0025    -0.0404     0.0435 0.908   0.9219
grp1:S2             0.0194   0.0189    -0.0219     0.0596 0.388   0.5456
grp1:IDR1          -0.0358  -0.0346    -0.0666    -0.0033 0.030   0.0721
grp1:IDR2          -0.0004  -0.0006    -0.0304     0.0338 0.934   0.9825
S1:IDR1            -0.0149  -0.0144    -0.0400     0.0154 0.292   0.4949
S2:IDR1             0.0042   0.0035    -0.0238     0.0319 0.766   0.8480
S1:IDR2             0.0085   0.0077    -0.0209     0.0343 0.560   0.6985
S2:IDR2             0.0070   0.0077    -0.0189     0.0378 0.590   0.7484
grp1:IDL1           0.0649   0.0654     0.0115     0.1104 0.006   0.2719
S1:IDL1            -0.0200  -0.0196    -0.0396    -0.0008 0.048   0.1963
S2:IDL1             0.0348   0.0345     0.0158     0.0563 0.002   0.0244
IDR1:IDL1           0.0791   0.0787     0.0592     0.0994 0.001   0.0000
IDR2:IDL1           0.0261   0.0265     0.0073     0.0467 0.016   0.0917
grp1:S1:IDR1        0.0180   0.0188    -0.0093     0.0477 0.212   0.4101
grp1:S2:IDR1       -0.0049  -0.0060    -0.0363     0.0207 0.694   0.8220
grp1:S1:IDR2        0.0168   0.0161    -0.0127     0.0433 0.256   0.4417
grp1:S2:IDR2       -0.0102  -0.0093    -0.0369     0.0191 0.504   0.6390
grp1:S1:IDL1        0.0054   0.0052    -0.0142     0.0240 0.604   0.7281
grp1:S2:IDL1       -0.0277  -0.0281    -0.0472    -0.0068 0.010   0.0735
grp1:IDR1:IDL1      0.0012   0.0006    -0.0196     0.0192 0.946   0.9405
grp1:IDR2:IDL1      0.0059   0.0058    -0.0141     0.0247 0.568   0.7038
S1:IDR1:IDL1       -0.0345  -0.0345    -0.0617    -0.0073 0.022   0.1148
S2:IDR1:IDL1        0.0105   0.0103    -0.0169     0.0345 0.440   0.6307
S1:IDR2:IDL1        0.0015   0.0009    -0.0288     0.0258 0.944   0.9470
S2:IDR2:IDL1       -0.0090  -0.0085    -0.0365     0.0179 0.538   0.6807
grp1:S1:IDR1:IDL1  -0.0111  -0.0112    -0.0395     0.0158 0.440   0.6109
grp1:S2:IDR1:IDL1   0.0171   0.0171    -0.0095     0.0451 0.214   0.4334
grp1:S1:IDR2:IDL1   0.0056   0.0053    -0.0261     0.0336 0.726   0.7963
grp1:S2:IDR2:IDL1  -0.0082  -0.0079    -0.0343     0.0208 0.584   0.7072
NULL
       Length Class      Mode
fixed  6      data.frame list
random 7      data.frame list
Analysis of Variance Table
              Df   Sum Sq  Mean Sq F value
grp            1 0.010329 0.010329  1.7129
S              2 0.001868 0.000934  0.1549
IDR            2 0.283241 0.141621 23.4859
IDL            1 0.013041 0.013041  2.1627
grp:S          2 0.003506 0.001753  0.2907
grp:IDR        2 0.026342 0.013171  2.1842
S:IDR          4 0.005059 0.001265  0.2098
grp:IDL        1 0.008734 0.008734  1.4484
S:IDL          2 0.030788 0.015394  2.5529
IDR:IDL        2 0.302878 0.151439 25.1141
grp:S:IDR      4 0.015540 0.003885  0.6443
grp:S:IDL      2 0.021716 0.010858  1.8007
grp:IDR:IDL    2 0.001430 0.000715  0.1186
S:IDR:IDL      4 0.022957 0.005739  0.9518
grp:S:IDR:IDL  4 0.003801 0.000950  0.1576
Linear mixed model fit by REML 
Formula: get(vname) ~ (1 | pp) + (1 | pp/S) + (1 | pp/IDR) + (1 | pp/IDL) +      (1 | pp/S:IDR:IDL) + grp * S * IDR * IDL 
   Data: mdata 
    AIC  BIC logLik deviance REMLdev
 -426.4 -229  259.2   -730.8  -518.4
Random effects:
 Groups       Name        Variance  Std.Dev.
 S:IDR:IDL:pp (Intercept) 0.0194081 0.139313
 IDR:pp       (Intercept) 0.0023385 0.048358
 S:pp         (Intercept) 0.0117989 0.108623
 IDL:pp       (Intercept) 0.0671292 0.259093
 pp           (Intercept) 0.0000000 0.000000
 pp           (Intercept) 0.0000000 0.000000
 pp           (Intercept) 0.0000000 0.000000
 pp           (Intercept) 0.0000000 0.000000
 pp           (Intercept) 0.0000000 0.000000
 Residual                 0.0060300 0.077653
Number of obs: 540, groups: S:IDR:IDL:pp, 180; IDR:pp, 30; S:pp, 30; IDL:pp, 20; pp, 10

Fixed effects:
                   Estimate Std. Error t value
(Intercept)        0.776539   0.062840  12.357
grp1               0.074823   0.062840   1.191
S1                -0.016497   0.032010  -0.515
S2                 0.014003   0.032010   0.437
IDR1              -0.095635   0.019845  -4.819
IDR2              -0.036210   0.019845  -1.825
IDL1               0.079250   0.058971   1.344
grp1:S1            0.003141   0.032010   0.098
grp1:S2            0.019357   0.032010   0.605
grp1:IDR1         -0.035761   0.019845  -1.802
grp1:IDR2         -0.000436   0.019845  -0.022
S1:IDR1           -0.014897   0.021811  -0.683
S2:IDR1            0.004182   0.021811   0.192
S1:IDR2            0.008454   0.021811   0.388
S2:IDR2            0.007000   0.021811   0.321
grp1:IDL1          0.064856   0.058971   1.100
S1:IDL1           -0.019955   0.015423  -1.294
S2:IDL1            0.034812   0.015423   2.257
IDR1:IDL1          0.079144   0.015423   5.132
IDR2:IDL1          0.026060   0.015423   1.690
grp1:S1:IDR1       0.017983   0.021811   0.824
grp1:S2:IDR1      -0.004909   0.021811  -0.225
grp1:S1:IDR2       0.016793   0.021811   0.770
grp1:S2:IDR2      -0.010238   0.021811  -0.469
grp1:S1:IDL1       0.005364   0.015423   0.348
grp1:S2:IDL1      -0.027664   0.015423  -1.794
grp1:IDR1:IDL1     0.001153   0.015423   0.075
grp1:IDR2:IDL1     0.005868   0.015423   0.380
S1:IDR1:IDL1      -0.034459   0.021811  -1.580
S2:IDR1:IDL1       0.010493   0.021811   0.481
S1:IDR2:IDL1       0.001450   0.021811   0.066
S2:IDR2:IDL1      -0.008982   0.021811  -0.412
grp1:S1:IDR1:IDL1 -0.011104   0.021811  -0.509
grp1:S2:IDR1:IDL1  0.017099   0.021811   0.784
grp1:S1:IDR2:IDL1  0.005634   0.021811   0.258
grp1:S2:IDR2:IDL1 -0.008196   0.021811  -0.376

Correlation of Fixed Effects:
            (Intr) grp1   S1     S2     IDR1   IDR2   IDL1   gr1:S1 gr1:S2
grp1         0.000                                                        
S1           0.000  0.000                                                 
S2           0.000  0.000 -0.500                                          
IDR1         0.000  0.000  0.000  0.000                                   
IDR2         0.000  0.000  0.000  0.000 -0.500                            
IDL1         0.000  0.000  0.000  0.000  0.000  0.000                     
grp1:S1      0.000  0.000  0.000  0.000  0.000  0.000  0.000              
grp1:S2      0.000  0.000  0.000  0.000  0.000  0.000  0.000 -0.500       
grp1:IDR1    0.000  0.000  0.000  0.000  0.000  0.000  0.000  0.000  0.000
grp1:IDR2    0.000  0.000  0.000  0.000  0.000  0.000  0.000  0.000  0.000
S1:IDR1      0.000  0.000  0.000  0.000  0.000  0.000  0.000  0.000  0.000
S2:IDR1      0.000  0.000  0.000  0.000  0.000  0.000  0.000  0.000  0.000
S1:IDR2      0.000  0.000  0.000  0.000  0.000  0.000  0.000  0.000  0.000
S2:IDR2      0.000  0.000  0.000  0.000  0.000  0.000  0.000  0.000  0.000
grp1:IDL1    0.000  0.000  0.000  0.000  0.000  0.000  0.000  0.000  0.000
S1:IDL1      0.000  0.000  0.000  0.000  0.000  0.000  0.000  0.000  0.000
S2:IDL1      0.000  0.000  0.000  0.000  0.000  0.000  0.000  0.000  0.000
IDR1:IDL1    0.000  0.000  0.000  0.000  0.000  0.000  0.000  0.000  0.000
IDR2:IDL1    0.000  0.000  0.000  0.000  0.000  0.000  0.000  0.000  0.000
gr1:S1:IDR1  0.000  0.000  0.000  0.000  0.000  0.000  0.000  0.000  0.000
gr1:S2:IDR1  0.000  0.000  0.000  0.000  0.000  0.000  0.000  0.000  0.000
gr1:S1:IDR2  0.000  0.000  0.000  0.000  0.000  0.000  0.000  0.000  0.000
gr1:S2:IDR2  0.000  0.000  0.000  0.000  0.000  0.000  0.000  0.000  0.000
gr1:S1:IDL1  0.000  0.000  0.000  0.000  0.000  0.000  0.000  0.000  0.000
gr1:S2:IDL1  0.000  0.000  0.000  0.000  0.000  0.000  0.000  0.000  0.000
g1:IDR1:IDL  0.000  0.000  0.000  0.000  0.000  0.000  0.000  0.000  0.000
g1:IDR2:IDL  0.000  0.000  0.000  0.000  0.000  0.000  0.000  0.000  0.000
S1:IDR1:IDL  0.000  0.000  0.000  0.000  0.000  0.000  0.000  0.000  0.000
S2:IDR1:IDL  0.000  0.000  0.000  0.000  0.000  0.000  0.000  0.000  0.000
S1:IDR2:IDL  0.000  0.000  0.000  0.000  0.000  0.000  0.000  0.000  0.000
S2:IDR2:IDL  0.000  0.000  0.000  0.000  0.000  0.000  0.000  0.000  0.000
g1:S1:IDR1:  0.000  0.000  0.000  0.000  0.000  0.000  0.000  0.000  0.000
g1:S2:IDR1:  0.000  0.000  0.000  0.000  0.000  0.000  0.000  0.000  0.000
g1:S1:IDR2:  0.000  0.000  0.000  0.000  0.000  0.000  0.000  0.000  0.000
g1:S2:IDR2:  0.000  0.000  0.000  0.000  0.000  0.000  0.000  0.000  0.000
            gr1:IDR1 gr1:IDR2 S1:IDR1 S2:IDR1 S1:IDR2 S2:IDR2 g1:IDL S1:IDL
grp1                                                                       
S1                                                                         
S2                                                                         
IDR1                                                                       
IDR2                                                                       
IDL1                                                                       
grp1:S1                                                                    
grp1:S2                                                                    
grp1:IDR1                                                                  
grp1:IDR2   -0.500                                                         
S1:IDR1      0.000    0.000                                                
S2:IDR1      0.000    0.000   -0.500                                       
S1:IDR2      0.000    0.000   -0.500   0.250                               
S2:IDR2      0.000    0.000    0.250  -0.500  -0.500                       
grp1:IDL1    0.000    0.000    0.000   0.000   0.000   0.000               
S1:IDL1      0.000    0.000    0.000   0.000   0.000   0.000   0.000       
S2:IDL1      0.000    0.000    0.000   0.000   0.000   0.000   0.000 -0.500
IDR1:IDL1    0.000    0.000    0.000   0.000   0.000   0.000   0.000  0.000
IDR2:IDL1    0.000    0.000    0.000   0.000   0.000   0.000   0.000  0.000
gr1:S1:IDR1  0.000    0.000    0.000   0.000   0.000   0.000   0.000  0.000
gr1:S2:IDR1  0.000    0.000    0.000   0.000   0.000   0.000   0.000  0.000
gr1:S1:IDR2  0.000    0.000    0.000   0.000   0.000   0.000   0.000  0.000
gr1:S2:IDR2  0.000    0.000    0.000   0.000   0.000   0.000   0.000  0.000
gr1:S1:IDL1  0.000    0.000    0.000   0.000   0.000   0.000   0.000  0.000
gr1:S2:IDL1  0.000    0.000    0.000   0.000   0.000   0.000   0.000  0.000
g1:IDR1:IDL  0.000    0.000    0.000   0.000   0.000   0.000   0.000  0.000
g1:IDR2:IDL  0.000    0.000    0.000   0.000   0.000   0.000   0.000  0.000
S1:IDR1:IDL  0.000    0.000    0.000   0.000   0.000   0.000   0.000  0.000
S2:IDR1:IDL  0.000    0.000    0.000   0.000   0.000   0.000   0.000  0.000
S1:IDR2:IDL  0.000    0.000    0.000   0.000   0.000   0.000   0.000  0.000
S2:IDR2:IDL  0.000    0.000    0.000   0.000   0.000   0.000   0.000  0.000
g1:S1:IDR1:  0.000    0.000    0.000   0.000   0.000   0.000   0.000  0.000
g1:S2:IDR1:  0.000    0.000    0.000   0.000   0.000   0.000   0.000  0.000
g1:S1:IDR2:  0.000    0.000    0.000   0.000   0.000   0.000   0.000  0.000
g1:S2:IDR2:  0.000    0.000    0.000   0.000   0.000   0.000   0.000  0.000
            S2:IDL IDR1:I IDR2:I gr1:S1:IDR1 gr1:S2:IDR1 gr1:S1:IDR2
grp1                                                                
S1                                                                  
S2                                                                  
IDR1                                                                
IDR2                                                                
IDL1                                                                
grp1:S1                                                             
grp1:S2                                                             
grp1:IDR1                                                           
grp1:IDR2                                                           
S1:IDR1                                                             
S2:IDR1                                                             
S1:IDR2                                                             
S2:IDR2                                                             
grp1:IDL1                                                           
S1:IDL1                                                             
S2:IDL1                                                             
IDR1:IDL1    0.000                                                  
IDR2:IDL1    0.000 -0.500                                           
gr1:S1:IDR1  0.000  0.000  0.000                                    
gr1:S2:IDR1  0.000  0.000  0.000 -0.500                             
gr1:S1:IDR2  0.000  0.000  0.000 -0.500       0.250                 
gr1:S2:IDR2  0.000  0.000  0.000  0.250      -0.500      -0.500     
gr1:S1:IDL1  0.000  0.000  0.000  0.000       0.000       0.000     
gr1:S2:IDL1  0.000  0.000  0.000  0.000       0.000       0.000     
g1:IDR1:IDL  0.000  0.000  0.000  0.000       0.000       0.000     
g1:IDR2:IDL  0.000  0.000  0.000  0.000       0.000       0.000     
S1:IDR1:IDL  0.000  0.000  0.000  0.000       0.000       0.000     
S2:IDR1:IDL  0.000  0.000  0.000  0.000       0.000       0.000     
S1:IDR2:IDL  0.000  0.000  0.000  0.000       0.000       0.000     
S2:IDR2:IDL  0.000  0.000  0.000  0.000       0.000       0.000     
g1:S1:IDR1:  0.000  0.000  0.000  0.000       0.000       0.000     
g1:S2:IDR1:  0.000  0.000  0.000  0.000       0.000       0.000     
g1:S1:IDR2:  0.000  0.000  0.000  0.000       0.000       0.000     
g1:S2:IDR2:  0.000  0.000  0.000  0.000       0.000       0.000     
            gr1:S2:IDR2 g1:S1:IDL g1:S2:IDL g1:IDR1: g1:IDR2: S1:IDR1: S2:IDR1:
grp1                                                                           
S1                                                                             
S2                                                                             
IDR1                                                                           
IDR2                                                                           
IDL1                                                                           
grp1:S1                                                                        
grp1:S2                                                                        
grp1:IDR1                                                                      
grp1:IDR2                                                                      
S1:IDR1                                                                        
S2:IDR1                                                                        
S1:IDR2                                                                        
S2:IDR2                                                                        
grp1:IDL1                                                                      
S1:IDL1                                                                        
S2:IDL1                                                                        
IDR1:IDL1                                                                      
IDR2:IDL1                                                                      
gr1:S1:IDR1                                                                    
gr1:S2:IDR1                                                                    
gr1:S1:IDR2                                                                    
gr1:S2:IDR2                                                                    
gr1:S1:IDL1  0.000                                                             
gr1:S2:IDL1  0.000      -0.500                                                 
g1:IDR1:IDL  0.000       0.000     0.000                                       
g1:IDR2:IDL  0.000       0.000     0.000    -0.500                             
S1:IDR1:IDL  0.000       0.000     0.000     0.000    0.000                    
S2:IDR1:IDL  0.000       0.000     0.000     0.000    0.000   -0.500           
S1:IDR2:IDL  0.000       0.000     0.000     0.000    0.000   -0.500    0.250  
S2:IDR2:IDL  0.000       0.000     0.000     0.000    0.000    0.250   -0.500  
g1:S1:IDR1:  0.000       0.000     0.000     0.000    0.000    0.000    0.000  
g1:S2:IDR1:  0.000       0.000     0.000     0.000    0.000    0.000    0.000  
g1:S1:IDR2:  0.000       0.000     0.000     0.000    0.000    0.000    0.000  
g1:S2:IDR2:  0.000       0.000     0.000     0.000    0.000    0.000    0.000  
            S1:IDR2: S2:IDR2: g1:S1:IDR1: g1:S2:IDR1: g1:S1:IDR2:
grp1                                                             
S1                                                               
S2                                                               
IDR1                                                             
IDR2                                                             
IDL1                                                             
grp1:S1                                                          
grp1:S2                                                          
grp1:IDR1                                                        
grp1:IDR2                                                        
S1:IDR1                                                          
S2:IDR1                                                          
S1:IDR2                                                          
S2:IDR2                                                          
grp1:IDL1                                                        
S1:IDL1                                                          
S2:IDL1                                                          
IDR1:IDL1                                                        
IDR2:IDL1                                                        
gr1:S1:IDR1                                                      
gr1:S2:IDR1                                                      
gr1:S1:IDR2                                                      
gr1:S2:IDR2                                                      
gr1:S1:IDL1                                                      
gr1:S2:IDL1                                                      
g1:IDR1:IDL                                                      
g1:IDR2:IDL                                                      
S1:IDR1:IDL                                                      
S2:IDR1:IDL                                                      
S1:IDR2:IDL                                                      
S2:IDR2:IDL -0.500                                               
g1:S1:IDR1:  0.000    0.000                                      
g1:S2:IDR1:  0.000    0.000   -0.500                             
g1:S1:IDR2:  0.000    0.000   -0.500       0.250                 
g1:S2:IDR2:  0.000    0.000    0.250      -0.500      -0.500     
