[1] "IPerfL ~(S*DID*grp)+Error(pp/(S*DID))+grp"
$ANOVA
     Effect DFn DFd           F            p p<.05         ges
2       grp   1   8  0.07850922 7.864368e-01       0.005444605
3         S   2  16 28.33609894 5.520946e-06     * 0.299094854
5       DID   2  16 41.18829706 4.895822e-07     * 0.569867804
4     grp:S   2  16  0.71625941 5.035919e-01       0.010671379
6   grp:DID   2  16  1.93770372 1.763728e-01       0.058671465
7     S:DID   4  32 12.06140441 4.342764e-06     * 0.088450254
8 grp:S:DID   4  32  2.87881141 3.827992e-02     * 0.022635526

$`Mauchly's Test for Sphericity`
     Effect          W            p p<.05
3         S 0.67023169 0.2464832114      
4     grp:S 0.67023169 0.2464832114      
5       DID 0.08283958 0.0001636186     *
6   grp:DID 0.08283958 0.0001636186     *
7     S:DID 0.04327240 0.0205873299     *
8 grp:S:DID 0.04327240 0.0205873299     *

$`Sphericity Corrections`
     Effect       GGe        p[GG] p[GG]<.05       HFe        p[HF] p[HF]<.05
3         S 0.7520107 6.043846e-05         * 0.8879488 1.623312e-05         *
4     grp:S 0.7520107 4.699637e-01           0.8879488 4.895506e-01          
5       DID 0.5216048 1.575984e-04         * 0.5310556 1.404290e-04         *
6   grp:DID 0.5216048 2.006089e-01           0.5310556 2.002465e-01          
7     S:DID 0.3718380 2.370145e-03         * 0.4370790 1.213781e-03         *
8 grp:S:DID 0.3718380 1.055383e-01           0.4370790 9.483489e-02          

