Post-hoc Tukey comparisons[1] "grp Tukey test"

	Pairwise comparisons using paired t tests 

data:  mdata$vfTrajCircularityLrel and mdata$grp 

  C   
U 0.33

P value adjustment method: bonferroni 
[1] "S Tukey test"

	Pairwise comparisons using paired t tests 

data:  mdata$vfTrajCircularityLrel and mdata$S 

  1      2     
2 0.0042 -     
3 0.2096 1.0000

P value adjustment method: bonferroni 
[1] "IDR Tukey test"

	Pairwise comparisons using paired t tests 

data:  mdata$vfTrajCircularityLrel and mdata$IDR 

  D       M     
M 2.8e-11 -     
E < 2e-16 0.0068

P value adjustment method: bonferroni 
[1] "IDL Tukey test"
