                  Estimate MCMCmean HPD95lower HPD95upper pMCMC Pr(>|t|)
(Intercept)         0.6866   0.6870     0.6089     0.7682 0.001   0.0000
grp1                0.0420   0.0425    -0.0471     0.1148 0.282   0.4716
S1                 -0.0277  -0.0282    -0.0632     0.0038 0.096   0.2336
S2                  0.0120   0.0119    -0.0191     0.0480 0.502   0.6061
IDR1               -0.1463  -0.1463    -0.1734    -0.1160 0.001   0.0000
IDR2               -0.0148  -0.0144    -0.0447     0.0147 0.312   0.3971
IDL1                0.0571   0.0570     0.0167     0.0972 0.002   0.2502
grp1:S1            -0.0278  -0.0287    -0.0659     0.0038 0.112   0.2319
grp1:S2             0.0297   0.0293    -0.0073     0.0624 0.094   0.2019
grp1:IDR1          -0.0472  -0.0476    -0.0780    -0.0211 0.002   0.0072
grp1:IDR2           0.0110   0.0114    -0.0169     0.0397 0.418   0.5285
S1:IDR1            -0.0070  -0.0077    -0.0306     0.0134 0.502   0.6757
S2:IDR1            -0.0070  -0.0070    -0.0304     0.0123 0.534   0.6782
S1:IDR2             0.0009   0.0012    -0.0209     0.0235 0.898   0.9589
S2:IDR2             0.0205   0.0205    -0.0013     0.0443 0.064   0.2228
grp1:IDL1           0.0535   0.0534     0.0108     0.0970 0.028   0.2815
S1:IDL1            -0.0044  -0.0045    -0.0218     0.0110 0.588   0.7119
S2:IDL1             0.0122   0.0119    -0.0054     0.0262 0.146   0.3054
IDR1:IDL1           0.0665   0.0664     0.0490     0.0799 0.001   0.0000
IDR2:IDL1           0.0270   0.0272     0.0118     0.0431 0.002   0.0234
grp1:S1:IDR1        0.0333   0.0331     0.0119     0.0558 0.004   0.0478
grp1:S2:IDR1       -0.0241  -0.0236    -0.0452    -0.0024 0.032   0.1518
grp1:S1:IDR2        0.0070   0.0072    -0.0152     0.0292 0.516   0.6768
grp1:S2:IDR2       -0.0028  -0.0031    -0.0258     0.0182 0.816   0.8692
grp1:S1:IDL1       -0.0098  -0.0094    -0.0232     0.0081 0.238   0.4085
grp1:S2:IDL1       -0.0222  -0.0224    -0.0390    -0.0073 0.004   0.0615
grp1:IDR1:IDL1      0.0111   0.0110    -0.0052     0.0269 0.180   0.3522
grp1:IDR2:IDL1     -0.0134  -0.0136    -0.0309     0.0021 0.094   0.2596
S1:IDR1:IDL1       -0.0321  -0.0320    -0.0568    -0.0101 0.010   0.0568
S2:IDR1:IDL1        0.0167   0.0163    -0.0097     0.0389 0.182   0.3205
S1:IDR2:IDL1       -0.0062  -0.0063    -0.0314     0.0150 0.600   0.7118
S2:IDR2:IDL1       -0.0141  -0.0139    -0.0372     0.0091 0.250   0.4009
grp1:S1:IDR1:IDL1  -0.0060  -0.0064    -0.0305     0.0159 0.608   0.7204
grp1:S2:IDR1:IDL1   0.0194   0.0190    -0.0016     0.0420 0.078   0.2488
grp1:S1:IDR2:IDL1   0.0004   0.0006    -0.0220     0.0241 0.970   0.9800
grp1:S2:IDR2:IDL1  -0.0099  -0.0097    -0.0321     0.0134 0.398   0.5554
NULL
       Length Class      Mode
fixed  6      data.frame list
random 7      data.frame list
Analysis of Variance Table
              Df  Sum Sq  Mean Sq F value
grp            1 0.00304 0.003043  0.5060
S              2 0.00860 0.004302  0.7153
IDR            2 0.62414 0.312069 51.8944
IDL            1 0.00797 0.007971  1.3255
grp:S          2 0.01232 0.006159  1.0241
grp:IDR        2 0.04788 0.023938  3.9806
S:IDR          4 0.01371 0.003427  0.5699
grp:IDL        1 0.00699 0.006990  1.1624
S:IDL          2 0.00649 0.003247  0.5400
IDR:IDL        2 0.39557 0.197787 32.8903
grp:S:IDR      4 0.04149 0.010373  1.7250
grp:S:IDL      2 0.04607 0.023036  3.8307
grp:IDR:IDL    2 0.00874 0.004370  0.7267
S:IDR:IDL      4 0.04682 0.011705  1.9464
grp:S:IDR:IDL  4 0.00868 0.002169  0.3607
Linear mixed model fit by REML 
Formula: get(vname) ~ (1 | pp) + (1 | pp/S) + (1 | pp/IDR) + (1 | pp/IDL) +      (1 | pp/S:IDR:IDL) + grp * S * IDR * IDL 
   Data: mdata 
    AIC    BIC logLik deviance REMLdev
 -495.9 -298.5    294   -817.5  -587.9
Random effects:
 Groups       Name        Variance  Std.Dev.
 S:IDR:IDL:pp (Intercept) 0.0106797 0.103343
 IDR:pp       (Intercept) 0.0024722 0.049721
 S:pp         (Intercept) 0.0059947 0.077425
 IDL:pp       (Intercept) 0.0478546 0.218757
 pp           (Intercept) 0.0012962 0.036003
 pp           (Intercept) 0.0012962 0.036003
 pp           (Intercept) 0.0012962 0.036003
 pp           (Intercept) 0.0012962 0.036002
 pp           (Intercept) 0.0012962 0.036003
 Residual                 0.0060135 0.077547
Number of obs: 540, groups: S:IDR:IDL:pp, 180; IDR:pp, 30; S:pp, 30; IDL:pp, 20; pp, 10

Fixed effects:
                    Estimate Std. Error t value
(Intercept)        0.6866328  0.0582516  11.787
grp1               0.0419653  0.0582516   0.720
S1                -0.0277258  0.0232504  -1.192
S2                 0.0119981  0.0232504   0.516
IDR1              -0.1463285  0.0174857  -8.368
IDR2              -0.0148193  0.0174857  -0.848
IDL1               0.0571402  0.0496306   1.151
grp1:S1           -0.0278303  0.0232504  -1.197
grp1:S2            0.0297126  0.0232504   1.278
grp1:IDR1         -0.0471605  0.0174857  -2.697
grp1:IDR2          0.0110294  0.0174857   0.631
S1:IDR1           -0.0070269  0.0167891  -0.419
S2:IDR1           -0.0069693  0.0167891  -0.415
S1:IDR2            0.0008659  0.0167891   0.052
S2:IDR2            0.0204918  0.0167891   1.221
grp1:IDL1          0.0535094  0.0496306   1.078
S1:IDL1           -0.0043863  0.0118717  -0.369
S2:IDL1            0.0121791  0.0118717   1.026
IDR1:IDL1          0.0665386  0.0118717   5.605
IDR2:IDL1          0.0270017  0.0118717   2.274
grp1:S1:IDR1       0.0333023  0.0167891   1.984
grp1:S2:IDR1      -0.0241008  0.0167891  -1.436
grp1:S1:IDR2       0.0070015  0.0167891   0.417
grp1:S2:IDR2      -0.0027663  0.0167891  -0.165
grp1:S1:IDL1      -0.0098213  0.0118717  -0.827
grp1:S2:IDL1      -0.0222462  0.0118717  -1.874
grp1:IDR1:IDL1     0.0110558  0.0118717   0.931
grp1:IDR2:IDL1    -0.0133990  0.0118717  -1.129
S1:IDR1:IDL1      -0.0320601  0.0167891  -1.910
S2:IDR1:IDL1       0.0166952  0.0167891   0.994
S1:IDR2:IDL1      -0.0062053  0.0167891  -0.370
S2:IDR2:IDL1      -0.0141155  0.0167891  -0.841
grp1:S1:IDR1:IDL1 -0.0060119  0.0167891  -0.358
grp1:S2:IDR1:IDL1  0.0193836  0.0167891   1.155
grp1:S1:IDR2:IDL1  0.0004213  0.0167891   0.025
grp1:S2:IDR2:IDL1 -0.0099074  0.0167891  -0.590

Correlation of Fixed Effects:
            (Intr) grp1   S1     S2     IDR1   IDR2   IDL1   gr1:S1 gr1:S2
grp1         0.000                                                        
S1           0.000  0.000                                                 
S2           0.000  0.000 -0.500                                          
IDR1         0.000  0.000  0.000  0.000                                   
IDR2         0.000  0.000  0.000  0.000 -0.500                            
IDL1         0.000  0.000  0.000  0.000  0.000  0.000                     
grp1:S1      0.000  0.000  0.000  0.000  0.000  0.000  0.000              
grp1:S2      0.000  0.000  0.000  0.000  0.000  0.000  0.000 -0.500       
grp1:IDR1    0.000  0.000  0.000  0.000  0.000  0.000  0.000  0.000  0.000
grp1:IDR2    0.000  0.000  0.000  0.000  0.000  0.000  0.000  0.000  0.000
S1:IDR1      0.000  0.000  0.000  0.000  0.000  0.000  0.000  0.000  0.000
S2:IDR1      0.000  0.000  0.000  0.000  0.000  0.000  0.000  0.000  0.000
S1:IDR2      0.000  0.000  0.000  0.000  0.000  0.000  0.000  0.000  0.000
S2:IDR2      0.000  0.000  0.000  0.000  0.000  0.000  0.000  0.000  0.000
grp1:IDL1    0.000  0.000  0.000  0.000  0.000  0.000  0.000  0.000  0.000
S1:IDL1      0.000  0.000  0.000  0.000  0.000  0.000  0.000  0.000  0.000
S2:IDL1      0.000  0.000  0.000  0.000  0.000  0.000  0.000  0.000  0.000
IDR1:IDL1    0.000  0.000  0.000  0.000  0.000  0.000  0.000  0.000  0.000
IDR2:IDL1    0.000  0.000  0.000  0.000  0.000  0.000  0.000  0.000  0.000
gr1:S1:IDR1  0.000  0.000  0.000  0.000  0.000  0.000  0.000  0.000  0.000
gr1:S2:IDR1  0.000  0.000  0.000  0.000  0.000  0.000  0.000  0.000  0.000
gr1:S1:IDR2  0.000  0.000  0.000  0.000  0.000  0.000  0.000  0.000  0.000
gr1:S2:IDR2  0.000  0.000  0.000  0.000  0.000  0.000  0.000  0.000  0.000
gr1:S1:IDL1  0.000  0.000  0.000  0.000  0.000  0.000  0.000  0.000  0.000
gr1:S2:IDL1  0.000  0.000  0.000  0.000  0.000  0.000  0.000  0.000  0.000
g1:IDR1:IDL  0.000  0.000  0.000  0.000  0.000  0.000  0.000  0.000  0.000
g1:IDR2:IDL  0.000  0.000  0.000  0.000  0.000  0.000  0.000  0.000  0.000
S1:IDR1:IDL  0.000  0.000  0.000  0.000  0.000  0.000  0.000  0.000  0.000
S2:IDR1:IDL  0.000  0.000  0.000  0.000  0.000  0.000  0.000  0.000  0.000
S1:IDR2:IDL  0.000  0.000  0.000  0.000  0.000  0.000  0.000  0.000  0.000
S2:IDR2:IDL  0.000  0.000  0.000  0.000  0.000  0.000  0.000  0.000  0.000
g1:S1:IDR1:  0.000  0.000  0.000  0.000  0.000  0.000  0.000  0.000  0.000
g1:S2:IDR1:  0.000  0.000  0.000  0.000  0.000  0.000  0.000  0.000  0.000
g1:S1:IDR2:  0.000  0.000  0.000  0.000  0.000  0.000  0.000  0.000  0.000
g1:S2:IDR2:  0.000  0.000  0.000  0.000  0.000  0.000  0.000  0.000  0.000
            gr1:IDR1 gr1:IDR2 S1:IDR1 S2:IDR1 S1:IDR2 S2:IDR2 g1:IDL S1:IDL
grp1                                                                       
S1                                                                         
S2                                                                         
IDR1                                                                       
IDR2                                                                       
IDL1                                                                       
grp1:S1                                                                    
grp1:S2                                                                    
grp1:IDR1                                                                  
grp1:IDR2   -0.500                                                         
S1:IDR1      0.000    0.000                                                
S2:IDR1      0.000    0.000   -0.500                                       
S1:IDR2      0.000    0.000   -0.500   0.250                               
S2:IDR2      0.000    0.000    0.250  -0.500  -0.500                       
grp1:IDL1    0.000    0.000    0.000   0.000   0.000   0.000               
S1:IDL1      0.000    0.000    0.000   0.000   0.000   0.000   0.000       
S2:IDL1      0.000    0.000    0.000   0.000   0.000   0.000   0.000 -0.500
IDR1:IDL1    0.000    0.000    0.000   0.000   0.000   0.000   0.000  0.000
IDR2:IDL1    0.000    0.000    0.000   0.000   0.000   0.000   0.000  0.000
gr1:S1:IDR1  0.000    0.000    0.000   0.000   0.000   0.000   0.000  0.000
gr1:S2:IDR1  0.000    0.000    0.000   0.000   0.000   0.000   0.000  0.000
gr1:S1:IDR2  0.000    0.000    0.000   0.000   0.000   0.000   0.000  0.000
gr1:S2:IDR2  0.000    0.000    0.000   0.000   0.000   0.000   0.000  0.000
gr1:S1:IDL1  0.000    0.000    0.000   0.000   0.000   0.000   0.000  0.000
gr1:S2:IDL1  0.000    0.000    0.000   0.000   0.000   0.000   0.000  0.000
g1:IDR1:IDL  0.000    0.000    0.000   0.000   0.000   0.000   0.000  0.000
g1:IDR2:IDL  0.000    0.000    0.000   0.000   0.000   0.000   0.000  0.000
S1:IDR1:IDL  0.000    0.000    0.000   0.000   0.000   0.000   0.000  0.000
S2:IDR1:IDL  0.000    0.000    0.000   0.000   0.000   0.000   0.000  0.000
S1:IDR2:IDL  0.000    0.000    0.000   0.000   0.000   0.000   0.000  0.000
S2:IDR2:IDL  0.000    0.000    0.000   0.000   0.000   0.000   0.000  0.000
g1:S1:IDR1:  0.000    0.000    0.000   0.000   0.000   0.000   0.000  0.000
g1:S2:IDR1:  0.000    0.000    0.000   0.000   0.000   0.000   0.000  0.000
g1:S1:IDR2:  0.000    0.000    0.000   0.000   0.000   0.000   0.000  0.000
g1:S2:IDR2:  0.000    0.000    0.000   0.000   0.000   0.000   0.000  0.000
            S2:IDL IDR1:I IDR2:I gr1:S1:IDR1 gr1:S2:IDR1 gr1:S1:IDR2
grp1                                                                
S1                                                                  
S2                                                                  
IDR1                                                                
IDR2                                                                
IDL1                                                                
grp1:S1                                                             
grp1:S2                                                             
grp1:IDR1                                                           
grp1:IDR2                                                           
S1:IDR1                                                             
S2:IDR1                                                             
S1:IDR2                                                             
S2:IDR2                                                             
grp1:IDL1                                                           
S1:IDL1                                                             
S2:IDL1                                                             
IDR1:IDL1    0.000                                                  
IDR2:IDL1    0.000 -0.500                                           
gr1:S1:IDR1  0.000  0.000  0.000                                    
gr1:S2:IDR1  0.000  0.000  0.000 -0.500                             
gr1:S1:IDR2  0.000  0.000  0.000 -0.500       0.250                 
gr1:S2:IDR2  0.000  0.000  0.000  0.250      -0.500      -0.500     
gr1:S1:IDL1  0.000  0.000  0.000  0.000       0.000       0.000     
gr1:S2:IDL1  0.000  0.000  0.000  0.000       0.000       0.000     
g1:IDR1:IDL  0.000  0.000  0.000  0.000       0.000       0.000     
g1:IDR2:IDL  0.000  0.000  0.000  0.000       0.000       0.000     
S1:IDR1:IDL  0.000  0.000  0.000  0.000       0.000       0.000     
S2:IDR1:IDL  0.000  0.000  0.000  0.000       0.000       0.000     
S1:IDR2:IDL  0.000  0.000  0.000  0.000       0.000       0.000     
S2:IDR2:IDL  0.000  0.000  0.000  0.000       0.000       0.000     
g1:S1:IDR1:  0.000  0.000  0.000  0.000       0.000       0.000     
g1:S2:IDR1:  0.000  0.000  0.000  0.000       0.000       0.000     
g1:S1:IDR2:  0.000  0.000  0.000  0.000       0.000       0.000     
g1:S2:IDR2:  0.000  0.000  0.000  0.000       0.000       0.000     
            gr1:S2:IDR2 g1:S1:IDL g1:S2:IDL g1:IDR1: g1:IDR2: S1:IDR1: S2:IDR1:
grp1                                                                           
S1                                                                             
S2                                                                             
IDR1                                                                           
IDR2                                                                           
IDL1                                                                           
grp1:S1                                                                        
grp1:S2                                                                        
grp1:IDR1                                                                      
grp1:IDR2                                                                      
S1:IDR1                                                                        
S2:IDR1                                                                        
S1:IDR2                                                                        
S2:IDR2                                                                        
grp1:IDL1                                                                      
S1:IDL1                                                                        
S2:IDL1                                                                        
IDR1:IDL1                                                                      
IDR2:IDL1                                                                      
gr1:S1:IDR1                                                                    
gr1:S2:IDR1                                                                    
gr1:S1:IDR2                                                                    
gr1:S2:IDR2                                                                    
gr1:S1:IDL1  0.000                                                             
gr1:S2:IDL1  0.000      -0.500                                                 
g1:IDR1:IDL  0.000       0.000     0.000                                       
g1:IDR2:IDL  0.000       0.000     0.000    -0.500                             
S1:IDR1:IDL  0.000       0.000     0.000     0.000    0.000                    
S2:IDR1:IDL  0.000       0.000     0.000     0.000    0.000   -0.500           
S1:IDR2:IDL  0.000       0.000     0.000     0.000    0.000   -0.500    0.250  
S2:IDR2:IDL  0.000       0.000     0.000     0.000    0.000    0.250   -0.500  
g1:S1:IDR1:  0.000       0.000     0.000     0.000    0.000    0.000    0.000  
g1:S2:IDR1:  0.000       0.000     0.000     0.000    0.000    0.000    0.000  
g1:S1:IDR2:  0.000       0.000     0.000     0.000    0.000    0.000    0.000  
g1:S2:IDR2:  0.000       0.000     0.000     0.000    0.000    0.000    0.000  
            S1:IDR2: S2:IDR2: g1:S1:IDR1: g1:S2:IDR1: g1:S1:IDR2:
grp1                                                             
S1                                                               
S2                                                               
IDR1                                                             
IDR2                                                             
IDL1                                                             
grp1:S1                                                          
grp1:S2                                                          
grp1:IDR1                                                        
grp1:IDR2                                                        
S1:IDR1                                                          
S2:IDR1                                                          
S1:IDR2                                                          
S2:IDR2                                                          
grp1:IDL1                                                        
S1:IDL1                                                          
S2:IDL1                                                          
IDR1:IDL1                                                        
IDR2:IDL1                                                        
gr1:S1:IDR1                                                      
gr1:S2:IDR1                                                      
gr1:S1:IDR2                                                      
gr1:S2:IDR2                                                      
gr1:S1:IDL1                                                      
gr1:S2:IDL1                                                      
g1:IDR1:IDL                                                      
g1:IDR2:IDL                                                      
S1:IDR1:IDL                                                      
S2:IDR1:IDL                                                      
S1:IDR2:IDL                                                      
S2:IDR2:IDL -0.500                                               
g1:S1:IDR1:  0.000    0.000                                      
g1:S2:IDR1:  0.000    0.000   -0.500                             
g1:S1:IDR2:  0.000    0.000   -0.500       0.250                 
g1:S2:IDR2:  0.000    0.000    0.250      -0.500      -0.500     
