[1] "Summary by group"
  grp IPerfEfLrel.m IPerfEfLrel.s
1   C     0.7285981     0.2971684
2   U     0.6446675     0.3206282
[1] "Summary by session\n"
  S IPerfEfLrel.m IPerfEfLrel.s
1 1     0.6589070     0.2627938
2 2     0.6986310     0.3364759
3 3     0.7023605     0.3302586
[1] "Summary by IDR+IDR\n"
  IDL IDR IPerfEfLrel.m IPerfEfLrel.s
1   D   D     0.6639832     0.1319660
2   D   M     0.7559554     0.1789188
3   D   E     0.8113804     0.1965433
4   E   D     0.4166255     0.2783553
5   E   M     0.5876716     0.3021806
6   E   E     0.8841808     0.4327332
[1] "Summary by group + Session\n"
  grp S IPerfEfLrel.m IPerfEfLrel.s
1   C 1     0.6730420     0.2463636
2   C 2     0.7703088     0.3267874
3   C 3     0.7424436     0.3071682
4   U 1     0.6447720     0.2789230
5   U 2     0.6269531     0.3324504
6   U 3     0.6622775     0.3489488
[1] "Summary by Session + IDR + IDL \n"
   S IDL IDR IPerfEfLrel.m IPerfEfLrel.s
1  1   D   D     0.5927841    0.09039642
2  1   D   M     0.7185040    0.12043127
3  1   D   E     0.8236947    0.09808143
4  1   E   D     0.4183193    0.25420095
5  1   E   M     0.5714032    0.23505201
6  1   E   E     0.8287368    0.37441026
7  2   D   D     0.6978863    0.13885298
8  2   D   M     0.7865090    0.19100549
9  2   D   E     0.8194554    0.23673427
10 2   E   D     0.3927801    0.30453077
11 2   E   M     0.6220979    0.35679931
12 2   E   E     0.8730570    0.45778876
13 3   D   D     0.7012792    0.13461925
14 3   D   M     0.7628534    0.21163835
15 3   D   E     0.7909911    0.22854844
16 3   E   D     0.4387772    0.28166070
17 3   E   M     0.5695137    0.30958152
18 3   E   E     0.9507486    0.46587855
[1] "Summary by group + IDR + IDL\n"
   grp IDL IDR IPerfEfLrel.m IPerfEfLrel.s
1    C   D   D     0.7233531    0.11819553
2    C   D   M     0.8490606    0.13440796
3    C   D   E     0.9453296    0.12893410
4    C   E   D     0.3468651    0.09340592
5    C   E   M     0.6005559    0.23333744
6    C   E   E     0.9064246    0.40866772
7    U   D   D     0.6046132    0.11851530
8    U   D   M     0.6628503    0.17016092
9    U   D   E     0.6774313    0.15751870
10   U   E   D     0.4863860    0.37154467
11   U   E   M     0.5747874    0.36043810
12   U   E   E     0.8619370    0.45907583
[1] "Summary by group + Session + IDR + IDL\n"
   grp S IDL IDR IPerfEfLrel.m IPerfEfLrel.s
1    C 1   D   D     0.6417929    0.05924529
2    C 1   D   M     0.7813804    0.07653610
3    C 1   D   E     0.8852790    0.05505027
4    C 1   E   D     0.3698641    0.10017386
5    C 1   E   M     0.5728586    0.20204904
6    C 1   E   E     0.7870771    0.37086011
7    C 2   D   D     0.7600055    0.11932234
8    C 2   D   M     0.8744068    0.15826058
9    C 2   D   E     0.9782619    0.16484022
10   C 2   E   D     0.3314940    0.11289255
11   C 2   E   M     0.6940820    0.29874372
12   C 2   E   E     0.9836028    0.43713927
13   C 3   D   D     0.7682611    0.12422207
14   C 3   D   M     0.8913945    0.13548731
15   C 3   D   E     0.9724478    0.12739883
16   C 3   E   D     0.3392372    0.06130762
17   C 3   E   M     0.5347269    0.16189087
18   C 3   E   E     0.9485939    0.41558393
19   U 1   D   D     0.5437752    0.09093869
20   U 1   D   M     0.6556275    0.12535516
21   U 1   D   E     0.7621103    0.09364547
22   U 1   E   D     0.4667745    0.34465316
23   U 1   E   M     0.5699478    0.27132440
24   U 1   E   E     0.8703965    0.38616440
25   U 2   D   D     0.6357671    0.13202574
26   U 2   D   M     0.6986112    0.18430936
27   U 2   D   E     0.6606490    0.18674923
28   U 2   E   D     0.4540662    0.41389482
29   U 2   E   M     0.5501138    0.40416985
30   U 2   E   E     0.7625112    0.46565349
31   U 3   D   D     0.6342973    0.11177625
32   U 3   D   M     0.6343122    0.19752993
33   U 3   D   E     0.6095345    0.14633019
34   U 3   E   D     0.5383172    0.37328491
35   U 3   E   M     0.6043006    0.41197746
36   U 3   E   E     0.9529033    0.52618320
