[1] "accQR ~S*IDR*IDL*grp + Error(pp/(S*IDR*IDL))"
$ANOVA
          Effect DFn DFd          F            p p<.05         ges
2            grp   1   8  0.1247134 7.331024e-01       0.007143424
3              S   2  16  5.8225236 1.258987e-02     * 0.103696103
5            IDR   2  16 80.6884958 4.383102e-09     * 0.344674145
7            IDL   1   8 47.1190618 1.291002e-04     * 0.323969923
4          grp:S   2  16  1.3909362 2.773632e-01       0.026894474
6        grp:IDR   2  16  3.9158220 4.127887e-02     * 0.024889522
8        grp:IDL   1   8  2.4085003 1.592787e-01       0.023909948
9          S:IDR   4  32  5.6401033 1.493065e-03     * 0.026242547
11         S:IDL   2  16  0.6619411 5.294173e-01       0.003471648
13       IDR:IDL   2  16 18.6864927 6.522107e-05     * 0.183652727
10     grp:S:IDR   4  32  0.9139320 4.677455e-01       0.004348000
12     grp:S:IDL   2  16  7.6329043 4.703299e-03     * 0.038619939
14   grp:IDR:IDL   2  16  2.6063110 1.047623e-01       0.030423077
15     S:IDR:IDL   4  32  1.2877964 2.954520e-01       0.011042023
16 grp:S:IDR:IDL   4  32  2.6032800 5.433630e-02       0.022072481

$`Mauchly's Test for Sphericity`
          Effect         W          p p<.05
3              S 0.3245401 0.01947328     *
4          grp:S 0.3245401 0.01947328     *
5            IDR 0.9922435 0.97311445      
6        grp:IDR 0.9922435 0.97311445      
9          S:IDR 0.2182332 0.38787573      
10     grp:S:IDR 0.2182332 0.38787573      
11         S:IDL 0.5469498 0.12100858      
12     grp:S:IDL 0.5469498 0.12100858      
13       IDR:IDL 0.3405127 0.02303916     *
14   grp:IDR:IDL 0.3405127 0.02303916     *
15     S:IDR:IDL 0.1193262 0.14969639      
16 grp:S:IDR:IDL 0.1193262 0.14969639      

$`Sphericity Corrections`
          Effect       GGe        p[GG] p[GG]<.05       HFe        p[HF]
3              S 0.5968510 3.336157e-02         * 0.6422962 2.985309e-02
4          grp:S 0.5968510 2.755517e-01           0.6422962 2.765679e-01
5            IDR 0.9923032 4.980948e-09         * 1.3184056 4.383102e-09
6        grp:IDR 0.9923032 4.172299e-02         * 1.3184056 4.127887e-02
9          S:IDR 0.6055539 8.652462e-03         * 0.8874465 2.451595e-03
10     grp:S:IDR 0.6055539 4.344413e-01           0.8874465 4.600574e-01
11         S:IDL 0.6882075 4.805900e-01           0.7841474 4.975558e-01
12     grp:S:IDL 0.6882075 1.309683e-02         * 0.7841474 9.535016e-03
13       IDR:IDL 0.6025958 1.185822e-03         * 0.6509914 8.300691e-04
14   grp:IDR:IDL 0.6025958 1.362054e-01           0.6509914 1.320519e-01
15     S:IDR:IDL 0.4738606 3.026566e-01           0.6167107 3.030186e-01
16 grp:S:IDR:IDL 0.4738606 1.087392e-01           0.6167107 8.983144e-02
   p[HF]<.05
3          *
4           
5          *
6          *
9          *
10          
11          
12         *
13         *
14          
15          
16          

