                  Estimate MCMCmean HPD95lower HPD95upper pMCMC Pr(>|t|)
(Intercept)         1.3652   1.3588     1.2048     1.5052 0.001   0.0000
grp1                0.0309   0.0310    -0.1235     0.1816 0.680   0.7532
S1                  0.0322   0.0318    -0.0364     0.0963 0.350   0.4532
S2                  0.0003  -0.0005    -0.0654     0.0723 0.978   0.9946
IDR1               -0.2115  -0.2093    -0.2829    -0.1287 0.001   0.0003
IDR2                0.1078   0.1051     0.0350     0.1872 0.006   0.0659
IDL1                0.2053   0.2049     0.1486     0.2653 0.001   0.0000
grp1:S1             0.0784   0.0786     0.0144     0.1442 0.018   0.0683
grp1:S2            -0.0512  -0.0528    -0.1264     0.0181 0.130   0.2331
grp1:IDR1          -0.0190  -0.0181    -0.0919     0.0661 0.636   0.7447
grp1:IDR2          -0.0779  -0.0778    -0.1579    -0.0037 0.048   0.1831
S1:IDR1            -0.0156  -0.0170    -0.0633     0.0337 0.522   0.6850
S2:IDR1            -0.0408  -0.0397    -0.0888     0.0069 0.106   0.2878
S1:IDR2            -0.0340  -0.0335    -0.0823     0.0118 0.170   0.3757
S2:IDR2            -0.0391  -0.0399    -0.0888     0.0114 0.102   0.3085
grp1:IDL1           0.0824   0.0814     0.0224     0.1408 0.018   0.0283
S1:IDL1             0.0172   0.0166    -0.0151     0.0504 0.320   0.5262
S2:IDL1             0.0048   0.0047    -0.0278     0.0378 0.788   0.8604
IDR1:IDL1          -0.1591  -0.1583    -0.1955    -0.1247 0.001   0.0000
IDR2:IDL1          -0.0230  -0.0231    -0.0577     0.0093 0.192   0.3972
grp1:S1:IDR1        0.0344   0.0341    -0.0174     0.0796 0.176   0.3698
grp1:S2:IDR1        0.0630   0.0635     0.0187     0.1134 0.014   0.1009
grp1:S1:IDR2        0.0971   0.0967     0.0499     0.1466 0.001   0.0117
grp1:S2:IDR2       -0.0621  -0.0622    -0.1098    -0.0082 0.008   0.1061
grp1:S1:IDL1       -0.0741  -0.0730    -0.1081    -0.0383 0.001   0.0065
grp1:S2:IDL1        0.0382   0.0381     0.0025     0.0694 0.024   0.1595
grp1:IDR1:IDL1     -0.0656  -0.0655    -0.0999    -0.0292 0.001   0.0159
grp1:IDR2:IDL1      0.0420   0.0405     0.0057     0.0730 0.014   0.1222
S1:IDR1:IDL1        0.0318   0.0309    -0.0179     0.0813 0.230   0.4069
S2:IDR1:IDL1       -0.0180  -0.0162    -0.0659     0.0318 0.538   0.6395
S1:IDR2:IDL1       -0.0208  -0.0216    -0.0729     0.0276 0.366   0.5878
S2:IDR2:IDL1        0.0042   0.0034    -0.0501     0.0488 0.898   0.9133
grp1:S1:IDR1:IDL1   0.0452   0.0464     0.0020     0.0937 0.030   0.2396
grp1:S2:IDR1:IDL1  -0.0133  -0.0125    -0.0564     0.0394 0.622   0.7281
grp1:S1:IDR2:IDL1  -0.0318  -0.0327    -0.0805     0.0148 0.172   0.4080
grp1:S2:IDR2:IDL1   0.0091   0.0086    -0.0446     0.0567 0.708   0.8120
NULL
       Length Class      Mode
fixed  6      data.frame list
random 7      data.frame list
Analysis of Variance Table
              Df  Sum Sq Mean Sq F value
grp            1 0.00232 0.00232  0.0976
S              2 0.01799 0.00899  0.3791
IDR            2 0.31033 0.15516  6.5414
IDL            1 0.71204 0.71204 30.0179
grp:S          2 0.08168 0.04084  1.7218
grp:IDR        2 0.07331 0.03666  1.5453
S:IDR          4 0.27753 0.06938  2.9251
grp:IDL        1 0.11475 0.11475  4.8375
S:IDL          2 0.01723 0.00862  0.3632
IDR:IDL        2 1.26787 0.63394 26.7253
grp:S:IDR      4 0.45851 0.11463  4.8324
grp:S:IDL      2 0.17735 0.08867  3.7383
grp:IDR:IDL    2 0.14257 0.07129  3.0053
S:IDR:IDL      4 0.01845 0.00461  0.1945
grp:S:IDR:IDL  4 0.03666 0.00917  0.3864
Linear mixed model fit by REML 
Formula: get(vname) ~ (1 | pp) + (1 | pp/S) + (1 | pp/IDR) + (1 | pp/IDL) +      (1 | pp/S:IDR:IDL) + grp * S * IDR * IDL 
   Data: mdata 
   AIC   BIC logLik deviance REMLdev
 218.9 416.3 -63.43   -47.53   126.9
Random effects:
 Groups       Name        Variance Std.Dev.
 S:IDR:IDL:pp (Intercept) 0.058293 0.24144 
 IDR:pp       (Intercept) 0.040239 0.20060 
 S:pp         (Intercept) 0.016568 0.12872 
 IDL:pp       (Intercept) 0.020718 0.14394 
 pp           (Intercept) 0.012740 0.11287 
 pp           (Intercept) 0.012739 0.11287 
 pp           (Intercept) 0.012740 0.11287 
 pp           (Intercept) 0.012740 0.11287 
 pp           (Intercept) 0.012740 0.11287 
 Residual                 0.023720 0.15401 
Number of obs: 540, groups: S:IDR:IDL:pp, 180; IDR:pp, 30; S:pp, 30; IDL:pp, 20; pp, 10

Fixed effects:
                    Estimate Std. Error t value
(Intercept)        1.3651665  0.0983183  13.885
grp1               0.0309297  0.0983183   0.315
S1                 0.0322031  0.0428963   0.751
S2                 0.0002885  0.0428963   0.007
IDR1              -0.2114552  0.0584649  -3.617
IDR2               0.1077529  0.0584649   1.843
IDL1               0.2052692  0.0374657   5.479
grp1:S1            0.0783821  0.0428963   1.827
grp1:S2           -0.0512138  0.0428963  -1.194
grp1:IDR1         -0.0190454  0.0584649  -0.326
grp1:IDR2         -0.0779479  0.0584649  -1.333
S1:IDR1           -0.0155692  0.0383551  -0.406
S2:IDR1           -0.0408123  0.0383551  -1.064
S1:IDR2           -0.0340056  0.0383551  -0.887
S2:IDR2           -0.0391011  0.0383551  -1.019
grp1:IDL1          0.0824034  0.0374657   2.199
S1:IDL1            0.0172013  0.0271211   0.634
S2:IDL1            0.0047716  0.0271211   0.176
IDR1:IDL1         -0.1590700  0.0271211  -5.865
IDR2:IDL1         -0.0229807  0.0271211  -0.847
grp1:S1:IDR1       0.0344292  0.0383551   0.898
grp1:S2:IDR1       0.0630320  0.0383551   1.643
grp1:S1:IDR2       0.0970566  0.0383551   2.530
grp1:S2:IDR2      -0.0620923  0.0383551  -1.619
grp1:S1:IDL1      -0.0741470  0.0271211  -2.734
grp1:S2:IDL1       0.0382095  0.0271211   1.409
grp1:IDR1:IDL1    -0.0656441  0.0271211  -2.420
grp1:IDR2:IDL1     0.0419861  0.0271211   1.548
S1:IDR1:IDL1       0.0318356  0.0383551   0.830
S2:IDR1:IDL1      -0.0179738  0.0383551  -0.469
S1:IDR2:IDL1      -0.0208009  0.0383551  -0.542
S2:IDR2:IDL1       0.0041788  0.0383551   0.109
grp1:S1:IDR1:IDL1  0.0451615  0.0383551   1.177
grp1:S2:IDR1:IDL1 -0.0133432  0.0383551  -0.348
grp1:S1:IDR2:IDL1 -0.0317623  0.0383551  -0.828
grp1:S2:IDR2:IDL1  0.0091263  0.0383551   0.238

Correlation of Fixed Effects:
            (Intr) grp1   S1     S2     IDR1   IDR2   IDL1   gr1:S1 gr1:S2
grp1         0.000                                                        
S1           0.000  0.000                                                 
S2           0.000  0.000 -0.500                                          
IDR1         0.000  0.000  0.000  0.000                                   
IDR2         0.000  0.000  0.000  0.000 -0.500                            
IDL1         0.000  0.000  0.000  0.000  0.000  0.000                     
grp1:S1      0.000  0.000  0.000  0.000  0.000  0.000  0.000              
grp1:S2      0.000  0.000  0.000  0.000  0.000  0.000  0.000 -0.500       
grp1:IDR1    0.000  0.000  0.000  0.000  0.000  0.000  0.000  0.000  0.000
grp1:IDR2    0.000  0.000  0.000  0.000  0.000  0.000  0.000  0.000  0.000
S1:IDR1      0.000  0.000  0.000  0.000  0.000  0.000  0.000  0.000  0.000
S2:IDR1      0.000  0.000  0.000  0.000  0.000  0.000  0.000  0.000  0.000
S1:IDR2      0.000  0.000  0.000  0.000  0.000  0.000  0.000  0.000  0.000
S2:IDR2      0.000  0.000  0.000  0.000  0.000  0.000  0.000  0.000  0.000
grp1:IDL1    0.000  0.000  0.000  0.000  0.000  0.000  0.000  0.000  0.000
S1:IDL1      0.000  0.000  0.000  0.000  0.000  0.000  0.000  0.000  0.000
S2:IDL1      0.000  0.000  0.000  0.000  0.000  0.000  0.000  0.000  0.000
IDR1:IDL1    0.000  0.000  0.000  0.000  0.000  0.000  0.000  0.000  0.000
IDR2:IDL1    0.000  0.000  0.000  0.000  0.000  0.000  0.000  0.000  0.000
gr1:S1:IDR1  0.000  0.000  0.000  0.000  0.000  0.000  0.000  0.000  0.000
gr1:S2:IDR1  0.000  0.000  0.000  0.000  0.000  0.000  0.000  0.000  0.000
gr1:S1:IDR2  0.000  0.000  0.000  0.000  0.000  0.000  0.000  0.000  0.000
gr1:S2:IDR2  0.000  0.000  0.000  0.000  0.000  0.000  0.000  0.000  0.000
gr1:S1:IDL1  0.000  0.000  0.000  0.000  0.000  0.000  0.000  0.000  0.000
gr1:S2:IDL1  0.000  0.000  0.000  0.000  0.000  0.000  0.000  0.000  0.000
g1:IDR1:IDL  0.000  0.000  0.000  0.000  0.000  0.000  0.000  0.000  0.000
g1:IDR2:IDL  0.000  0.000  0.000  0.000  0.000  0.000  0.000  0.000  0.000
S1:IDR1:IDL  0.000  0.000  0.000  0.000  0.000  0.000  0.000  0.000  0.000
S2:IDR1:IDL  0.000  0.000  0.000  0.000  0.000  0.000  0.000  0.000  0.000
S1:IDR2:IDL  0.000  0.000  0.000  0.000  0.000  0.000  0.000  0.000  0.000
S2:IDR2:IDL  0.000  0.000  0.000  0.000  0.000  0.000  0.000  0.000  0.000
g1:S1:IDR1:  0.000  0.000  0.000  0.000  0.000  0.000  0.000  0.000  0.000
g1:S2:IDR1:  0.000  0.000  0.000  0.000  0.000  0.000  0.000  0.000  0.000
g1:S1:IDR2:  0.000  0.000  0.000  0.000  0.000  0.000  0.000  0.000  0.000
g1:S2:IDR2:  0.000  0.000  0.000  0.000  0.000  0.000  0.000  0.000  0.000
            gr1:IDR1 gr1:IDR2 S1:IDR1 S2:IDR1 S1:IDR2 S2:IDR2 g1:IDL S1:IDL
grp1                                                                       
S1                                                                         
S2                                                                         
IDR1                                                                       
IDR2                                                                       
IDL1                                                                       
grp1:S1                                                                    
grp1:S2                                                                    
grp1:IDR1                                                                  
grp1:IDR2   -0.500                                                         
S1:IDR1      0.000    0.000                                                
S2:IDR1      0.000    0.000   -0.500                                       
S1:IDR2      0.000    0.000   -0.500   0.250                               
S2:IDR2      0.000    0.000    0.250  -0.500  -0.500                       
grp1:IDL1    0.000    0.000    0.000   0.000   0.000   0.000               
S1:IDL1      0.000    0.000    0.000   0.000   0.000   0.000   0.000       
S2:IDL1      0.000    0.000    0.000   0.000   0.000   0.000   0.000 -0.500
IDR1:IDL1    0.000    0.000    0.000   0.000   0.000   0.000   0.000  0.000
IDR2:IDL1    0.000    0.000    0.000   0.000   0.000   0.000   0.000  0.000
gr1:S1:IDR1  0.000    0.000    0.000   0.000   0.000   0.000   0.000  0.000
gr1:S2:IDR1  0.000    0.000    0.000   0.000   0.000   0.000   0.000  0.000
gr1:S1:IDR2  0.000    0.000    0.000   0.000   0.000   0.000   0.000  0.000
gr1:S2:IDR2  0.000    0.000    0.000   0.000   0.000   0.000   0.000  0.000
gr1:S1:IDL1  0.000    0.000    0.000   0.000   0.000   0.000   0.000  0.000
gr1:S2:IDL1  0.000    0.000    0.000   0.000   0.000   0.000   0.000  0.000
g1:IDR1:IDL  0.000    0.000    0.000   0.000   0.000   0.000   0.000  0.000
g1:IDR2:IDL  0.000    0.000    0.000   0.000   0.000   0.000   0.000  0.000
S1:IDR1:IDL  0.000    0.000    0.000   0.000   0.000   0.000   0.000  0.000
S2:IDR1:IDL  0.000    0.000    0.000   0.000   0.000   0.000   0.000  0.000
S1:IDR2:IDL  0.000    0.000    0.000   0.000   0.000   0.000   0.000  0.000
S2:IDR2:IDL  0.000    0.000    0.000   0.000   0.000   0.000   0.000  0.000
g1:S1:IDR1:  0.000    0.000    0.000   0.000   0.000   0.000   0.000  0.000
g1:S2:IDR1:  0.000    0.000    0.000   0.000   0.000   0.000   0.000  0.000
g1:S1:IDR2:  0.000    0.000    0.000   0.000   0.000   0.000   0.000  0.000
g1:S2:IDR2:  0.000    0.000    0.000   0.000   0.000   0.000   0.000  0.000
            S2:IDL IDR1:I IDR2:I gr1:S1:IDR1 gr1:S2:IDR1 gr1:S1:IDR2
grp1                                                                
S1                                                                  
S2                                                                  
IDR1                                                                
IDR2                                                                
IDL1                                                                
grp1:S1                                                             
grp1:S2                                                             
grp1:IDR1                                                           
grp1:IDR2                                                           
S1:IDR1                                                             
S2:IDR1                                                             
S1:IDR2                                                             
S2:IDR2                                                             
grp1:IDL1                                                           
S1:IDL1                                                             
S2:IDL1                                                             
IDR1:IDL1    0.000                                                  
IDR2:IDL1    0.000 -0.500                                           
gr1:S1:IDR1  0.000  0.000  0.000                                    
gr1:S2:IDR1  0.000  0.000  0.000 -0.500                             
gr1:S1:IDR2  0.000  0.000  0.000 -0.500       0.250                 
gr1:S2:IDR2  0.000  0.000  0.000  0.250      -0.500      -0.500     
gr1:S1:IDL1  0.000  0.000  0.000  0.000       0.000       0.000     
gr1:S2:IDL1  0.000  0.000  0.000  0.000       0.000       0.000     
g1:IDR1:IDL  0.000  0.000  0.000  0.000       0.000       0.000     
g1:IDR2:IDL  0.000  0.000  0.000  0.000       0.000       0.000     
S1:IDR1:IDL  0.000  0.000  0.000  0.000       0.000       0.000     
S2:IDR1:IDL  0.000  0.000  0.000  0.000       0.000       0.000     
S1:IDR2:IDL  0.000  0.000  0.000  0.000       0.000       0.000     
S2:IDR2:IDL  0.000  0.000  0.000  0.000       0.000       0.000     
g1:S1:IDR1:  0.000  0.000  0.000  0.000       0.000       0.000     
g1:S2:IDR1:  0.000  0.000  0.000  0.000       0.000       0.000     
g1:S1:IDR2:  0.000  0.000  0.000  0.000       0.000       0.000     
g1:S2:IDR2:  0.000  0.000  0.000  0.000       0.000       0.000     
            gr1:S2:IDR2 g1:S1:IDL g1:S2:IDL g1:IDR1: g1:IDR2: S1:IDR1: S2:IDR1:
grp1                                                                           
S1                                                                             
S2                                                                             
IDR1                                                                           
IDR2                                                                           
IDL1                                                                           
grp1:S1                                                                        
grp1:S2                                                                        
grp1:IDR1                                                                      
grp1:IDR2                                                                      
S1:IDR1                                                                        
S2:IDR1                                                                        
S1:IDR2                                                                        
S2:IDR2                                                                        
grp1:IDL1                                                                      
S1:IDL1                                                                        
S2:IDL1                                                                        
IDR1:IDL1                                                                      
IDR2:IDL1                                                                      
gr1:S1:IDR1                                                                    
gr1:S2:IDR1                                                                    
gr1:S1:IDR2                                                                    
gr1:S2:IDR2                                                                    
gr1:S1:IDL1  0.000                                                             
gr1:S2:IDL1  0.000      -0.500                                                 
g1:IDR1:IDL  0.000       0.000     0.000                                       
g1:IDR2:IDL  0.000       0.000     0.000    -0.500                             
S1:IDR1:IDL  0.000       0.000     0.000     0.000    0.000                    
S2:IDR1:IDL  0.000       0.000     0.000     0.000    0.000   -0.500           
S1:IDR2:IDL  0.000       0.000     0.000     0.000    0.000   -0.500    0.250  
S2:IDR2:IDL  0.000       0.000     0.000     0.000    0.000    0.250   -0.500  
g1:S1:IDR1:  0.000       0.000     0.000     0.000    0.000    0.000    0.000  
g1:S2:IDR1:  0.000       0.000     0.000     0.000    0.000    0.000    0.000  
g1:S1:IDR2:  0.000       0.000     0.000     0.000    0.000    0.000    0.000  
g1:S2:IDR2:  0.000       0.000     0.000     0.000    0.000    0.000    0.000  
            S1:IDR2: S2:IDR2: g1:S1:IDR1: g1:S2:IDR1: g1:S1:IDR2:
grp1                                                             
S1                                                               
S2                                                               
IDR1                                                             
IDR2                                                             
IDL1                                                             
grp1:S1                                                          
grp1:S2                                                          
grp1:IDR1                                                        
grp1:IDR2                                                        
S1:IDR1                                                          
S2:IDR1                                                          
S1:IDR2                                                          
S2:IDR2                                                          
grp1:IDL1                                                        
S1:IDL1                                                          
S2:IDL1                                                          
IDR1:IDL1                                                        
IDR2:IDL1                                                        
gr1:S1:IDR1                                                      
gr1:S2:IDR1                                                      
gr1:S1:IDR2                                                      
gr1:S2:IDR2                                                      
gr1:S1:IDL1                                                      
gr1:S2:IDL1                                                      
g1:IDR1:IDL                                                      
g1:IDR2:IDL                                                      
S1:IDR1:IDL                                                      
S2:IDR1:IDL                                                      
S1:IDR2:IDL                                                      
S2:IDR2:IDL -0.500                                               
g1:S1:IDR1:  0.000    0.000                                      
g1:S2:IDR1:  0.000    0.000   -0.500                             
g1:S1:IDR2:  0.000    0.000   -0.500       0.250                 
g1:S2:IDR2:  0.000    0.000    0.250      -0.500      -0.500     
