[1] "Summary by group"
  grp vfCircularityRrel.m vfCircularityRrel.s
1   C            1.396096           0.5324337
2   U            1.334237           0.5633955
[1] "Summary by session\n"
  S vfCircularityRrel.m vfCircularityRrel.s
1 1            1.397370           0.4730424
2 2            1.365455           0.6006148
3 3            1.332675           0.5650690
[1] "Summary by IDR+IDR\n"
  IDL IDR vfCircularityRrel.m vfCircularityRrel.s
1   D   D            1.199910           0.3344877
2   D   M            1.655208           0.4525156
3   D   E            1.856189           0.6924441
4   E   D            1.107512           0.3252300
5   E   M            1.290631           0.5204941
6   E   E            1.081549           0.3722883
[1] "Summary by group + Session\n"
  grp S vfCircularityRrel.m vfCircularityRrel.s
1   C 1            1.506681           0.4420846
2   C 2            1.345171           0.5623591
3   C 3            1.336436           0.5714478
4   U 1            1.288058           0.4800490
5   U 2            1.385739           0.6391007
6   U 3            1.328913           0.5617939
[1] "Summary by Session + IDR + IDL \n"
   S IDL IDR vfCircularityRrel.m vfCircularityRrel.s
1  1   D   D           1.2655814           0.2509911
2  1   D   M           1.6498057           0.3261924
3  1   D   E           1.9441334           0.5868247
4  1   E   D           1.0751090           0.2617073
5  1   E   M           1.2924281           0.2985102
6  1   E   E           1.1571603           0.3717148
7  2   D   D           1.1461845           0.3445843
8  2   D   M           1.6253457           0.4855159
9  2   D   E           1.9549573           0.7564806
10 2   E   D           1.0801904           0.3237998
11 2   E   M           1.2428679           0.6333881
12 2   E   E           1.1431841           0.4048827
13 3   D   D           1.1879656           0.3924694
14 3   D   M           1.6904721           0.5329791
15 3   D   E           1.6694756           0.7076168
16 3   E   D           1.1672367           0.3817500
17 3   E   M           1.3365967           0.5801622
18 3   E   E           0.9443025           0.3064671
[1] "Summary by group + IDR + IDL\n"
   grp IDL IDR vfCircularityRrel.m vfCircularityRrel.s
1    C   D   D            1.228554           0.3632659
2    C   D   M            1.732579           0.3527286
3    C   D   E            2.090173           0.5118689
4    C   E   D            1.102637           0.2600013
5    C   E   M            1.119223           0.3527898
6    C   E   E            1.103410           0.3624853
7    U   D   D            1.171267           0.3044118
8    U   D   M            1.577837           0.5268134
9    U   D   E            1.622204           0.7719192
10   U   E   D            1.112387           0.3824968
11   U   E   M            1.462039           0.6028498
12   U   E   E            1.059688           0.3846739
[1] "Summary by group + Session + IDR + IDL\n"
   grp S IDL IDR vfCircularityRrel.m vfCircularityRrel.s
1    C 1   D   D           1.3780508           0.2391501
2    C 1   D   M           1.7967063           0.2378199
3    C 1   D   E           2.0374680           0.4588301
4    C 1   E   D           1.2120308           0.2595013
5    C 1   E   M           1.4023683           0.2953706
6    C 1   E   E           1.2134643           0.3963166
7    C 2   D   D           1.2115125           0.4400638
8    C 2   D   M           1.6367464           0.4018204
9    C 2   D   E           2.1792146           0.4926719
10   C 2   E   D           1.0622673           0.1590173
11   C 2   E   M           0.9108182           0.2432915
12   C 2   E   E           1.0704656           0.3222183
13   C 3   D   D           1.0960991           0.3476130
14   C 3   D   M           1.7642844           0.3970964
15   C 3   D   E           2.0538370           0.5977649
16   C 3   E   D           1.0336129           0.3164794
17   C 3   E   M           1.0444829           0.3260519
18   C 3   E   E           1.0263014           0.3627060
19   U 1   D   D           1.1531120           0.2149284
20   U 1   D   M           1.5029051           0.3429321
21   U 1   D   E           1.8507988           0.6957957
22   U 1   E   D           0.9381873           0.1853627
23   U 1   E   M           1.1824878           0.2672777
24   U 1   E   E           1.1008563           0.3497903
25   U 2   D   D           1.0808564           0.2077418
26   U 2   D   M           1.6139449           0.5714463
27   U 2   D   E           1.7306999           0.9137335
28   U 2   E   D           1.0981135           0.4372719
29   U 2   E   M           1.5749176           0.7318203
30   U 2   E   E           1.2159027           0.4737228
31   U 3   D   D           1.2798322           0.4244378
32   U 3   D   M           1.6166597           0.6473512
33   U 3   D   E           1.2851142           0.6027553
34   U 3   E   D           1.3008604           0.4042957
35   U 3   E   M           1.6287106           0.6387938
36   U 3   E   E           0.8623037           0.2204293
