[1] "q4L ~(S*IDR*IDL*grp)+Error(pp/(S*IDR*IDL))+grp"
$ANOVA
          Effect DFn DFd            F            p p<.05          ges
2            grp   1   8 1.698067e-03 9.681403e-01       6.184777e-05
3              S   2  16 1.340660e+00 2.895339e-01       2.058160e-02
4          grp:S   2  16 9.585855e-02 9.091103e-01       1.500276e-03
5            IDR   2  16 1.894469e+01 6.038568e-05     * 1.309867e-01
6        grp:IDR   2  16 1.894897e+00 1.825701e-01       1.485252e-02
7            IDL   1   8 1.421780e+02 2.250415e-06     * 6.887653e-01
8        grp:IDL   1   8 5.707762e+00 4.391800e-02     * 8.159279e-02
9          S:IDR   4  32 7.365793e-01 5.739209e-01       1.069594e-02
10     grp:S:IDR   4  32 3.033986e+00 3.148274e-02     * 4.263448e-02
11         S:IDL   2  16 2.512919e+00 1.124432e-01       7.348516e-03
12     grp:S:IDL   2  16 8.034835e-01 4.650326e-01       2.361427e-03
13       IDR:IDL   2  16 1.038966e+01 1.282715e-03     * 1.646802e-01
14   grp:IDR:IDL   2  16 3.954573e-01 6.797747e-01       7.448006e-03
15     S:IDR:IDL   4  32 2.495613e+00 6.236723e-02       3.090859e-02
16 grp:S:IDR:IDL   4  32 2.443532e+00 6.667922e-02       3.028309e-02

$`Mauchly's Test for Sphericity`
          Effect         W         p p<.05
3              S 0.7486363 0.3630346      
4          grp:S 0.7486363 0.3630346      
5            IDR 0.9581006 0.8608726      
6        grp:IDR 0.9581006 0.8608726      
9          S:IDR 0.2084431 0.3637397      
10     grp:S:IDR 0.2084431 0.3637397      
11         S:IDL 0.7764872 0.4125438      
12     grp:S:IDL 0.7764872 0.4125438      
13       IDR:IDL 0.5998555 0.1671719      
14   grp:IDR:IDL 0.5998555 0.1671719      
15     S:IDR:IDL 0.1263167 0.1651918      
16 grp:S:IDR:IDL 0.1263167 0.1651918      

$`Sphericity Corrections`
          Effect       GGe        p[GG] p[GG]<.05       HFe        p[HF]
3              S 0.7991282 2.889001e-01           0.9672604 2.895881e-01
4          grp:S 0.7991282 8.689112e-01           0.9672604 9.036196e-01
5            IDR 0.9597855 8.102114e-05         * 1.2561729 6.038568e-05
6        grp:IDR 0.9597855 1.846704e-01           1.2561729 1.825701e-01
9          S:IDR 0.6536476 5.247550e-01           0.9995206 5.738645e-01
10     grp:S:IDR 0.6536476 5.788845e-02           0.9995206 3.150885e-02
11         S:IDL 0.8173188 1.258557e-01           0.9985086 1.125472e-01
12     grp:S:IDL 0.8173188 4.453123e-01           0.9985086 4.648875e-01
13       IDR:IDL 0.7142120 4.599498e-03         * 0.8259674 2.784203e-03
14   grp:IDR:IDL 0.7142120 6.147696e-01           0.8259674 6.427991e-01
15     S:IDR:IDL 0.5641070 1.053565e-01           0.7968845 7.943492e-02
16 grp:S:IDR:IDL 0.5641070 1.100318e-01           0.7968845 8.402128e-02
   p[HF]<.05
3           
4           
5          *
6           
9           
10         *
11          
12          
13         *
14          
15          
16          

