[1] "peakVelRrel ~S*IDR*IDL*grp + Error(pp/(S*IDR*IDL))"
$ANOVA
          Effect DFn DFd           F            p p<.05          ges
2            grp   1   8  0.06099733 8.111464e-01       0.0019592495
3              S   2  16  0.16908064 8.459300e-01       0.0031686352
5            IDR   2  16 18.03001818 7.960203e-05     * 0.2569169415
7            IDL   1   8  8.72675516 1.831034e-02     * 0.0879521029
4          grp:S   2  16  0.88489222 4.320187e-01       0.0163637027
6        grp:IDR   2  16  1.38804060 2.780483e-01       0.0259270364
8        grp:IDL   1   8  0.63930669 4.470505e-01       0.0070150008
9          S:IDR   4  32  0.46452068 7.612207e-01       0.0135403520
11         S:IDL   2  16  0.34751907 7.116403e-01       0.0013979805
13       IDR:IDL   2  16  3.46443587 5.622098e-02       0.0132122028
10     grp:S:IDR   4  32  0.81401129 5.256604e-01       0.0234883988
12     grp:S:IDL   2  16  0.11889493 8.886782e-01       0.0004787242
14   grp:IDR:IDL   2  16  1.21724052 3.220420e-01       0.0046822766
15     S:IDR:IDL   4  32  2.24948435 8.561206e-02       0.0140788136
16 grp:S:IDR:IDL   4  32  0.70828494 5.922445e-01       0.0044761082

$`Mauchly's Test for Sphericity`
          Effect         W         p p<.05
3              S 0.9145728 0.7315837      
4          grp:S 0.9145728 0.7315837      
5            IDR 0.9602071 0.8675155      
6        grp:IDR 0.9602071 0.8675155      
9          S:IDR 0.1407472 0.1983036      
10     grp:S:IDR 0.1407472 0.1983036      
11         S:IDL 0.5410836 0.1165266      
12     grp:S:IDL 0.5410836 0.1165266      
13       IDR:IDL 0.7562425 0.3761090      
14   grp:IDR:IDL 0.7562425 0.3761090      
15     S:IDR:IDL 0.3209343 0.6215415      
16 grp:S:IDR:IDL 0.3209343 0.6215415      

$`Sphericity Corrections`
          Effect       GGe        p[GG] p[GG]<.05       HFe        p[HF]
3              S 0.9212963 0.8294569590           1.1842105 8.459300e-01
4          grp:S 0.9212963 0.4255360784           1.1842105 4.320187e-01
5            IDR 0.9617300 0.0001042389         * 1.2598568 7.960203e-05
6        grp:IDR 0.9617300 0.2783435437           1.2598568 2.780483e-01
9          S:IDR 0.5675230 0.6594296705           0.8041502 7.222591e-01
10     grp:S:IDR 0.5675230 0.4725713681           0.8041502 5.052256e-01
11         S:IDL 0.6854402 0.6352206626           0.7797358 6.613499e-01
12     grp:S:IDL 0.6854402 0.8128678325           0.7797358 8.405948e-01
13       IDR:IDL 0.8040152 0.0704086121           0.9756206 5.781159e-02
14   grp:IDR:IDL 0.8040152 0.3177155116           0.9756206 3.216483e-01
15     S:IDR:IDL 0.7667604 0.1067184946           1.2975669 8.561206e-02
16 grp:S:IDR:IDL 0.7667604 0.5592151728           1.2975669 5.922445e-01
   p[HF]<.05
3           
4           
5          *
6           
9           
10          
11          
12          
13          
14          
15          
16          

