[1] "q1L ~S*IDR*IDL*grp + Error(pp/(S*IDR*IDL))"
$ANOVA
          Effect DFn DFd          F           p p<.05         ges
2            grp   1   8  0.4751846 0.510107418       0.016850433
3              S   2  16  0.3797936 0.690006738       0.011102061
4          grp:S   2  16  0.3471181 0.711913847       0.010156597
5            IDR   2  16  0.1383972 0.871783869       0.001148751
6        grp:IDR   2  16  1.8010795 0.197028288       0.014746153
7            IDL   1   8 19.2823267 0.002313938     * 0.164159955
8        grp:IDL   1   8  1.0512646 0.335216671       0.010594270
9          S:IDR   4  32  0.8940048 0.478891100       0.012381742
10     grp:S:IDR   4  32  1.0710100 0.387002652       0.014796946
11         S:IDL   2  16  0.3583068 0.704325557       0.002859335
12     grp:S:IDL   2  16  0.9547313 0.405788225       0.007582791
13       IDR:IDL   2  16  2.0578207 0.160209696       0.017757062
14   grp:IDR:IDL   2  16  2.4699628 0.116187337       0.021237932
15     S:IDR:IDL   4  32  0.8646132 0.495700185       0.008626798
16 grp:S:IDR:IDL   4  32  1.4561197 0.238552652       0.014443395

$`Mauchly's Test for Sphericity`
          Effect         W         p p<.05
3              S 0.6817511 0.2616317      
4          grp:S 0.6817511 0.2616317      
5            IDR 0.7739154 0.4077813      
6        grp:IDR 0.7739154 0.4077813      
9          S:IDR 0.2412310 0.4437990      
10     grp:S:IDR 0.2412310 0.4437990      
11         S:IDL 0.9120390 0.7245143      
12     grp:S:IDL 0.9120390 0.7245143      
13       IDR:IDL 0.8106015 0.4795412      
14   grp:IDR:IDL 0.8106015 0.4795412      
15     S:IDR:IDL 0.2774932 0.5283942      
16 grp:S:IDR:IDL 0.2774932 0.5283942      

$`Sphericity Corrections`
          Effect       GGe     p[GG] p[GG]<.05       HFe     p[HF] p[HF]<.05
3              S 0.7585821 0.6357541           0.8988718 0.6690793          
4          grp:S 0.7585821 0.6560272           0.8988718 0.6904152          
5            IDR 0.8156044 0.8313656           0.9955484 0.8709511          
6        grp:IDR 0.8156044 0.2054341           0.9955484 0.1972361          
9          S:IDR 0.6160027 0.4441842           0.9111334 0.4723687          
10     grp:S:IDR 0.6160027 0.3737964           0.9111334 0.3849884          
11         S:IDL 0.9191506 0.6874788           1.1802517 0.7043256          
12     grp:S:IDL 0.9191506 0.4003678           1.1802517 0.4057882          
13       IDR:IDL 0.8407611 0.1698365           1.0393089 0.1602097          
14   grp:IDR:IDL 0.8407611 0.1277040           1.0393089 0.1161873          
15     S:IDR:IDL 0.6844960 0.4656287           1.0757215 0.4957002          
16 grp:S:IDR:IDL 0.6844960 0.2546721           1.0757215 0.2385527          

