[1] "IDR Tukey test"

	 Simultaneous Tests for General Linear Hypotheses

Multiple Comparisons of Means: Tukey Contrasts


Fit: lmer(formula = get(vname) ~ (1 | pp) + (1 | pp/grp) + (1 | pp/S) + 
    (1 | pp/IDR) + (1 | pp/IDL) + (1 | pp/S:IDR:IDL) + grp * 
    S * IDR * IDL, data = mdata)

Linear Hypotheses:
           Estimate Std. Error z value Pr(>|z|)    
M - D == 0 -0.06192    0.01275  -4.857 3.79e-06 ***
E - D == 0 -0.12280    0.01275  -9.633  < 1e-06 ***
E - M == 0 -0.06088    0.01275  -4.776 4.70e-06 ***
---
Signif. codes:  0 ‘***’ 0.001 ‘**’ 0.01 ‘*’ 0.05 ‘.’ 0.1 ‘ ’ 1 
(Adjusted p values reported -- single-step method)

[1] "IDL Tukey test"

	 Simultaneous Tests for General Linear Hypotheses

Multiple Comparisons of Means: Tukey Contrasts


Fit: lmer(formula = get(vname) ~ (1 | pp) + (1 | pp/grp) + (1 | pp/S) + 
    (1 | pp/IDR) + (1 | pp/IDL) + (1 | pp/S:IDR:IDL) + grp * 
    S * IDR * IDL, data = mdata)

Linear Hypotheses:
           Estimate Std. Error z value Pr(>|z|)    
E - D == 0 -0.14880    0.01672  -8.897   <2e-16 ***
---
Signif. codes:  0 ‘***’ 0.001 ‘**’ 0.01 ‘*’ 0.05 ‘.’ 0.1 ‘ ’ 1 
(Adjusted p values reported -- single-step method)

[1] "S Tukey test"

	 Simultaneous Tests for General Linear Hypotheses

Multiple Comparisons of Means: Tukey Contrasts


Fit: lmer(formula = get(vname) ~ (1 | pp) + (1 | pp/grp) + (1 | pp/S) + 
    (1 | pp/IDR) + (1 | pp/IDL) + (1 | pp/S:IDR:IDL) + grp * 
    S * IDR * IDL, data = mdata)

Linear Hypotheses:
            Estimate Std. Error z value Pr(>|z|)
2 - 1 == 0 -0.006900   0.018064  -0.382    0.923
3 - 1 == 0 -0.003878   0.018064  -0.215    0.975
3 - 2 == 0  0.003022   0.018064   0.167    0.985
(Adjusted p values reported -- single-step method)

[1] "grp Tukey test"

	 Simultaneous Tests for General Linear Hypotheses

Multiple Comparisons of Means: Tukey Contrasts


Fit: lmer(formula = get(vname) ~ (1 | pp) + (1 | pp/grp) + (1 | pp/S) + 
    (1 | pp/IDR) + (1 | pp/IDL) + (1 | pp/S:IDR:IDL) + grp * 
    S * IDR * IDL, data = mdata)

Linear Hypotheses:
           Estimate Std. Error z value Pr(>|z|)
U - C == 0 -0.04001    0.03735  -1.071    0.284
(Adjusted p values reported -- single-step method)

