            Estimate MCMCmean HPD95lower HPD95upper pMCMC Pr(>|t|)
(Intercept)   0.2764   0.2762     0.2525     0.2968 0.001   0.0000
grp1         -0.0006  -0.0006    -0.0214     0.0232 0.960   0.9732
S1            0.0411   0.0409     0.0289     0.0527 0.001   0.0000
S2           -0.0154  -0.0153    -0.0281    -0.0029 0.014   0.0976
ID1           0.1062   0.1061     0.0955     0.1173 0.001   0.0000
grp1:S1       0.0064   0.0063    -0.0067     0.0185 0.314   0.4890
grp1:S2      -0.0076  -0.0075    -0.0215     0.0041 0.200   0.4116
grp1:ID1     -0.0022  -0.0023    -0.0121     0.0093 0.676   0.7902
S1:ID1        0.0004   0.0004    -0.0078     0.0089 0.920   0.9499
S2:ID1       -0.0003  -0.0003    -0.0086     0.0079 0.960   0.9689
grp1:S1:ID1   0.0021   0.0020    -0.0063     0.0099 0.650   0.7551
grp1:S2:ID1  -0.0067  -0.0063    -0.0153     0.0018 0.138   0.3156
Analysis of Variance Table
         Df   Sum Sq  Mean Sq  F value
grp       1 0.000001 0.000001   0.0011
S         2 0.010138 0.005069  10.0475
ID        1 0.083413 0.083413 165.3287
grp:S     2 0.000395 0.000198   0.3917
grp:ID    1 0.000036 0.000036   0.0710
S:ID      2 0.000002 0.000001   0.0020
grp:S:ID  2 0.000536 0.000268   0.5308
Linear mixed model fit by REML 
Formula: accTime ~ (1 | pp) + (1 | pp/S) + (1 | pp/ID) + (1 | pp/S:ID) +      grp * S * ID 
   Data: mdata 
    AIC    BIC logLik deviance REMLdev
 -561.4 -497.6  300.7     -694  -601.4
Random effects:
 Groups   Name        Variance   Std.Dev.
 S:ID:pp  (Intercept) 0.00114483 0.033835
 S:pp     (Intercept) 0.00063260 0.025152
 ID:pp    (Intercept) 0.00092541 0.030421
 pp       (Intercept) 0.00051405 0.022673
 pp       (Intercept) 0.00051406 0.022673
 pp       (Intercept) 0.00051406 0.022673
 pp       (Intercept) 0.00051405 0.022673
 Residual             0.00050453 0.022462
Number of obs: 180, groups: S:ID:pp, 60; S:pp, 30; ID:pp, 20; pp, 10

Fixed effects:
              Estimate Std. Error t value
(Intercept)  0.2763833  0.0171704  16.096
grp1        -0.0005778  0.0171704  -0.034
S1           0.0411333  0.0092704   4.437
S2          -0.0154417  0.0092704  -1.666
ID1          0.1061500  0.0082555  12.858
grp1:S1      0.0064278  0.0092704   0.693
grp1:S2     -0.0076306  0.0092704  -0.823
grp1:ID1    -0.0022000  0.0082555  -0.266
S1:ID1       0.0004167  0.0066156   0.063
S2:ID1      -0.0002583  0.0066156  -0.039
grp1:S1:ID1  0.0020667  0.0066156   0.312
grp1:S2:ID1 -0.0066583  0.0066156  -1.006

Correlation of Fixed Effects:
            (Intr) grp1   S1     S2     ID1    gr1:S1 gr1:S2 g1:ID1 S1:ID1
grp1         0.000                                                        
S1           0.000  0.000                                                 
S2           0.000  0.000 -0.500                                          
ID1          0.000  0.000  0.000  0.000                                   
grp1:S1      0.000  0.000  0.000  0.000  0.000                            
grp1:S2      0.000  0.000  0.000  0.000  0.000 -0.500                     
grp1:ID1     0.000  0.000  0.000  0.000  0.000  0.000  0.000              
S1:ID1       0.000  0.000  0.000  0.000  0.000  0.000  0.000  0.000       
S2:ID1       0.000  0.000  0.000  0.000  0.000  0.000  0.000  0.000 -0.500
grp1:S1:ID1  0.000  0.000  0.000  0.000  0.000  0.000  0.000  0.000  0.000
grp1:S2:ID1  0.000  0.000  0.000  0.000  0.000  0.000  0.000  0.000  0.000
            S2:ID1 g1:S1:
grp1                     
S1                       
S2                       
ID1                      
grp1:S1                  
grp1:S2                  
grp1:ID1                 
S1:ID1                   
S2:ID1                   
grp1:S1:ID1  0.000       
grp1:S2:ID1  0.000 -0.500
Linear mixed model fit by REML 
Formula: accTime ~ (1 | pp) + (1 | pp/S) + (1 | pp/ID) + (1 | pp/S:ID) +      grp * S * ID 
   Data: mdata 
    AIC    BIC logLik deviance REMLdev
 -561.4 -497.6  300.7     -694  -601.4
Random effects:
 Groups   Name        Variance   Std.Dev.
 S:ID:pp  (Intercept) 0.00114483 0.033835
 S:pp     (Intercept) 0.00063260 0.025152
 ID:pp    (Intercept) 0.00092541 0.030421
 pp       (Intercept) 0.00051405 0.022673
 pp       (Intercept) 0.00051406 0.022673
 pp       (Intercept) 0.00051406 0.022673
 pp       (Intercept) 0.00051405 0.022673
 Residual             0.00050453 0.022462
Number of obs: 180, groups: S:ID:pp, 60; S:pp, 30; ID:pp, 20; pp, 10

Fixed effects:
              Estimate Std. Error t value
(Intercept)  0.2763833  0.0171704  16.096
grp1        -0.0005778  0.0171704  -0.034
S1           0.0411333  0.0092704   4.437
S2          -0.0154417  0.0092704  -1.666
ID1          0.1061500  0.0082555  12.858
grp1:S1      0.0064278  0.0092704   0.693
grp1:S2     -0.0076306  0.0092704  -0.823
grp1:ID1    -0.0022000  0.0082555  -0.266
S1:ID1       0.0004167  0.0066156   0.063
S2:ID1      -0.0002583  0.0066156  -0.039
grp1:S1:ID1  0.0020667  0.0066156   0.312
grp1:S2:ID1 -0.0066583  0.0066156  -1.006

Correlation of Fixed Effects:
            (Intr) grp1   S1     S2     ID1    gr1:S1 gr1:S2 g1:ID1 S1:ID1
grp1         0.000                                                        
S1           0.000  0.000                                                 
S2           0.000  0.000 -0.500                                          
ID1          0.000  0.000  0.000  0.000                                   
grp1:S1      0.000  0.000  0.000  0.000  0.000                            
grp1:S2      0.000  0.000  0.000  0.000  0.000 -0.500                     
grp1:ID1     0.000  0.000  0.000  0.000  0.000  0.000  0.000              
S1:ID1       0.000  0.000  0.000  0.000  0.000  0.000  0.000  0.000       
S2:ID1       0.000  0.000  0.000  0.000  0.000  0.000  0.000  0.000 -0.500
grp1:S1:ID1  0.000  0.000  0.000  0.000  0.000  0.000  0.000  0.000  0.000
grp1:S2:ID1  0.000  0.000  0.000  0.000  0.000  0.000  0.000  0.000  0.000
            S2:ID1 g1:S1:
grp1                     
S1                       
S2                       
ID1                      
grp1:S1                  
grp1:S2                  
grp1:ID1                 
S1:ID1                   
S2:ID1                   
grp1:S1:ID1  0.000       
grp1:S2:ID1  0.000 -0.500
