[1] "decTimeL ~(S*IDR*IDL*grp)+Error(pp/(S*IDR*IDL))+grp"
$ANOVA
          Effect DFn DFd         F            p p<.05         ges
2            grp   1   8 0.2343690 0.6412776656       0.010185917
3              S   2  16 0.2497552 0.7819723952       0.004956330
4          grp:S   2  16 1.2501483 0.3129899130       0.024325956
5            IDR   2  16 0.5771541 0.5727620072       0.007657102
6        grp:IDR   2  16 1.7912852 0.1986105403       0.023388242
7            IDL   1   8 2.7044696 0.1386883016       0.027786252
8        grp:IDL   1   8 0.3629261 0.5635674085       0.003820690
9          S:IDR   4  32 1.7946197 0.1542438821       0.017768669
10     grp:S:IDR   4  32 0.8459474 0.5066025381       0.008455209
11         S:IDL   2  16 0.5359236 0.5952724188       0.005607387
12     grp:S:IDL   2  16 0.1724529 0.8431415557       0.001811269
13       IDR:IDL   2  16 2.0939952 0.1556736634       0.022550724
14   grp:IDR:IDL   2  16 1.8079416 0.1959281911       0.019530311
15     S:IDR:IDL   4  32 6.6023883 0.0005423564     * 0.035599851
16 grp:S:IDR:IDL   4  32 0.2530919 0.9056320492       0.001413039

$`Mauchly's Test for Sphericity`
          Effect         W         p p<.05
3              S 0.9997066 0.9989735      
4          grp:S 0.9997066 0.9989735      
5            IDR 0.7422124 0.3522481      
6        grp:IDR 0.7422124 0.3522481      
9          S:IDR 0.1451311 0.2086140      
10     grp:S:IDR 0.1451311 0.2086140      
11         S:IDL 0.6481361 0.2191955      
12     grp:S:IDL 0.6481361 0.2191955      
13       IDR:IDL 0.7732235 0.4065067      
14   grp:IDR:IDL 0.7732235 0.4065067      
15     S:IDR:IDL 0.3664670 0.7074695      
16 grp:S:IDR:IDL 0.3664670 0.7074695      

$`Sphericity Corrections`
          Effect       GGe       p[GG] p[GG]<.05       HFe        p[HF]
3              S 0.9997067 0.781911514           1.3327631 0.7819723952
4          grp:S 0.9997067 0.312986859           1.3327631 0.3129899130
5            IDR 0.7950468 0.537957712           0.9602981 0.5665756197
6        grp:IDR 0.7950468 0.207762621           0.9602981 0.2004330660
9          S:IDR 0.6017905 0.188596634           0.8790018 0.1640123525
10     grp:S:IDR 0.6017905 0.463522680           0.8790018 0.4957247923
11         S:IDL 0.7397194 0.546623382           0.8676362 0.5722385873
12     grp:S:IDL 0.7397194 0.779533042           0.8676362 0.8141107749
13       IDR:IDL 0.8151444 0.167154188           0.9947546 0.1559938781
14   grp:IDR:IDL 0.8151444 0.204445155           0.9947546 0.1961753699
15     S:IDR:IDL 0.7540754 0.002024658         * 1.2614484 0.0005423564
16 grp:S:IDR:IDL 0.7540754 0.859314810           1.2614484 0.9056320492
   p[HF]<.05
3           
4           
5           
6           
9           
10          
11          
12          
13          
14          
15         *
16          

