            Estimate MCMCmean HPD95lower HPD95upper pMCMC Pr(>|t|)
(Intercept)   0.7566   0.7568     0.7353     0.7764 0.001   0.0000
grp1          0.0047   0.0048    -0.0153     0.0261 0.592   0.6395
S1           -0.0140  -0.0140    -0.0257    -0.0037 0.024   0.0462
S2           -0.0017  -0.0018    -0.0134     0.0096 0.756   0.8087
ID1          -0.0560  -0.0557    -0.0686    -0.0435 0.001   0.0000
grp1:S1      -0.0010  -0.0012    -0.0124     0.0097 0.846   0.8810
grp1:S2      -0.0012  -0.0011    -0.0117     0.0093 0.850   0.8614
grp1:ID1      0.0014   0.0015    -0.0121     0.0136 0.814   0.8828
S1:ID1       -0.0008  -0.0007    -0.0098     0.0086 0.874   0.9019
S2:ID1        0.0005   0.0005    -0.0092     0.0100 0.900   0.9364
grp1:S1:ID1  -0.0139  -0.0139    -0.0238    -0.0049 0.002   0.0324
grp1:S2:ID1   0.0028   0.0028    -0.0067     0.0118 0.572   0.6683
Analysis of Variance Table
         Df   Sum Sq  Mean Sq F value
grp       1 0.000286 0.000286  0.2199
S         2 0.007953 0.003976  3.0536
ID        1 0.044450 0.044450 34.1354
grp:S     2 0.000138 0.000069  0.0528
grp:ID    1 0.000028 0.000028  0.0218
S:ID      2 0.000020 0.000010  0.0078
grp:S:ID  2 0.006792 0.003396  2.6081
Linear mixed model fit by REML 
Formula: q4 ~ (1 | pp) + (1 | pp/S) + (1 | pp/ID) + (1 | pp/S:ID) + grp *      S * ID 
   Data: mdata 
    AIC    BIC logLik deviance REMLdev
 -463.7 -399.8  251.8   -600.2  -503.7
Random effects:
 Groups   Name        Variance   Std.Dev. 
 S:ID:pp  (Intercept) 8.1829e-04 0.0286058
 S:pp     (Intercept) 1.0271e-04 0.0101345
 ID:pp    (Intercept) 1.4167e-03 0.0376396
 pp       (Intercept) 1.6572e-05 0.0040709
 pp       (Intercept) 1.6556e-05 0.0040689
 pp       (Intercept) 1.6547e-05 0.0040678
 pp       (Intercept) 1.6547e-05 0.0040678
 Residual             1.3022e-03 0.0360854
Number of obs: 180, groups: S:ID:pp, 60; S:pp, 30; ID:pp, 20; pp, 10

Fixed effects:
              Estimate Std. Error t value
(Intercept)  0.7565962  0.0100869   75.01
grp1         0.0047333  0.0100869    0.47
S1          -0.0140014  0.0069708   -2.01
S2          -0.0016907  0.0069708   -0.24
ID1         -0.0559512  0.0095765   -5.84
grp1:S1     -0.0010452  0.0069708   -0.15
grp1:S2     -0.0012188  0.0069708   -0.17
grp1:ID1     0.0014141  0.0095765    0.15
S1:ID1      -0.0007976  0.0064610   -0.12
S2:ID1       0.0005161  0.0064610    0.08
grp1:S1:ID1 -0.0139383  0.0064610   -2.16
grp1:S2:ID1  0.0027731  0.0064610    0.43

Correlation of Fixed Effects:
            (Intr) grp1   S1     S2     ID1    gr1:S1 gr1:S2 g1:ID1 S1:ID1
grp1         0.000                                                        
S1           0.000  0.000                                                 
S2           0.000  0.000 -0.500                                          
ID1          0.000  0.000  0.000  0.000                                   
grp1:S1      0.000  0.000  0.000  0.000  0.000                            
grp1:S2      0.000  0.000  0.000  0.000  0.000 -0.500                     
grp1:ID1     0.000  0.000  0.000  0.000  0.000  0.000  0.000              
S1:ID1       0.000  0.000  0.000  0.000  0.000  0.000  0.000  0.000       
S2:ID1       0.000  0.000  0.000  0.000  0.000  0.000  0.000  0.000 -0.500
grp1:S1:ID1  0.000  0.000  0.000  0.000  0.000  0.000  0.000  0.000  0.000
grp1:S2:ID1  0.000  0.000  0.000  0.000  0.000  0.000  0.000  0.000  0.000
            S2:ID1 g1:S1:
grp1                     
S1                       
S2                       
ID1                      
grp1:S1                  
grp1:S2                  
grp1:ID1                 
S1:ID1                   
S2:ID1                   
grp1:S1:ID1  0.000       
grp1:S2:ID1  0.000 -0.500
Linear mixed model fit by REML 
Formula: q4 ~ (1 | pp) + (1 | pp/S) + (1 | pp/ID) + (1 | pp/S:ID) + grp *      S * ID 
   Data: mdata 
    AIC    BIC logLik deviance REMLdev
 -463.7 -399.8  251.8   -600.2  -503.7
Random effects:
 Groups   Name        Variance   Std.Dev. 
 S:ID:pp  (Intercept) 8.1829e-04 0.0286058
 S:pp     (Intercept) 1.0271e-04 0.0101345
 ID:pp    (Intercept) 1.4167e-03 0.0376396
 pp       (Intercept) 1.6572e-05 0.0040709
 pp       (Intercept) 1.6556e-05 0.0040689
 pp       (Intercept) 1.6547e-05 0.0040678
 pp       (Intercept) 1.6547e-05 0.0040678
 Residual             1.3022e-03 0.0360854
Number of obs: 180, groups: S:ID:pp, 60; S:pp, 30; ID:pp, 20; pp, 10

Fixed effects:
              Estimate Std. Error t value
(Intercept)  0.7565962  0.0100869   75.01
grp1         0.0047333  0.0100869    0.47
S1          -0.0140014  0.0069708   -2.01
S2          -0.0016907  0.0069708   -0.24
ID1         -0.0559512  0.0095765   -5.84
grp1:S1     -0.0010452  0.0069708   -0.15
grp1:S2     -0.0012188  0.0069708   -0.17
grp1:ID1     0.0014141  0.0095765    0.15
S1:ID1      -0.0007976  0.0064610   -0.12
S2:ID1       0.0005161  0.0064610    0.08
grp1:S1:ID1 -0.0139383  0.0064610   -2.16
grp1:S2:ID1  0.0027731  0.0064610    0.43

Correlation of Fixed Effects:
            (Intr) grp1   S1     S2     ID1    gr1:S1 gr1:S2 g1:ID1 S1:ID1
grp1         0.000                                                        
S1           0.000  0.000                                                 
S2           0.000  0.000 -0.500                                          
ID1          0.000  0.000  0.000  0.000                                   
grp1:S1      0.000  0.000  0.000  0.000  0.000                            
grp1:S2      0.000  0.000  0.000  0.000  0.000 -0.500                     
grp1:ID1     0.000  0.000  0.000  0.000  0.000  0.000  0.000              
S1:ID1       0.000  0.000  0.000  0.000  0.000  0.000  0.000  0.000       
S2:ID1       0.000  0.000  0.000  0.000  0.000  0.000  0.000  0.000 -0.500
grp1:S1:ID1  0.000  0.000  0.000  0.000  0.000  0.000  0.000  0.000  0.000
grp1:S2:ID1  0.000  0.000  0.000  0.000  0.000  0.000  0.000  0.000  0.000
            S2:ID1 g1:S1:
grp1                     
S1                       
S2                       
ID1                      
grp1:S1                  
grp1:S2                  
grp1:ID1                 
S1:ID1                   
S2:ID1                   
grp1:S1:ID1  0.000       
grp1:S2:ID1  0.000 -0.500
