[1] "minPeakDelay ~(S*DID*grp)+Error(pp/(S*DID))+grp"
$ANOVA
     Effect DFn DFd          F          p p<.05          ges
2       grp   1   8 2.97624935 0.12277672       0.0781274442
3         S   2  16 1.41654272 0.27138638       0.0478517235
5       DID   2  16 0.64953741 0.53552142       0.0242379932
4     grp:S   2  16 0.42581844 0.66042442       0.0148824977
6   grp:DID   2  16 0.01740723 0.98276198       0.0006652567
7     S:DID   4  32 2.28077873 0.08222332       0.0494394345
8 grp:S:DID   4  32 2.35097476 0.07510991       0.0508836178

$`Mauchly's Test for Sphericity`
     Effect         W         p p<.05
3         S 0.8628162 0.5966424      
4     grp:S 0.8628162 0.5966424      
5       DID 0.5812127 0.1496831      
6   grp:DID 0.5812127 0.1496831      
7     S:DID 0.1119751 0.1325794      
8 grp:S:DID 0.1119751 0.1325794      

$`Sphericity Corrections`
     Effect       GGe     p[GG] p[GG]<.05       HFe      p[HF] p[HF]<.05
3         S 0.8793654 0.2725176           1.1078337 0.27138638          
4     grp:S 0.8793654 0.6363377           1.1078337 0.66042442          
5       DID 0.7048273 0.4887543           0.8107990 0.50738626          
6   grp:DID 0.7048273 0.9517241           0.8107990 0.96680161          
7     S:DID 0.5777091 0.1244875           0.8260232 0.09739942          
8 grp:S:DID 0.5777091 0.1172026           0.8260232 0.09006327          

