[1] "decTime ~(S*ID*grp)+Error(pp/(S*ID))+grp"
$ANOVA
    Effect DFn DFd            F            p p<.05         ges
2      grp   1   8   0.09905557 7.610179e-01       0.006555167
3        S   2  16   7.67783100 4.596551e-03     * 0.187360446
4    grp:S   2  16   0.77858791 4.756884e-01       0.022846098
5       ID   2  16 280.11531712 3.533370e-13     * 0.837518356
6   grp:ID   2  16   1.29219960 3.018364e-01       0.023226128
7     S:ID   4  32   1.47125735 2.339772e-01       0.014436579
8 grp:S:ID   4  32   0.20571953 9.333611e-01       0.002043986

$`Mauchly's Test for Sphericity`
    Effect          W          p p<.05
3        S 0.45301805 0.06257549      
4    grp:S 0.45301805 0.06257549      
5       ID 0.58071492 0.14923492      
6   grp:ID 0.58071492 0.14923492      
7     S:ID 0.06866808 0.05283142      
8 grp:S:ID 0.06866808 0.05283142      

$`Sphericity Corrections`
    Effect       GGe        p[GG] p[GG]<.05       HFe        p[HF] p[HF]<.05
3        S 0.6464200 1.481551e-02         * 0.7183040 1.165146e-02         *
4    grp:S 0.6464200 4.303597e-01           0.7183040 4.413843e-01          
5       ID 0.7045801 7.746506e-10         * 0.8104006 4.901629e-11         *
6   grp:ID 0.7045801 2.976411e-01           0.8104006 2.999592e-01          
7     S:ID 0.4572686 2.605244e-01           0.5858794 2.555423e-01          
8 grp:S:ID 0.4572686 7.976397e-01           0.5858794 8.475102e-01          

