[1] "Summary by group"
  grp decTimeL.m decTimeL.s
1   C  0.6848611  0.3316926
2   U  0.7729963  0.4395921
[1] "Summary by session\n"
  S decTimeL.m decTimeL.s
1 1  0.8714306  0.3992145
2 2  0.6843611  0.3534170
3 3  0.6309944  0.3811290
[1] "Summary by IDR+IDR\n"
  IDL IDR decTimeL.m decTimeL.s
1   D   D  0.2302056  0.1189807
2   D   M  0.4011778  0.1680163
3   D   E  0.6643500  0.2602236
4   E   D  0.9286389  0.1922844
5   E   M  1.0224611  0.2567942
6   E   E  1.1267389  0.2520027
[1] "Summary by group + Session\n"
  grp S decTimeL.m decTimeL.s
1   C 1  0.8521778  0.3524951
2   C 2  0.6437389  0.3053875
3   C 3  0.5586667  0.2624779
4   U 1  0.8906833  0.4421907
5   U 2  0.7249833  0.3932068
6   U 3  0.7033222  0.4611680
[1] "Summary by Session + IDR + IDL \n"
   S IDL IDR decTimeL.m decTimeL.s
1  1   D   D  0.3142167 0.12286681
2  1   D   M  0.5481833 0.14632566
3  1   D   E  0.8367833 0.23369877
4  1   E   D  0.9986833 0.10949827
5  1   E   M  1.1719000 0.20704486
6  1   E   E  1.3588167 0.22654053
7  2   D   D  0.2049833 0.09295267
8  2   D   M  0.3470500 0.13336742
9  2   D   E  0.6539167 0.22855393
10 2   E   D  0.9095833 0.18663726
11 2   E   M  0.9413333 0.13933793
12 2   E   E  1.0493000 0.15197627
13 3   D   D  0.1714167 0.09041238
14 3   D   M  0.3083000 0.11457249
15 3   D   E  0.5023500 0.20723634
16 3   E   D  0.8776500 0.24187986
17 3   E   M  0.9541500 0.32458735
18 3   E   E  0.9721000 0.18390142
[1] "Summary by group + IDR + IDL\n"
   grp IDL IDR decTimeL.m decTimeL.s
1    C   D   D  0.2278556  0.1330836
2    C   D   M  0.4052333  0.1615214
3    C   D   E  0.7388444  0.1660143
4    C   E   D  0.7927778  0.1336917
5    C   E   M  0.8938333  0.1674009
6    C   E   E  1.0506222  0.2557743
7    U   D   D  0.2325556  0.1044605
8    U   D   M  0.3971222  0.1760050
9    U   D   E  0.5898556  0.3131450
10   U   E   D  1.0645000  0.1384121
11   U   E   M  1.1510889  0.2674321
12   U   E   E  1.2028556  0.2262360
[1] "Summary by group + Session + IDR + IDL\n"
   grp S IDL IDR decTimeL.m decTimeL.s
1    C 1   D   D  0.3374000 0.14866984
2    C 1   D   M  0.5769000 0.12670356
3    C 1   D   E  0.8789333 0.13694444
4    C 1   E   D  0.9395333 0.08431202
5    C 1   E   M  1.0757333 0.12107493
6    C 1   E   E  1.3045667 0.25364527
7    C 2   D   D  0.1843667 0.08570974
8    C 2   D   M  0.3338000 0.11090147
9    C 2   D   E  0.7296000 0.14504903
10   C 2   E   D  0.7700667 0.08145986
11   C 2   E   M  0.8666333 0.06996695
12   C 2   E   E  0.9779667 0.11715946
13   C 3   D   D  0.1618000 0.08158733
14   C 3   D   M  0.3050000 0.07639115
15   C 3   D   E  0.6080000 0.08581999
16   C 3   E   D  0.6687333 0.04811737
17   C 3   E   M  0.7391333 0.08144180
18   C 3   E   E  0.8693333 0.13259628
19   U 1   D   D  0.2910333 0.08953420
20   U 1   D   M  0.5194667 0.16288301
21   U 1   D   E  0.7946333 0.30094930
22   U 1   E   D  1.0578333 0.10114535
23   U 1   E   M  1.2680667 0.23306819
24   U 1   E   E  1.4130667 0.18885046
25   U 2   D   D  0.2256000 0.09818645
26   U 2   D   M  0.3603000 0.15546345
27   U 2   D   E  0.5782333 0.27366324
28   U 2   E   D  1.0491000 0.15430110
29   U 2   E   M  1.0160333 0.15285351
30   U 2   E   E  1.1206333 0.15235877
31   U 3   D   D  0.1810333 0.10038933
32   U 3   D   M  0.3116000 0.14605615
33   U 3   D   E  0.3967000 0.24016236
34   U 3   E   D  1.0865667 0.15921031
35   U 3   E   M  1.1691667 0.33546640
36   U 3   E   E  1.0748667 0.17275038
