[1] "Summary by group"
  grp HarmonicityR.m HarmonicityR.s
1   C      0.4937949      0.4359529
2   U      0.4843738      0.4141138
[1] "Summary by session\n"
  S HarmonicityR.m HarmonicityR.s
1 1      0.3872822      0.4040286
2 2      0.5473550      0.4292913
3 3      0.5326159      0.4255068
[1] "Summary by DID\n"
  DID HarmonicityR.m HarmonicityR.s
1   1     0.92327411     0.22081922
2   2     0.44517576     0.37754036
3   3     0.09880326     0.08061648
[1] "Summary by group + Session\n"
  grp S HarmonicityR.m HarmonicityR.s
1   C 1      0.3018166      0.3604592
2   C 2      0.5939789      0.4467613
3   C 3      0.5855893      0.4389775
4   U 1      0.4727478      0.4304841
5   U 2      0.5007311      0.4107657
6   U 3      0.4796426      0.4096168
[1] "Summary by Session + DID\n"
  S DID HarmonicityR.m HarmonicityR.s
1 1   1      0.8064513     0.32578572
2 1   2      0.2799185     0.31543375
3 1   3      0.0754767     0.03285253
4 2   1      0.9876490     0.06764921
5 2   2      0.5519575     0.38260371
6 2   3      0.1024585     0.09642177
7 3   1      0.9757220     0.13297608
8 3   2      0.5036513     0.38467093
9 3   3      0.1184745     0.09269195
[1] "Summary by group + DID\n"
  grp DID HarmonicityR.m HarmonicityR.s
1   C   1     0.88898889     0.27341830
2   C   2     0.51749362     0.40434178
3   C   3     0.07490227     0.02815439
4   U   1     0.95755933     0.14652138
5   U   2     0.37285789     0.33782122
6   U   3     0.12270424     0.10575722
[1] "Summary by group + Session + DID\n"
   grp S DID HarmonicityR.m HarmonicityR.s
1    C 1   1     0.66696667     0.39462649
2    C 1   2     0.17208553     0.17794547
3    C 1   3     0.06639747     0.02622480
4    C 2   1     1.00000000     0.00000000
5    C 2   2     0.71131933     0.37661627
6    C 2   3     0.07061747     0.02466259
7    C 3   1     1.00000000     0.00000000
8    C 3   2     0.66907600     0.38422584
9    C 3   3     0.08769187     0.03037822
10   U 1   1     0.94593600     0.14977453
11   U 1   2     0.38775140     0.38668117
12   U 1   3     0.08455593     0.03703092
13   U 2   1     0.97529800     0.09567043
14   U 2   2     0.39259573     0.32705826
15   U 2   3     0.13429960     0.12836515
16   U 3   1     0.95144400     0.18805658
17   U 3   2     0.33822653     0.31661230
18   U 3   3     0.14925720     0.12183573
