[1] "maxangleR ~(S*DID*grp)+Error(pp/(S*DID))+grp"
$ANOVA
     Effect DFn DFd          F            p p<.05        ges
2       grp   1   8  1.7844458 2.183564e-01       0.09550915
3         S   2  16 36.4254262 1.105776e-06     * 0.31710998
5       DID   2  16 69.0349150 1.352755e-08     * 0.52329833
4     grp:S   2  16  1.8817168 1.845273e-01       0.02342683
6   grp:DID   2  16  3.2000823 6.775638e-02       0.04842165
7     S:DID   4  32  0.2792770 8.892030e-01       0.01027555
8 grp:S:DID   4  32  0.6135046 6.559897e-01       0.02229871

$`Mauchly's Test for Sphericity`
     Effect         W         p p<.05
3         S 0.8402899 0.5438786      
4     grp:S 0.8402899 0.5438786      
5       DID 0.9178294 0.7407418      
6   grp:DID 0.9178294 0.7407418      
7     S:DID 0.2104036 0.3668240      
8 grp:S:DID 0.2104036 0.3668240      

$`Sphericity Corrections`
     Effect       GGe        p[GG] p[GG]<.05      HFe        p[HF] p[HF]<.05
3         S 0.8622845 5.166807e-06         * 1.077306 1.105776e-06         *
4     grp:S 0.8622845 1.915860e-01           1.077306 1.845273e-01          
5       DID 0.9240687 4.392459e-08         * 1.189334 1.352755e-08         *
6   grp:DID 0.9240687 7.309949e-02           1.189334 6.775638e-02          
7     S:DID 0.6571629 8.148369e-01           1.008027 8.892030e-01          
8 grp:S:DID 0.6571629 5.934051e-01           1.008027 6.559897e-01          

