[1] "Summary by group"
  grp  q1Lrel.m   q1Lrel.s
1   C 0.9874214 0.06861169
2   U 1.0020283 0.08684484
[1] "Summary by session\n"
  S  q1Lrel.m   q1Lrel.s
1 1 1.0082866 0.08140299
2 2 0.9915821 0.07465576
3 3 0.9843058 0.07788161
[1] "Summary by IDR+IDR\n"
  IDL IDR  q1Lrel.m   q1Lrel.s
1   D   D 0.9874641 0.07968625
2   D   M 0.9805231 0.09733208
3   D   E 0.9939746 0.06757922
4   E   D 0.9992764 0.08132671
5   E   M 1.0149094 0.07156504
6   E   E 0.9922014 0.06726433
[1] "Summary by group + Session\n"
  grp S  q1Lrel.m   q1Lrel.s
1   C 1 0.9998308 0.06893605
2   C 2 0.9706989 0.06679426
3   C 3 0.9917345 0.06750932
4   U 1 1.0167424 0.09181810
5   U 2 1.0124654 0.07659045
6   U 3 0.9768772 0.08677629
[1] "Summary by Session + IDR + IDL \n"
   S IDL IDR  q1Lrel.m   q1Lrel.s
1  1   D   D 0.9767158 0.08938167
2  1   D   M 0.9981338 0.08881576
3  1   D   E 1.0096296 0.07106771
4  1   E   D 1.0162487 0.08107516
5  1   E   M 1.0411467 0.07911999
6  1   E   E 1.0078448 0.06940958
7  2   D   D 0.9869860 0.09180638
8  2   D   M 0.9784361 0.09659769
9  2   D   E 0.9825875 0.07192702
10 2   E   D 1.0027289 0.07015516
11 2   E   M 1.0104166 0.05574244
12 2   E   E 0.9883375 0.05146978
13 3   D   D 0.9986905 0.05310366
14 3   D   M 0.9649994 0.10620720
15 3   D   E 0.9897067 0.05818238
16 3   E   D 0.9788516 0.08978549
17 3   E   M 0.9931649 0.07161383
18 3   E   E 0.9804219 0.07750185
[1] "Summary by group + IDR + IDL\n"
   grp IDL IDR  q1Lrel.m   q1Lrel.s
1    C   D   D 0.9607211 0.07349769
2    C   D   M 0.9735390 0.07417505
3    C   D   E 0.9736402 0.05962422
4    C   E   D 1.0173341 0.05563797
5    C   E   M 1.0201135 0.05813565
6    C   E   E 0.9791804 0.06817647
7    U   D   D 1.0142071 0.07732605
8    U   D   M 0.9875072 0.11645027
9    U   D   E 1.0143090 0.06954768
10   U   E   D 0.9812187 0.09806029
11   U   E   M 1.0097054 0.08321273
12   U   E   E 1.0052224 0.06447465
[1] "Summary by group + Session + IDR + IDL\n"
   grp S IDL IDR  q1Lrel.m   q1Lrel.s
1    C 1   D   D 0.9603716 0.07832819
2    C 1   D   M 0.9804554 0.06230189
3    C 1   D   E 0.9855480 0.05343250
4    C 1   E   D 1.0237379 0.05041316
5    C 1   E   M 1.0542417 0.04384121
6    C 1   E   E 0.9946300 0.08229510
7    C 2   D   D 0.9284050 0.07121230
8    C 2   D   M 0.9423943 0.07962314
9    C 2   D   E 0.9552054 0.06338837
10   C 2   E   D 1.0118203 0.06231262
11   C 2   E   M 1.0072674 0.03951709
12   C 2   E   E 0.9791009 0.03371001
13   C 3   D   D 0.9933867 0.05923365
14   C 3   D   M 0.9977674 0.07315026
15   C 3   D   E 0.9801673 0.06114086
16   C 3   E   D 1.0164441 0.05680903
17   C 3   E   M 0.9988314 0.07230778
18   C 3   E   E 0.9638104 0.07867904
19   U 1   D   D 0.9930600 0.09920224
20   U 1   D   M 1.0158121 0.10857580
21   U 1   D   E 1.0337112 0.07977637
22   U 1   E   D 1.0087594 0.10466231
23   U 1   E   M 1.0280517 0.10333238
24   U 1   E   E 1.0210596 0.05322414
25   U 2   D   D 1.0455670 0.07095033
26   U 2   D   M 1.0144780 0.10102120
27   U 2   D   E 1.0099696 0.07135669
28   U 2   E   D 0.9936375 0.07832669
29   U 2   E   M 1.0135658 0.06966728
30   U 2   E   E 0.9975741 0.06456250
31   U 3   D   D 1.0039943 0.04767097
32   U 3   D   M 0.9322315 0.12535479
33   U 3   D   E 0.9992462 0.05548847
34   U 3   E   D 0.9412592 0.10219174
35   U 3   E   M 0.9874985 0.07298074
36   U 3   E   E 0.9970334 0.07523572
