[1] "MTL ~S*IDR*IDL*grp + Error(pp/(S*IDR*IDL))"
$ANOVA
          Effect DFn DFd            F            p p<.05          ges
2            grp   1   8   2.05853579 1.892696e-01       0.0687398582
3              S   2  16  31.65690493 2.742644e-06     * 0.3096505535
5            IDR   2  16  53.35661731 8.352734e-08     * 0.4128878342
7            IDL   1   8 221.52313408 4.093159e-07     * 0.7848876503
4          grp:S   2  16   0.37179854 6.952960e-01       0.0052403497
6        grp:IDR   2  16   3.21367930 6.710190e-02       0.0406357953
8        grp:IDL   1   8  11.94368570 8.618814e-03     * 0.1643867308
9          S:IDR   4  32   4.58050869 4.879833e-03     * 0.0610628794
11         S:IDL   2  16   0.67141209 5.248090e-01       0.0069570357
13       IDR:IDL   2  16   7.02092728 6.473601e-03     * 0.0682829007
10     grp:S:IDR   4  32   1.53185715 2.164868e-01       0.0212863391
12     grp:S:IDL   2  16   2.04316503 1.620896e-01       0.0208741594
14   grp:IDR:IDL   2  16   0.00962777 9.904242e-01       0.0001004883
15     S:IDR:IDL   4  32   1.32010127 2.836340e-01       0.0133524626
16 grp:S:IDR:IDL   4  32   0.45291857 7.695116e-01       0.0046216855

$`Mauchly's Test for Sphericity`
          Effect          W          p p<.05
3              S 0.88502051 0.65213374      
4          grp:S 0.88502051 0.65213374      
5            IDR 0.25616312 0.00850762     *
6        grp:IDR 0.25616312 0.00850762     *
9          S:IDR 0.05266276 0.03148241     *
10     grp:S:IDR 0.05266276 0.03148241     *
11         S:IDL 0.45042054 0.06132869      
12     grp:S:IDL 0.45042054 0.06132869      
13       IDR:IDL 0.99796229 0.99288615      
14   grp:IDR:IDL 0.99796229 0.99288615      
15     S:IDR:IDL 0.29609316 0.56950452      
16 grp:S:IDR:IDL 0.29609316 0.56950452      

$`Sphericity Corrections`
          Effect       GGe        p[GG] p[GG]<.05       HFe        p[HF]
3              S 0.8968775 7.936104e-06         * 1.1394808 2.742644e-06
4          grp:S 0.8968775 6.737803e-01           1.1394808 6.952960e-01
5            IDR 0.5734481 2.999791e-05         * 0.6071750 1.877114e-05
6        grp:IDR 0.5734481 1.030734e-01           0.6071750 9.967314e-02
9          S:IDR 0.6009658 1.883254e-02         * 0.8771573 7.358377e-03
10     grp:S:IDR 0.6009658 2.407661e-01           0.8771573 2.240012e-01
11         S:IDL 0.6453364 4.686247e-01           0.7166184 4.819836e-01
12     grp:S:IDL 0.6453364 1.831626e-01           0.7166184 1.790300e-01
13       IDR:IDL 0.9979664 6.512797e-03         * 1.3293818 6.473601e-03
14   grp:IDR:IDL 0.9979664 9.903457e-01           1.3293818 9.904242e-01
15     S:IDR:IDL 0.6471511 2.932246e-01           0.9839163 2.841530e-01
16 grp:S:IDR:IDL 0.6471511 6.907302e-01           0.9839163 7.666205e-01
   p[HF]<.05
3          *
4           
5          *
6           
9          *
10          
11          
12          
13         *
14          
15          
16          

