Post-hoc Tukey comparisons[1] "grp Tukey test"

	Pairwise comparisons using paired t tests 

data:  mdata$d3D and mdata$grp 

  C     
U <2e-16

P value adjustment method: bonferroni 
[1] "S Tukey test"

	Pairwise comparisons using paired t tests 

data:  mdata$d3D and mdata$S 

  1       2      
2 4.2e-11 -      
3 1.1e-15 2.0e-06

P value adjustment method: bonferroni 
[1] "IDR Tukey test"

	Pairwise comparisons using paired t tests 

data:  mdata$d3D and mdata$IDR 

  D       M      
M 0.00036 -      
E < 2e-16 < 2e-16

P value adjustment method: bonferroni 
[1] "IDL Tukey test"
