[1] "Summary by group"
  grp     d3D.m     d3D.s
1   C 0.4972430 0.2292335
2   U 0.7325886 0.3597603
[1] "Summary by session\n"
  S     d3D.m     d3D.s
1 1 0.5168657 0.2549999
2 2 0.6067078 0.2908462
3 3 0.7211738 0.3801824
[1] "Summary by IDR+IDR\n"
  IDL IDR     d3D.m      d3D.s
1   D   D 0.8559429 0.09992374
2   D   M 0.8258162 0.25351137
3   D   E 0.5958612 0.31520454
4   E   D 0.6061212 0.36546299
5   E   M 0.4969259 0.31423004
6   E   E 0.3088272 0.12299705
[1] "Summary by group + Session\n"
  grp S     d3D.m     d3D.s
1   C 1 0.4362471 0.2178912
2   C 2 0.5301142 0.2348170
3   C 3 0.5253676 0.2248432
4   U 1 0.5974843 0.2648758
5   U 2 0.6833013 0.3211379
6   U 3 0.9169801 0.4032432
[1] "Summary by Session + IDR + IDL \n"
   S IDL IDR     d3D.m      d3D.s
1  1   D   D 0.8056143 0.08103684
2  1   D   M 0.6622743 0.18164144
3  1   D   E 0.4934137 0.22430814
4  1   E   D 0.4523020 0.24308782
5  1   E   M 0.4078663 0.25198759
6  1   E   E 0.2797237 0.07366047
7  2   D   D 0.8684377 0.05324733
8  2   D   M 0.8202323 0.17678705
9  2   D   E 0.5611667 0.27227615
10 2   E   D 0.6002510 0.32863509
11 2   E   M 0.4616870 0.25264973
12 2   E   E 0.3284720 0.14148738
13 3   D   D 0.8937767 0.13029986
14 3   D   M 0.9949420 0.27513398
15 3   D   E 0.7330033 0.38588356
16 3   E   D 0.7658107 0.43808243
17 3   E   M 0.6212243 0.38759390
18 3   E   E 0.3182860 0.14005572
[1] "Summary by group + IDR + IDL\n"
   grp IDL IDR     d3D.m      d3D.s
1    C   D   D 0.8425882 0.08233654
2    C   D   M 0.6975489 0.14079327
3    C   D   E 0.4269064 0.10620830
4    C   E   D 0.3912818 0.12009229
5    C   E   M 0.3481649 0.10747823
6    C   E   E 0.2769676 0.07415688
7    U   D   D 0.8692976 0.11424678
8    U   D   M 0.9540836 0.27662440
9    U   D   E 0.7648160 0.36234884
10   U   E   D 0.8209607 0.40165881
11   U   E   M 0.6456869 0.37803173
12   U   E   E 0.3406869 0.15173963
[1] "Summary by group + Session + IDR + IDL\n"
   grp S IDL IDR     d3D.m      d3D.s
1    C 1   D   D 0.7822133 0.09804780
2    C 1   D   M 0.5672760 0.14689104
3    C 1   D   E 0.3923920 0.11540110
4    C 1   E   D 0.3493087 0.12880978
5    C 1   E   M 0.2861333 0.12190196
6    C 1   E   E 0.2401593 0.06098378
7    C 2   D   D 0.8893813 0.03149427
8    C 2   D   M 0.7625000 0.07465808
9    C 2   D   E 0.4336793 0.10652896
10   C 2   E   D 0.4216793 0.13195105
11   C 2   E   M 0.3707240 0.09073734
12   C 2   E   E 0.3027213 0.07505012
13   C 3   D   D 0.8561700 0.06520735
14   C 3   D   M 0.7628707 0.08873732
15   C 3   D   E 0.4546480 0.09293109
16   C 3   E   D 0.4028573 0.09111852
17   C 3   E   M 0.3876373 0.08291073
18   C 3   E   E 0.2880220 0.07509069
19   U 1   D   D 0.8290153 0.05306782
20   U 1   D   M 0.7572727 0.16561499
21   U 1   D   E 0.5944353 0.26274716
22   U 1   E   D 0.5552953 0.28823884
23   U 1   E   M 0.5295993 0.29140370
24   U 1   E   E 0.3192880 0.06454439
25   U 2   D   D 0.8474940 0.06277937
26   U 2   D   M 0.8779647 0.22808706
27   U 2   D   E 0.6886540 0.32770046
28   U 2   E   D 0.7788227 0.37144884
29   U 2   E   M 0.5526500 0.32597447
30   U 2   E   E 0.3542227 0.18550962
31   U 3   D   D 0.9313833 0.16699182
32   U 3   D   M 1.2270133 0.18309034
33   U 3   D   E 1.0113587 0.36575949
34   U 3   E   D 1.1287640 0.32702996
35   U 3   E   M 0.8548113 0.43289034
36   U 3   E   E 0.3485500 0.18174446
