Post-hoc Tukey comparisons[1] "grp Tukey test"

	Pairwise comparisons using paired t tests 

data:  mdata$q2L and mdata$grp 

  C   
U 0.38

P value adjustment method: bonferroni 
[1] "S Tukey test"

	Pairwise comparisons using paired t tests 

data:  mdata$q2L and mdata$S 

  1       2   
2 3.0e-07 -   
3 4.4e-11 0.15

P value adjustment method: bonferroni 
[1] "IDR Tukey test"

	Pairwise comparisons using paired t tests 

data:  mdata$q2L and mdata$IDR 

  D       M      
M 9.7e-10 -      
E < 2e-16 1.6e-10

P value adjustment method: bonferroni 
[1] "IDL Tukey test"
