[1] "flsAmp ~(S*DID*grp)+Error(pp/(S*DID))+grp"
$ANOVA
     Effect DFn DFd          F            p p<.05        ges
2       grp   1   8  3.3106156 0.1063318677       0.09233916
3         S   2  16 12.3438019 0.0005718248     * 0.16642136
5       DID   2  16  9.6896077 0.0017497430     * 0.26317568
4     grp:S   2  16  1.3251451 0.2934101302       0.02098298
6   grp:DID   2  16  5.2943320 0.0171944277     * 0.16329068
7     S:DID   4  32  1.8549879 0.1426479909       0.07105547
8 grp:S:DID   4  32  0.9875513 0.4283357124       0.03912836

$`Mauchly's Test for Sphericity`
     Effect          W          p p<.05
3         S 0.93426669 0.78822106      
4     grp:S 0.93426669 0.78822106      
5       DID 0.77991452 0.41895224      
6   grp:DID 0.77991452 0.41895224      
7     S:DID 0.06978363 0.05453433      
8 grp:S:DID 0.06978363 0.05453433      

$`Sphericity Corrections`
     Effect       GGe        p[GG] p[GG]<.05       HFe        p[HF] p[HF]<.05
3         S 0.9383211 0.0007874817         * 1.2158181 0.0005718248         *
4     grp:S 0.9383211 0.2933369101           1.2158181 0.2934101302          
5       DID 0.8196147 0.0037111733         * 1.0024780 0.0017497430         *
6   grp:DID 0.8196147 0.0252517115         * 1.0024780 0.0171944277         *
7     S:DID 0.5191088 0.1866577702           0.7043021 0.1685079138          
8 grp:S:DID 0.5191088 0.3961956078           0.7043021 0.4122367942          

