[1] "Summary by group"
  grp  flsAmp.m  flsAmp.s
1   C 0.6740125 0.1390699
2   U 0.5978011 0.2086121
[1] "Summary by session\n"
  S  flsAmp.m  flsAmp.s
1 1 0.5680410 0.1580803
2 2 0.6412033 0.1635901
3 3 0.6984761 0.1965999
[1] "Summary by DID\n"
  DID  flsAmp.m  flsAmp.s
1   1 0.5360083 0.1197272
2   2 0.6985929 0.1839505
3   3 0.6731191 0.1881732
[1] "Summary by group + Session\n"
  grp S  flsAmp.m  flsAmp.s
1   C 1 0.5825700 0.1248546
2   C 2 0.6975758 0.1259526
3   C 3 0.7418918 0.1166868
4   U 1 0.5535120 0.1858125
5   U 2 0.5848307 0.1782341
6   U 3 0.6550604 0.2463943
[1] "Summary by Session + DID\n"
  S DID  flsAmp.m   flsAmp.s
1 1   1 0.4401787 0.08904114
2 1   2 0.6040667 0.18308640
3 1   3 0.6598777 0.09089945
4 2   1 0.5687137 0.09857527
5 2   2 0.6851580 0.13511711
6 2   3 0.6697381 0.21419652
7 3   1 0.5991327 0.10778864
8 3   2 0.8065540 0.17487769
9 3   3 0.6897417 0.23248135
[1] "Summary by group + DID\n"
  grp DID  flsAmp.m   flsAmp.s
1   C   1 0.5765142 0.12731207
2   C   2 0.6708924 0.11303805
3   C   3 0.7746309 0.09913842
4   U   1 0.4955024 0.09711124
5   U   2 0.7262933 0.23258874
6   U   3 0.5716074 0.20178449
[1] "Summary by group + Session + DID\n"
   grp S DID  flsAmp.m   flsAmp.s
1    C 1   1 0.4703727 0.09487938
2    C 1   2 0.5754513 0.07212874
3    C 1   3 0.7018860 0.07741713
4    C 2   1 0.6115793 0.10859738
5    C 2   2 0.6914060 0.10154117
6    C 2   3 0.7897420 0.10338607
7    C 3   1 0.6475907 0.10650935
8    C 3   2 0.7458200 0.09175702
9    C 3   3 0.8322647 0.06880314
10   U 1   1 0.4099847 0.07394097
11   U 1   2 0.6326820 0.24995677
12   U 1   3 0.6178693 0.08567789
13   U 2   1 0.5258480 0.06631310
14   U 2   2 0.6789100 0.16559908
15   U 2   3 0.5497342 0.23127824
16   U 3   1 0.5506747 0.08769615
17   U 3   2 0.8672880 0.21685323
18   U 3   3 0.5472187 0.25237746
