[1] "Summary by group"
  grp minPeakDelayNorm.m minPeakDelayNorm.s
1   C        0.005143423         0.05006359
2   U        0.029709563         0.06389673
[1] "Summary by session\n"
  S minPeakDelayNorm.m minPeakDelayNorm.s
1 1         0.01589926         0.03925285
2 2         0.02126558         0.06399404
3 3         0.01511464         0.06854725
[1] "Summary by IDR+IDR\n"
  IDL IDR minPeakDelayNorm.m minPeakDelayNorm.s
1   D   D        0.022445209         0.08255588
2   D   M        0.009556821         0.04346926
3   D   E        0.016954618         0.03919837
4   E   D        0.004032037         0.05163347
5   E   M        0.012277135         0.05005753
6   E   E        0.039293136         0.06809942
[1] "Summary by group + Session\n"
  grp S minPeakDelayNorm.m minPeakDelayNorm.s
1   C 1        0.010461457         0.03169934
2   C 2        0.010234625         0.06060322
3   C 3       -0.005265812         0.05228225
4   U 1        0.021337070         0.04510246
5   U 2        0.032296529         0.06570875
6   U 3        0.035495089         0.07665997
[1] "Summary by Session + IDR + IDL \n"
   S IDL IDR minPeakDelayNorm.m minPeakDelayNorm.s
1  1   D   D       0.0030168817         0.02971960
2  1   D   M       0.0068364704         0.02453243
3  1   D   E       0.0139500877         0.02934606
4  1   E   D       0.0173035167         0.03402759
5  1   E   M       0.0196650733         0.03523652
6  1   E   E       0.0346235500         0.06422320
7  2   D   D       0.0342747300         0.08504888
8  2   D   M       0.0198529039         0.05857371
9  2   D   E       0.0233604652         0.05397382
10 2   E   D      -0.0118284567         0.05060856
11 2   E   M       0.0176998067         0.04733621
12 2   E   E       0.0442340133         0.07088468
13 3   D   D       0.0300440167         0.11047586
14 3   D   M       0.0019810897         0.03987022
15 3   D   E       0.0135533023         0.02962065
16 3   E   D       0.0066210497         0.06335169
17 3   E   M      -0.0005334737         0.06285777
18 3   E   E       0.0390218455         0.07095969
[1] "Summary by group + IDR + IDL\n"
   grp IDL IDR minPeakDelayNorm.m minPeakDelayNorm.s
1    C   D   D       -0.006028450         0.04888845
2    C   D   M       -0.003262642         0.04654833
3    C   D   E        0.022728400         0.04700309
4    C   E   D       -0.007125029         0.04078117
5    C   E   M        0.005081227         0.03207991
6    C   E   E        0.019467033         0.07060247
7    U   D   D        0.050918869         0.09867833
8    U   D   M        0.022376284         0.03632084
9    U   D   E        0.011180837         0.02881782
10   U   E   D        0.015189102         0.05894828
11   U   E   M        0.019473044         0.06271703
12   U   E   E        0.059119239         0.05993109
[1] "Summary by group + Session + IDR + IDL\n"
   grp S IDL IDR minPeakDelayNorm.m minPeakDelayNorm.s
1    C 1   D   D       0.0066482500         0.02786806
2    C 1   D   M       0.0032009027         0.02827203
3    C 1   D   E       0.0104849333         0.02831289
4    C 1   E   D       0.0149419000         0.03011146
5    C 1   E   M       0.0092268800         0.02928036
6    C 1   E   E       0.0182658733         0.04567174
7    C 2   D   D      -0.0033534733         0.03991095
8    C 2   D   M      -0.0026646813         0.06442224
9    C 2   D   E       0.0320443800         0.06635809
10   C 2   E   D      -0.0110966333         0.04331088
11   C 2   E   M       0.0064856667         0.03424845
12   C 2   E   E       0.0399924933         0.08840698
13   C 3   D   D      -0.0213801267         0.06862812
14   C 3   D   M      -0.0103241467         0.04197227
15   C 3   D   E       0.0256558867         0.03841470
16   C 3   E   D      -0.0252203533         0.03943228
17   C 3   E   M      -0.0004688667         0.03391979
18   C 3   E   E       0.0001427333         0.07008204
19   U 1   D   D      -0.0006144867         0.03201113
20   U 1   D   M       0.0104720381         0.02047043
21   U 1   D   E       0.0174152420         0.03092810
22   U 1   E   D       0.0196651333         0.03846828
23   U 1   E   M       0.0301032667         0.03848499
24   U 1   E   E       0.0509812267         0.07671098
25   U 2   D   D       0.0719029333         0.10176626
26   U 2   D   M       0.0423704891         0.04324440
27   U 2   D   E       0.0146765505         0.03833327
28   U 2   E   D      -0.0125602800         0.05855269
29   U 2   E   M       0.0289139467         0.05656014
30   U 2   E   E       0.0484755333         0.05053546
31   U 3   D   D       0.0814681600         0.12208657
32   U 3   D   M       0.0142863261         0.03473720
33   U 3   D   E       0.0014507180         0.00527986
34   U 3   E   D       0.0384624527         0.06772042
35   U 3   E   M      -0.0005980808         0.08386810
36   U 3   E   E       0.0779009577         0.04774531
