[1] "Summary by group"
  grp      q3.m       q3.s
1   C 0.8757476 0.04578288
2   U 0.8742668 0.05524917
[1] "Summary by session\n"
  S      q3.m       q3.s
1 1 0.8528634 0.05726251
2 2 0.8833213 0.04706531
3 3 0.8888369 0.03873108
[1] "Summary by ID\n"
  ID      q3.m       q3.s
1  D 0.8871819 0.05122003
2  M 0.8802920 0.04602320
3  E 0.8575478 0.05025323
[1] "Summary by group + Session\n"
  grp S      q3.m       q3.s
1   C 1 0.8580718 0.05218730
2   C 2 0.8887084 0.03914847
3   C 3 0.8804627 0.04016593
4   U 1 0.8476551 0.06207667
5   U 2 0.8779342 0.05374633
6   U 3 0.8972111 0.03574271
[1] "Summary by Session + ID\n"
  S ID      q3.m       q3.s
1 1  D 0.8718127 0.05692999
2 1  M 0.8607933 0.04820993
3 1  E 0.8259843 0.05756733
4 2  D 0.8852997 0.05754621
5 2  M 0.8897643 0.04701667
6 2  E 0.8749000 0.03399573
7 3  D 0.9044333 0.03070696
8 3  M 0.8903183 0.03708904
9 3  E 0.8717590 0.04158859
[1] "Summary by group + ID\n"
  grp ID      q3.m       q3.s
1   C  D 0.8879804 0.04241219
2   C  M 0.8746722 0.04452929
3   C  E 0.8645902 0.04816947
4   U  D 0.8863833 0.05921579
5   U  M 0.8859118 0.04729643
6   U  E 0.8505053 0.05183074
[1] "Summary by group + Session + ID\n"
   grp S ID      q3.m       q3.s
1    C 1  D 0.8748693 0.04698480
2    C 1  M 0.8576487 0.05556398
3    C 1  E 0.8416973 0.05171954
4    C 2  D 0.8927213 0.04537900
5    C 2  M 0.8879727 0.03692280
6    C 2  E 0.8854313 0.03694407
7    C 3  D 0.8963507 0.03321448
8    C 3  M 0.8783953 0.03558509
9    C 3  E 0.8666420 0.04712943
10   U 1  D 0.8687560 0.06697728
11   U 1  M 0.8639380 0.04130209
12   U 1  E 0.8102713 0.06050397
13   U 2  D 0.8778780 0.06842798
14   U 2  M 0.8915560 0.05664680
15   U 2  E 0.8643687 0.02813260
16   U 3  D 0.9125160 0.02664569
17   U 3  M 0.9022413 0.03575651
18   U 3  E 0.8768760 0.03613134
