Post-hoc Tukey comparisons[1] "grp Tukey test"

	Pairwise comparisons using paired t tests 

data:  mdata$vfCircularityLrel and mdata$grp 

  C      
U 1.8e-07

P value adjustment method: bonferroni 
[1] "S Tukey test"

	Pairwise comparisons using paired t tests 

data:  mdata$vfCircularityLrel and mdata$S 

  1     2    
2 0.146 -    
3 0.061 1.000

P value adjustment method: bonferroni 
[1] "IDR Tukey test"

	Pairwise comparisons using paired t tests 

data:  mdata$vfCircularityLrel and mdata$IDR 

  D       M
M 1.1e-05 -
E 2.1e-10 1

P value adjustment method: bonferroni 
[1] "IDL Tukey test"
