[1] "Summary by group"
  grp vfCircularityLrel.m vfCircularityLrel.s
1   C            1.397418           0.7972062
2   U            1.799162           1.6466856
[1] "Summary by session\n"
  S vfCircularityLrel.m vfCircularityLrel.s
1 1            1.497116           0.8752772
2 2            1.685893           1.6743728
3 3            1.611863           1.2505641
[1] "Summary by IDR+IDR\n"
  IDL IDR vfCircularityLrel.m vfCircularityLrel.s
1   D   D           0.4937402          0.09634109
2   D   M           0.6029300          0.15597978
3   D   E           0.7547558          0.21659504
4   E   D           2.5049843          1.17304022
5   E   M           2.6771898          1.27270043
6   E   E           2.5561415          1.18053890
[1] "Summary by group + Session\n"
  grp S vfCircularityLrel.m vfCircularityLrel.s
1   C 1            1.440288           0.7696089
2   C 2            1.401916           0.8627263
3   C 3            1.350051           0.7616775
4   U 1            1.553943           0.9705664
5   U 2            1.969869           2.1751218
6   U 3            1.873674           1.5577579
[1] "Summary by Session + IDR + IDL \n"
   S IDL IDR vfCircularityLrel.m vfCircularityLrel.s
1  1   D   D           0.5300031          0.09423085
2  1   D   M           0.6853418          0.18491159
3  1   D   E           0.8227405          0.20171322
4  1   E   D           2.1708643          0.32585121
5  1   E   M           2.3590927          0.40035892
6  1   E   E           2.4146511          0.38688918
7  2   D   D           0.4535869          0.06616698
8  2   D   M           0.5459721          0.10720189
9  2   D   E           0.7461327          0.20282577
10 2   E   D           2.8180495          1.77474723
11 2   E   M           2.7983725          1.69466484
12 2   E   E           2.7532419          1.90061367
13 3   D   D           0.4976307          0.11037900
14 3   D   M           0.5774760          0.13390378
15 3   D   E           0.6953944          0.23161524
16 3   E   D           2.5260391          0.86586825
17 3   E   M           2.8741041          1.33373617
18 3   E   E           2.5005315          0.67157939
[1] "Summary by group + IDR + IDL\n"
   grp IDL IDR vfCircularityLrel.m vfCircularityLrel.s
1    C   D   D           0.4987144          0.11422723
2    C   D   M           0.6450224          0.17889988
3    C   D   E           0.8505041          0.18430636
4    C   E   D           2.0665378          0.39840698
5    C   E   M           2.1679363          0.40684349
6    C   E   E           2.1557948          0.34347906
7    U   D   D           0.4887661          0.07533716
8    U   D   M           0.5608375          0.11654645
9    U   D   E           0.6590076          0.20535829
10   U   E   D           2.9434308          1.49378152
11   U   E   M           3.1864433          1.60634914
12   U   E   E           2.9564882          1.54051954
[1] "Summary by group + Session + IDR + IDL\n"
   grp S IDL IDR vfCircularityLrel.m vfCircularityLrel.s
1    C 1   D   D           0.5446376          0.10552775
2    C 1   D   M           0.7571492          0.22221990
3    C 1   D   E           0.8788784          0.16715984
4    C 1   E   D           2.0104457          0.27387179
5    C 1   E   M           2.1948080          0.36465584
6    C 1   E   E           2.2558079          0.31755970
7    C 2   D   D           0.4366731          0.07609590
8    C 2   D   M           0.5453679          0.11857638
9    C 2   D   E           0.8251547          0.19408135
10   C 2   E   D           2.1946270          0.45597009
11   C 2   E   M           2.2557391          0.34516018
12   C 2   E   E           2.1539347          0.38211326
13   C 3   D   D           0.5148324          0.13198062
14   C 3   D   M           0.6325503          0.11343778
15   C 3   D   E           0.8474792          0.19896810
16   C 3   E   D           1.9945406          0.43524895
17   C 3   E   M           2.0532616          0.49495266
18   C 3   E   E           2.0576419          0.32076461
19   U 1   D   D           0.5153686          0.08245067
20   U 1   D   M           0.6135344          0.10196077
21   U 1   D   E           0.7666026          0.22268183
22   U 1   E   D           2.3312830          0.29965295
23   U 1   E   M           2.5233775          0.37578604
24   U 1   E   E           2.5734943          0.39388730
25   U 2   D   D           0.4705007          0.05162608
26   U 2   D   M           0.5465764          0.09871283
27   U 2   D   E           0.6671106          0.18484166
28   U 2   E   D           3.4414719          2.34172885
29   U 2   E   M           3.3410059          2.28009009
30   U 2   E   E           3.3525492          2.56262164
31   U 3   D   D           0.4804289          0.08476050
32   U 3   D   M           0.5224017          0.13331684
33   U 3   D   E           0.5433095          0.14822577
34   U 3   E   D           3.0575375          0.87076345
35   U 3   E   M           3.6949466          1.41278722
36   U 3   E   E           2.9434211          0.64112361
