[1] "HarmonicityDownR ~S*IDR*IDL*grp + Error(pp/(S*IDR*IDL))"
$ANOVA
          Effect DFn DFd          F            p p<.05         ges
2            grp   1   8  1.9358356 2.015906e-01       0.064471373
3              S   2  16 18.7313526 6.435057e-05     * 0.103613388
5            IDR   2  16 75.9280367 6.814961e-09     * 0.559346354
7            IDL   1   8 49.7171138 1.070592e-04     * 0.422159015
4          grp:S   2  16  1.0545576 3.713488e-01       0.006465537
6        grp:IDR   2  16  3.6499214 4.944654e-02     * 0.057509771
8        grp:IDL   1   8  7.9686999 2.239405e-02     * 0.104823350
9          S:IDR   4  32  4.1286307 8.275089e-03     * 0.047420376
11         S:IDL   2  16  0.9452815 4.092303e-01       0.007580107
13       IDR:IDL   2  16 26.1119733 9.150928e-06     * 0.265884399
10     grp:S:IDR   4  32  1.2755862 3.000358e-01       0.015147421
12     grp:S:IDL   2  16  9.9479823 1.558098e-03     * 0.074400660
14   grp:IDR:IDL   2  16  6.1883014 1.021590e-02     * 0.079049052
15     S:IDR:IDL   4  32  1.9436415 1.271729e-01       0.033456442
16 grp:S:IDR:IDL   4  32  2.3492831 7.527374e-02       0.040158460

$`Mauchly's Test for Sphericity`
          Effect          W          p p<.05
3              S 0.54057690 0.11614518      
4          grp:S 0.54057690 0.11614518      
5            IDR 0.61789185 0.18543582      
6        grp:IDR 0.61789185 0.18543582      
9          S:IDR 0.11126183 0.13234966      
10     grp:S:IDR 0.11126183 0.13234966      
11         S:IDL 0.64350316 0.21376047      
12     grp:S:IDL 0.64350316 0.21376047      
13       IDR:IDL 0.96817506 0.89297361      
14   grp:IDR:IDL 0.96817506 0.89297361      
15     S:IDR:IDL 0.03671248 0.01481082     *
16 grp:S:IDR:IDL 0.03671248 0.01481082     *

$`Sphericity Corrections`
          Effect       GGe        p[GG] p[GG]<.05       HFe        p[HF]
3              S 0.6852023 6.394882e-04         * 0.7793568 3.205583e-04
4          grp:S 0.6852023 3.528651e-01           0.7793568 3.596086e-01
5            IDR 0.7235324 6.054215e-07         * 0.8411179 8.944380e-08
6        grp:IDR 0.7235324 6.990807e-02           0.8411179 6.030974e-02
9          S:IDR 0.5438789 3.140584e-02         * 0.7545577 1.683597e-02
10     grp:S:IDR 0.5438789 3.065914e-01           0.7545577 3.051521e-01
11         S:IDL 0.7371930 3.884037e-01           0.8634800 3.994216e-01
12     grp:S:IDL 0.7371930 4.805389e-03         * 0.8634800 2.790747e-03
13       IDR:IDL 0.9691567 1.212450e-05         * 1.2739705 9.150928e-06
14   grp:IDR:IDL 0.9691567 1.105855e-02         * 1.2739705 1.021590e-02
15     S:IDR:IDL 0.4527453 1.807153e-01           0.5775887 1.671274e-01
16 grp:S:IDR:IDL 0.4527453 1.340056e-01           0.5775887 1.173876e-01
   p[HF]<.05
3          *
4           
5          *
6           
9          *
10          
11          
12         *
13         *
14         *
15          
16          

