[1] "decTimeL ~(S*DID*grp)+Error(pp/(S*DID))+grp"
$ANOVA
     Effect DFn DFd          F            p p<.05        ges
2       grp   1   8 25.4531158 0.0009952842     * 0.40409636
3         S   2  16 18.0851544 0.0000782659     * 0.37694156
5       DID   2  16 11.1316641 0.0009347553     * 0.25617621
4     grp:S   2  16  3.1937926 0.0680615506       0.09652622
6   grp:DID   2  16  1.2051988 0.3254276909       0.03594745
7     S:DID   4  32  3.7376801 0.0132158025     * 0.11265440
8 grp:S:DID   4  32  0.9625743 0.4413946950       0.03166031

$`Mauchly's Test for Sphericity`
     Effect         W         p p<.05
3         S 0.6920514 0.2757301      
4     grp:S 0.6920514 0.2757301      
5       DID 0.6563720 0.2291000      
6   grp:DID 0.6563720 0.2291000      
7     S:DID 0.1275693 0.1665835      
8 grp:S:DID 0.1275693 0.1665835      

$`Sphericity Corrections`
     Effect       GGe        p[GG] p[GG]<.05       HFe        p[HF] p[HF]<.05
3         S 0.7645560 0.0004157602         * 0.9088403 0.0001490952         *
4     grp:S 0.7645560 0.0860815703           0.9088403 0.0745328990          
5       DID 0.7442536 0.0031555733         * 0.8751115 0.0016894875         *
6   grp:DID 0.7442536 0.3185895985           0.8751115 0.3227607874          
7     S:DID 0.5506696 0.0408603854         * 0.7686354 0.0234825910         *
8 grp:S:DID 0.5506696 0.4088338345           0.7686354 0.4277837790          

