[1] "Summary by group"
  grp decTimeL.m decTimeL.s
1   C  0.9124111  0.2188356
2   U  1.1394815  0.2233006
[1] "Summary by session\n"
  S decTimeL.m decTimeL.s
1 1  1.1764667  0.2376274
2 2  0.9667389  0.1697609
3 3  0.9346333  0.2571177
[1] "Summary by DID\n"
  DID decTimeL.m decTimeL.s
1   1  1.1267389  0.2520027
2   2  1.0224611  0.2567942
3   3  0.9286389  0.1922844
[1] "Summary by group + Session\n"
  grp S decTimeL.m decTimeL.s
1   C 1  1.1066111  0.2249380
2   C 2  0.8715556  0.1241624
3   C 3  0.7590667  0.1245136
4   U 1  1.2463222  0.2315996
5   U 2  1.0619222  0.1560277
6   U 3  1.1102000  0.2348818
[1] "Summary by Session + DID\n"
  S DID decTimeL.m decTimeL.s
1 1   1  1.3588167  0.2265405
2 1   2  1.1719000  0.2070449
3 1   3  0.9986833  0.1094983
4 2   1  1.0493000  0.1519763
5 2   2  0.9413333  0.1393379
6 2   3  0.9095833  0.1866373
7 3   1  0.9721000  0.1839014
8 3   2  0.9541500  0.3245874
9 3   3  0.8776500  0.2418799
[1] "Summary by group + DID\n"
  grp DID decTimeL.m decTimeL.s
1   C   1  1.0506222  0.2557743
2   C   2  0.8938333  0.1674009
3   C   3  0.7927778  0.1336917
4   U   1  1.2028556  0.2262360
5   U   2  1.1510889  0.2674321
6   U   3  1.0645000  0.1384121
[1] "Summary by group + Session + DID\n"
   grp S DID decTimeL.m decTimeL.s
1    C 1   1  1.3045667 0.25364527
2    C 1   2  1.0757333 0.12107493
3    C 1   3  0.9395333 0.08431202
4    C 2   1  0.9779667 0.11715946
5    C 2   2  0.8666333 0.06996695
6    C 2   3  0.7700667 0.08145986
7    C 3   1  0.8693333 0.13259628
8    C 3   2  0.7391333 0.08144180
9    C 3   3  0.6687333 0.04811737
10   U 1   1  1.4130667 0.18885046
11   U 1   2  1.2680667 0.23306819
12   U 1   3  1.0578333 0.10114535
13   U 2   1  1.1206333 0.15235877
14   U 2   2  1.0160333 0.15285351
15   U 2   3  1.0491000 0.15430110
16   U 3   1  1.0748667 0.17275038
17   U 3   2  1.1691667 0.33546640
18   U 3   3  1.0865667 0.15921031
