                  Estimate MCMCmean HPD95lower HPD95upper pMCMC Pr(>|t|)
(Intercept)         0.7367   0.7370     0.7128     0.7618 0.001   0.0000
grp1               -0.0021  -0.0024    -0.0256     0.0235 0.844   0.8332
S1                 -0.0269  -0.0267    -0.0396    -0.0159 0.001   0.0007
S2                  0.0089   0.0088    -0.0029     0.0211 0.166   0.2599
IDR1               -0.0412  -0.0409    -0.0491    -0.0321 0.001   0.0000
IDR2                0.0001  -0.0001    -0.0086     0.0085 0.982   0.9883
IDL1               -0.0505  -0.0504    -0.0605    -0.0382 0.001   0.0000
grp1:S1            -0.0034  -0.0034    -0.0169     0.0084 0.602   0.6606
grp1:S2            -0.0070  -0.0072    -0.0195     0.0045 0.278   0.3721
grp1:IDR1          -0.0080  -0.0080    -0.0163     0.0002 0.054   0.0867
grp1:IDR2           0.0064   0.0066    -0.0022     0.0151 0.124   0.1736
S1:IDR1            -0.0074  -0.0074    -0.0156     0.0008 0.078   0.2088
S2:IDR1            -0.0030  -0.0029    -0.0112     0.0054 0.488   0.6109
S1:IDR2            -0.0034  -0.0035    -0.0119     0.0044 0.400   0.5595
S2:IDR2             0.0070   0.0071    -0.0014     0.0155 0.102   0.2338
grp1:IDL1           0.0045   0.0045    -0.0055     0.0163 0.424   0.5049
S1:IDL1             0.0130   0.0130     0.0077     0.0191 0.001   0.0019
S2:IDL1            -0.0036  -0.0036    -0.0094     0.0025 0.230   0.3913
IDR1:IDL1           0.0297   0.0298     0.0237     0.0356 0.001   0.0000
IDR2:IDL1          -0.0029  -0.0029    -0.0093     0.0025 0.364   0.4892
grp1:S1:IDR1        0.0142   0.0140     0.0056     0.0225 0.002   0.0159
grp1:S2:IDR1       -0.0116  -0.0115    -0.0196    -0.0033 0.008   0.0488
grp1:S1:IDR2       -0.0103  -0.0105    -0.0197    -0.0021 0.020   0.0799
grp1:S2:IDR2       -0.0031  -0.0028    -0.0113     0.0053 0.498   0.5970
grp1:S1:IDL1        0.0016   0.0017    -0.0043     0.0076 0.564   0.7076
grp1:S2:IDL1       -0.0090  -0.0091    -0.0152    -0.0032 0.006   0.0300
grp1:IDR1:IDL1     -0.0003  -0.0003    -0.0065     0.0061 0.934   0.9387
grp1:IDR2:IDL1     -0.0025  -0.0026    -0.0091     0.0030 0.394   0.5427
S1:IDR1:IDL1       -0.0080  -0.0081    -0.0165     0.0003 0.058   0.1740
S2:IDR1:IDL1        0.0057   0.0057    -0.0021     0.0145 0.164   0.3307
S1:IDR2:IDL1        0.0072   0.0074    -0.0012     0.0158 0.104   0.2178
S2:IDR2:IDL1        0.0019   0.0021    -0.0059     0.0102 0.636   0.7506
grp1:S1:IDR1:IDL1   0.0044   0.0043    -0.0042     0.0131 0.360   0.4505
grp1:S2:IDR1:IDL1   0.0026   0.0027    -0.0055     0.0118 0.534   0.6627
grp1:S1:IDR2:IDL1  -0.0003  -0.0003    -0.0081     0.0087 0.932   0.9575
grp1:S2:IDR2:IDL1  -0.0016  -0.0017    -0.0104     0.0075 0.666   0.7819
NULL
       Length Class      Mode
fixed  6      data.frame list
random 7      data.frame list
Analysis of Variance Table
              Df   Sum Sq  Mean Sq F value
grp            1 0.000071 0.000071  0.0440
S              2 0.019624 0.009812  6.1171
IDR            2 0.165231 0.082615 51.5046
IDL            1 0.090630 0.090630 56.5009
grp:S          2 0.002959 0.001480  0.9224
grp:IDR        2 0.005270 0.002635  1.6427
S:IDR          4 0.008773 0.002193  1.3673
grp:IDL        1 0.000714 0.000714  0.4452
S:IDL          2 0.016707 0.008353  5.2078
IDR:IDL        2 0.099560 0.049780 31.0340
grp:S:IDR      4 0.020405 0.005101  3.1802
grp:S:IDL      2 0.008680 0.004340  2.7056
grp:IDR:IDL    2 0.000906 0.000453  0.2825
S:IDR:IDL      4 0.007146 0.001786  1.1137
grp:S:IDR:IDL  4 0.002588 0.000647  0.4033
Linear mixed model fit by REML 
Formula: get(vname) ~ (1 | pp) + (1 | pp/S) + (1 | pp/IDR) + (1 | pp/IDL) +      (1 | pp/S:IDR:IDL) + grp * S * IDR * IDL 
   Data: mdata 
   AIC   BIC logLik deviance REMLdev
 -1310 -1113  701.1    -1716   -1402
Random effects:
 Groups       Name        Variance   Std.Dev. 
 S:IDR:IDL:pp (Intercept) 1.0175e-03 0.0318975
 IDR:pp       (Intercept) 7.0259e-05 0.0083821
 S:pp         (Intercept) 6.6516e-04 0.0257907
 IDL:pp       (Intercept) 7.3123e-04 0.0270412
 pp           (Intercept) 6.5190e-05 0.0080741
 pp           (Intercept) 6.5154e-05 0.0080718
 pp           (Intercept) 6.5212e-05 0.0080754
 pp           (Intercept) 6.5224e-05 0.0080761
 pp           (Intercept) 6.5237e-05 0.0080769
 Residual                 1.6040e-03 0.0400505
Number of obs: 540, groups: S:IDR:IDL:pp, 180; IDR:pp, 30; S:pp, 30; IDL:pp, 20; pp, 10

Fixed effects:
                    Estimate Std. Error t value
(Intercept)        7.367e-01  1.011e-02   72.85
grp1              -2.131e-03  1.011e-02   -0.21
S1                -2.693e-02  7.848e-03   -3.43
S2                 8.852e-03  7.848e-03    1.13
IDR1              -4.120e-02  4.683e-03   -8.80
IDR2               6.848e-05  4.683e-03    0.01
IDL1              -5.053e-02  6.722e-03   -7.52
grp1:S1           -3.448e-03  7.848e-03   -0.44
grp1:S2           -7.011e-03  7.848e-03   -0.89
grp1:IDR1         -8.038e-03  4.683e-03   -1.72
grp1:IDR2          6.381e-03  4.683e-03    1.36
S1:IDR1           -7.391e-03  5.873e-03   -1.26
S2:IDR1           -2.990e-03  5.873e-03   -0.51
S1:IDR2           -3.429e-03  5.873e-03   -0.58
S2:IDR2            7.001e-03  5.873e-03    1.19
grp1:IDL1          4.485e-03  6.722e-03    0.67
S1:IDL1            1.297e-02  4.153e-03    3.12
S2:IDL1           -3.563e-03  4.153e-03   -0.86
IDR1:IDL1          2.966e-02  4.153e-03    7.14
IDR2:IDL1         -2.874e-03  4.153e-03   -0.69
grp1:S1:IDR1       1.421e-02  5.873e-03    2.42
grp1:S2:IDR1      -1.160e-02  5.873e-03   -1.98
grp1:S1:IDR2      -1.031e-02  5.873e-03   -1.75
grp1:S2:IDR2      -3.107e-03  5.873e-03   -0.53
grp1:S1:IDL1       1.558e-03  4.153e-03    0.38
grp1:S2:IDL1      -9.036e-03  4.153e-03   -2.18
grp1:IDR1:IDL1    -3.194e-04  4.153e-03   -0.08
grp1:IDR2:IDL1    -2.529e-03  4.153e-03   -0.61
S1:IDR1:IDL1      -7.995e-03  5.873e-03   -1.36
S2:IDR1:IDL1       5.718e-03  5.873e-03    0.97
S1:IDR2:IDL1       7.246e-03  5.873e-03    1.23
S2:IDR2:IDL1       1.868e-03  5.873e-03    0.32
grp1:S1:IDR1:IDL1  4.436e-03  5.873e-03    0.76
grp1:S2:IDR1:IDL1  2.563e-03  5.873e-03    0.44
grp1:S1:IDR2:IDL1 -3.129e-04  5.873e-03   -0.05
grp1:S2:IDR2:IDL1 -1.626e-03  5.873e-03   -0.28

Correlation of Fixed Effects:
            (Intr) grp1   S1     S2     IDR1   IDR2   IDL1   gr1:S1 gr1:S2
grp1         0.000                                                        
S1           0.000  0.000                                                 
S2           0.000  0.000 -0.500                                          
IDR1         0.000  0.000  0.000  0.000                                   
IDR2         0.000  0.000  0.000  0.000 -0.500                            
IDL1         0.000  0.000  0.000  0.000  0.000  0.000                     
grp1:S1      0.000  0.000  0.000  0.000  0.000  0.000  0.000              
grp1:S2      0.000  0.000  0.000  0.000  0.000  0.000  0.000 -0.500       
grp1:IDR1    0.000  0.000  0.000  0.000  0.000  0.000  0.000  0.000  0.000
grp1:IDR2    0.000  0.000  0.000  0.000  0.000  0.000  0.000  0.000  0.000
S1:IDR1      0.000  0.000  0.000  0.000  0.000  0.000  0.000  0.000  0.000
S2:IDR1      0.000  0.000  0.000  0.000  0.000  0.000  0.000  0.000  0.000
S1:IDR2      0.000  0.000  0.000  0.000  0.000  0.000  0.000  0.000  0.000
S2:IDR2      0.000  0.000  0.000  0.000  0.000  0.000  0.000  0.000  0.000
grp1:IDL1    0.000  0.000  0.000  0.000  0.000  0.000  0.000  0.000  0.000
S1:IDL1      0.000  0.000  0.000  0.000  0.000  0.000  0.000  0.000  0.000
S2:IDL1      0.000  0.000  0.000  0.000  0.000  0.000  0.000  0.000  0.000
IDR1:IDL1    0.000  0.000  0.000  0.000  0.000  0.000  0.000  0.000  0.000
IDR2:IDL1    0.000  0.000  0.000  0.000  0.000  0.000  0.000  0.000  0.000
gr1:S1:IDR1  0.000  0.000  0.000  0.000  0.000  0.000  0.000  0.000  0.000
gr1:S2:IDR1  0.000  0.000  0.000  0.000  0.000  0.000  0.000  0.000  0.000
gr1:S1:IDR2  0.000  0.000  0.000  0.000  0.000  0.000  0.000  0.000  0.000
gr1:S2:IDR2  0.000  0.000  0.000  0.000  0.000  0.000  0.000  0.000  0.000
gr1:S1:IDL1  0.000  0.000  0.000  0.000  0.000  0.000  0.000  0.000  0.000
gr1:S2:IDL1  0.000  0.000  0.000  0.000  0.000  0.000  0.000  0.000  0.000
g1:IDR1:IDL  0.000  0.000  0.000  0.000  0.000  0.000  0.000  0.000  0.000
g1:IDR2:IDL  0.000  0.000  0.000  0.000  0.000  0.000  0.000  0.000  0.000
S1:IDR1:IDL  0.000  0.000  0.000  0.000  0.000  0.000  0.000  0.000  0.000
S2:IDR1:IDL  0.000  0.000  0.000  0.000  0.000  0.000  0.000  0.000  0.000
S1:IDR2:IDL  0.000  0.000  0.000  0.000  0.000  0.000  0.000  0.000  0.000
S2:IDR2:IDL  0.000  0.000  0.000  0.000  0.000  0.000  0.000  0.000  0.000
g1:S1:IDR1:  0.000  0.000  0.000  0.000  0.000  0.000  0.000  0.000  0.000
g1:S2:IDR1:  0.000  0.000  0.000  0.000  0.000  0.000  0.000  0.000  0.000
g1:S1:IDR2:  0.000  0.000  0.000  0.000  0.000  0.000  0.000  0.000  0.000
g1:S2:IDR2:  0.000  0.000  0.000  0.000  0.000  0.000  0.000  0.000  0.000
            gr1:IDR1 gr1:IDR2 S1:IDR1 S2:IDR1 S1:IDR2 S2:IDR2 g1:IDL S1:IDL
grp1                                                                       
S1                                                                         
S2                                                                         
IDR1                                                                       
IDR2                                                                       
IDL1                                                                       
grp1:S1                                                                    
grp1:S2                                                                    
grp1:IDR1                                                                  
grp1:IDR2   -0.500                                                         
S1:IDR1      0.000    0.000                                                
S2:IDR1      0.000    0.000   -0.500                                       
S1:IDR2      0.000    0.000   -0.500   0.250                               
S2:IDR2      0.000    0.000    0.250  -0.500  -0.500                       
grp1:IDL1    0.000    0.000    0.000   0.000   0.000   0.000               
S1:IDL1      0.000    0.000    0.000   0.000   0.000   0.000   0.000       
S2:IDL1      0.000    0.000    0.000   0.000   0.000   0.000   0.000 -0.500
IDR1:IDL1    0.000    0.000    0.000   0.000   0.000   0.000   0.000  0.000
IDR2:IDL1    0.000    0.000    0.000   0.000   0.000   0.000   0.000  0.000
gr1:S1:IDR1  0.000    0.000    0.000   0.000   0.000   0.000   0.000  0.000
gr1:S2:IDR1  0.000    0.000    0.000   0.000   0.000   0.000   0.000  0.000
gr1:S1:IDR2  0.000    0.000    0.000   0.000   0.000   0.000   0.000  0.000
gr1:S2:IDR2  0.000    0.000    0.000   0.000   0.000   0.000   0.000  0.000
gr1:S1:IDL1  0.000    0.000    0.000   0.000   0.000   0.000   0.000  0.000
gr1:S2:IDL1  0.000    0.000    0.000   0.000   0.000   0.000   0.000  0.000
g1:IDR1:IDL  0.000    0.000    0.000   0.000   0.000   0.000   0.000  0.000
g1:IDR2:IDL  0.000    0.000    0.000   0.000   0.000   0.000   0.000  0.000
S1:IDR1:IDL  0.000    0.000    0.000   0.000   0.000   0.000   0.000  0.000
S2:IDR1:IDL  0.000    0.000    0.000   0.000   0.000   0.000   0.000  0.000
S1:IDR2:IDL  0.000    0.000    0.000   0.000   0.000   0.000   0.000  0.000
S2:IDR2:IDL  0.000    0.000    0.000   0.000   0.000   0.000   0.000  0.000
g1:S1:IDR1:  0.000    0.000    0.000   0.000   0.000   0.000   0.000  0.000
g1:S2:IDR1:  0.000    0.000    0.000   0.000   0.000   0.000   0.000  0.000
g1:S1:IDR2:  0.000    0.000    0.000   0.000   0.000   0.000   0.000  0.000
g1:S2:IDR2:  0.000    0.000    0.000   0.000   0.000   0.000   0.000  0.000
            S2:IDL IDR1:I IDR2:I gr1:S1:IDR1 gr1:S2:IDR1 gr1:S1:IDR2
grp1                                                                
S1                                                                  
S2                                                                  
IDR1                                                                
IDR2                                                                
IDL1                                                                
grp1:S1                                                             
grp1:S2                                                             
grp1:IDR1                                                           
grp1:IDR2                                                           
S1:IDR1                                                             
S2:IDR1                                                             
S1:IDR2                                                             
S2:IDR2                                                             
grp1:IDL1                                                           
S1:IDL1                                                             
S2:IDL1                                                             
IDR1:IDL1    0.000                                                  
IDR2:IDL1    0.000 -0.500                                           
gr1:S1:IDR1  0.000  0.000  0.000                                    
gr1:S2:IDR1  0.000  0.000  0.000 -0.500                             
gr1:S1:IDR2  0.000  0.000  0.000 -0.500       0.250                 
gr1:S2:IDR2  0.000  0.000  0.000  0.250      -0.500      -0.500     
gr1:S1:IDL1  0.000  0.000  0.000  0.000       0.000       0.000     
gr1:S2:IDL1  0.000  0.000  0.000  0.000       0.000       0.000     
g1:IDR1:IDL  0.000  0.000  0.000  0.000       0.000       0.000     
g1:IDR2:IDL  0.000  0.000  0.000  0.000       0.000       0.000     
S1:IDR1:IDL  0.000  0.000  0.000  0.000       0.000       0.000     
S2:IDR1:IDL  0.000  0.000  0.000  0.000       0.000       0.000     
S1:IDR2:IDL  0.000  0.000  0.000  0.000       0.000       0.000     
S2:IDR2:IDL  0.000  0.000  0.000  0.000       0.000       0.000     
g1:S1:IDR1:  0.000  0.000  0.000  0.000       0.000       0.000     
g1:S2:IDR1:  0.000  0.000  0.000  0.000       0.000       0.000     
g1:S1:IDR2:  0.000  0.000  0.000  0.000       0.000       0.000     
g1:S2:IDR2:  0.000  0.000  0.000  0.000       0.000       0.000     
            gr1:S2:IDR2 g1:S1:IDL g1:S2:IDL g1:IDR1: g1:IDR2: S1:IDR1: S2:IDR1:
grp1                                                                           
S1                                                                             
S2                                                                             
IDR1                                                                           
IDR2                                                                           
IDL1                                                                           
grp1:S1                                                                        
grp1:S2                                                                        
grp1:IDR1                                                                      
grp1:IDR2                                                                      
S1:IDR1                                                                        
S2:IDR1                                                                        
S1:IDR2                                                                        
S2:IDR2                                                                        
grp1:IDL1                                                                      
S1:IDL1                                                                        
S2:IDL1                                                                        
IDR1:IDL1                                                                      
IDR2:IDL1                                                                      
gr1:S1:IDR1                                                                    
gr1:S2:IDR1                                                                    
gr1:S1:IDR2                                                                    
gr1:S2:IDR2                                                                    
gr1:S1:IDL1  0.000                                                             
gr1:S2:IDL1  0.000      -0.500                                                 
g1:IDR1:IDL  0.000       0.000     0.000                                       
g1:IDR2:IDL  0.000       0.000     0.000    -0.500                             
S1:IDR1:IDL  0.000       0.000     0.000     0.000    0.000                    
S2:IDR1:IDL  0.000       0.000     0.000     0.000    0.000   -0.500           
S1:IDR2:IDL  0.000       0.000     0.000     0.000    0.000   -0.500    0.250  
S2:IDR2:IDL  0.000       0.000     0.000     0.000    0.000    0.250   -0.500  
g1:S1:IDR1:  0.000       0.000     0.000     0.000    0.000    0.000    0.000  
g1:S2:IDR1:  0.000       0.000     0.000     0.000    0.000    0.000    0.000  
g1:S1:IDR2:  0.000       0.000     0.000     0.000    0.000    0.000    0.000  
g1:S2:IDR2:  0.000       0.000     0.000     0.000    0.000    0.000    0.000  
            S1:IDR2: S2:IDR2: g1:S1:IDR1: g1:S2:IDR1: g1:S1:IDR2:
grp1                                                             
S1                                                               
S2                                                               
IDR1                                                             
IDR2                                                             
IDL1                                                             
grp1:S1                                                          
grp1:S2                                                          
grp1:IDR1                                                        
grp1:IDR2                                                        
S1:IDR1                                                          
S2:IDR1                                                          
S1:IDR2                                                          
S2:IDR2                                                          
grp1:IDL1                                                        
S1:IDL1                                                          
S2:IDL1                                                          
IDR1:IDL1                                                        
IDR2:IDL1                                                        
gr1:S1:IDR1                                                      
gr1:S2:IDR1                                                      
gr1:S1:IDR2                                                      
gr1:S2:IDR2                                                      
gr1:S1:IDL1                                                      
gr1:S2:IDL1                                                      
g1:IDR1:IDL                                                      
g1:IDR2:IDL                                                      
S1:IDR1:IDL                                                      
S2:IDR1:IDL                                                      
S1:IDR2:IDL                                                      
S2:IDR2:IDL -0.500                                               
g1:S1:IDR1:  0.000    0.000                                      
g1:S2:IDR1:  0.000    0.000   -0.500                             
g1:S1:IDR2:  0.000    0.000   -0.500       0.250                 
g1:S2:IDR2:  0.000    0.000    0.250      -0.500      -0.500     
