[1] "Summary by group"
  grp     q2L.m      q2L.s
1   C 0.7345879 0.09623661
2   U 0.7388503 0.09170661
[1] "Summary by session\n"
  S     q2L.m      q2L.s
1 1 0.7097907 0.08668584
2 2 0.7455711 0.09373646
3 3 0.7547954 0.09556633
[1] "Summary by IDR+IDR\n"
  IDL IDR     q2L.m      q2L.s
1   D   D 0.6746586 0.06012735
2   D   M 0.6833868 0.07212731
3   D   E 0.7005317 0.06085141
4   E   D 0.7163891 0.06829949
5   E   M 0.7901883 0.07176427
6   E   E 0.8551600 0.07425453
[1] "Summary by group + Session\n"
  grp S     q2L.m      q2L.s
1   C 1 0.7042116 0.09085815
2   C 2 0.7364287 0.10142357
3   C 3 0.7631233 0.08769661
4   U 1 0.7153699 0.08243266
5   U 2 0.7547134 0.08494696
6   U 3 0.7464676 0.10265234
[1] "Summary by Session + IDR + IDL \n"
   S IDL IDR     q2L.m      q2L.s
1  1   D   D 0.6453143 0.04979986
2  1   D   M 0.6732463 0.06377052
3  1   D   E 0.6981437 0.05164000
4  1   E   D 0.6770937 0.06386739
5  1   E   M 0.7396133 0.07254801
6  1   E   E 0.8253330 0.07853491
7  2   D   D 0.6826757 0.06254007
8  2   D   M 0.6975443 0.06482786
9  2   D   E 0.6942227 0.06330126
10 2   E   D 0.7200963 0.05554407
11 2   E   M 0.8077377 0.06262585
12 2   E   E 0.8711497 0.07012108
13 3   D   D 0.6959857 0.05723759
14 3   D   M 0.6793697 0.08582588
15 3   D   E 0.7092287 0.06756474
16 3   E   D 0.7519773 0.06503994
17 3   E   M 0.8232140 0.05027290
18 3   E   E 0.8689973 0.06673737
[1] "Summary by group + IDR + IDL\n"
   grp IDL IDR     q2L.m      q2L.s
1    C   D   D 0.6686549 0.06525905
2    C   D   M 0.6895920 0.07192025
3    C   D   E 0.7073918 0.07004192
4    C   E   D 0.7020540 0.07106186
5    C   E   M 0.7924822 0.08042864
6    C   E   E 0.8473522 0.07731357
7    U   D   D 0.6806622 0.05459205
8    U   D   M 0.6771816 0.07260613
9    U   D   E 0.6936716 0.04987798
10   U   E   D 0.7307242 0.06297253
11   U   E   M 0.7878944 0.06275142
12   U   E   E 0.8629678 0.07106828
[1] "Summary by group + Session + IDR + IDL\n"
   grp S IDL IDR     q2L.m      q2L.s
1    C 1   D   D 0.6560653 0.05502714
2    C 1   D   M 0.6669440 0.06903963
3    C 1   D   E 0.6950880 0.05160821
4    C 1   E   D 0.6675253 0.07496645
5    C 1   E   M 0.7269087 0.09175428
6    C 1   E   E 0.8127380 0.09648156
7    C 2   D   D 0.6515887 0.06398328
8    C 2   D   M 0.6829693 0.06998082
9    C 2   D   E 0.6988060 0.07304280
10   C 2   E   D 0.6936227 0.04276158
11   C 2   E   M 0.8105753 0.05545831
12   C 2   E   E 0.8810100 0.06018778
13   C 3   D   D 0.6983107 0.06956014
14   C 3   D   M 0.7188627 0.07126137
15   C 3   D   E 0.7282813 0.08192113
16   C 3   E   D 0.7450140 0.07135334
17   C 3   E   M 0.8399627 0.03824583
18   C 3   E   E 0.8483087 0.05793396
19   U 1   D   D 0.6345633 0.04314545
20   U 1   D   M 0.6795487 0.05976833
21   U 1   D   E 0.7011993 0.05329578
22   U 1   E   D 0.6866620 0.05131563
23   U 1   E   M 0.7523180 0.04623471
24   U 1   E   E 0.8379280 0.05592311
25   U 2   D   D 0.7137627 0.04401335
26   U 2   D   M 0.7121193 0.05790483
27   U 2   D   E 0.6896393 0.05403750
28   U 2   E   D 0.7465700 0.05531971
29   U 2   E   M 0.8049000 0.07093136
30   U 2   E   E 0.8612893 0.07971344
31   U 3   D   D 0.6936607 0.04400111
32   U 3   D   M 0.6398767 0.08269172
33   U 3   D   E 0.6901760 0.04435225
34   U 3   E   D 0.7589407 0.05972724
35   U 3   E   M 0.8064653 0.05631521
36   U 3   E   E 0.8896860 0.07037298
