[1] "IPerfEf ~(S*ID*grp)+Error(pp/(S*ID))+grp"
$ANOVA
    Effect DFn DFd            F            p p<.05          ges
2      grp   1   8 2.329238e-01 6.422934e-01       1.352817e-02
3        S   2  16 2.813294e+01 5.774225e-06     * 2.580686e-01
5       ID   1   8 4.035323e+01 2.200392e-04     * 6.475655e-01
4    grp:S   2  16 5.036102e-01 6.136110e-01       6.188068e-03
6   grp:ID   1   8 1.104022e-04 9.918739e-01       5.026926e-06
7     S:ID   2  16 1.764745e+01 8.961213e-05     * 1.267751e-01
8 grp:S:ID   2  16 5.701177e-01 5.765349e-01       4.668297e-03

$`Mauchly's Test for Sphericity`
    Effect         W         p p<.05
3        S 0.9563923 0.8555124      
4    grp:S 0.9563923 0.8555124      
7     S:ID 0.7033937 0.2918734      
8 grp:S:ID 0.7033937 0.2918734      

$`Sphericity Corrections`
    Effect       GGe        p[GG] p[GG]<.05       HFe        p[HF] p[HF]<.05
3        S 0.9582145 8.613223e-06         * 1.2531999 5.774225e-06         *
4    grp:S 0.9582145 6.063367e-01           1.2531999 6.136110e-01          
7     S:ID 0.7712441 4.406431e-04         * 0.9200443 1.560705e-04         *
8 grp:S:ID 0.7712441 5.367129e-01           0.9200443 5.636835e-01          

