[1] "Summary by group"
  grp IPerfEf.m IPerfEf.s
1   C  8.168611  4.298514
2   U  7.665979  3.776969
[1] "Summary by session\n"
  S IPerfEf.m IPerfEf.s
1 1  6.163992  2.365039
2 2  8.481825  4.465869
3 3  9.106068  4.377151
[1] "Summary by ID\n"
  ID IPerfEf.m IPerfEf.s
1  D  5.008281 0.8194552
2  E 10.826309 3.8838205
[1] "Summary by group + Session\n"
  grp S IPerfEf.m IPerfEf.s
1   C 1  6.192343  2.447642
2   C 2  8.768920  4.563010
3   C 3  9.544570  4.849977
4   U 1  6.135640  2.321008
5   U 2  8.194730  4.425393
6   U 3  8.667567  3.880652
[1] "Summary by Session + ID\n"
  S ID IPerfEf.m IPerfEf.s
1 1  D  4.404047 0.4678148
2 1  E  7.923937 2.1800039
3 2  D  5.110950 0.8272506
4 2  E 11.852700 4.0474827
5 3  D  5.509847 0.7133028
6 3  E 12.702290 3.4224591
[1] "Summary by group + ID\n"
  grp ID IPerfEf.m IPerfEf.s
1   C  D  5.264409 0.9116730
2   C  E 11.072813 4.3921597
3   U  D  4.752153 0.6268515
4   U  E 10.579804 3.3310036
[1] "Summary by group + Session + ID\n"
   grp S ID IPerfEf.m IPerfEf.s
1    C 1  D  4.522953 0.3762086
2    C 1  E  7.861733 2.5092722
3    C 2  D  5.523960 0.9277409
4    C 2  E 12.013880 4.4390156
5    C 3  D  5.746313 0.8366115
6    C 3  E 13.342827 4.1364633
7    U 1  D  4.285140 0.5305689
8    U 1  E  7.986140 1.8813702
9    U 2  D  4.697940 0.4374276
10   U 2  E 11.691520 3.7648179
11   U 3  D  5.273380 0.4839471
12   U 3  E 12.061753 2.5047149
