[1] "IPerfL ~(S*DID*grp)+Error(pp/(S*DID))+grp"
$ANOVA
     Effect DFn DFd          F            p p<.05        ges
2       grp   1   8 12.9989690 6.927686e-03     * 0.36170514
3         S   2  16 16.0189953 1.514542e-04     * 0.35595915
5       DID   2  16 18.7544826 6.390685e-05     * 0.25990736
4     grp:S   2  16  3.0894846 7.335488e-02       0.09632715
6   grp:DID   2  16  4.7346348 2.425649e-02     * 0.08143718
7     S:DID   4  32  0.8765731 4.888072e-01       0.02410504
8 grp:S:DID   4  32  1.4437658 2.423497e-01       0.03909263

$`Mauchly's Test for Sphericity`
     Effect          W          p p<.05
3         S 0.78779362 0.43395391      
4     grp:S 0.78779362 0.43395391      
5       DID 0.47528800 0.07401998      
6   grp:DID 0.47528800 0.07401998      
7     S:DID 0.03547743 0.01348879     *
8 grp:S:DID 0.03547743 0.01348879     *

$`Sphericity Corrections`
     Effect       GGe        p[GG] p[GG]<.05       HFe        p[HF] p[HF]<.05
3         S 0.8249420 0.0004688244         * 1.0117104 0.0001514542         *
4     grp:S 0.8249420 0.0864623363           1.0117104 0.0733548789          
5       DID 0.6558616 0.0007899976         * 0.7330370 0.0004477318         *
6   grp:DID 0.6558616 0.0457936308         * 0.7330370 0.0396693953         *
7     S:DID 0.4791067 0.4318249532           0.6265989 0.4531417112          
8 grp:S:DID 0.4791067 0.2657932889           0.6265989 0.2604558076          

