[1] "peakVelLrel ~S*IDR*IDL*grp + Error(pp/(S*IDR*IDL))"
$ANOVA
          Effect DFn DFd          F            p p<.05         ges
2            grp   1   8  0.2781327 6.122361e-01       0.013926572
3              S   2  16  0.3673415 6.982645e-01       0.004446390
5            IDR   2  16 22.5821214 2.192699e-05     * 0.049020468
7            IDL   1   8 28.1282985 7.252212e-04     * 0.317050851
4          grp:S   2  16  1.1769251 3.335358e-01       0.014107538
6        grp:IDR   2  16  3.4317745 5.751892e-02       0.007772692
8        grp:IDL   1   8  0.4905644 5.035325e-01       0.008031397
9          S:IDR   4  32  0.9445550 4.510146e-01       0.008924446
11         S:IDL   2  16  0.2372678 7.915064e-01       0.005268507
13       IDR:IDL   2  16  5.3583162 1.654650e-02     * 0.020902296
10     grp:S:IDR   4  32  1.0307702 4.064917e-01       0.009731107
12     grp:S:IDL   2  16  0.3469492 7.120291e-01       0.007685256
14   grp:IDR:IDL   2  16  1.5159354 2.495215e-01       0.006003509
15     S:IDR:IDL   4  32  0.4307098 7.853563e-01       0.003192447
16 grp:S:IDR:IDL   4  32  0.3435901 8.464629e-01       0.002548356

$`Mauchly's Test for Sphericity`
          Effect         W          p p<.05
3              S 0.9685636 0.89422836      
4          grp:S 0.9685636 0.89422836      
5            IDR 0.8381060 0.53894738      
6        grp:IDR 0.8381060 0.53894738      
9          S:IDR 0.1924536 0.32412600      
10     grp:S:IDR 0.1924536 0.32412600      
11         S:IDL 0.8085896 0.47538830      
12     grp:S:IDL 0.8085896 0.47538830      
13       IDR:IDL 0.4471986 0.05980693      
14   grp:IDR:IDL 0.4471986 0.05980693      
15     S:IDR:IDL 0.2749624 0.52266977      
16 grp:S:IDR:IDL 0.2749624 0.52266977      

$`Sphericity Corrections`
          Effect       GGe        p[GG] p[GG]<.05       HFe        p[HF]
3              S 0.9695217 0.6921302022           1.2746660 6.982645e-01
4          grp:S 0.9695217 0.3328389726           1.2746660 3.335358e-01
5            IDR 0.8606637 0.0000696686         * 1.0744267 2.192699e-05
6        grp:IDR 0.8606637 0.0673180934           1.0744267 5.751892e-02
9          S:IDR 0.5824555 0.4193044865           0.8363229 4.409985e-01
10     grp:S:IDR 0.5824555 0.3862901344           0.8363229 4.006037e-01
11         S:IDL 0.8393413 0.7544250267           1.0368206 7.915064e-01
12     grp:S:IDL 0.8393413 0.6766540032           1.0368206 7.120291e-01
13       IDR:IDL 0.6439974 0.0358981348         * 0.7145370 3.074882e-02
14   grp:IDR:IDL 0.6439974 0.2546446470           0.7145370 2.543306e-01
15     S:IDR:IDL 0.6744449 0.7131927785           1.0505041 7.853563e-01
16 grp:S:IDR:IDL 0.6744449 0.7736507723           1.0505041 8.464629e-01
   p[HF]<.05
3           
4           
5          *
6           
9           
10          
11          
12          
13         *
14          
15          
16          

