[1] "Summary by group"
  grp peakVelLrel.m peakVelLrel.s
1   C     0.9909087    0.09764925
2   U     0.9721369    0.12067412
[1] "Summary by session\n"
  S peakVelLrel.m peakVelLrel.s
1 1     0.9750513     0.1142309
2 2     0.9879799     0.1051925
3 3     0.9815373     0.1108211
[1] "Summary by IDR+IDR\n"
  IDL IDR peakVelLrel.m peakVelLrel.s
1   D   D     1.0630575    0.09705448
2   D   M     1.0472785    0.08248377
3   D   E     0.9956677    0.08951708
4   E   D     0.9404252    0.09603658
5   E   M     0.9220591    0.11762892
6   E   E     0.9206489    0.07579313
[1] "Summary by group + Session\n"
  grp S peakVelLrel.m peakVelLrel.s
1   C 1     0.9796678    0.08484603
2   C 2     0.9889420    0.10805067
3   C 3     1.0041163    0.09817596
4   U 1     0.9704348    0.13784788
5   U 2     0.9870178    0.10285145
6   U 3     0.9589582    0.11845263
[1] "Summary by Session + IDR + IDL \n"
   S IDL IDR peakVelLrel.m peakVelLrel.s
1  1   D   D     1.0603330    0.11726799
2  1   D   M     1.0295113    0.11078626
3  1   D   E     0.9727773    0.09267417
4  1   E   D     0.9507405    0.10394512
5  1   E   M     0.9289189    0.09936452
6  1   E   E     0.9080266    0.08480953
7  2   D   D     1.0679556    0.10489989
8  2   D   M     1.0584072    0.07055052
9  2   D   E     1.0071018    0.10229945
10 2   E   D     0.9336556    0.08880469
11 2   E   M     0.9368975    0.08561467
12 2   E   E     0.9238617    0.06713224
13 3   D   D     1.0608840    0.06414972
14 3   D   M     1.0539170    0.05593467
15 3   D   E     1.0071239    0.06874466
16 3   E   D     0.9368793    0.09717917
17 3   E   M     0.9003610    0.15651602
18 3   E   E     0.9300584    0.07525620
[1] "Summary by group + IDR + IDL\n"
   grp IDL IDR peakVelLrel.m peakVelLrel.s
1    C   D   D     1.0501724    0.07508751
2    C   D   M     1.0571002    0.07889787
3    C   D   E     1.0055693    0.08258563
4    C   E   D     0.9554093    0.08968291
5    C   E   M     0.9485482    0.09622192
6    C   E   E     0.9286526    0.08324710
7    U   D   D     1.0759426    0.11434811
8    U   D   M     1.0374568    0.08567135
9    U   D   E     0.9857661    0.09585306
10   U   E   D     0.9254410    0.10076399
11   U   E   M     0.8955700    0.13150550
12   U   E   E     0.9126452    0.06751775
[1] "Summary by group + Session + IDR + IDL\n"
   grp S IDL IDR peakVelLrel.m peakVelLrel.s
1    C 1   D   D     1.0243881    0.05768791
2    C 1   D   M     1.0337341    0.09663815
3    C 1   D   E     0.9722197    0.05654973
4    C 1   E   D     0.9707330    0.07365149
5    C 1   E   M     0.9532822    0.09281849
6    C 1   E   E     0.9236494    0.07957244
7    C 2   D   D     1.0703470    0.08324431
8    C 2   D   M     1.0585435    0.07990316
9    C 2   D   E     1.0123487    0.09970922
10   C 2   E   D     0.9460305    0.09056104
11   C 2   E   M     0.9374037    0.10945083
12   C 2   E   E     0.9089785    0.07896335
13   C 3   D   D     1.0557822    0.07924785
14   C 3   D   M     1.0790229    0.05232880
15   C 3   D   E     1.0321396    0.07936252
16   C 3   E   D     0.9494645    0.10615335
17   C 3   E   M     0.9549587    0.09111952
18   C 3   E   E     0.9533299    0.09010694
19   U 1   D   D     1.0962779    0.14963052
20   U 1   D   M     1.0252884    0.12667570
21   U 1   D   E     0.9733349    0.12079707
22   U 1   E   D     0.9307480    0.12688535
23   U 1   E   M     0.9045555    0.10278441
24   U 1   E   E     0.8924038    0.08968996
25   U 2   D   D     1.0655642    0.12590514
26   U 2   D   M     1.0582709    0.06265560
27   U 2   D   E     1.0018550    0.10805993
28   U 2   E   D     0.9212808    0.08835383
29   U 2   E   M     0.9363913    0.05659745
30   U 2   E   E     0.9387450    0.05123972
31   U 3   D   D     1.0659859    0.04677945
32   U 3   D   M     1.0288112    0.04890699
33   U 3   D   E     0.9821083    0.04636640
34   U 3   E   D     0.9242942    0.08918637
35   U 3   E   M     0.8457632    0.18987862
36   U 3   E   E     0.9067868    0.04951533
