[1] "Summary by group"
  grp      f.m       f.s
1   C 1.056478 0.7151643
2   U 1.015242 0.6573699
[1] "Summary by session\n"
  S       f.m       f.s
1 1 0.8409331 0.5014074
2 2 1.0867528 0.7098752
3 3 1.1798941 0.7775794
[1] "Summary by ID\n"
  ID       f.m        f.s
1  D 0.4772562 0.08284398
2  M 0.8792156 0.23911241
3  E 1.7511082 0.70729066
[1] "Summary by group + Session\n"
  grp S       f.m       f.s
1   C 1 0.8420869 0.5338011
2   C 2 1.1027342 0.7126640
3   C 3 1.2246120 0.8286656
4   U 1 0.8397793 0.4728490
5   U 2 1.0707713 0.7147630
6   U 3 1.1351762 0.7295370
[1] "Summary by Session + ID\n"
  S ID       f.m        f.s
1 1  D 0.4417137 0.07418640
2 1  M 0.7240443 0.14613719
3 1  E 1.3570413 0.53865395
4 2  D 0.4779287 0.07256729
5 2  M 0.8990963 0.23520809
6 2  E 1.8832333 0.64015534
7 3  D 0.5121263 0.08790850
8 3  M 1.0145060 0.23353046
9 3  E 2.0130500 0.76527903
[1] "Summary by group + ID\n"
  grp ID       f.m        f.s
1   C  D 0.4922198 0.08746652
2   C  M 0.9083742 0.27511798
3   C  E 1.7688391 0.77925589
4   U  D 0.4622927 0.07598582
5   U  M 0.8500569 0.19549914
6   U  E 1.7333773 0.63561537
[1] "Summary by group + Session + ID\n"
   grp S ID       f.m        f.s
1    C 1  D 0.4425760 0.08258267
2    C 1  M 0.7228047 0.14512163
3    C 1  E 1.3608800 0.62692252
4    C 2  D 0.5028200 0.08119906
5    C 2  M 0.9386253 0.28593717
6    C 2  E 1.8667573 0.68409536
7    C 3  D 0.5312633 0.07897270
8    C 3  M 1.0636927 0.26709356
9    C 3  E 2.0788800 0.86940591
10   U 1  D 0.4408513 0.06766735
11   U 1  M 0.7252840 0.15223013
12   U 1  E 1.3532027 0.45602369
13   U 2  D 0.4530373 0.05465540
14   U 2  M 0.8595673 0.17172349
15   U 2  E 1.8997093 0.61668542
16   U 3  D 0.4929893 0.09479634
17   U 3  M 0.9653193 0.19090617
18   U 3  E 1.9472200 0.66931561
