[1] "CircularityR ~(S*DID*grp)+Error(pp/(S*DID))+grp"
$ANOVA
     Effect DFn DFd         F           p p<.05         ges
2       grp   1   8 0.9533557 0.357463873       0.032130377
3         S   2  16 6.4053665 0.009047434     * 0.174263320
5       DID   2  16 0.3491865 0.710504119       0.007703494
4     grp:S   2  16 0.6333744 0.543594789       0.020441434
6   grp:DID   2  16 1.7628570 0.203284603       0.037714626
7     S:DID   4  32 1.9151186 0.131959681       0.062816640
8 grp:S:DID   4  32 1.7043242 0.173348643       0.056291709

$`Mauchly's Test for Sphericity`
     Effect          W          p p<.05
3         S 0.48687020 0.08052786      
4     grp:S 0.48687020 0.08052786      
5       DID 0.69973704 0.28659725      
6   grp:DID 0.69973704 0.28659725      
7     S:DID 0.06252727 0.04386037     *
8 grp:S:DID 0.06252727 0.04386037     *

$`Sphericity Corrections`
     Effect       GGe      p[GG] p[GG]<.05       HFe      p[HF] p[HF]<.05
3         S 0.6608818 0.02262656         * 0.7409047 0.01819095         *
4     grp:S 0.6608818 0.48671157           0.7409047 0.50228493          
5       DID 0.7690752 0.65749574           0.9164059 0.69293669          
6   grp:DID 0.7690752 0.21301747           0.9164059 0.20693501          
7     S:DID 0.5206455 0.17741483           0.7073709 0.15822238          
8 grp:S:DID 0.5206455 0.21164415           0.7073709 0.19627257          

