[1] "Summary by group"
  grp CircularityR.m CircularityR.s
1   C      0.8458672     0.03541166
2   U      0.8364568     0.03930027
[1] "Summary by session\n"
  S CircularityR.m CircularityR.s
1 1      0.8245433     0.03410593
2 2      0.8474774     0.03968559
3 3      0.8514652     0.03339915
[1] "Summary by DID\n"
  DID CircularityR.m CircularityR.s
1   1      0.8425180     0.03971101
2   2      0.8430112     0.03995215
3   3      0.8379568     0.03304216
[1] "Summary by group + Session\n"
  grp S CircularityR.m CircularityR.s
1   C 1      0.8240911     0.03336284
2   C 2      0.8537991     0.03062881
3   C 3      0.8597113     0.03197523
4   U 1      0.8249956     0.03520466
5   U 2      0.8411558     0.04653837
6   U 3      0.8432191     0.03308860
[1] "Summary by Session + DID\n"
  S DID CircularityR.m CircularityR.s
1 1   1      0.8191830     0.04119142
2 1   2      0.8207433     0.03566561
3 1   3      0.8337037     0.02167094
4 2   1      0.8565310     0.03465280
5 2   2      0.8504590     0.04279558
6 2   3      0.8354423     0.03946327
7 3   1      0.8518400     0.03295101
8 3   2      0.8578313     0.03158415
9 3   3      0.8447243     0.03536999
[1] "Summary by group + DID\n"
  grp DID CircularityR.m CircularityR.s
1   C   1      0.8419698     0.03747709
2   C   2      0.8546451     0.03450689
3   C   3      0.8409867     0.03324151
4   U   1      0.8430662     0.04224479
5   U   2      0.8313773     0.04196490
6   U   3      0.8349269     0.03293335
[1] "Summary by group + Session + DID\n"
   grp S DID CircularityR.m CircularityR.s
1    C 1   1      0.8177013     0.03430015
2    C 1   2      0.8247067     0.04033593
3    C 1   3      0.8298653     0.02479692
4    C 2   1      0.8646320     0.02320239
5    C 2   2      0.8644713     0.01701267
6    C 2   3      0.8322940     0.03711252
7    C 3   1      0.8435760     0.03892741
8    C 3   2      0.8747573     0.01812966
9    C 3   3      0.8608007     0.02909484
10   U 1   1      0.8206647     0.04830588
11   U 1   2      0.8167800     0.03121351
12   U 1   3      0.8375420     0.01806507
13   U 2   1      0.8484300     0.04252562
14   U 2   2      0.8364467     0.05552991
15   U 2   3      0.8385907     0.04274762
16   U 3   1      0.8601040     0.02423645
17   U 3   2      0.8409053     0.03352285
18   U 3   3      0.8286480     0.03451238
