[1] "accTimeRrel ~(S*IDR*IDL*grp)+Error(pp/(S*IDR*IDL))+grp"
$ANOVA
          Effect DFn DFd          F            p p<.05         ges
2            grp   1   8  0.9995831 3.466884e-01       0.048519807
3              S   2  16  0.6584682 5.311184e-01       0.009198195
4          grp:S   2  16  0.9298907 4.149070e-01       0.012940653
5            IDR   2  16 11.2031319 9.072843e-04     * 0.096123861
6        grp:IDR   2  16  0.4030227 6.748940e-01       0.003811132
7            IDL   1   8  1.9275831 2.024581e-01       0.009777933
8        grp:IDL   1   8  1.4405138 2.643885e-01       0.007325305
9          S:IDR   4  32 11.1146514 9.131986e-06     * 0.109350484
10     grp:S:IDR   4  32  1.8059962 1.519894e-01       0.019559428
11         S:IDL   2  16  5.3602808 1.652704e-02     * 0.034644644
12     grp:S:IDL   2  16  0.2574555 7.761577e-01       0.001720741
13       IDR:IDL   2  16  9.4204379 1.978096e-03     * 0.092189358
14   grp:IDR:IDL   2  16  0.2340398 7.939921e-01       0.002516575
15     S:IDR:IDL   4  32  0.4960145 7.387161e-01       0.008239430
16 grp:S:IDR:IDL   4  32  0.3509405 8.414142e-01       0.005843650

$`Mauchly's Test for Sphericity`
          Effect          W          p p<.05
3              S 0.70733067 0.29763138      
4          grp:S 0.70733067 0.29763138      
5            IDR 0.22914159 0.00575922     *
6        grp:IDR 0.22914159 0.00575922     *
9          S:IDR 0.43688250 0.81473901      
10     grp:S:IDR 0.43688250 0.81473901      
11         S:IDL 0.84421850 0.55283054      
12     grp:S:IDL 0.84421850 0.55283054      
13       IDR:IDL 0.56637642 0.13673134      
14   grp:IDR:IDL 0.56637642 0.13673134      
15     S:IDR:IDL 0.05082273 0.02927130     *
16 grp:S:IDR:IDL 0.05082273 0.02927130     *

$`Sphericity Corrections`
          Effect       GGe        p[GG] p[GG]<.05       HFe        p[HF]
3              S 0.7735930 0.4972760431           0.9239903 5.206525e-01
4          grp:S 0.7735930 0.3966955885           0.9239903 4.094198e-01
5            IDR 0.5646979 0.0073732049         * 0.5941662 6.385417e-03
6        grp:IDR 0.5646979 0.5659665651           0.5941662 5.755312e-01
9          S:IDR 0.7351176 0.0001046294         * 1.2088195 9.131986e-06
10     grp:S:IDR 0.7351176 0.1743381680           1.2088195 1.519894e-01
11         S:IDL 0.8652154 0.0221161475         * 1.0825208 1.652704e-02
12     grp:S:IDL 0.8652154 0.7456417910           1.0825208 7.761577e-01
13       IDR:IDL 0.6975332 0.0067775046         * 0.7990691 4.470815e-03
14   grp:IDR:IDL 0.6975332 0.7163219705           0.7990691 7.462465e-01
15     S:IDR:IDL 0.4225545 0.5891375386           0.5234714 6.259306e-01
16 grp:S:IDR:IDL 0.4225545 0.6754303142           0.5234714 7.184928e-01
   p[HF]<.05
3           
4           
5          *
6           
9          *
10          
11         *
12          
13         *
14          
15          
16          

