            Estimate MCMCmean HPD95lower HPD95upper pMCMC Pr(>|t|)
(Intercept)   7.9173   7.9085     7.1370     8.8279 0.001   0.0000
grp1          0.2513   0.2477    -0.6753     1.0614 0.548   0.6300
S1           -1.7533  -1.7437    -2.1345    -1.3639 0.001   0.0000
S2            0.5645   0.5608     0.1845     0.9362 0.004   0.0191
ID1          -2.9090  -2.9075    -3.4027    -2.4329 0.001   0.0000
grp1:S1      -0.2230  -0.2177    -0.6020     0.1872 0.296   0.3515
grp1:S2       0.0358   0.0323    -0.3547     0.3800 0.850   0.8810
grp1:ID1      0.0048   0.0123    -0.4368     0.5168 0.950   0.9916
S1:ID1        1.1491   1.1510     0.8554     1.4442 0.001   0.0000
S2:ID1       -0.4619  -0.4631    -0.7478    -0.1546 0.001   0.0188
grp1:S1:ID1   0.0857   0.0848    -0.2451     0.3554 0.556   0.6601
grp1:S2:ID1   0.1211   0.1258    -0.1651     0.4417 0.396   0.5347
Analysis of Variance Table
         Df Sum Sq Mean Sq F value
grp       1  0.278   0.278  0.2318
S         2 67.567  33.783 28.1329
ID        1 48.458  48.458 40.3532
grp:S     2  1.210   0.605  0.5036
grp:ID    1  0.000   0.000  0.0001
S:ID      2 42.384  21.192 17.6475
grp:S:ID  2  1.369   0.685  0.5701
Linear mixed model fit by REML 
Formula: IPerfEf ~ (1 | pp) + (1 | pp/S) + (1 | pp/ID) + (1 | pp/S:ID) +      grp * S * ID 
   Data: mdata 
   AIC   BIC logLik deviance REMLdev
 702.6 766.4 -331.3    652.8   662.6
Random effects:
 Groups   Name        Variance Std.Dev.
 S:ID:pp  (Intercept) 0.73639  0.85813 
 S:pp     (Intercept) 0.28582  0.53462 
 ID:pp    (Intercept) 3.81525  1.95327 
 pp       (Intercept) 0.12982  0.36030 
 pp       (Intercept) 0.12982  0.36030 
 pp       (Intercept) 0.12982  0.36030 
 pp       (Intercept) 0.12982  0.36030 
 Residual             1.20085  1.09583 
Number of obs: 180, groups: S:ID:pp, 60; S:pp, 30; ID:pp, 20; pp, 10

Fixed effects:
             Estimate Std. Error t value
(Intercept)  7.917295   0.520698  15.205
grp1         0.251316   0.520698   0.483
S1          -1.753303   0.238628  -7.347
S2           0.564530   0.238628   2.366
ID1         -2.909014   0.457938  -6.352
grp1:S1     -0.222964   0.238628  -0.934
grp1:S2      0.035779   0.238628   0.150
grp1:ID1     0.004812   0.457938   0.011
S1:ID1       1.149069   0.194651   5.903
S2:ID1      -0.461861   0.194651  -2.373
grp1:S1:ID1  0.085743   0.194651   0.440
grp1:S2:ID1  0.121103   0.194651   0.622

Correlation of Fixed Effects:
            (Intr) grp1   S1     S2     ID1    gr1:S1 gr1:S2 g1:ID1 S1:ID1
grp1         0.000                                                        
S1           0.000  0.000                                                 
S2           0.000  0.000 -0.500                                          
ID1          0.000  0.000  0.000  0.000                                   
grp1:S1      0.000  0.000  0.000  0.000  0.000                            
grp1:S2      0.000  0.000  0.000  0.000  0.000 -0.500                     
grp1:ID1     0.000  0.000  0.000  0.000  0.000  0.000  0.000              
S1:ID1       0.000  0.000  0.000  0.000  0.000  0.000  0.000  0.000       
S2:ID1       0.000  0.000  0.000  0.000  0.000  0.000  0.000  0.000 -0.500
grp1:S1:ID1  0.000  0.000  0.000  0.000  0.000  0.000  0.000  0.000  0.000
grp1:S2:ID1  0.000  0.000  0.000  0.000  0.000  0.000  0.000  0.000  0.000
            S2:ID1 g1:S1:
grp1                     
S1                       
S2                       
ID1                      
grp1:S1                  
grp1:S2                  
grp1:ID1                 
S1:ID1                   
S2:ID1                   
grp1:S1:ID1  0.000       
grp1:S2:ID1  0.000 -0.500
Linear mixed model fit by REML 
Formula: IPerfEf ~ (1 | pp) + (1 | pp/S) + (1 | pp/ID) + (1 | pp/S:ID) +      grp * S * ID 
   Data: mdata 
   AIC   BIC logLik deviance REMLdev
 702.6 766.4 -331.3    652.8   662.6
Random effects:
 Groups   Name        Variance Std.Dev.
 S:ID:pp  (Intercept) 0.73639  0.85813 
 S:pp     (Intercept) 0.28582  0.53462 
 ID:pp    (Intercept) 3.81525  1.95327 
 pp       (Intercept) 0.12982  0.36030 
 pp       (Intercept) 0.12982  0.36030 
 pp       (Intercept) 0.12982  0.36030 
 pp       (Intercept) 0.12982  0.36030 
 Residual             1.20085  1.09583 
Number of obs: 180, groups: S:ID:pp, 60; S:pp, 30; ID:pp, 20; pp, 10

Fixed effects:
             Estimate Std. Error t value
(Intercept)  7.917295   0.520698  15.205
grp1         0.251316   0.520698   0.483
S1          -1.753303   0.238628  -7.347
S2           0.564530   0.238628   2.366
ID1         -2.909014   0.457938  -6.352
grp1:S1     -0.222964   0.238628  -0.934
grp1:S2      0.035779   0.238628   0.150
grp1:ID1     0.004812   0.457938   0.011
S1:ID1       1.149069   0.194651   5.903
S2:ID1      -0.461861   0.194651  -2.373
grp1:S1:ID1  0.085743   0.194651   0.440
grp1:S2:ID1  0.121103   0.194651   0.622

Correlation of Fixed Effects:
            (Intr) grp1   S1     S2     ID1    gr1:S1 gr1:S2 g1:ID1 S1:ID1
grp1         0.000                                                        
S1           0.000  0.000                                                 
S2           0.000  0.000 -0.500                                          
ID1          0.000  0.000  0.000  0.000                                   
grp1:S1      0.000  0.000  0.000  0.000  0.000                            
grp1:S2      0.000  0.000  0.000  0.000  0.000 -0.500                     
grp1:ID1     0.000  0.000  0.000  0.000  0.000  0.000  0.000              
S1:ID1       0.000  0.000  0.000  0.000  0.000  0.000  0.000  0.000       
S2:ID1       0.000  0.000  0.000  0.000  0.000  0.000  0.000  0.000 -0.500
grp1:S1:ID1  0.000  0.000  0.000  0.000  0.000  0.000  0.000  0.000  0.000
grp1:S2:ID1  0.000  0.000  0.000  0.000  0.000  0.000  0.000  0.000  0.000
            S2:ID1 g1:S1:
grp1                     
S1                       
S2                       
ID1                      
grp1:S1                  
grp1:S2                  
grp1:ID1                 
S1:ID1                   
S2:ID1                   
grp1:S1:ID1  0.000       
grp1:S2:ID1  0.000 -0.500
