[1] "decTime ~(S*ID*grp)+Error(pp/(S*ID))+grp"
$ANOVA
    Effect DFn DFd           F            p p<.05         ges
2      grp   1   8   2.9672904 1.232618e-01       0.120352514
3        S   2  16  12.4831939 5.414252e-04     * 0.246638458
5       ID   1   8 492.4615079 1.796930e-08     * 0.927270139
4    grp:S   2  16   1.8227271 1.935812e-01       0.045621938
6   grp:ID   1   8   6.6836820 3.234954e-02     * 0.147511399
7     S:ID   2  16   1.3338822 2.912201e-01       0.034483877
8 grp:S:ID   2  16   0.3265778 7.260851e-01       0.008668514

$`Mauchly's Test for Sphericity`
    Effect         W          p p<.05
3        S 0.4177358 0.04711465     *
4    grp:S 0.4177358 0.04711465     *
7     S:ID 0.3373933 0.02230887     *
8 grp:S:ID 0.3373933 0.02230887     *

$`Sphericity Corrections`
    Effect       GGe       p[GG] p[GG]<.05       HFe       p[HF] p[HF]<.05
3        S 0.6320057 0.003785406         * 0.6959708 0.002690978         *
4    grp:S 0.6320057 0.209967775           0.6959708 0.207474698          
7     S:ID 0.6014652 0.286083744           0.6492778 0.287589615          
8 grp:S:ID 0.6014652 0.621304518           0.6492778 0.637103081          

