            Estimate MCMCmean HPD95lower HPD95upper pMCMC Pr(>|t|)
(Intercept)   0.4647   0.4650     0.4316     0.4946 0.001   0.0000
grp1         -0.0290  -0.0297    -0.0585     0.0046 0.060   0.0868
S1            0.0586   0.0587     0.0401     0.0778 0.001   0.0000
S2           -0.0083  -0.0085    -0.0292     0.0090 0.400   0.5181
ID1           0.2798   0.2798     0.2647     0.2974 0.001   0.0000
grp1:S1       0.0239   0.0242     0.0075     0.0441 0.008   0.0633
grp1:S2      -0.0156  -0.0158    -0.0340     0.0020 0.082   0.2225
grp1:ID1     -0.0326  -0.0323    -0.0472    -0.0155 0.002   0.0106
S1:ID1        0.0023   0.0023    -0.0116     0.0186 0.780   0.8561
S2:ID1        0.0169   0.0168     0.0026     0.0324 0.028   0.1879
grp1:S1:ID1   0.0069   0.0068    -0.0085     0.0217 0.356   0.5914
grp1:S2:ID1  -0.0102  -0.0100    -0.0277     0.0038 0.192   0.4271
Analysis of Variance Table
         Df  Sum Sq Mean Sq  F value
grp       1 0.00511 0.00511   2.9770
S         2 0.04242 0.02121  12.3467
ID        1 0.84452 0.84452 491.5658
grp:S     2 0.00619 0.00310   1.8028
grp:ID    1 0.01146 0.01146   6.6715
S:ID      2 0.00463 0.00231   1.3469
grp:S:ID  2 0.00113 0.00057   0.3298
Linear mixed model fit by REML 
Formula: decTime ~ (1 | pp) + (1 | pp/S) + (1 | pp/ID) + (1 | pp/S:ID) +      grp * S * ID 
   Data: mdata 
    AIC    BIC logLik deviance REMLdev
 -376.7 -312.9  208.4   -499.8  -416.7
Random effects:
 Groups   Name        Variance   Std.Dev.  
 S:ID:pp  (Intercept) 4.3087e-03 6.5640e-02
 S:pp     (Intercept) 2.9092e-10 1.7056e-05
 ID:pp    (Intercept) 1.5521e-03 3.9396e-02
 pp       (Intercept) 3.1034e-04 1.7617e-02
 pp       (Intercept) 3.1025e-04 1.7614e-02
 pp       (Intercept) 3.1040e-04 1.7618e-02
 pp       (Intercept) 3.1025e-04 1.7614e-02
 Residual             1.7180e-03 4.1449e-02
Number of obs: 180, groups: S:ID:pp, 60; S:pp, 30; ID:pp, 20; pp, 10

Fixed effects:
             Estimate Std. Error t value
(Intercept)  0.464661   0.016826  27.616
grp1        -0.028983   0.016826  -1.723
S1           0.058572   0.012755   4.592
S2          -0.008261   0.012755  -0.648
ID1          0.279783   0.012607  22.192
grp1:S1      0.023850   0.012755   1.870
grp1:S2     -0.015617   0.012755  -1.224
grp1:ID1    -0.032594   0.012607  -2.585
S1:ID1       0.002317   0.012755   0.182
S2:ID1       0.016867   0.012755   1.322
grp1:S1:ID1  0.006861   0.012755   0.538
grp1:S2:ID1 -0.010156   0.012755  -0.796

Correlation of Fixed Effects:
            (Intr) grp1   S1     S2     ID1    gr1:S1 gr1:S2 g1:ID1 S1:ID1
grp1         0.000                                                        
S1           0.000  0.000                                                 
S2           0.000  0.000 -0.500                                          
ID1          0.000  0.000  0.000  0.000                                   
grp1:S1      0.000  0.000  0.000  0.000  0.000                            
grp1:S2      0.000  0.000  0.000  0.000  0.000 -0.500                     
grp1:ID1     0.000  0.000  0.000  0.000  0.000  0.000  0.000              
S1:ID1       0.000  0.000  0.000  0.000  0.000  0.000  0.000  0.000       
S2:ID1       0.000  0.000  0.000  0.000  0.000  0.000  0.000  0.000 -0.500
grp1:S1:ID1  0.000  0.000  0.000  0.000  0.000  0.000  0.000  0.000  0.000
grp1:S2:ID1  0.000  0.000  0.000  0.000  0.000  0.000  0.000  0.000  0.000
            S2:ID1 g1:S1:
grp1                     
S1                       
S2                       
ID1                      
grp1:S1                  
grp1:S2                  
grp1:ID1                 
S1:ID1                   
S2:ID1                   
grp1:S1:ID1  0.000       
grp1:S2:ID1  0.000 -0.500
Linear mixed model fit by REML 
Formula: decTime ~ (1 | pp) + (1 | pp/S) + (1 | pp/ID) + (1 | pp/S:ID) +      grp * S * ID 
   Data: mdata 
    AIC    BIC logLik deviance REMLdev
 -376.7 -312.9  208.4   -499.8  -416.7
Random effects:
 Groups   Name        Variance   Std.Dev.  
 S:ID:pp  (Intercept) 4.3087e-03 6.5640e-02
 S:pp     (Intercept) 2.9092e-10 1.7056e-05
 ID:pp    (Intercept) 1.5521e-03 3.9396e-02
 pp       (Intercept) 3.1034e-04 1.7617e-02
 pp       (Intercept) 3.1025e-04 1.7614e-02
 pp       (Intercept) 3.1040e-04 1.7618e-02
 pp       (Intercept) 3.1025e-04 1.7614e-02
 Residual             1.7180e-03 4.1449e-02
Number of obs: 180, groups: S:ID:pp, 60; S:pp, 30; ID:pp, 20; pp, 10

Fixed effects:
             Estimate Std. Error t value
(Intercept)  0.464661   0.016826  27.616
grp1        -0.028983   0.016826  -1.723
S1           0.058572   0.012755   4.592
S2          -0.008261   0.012755  -0.648
ID1          0.279783   0.012607  22.192
grp1:S1      0.023850   0.012755   1.870
grp1:S2     -0.015617   0.012755  -1.224
grp1:ID1    -0.032594   0.012607  -2.585
S1:ID1       0.002317   0.012755   0.182
S2:ID1       0.016867   0.012755   1.322
grp1:S1:ID1  0.006861   0.012755   0.538
grp1:S2:ID1 -0.010156   0.012755  -0.796

Correlation of Fixed Effects:
            (Intr) grp1   S1     S2     ID1    gr1:S1 gr1:S2 g1:ID1 S1:ID1
grp1         0.000                                                        
S1           0.000  0.000                                                 
S2           0.000  0.000 -0.500                                          
ID1          0.000  0.000  0.000  0.000                                   
grp1:S1      0.000  0.000  0.000  0.000  0.000                            
grp1:S2      0.000  0.000  0.000  0.000  0.000 -0.500                     
grp1:ID1     0.000  0.000  0.000  0.000  0.000  0.000  0.000              
S1:ID1       0.000  0.000  0.000  0.000  0.000  0.000  0.000  0.000       
S2:ID1       0.000  0.000  0.000  0.000  0.000  0.000  0.000  0.000 -0.500
grp1:S1:ID1  0.000  0.000  0.000  0.000  0.000  0.000  0.000  0.000  0.000
grp1:S2:ID1  0.000  0.000  0.000  0.000  0.000  0.000  0.000  0.000  0.000
            S2:ID1 g1:S1:
grp1                     
S1                       
S2                       
ID1                      
grp1:S1                  
grp1:S2                  
grp1:ID1                 
S1:ID1                   
S2:ID1                   
grp1:S1:ID1  0.000       
grp1:S2:ID1  0.000 -0.500
