[1] "Summary by group"
  grp decTimeR.m decTimeR.s
1   C  0.4627815  0.2615140
2   U  0.5737667  0.3258398
[1] "Summary by session\n"
  S decTimeR.m decTimeR.s
1 1  0.6003000  0.2758595
2 2  0.4812611  0.2988175
3 3  0.4732611  0.3107026
[1] "Summary by DID\n"
  DID decTimeR.m decTimeR.s
1   1  0.2318333  0.1202306
2   2  0.4930889  0.2016357
3   3  0.8299000  0.1877199
[1] "Summary by group + Session\n"
  grp S decTimeR.m decTimeR.s
1   C 1  0.6039000  0.2568283
2   C 2  0.4178222  0.2591952
3   C 3  0.3666222  0.2079506
4   U 1  0.5967000  0.2965453
5   U 2  0.5447000  0.3243441
6   U 3  0.5799000  0.3588344
[1] "Summary by Session + DID\n"
  S DID decTimeR.m decTimeR.s
1 1   1  0.3171500 0.12909360
2 1   2  0.5858333 0.13776262
3 1   3  0.8979167 0.15203533
4 2   1  0.2054833 0.09185122
5 2   2  0.4392500 0.22575589
6 2   3  0.7990500 0.17221340
7 3   1  0.1728667 0.08611689
8 3   2  0.4541833 0.20339135
9 3   3  0.7927333 0.21948795
[1] "Summary by group + DID\n"
  grp DID decTimeR.m decTimeR.s
1   C   1  0.2342444 0.14178924
2   C   2  0.4092889 0.16203863
3   C   3  0.7448111 0.15564559
4   U   1  0.2294222 0.09551558
5   U   2  0.5768889 0.20400337
6   U   3  0.9149889 0.17956470
[1] "Summary by group + Session + DID\n"
   grp S DID decTimeR.m decTimeR.s
1    C 1   1  0.3523333 0.15872344
2    C 1   2  0.5816667 0.12290627
3    C 1   3  0.8777000 0.13545898
4    C 2   1  0.1854667 0.09005127
5    C 2   2  0.3331667 0.11235716
6    C 2   3  0.7348333 0.13119542
7    C 3   1  0.1649333 0.08511628
8    C 3   2  0.3130333 0.08257388
9    C 3   3  0.6219000 0.07322792
10   U 1   1  0.2819667 0.08170056
11   U 1   2  0.5900000 0.15546555
12   U 1   3  0.9181333 0.16927962
13   U 2   1  0.2255000 0.09223940
14   U 2   2  0.5453333 0.26235987
15   U 2   3  0.8632667 0.18810738
16   U 3   1  0.1808000 0.08934380
17   U 3   2  0.5953333 0.19020953
18   U 3   3  0.9635667 0.17858180
