[1] "decTimeLrel ~S*IDR*IDL*grp + Error(pp/(S*IDR*IDL))"
$ANOVA
          Effect DFn DFd          F            p p<.05          ges
2            grp   1   8  2.0985861 1.854701e-01       0.0982376032
3              S   2  16  3.6052950 5.098829e-02       0.0374901920
5            IDR   2  16 17.7337867 8.723491e-05     * 0.0344692370
7            IDL   1   8 62.1583855 4.849959e-05     * 0.7273727716
4          grp:S   2  16  2.8298341 8.866362e-02       0.0296656638
6        grp:IDR   2  16  1.3085473 2.976217e-01       0.0026273078
8        grp:IDL   1   8  2.7320156 1.369559e-01       0.1049578115
9          S:IDR   4  32  1.7898555 1.551978e-01       0.0053245387
11         S:IDL   2  16  5.9269199 1.185439e-02     * 0.0546652341
13       IDR:IDL   2  16  1.8490805 1.894761e-01       0.0035454432
10     grp:S:IDR   4  32  1.4160245 2.510861e-01       0.0042171399
12     grp:S:IDL   2  16  2.7924118 9.115318e-02       0.0265217537
14   grp:IDR:IDL   2  16  0.3908864 6.827428e-01       0.0007515905
15     S:IDR:IDL   4  32  1.2804343 2.982080e-01       0.0034172004
16 grp:S:IDR:IDL   4  32  1.2304493 3.175516e-01       0.0032842392

$`Mauchly's Test for Sphericity`
          Effect          W          p p<.05
3              S 0.98640486 0.95322016      
4          grp:S 0.98640486 0.95322016      
5            IDR 0.53764006 0.11395167      
6        grp:IDR 0.53764006 0.11395167      
9          S:IDR 0.08565558 0.08197077      
10     grp:S:IDR 0.08565558 0.08197077      
11         S:IDL 0.99937535 0.99781543      
12     grp:S:IDL 0.99937535 0.99781543      
13       IDR:IDL 0.68867011 0.27104370      
14   grp:IDR:IDL 0.68867011 0.27104370      
15     S:IDR:IDL 0.11082313 0.13142376      
16 grp:S:IDR:IDL 0.11082313 0.13142376      

$`Sphericity Corrections`
          Effect       GGe        p[GG] p[GG]<.05       HFe       p[HF]
3              S 0.9865872 0.0518304253           1.3073690 0.050988288
4          grp:S 0.9865872 0.0896130516           1.3073690 0.088663623
5            IDR 0.6838262 0.0007987819         * 0.7771661 0.000413892
6        grp:IDR 0.6838262 0.2936380642           0.7771661 0.295692466
9          S:IDR 0.5146861 0.1974896237           0.6955052 0.180860950
10     grp:S:IDR 0.5146861 0.2711390894           0.6955052 0.264816462
11         S:IDL 0.9993757 0.0118724480         * 1.3321197 0.011854392
12     grp:S:IDL 0.9993757 0.0911972034           1.3321197 0.091153184
13       IDR:IDL 0.7625846 0.2009798517           0.9055467 0.194143348
14   grp:IDR:IDL 0.7625846 0.6301088884           0.9055467 0.663467851
15     S:IDR:IDL 0.4902766 0.3047860360           0.6478818 0.304953089
16 grp:S:IDR:IDL 0.4902766 0.3181025630           0.6478818 0.320445678
   p[HF]<.05
3           
4           
5          *
6           
9           
10          
11         *
12          
13          
14          
15          
16          

