Post-hoc Tukey comparisons[1] "grp Tukey test"

	Pairwise comparisons using paired t tests 

data:  mdata$decTimeLrel and mdata$grp 

  C      
U 2.5e-08

P value adjustment method: bonferroni 
[1] "S Tukey test"

	Pairwise comparisons using paired t tests 

data:  mdata$decTimeLrel and mdata$S 

  1       2
2 1.1e-06 -
3 9.8e-06 1

P value adjustment method: bonferroni 
[1] "IDR Tukey test"

	Pairwise comparisons using paired t tests 

data:  mdata$decTimeLrel and mdata$IDR 

  D       M      
M 3.2e-05 -      
E < 2e-16 5.9e-09

P value adjustment method: bonferroni 
[1] "IDL Tukey test"
