Linear mixed-effects model fit by REML
 Data: mdata 
        AIC       BIC  logLik
  -326.1181 -297.5105 171.059

Random effects:
 Formula: ~1 | pp
        (Intercept) Residual
StdDev:   0.1304698  0.11292

Fixed effects: MT ~ S + ID + grp 
                 Value  Std.Error  DF  t-value p-value
(Intercept)  0.6739185 0.04182658 256 16.11221  0.0000
S1           0.0949037 0.00971861 256  9.76516  0.0000
S2          -0.0222574 0.00971861 256 -2.29018  0.0228
ID1          0.3970870 0.00971861 256 40.85843  0.0000
ID2         -0.0676463 0.00971861 256 -6.96049  0.0000
grp1        -0.0075185 0.04182658   8 -0.17975  0.8618
 Correlation: 
     (Intr) S1   S2   ID1  ID2 
S1    0.0                      
S2    0.0   -0.5               
ID1   0.0    0.0  0.0          
ID2   0.0    0.0  0.0 -0.5     
grp1  0.0    0.0  0.0  0.0  0.0

Standardized Within-Group Residuals:
        Min          Q1         Med          Q3         Max 
-2.28816783 -0.66085992 -0.01217139  0.55797826  5.82384270 

Number of Observations: 270
Number of Groups: 10 
            numDF denDF  F-value p-value
(Intercept)     1   256 259.6032  <.0001
S               2   256  52.1595  <.0001
ID              2   256 955.6434  <.0001
grp             1     8   0.0323  0.8618
