[1] "Summary by group"
  grp      q4.m       q4.s
1   C 0.7937589 0.07701343
2   U 0.7804092 0.07571484
[1] "Summary by session\n"
  S      q4.m       q4.s
1 1 0.7628461 0.07549561
2 2 0.7915939 0.08068898
3 3 0.8068121 0.06691698
[1] "Summary by ID\n"
  ID      q4.m       q4.s
1  D 0.7187612 0.06792313
2  M 0.8205918 0.05169630
3  E 0.8218991 0.05769565
[1] "Summary by group + Session\n"
  grp S      q4.m       q4.s
1   C 1 0.7626520 0.07612739
2   C 2 0.8018496 0.08620755
3   C 3 0.8167751 0.05689740
4   U 1 0.7630402 0.07571825
5   U 2 0.7813382 0.07431362
6   U 3 0.7968491 0.07494790
[1] "Summary by Session + ID\n"
  S ID      q4.m       q4.s
1 1  D 0.6981647 0.06248978
2 1  M 0.7841237 0.04339011
3 1  E 0.8062500 0.07042018
4 2  D 0.7133967 0.07252345
5 2  M 0.8283070 0.05291785
6 2  E 0.8330780 0.04920300
7 3  D 0.7447223 0.06187382
8 3  M 0.8493447 0.03501767
9 3  E 0.8263693 0.04932253
[1] "Summary by group + ID\n"
  grp ID      q4.m       q4.s
1   C  D 0.7279533 0.06647802
2   C  M 0.8210704 0.05385046
3   C  E 0.8322529 0.06353324
4   U  D 0.7095691 0.06884620
5   U  M 0.8201131 0.05005410
6   U  E 0.8115453 0.04977434
[1] "Summary by group + Session + ID\n"
   grp S ID      q4.m       q4.s
1    C 1  D 0.7003633 0.06186406
2    C 1  M 0.7815973 0.03344872
3    C 1  E 0.8059953 0.08193695
4    C 2  D 0.7169780 0.07766785
5    C 2  M 0.8317553 0.06245200
6    C 2  E 0.8568153 0.03887656
7    C 3  D 0.7665187 0.03862247
8    C 3  M 0.8498587 0.03761800
9    C 3  E 0.8339480 0.05543297
10   U 1  D 0.6959660 0.06520239
11   U 1  M 0.7866500 0.05260597
12   U 1  E 0.8065047 0.05965247
13   U 2  D 0.7098153 0.06953570
14   U 2  M 0.8248587 0.04329995
15   U 2  E 0.8093407 0.04791649
16   U 3  D 0.7229260 0.07362385
17   U 3  M 0.8488307 0.03353183
18   U 3  E 0.8187907 0.04293363
