[1] "fR ~(S*DID*grp)+Error(pp/(S*DID))+grp"
$ANOVA
     Effect DFn DFd          F            p p<.05        ges
2       grp   1   8  1.5688304 2.457506e-01       0.07445987
3         S   2  16 18.8612217 6.190330e-05     * 0.21669224
5       DID   2  16 56.1259894 5.867421e-08     * 0.71203903
4     grp:S   2  16  2.6630263 1.003867e-01       0.03759036
6   grp:DID   2  16  0.2565319 7.768525e-01       0.01117549
7     S:DID   4  32 15.6260453 3.459204e-07     * 0.18984821
8 grp:S:DID   4  32  1.0501108 3.970231e-01       0.01550387

$`Mauchly's Test for Sphericity`
     Effect          W           p p<.05
3         S 0.39602982 0.039088374     *
4     grp:S 0.39602982 0.039088374     *
5       DID 0.14656427 0.001205309     *
6   grp:DID 0.14656427 0.001205309     *
7     S:DID 0.06410095 0.046092965     *
8 grp:S:DID 0.06410095 0.046092965     *

$`Sphericity Corrections`
     Effect       GGe        p[GG] p[GG]<.05       HFe        p[HF] p[HF]<.05
3         S 0.6234530 9.833336e-04         * 0.6828095 6.335051e-04         *
4     grp:S 0.6234530 1.303734e-01           0.6828095 1.252232e-01          
5       DID 0.5395385 3.966254e-05         * 0.5571290 3.085231e-05         *
6   grp:DID 0.5395385 6.429828e-01           0.5571290 6.500748e-01          
7     S:DID 0.5029653 1.664774e-04         * 0.6724440 1.991283e-05         *
8 grp:S:DID 0.5029653 3.730732e-01           0.6724440 3.847539e-01          

