            Estimate MCMCmean HPD95lower HPD95upper pMCMC Pr(>|t|)
(Intercept)   0.5621   0.5626     0.4864     0.6312 0.001   0.0000
grp1         -0.0485  -0.0496    -0.1287     0.0160 0.178   0.1873
S1           -0.0756  -0.0760    -0.1061    -0.0419 0.001   0.0003
S2            0.0216   0.0216    -0.0097     0.0520 0.174   0.2924
ID1          -0.4774  -0.4777    -0.5317    -0.4209 0.001   0.0000
ID2           0.0714   0.0705     0.0172     0.1307 0.014   0.1043
grp1:S1      -0.0211  -0.0211    -0.0527     0.0122 0.188   0.3039
grp1:S2       0.0105   0.0107    -0.0210     0.0413 0.496   0.6095
grp1:ID1      0.0461   0.0455    -0.0128     0.0967 0.114   0.2938
grp1:ID2     -0.0627  -0.0616    -0.1194    -0.0068 0.032   0.1535
S1:ID1        0.0757   0.0752     0.0316     0.1153 0.001   0.0094
S2:ID1       -0.0300  -0.0297    -0.0680     0.0098 0.142   0.3002
S1:ID2       -0.0876  -0.0866    -0.1283    -0.0447 0.001   0.0027
S2:ID2        0.0197   0.0194    -0.0168     0.0633 0.310   0.4954
grp1:S1:ID1   0.0182   0.0196    -0.0194     0.0600 0.328   0.5291
grp1:S2:ID1  -0.0199  -0.0207    -0.0570     0.0206 0.338   0.4917
grp1:S1:ID2   0.0244   0.0233    -0.0145     0.0695 0.264   0.3993
grp1:S2:ID2  -0.0015  -0.0017    -0.0411     0.0369 0.930   0.9593
Analysis of Variance Table
         Df  Sum Sq Mean Sq F value
grp       1 0.02485 0.02485  1.7450
S         2 0.20667 0.10333  7.2571
ID        2 1.96783 0.98391 69.0993
grp:S     2 0.01511 0.00756  0.5307
grp:ID    2 0.03133 0.01567  1.1003
S:ID      4 0.16750 0.04187  2.9408
grp:S:ID  4 0.03468 0.00867  0.6089
Linear mixed model fit by REML 
Formula: Harmonicity ~ (1 | pp) + (1 | pp/S) + (1 | pp/ID) + (1 | pp/S:ID) +      grp * S * ID 
   Data: mdata 
    AIC   BIC logLik deviance REMLdev
 -78.31 15.25  65.15   -227.4  -130.3
Random effects:
 Groups   Name        Variance   Std.Dev.  
 S:ID:pp  (Intercept) 1.4055e-02 1.1856e-01
 ID:pp    (Intercept) 2.2525e-02 1.5008e-01
 S:pp     (Intercept) 3.9135e-14 1.9783e-07
 pp       (Intercept) 9.6159e-04 3.1009e-02
 pp       (Intercept) 9.6154e-04 3.1009e-02
 pp       (Intercept) 9.6152e-04 3.1008e-02
 pp       (Intercept) 9.6155e-04 3.1009e-02
 Residual             1.4239e-02 1.1933e-01
Number of obs: 270, groups: S:ID:pp, 90; ID:pp, 30; S:pp, 30; pp, 10

Fixed effects:
             Estimate Std. Error t value
(Intercept)  0.562137   0.036664  15.332
grp1        -0.048478   0.036664  -1.322
S1          -0.075586   0.020441  -3.698
S2           0.021567   0.020441   1.055
ID1         -0.477446   0.043812 -10.898
ID2          0.071422   0.043812   1.630
grp1:S1     -0.021059   0.020441  -1.030
grp1:S2      0.010455   0.020441   0.511
grp1:ID1     0.046091   0.043812   1.052
grp1:ID2    -0.062729   0.043812  -1.432
S1:ID1       0.075678   0.028907   2.618
S2:ID1      -0.030008   0.028907  -1.038
S1:ID2      -0.087584   0.028907  -3.030
S2:ID2       0.019735   0.028907   0.683
grp1:S1:ID1  0.018217   0.028907   0.630
grp1:S2:ID1 -0.019908   0.028907  -0.689
grp1:S1:ID2  0.024404   0.028907   0.844
grp1:S2:ID2 -0.001477   0.028907  -0.051

Correlation of Fixed Effects:
            (Intr) grp1   S1     S2     ID1    ID2    gr1:S1 gr1:S2 g1:ID1
grp1         0.000                                                        
S1           0.000  0.000                                                 
S2           0.000  0.000 -0.500                                          
ID1          0.000  0.000  0.000  0.000                                   
ID2          0.000  0.000  0.000  0.000 -0.500                            
grp1:S1      0.000  0.000  0.000  0.000  0.000  0.000                     
grp1:S2      0.000  0.000  0.000  0.000  0.000  0.000 -0.500              
grp1:ID1     0.000  0.000  0.000  0.000  0.000  0.000  0.000  0.000       
grp1:ID2     0.000  0.000  0.000  0.000  0.000  0.000  0.000  0.000 -0.500
S1:ID1       0.000  0.000  0.000  0.000  0.000  0.000  0.000  0.000  0.000
S2:ID1       0.000  0.000  0.000  0.000  0.000  0.000  0.000  0.000  0.000
S1:ID2       0.000  0.000  0.000  0.000  0.000  0.000  0.000  0.000  0.000
S2:ID2       0.000  0.000  0.000  0.000  0.000  0.000  0.000  0.000  0.000
grp1:S1:ID1  0.000  0.000  0.000  0.000  0.000  0.000  0.000  0.000  0.000
grp1:S2:ID1  0.000  0.000  0.000  0.000  0.000  0.000  0.000  0.000  0.000
grp1:S1:ID2  0.000  0.000  0.000  0.000  0.000  0.000  0.000  0.000  0.000
grp1:S2:ID2  0.000  0.000  0.000  0.000  0.000  0.000  0.000  0.000  0.000
            g1:ID2 S1:ID1 S2:ID1 S1:ID2 S2:ID2 g1:S1:ID1 g1:S2:ID1 g1:S1:ID2
grp1                                                                        
S1                                                                          
S2                                                                          
ID1                                                                         
ID2                                                                         
grp1:S1                                                                     
grp1:S2                                                                     
grp1:ID1                                                                    
grp1:ID2                                                                    
S1:ID1       0.000                                                          
S2:ID1       0.000 -0.500                                                   
S1:ID2       0.000 -0.500  0.250                                            
S2:ID2       0.000  0.250 -0.500 -0.500                                     
grp1:S1:ID1  0.000  0.000  0.000  0.000  0.000                              
grp1:S2:ID1  0.000  0.000  0.000  0.000  0.000 -0.500                       
grp1:S1:ID2  0.000  0.000  0.000  0.000  0.000 -0.500     0.250             
grp1:S2:ID2  0.000  0.000  0.000  0.000  0.000  0.250    -0.500    -0.500   
Linear mixed model fit by REML 
Formula: Harmonicity ~ (1 | pp) + (1 | pp/S) + (1 | pp/ID) + (1 | pp/S:ID) +      grp * S * ID 
   Data: mdata 
    AIC   BIC logLik deviance REMLdev
 -78.31 15.25  65.15   -227.4  -130.3
Random effects:
 Groups   Name        Variance   Std.Dev.  
 S:ID:pp  (Intercept) 1.4055e-02 1.1856e-01
 ID:pp    (Intercept) 2.2525e-02 1.5008e-01
 S:pp     (Intercept) 3.9135e-14 1.9783e-07
 pp       (Intercept) 9.6159e-04 3.1009e-02
 pp       (Intercept) 9.6154e-04 3.1009e-02
 pp       (Intercept) 9.6152e-04 3.1008e-02
 pp       (Intercept) 9.6155e-04 3.1009e-02
 Residual             1.4239e-02 1.1933e-01
Number of obs: 270, groups: S:ID:pp, 90; ID:pp, 30; S:pp, 30; pp, 10

Fixed effects:
             Estimate Std. Error t value
(Intercept)  0.562137   0.036664  15.332
grp1        -0.048478   0.036664  -1.322
S1          -0.075586   0.020441  -3.698
S2           0.021567   0.020441   1.055
ID1         -0.477446   0.043812 -10.898
ID2          0.071422   0.043812   1.630
grp1:S1     -0.021059   0.020441  -1.030
grp1:S2      0.010455   0.020441   0.511
grp1:ID1     0.046091   0.043812   1.052
grp1:ID2    -0.062729   0.043812  -1.432
S1:ID1       0.075678   0.028907   2.618
S2:ID1      -0.030008   0.028907  -1.038
S1:ID2      -0.087584   0.028907  -3.030
S2:ID2       0.019735   0.028907   0.683
grp1:S1:ID1  0.018217   0.028907   0.630
grp1:S2:ID1 -0.019908   0.028907  -0.689
grp1:S1:ID2  0.024404   0.028907   0.844
grp1:S2:ID2 -0.001477   0.028907  -0.051

Correlation of Fixed Effects:
            (Intr) grp1   S1     S2     ID1    ID2    gr1:S1 gr1:S2 g1:ID1
grp1         0.000                                                        
S1           0.000  0.000                                                 
S2           0.000  0.000 -0.500                                          
ID1          0.000  0.000  0.000  0.000                                   
ID2          0.000  0.000  0.000  0.000 -0.500                            
grp1:S1      0.000  0.000  0.000  0.000  0.000  0.000                     
grp1:S2      0.000  0.000  0.000  0.000  0.000  0.000 -0.500              
grp1:ID1     0.000  0.000  0.000  0.000  0.000  0.000  0.000  0.000       
grp1:ID2     0.000  0.000  0.000  0.000  0.000  0.000  0.000  0.000 -0.500
S1:ID1       0.000  0.000  0.000  0.000  0.000  0.000  0.000  0.000  0.000
S2:ID1       0.000  0.000  0.000  0.000  0.000  0.000  0.000  0.000  0.000
S1:ID2       0.000  0.000  0.000  0.000  0.000  0.000  0.000  0.000  0.000
S2:ID2       0.000  0.000  0.000  0.000  0.000  0.000  0.000  0.000  0.000
grp1:S1:ID1  0.000  0.000  0.000  0.000  0.000  0.000  0.000  0.000  0.000
grp1:S2:ID1  0.000  0.000  0.000  0.000  0.000  0.000  0.000  0.000  0.000
grp1:S1:ID2  0.000  0.000  0.000  0.000  0.000  0.000  0.000  0.000  0.000
grp1:S2:ID2  0.000  0.000  0.000  0.000  0.000  0.000  0.000  0.000  0.000
            g1:ID2 S1:ID1 S2:ID1 S1:ID2 S2:ID2 g1:S1:ID1 g1:S2:ID1 g1:S1:ID2
grp1                                                                        
S1                                                                          
S2                                                                          
ID1                                                                         
ID2                                                                         
grp1:S1                                                                     
grp1:S2                                                                     
grp1:ID1                                                                    
grp1:ID2                                                                    
S1:ID1       0.000                                                          
S2:ID1       0.000 -0.500                                                   
S1:ID2       0.000 -0.500  0.250                                            
S2:ID2       0.000  0.250 -0.500 -0.500                                     
grp1:S1:ID1  0.000  0.000  0.000  0.000  0.000                              
grp1:S2:ID1  0.000  0.000  0.000  0.000  0.000 -0.500                       
grp1:S1:ID2  0.000  0.000  0.000  0.000  0.000 -0.500     0.250             
grp1:S2:ID2  0.000  0.000  0.000  0.000  0.000  0.250    -0.500    -0.500   
