[1] "d2D ~(S*DID*grp)+Error(pp/(S*DID))+grp"
$ANOVA
     Effect DFn DFd          F            p p<.05         ges
2       grp   1   8  1.1156484 3.217077e-01       0.073314281
3         S   2  16  0.1127560 8.940722e-01       0.001609174
5       DID   2  16 65.0022460 2.079841e-08     * 0.659844504
4     grp:S   2  16  1.1419372 3.438856e-01       0.016061019
6   grp:DID   2  16  2.8599246 8.671724e-02       0.078636026
7     S:DID   4  32  0.5029356 7.337772e-01       0.004979140
8 grp:S:DID   4  32  3.6947489 1.392174e-02     * 0.035458128

$`Mauchly's Test for Sphericity`
     Effect         W            p p<.05
3         S 0.7925340 0.4431621944      
4     grp:S 0.7925340 0.4431621944      
5       DID 0.1287321 0.0007654271     *
6   grp:DID 0.1287321 0.0007654271     *
7     S:DID 0.1098404 0.1280989939      
8 grp:S:DID 0.1098404 0.1280989939      

$`Sphericity Corrections`
     Effect       GGe        p[GG] p[GG]<.05       HFe        p[HF] p[HF]<.05
3         S 0.8281807 8.589095e-01           1.0173382 8.940722e-01          
4     grp:S 0.8281807 3.380190e-01           1.0173382 3.438856e-01          
5       DID 0.5343970 2.436814e-05         * 0.5496263 1.929993e-05         *
6   grp:DID 0.5343970 1.259373e-01           0.5496263 1.244697e-01          
7     S:DID 0.5234511 6.218379e-01           0.7129902 6.750942e-01          
8 grp:S:DID 0.5234511 4.518143e-02         * 0.7129902 2.809393e-02         *

