Post-hoc Tukey comparisons[1] "grp Tukey test"

	Pairwise comparisons using paired t tests 

data:  mdata$decTimeRrel and mdata$grp 

  C    
U 0.078

P value adjustment method: bonferroni 
[1] "S Tukey test"

	Pairwise comparisons using paired t tests 

data:  mdata$decTimeRrel and mdata$S 

  1    2   
2 1.00 -   
3 0.23 0.19

P value adjustment method: bonferroni 
[1] "IDR Tukey test"

	Pairwise comparisons using paired t tests 

data:  mdata$decTimeRrel and mdata$IDR 

  D       M      
M < 2e-16 -      
E < 2e-16 1.5e-11

P value adjustment method: bonferroni 
[1] "IDL Tukey test"
