[1] "Summary by group"
  grp    MTL.m     MTL.s
1   C 1.093830 0.4805447
2   U 1.216578 0.6483972
[1] "Summary by session\n"
  S    MTL.m     MTL.s
1 1 1.362881 0.5931874
2 2 1.089589 0.5117893
3 3 1.013142 0.5553397
[1] "Summary by IDR+IDR\n"
  IDL IDR     MTL.m     MTL.s
1   D   D 1.7466722 0.3876405
2   D   M 1.5737722 0.4192087
3   D   E 1.4324389 0.3112774
4   E   D 1.0466778 0.3479535
5   E   M 0.6928556 0.2318267
6   E   E 0.4388056 0.1951420
[1] "Summary by group + Session\n"
  grp S     MTL.m     MTL.s
1   C 1 1.3213667 0.5137996
2   C 2 1.0283333 0.4423032
3   C 3 0.9317889 0.3938170
4   U 1 1.4043944 0.6634913
5   U 2 1.1508444 0.5688398
6   U 3 1.0944944 0.6721550
[1] "Summary by Session + IDR + IDL \n"
   S IDL IDR     MTL.m     MTL.s
1  1   D   D 2.1066000 0.3602399
2  1   D   M 1.8046333 0.3875960
3  1   D   E 1.5251000 0.1954752
4  1   E   D 1.2756333 0.3036337
5  1   E   M 0.8869167 0.2070082
6  1   E   E 0.5784000 0.1961833
7  2   D   D 1.6240333 0.2272382
8  2   D   M 1.4410667 0.2300643
9  2   D   E 1.4117667 0.3273308
10 2   E   D 1.0314667 0.3143328
11 2   E   M 0.6260667 0.1953130
12 2   E   E 0.4031333 0.1555133
13 3   D   D 1.5093833 0.2681919
14 3   D   M 1.4756167 0.5028398
15 3   D   E 1.3604500 0.3705696
16 3   E   D 0.8329333 0.2807782
17 3   E   M 0.5655833 0.1536493
18 3   E   E 0.3348833 0.1467926
[1] "Summary by group + IDR + IDL\n"
   grp IDL IDR     MTL.m     MTL.s
1    C   D   D 1.6462111 0.3824102
2    C   D   M 1.3914000 0.2499226
3    C   D   E 1.2309667 0.1977856
4    C   E   D 1.1520444 0.2156420
5    C   E   M 0.7051333 0.2170372
6    C   E   E 0.4372222 0.2226771
7    U   D   D 1.8471333 0.3702219
8    U   D   M 1.7561444 0.4743138
9    U   D   E 1.6339111 0.2717407
10   U   E   D 0.9413111 0.4191473
11   U   E   M 0.6805778 0.2475787
12   U   E   E 0.4403889 0.1656384
[1] "Summary by group + Session + IDR + IDL\n"
   grp S IDL IDR     MTL.m      MTL.s
1    C 1   D   D 2.0060333 0.39829594
2    C 1   D   M 1.6504667 0.19111211
3    C 1   D   E 1.4335333 0.12449992
4    C 1   E   D 1.3200333 0.16280822
5    C 1   E   M 0.9096667 0.17012838
6    C 1   E   E 0.6084667 0.23280713
7    C 2   D   D 1.5307333 0.19620424
8    C 2   D   M 1.3349000 0.14578313
9    C 2   D   E 1.1859667 0.15819568
10   C 2   E   D 1.1311000 0.21764110
11   C 2   E   M 0.6142000 0.17881563
12   C 2   E   E 0.3731000 0.16346387
13   C 3   D   D 1.4018667 0.21328724
14   C 3   D   M 1.1888333 0.13869541
15   C 3   D   E 1.0734000 0.09841389
16   C 3   E   D 1.0050000 0.13564963
17   C 3   E   M 0.5915333 0.14006331
18   C 3   E   E 0.3301000 0.16370664
19   U 1   D   D 2.2071667 0.29749500
20   U 1   D   M 1.9588000 0.47300969
21   U 1   D   E 1.6166667 0.21373696
22   U 1   E   D 1.2312333 0.40030135
23   U 1   E   M 0.8641667 0.24230748
24   U 1   E   E 0.5483333 0.15358567
25   U 2   D   D 1.7173333 0.22318895
26   U 2   D   M 1.5472333 0.25344469
27   U 2   D   E 1.6375667 0.29607992
28   U 2   E   D 0.9318333 0.36882026
29   U 2   E   M 0.6379333 0.21619971
30   U 2   E   E 0.4331667 0.14643400
31   U 3   D   D 1.6169000 0.28058677
32   U 3   D   M 1.7624000 0.57295843
33   U 3   D   E 1.6475000 0.31336959
34   U 3   E   D 0.6608667 0.28541151
35   U 3   E   M 0.5396333 0.16685852
36   U 3   E   E 0.3396667 0.13336559
