            Estimate MCMCmean HPD95lower HPD95upper pMCMC Pr(>|t|)
(Intercept)   0.3447   0.3453     0.3083     0.3837 0.001   0.0000
grp1          0.0191   0.0198    -0.0228     0.0545 0.308   0.4818
S1           -0.0636  -0.0638    -0.0799    -0.0466 0.001   0.0000
S2            0.0187   0.0187     0.0002     0.0363 0.044   0.1082
ID1          -0.1372  -0.1367    -0.1568    -0.1172 0.001   0.0000
grp1:S1      -0.0178  -0.0181    -0.0358    -0.0023 0.046   0.1263
grp1:S2       0.0047   0.0047    -0.0129     0.0221 0.582   0.6857
grp1:ID1      0.0064   0.0061    -0.0146     0.0280 0.570   0.7852
S1:ID1        0.0459   0.0457     0.0335     0.0576 0.001   0.0000
S2:ID1       -0.0263  -0.0261    -0.0395    -0.0148 0.001   0.0039
grp1:S1:ID1   0.0137   0.0135     0.0004     0.0261 0.046   0.1302
grp1:S2:ID1  -0.0020  -0.0016    -0.0131     0.0122 0.800   0.8250
Analysis of Variance Table
         Df   Sum Sq  Mean Sq F value
grp       1 0.000580 0.000580  0.4923
S         2 0.037618 0.018809 15.9676
ID        1 0.040498 0.040498 34.3801
grp:S     2 0.002988 0.001494  1.2681
grp:ID    1 0.000088 0.000088  0.0745
S:ID      2 0.030877 0.015439 13.1063
grp:S:ID  2 0.003180 0.001590  1.3497
Linear mixed model fit by REML 
Formula: peakVel ~ (1 | pp) + (1 | pp/S) + (1 | pp/ID) + (1 | pp/S:ID) +      grp * S * ID 
   Data: mdata 
    AIC    BIC logLik deviance REMLdev
 -418.8 -354.9  229.4   -541.1  -458.8
Random effects:
 Groups   Name        Variance   Std.Dev.
 S:ID:pp  (Intercept) 0.00203544 0.045116
 S:pp     (Intercept) 0.00079533 0.028202
 ID:pp    (Intercept) 0.01013996 0.100697
 pp       (Intercept) 0.00039969 0.019992
 pp       (Intercept) 0.00039968 0.019992
 pp       (Intercept) 0.00039961 0.019990
 pp       (Intercept) 0.00039971 0.019993
 Residual             0.00117796 0.034321
Number of obs: 180, groups: S:ID:pp, 60; S:pp, 30; ID:pp, 20; pp, 10

Fixed effects:
             Estimate Std. Error t value
(Intercept)  0.344681   0.027088  12.724
grp1         0.019095   0.027088   0.705
S1          -0.063627   0.011574  -5.497
S2           0.018691   0.011574   1.615
ID1         -0.137193   0.023398  -5.863
grp1:S1     -0.017783   0.011574  -1.536
grp1:S2      0.004691   0.011574   0.405
grp1:ID1     0.006387   0.023398   0.273
S1:ID1       0.045895   0.008996   5.101
S2:ID1      -0.026323   0.008996  -2.926
grp1:S1:ID1  0.013680   0.008996   1.521
grp1:S2:ID1 -0.001992   0.008996  -0.221

Correlation of Fixed Effects:
            (Intr) grp1   S1     S2     ID1    gr1:S1 gr1:S2 g1:ID1 S1:ID1
grp1         0.000                                                        
S1           0.000  0.000                                                 
S2           0.000  0.000 -0.500                                          
ID1          0.000  0.000  0.000  0.000                                   
grp1:S1      0.000  0.000  0.000  0.000  0.000                            
grp1:S2      0.000  0.000  0.000  0.000  0.000 -0.500                     
grp1:ID1     0.000  0.000  0.000  0.000  0.000  0.000  0.000              
S1:ID1       0.000  0.000  0.000  0.000  0.000  0.000  0.000  0.000       
S2:ID1       0.000  0.000  0.000  0.000  0.000  0.000  0.000  0.000 -0.500
grp1:S1:ID1  0.000  0.000  0.000  0.000  0.000  0.000  0.000  0.000  0.000
grp1:S2:ID1  0.000  0.000  0.000  0.000  0.000  0.000  0.000  0.000  0.000
            S2:ID1 g1:S1:
grp1                     
S1                       
S2                       
ID1                      
grp1:S1                  
grp1:S2                  
grp1:ID1                 
S1:ID1                   
S2:ID1                   
grp1:S1:ID1  0.000       
grp1:S2:ID1  0.000 -0.500
Linear mixed model fit by REML 
Formula: peakVel ~ (1 | pp) + (1 | pp/S) + (1 | pp/ID) + (1 | pp/S:ID) +      grp * S * ID 
   Data: mdata 
    AIC    BIC logLik deviance REMLdev
 -418.8 -354.9  229.4   -541.1  -458.8
Random effects:
 Groups   Name        Variance   Std.Dev.
 S:ID:pp  (Intercept) 0.00203544 0.045116
 S:pp     (Intercept) 0.00079533 0.028202
 ID:pp    (Intercept) 0.01013996 0.100697
 pp       (Intercept) 0.00039969 0.019992
 pp       (Intercept) 0.00039968 0.019992
 pp       (Intercept) 0.00039961 0.019990
 pp       (Intercept) 0.00039971 0.019993
 Residual             0.00117796 0.034321
Number of obs: 180, groups: S:ID:pp, 60; S:pp, 30; ID:pp, 20; pp, 10

Fixed effects:
             Estimate Std. Error t value
(Intercept)  0.344681   0.027088  12.724
grp1         0.019095   0.027088   0.705
S1          -0.063627   0.011574  -5.497
S2           0.018691   0.011574   1.615
ID1         -0.137193   0.023398  -5.863
grp1:S1     -0.017783   0.011574  -1.536
grp1:S2      0.004691   0.011574   0.405
grp1:ID1     0.006387   0.023398   0.273
S1:ID1       0.045895   0.008996   5.101
S2:ID1      -0.026323   0.008996  -2.926
grp1:S1:ID1  0.013680   0.008996   1.521
grp1:S2:ID1 -0.001992   0.008996  -0.221

Correlation of Fixed Effects:
            (Intr) grp1   S1     S2     ID1    gr1:S1 gr1:S2 g1:ID1 S1:ID1
grp1         0.000                                                        
S1           0.000  0.000                                                 
S2           0.000  0.000 -0.500                                          
ID1          0.000  0.000  0.000  0.000                                   
grp1:S1      0.000  0.000  0.000  0.000  0.000                            
grp1:S2      0.000  0.000  0.000  0.000  0.000 -0.500                     
grp1:ID1     0.000  0.000  0.000  0.000  0.000  0.000  0.000              
S1:ID1       0.000  0.000  0.000  0.000  0.000  0.000  0.000  0.000       
S2:ID1       0.000  0.000  0.000  0.000  0.000  0.000  0.000  0.000 -0.500
grp1:S1:ID1  0.000  0.000  0.000  0.000  0.000  0.000  0.000  0.000  0.000
grp1:S2:ID1  0.000  0.000  0.000  0.000  0.000  0.000  0.000  0.000  0.000
            S2:ID1 g1:S1:
grp1                     
S1                       
S2                       
ID1                      
grp1:S1                  
grp1:S2                  
grp1:ID1                 
S1:ID1                   
S2:ID1                   
grp1:S1:ID1  0.000       
grp1:S2:ID1  0.000 -0.500
