            Estimate MCMCmean HPD95lower HPD95upper pMCMC Pr(>|t|)
(Intercept)   4.4349   4.4367     4.3289     4.5690 0.001   0.0000
grp1         -0.0288  -0.0312    -0.1592     0.0811 0.582   0.5690
S1           -0.1120  -0.1114    -0.2072    -0.0290 0.018   0.0567
S2            0.0650   0.0669    -0.0248     0.1502 0.158   0.2678
ID1           1.1230   1.1231     1.0625     1.1911 0.001   0.0000
ID2          -0.1455  -0.1466    -0.2083    -0.0810 0.001   0.0002
grp1:S1       0.0391   0.0409    -0.0479     0.1315 0.358   0.5042
grp1:S2      -0.0129  -0.0145    -0.1053     0.0673 0.752   0.8250
grp1:ID1     -0.0220  -0.0213    -0.0788     0.0493 0.494   0.5684
grp1:ID2      0.0197   0.0200    -0.0446     0.0849 0.518   0.6084
S1:ID1       -0.0272  -0.0278    -0.0992     0.0409 0.458   0.5040
S2:ID1        0.0395   0.0383    -0.0309     0.1146 0.280   0.3320
S1:ID2       -0.0953  -0.0937    -0.1605    -0.0133 0.010   0.0199
S2:ID2        0.0490   0.0484    -0.0229     0.1204 0.200   0.2295
grp1:S1:ID1   0.1145   0.1146     0.0351     0.1832 0.002   0.0053
grp1:S2:ID1  -0.0637  -0.0625    -0.1310     0.0060 0.078   0.1190
grp1:S1:ID2  -0.0703  -0.0714    -0.1526    -0.0047 0.068   0.0853
grp1:S2:ID2   0.0406   0.0396    -0.0391     0.1011 0.270   0.3194
Analysis of Variance Table
         Df Sum Sq Mean Sq  F value
grp       1  0.024   0.024   0.3250
S         2  0.272   0.136   1.8484
ID        2 74.415  37.208 505.0652
grp:S     2  0.034   0.017   0.2322
grp:ID    2  0.029   0.015   0.1976
S:ID      4  0.793   0.198   2.6918
grp:S:ID  4  0.596   0.149   2.0238
Linear mixed model fit by REML 
Formula: IDef ~ (1 | pp) + (1 | pp/S) + (1 | pp/ID) + (1 | pp/S:ID) +      grp * S * ID 
   Data: mdata 
 AIC   BIC logLik deviance REMLdev
 274 367.6   -111      139     222
Random effects:
 Groups   Name        Variance  Std.Dev.
 S:ID:pp  (Intercept) 0.0126879 0.112641
 ID:pp    (Intercept) 0.0097407 0.098695
 S:pp     (Intercept) 0.0388965 0.197222
 pp       (Intercept) 0.0013008 0.036067
 pp       (Intercept) 0.0013002 0.036058
 pp       (Intercept) 0.0013006 0.036064
 pp       (Intercept) 0.0012999 0.036054
 Residual             0.0736691 0.271420
Number of obs: 270, groups: S:ID:pp, 90; ID:pp, 30; S:pp, 30; pp, 10

Fixed effects:
            Estimate Std. Error t value
(Intercept)  4.43486    0.05055   87.74
grp1        -0.02883    0.05055   -0.57
S1          -0.11198    0.05849   -1.91
S2           0.06496    0.05849    1.11
ID1          1.12303    0.03843   29.22
ID2         -0.14546    0.03843   -3.78
grp1:S1      0.03912    0.05849    0.67
grp1:S2     -0.01295    0.05849   -0.22
grp1:ID1    -0.02195    0.03843   -0.57
grp1:ID2     0.01972    0.03843    0.51
S1:ID1      -0.02723    0.04069   -0.67
S2:ID1       0.03955    0.04069    0.97
S1:ID2      -0.09531    0.04069   -2.34
S2:ID2       0.04901    0.04069    1.20
grp1:S1:ID1  0.11450    0.04069    2.81
grp1:S2:ID1 -0.06365    0.04069   -1.56
grp1:S1:ID2 -0.07028    0.04069   -1.73
grp1:S2:ID2  0.04059    0.04069    1.00

Correlation of Fixed Effects:
            (Intr) grp1   S1     S2     ID1    ID2    gr1:S1 gr1:S2 g1:ID1
grp1         0.000                                                        
S1           0.000  0.000                                                 
S2           0.000  0.000 -0.500                                          
ID1          0.000  0.000  0.000  0.000                                   
ID2          0.000  0.000  0.000  0.000 -0.500                            
grp1:S1      0.000  0.000  0.000  0.000  0.000  0.000                     
grp1:S2      0.000  0.000  0.000  0.000  0.000  0.000 -0.500              
grp1:ID1     0.000  0.000  0.000  0.000  0.000  0.000  0.000  0.000       
grp1:ID2     0.000  0.000  0.000  0.000  0.000  0.000  0.000  0.000 -0.500
S1:ID1       0.000  0.000  0.000  0.000  0.000  0.000  0.000  0.000  0.000
S2:ID1       0.000  0.000  0.000  0.000  0.000  0.000  0.000  0.000  0.000
S1:ID2       0.000  0.000  0.000  0.000  0.000  0.000  0.000  0.000  0.000
S2:ID2       0.000  0.000  0.000  0.000  0.000  0.000  0.000  0.000  0.000
grp1:S1:ID1  0.000  0.000  0.000  0.000  0.000  0.000  0.000  0.000  0.000
grp1:S2:ID1  0.000  0.000  0.000  0.000  0.000  0.000  0.000  0.000  0.000
grp1:S1:ID2  0.000  0.000  0.000  0.000  0.000  0.000  0.000  0.000  0.000
grp1:S2:ID2  0.000  0.000  0.000  0.000  0.000  0.000  0.000  0.000  0.000
            g1:ID2 S1:ID1 S2:ID1 S1:ID2 S2:ID2 g1:S1:ID1 g1:S2:ID1 g1:S1:ID2
grp1                                                                        
S1                                                                          
S2                                                                          
ID1                                                                         
ID2                                                                         
grp1:S1                                                                     
grp1:S2                                                                     
grp1:ID1                                                                    
grp1:ID2                                                                    
S1:ID1       0.000                                                          
S2:ID1       0.000 -0.500                                                   
S1:ID2       0.000 -0.500  0.250                                            
S2:ID2       0.000  0.250 -0.500 -0.500                                     
grp1:S1:ID1  0.000  0.000  0.000  0.000  0.000                              
grp1:S2:ID1  0.000  0.000  0.000  0.000  0.000 -0.500                       
grp1:S1:ID2  0.000  0.000  0.000  0.000  0.000 -0.500     0.250             
grp1:S2:ID2  0.000  0.000  0.000  0.000  0.000  0.250    -0.500    -0.500   
Linear mixed model fit by REML 
Formula: IDef ~ (1 | pp) + (1 | pp/S) + (1 | pp/ID) + (1 | pp/S:ID) +      grp * S * ID 
   Data: mdata 
 AIC   BIC logLik deviance REMLdev
 274 367.6   -111      139     222
Random effects:
 Groups   Name        Variance  Std.Dev.
 S:ID:pp  (Intercept) 0.0126879 0.112641
 ID:pp    (Intercept) 0.0097407 0.098695
 S:pp     (Intercept) 0.0388965 0.197222
 pp       (Intercept) 0.0013008 0.036067
 pp       (Intercept) 0.0013002 0.036058
 pp       (Intercept) 0.0013006 0.036064
 pp       (Intercept) 0.0012999 0.036054
 Residual             0.0736691 0.271420
Number of obs: 270, groups: S:ID:pp, 90; ID:pp, 30; S:pp, 30; pp, 10

Fixed effects:
            Estimate Std. Error t value
(Intercept)  4.43486    0.05055   87.74
grp1        -0.02883    0.05055   -0.57
S1          -0.11198    0.05849   -1.91
S2           0.06496    0.05849    1.11
ID1          1.12303    0.03843   29.22
ID2         -0.14546    0.03843   -3.78
grp1:S1      0.03912    0.05849    0.67
grp1:S2     -0.01295    0.05849   -0.22
grp1:ID1    -0.02195    0.03843   -0.57
grp1:ID2     0.01972    0.03843    0.51
S1:ID1      -0.02723    0.04069   -0.67
S2:ID1       0.03955    0.04069    0.97
S1:ID2      -0.09531    0.04069   -2.34
S2:ID2       0.04901    0.04069    1.20
grp1:S1:ID1  0.11450    0.04069    2.81
grp1:S2:ID1 -0.06365    0.04069   -1.56
grp1:S1:ID2 -0.07028    0.04069   -1.73
grp1:S2:ID2  0.04059    0.04069    1.00

Correlation of Fixed Effects:
            (Intr) grp1   S1     S2     ID1    ID2    gr1:S1 gr1:S2 g1:ID1
grp1         0.000                                                        
S1           0.000  0.000                                                 
S2           0.000  0.000 -0.500                                          
ID1          0.000  0.000  0.000  0.000                                   
ID2          0.000  0.000  0.000  0.000 -0.500                            
grp1:S1      0.000  0.000  0.000  0.000  0.000  0.000                     
grp1:S2      0.000  0.000  0.000  0.000  0.000  0.000 -0.500              
grp1:ID1     0.000  0.000  0.000  0.000  0.000  0.000  0.000  0.000       
grp1:ID2     0.000  0.000  0.000  0.000  0.000  0.000  0.000  0.000 -0.500
S1:ID1       0.000  0.000  0.000  0.000  0.000  0.000  0.000  0.000  0.000
S2:ID1       0.000  0.000  0.000  0.000  0.000  0.000  0.000  0.000  0.000
S1:ID2       0.000  0.000  0.000  0.000  0.000  0.000  0.000  0.000  0.000
S2:ID2       0.000  0.000  0.000  0.000  0.000  0.000  0.000  0.000  0.000
grp1:S1:ID1  0.000  0.000  0.000  0.000  0.000  0.000  0.000  0.000  0.000
grp1:S2:ID1  0.000  0.000  0.000  0.000  0.000  0.000  0.000  0.000  0.000
grp1:S1:ID2  0.000  0.000  0.000  0.000  0.000  0.000  0.000  0.000  0.000
grp1:S2:ID2  0.000  0.000  0.000  0.000  0.000  0.000  0.000  0.000  0.000
            g1:ID2 S1:ID1 S2:ID1 S1:ID2 S2:ID2 g1:S1:ID1 g1:S2:ID1 g1:S1:ID2
grp1                                                                        
S1                                                                          
S2                                                                          
ID1                                                                         
ID2                                                                         
grp1:S1                                                                     
grp1:S2                                                                     
grp1:ID1                                                                    
grp1:ID2                                                                    
S1:ID1       0.000                                                          
S2:ID1       0.000 -0.500                                                   
S1:ID2       0.000 -0.500  0.250                                            
S2:ID2       0.000  0.250 -0.500 -0.500                                     
grp1:S1:ID1  0.000  0.000  0.000  0.000  0.000                              
grp1:S2:ID1  0.000  0.000  0.000  0.000  0.000 -0.500                       
grp1:S1:ID2  0.000  0.000  0.000  0.000  0.000 -0.500     0.250             
grp1:S2:ID2  0.000  0.000  0.000  0.000  0.000  0.250    -0.500    -0.500   
