[1] "Summary by group"
  grp      MT.m      MT.s
1   C 0.7128167 0.3976464
2   U 0.7706111 0.4492603
[1] "Summary by session\n"
  S      MT.m      MT.s
1 1 0.8418250 0.4262487
2 2 0.7184500 0.4400891
3 3 0.6648667 0.3916885
[1] "Summary by ID\n"
  ID      MT.m      MT.s
1  D 1.1298556 0.1765714
2  E 0.3535722 0.1605476
[1] "Summary by group + Session\n"
  grp S      MT.m      MT.s
1   C 1 0.8430667 0.4042182
2   C 2 0.6660500 0.3930480
3   C 3 0.6293333 0.3746620
4   U 1 0.8405833 0.4541427
5   U 2 0.7708500 0.4835989
6   U 3 0.7004000 0.4112738
[1] "Summary by Session + ID\n"
  S ID      MT.m      MT.s
1 1  D 1.2338500 0.1504128
2 1  E 0.4498000 0.1704435
3 2  D 1.1226333 0.1934294
4 2  E 0.3142667 0.1364761
5 3  D 1.0330833 0.1213016
6 3  E 0.2966500 0.1299938
[1] "Summary by group + ID\n"
  grp ID      MT.m      MT.s
1   C  D 1.0670889 0.1709221
2   C  E 0.3585444 0.1841253
3   U  D 1.1926222 0.1605949
4   U  E 0.3486000 0.1348488
[1] "Summary by group + Session + ID\n"
   grp S ID      MT.m       MT.s
1    C 1  D 1.2100667 0.11198818
2    C 1  E 0.4760667 0.19311894
3    C 2  D 1.0194667 0.17111488
4    C 2  E 0.3126333 0.15191392
5    C 3  D 0.9717333 0.12617489
6    C 3  E 0.2869333 0.15370715
7    U 1  D 1.2576333 0.18196315
8    U 1  E 0.4235333 0.14630002
9    U 2  D 1.2258000 0.15942036
10   U 2  E 0.3159000 0.12449214
11   U 3  D 1.0944333 0.08058356
12   U 3  E 0.3063667 0.10571465
