[1] "Summary by group"
  grp vfTrajCircularityR.m vfTrajCircularityR.s
1   C            0.7545376           0.06796064
2   U            0.7705870           0.06090252
[1] "Summary by session\n"
  S vfTrajCircularityR.m vfTrajCircularityR.s
1 1            0.7366049           0.05031945
2 2            0.7736878           0.06368560
3 3            0.7773942           0.07153255
[1] "Summary by DID\n"
  DID vfTrajCircularityR.m vfTrajCircularityR.s
1   1            0.7508010           0.06332401
2   2            0.7694481           0.06672408
3   3            0.7674378           0.06371726
[1] "Summary by group + Session\n"
  grp S vfTrajCircularityR.m vfTrajCircularityR.s
1   C 1            0.7225931           0.05171283
2   C 2            0.7645882           0.06773752
3   C 3            0.7764316           0.07187561
4   U 1            0.7506167           0.04523096
5   U 2            0.7827873           0.05870392
6   U 3            0.7783569           0.07198684
[1] "Summary by Session + DID\n"
  S DID vfTrajCircularityR.m vfTrajCircularityR.s
1 1   1            0.7167413           0.04225555
2 1   2            0.7481370           0.05722413
3 1   3            0.7449363           0.04575023
4 2   1            0.7655320           0.05951348
5 2   2            0.7757007           0.06612165
6 2   3            0.7798307           0.06649297
7 3   1            0.7701297           0.07188828
8 3   2            0.7845067           0.07260739
9 3   3            0.7775463           0.07181156
[1] "Summary by group + DID\n"
  grp DID vfTrajCircularityR.m vfTrajCircularityR.s
1   C   1            0.7488178           0.06670777
2   C   2            0.7573878           0.07105756
3   C   3            0.7574073           0.06720559
4   U   1            0.7527842           0.06044026
5   U   2            0.7815084           0.06048719
6   U   3            0.7774682           0.05907338
[1] "Summary by group + Session + DID\n"
   grp S DID vfTrajCircularityR.m vfTrajCircularityR.s
1    C 1   1            0.7080600           0.04747522
2    C 1   2            0.7219787           0.06336155
3    C 1   3            0.7377407           0.04078674
4    C 2   1            0.7573427           0.06268944
5    C 2   2            0.7646287           0.06193544
6    C 2   3            0.7717933           0.08088732
7    C 3   1            0.7810507           0.06950346
8    C 3   2            0.7855560           0.07595060
9    C 3   3            0.7626880           0.07295658
10   U 1   1            0.7254227           0.03582187
11   U 1   2            0.7742953           0.03608529
12   U 1   3            0.7521320           0.05060794
13   U 2   1            0.7737213           0.05712285
14   U 2   2            0.7867727           0.07041126
15   U 2   3            0.7878680           0.04977203
16   U 3   1            0.7592087           0.07495787
17   U 3   2            0.7834573           0.07175912
18   U 3   3            0.7924047           0.06990286
