[1] "q2 ~(S*ID*grp)+Error(pp/(S*ID))+grp"
$ANOVA
    Effect DFn DFd          F            p p<.05        ges
2      grp   1   8  3.1569578 1.135061e-01       0.07016055
3        S   2  16  4.2648818 3.276521e-02     * 0.13109842
4    grp:S   2  16  0.3895544 6.836105e-01       0.01359389
5       ID   2  16 67.4240482 1.601921e-08     * 0.64790314
6   grp:ID   2  16  0.5695369 5.768476e-01       0.01530581
7     S:ID   4  32  1.3295963 2.802446e-01       0.04861273
8 grp:S:ID   4  32  0.4439500 7.759156e-01       0.01677490

$`Mauchly's Test for Sphericity`
    Effect         W         p p<.05
3        S 0.5914067 0.1590750      
4    grp:S 0.5914067 0.1590750      
5       ID 0.9222521 0.7533100      
6   grp:ID 0.9222521 0.7533100      
7     S:ID 0.1484639 0.2149403      
8 grp:S:ID 0.1484639 0.2149403      

$`Sphericity Corrections`
    Effect       GGe        p[GG] p[GG]<.05       HFe        p[HF] p[HF]<.05
3        S 0.7099281 5.198081e-02           0.8190327 4.366191e-02         *
4    grp:S 0.7099281 6.170366e-01           0.8190327 6.447772e-01          
5       ID 0.9278608 4.845464e-08         * 1.1963564 1.601921e-08         *
6   grp:ID 0.9278608 5.652869e-01           1.1963564 5.768476e-01          
7     S:ID 0.5558128 2.919313e-01           0.7793857 2.872215e-01          
8 grp:S:ID 0.5558128 6.686421e-01           0.7793857 7.308004e-01          

