                  Estimate MCMCmean HPD95lower HPD95upper pMCMC Pr(>|t|)
(Intercept)         0.7151   0.7156     0.6733     0.7517 0.001   0.0000
grp1                0.0259   0.0258    -0.0112     0.0620 0.170   0.0749
S1                 -0.0539  -0.0544    -0.0727    -0.0323 0.001   0.0000
S2                  0.0123   0.0122    -0.0068     0.0326 0.192   0.2820
IDR1               -0.1334  -0.1338    -0.1552    -0.1117 0.001   0.0000
IDR2                0.0498   0.0501     0.0269     0.0718 0.001   0.0001
IDL1               -0.0696  -0.0699    -0.0906    -0.0499 0.001   0.0000
grp1:S1            -0.0166  -0.0158    -0.0343     0.0034 0.118   0.1476
grp1:S2             0.0103   0.0098    -0.0130     0.0286 0.300   0.3679
grp1:IDR1           0.0022   0.0019    -0.0211     0.0237 0.838   0.8612
grp1:IDR2          -0.0087  -0.0088    -0.0306     0.0137 0.438   0.4912
S1:IDR1            -0.0252  -0.0248    -0.0455    -0.0060 0.014   0.0792
S2:IDR1             0.0020   0.0021    -0.0183     0.0207 0.832   0.8914
S1:IDR2            -0.0192  -0.0194    -0.0389     0.0016 0.060   0.1797
S2:IDR2            -0.0060  -0.0060    -0.0235     0.0145 0.536   0.6775
grp1:IDL1           0.0035   0.0028    -0.0187     0.0238 0.758   0.7898
S1:IDL1            -0.0218  -0.0220    -0.0365    -0.0091 0.001   0.0319
S2:IDL1            -0.0059  -0.0056    -0.0183     0.0080 0.402   0.5630
IDR1:IDL1           0.0237   0.0238     0.0093     0.0365 0.001   0.0197
IDR2:IDL1           0.0155   0.0154     0.0018     0.0299 0.032   0.1269
grp1:S1:IDR1        0.0006   0.0008    -0.0179     0.0205 0.922   0.9687
grp1:S2:IDR1       -0.0018  -0.0020    -0.0205     0.0162 0.850   0.8975
grp1:S1:IDR2       -0.0082  -0.0084    -0.0276     0.0099 0.370   0.5678
grp1:S2:IDR2        0.0182   0.0181    -0.0003     0.0361 0.048   0.2046
grp1:S1:IDL1        0.0024   0.0023    -0.0106     0.0161 0.722   0.8117
grp1:S2:IDL1        0.0061   0.0065    -0.0073     0.0196 0.296   0.5453
grp1:IDR1:IDL1      0.0081   0.0081    -0.0047     0.0213 0.218   0.4221
grp1:IDR2:IDL1     -0.0547  -0.0550    -0.0686    -0.0417 0.001   0.0000
S1:IDR1:IDL1        0.0047   0.0050    -0.0128     0.0227 0.576   0.7406
S2:IDR1:IDL1        0.0263   0.0265     0.0096     0.0438 0.008   0.0663
S1:IDR2:IDL1       -0.0006  -0.0007    -0.0168     0.0197 0.932   0.9677
S2:IDR2:IDL1       -0.0277  -0.0282    -0.0445    -0.0088 0.001   0.0536
grp1:S1:IDR1:IDL1   0.0033   0.0030    -0.0165     0.0213 0.750   0.8155
grp1:S2:IDR1:IDL1  -0.0122  -0.0120    -0.0310     0.0049 0.198   0.3929
grp1:S1:IDR2:IDL1   0.0288   0.0292     0.0116     0.0466 0.004   0.0449
grp1:S2:IDR2:IDL1   0.0090   0.0089    -0.0077     0.0297 0.352   0.5289
NULL
       Length Class      Mode
fixed  6      data.frame list
random 7      data.frame list
Analysis of Variance Table
              Df  Sum Sq  Mean Sq F value
grp            1 0.01552 0.015519  3.1836
S              2 0.11913 0.059565 12.2192
IDR            2 0.56121 0.280604 57.5637
IDL            1 0.14035 0.140348 28.7913
grp:S          2 0.01045 0.005226  1.0720
grp:IDR        2 0.00250 0.001250  0.2564
S:IDR          4 0.06924 0.017309  3.5508
grp:IDL        1 0.00035 0.000347  0.0711
S:IDL          2 0.04035 0.020177  4.1392
IDR:IDL        2 0.07402 0.037008  7.5918
grp:S:IDR      4 0.00955 0.002389  0.4900
grp:S:IDL      2 0.00369 0.001844  0.3782
grp:IDR:IDL    2 0.16610 0.083052 17.0375
S:IDR:IDL      4 0.03463 0.008658  1.7762
grp:S:IDR:IDL  4 0.04712 0.011779  2.4163
Linear mixed model fit by REML 
Formula: get(vname) ~ (1 | pp) + (1 | pp/S) + (1 | pp/IDR) + (1 | pp/IDL) +      (1 | pp/S:IDR:IDL) + grp * S * IDR * IDL 
   Data: mdata 
    AIC    BIC logLik deviance REMLdev
 -679.3 -481.9  385.6    -1028  -771.3
Random effects:
 Groups       Name        Variance   Std.Dev.  
 S:IDR:IDL:pp (Intercept) 7.5810e-03 8.7069e-02
 IDR:pp       (Intercept) 8.3432e-04 2.8885e-02
 S:pp         (Intercept) 4.2376e-04 2.0585e-02
 IDL:pp       (Intercept) 2.3434e-03 4.8409e-02
 pp           (Intercept) 7.1871e-12 2.6809e-06
 pp           (Intercept) 0.0000e+00 0.0000e+00
 pp           (Intercept) 2.3420e-12 1.5304e-06
 pp           (Intercept) 0.0000e+00 0.0000e+00
 pp           (Intercept) 2.7637e-11 5.2571e-06
 Residual                 4.8747e-03 6.9819e-02
Number of obs: 540, groups: S:IDR:IDL:pp, 180; IDR:pp, 30; S:pp, 30; IDL:pp, 20; pp, 10

Fixed effects:
                    Estimate Std. Error t value
(Intercept)        0.7151212  0.0144998   49.32
grp1               0.0258826  0.0144998    1.79
S1                -0.0538965  0.0114252   -4.72
S2                 0.0123044  0.0114252    1.08
IDR1              -0.1334246  0.0125660  -10.62
IDR2               0.0498005  0.0125660    3.96
IDL1              -0.0696304  0.0129735   -5.37
grp1:S1           -0.0165690  0.0114252   -1.45
grp1:S2            0.0102965  0.0114252    0.90
grp1:IDR1          0.0021988  0.0125660    0.17
grp1:IDR2         -0.0086573  0.0125660   -0.69
S1:IDR1           -0.0251583  0.0143030   -1.76
S2:IDR1            0.0019547  0.0143030    0.14
S1:IDR2           -0.0192159  0.0143030   -1.34
S2:IDR2           -0.0059514  0.0143030   -0.42
grp1:IDL1          0.0034600  0.0129735    0.27
S1:IDL1           -0.0217596  0.0101137   -2.15
S2:IDL1           -0.0058533  0.0101137   -0.58
IDR1:IDL1          0.0236604  0.0101137    2.34
IDR2:IDL1          0.0154649  0.0101137    1.53
grp1:S1:IDR1       0.0005611  0.0143030    0.04
grp1:S2:IDR1      -0.0018436  0.0143030   -0.13
grp1:S1:IDR2      -0.0081756  0.0143030   -0.57
grp1:S2:IDR2       0.0181661  0.0143030    1.27
grp1:S1:IDL1       0.0024108  0.0101137    0.24
grp1:S2:IDL1       0.0061205  0.0101137    0.61
grp1:IDR1:IDL1     0.0081258  0.0101137    0.80
grp1:IDR2:IDL1    -0.0547057  0.0101137   -5.41
S1:IDR1:IDL1       0.0047381  0.0143030    0.33
S2:IDR1:IDL1       0.0263183  0.0143030    1.84
S1:IDR2:IDL1      -0.0005798  0.0143030   -0.04
S2:IDR2:IDL1      -0.0276685  0.0143030   -1.93
grp1:S1:IDR1:IDL1  0.0033389  0.0143030    0.23
grp1:S2:IDR1:IDL1 -0.0122306  0.0143030   -0.86
grp1:S1:IDR2:IDL1  0.0287572  0.0143030    2.01
grp1:S2:IDR2:IDL1  0.0090132  0.0143030    0.63

Correlation of Fixed Effects:
            (Intr) grp1   S1     S2     IDR1   IDR2   IDL1   gr1:S1 gr1:S2
grp1         0.000                                                        
S1           0.000  0.000                                                 
S2           0.000  0.000 -0.500                                          
IDR1         0.000  0.000  0.000  0.000                                   
IDR2         0.000  0.000  0.000  0.000 -0.500                            
IDL1         0.000  0.000  0.000  0.000  0.000  0.000                     
grp1:S1      0.000  0.000  0.000  0.000  0.000  0.000  0.000              
grp1:S2      0.000  0.000  0.000  0.000  0.000  0.000  0.000 -0.500       
grp1:IDR1    0.000  0.000  0.000  0.000  0.000  0.000  0.000  0.000  0.000
grp1:IDR2    0.000  0.000  0.000  0.000  0.000  0.000  0.000  0.000  0.000
S1:IDR1      0.000  0.000  0.000  0.000  0.000  0.000  0.000  0.000  0.000
S2:IDR1      0.000  0.000  0.000  0.000  0.000  0.000  0.000  0.000  0.000
S1:IDR2      0.000  0.000  0.000  0.000  0.000  0.000  0.000  0.000  0.000
S2:IDR2      0.000  0.000  0.000  0.000  0.000  0.000  0.000  0.000  0.000
grp1:IDL1    0.000  0.000  0.000  0.000  0.000  0.000  0.000  0.000  0.000
S1:IDL1      0.000  0.000  0.000  0.000  0.000  0.000  0.000  0.000  0.000
S2:IDL1      0.000  0.000  0.000  0.000  0.000  0.000  0.000  0.000  0.000
IDR1:IDL1    0.000  0.000  0.000  0.000  0.000  0.000  0.000  0.000  0.000
IDR2:IDL1    0.000  0.000  0.000  0.000  0.000  0.000  0.000  0.000  0.000
gr1:S1:IDR1  0.000  0.000  0.000  0.000  0.000  0.000  0.000  0.000  0.000
gr1:S2:IDR1  0.000  0.000  0.000  0.000  0.000  0.000  0.000  0.000  0.000
gr1:S1:IDR2  0.000  0.000  0.000  0.000  0.000  0.000  0.000  0.000  0.000
gr1:S2:IDR2  0.000  0.000  0.000  0.000  0.000  0.000  0.000  0.000  0.000
gr1:S1:IDL1  0.000  0.000  0.000  0.000  0.000  0.000  0.000  0.000  0.000
gr1:S2:IDL1  0.000  0.000  0.000  0.000  0.000  0.000  0.000  0.000  0.000
g1:IDR1:IDL  0.000  0.000  0.000  0.000  0.000  0.000  0.000  0.000  0.000
g1:IDR2:IDL  0.000  0.000  0.000  0.000  0.000  0.000  0.000  0.000  0.000
S1:IDR1:IDL  0.000  0.000  0.000  0.000  0.000  0.000  0.000  0.000  0.000
S2:IDR1:IDL  0.000  0.000  0.000  0.000  0.000  0.000  0.000  0.000  0.000
S1:IDR2:IDL  0.000  0.000  0.000  0.000  0.000  0.000  0.000  0.000  0.000
S2:IDR2:IDL  0.000  0.000  0.000  0.000  0.000  0.000  0.000  0.000  0.000
g1:S1:IDR1:  0.000  0.000  0.000  0.000  0.000  0.000  0.000  0.000  0.000
g1:S2:IDR1:  0.000  0.000  0.000  0.000  0.000  0.000  0.000  0.000  0.000
g1:S1:IDR2:  0.000  0.000  0.000  0.000  0.000  0.000  0.000  0.000  0.000
g1:S2:IDR2:  0.000  0.000  0.000  0.000  0.000  0.000  0.000  0.000  0.000
            gr1:IDR1 gr1:IDR2 S1:IDR1 S2:IDR1 S1:IDR2 S2:IDR2 g1:IDL S1:IDL
grp1                                                                       
S1                                                                         
S2                                                                         
IDR1                                                                       
IDR2                                                                       
IDL1                                                                       
grp1:S1                                                                    
grp1:S2                                                                    
grp1:IDR1                                                                  
grp1:IDR2   -0.500                                                         
S1:IDR1      0.000    0.000                                                
S2:IDR1      0.000    0.000   -0.500                                       
S1:IDR2      0.000    0.000   -0.500   0.250                               
S2:IDR2      0.000    0.000    0.250  -0.500  -0.500                       
grp1:IDL1    0.000    0.000    0.000   0.000   0.000   0.000               
S1:IDL1      0.000    0.000    0.000   0.000   0.000   0.000   0.000       
S2:IDL1      0.000    0.000    0.000   0.000   0.000   0.000   0.000 -0.500
IDR1:IDL1    0.000    0.000    0.000   0.000   0.000   0.000   0.000  0.000
IDR2:IDL1    0.000    0.000    0.000   0.000   0.000   0.000   0.000  0.000
gr1:S1:IDR1  0.000    0.000    0.000   0.000   0.000   0.000   0.000  0.000
gr1:S2:IDR1  0.000    0.000    0.000   0.000   0.000   0.000   0.000  0.000
gr1:S1:IDR2  0.000    0.000    0.000   0.000   0.000   0.000   0.000  0.000
gr1:S2:IDR2  0.000    0.000    0.000   0.000   0.000   0.000   0.000  0.000
gr1:S1:IDL1  0.000    0.000    0.000   0.000   0.000   0.000   0.000  0.000
gr1:S2:IDL1  0.000    0.000    0.000   0.000   0.000   0.000   0.000  0.000
g1:IDR1:IDL  0.000    0.000    0.000   0.000   0.000   0.000   0.000  0.000
g1:IDR2:IDL  0.000    0.000    0.000   0.000   0.000   0.000   0.000  0.000
S1:IDR1:IDL  0.000    0.000    0.000   0.000   0.000   0.000   0.000  0.000
S2:IDR1:IDL  0.000    0.000    0.000   0.000   0.000   0.000   0.000  0.000
S1:IDR2:IDL  0.000    0.000    0.000   0.000   0.000   0.000   0.000  0.000
S2:IDR2:IDL  0.000    0.000    0.000   0.000   0.000   0.000   0.000  0.000
g1:S1:IDR1:  0.000    0.000    0.000   0.000   0.000   0.000   0.000  0.000
g1:S2:IDR1:  0.000    0.000    0.000   0.000   0.000   0.000   0.000  0.000
g1:S1:IDR2:  0.000    0.000    0.000   0.000   0.000   0.000   0.000  0.000
g1:S2:IDR2:  0.000    0.000    0.000   0.000   0.000   0.000   0.000  0.000
            S2:IDL IDR1:I IDR2:I gr1:S1:IDR1 gr1:S2:IDR1 gr1:S1:IDR2
grp1                                                                
S1                                                                  
S2                                                                  
IDR1                                                                
IDR2                                                                
IDL1                                                                
grp1:S1                                                             
grp1:S2                                                             
grp1:IDR1                                                           
grp1:IDR2                                                           
S1:IDR1                                                             
S2:IDR1                                                             
S1:IDR2                                                             
S2:IDR2                                                             
grp1:IDL1                                                           
S1:IDL1                                                             
S2:IDL1                                                             
IDR1:IDL1    0.000                                                  
IDR2:IDL1    0.000 -0.500                                           
gr1:S1:IDR1  0.000  0.000  0.000                                    
gr1:S2:IDR1  0.000  0.000  0.000 -0.500                             
gr1:S1:IDR2  0.000  0.000  0.000 -0.500       0.250                 
gr1:S2:IDR2  0.000  0.000  0.000  0.250      -0.500      -0.500     
gr1:S1:IDL1  0.000  0.000  0.000  0.000       0.000       0.000     
gr1:S2:IDL1  0.000  0.000  0.000  0.000       0.000       0.000     
g1:IDR1:IDL  0.000  0.000  0.000  0.000       0.000       0.000     
g1:IDR2:IDL  0.000  0.000  0.000  0.000       0.000       0.000     
S1:IDR1:IDL  0.000  0.000  0.000  0.000       0.000       0.000     
S2:IDR1:IDL  0.000  0.000  0.000  0.000       0.000       0.000     
S1:IDR2:IDL  0.000  0.000  0.000  0.000       0.000       0.000     
S2:IDR2:IDL  0.000  0.000  0.000  0.000       0.000       0.000     
g1:S1:IDR1:  0.000  0.000  0.000  0.000       0.000       0.000     
g1:S2:IDR1:  0.000  0.000  0.000  0.000       0.000       0.000     
g1:S1:IDR2:  0.000  0.000  0.000  0.000       0.000       0.000     
g1:S2:IDR2:  0.000  0.000  0.000  0.000       0.000       0.000     
            gr1:S2:IDR2 g1:S1:IDL g1:S2:IDL g1:IDR1: g1:IDR2: S1:IDR1: S2:IDR1:
grp1                                                                           
S1                                                                             
S2                                                                             
IDR1                                                                           
IDR2                                                                           
IDL1                                                                           
grp1:S1                                                                        
grp1:S2                                                                        
grp1:IDR1                                                                      
grp1:IDR2                                                                      
S1:IDR1                                                                        
S2:IDR1                                                                        
S1:IDR2                                                                        
S2:IDR2                                                                        
grp1:IDL1                                                                      
S1:IDL1                                                                        
S2:IDL1                                                                        
IDR1:IDL1                                                                      
IDR2:IDL1                                                                      
gr1:S1:IDR1                                                                    
gr1:S2:IDR1                                                                    
gr1:S1:IDR2                                                                    
gr1:S2:IDR2                                                                    
gr1:S1:IDL1  0.000                                                             
gr1:S2:IDL1  0.000      -0.500                                                 
g1:IDR1:IDL  0.000       0.000     0.000                                       
g1:IDR2:IDL  0.000       0.000     0.000    -0.500                             
S1:IDR1:IDL  0.000       0.000     0.000     0.000    0.000                    
S2:IDR1:IDL  0.000       0.000     0.000     0.000    0.000   -0.500           
S1:IDR2:IDL  0.000       0.000     0.000     0.000    0.000   -0.500    0.250  
S2:IDR2:IDL  0.000       0.000     0.000     0.000    0.000    0.250   -0.500  
g1:S1:IDR1:  0.000       0.000     0.000     0.000    0.000    0.000    0.000  
g1:S2:IDR1:  0.000       0.000     0.000     0.000    0.000    0.000    0.000  
g1:S1:IDR2:  0.000       0.000     0.000     0.000    0.000    0.000    0.000  
g1:S2:IDR2:  0.000       0.000     0.000     0.000    0.000    0.000    0.000  
            S1:IDR2: S2:IDR2: g1:S1:IDR1: g1:S2:IDR1: g1:S1:IDR2:
grp1                                                             
S1                                                               
S2                                                               
IDR1                                                             
IDR2                                                             
IDL1                                                             
grp1:S1                                                          
grp1:S2                                                          
grp1:IDR1                                                        
grp1:IDR2                                                        
S1:IDR1                                                          
S2:IDR1                                                          
S1:IDR2                                                          
S2:IDR2                                                          
grp1:IDL1                                                        
S1:IDL1                                                          
S2:IDL1                                                          
IDR1:IDL1                                                        
IDR2:IDL1                                                        
gr1:S1:IDR1                                                      
gr1:S2:IDR1                                                      
gr1:S1:IDR2                                                      
gr1:S2:IDR2                                                      
gr1:S1:IDL1                                                      
gr1:S2:IDL1                                                      
g1:IDR1:IDL                                                      
g1:IDR2:IDL                                                      
S1:IDR1:IDL                                                      
S2:IDR1:IDL                                                      
S1:IDR2:IDL                                                      
S2:IDR2:IDL -0.500                                               
g1:S1:IDR1:  0.000    0.000                                      
g1:S2:IDR1:  0.000    0.000   -0.500                             
g1:S1:IDR2:  0.000    0.000   -0.500       0.250                 
g1:S2:IDR2:  0.000    0.000    0.250      -0.500      -0.500     
