[1] "q3L ~S*IDR*IDL*grp + Error(pp/(S*IDR*IDL))"
$ANOVA
          Effect DFn DFd           F            p p<.05          ges
2            grp   1   8  1.83882250 0.2121210780       0.1010480012
3              S   2  16  8.00724575 0.0038921269     * 0.0826048343
5            IDR   2  16  3.62501849 0.0503003120       0.0208490915
7            IDL   1   8 36.28404899 0.0003150015     * 0.2026191312
4          grp:S   2  16  5.27491089 0.0173967043     * 0.0559957342
6        grp:IDR   2  16  5.49507176 0.0152517020     * 0.0312682921
8        grp:IDL   1   8  0.05639145 0.8182616130       0.0003947668
9          S:IDR   4  32  0.73600971 0.5742863015       0.0090282698
11         S:IDL   2  16  0.53552449 0.5954951009       0.0049184360
13       IDR:IDL   2  16  0.91954126 0.4187740349       0.0043417035
10     grp:S:IDR   4  32  1.04039887 0.4017541775       0.0127145886
12     grp:S:IDL   2  16  0.04807849 0.9531961321       0.0004435546
14   grp:IDR:IDL   2  16  2.99834555 0.0783611881       0.0140193762
15     S:IDR:IDL   4  32  0.34355149 0.8464893597       0.0045817879
16 grp:S:IDR:IDL   4  32  0.33318042 0.8535646818       0.0044440885

$`Mauchly's Test for Sphericity`
          Effect         W         p p<.05
3              S 0.9937578 0.9783224      
4          grp:S 0.9937578 0.9783224      
5            IDR 0.8336490 0.5289825      
6        grp:IDR 0.8336490 0.5289825      
9          S:IDR 0.1989276 0.3401791      
10     grp:S:IDR 0.1989276 0.3401791      
11         S:IDL 0.7379895 0.3452834      
12     grp:S:IDL 0.7379895 0.3452834      
13       IDR:IDL 0.8582752 0.5857238      
14   grp:IDR:IDL 0.8582752 0.5857238      
15     S:IDR:IDL 0.3293629 0.6383969      
16 grp:S:IDR:IDL 0.3293629 0.6383969      

$`Sphericity Corrections`
          Effect       GGe      p[GG] p[GG]<.05       HFe       p[HF] p[HF]<.05
3              S 0.9937966 0.00397565         * 1.3212960 0.003892127         *
4          grp:S 0.9937966 0.01762578         * 1.3212960 0.017396704         *
5            IDR 0.8573748 0.05999576           1.0685929 0.050300312          
6        grp:IDR 0.8573748 0.02096532         * 1.0685929 0.015251702         *
9          S:IDR 0.6585257 0.52590191           1.0113373 0.574286301          
10     grp:S:IDR 0.6585257 0.38775152           1.0113373 0.401754178          
11         S:IDL 0.7923864 0.55783437           0.9557694 0.588128705          
12     grp:S:IDL 0.7923864 0.92172987           0.9557694 0.947851974          
13       IDR:IDL 0.8758678 0.40922733           1.1015555 0.418774035          
14   grp:IDR:IDL 0.8758678 0.08749407           1.1015555 0.078361188          
15     S:IDR:IDL 0.6245731 0.75867748           0.9308306 0.833877710          
16 grp:S:IDR:IDL 0.6245731 0.76602573           0.9308306 0.841066713          

