[1] "Summary by group"
  grp    MTR.m     MTR.s
1   C 1.096354 0.4839549
2   U 1.158056 0.5795728
[1] "Summary by session\n"
  S     MTR.m     MTR.s
1 1 1.3431833 0.5675461
2 2 1.0641778 0.4933241
3 3 0.9742528 0.4687591
[1] "Summary by IDR+IDR\n"
  IDL IDR     MTR.m     MTR.s
1   D   D 1.7492389 0.3898765
2   D   M 1.3449333 0.3641574
3   D   E 1.0934500 0.4343368
4   E   D 1.2949333 0.3012547
5   E   M 0.8418278 0.3101780
6   E   E 0.4388444 0.1959014
[1] "Summary by group + Session\n"
  grp S     MTR.m     MTR.s
1   C 1 1.3278778 0.5163309
2   C 2 1.0303389 0.4476145
3   C 3 0.9308444 0.3932303
4   U 1 1.3584889 0.6170616
5   U 2 1.0980167 0.5355345
6   U 3 1.0176611 0.5324454
[1] "Summary by Session + IDR + IDL \n"
   S IDL IDR     MTR.m     MTR.s
1  1   D   D 2.1052333 0.3692208
2  1   D   M 1.6378167 0.3189600
3  1   D   E 1.3996667 0.3884866
4  1   E   D 1.3810833 0.2313826
5  1   E   M 0.9566833 0.2279503
6  1   E   E 0.5786167 0.1977890
7  2   D   D 1.6362167 0.2302721
8  2   D   M 1.3180167 0.2799641
9  2   D   E 1.0143333 0.4034586
10 2   E   D 1.2419333 0.2863073
11 2   E   M 0.7718333 0.3468961
12 2   E   E 0.4027333 0.1557136
13 3   D   D 1.5062667 0.2678748
14 3   D   M 1.0789667 0.2533699
15 3   D   E 0.8663500 0.3292793
16 3   E   D 1.2617833 0.3623423
17 3   E   M 0.7969667 0.3196427
18 3   E   E 0.3351833 0.1474329
[1] "Summary by group + IDR + IDL\n"
   grp IDL IDR     MTR.m     MTR.s
1    C   D   D 1.6508111 0.3810746
2    C   D   M 1.3970889 0.2599892
3    C   D   E 1.2348778 0.2065434
4    C   E   D 1.1510111 0.2209178
5    C   E   M 0.7066333 0.2207328
6    C   E   E 0.4377000 0.2242394
7    U   D   D 1.8476667 0.3773959
8    U   D   M 1.2927778 0.4416748
9    U   D   E 0.9520222 0.5459043
10   U   E   D 1.4388556 0.3039704
11   U   E   M 0.9770222 0.3293913
12   U   E   E 0.4399889 0.1653509
[1] "Summary by group + Session + IDR + IDL\n"
   grp S IDL IDR     MTR.m      MTR.s
1    C 1   D   D 2.0066333 0.39816887
2    C 1   D   M 1.6690667 0.19430231
3    C 1   D   E 1.4391000 0.15409936
4    C 1   E   D 1.3242000 0.16116992
5    C 1   E   M 0.9180333 0.17328656
6    C 1   E   E 0.6102333 0.23532029
7    C 2   D   D 1.5472000 0.19222622
8    C 2   D   M 1.3395333 0.15221020
9    C 2   D   E 1.1847667 0.16717366
10   C 2   E   D 1.1262667 0.22715169
11   C 2   E   M 0.6116333 0.17896912
12   C 2   E   E 0.3726333 0.16320522
13   C 3   D   D 1.3986000 0.21354250
14   C 3   D   M 1.1826667 0.13947179
15   C 3   D   E 1.0807667 0.09776628
16   C 3   E   D 1.0025667 0.13931937
17   C 3   E   M 0.5902333 0.13785006
18   C 3   E   E 0.3302333 0.16497758
19   U 1   D   D 2.2038333 0.32095826
20   U 1   D   M 1.6065667 0.41339055
21   U 1   D   E 1.3602333 0.53436414
22   U 1   E   D 1.4379667 0.27926782
23   U 1   E   M 0.9953333 0.27277271
24   U 1   E   E 0.5470000 0.15335451
25   U 2   D   D 1.7252333 0.23644690
26   U 2   D   M 1.2965000 0.37175044
27   U 2   D   E 0.8439000 0.49698395
28   U 2   E   D 1.3576000 0.29921935
29   U 2   E   M 0.9320333 0.40279641
30   U 2   E   E 0.4328333 0.14713255
31   U 3   D   D 1.6139333 0.27964019
32   U 3   D   M 0.9752667 0.30080237
33   U 3   D   E 0.6519333 0.34134926
34   U 3   E   D 1.5210000 0.32949415
35   U 3   E   M 1.0037000 0.31789204
36   U 3   E   E 0.3401333 0.13324956
