            Estimate MCMCmean HPD95lower HPD95upper pMCMC Pr(>|t|)
(Intercept)   0.8337   0.8337     0.8210     0.8456 0.001   0.0000
grp1         -0.0020  -0.0020    -0.0146     0.0088 0.714   0.7600
S1           -0.0129  -0.0129    -0.0187    -0.0074 0.001   0.0001
S2            0.0011   0.0012    -0.0044     0.0070 0.678   0.7186
ID1           0.0000   0.0000    -0.0070     0.0072 1.000   0.9976
grp1:S1       0.0044   0.0044    -0.0013     0.0103 0.130   0.1652
grp1:S2      -0.0019  -0.0019    -0.0074     0.0038 0.524   0.5484
grp1:ID1     -0.0010  -0.0011    -0.0076     0.0056 0.718   0.8262
S1:ID1        0.0023   0.0022    -0.0027     0.0077 0.426   0.3349
S2:ID1       -0.0025  -0.0026    -0.0077     0.0021 0.326   0.2944
grp1:S1:ID1  -0.0028  -0.0029    -0.0073     0.0031 0.242   0.2400
grp1:S2:ID1  -0.0012  -0.0011    -0.0065     0.0039 0.688   0.6307
Analysis of Variance Table
         Df    Sum Sq   Mean Sq F value
grp       1 0.0000489 0.0000489  0.0934
S         2 0.0107121 0.0053561 10.2250
ID        1 0.0000000 0.0000000  0.0000
grp:S     2 0.0010241 0.0005121  0.9775
grp:ID    1 0.0000253 0.0000253  0.0484
S:ID      2 0.0007154 0.0003577  0.6829
grp:S:ID  2 0.0015297 0.0007649  1.4602
Linear mixed model fit by REML 
Formula: Circularity ~ (1 | pp) + (1 | pp/S) + (1 | pp/ID) + (1 | pp/S:ID) +      grp * S * ID 
   Data: mdata 
    AIC    BIC logLik deviance REMLdev
 -648.1 -584.3  344.1   -803.5  -688.1
Random effects:
 Groups   Name        Variance   Std.Dev. 
 S:ID:pp  (Intercept) 0.0000e+00 0.0000000
 S:pp     (Intercept) 6.2552e-05 0.0079090
 ID:pp    (Intercept) 3.7923e-04 0.0194737
 pp       (Intercept) 4.7800e-05 0.0069138
 pp       (Intercept) 4.7764e-05 0.0069112
 pp       (Intercept) 4.7746e-05 0.0069098
 pp       (Intercept) 4.7638e-05 0.0069020
 Residual             5.2382e-04 0.0228871
Number of obs: 180, groups: S:ID:pp, 60; S:pp, 30; ID:pp, 20; pp, 10

Fixed effects:
              Estimate Std. Error t value
(Intercept)  8.337e-01  6.561e-03  127.07
grp1        -2.008e-03  6.561e-03   -0.31
S1          -1.291e-02  3.161e-03   -4.08
S2           1.141e-03  3.161e-03    0.36
ID1         -1.389e-05  4.677e-03    0.00
grp1:S1      4.406e-03  3.161e-03    1.39
grp1:S2     -1.901e-03  3.161e-03   -0.60
grp1:ID1    -1.028e-03  4.677e-03   -0.22
S1:ID1       2.333e-03  2.413e-03    0.97
S2:ID1      -2.537e-03  2.413e-03   -1.05
grp1:S1:ID1 -2.845e-03  2.413e-03   -1.18
grp1:S2:ID1 -1.162e-03  2.413e-03   -0.48

Correlation of Fixed Effects:
            (Intr) grp1   S1     S2     ID1    gr1:S1 gr1:S2 g1:ID1 S1:ID1
grp1         0.000                                                        
S1           0.000  0.000                                                 
S2           0.000  0.000 -0.500                                          
ID1          0.000  0.000  0.000  0.000                                   
grp1:S1      0.000  0.000  0.000  0.000  0.000                            
grp1:S2      0.000  0.000  0.000  0.000  0.000 -0.500                     
grp1:ID1     0.000  0.000  0.000  0.000  0.000  0.000  0.000              
S1:ID1       0.000  0.000  0.000  0.000  0.000  0.000  0.000  0.000       
S2:ID1       0.000  0.000  0.000  0.000  0.000  0.000  0.000  0.000 -0.500
grp1:S1:ID1  0.000  0.000  0.000  0.000  0.000  0.000  0.000  0.000  0.000
grp1:S2:ID1  0.000  0.000  0.000  0.000  0.000  0.000  0.000  0.000  0.000
            S2:ID1 g1:S1:
grp1                     
S1                       
S2                       
ID1                      
grp1:S1                  
grp1:S2                  
grp1:ID1                 
S1:ID1                   
S2:ID1                   
grp1:S1:ID1  0.000       
grp1:S2:ID1  0.000 -0.500
Linear mixed model fit by REML 
Formula: Circularity ~ (1 | pp) + (1 | pp/S) + (1 | pp/ID) + (1 | pp/S:ID) +      grp * S * ID 
   Data: mdata 
    AIC    BIC logLik deviance REMLdev
 -648.1 -584.3  344.1   -803.5  -688.1
Random effects:
 Groups   Name        Variance   Std.Dev. 
 S:ID:pp  (Intercept) 0.0000e+00 0.0000000
 S:pp     (Intercept) 6.2552e-05 0.0079090
 ID:pp    (Intercept) 3.7923e-04 0.0194737
 pp       (Intercept) 4.7800e-05 0.0069138
 pp       (Intercept) 4.7764e-05 0.0069112
 pp       (Intercept) 4.7746e-05 0.0069098
 pp       (Intercept) 4.7638e-05 0.0069020
 Residual             5.2382e-04 0.0228871
Number of obs: 180, groups: S:ID:pp, 60; S:pp, 30; ID:pp, 20; pp, 10

Fixed effects:
              Estimate Std. Error t value
(Intercept)  8.337e-01  6.561e-03  127.07
grp1        -2.008e-03  6.561e-03   -0.31
S1          -1.291e-02  3.161e-03   -4.08
S2           1.141e-03  3.161e-03    0.36
ID1         -1.389e-05  4.677e-03    0.00
grp1:S1      4.406e-03  3.161e-03    1.39
grp1:S2     -1.901e-03  3.161e-03   -0.60
grp1:ID1    -1.028e-03  4.677e-03   -0.22
S1:ID1       2.333e-03  2.413e-03    0.97
S2:ID1      -2.537e-03  2.413e-03   -1.05
grp1:S1:ID1 -2.845e-03  2.413e-03   -1.18
grp1:S2:ID1 -1.162e-03  2.413e-03   -0.48

Correlation of Fixed Effects:
            (Intr) grp1   S1     S2     ID1    gr1:S1 gr1:S2 g1:ID1 S1:ID1
grp1         0.000                                                        
S1           0.000  0.000                                                 
S2           0.000  0.000 -0.500                                          
ID1          0.000  0.000  0.000  0.000                                   
grp1:S1      0.000  0.000  0.000  0.000  0.000                            
grp1:S2      0.000  0.000  0.000  0.000  0.000 -0.500                     
grp1:ID1     0.000  0.000  0.000  0.000  0.000  0.000  0.000              
S1:ID1       0.000  0.000  0.000  0.000  0.000  0.000  0.000  0.000       
S2:ID1       0.000  0.000  0.000  0.000  0.000  0.000  0.000  0.000 -0.500
grp1:S1:ID1  0.000  0.000  0.000  0.000  0.000  0.000  0.000  0.000  0.000
grp1:S2:ID1  0.000  0.000  0.000  0.000  0.000  0.000  0.000  0.000  0.000
            S2:ID1 g1:S1:
grp1                     
S1                       
S2                       
ID1                      
grp1:S1                  
grp1:S2                  
grp1:ID1                 
S1:ID1                   
S2:ID1                   
grp1:S1:ID1  0.000       
grp1:S2:ID1  0.000 -0.500
