[1] "q1 ~(S*ID*grp)+Error(pp/(S*ID))+grp"
$ANOVA
    Effect DFn DFd          F            p p<.05         ges
2      grp   1   8  1.6710094 0.2322055531       0.031639112
3        S   2  16  0.3541651 0.7071238266       0.011890180
4    grp:S   2  16  0.3410749 0.7160506068       0.011455746
5       ID   1   8 33.3000749 0.0004189849     * 0.446384098
6   grp:ID   1   8  4.2714965 0.0725936328       0.093732737
7     S:ID   2  16  0.1933866 0.8260613756       0.009056198
8 grp:S:ID   2  16  1.1119414 0.3530470249       0.049924152

$`Mauchly's Test for Sphericity`
    Effect         W         p p<.05
3        S 0.7623689 0.3868816      
4    grp:S 0.7623689 0.3868816      
7     S:ID 0.7043726 0.2932977      
8 grp:S:ID 0.7043726 0.2932977      

$`Sphericity Corrections`
    Effect       GGe     p[GG] p[GG]<.05       HFe     p[HF] p[HF]<.05
3        S 0.8079952 0.6642855           0.9824479 0.7035801          
4    grp:S 0.8079952 0.6727592           0.9824479 0.7124748          
7     S:ID 0.7718268 0.7711421           0.9210227 0.8091392          
8 grp:S:ID 0.7718268 0.3433882           0.9210227 0.3502167          

