            Estimate MCMCmean HPD95lower HPD95upper pMCMC Pr(>|t|)
(Intercept)   0.8687   0.8690     0.8558     0.8851 0.001   0.0000
grp1         -0.0057  -0.0056    -0.0228     0.0066 0.398   0.2235
S1           -0.0045  -0.0044    -0.0149     0.0069 0.410   0.4779
S2            0.0006   0.0005    -0.0102     0.0123 0.928   0.9198
ID1           0.0281   0.0281     0.0198     0.0361 0.001   0.0000
grp1:S1       0.0011   0.0012    -0.0100     0.0119 0.848   0.8658
grp1:S2      -0.0045  -0.0047    -0.0149     0.0065 0.400   0.4712
grp1:ID1     -0.0101  -0.0099    -0.0182    -0.0022 0.020   0.0311
S1:ID1        0.0015   0.0013    -0.0079     0.0125 0.820   0.8093
S2:ID1        0.0027   0.0029    -0.0069     0.0130 0.572   0.6743
grp1:S1:ID1  -0.0072  -0.0074    -0.0167     0.0036 0.140   0.2560
grp1:S2:ID1  -0.0026  -0.0027    -0.0127     0.0074 0.636   0.6800
Analysis of Variance Table
         Df   Sum Sq  Mean Sq F value
grp       1 0.003012 0.003012  1.4931
S         2 0.001195 0.000598  0.2963
ID        1 0.074342 0.074342 36.8459
grp:S     2 0.001151 0.000576  0.2853
grp:ID    1 0.009536 0.009536  4.7263
S:ID      2 0.000908 0.000454  0.2250
grp:S:ID  2 0.005221 0.002610  1.2937
Linear mixed model fit by REML 
Formula: q1 ~ (1 | pp) + (1 | pp/S) + (1 | pp/ID) + (1 | pp/S:ID) + grp *      S * ID 
   Data: mdata 
    AIC    BIC logLik deviance REMLdev
 -439.3 -375.4  239.6   -582.9  -479.3
Random effects:
 Groups   Name        Variance   Std.Dev.  
 S:ID:pp  (Intercept) 5.1834e-04 2.2767e-02
 S:pp     (Intercept) 0.0000e+00 0.0000e+00
 ID:pp    (Intercept) 3.0777e-05 5.5477e-03
 pp       (Intercept) 1.8551e-13 4.3071e-07
 pp       (Intercept) 0.0000e+00 0.0000e+00
 pp       (Intercept) 0.0000e+00 0.0000e+00
 pp       (Intercept) 8.7346e-12 2.9554e-06
 Residual             2.0176e-03 4.4918e-02
Number of obs: 180, groups: S:ID:pp, 60; S:pp, 30; ID:pp, 20; pp, 10

Fixed effects:
              Estimate Std. Error t value
(Intercept)  0.8687335  0.0046246  187.85
grp1        -0.0056508  0.0046246   -1.22
S1          -0.0044817  0.0063005   -0.71
S2           0.0006357  0.0063005    0.10
ID1          0.0280717  0.0046246    6.07
grp1:S1      0.0010660  0.0063005    0.17
grp1:S2     -0.0045500  0.0063005   -0.72
grp1:ID1    -0.0100539  0.0046246   -2.17
S1:ID1       0.0015231  0.0063005    0.24
S2:ID1       0.0026528  0.0063005    0.42
grp1:S1:ID1 -0.0071806  0.0063005   -1.14
grp1:S2:ID1 -0.0026036  0.0063005   -0.41

Correlation of Fixed Effects:
            (Intr) grp1   S1     S2     ID1    gr1:S1 gr1:S2 g1:ID1 S1:ID1
grp1         0.000                                                        
S1           0.000  0.000                                                 
S2           0.000  0.000 -0.500                                          
ID1          0.000  0.000  0.000  0.000                                   
grp1:S1      0.000  0.000  0.000  0.000  0.000                            
grp1:S2      0.000  0.000  0.000  0.000  0.000 -0.500                     
grp1:ID1     0.000  0.000  0.000  0.000  0.000  0.000  0.000              
S1:ID1       0.000  0.000  0.000  0.000  0.000  0.000  0.000  0.000       
S2:ID1       0.000  0.000  0.000  0.000  0.000  0.000  0.000  0.000 -0.500
grp1:S1:ID1  0.000  0.000  0.000  0.000  0.000  0.000  0.000  0.000  0.000
grp1:S2:ID1  0.000  0.000  0.000  0.000  0.000  0.000  0.000  0.000  0.000
            S2:ID1 g1:S1:
grp1                     
S1                       
S2                       
ID1                      
grp1:S1                  
grp1:S2                  
grp1:ID1                 
S1:ID1                   
S2:ID1                   
grp1:S1:ID1  0.000       
grp1:S2:ID1  0.000 -0.500
Linear mixed model fit by REML 
Formula: q1 ~ (1 | pp) + (1 | pp/S) + (1 | pp/ID) + (1 | pp/S:ID) + grp *      S * ID 
   Data: mdata 
    AIC    BIC logLik deviance REMLdev
 -439.3 -375.4  239.6   -582.9  -479.3
Random effects:
 Groups   Name        Variance   Std.Dev.  
 S:ID:pp  (Intercept) 5.1834e-04 2.2767e-02
 S:pp     (Intercept) 0.0000e+00 0.0000e+00
 ID:pp    (Intercept) 3.0777e-05 5.5477e-03
 pp       (Intercept) 1.8551e-13 4.3071e-07
 pp       (Intercept) 0.0000e+00 0.0000e+00
 pp       (Intercept) 0.0000e+00 0.0000e+00
 pp       (Intercept) 8.7346e-12 2.9554e-06
 Residual             2.0176e-03 4.4918e-02
Number of obs: 180, groups: S:ID:pp, 60; S:pp, 30; ID:pp, 20; pp, 10

Fixed effects:
              Estimate Std. Error t value
(Intercept)  0.8687335  0.0046246  187.85
grp1        -0.0056508  0.0046246   -1.22
S1          -0.0044817  0.0063005   -0.71
S2           0.0006357  0.0063005    0.10
ID1          0.0280717  0.0046246    6.07
grp1:S1      0.0010660  0.0063005    0.17
grp1:S2     -0.0045500  0.0063005   -0.72
grp1:ID1    -0.0100539  0.0046246   -2.17
S1:ID1       0.0015231  0.0063005    0.24
S2:ID1       0.0026528  0.0063005    0.42
grp1:S1:ID1 -0.0071806  0.0063005   -1.14
grp1:S2:ID1 -0.0026036  0.0063005   -0.41

Correlation of Fixed Effects:
            (Intr) grp1   S1     S2     ID1    gr1:S1 gr1:S2 g1:ID1 S1:ID1
grp1         0.000                                                        
S1           0.000  0.000                                                 
S2           0.000  0.000 -0.500                                          
ID1          0.000  0.000  0.000  0.000                                   
grp1:S1      0.000  0.000  0.000  0.000  0.000                            
grp1:S2      0.000  0.000  0.000  0.000  0.000 -0.500                     
grp1:ID1     0.000  0.000  0.000  0.000  0.000  0.000  0.000              
S1:ID1       0.000  0.000  0.000  0.000  0.000  0.000  0.000  0.000       
S2:ID1       0.000  0.000  0.000  0.000  0.000  0.000  0.000  0.000 -0.500
grp1:S1:ID1  0.000  0.000  0.000  0.000  0.000  0.000  0.000  0.000  0.000
grp1:S2:ID1  0.000  0.000  0.000  0.000  0.000  0.000  0.000  0.000  0.000
            S2:ID1 g1:S1:
grp1                     
S1                       
S2                       
ID1                      
grp1:S1                  
grp1:S2                  
grp1:ID1                 
S1:ID1                   
S2:ID1                   
grp1:S1:ID1  0.000       
grp1:S2:ID1  0.000 -0.500
