[1] "q3Rrel ~S*IDR*IDL*grp + Error(pp/(S*IDR*IDL))"
$ANOVA
          Effect DFn DFd            F            p p<.05          ges
2            grp   1   8  3.259201983 0.1086646371       0.0895128550
3              S   2  16  1.756545196 0.2043390691       0.0301972680
5            IDR   2  16 11.692218017 0.0007419298     * 0.1996807495
7            IDL   1   8  0.002670116 0.9600560753       0.0000334941
4          grp:S   2  16  0.211893522 0.8112849503       0.0037420913
6        grp:IDR   2  16  0.712524041 0.5053217367       0.0149769013
8        grp:IDL   1   8  0.329806401 0.5815569624       0.0041202042
9          S:IDR   4  32  0.363500594 0.8327285463       0.0095730774
11         S:IDL   2  16  0.201511075 0.8195376132       0.0008223288
13       IDR:IDL   2  16  1.577980416 0.2368799693       0.0058919814
10     grp:S:IDR   4  32  0.170225331 0.9520106939       0.0045059551
12     grp:S:IDL   2  16  5.291030211 0.0172286296     * 0.0211523784
14   grp:IDR:IDL   2  16  1.882079573 0.1844731327       0.0070194792
15     S:IDR:IDL   4  32  2.001426892 0.1180012036       0.0172971492
16 grp:S:IDR:IDL   4  32  1.292184890 0.2938203088       0.0112364645

$`Mauchly's Test for Sphericity`
          Effect         W         p p<.05
3              S 0.6086274 0.1758856      
4          grp:S 0.6086274 0.1758856      
5            IDR 0.6897739 0.2725672      
6        grp:IDR 0.6897739 0.2725672      
9          S:IDR 0.1073972 0.1242602      
10     grp:S:IDR 0.1073972 0.1242602      
11         S:IDL 0.5646634 0.1352894      
12     grp:S:IDL 0.5646634 0.1352894      
13       IDR:IDL 0.9132620 0.7279204      
14   grp:IDR:IDL 0.9132620 0.7279204      
15     S:IDR:IDL 0.1498874 0.2199103      
16 grp:S:IDR:IDL 0.1498874 0.2199103      

$`Sphericity Corrections`
          Effect       GGe       p[GG] p[GG]<.05       HFe       p[HF]
3              S 0.7187148 0.215827865           0.8332761 0.211416684
4          grp:S 0.7187148 0.740226304           0.8332761 0.772781306
5            IDR 0.7632270 0.002406362         * 0.9066196 0.001177878
6        grp:IDR 0.7632270 0.473199242           0.9066196 0.493647692
9          S:IDR 0.5582386 0.722647649           0.7844827 0.788413014
10     grp:S:IDR 0.5582386 0.866071772           0.7844827 0.921939382
11         S:IDL 0.6967007 0.741618852           0.7977337 0.771697592
12     grp:S:IDL 0.6967007 0.032942578         * 0.7977337 0.026508254
13       IDR:IDL 0.9201850 0.239123503           1.1821595 0.236879969
14   grp:IDR:IDL 0.9201850 0.188579697           1.1821595 0.184473133
15     S:IDR:IDL 0.5412071 0.162886335           0.7490550 0.140747509
16 grp:S:IDR:IDL 0.5412071 0.302036433           0.7490550 0.299851578
   p[HF]<.05
3           
4           
5          *
6           
9           
10          
11          
12         *
13          
14          
15          
16          

