[1] "Summary by group"
  grp peakVel.m  peakVel.s
1   C 0.8474067 0.05895896
2   U 0.8454532 0.06360034
[1] "Summary by session\n"
  S peakVel.m  peakVel.s
1 1 0.8278629 0.06434677
2 2 0.8505651 0.06754875
3 3 0.8608618 0.04524415
[1] "Summary by ID\n"
  ID peakVel.m  peakVel.s
1  D 0.8147261 0.06507933
2  M 0.8637304 0.04926221
3  E 0.8608332 0.05599933
[1] "Summary by group + Session\n"
  grp S peakVel.m  peakVel.s
1   C 1 0.8316327 0.06482664
2   C 2 0.8530287 0.06333402
3   C 3 0.8575587 0.04450379
4   U 1 0.8240931 0.06437045
5   U 2 0.8481016 0.07215092
6   U 3 0.8641649 0.04623511
[1] "Summary by Session + ID\n"
  S ID peakVel.m  peakVel.s
1 1  D 0.8033360 0.06640863
2 1  M 0.8399280 0.05321834
3 1  E 0.8403247 0.06731439
4 2  D 0.8075793 0.07770589
5 2  M 0.8742473 0.04985818
6 2  E 0.8698687 0.05100959
7 3  D 0.8332630 0.04480210
8 3  M 0.8770160 0.03530617
9 3  E 0.8723063 0.04283819
[1] "Summary by group + ID\n"
  grp ID peakVel.m  peakVel.s
1   C  D 0.8175018 0.05610008
2   C  M 0.8566016 0.05072356
3   C  E 0.8681167 0.05853750
4   U  D 0.8119504 0.07351135
5   U  M 0.8708593 0.04724249
6   U  E 0.8535498 0.05299031
[1] "Summary by group + Session + ID\n"
   grp S ID peakVel.m  peakVel.s
1    C 1  D 0.8134867 0.05669004
2    C 1  M 0.8286807 0.06365970
3    C 1  E 0.8527307 0.07143154
4    C 2  D 0.8102547 0.06340250
5    C 2  M 0.8691680 0.04367946
6    C 2  E 0.8796633 0.06065797
7    C 3  D 0.8287640 0.04947907
8    C 3  M 0.8719560 0.02947347
9    C 3  E 0.8719560 0.03969009
10   U 1  D 0.7931853 0.07550276
11   U 1  M 0.8511753 0.03928165
12   U 1  E 0.8279187 0.06287959
13   U 2  D 0.8049040 0.09204616
14   U 2  M 0.8793267 0.05644515
15   U 2  E 0.8600740 0.03879235
16   U 3  D 0.8377620 0.04082008
17   U 3  M 0.8820760 0.04072515
18   U 3  E 0.8726567 0.04717768
