            Estimate MCMCmean HPD95lower HPD95upper pMCMC Pr(>|t|)
(Intercept)   8.2573   8.2333     7.2428     9.0896 0.001   0.0000
grp1          0.0952   0.1035    -0.8325     0.9700 0.838   0.8632
S1           -1.5193  -1.5228    -1.8226    -1.1964 0.001   0.0000
S2            0.4249   0.4196     0.1183     0.7044 0.008   0.0133
ID1          -2.9420  -2.9442    -3.5222    -2.3287 0.001   0.0000
ID2          -0.6914  -0.6869    -1.2610    -0.0452 0.026   0.1809
grp1:S1      -0.1559  -0.1608    -0.4521     0.1513 0.258   0.3613
grp1:S2       0.0720   0.0677    -0.2350     0.3803 0.660   0.6733
grp1:ID1      0.0357   0.0431    -0.5613     0.6526 0.892   0.9448
grp1:ID2      0.1705   0.1634    -0.4331     0.7451 0.568   0.7410
S1:ID1        1.0179   1.0223     0.6666     1.3831 0.001   0.0000
S2:ID1       -0.3253  -0.3287    -0.6660     0.0353 0.072   0.0695
S1:ID2       -0.0610  -0.0651    -0.3799     0.3214 0.682   0.7326
S2:ID2       -0.0817  -0.0764    -0.3855     0.2723 0.672   0.6474
grp1:S1:ID1   0.1236   0.1268    -0.2305     0.4784 0.448   0.4892
grp1:S2:ID1   0.0156   0.0187    -0.3695     0.3726 0.910   0.9304
grp1:S1:ID2  -0.1923  -0.2053    -0.5868     0.1285 0.256   0.2823
grp1:S2:ID2   0.1463   0.1515    -0.2219     0.4997 0.382   0.4130
Analysis of Variance Table
         Df  Sum Sq Mean Sq F value
grp       1   0.053   0.053  0.0295
S         2 150.887  75.443 42.2685
ID        2 100.111  50.055 28.0443
grp:S     2   1.496   0.748  0.4190
grp:ID    2   0.326   0.163  0.0915
S:ID      4  75.613  18.903 10.5909
grp:S:ID  4   3.364   0.841  0.4711
Linear mixed model fit by REML 
Formula: IPerfEf ~ (1 | pp) + (1 | pp/S) + (1 | pp/ID) + (1 | pp/S:ID) +      grp * S * ID 
   Data: mdata 
  AIC  BIC logLik deviance REMLdev
 1098 1191   -523     1026    1046
Random effects:
 Groups   Name        Variance Std.Dev.
 S:ID:pp  (Intercept) 0.12172  0.34889 
 ID:pp    (Intercept) 3.74304  1.93469 
 S:pp     (Intercept) 0.19719  0.44406 
 pp       (Intercept) 0.41275  0.64245 
 pp       (Intercept) 0.41281  0.64250 
 pp       (Intercept) 0.41279  0.64248 
 pp       (Intercept) 0.41275  0.64246 
 Residual             1.78486  1.33599 
Number of obs: 270, groups: S:ID:pp, 90; ID:pp, 30; S:pp, 30; pp, 10

Fixed effects:
            Estimate Std. Error t value
(Intercept)  8.25726    0.55168  14.967
grp1         0.09518    0.55168   0.173
S1          -1.51929    0.17050  -8.911
S2           0.42488    0.17050   2.492
ID1         -2.94196    0.51523  -5.710
ID2         -0.69136    0.51523  -1.342
grp1:S1     -0.15592    0.17050  -0.914
grp1:S2      0.07196    0.17050   0.422
grp1:ID1     0.03569    0.51523   0.069
grp1:ID2     0.17048    0.51523   0.331
S1:ID1       1.01793    0.17847   5.704
S2:ID1      -0.32534    0.17847  -1.823
S1:ID2      -0.06104    0.17847  -0.342
S2:ID2      -0.08172    0.17847  -0.458
grp1:S1:ID1  0.12362    0.17847   0.693
grp1:S2:ID1  0.01560    0.17847   0.087
grp1:S1:ID2 -0.19230    0.17847  -1.077
grp1:S2:ID2  0.14635    0.17847   0.820

Correlation of Fixed Effects:
            (Intr) grp1   S1     S2     ID1    ID2    gr1:S1 gr1:S2 g1:ID1
grp1         0.000                                                        
S1           0.000  0.000                                                 
S2           0.000  0.000 -0.500                                          
ID1          0.000  0.000  0.000  0.000                                   
ID2          0.000  0.000  0.000  0.000 -0.500                            
grp1:S1      0.000  0.000  0.000  0.000  0.000  0.000                     
grp1:S2      0.000  0.000  0.000  0.000  0.000  0.000 -0.500              
grp1:ID1     0.000  0.000  0.000  0.000  0.000  0.000  0.000  0.000       
grp1:ID2     0.000  0.000  0.000  0.000  0.000  0.000  0.000  0.000 -0.500
S1:ID1       0.000  0.000  0.000  0.000  0.000  0.000  0.000  0.000  0.000
S2:ID1       0.000  0.000  0.000  0.000  0.000  0.000  0.000  0.000  0.000
S1:ID2       0.000  0.000  0.000  0.000  0.000  0.000  0.000  0.000  0.000
S2:ID2       0.000  0.000  0.000  0.000  0.000  0.000  0.000  0.000  0.000
grp1:S1:ID1  0.000  0.000  0.000  0.000  0.000  0.000  0.000  0.000  0.000
grp1:S2:ID1  0.000  0.000  0.000  0.000  0.000  0.000  0.000  0.000  0.000
grp1:S1:ID2  0.000  0.000  0.000  0.000  0.000  0.000  0.000  0.000  0.000
grp1:S2:ID2  0.000  0.000  0.000  0.000  0.000  0.000  0.000  0.000  0.000
            g1:ID2 S1:ID1 S2:ID1 S1:ID2 S2:ID2 g1:S1:ID1 g1:S2:ID1 g1:S1:ID2
grp1                                                                        
S1                                                                          
S2                                                                          
ID1                                                                         
ID2                                                                         
grp1:S1                                                                     
grp1:S2                                                                     
grp1:ID1                                                                    
grp1:ID2                                                                    
S1:ID1       0.000                                                          
S2:ID1       0.000 -0.500                                                   
S1:ID2       0.000 -0.500  0.250                                            
S2:ID2       0.000  0.250 -0.500 -0.500                                     
grp1:S1:ID1  0.000  0.000  0.000  0.000  0.000                              
grp1:S2:ID1  0.000  0.000  0.000  0.000  0.000 -0.500                       
grp1:S1:ID2  0.000  0.000  0.000  0.000  0.000 -0.500     0.250             
grp1:S2:ID2  0.000  0.000  0.000  0.000  0.000  0.250    -0.500    -0.500   
Linear mixed model fit by REML 
Formula: IPerfEf ~ (1 | pp) + (1 | pp/S) + (1 | pp/ID) + (1 | pp/S:ID) +      grp * S * ID 
   Data: mdata 
  AIC  BIC logLik deviance REMLdev
 1098 1191   -523     1026    1046
Random effects:
 Groups   Name        Variance Std.Dev.
 S:ID:pp  (Intercept) 0.12172  0.34889 
 ID:pp    (Intercept) 3.74304  1.93469 
 S:pp     (Intercept) 0.19719  0.44406 
 pp       (Intercept) 0.41275  0.64245 
 pp       (Intercept) 0.41281  0.64250 
 pp       (Intercept) 0.41279  0.64248 
 pp       (Intercept) 0.41275  0.64246 
 Residual             1.78486  1.33599 
Number of obs: 270, groups: S:ID:pp, 90; ID:pp, 30; S:pp, 30; pp, 10

Fixed effects:
            Estimate Std. Error t value
(Intercept)  8.25726    0.55168  14.967
grp1         0.09518    0.55168   0.173
S1          -1.51929    0.17050  -8.911
S2           0.42488    0.17050   2.492
ID1         -2.94196    0.51523  -5.710
ID2         -0.69136    0.51523  -1.342
grp1:S1     -0.15592    0.17050  -0.914
grp1:S2      0.07196    0.17050   0.422
grp1:ID1     0.03569    0.51523   0.069
grp1:ID2     0.17048    0.51523   0.331
S1:ID1       1.01793    0.17847   5.704
S2:ID1      -0.32534    0.17847  -1.823
S1:ID2      -0.06104    0.17847  -0.342
S2:ID2      -0.08172    0.17847  -0.458
grp1:S1:ID1  0.12362    0.17847   0.693
grp1:S2:ID1  0.01560    0.17847   0.087
grp1:S1:ID2 -0.19230    0.17847  -1.077
grp1:S2:ID2  0.14635    0.17847   0.820

Correlation of Fixed Effects:
            (Intr) grp1   S1     S2     ID1    ID2    gr1:S1 gr1:S2 g1:ID1
grp1         0.000                                                        
S1           0.000  0.000                                                 
S2           0.000  0.000 -0.500                                          
ID1          0.000  0.000  0.000  0.000                                   
ID2          0.000  0.000  0.000  0.000 -0.500                            
grp1:S1      0.000  0.000  0.000  0.000  0.000  0.000                     
grp1:S2      0.000  0.000  0.000  0.000  0.000  0.000 -0.500              
grp1:ID1     0.000  0.000  0.000  0.000  0.000  0.000  0.000  0.000       
grp1:ID2     0.000  0.000  0.000  0.000  0.000  0.000  0.000  0.000 -0.500
S1:ID1       0.000  0.000  0.000  0.000  0.000  0.000  0.000  0.000  0.000
S2:ID1       0.000  0.000  0.000  0.000  0.000  0.000  0.000  0.000  0.000
S1:ID2       0.000  0.000  0.000  0.000  0.000  0.000  0.000  0.000  0.000
S2:ID2       0.000  0.000  0.000  0.000  0.000  0.000  0.000  0.000  0.000
grp1:S1:ID1  0.000  0.000  0.000  0.000  0.000  0.000  0.000  0.000  0.000
grp1:S2:ID1  0.000  0.000  0.000  0.000  0.000  0.000  0.000  0.000  0.000
grp1:S1:ID2  0.000  0.000  0.000  0.000  0.000  0.000  0.000  0.000  0.000
grp1:S2:ID2  0.000  0.000  0.000  0.000  0.000  0.000  0.000  0.000  0.000
            g1:ID2 S1:ID1 S2:ID1 S1:ID2 S2:ID2 g1:S1:ID1 g1:S2:ID1 g1:S1:ID2
grp1                                                                        
S1                                                                          
S2                                                                          
ID1                                                                         
ID2                                                                         
grp1:S1                                                                     
grp1:S2                                                                     
grp1:ID1                                                                    
grp1:ID2                                                                    
S1:ID1       0.000                                                          
S2:ID1       0.000 -0.500                                                   
S1:ID2       0.000 -0.500  0.250                                            
S2:ID2       0.000  0.250 -0.500 -0.500                                     
grp1:S1:ID1  0.000  0.000  0.000  0.000  0.000                              
grp1:S2:ID1  0.000  0.000  0.000  0.000  0.000 -0.500                       
grp1:S1:ID2  0.000  0.000  0.000  0.000  0.000 -0.500     0.250             
grp1:S2:ID2  0.000  0.000  0.000  0.000  0.000  0.250    -0.500    -0.500   
