                  Estimate MCMCmean HPD95lower HPD95upper pMCMC Pr(>|t|)
(Intercept)         0.5428   0.5424     0.4028     0.6644 0.001   0.0000
grp1                0.0485   0.0476    -0.0764     0.1783 0.366   0.2177
S1                  0.0385   0.0386    -0.0204     0.1064 0.214   0.2514
S2                  0.0079   0.0085    -0.0527     0.0672 0.792   0.8148
IDR1                0.0951   0.0934     0.0391     0.1425 0.001   0.0002
IDR2               -0.0059  -0.0053    -0.0597     0.0441 0.874   0.8153
IDL1                0.1843   0.1849     0.1417     0.2366 0.001   0.0000
grp1:S1            -0.0199  -0.0225    -0.0812     0.0360 0.466   0.5536
grp1:S2             0.0359   0.0368    -0.0272     0.0952 0.248   0.2848
grp1:IDR1           0.0456   0.0459    -0.0071     0.0940 0.086   0.0695
grp1:IDR2          -0.0023  -0.0019    -0.0541     0.0478 0.958   0.9263
S1:IDR1             0.0205   0.0195    -0.0518     0.0831 0.576   0.5642
S2:IDR1             0.0262   0.0259    -0.0378     0.0931 0.452   0.4602
S1:IDR2             0.0808   0.0812     0.0175     0.1557 0.022   0.0231
S2:IDR2            -0.1085  -0.1092    -0.1741    -0.0386 0.001   0.0023
grp1:IDL1           0.0017   0.0021    -0.0515     0.0513 0.920   0.9469
S1:IDL1            -0.0036  -0.0046    -0.0539     0.0427 0.858   0.8866
S2:IDL1             0.0161   0.0166    -0.0295     0.0653 0.500   0.5215
IDR1:IDL1          -0.0531  -0.0530    -0.1038    -0.0065 0.042   0.0348
IDR2:IDL1           0.0048   0.0056    -0.0456     0.0492 0.836   0.8495
grp1:S1:IDR1       -0.0657  -0.0647    -0.1307     0.0056 0.056   0.0648
grp1:S2:IDR1        0.0864   0.0872     0.0208     0.1615 0.018   0.0152
grp1:S1:IDR2        0.0858   0.0865     0.0076     0.1523 0.020   0.0159
grp1:S2:IDR2       -0.0810  -0.0819    -0.1528    -0.0060 0.036   0.0229
grp1:S1:IDL1       -0.0334  -0.0345    -0.0843     0.0147 0.186   0.1839
grp1:S2:IDL1        0.0131   0.0143    -0.0340     0.0671 0.588   0.6015
grp1:IDR1:IDL1     -0.0309  -0.0306    -0.0775     0.0201 0.216   0.2184
grp1:IDR2:IDL1      0.0168   0.0167    -0.0348     0.0650 0.512   0.5024
S1:IDR1:IDL1        0.0780   0.0775     0.0120     0.1494 0.026   0.0284
S2:IDR1:IDL1       -0.0319  -0.0297    -0.0986     0.0293 0.390   0.3683
S1:IDR2:IDL1       -0.0046  -0.0020    -0.0743     0.0627 0.980   0.8976
S2:IDR2:IDL1       -0.0506  -0.0529    -0.1245     0.0156 0.144   0.1545
grp1:S1:IDR1:IDL1   0.0319   0.0327    -0.0342     0.0963 0.354   0.3689
grp1:S2:IDR1:IDL1  -0.0131  -0.0134    -0.0852     0.0536 0.718   0.7115
grp1:S1:IDR2:IDL1  -0.0300  -0.0315    -0.0985     0.0368 0.368   0.3975
grp1:S2:IDR2:IDL1   0.0048   0.0053    -0.0671     0.0651 0.858   0.8917
NULL
       Length Class      Mode
fixed  6      data.frame list
random 7      data.frame list
Analysis of Variance Table
              Df Sum Sq Mean Sq F value
grp            1 0.2561  0.2561  1.5221
S              2 0.3686  0.1843  1.0953
IDR            2 3.0384  1.5192  9.0284
IDL            1 9.0518  9.0518 53.7939
grp:S          2 0.1936  0.0968  0.5754
grp:IDR        2 0.7064  0.3532  2.0991
S:IDR          4 2.3630  0.5907  3.5107
grp:IDL        1 0.0007  0.0007  0.0044
S:IDL          2 0.0764  0.0382  0.2269
IDR:IDL        2 0.9225  0.4613  2.7412
grp:S:IDR      4 1.6191  0.4048  2.4055
grp:S:IDL      2 0.3025  0.1512  0.8988
grp:IDR:IDL    2 0.2562  0.1281  0.7613
S:IDR:IDL      4 1.6118  0.4029  2.3946
grp:S:IDR:IDL  4 0.1912  0.0478  0.2841
Linear mixed model fit by REML 
Formula: get(vname) ~ (1 | pp) + (1 | pp/S) + (1 | pp/IDR) + (1 | pp/IDL) +      (1 | pp/S:IDR:IDL) + grp * S * IDR * IDL 
   Data: mdata 
   AIC  BIC logLik deviance REMLdev
 853.2 1051 -380.6    569.1   761.2
Random effects:
 Groups       Name        Variance   Std.Dev.
 S:IDR:IDL:pp (Intercept) 0.00053853 0.023206
 IDR:pp       (Intercept) 0.00000000 0.000000
 S:pp         (Intercept) 0.00746016 0.086372
 IDL:pp       (Intercept) 0.00634188 0.079636
 pp           (Intercept) 0.00133174 0.036493
 pp           (Intercept) 0.00133175 0.036493
 pp           (Intercept) 0.00133174 0.036493
 pp           (Intercept) 0.00133175 0.036493
 pp           (Intercept) 0.00133174 0.036493
 Residual                 0.16826780 0.410205
Number of obs: 540, groups: S:IDR:IDL:pp, 180; IDR:pp, 30; S:pp, 30; IDL:pp, 20; pp, 10

Fixed effects:
                   Estimate Std. Error t value
(Intercept)        0.542843   0.039318  13.806
grp1               0.048532   0.039318   1.234
S1                 0.038544   0.033564   1.148
S2                 0.007868   0.033564   0.234
IDR1               0.095100   0.025084   3.791
IDR2              -0.005861   0.025084  -0.234
IDL1               0.184340   0.025133   7.334
grp1:S1           -0.019898   0.033564  -0.593
grp1:S2            0.035936   0.033564   1.071
grp1:IDR1          0.045624   0.025084   1.819
grp1:IDR2         -0.002320   0.025084  -0.092
S1:IDR1            0.020466   0.035474   0.577
S2:IDR1            0.026216   0.035474   0.739
S1:IDR2            0.080816   0.035474   2.278
S2:IDR2           -0.108541   0.035474  -3.060
grp1:IDL1          0.001675   0.025133   0.067
S1:IDL1           -0.003579   0.025084  -0.143
S2:IDL1            0.016091   0.025084   0.641
IDR1:IDL1         -0.053077   0.025084  -2.116
IDR2:IDL1          0.004761   0.025084   0.190
grp1:S1:IDR1      -0.065659   0.035474  -1.851
grp1:S2:IDR1       0.086436   0.035474   2.437
grp1:S1:IDR2       0.085795   0.035474   2.419
grp1:S2:IDR2      -0.080960   0.035474  -2.282
grp1:S1:IDL1      -0.033376   0.025084  -1.331
grp1:S2:IDL1       0.013107   0.025084   0.523
grp1:IDR1:IDL1    -0.030910   0.025084  -1.232
grp1:IDR2:IDL1     0.016838   0.025084   0.671
S1:IDR1:IDL1       0.077965   0.035474   2.198
S2:IDR1:IDL1      -0.031944   0.035474  -0.900
S1:IDR2:IDL1      -0.004570   0.035474  -0.129
S2:IDR2:IDL1      -0.050587   0.035474  -1.426
grp1:S1:IDR1:IDL1  0.031905   0.035474   0.899
grp1:S2:IDR1:IDL1 -0.013125   0.035474  -0.370
grp1:S1:IDR2:IDL1 -0.030040   0.035474  -0.847
grp1:S2:IDR2:IDL1  0.004834   0.035474   0.136

Correlation of Fixed Effects:
            (Intr) grp1   S1     S2     IDR1   IDR2   IDL1   gr1:S1 gr1:S2
grp1         0.000                                                        
S1           0.000  0.000                                                 
S2           0.000  0.000 -0.500                                          
IDR1         0.000  0.000  0.000  0.000                                   
IDR2         0.000  0.000  0.000  0.000 -0.500                            
IDL1         0.000  0.000  0.000  0.000  0.000  0.000                     
grp1:S1      0.000  0.000  0.000  0.000  0.000  0.000  0.000              
grp1:S2      0.000  0.000  0.000  0.000  0.000  0.000  0.000 -0.500       
grp1:IDR1    0.000  0.000  0.000  0.000  0.000  0.000  0.000  0.000  0.000
grp1:IDR2    0.000  0.000  0.000  0.000  0.000  0.000  0.000  0.000  0.000
S1:IDR1      0.000  0.000  0.000  0.000  0.000  0.000  0.000  0.000  0.000
S2:IDR1      0.000  0.000  0.000  0.000  0.000  0.000  0.000  0.000  0.000
S1:IDR2      0.000  0.000  0.000  0.000  0.000  0.000  0.000  0.000  0.000
S2:IDR2      0.000  0.000  0.000  0.000  0.000  0.000  0.000  0.000  0.000
grp1:IDL1    0.000  0.000  0.000  0.000  0.000  0.000  0.000  0.000  0.000
S1:IDL1      0.000  0.000  0.000  0.000  0.000  0.000  0.000  0.000  0.000
S2:IDL1      0.000  0.000  0.000  0.000  0.000  0.000  0.000  0.000  0.000
IDR1:IDL1    0.000  0.000  0.000  0.000  0.000  0.000  0.000  0.000  0.000
IDR2:IDL1    0.000  0.000  0.000  0.000  0.000  0.000  0.000  0.000  0.000
gr1:S1:IDR1  0.000  0.000  0.000  0.000  0.000  0.000  0.000  0.000  0.000
gr1:S2:IDR1  0.000  0.000  0.000  0.000  0.000  0.000  0.000  0.000  0.000
gr1:S1:IDR2  0.000  0.000  0.000  0.000  0.000  0.000  0.000  0.000  0.000
gr1:S2:IDR2  0.000  0.000  0.000  0.000  0.000  0.000  0.000  0.000  0.000
gr1:S1:IDL1  0.000  0.000  0.000  0.000  0.000  0.000  0.000  0.000  0.000
gr1:S2:IDL1  0.000  0.000  0.000  0.000  0.000  0.000  0.000  0.000  0.000
g1:IDR1:IDL  0.000  0.000  0.000  0.000  0.000  0.000  0.000  0.000  0.000
g1:IDR2:IDL  0.000  0.000  0.000  0.000  0.000  0.000  0.000  0.000  0.000
S1:IDR1:IDL  0.000  0.000  0.000  0.000  0.000  0.000  0.000  0.000  0.000
S2:IDR1:IDL  0.000  0.000  0.000  0.000  0.000  0.000  0.000  0.000  0.000
S1:IDR2:IDL  0.000  0.000  0.000  0.000  0.000  0.000  0.000  0.000  0.000
S2:IDR2:IDL  0.000  0.000  0.000  0.000  0.000  0.000  0.000  0.000  0.000
g1:S1:IDR1:  0.000  0.000  0.000  0.000  0.000  0.000  0.000  0.000  0.000
g1:S2:IDR1:  0.000  0.000  0.000  0.000  0.000  0.000  0.000  0.000  0.000
g1:S1:IDR2:  0.000  0.000  0.000  0.000  0.000  0.000  0.000  0.000  0.000
g1:S2:IDR2:  0.000  0.000  0.000  0.000  0.000  0.000  0.000  0.000  0.000
            gr1:IDR1 gr1:IDR2 S1:IDR1 S2:IDR1 S1:IDR2 S2:IDR2 g1:IDL S1:IDL
grp1                                                                       
S1                                                                         
S2                                                                         
IDR1                                                                       
IDR2                                                                       
IDL1                                                                       
grp1:S1                                                                    
grp1:S2                                                                    
grp1:IDR1                                                                  
grp1:IDR2   -0.500                                                         
S1:IDR1      0.000    0.000                                                
S2:IDR1      0.000    0.000   -0.500                                       
S1:IDR2      0.000    0.000   -0.500   0.250                               
S2:IDR2      0.000    0.000    0.250  -0.500  -0.500                       
grp1:IDL1    0.000    0.000    0.000   0.000   0.000   0.000               
S1:IDL1      0.000    0.000    0.000   0.000   0.000   0.000   0.000       
S2:IDL1      0.000    0.000    0.000   0.000   0.000   0.000   0.000 -0.500
IDR1:IDL1    0.000    0.000    0.000   0.000   0.000   0.000   0.000  0.000
IDR2:IDL1    0.000    0.000    0.000   0.000   0.000   0.000   0.000  0.000
gr1:S1:IDR1  0.000    0.000    0.000   0.000   0.000   0.000   0.000  0.000
gr1:S2:IDR1  0.000    0.000    0.000   0.000   0.000   0.000   0.000  0.000
gr1:S1:IDR2  0.000    0.000    0.000   0.000   0.000   0.000   0.000  0.000
gr1:S2:IDR2  0.000    0.000    0.000   0.000   0.000   0.000   0.000  0.000
gr1:S1:IDL1  0.000    0.000    0.000   0.000   0.000   0.000   0.000  0.000
gr1:S2:IDL1  0.000    0.000    0.000   0.000   0.000   0.000   0.000  0.000
g1:IDR1:IDL  0.000    0.000    0.000   0.000   0.000   0.000   0.000  0.000
g1:IDR2:IDL  0.000    0.000    0.000   0.000   0.000   0.000   0.000  0.000
S1:IDR1:IDL  0.000    0.000    0.000   0.000   0.000   0.000   0.000  0.000
S2:IDR1:IDL  0.000    0.000    0.000   0.000   0.000   0.000   0.000  0.000
S1:IDR2:IDL  0.000    0.000    0.000   0.000   0.000   0.000   0.000  0.000
S2:IDR2:IDL  0.000    0.000    0.000   0.000   0.000   0.000   0.000  0.000
g1:S1:IDR1:  0.000    0.000    0.000   0.000   0.000   0.000   0.000  0.000
g1:S2:IDR1:  0.000    0.000    0.000   0.000   0.000   0.000   0.000  0.000
g1:S1:IDR2:  0.000    0.000    0.000   0.000   0.000   0.000   0.000  0.000
g1:S2:IDR2:  0.000    0.000    0.000   0.000   0.000   0.000   0.000  0.000
            S2:IDL IDR1:I IDR2:I gr1:S1:IDR1 gr1:S2:IDR1 gr1:S1:IDR2
grp1                                                                
S1                                                                  
S2                                                                  
IDR1                                                                
IDR2                                                                
IDL1                                                                
grp1:S1                                                             
grp1:S2                                                             
grp1:IDR1                                                           
grp1:IDR2                                                           
S1:IDR1                                                             
S2:IDR1                                                             
S1:IDR2                                                             
S2:IDR2                                                             
grp1:IDL1                                                           
S1:IDL1                                                             
S2:IDL1                                                             
IDR1:IDL1    0.000                                                  
IDR2:IDL1    0.000 -0.500                                           
gr1:S1:IDR1  0.000  0.000  0.000                                    
gr1:S2:IDR1  0.000  0.000  0.000 -0.500                             
gr1:S1:IDR2  0.000  0.000  0.000 -0.500       0.250                 
gr1:S2:IDR2  0.000  0.000  0.000  0.250      -0.500      -0.500     
gr1:S1:IDL1  0.000  0.000  0.000  0.000       0.000       0.000     
gr1:S2:IDL1  0.000  0.000  0.000  0.000       0.000       0.000     
g1:IDR1:IDL  0.000  0.000  0.000  0.000       0.000       0.000     
g1:IDR2:IDL  0.000  0.000  0.000  0.000       0.000       0.000     
S1:IDR1:IDL  0.000  0.000  0.000  0.000       0.000       0.000     
S2:IDR1:IDL  0.000  0.000  0.000  0.000       0.000       0.000     
S1:IDR2:IDL  0.000  0.000  0.000  0.000       0.000       0.000     
S2:IDR2:IDL  0.000  0.000  0.000  0.000       0.000       0.000     
g1:S1:IDR1:  0.000  0.000  0.000  0.000       0.000       0.000     
g1:S2:IDR1:  0.000  0.000  0.000  0.000       0.000       0.000     
g1:S1:IDR2:  0.000  0.000  0.000  0.000       0.000       0.000     
g1:S2:IDR2:  0.000  0.000  0.000  0.000       0.000       0.000     
            gr1:S2:IDR2 g1:S1:IDL g1:S2:IDL g1:IDR1: g1:IDR2: S1:IDR1: S2:IDR1:
grp1                                                                           
S1                                                                             
S2                                                                             
IDR1                                                                           
IDR2                                                                           
IDL1                                                                           
grp1:S1                                                                        
grp1:S2                                                                        
grp1:IDR1                                                                      
grp1:IDR2                                                                      
S1:IDR1                                                                        
S2:IDR1                                                                        
S1:IDR2                                                                        
S2:IDR2                                                                        
grp1:IDL1                                                                      
S1:IDL1                                                                        
S2:IDL1                                                                        
IDR1:IDL1                                                                      
IDR2:IDL1                                                                      
gr1:S1:IDR1                                                                    
gr1:S2:IDR1                                                                    
gr1:S1:IDR2                                                                    
gr1:S2:IDR2                                                                    
gr1:S1:IDL1  0.000                                                             
gr1:S2:IDL1  0.000      -0.500                                                 
g1:IDR1:IDL  0.000       0.000     0.000                                       
g1:IDR2:IDL  0.000       0.000     0.000    -0.500                             
S1:IDR1:IDL  0.000       0.000     0.000     0.000    0.000                    
S2:IDR1:IDL  0.000       0.000     0.000     0.000    0.000   -0.500           
S1:IDR2:IDL  0.000       0.000     0.000     0.000    0.000   -0.500    0.250  
S2:IDR2:IDL  0.000       0.000     0.000     0.000    0.000    0.250   -0.500  
g1:S1:IDR1:  0.000       0.000     0.000     0.000    0.000    0.000    0.000  
g1:S2:IDR1:  0.000       0.000     0.000     0.000    0.000    0.000    0.000  
g1:S1:IDR2:  0.000       0.000     0.000     0.000    0.000    0.000    0.000  
g1:S2:IDR2:  0.000       0.000     0.000     0.000    0.000    0.000    0.000  
            S1:IDR2: S2:IDR2: g1:S1:IDR1: g1:S2:IDR1: g1:S1:IDR2:
grp1                                                             
S1                                                               
S2                                                               
IDR1                                                             
IDR2                                                             
IDL1                                                             
grp1:S1                                                          
grp1:S2                                                          
grp1:IDR1                                                        
grp1:IDR2                                                        
S1:IDR1                                                          
S2:IDR1                                                          
S1:IDR2                                                          
S2:IDR2                                                          
grp1:IDL1                                                        
S1:IDL1                                                          
S2:IDL1                                                          
IDR1:IDL1                                                        
IDR2:IDL1                                                        
gr1:S1:IDR1                                                      
gr1:S2:IDR1                                                      
gr1:S1:IDR2                                                      
gr1:S2:IDR2                                                      
gr1:S1:IDL1                                                      
gr1:S2:IDL1                                                      
g1:IDR1:IDL                                                      
g1:IDR2:IDL                                                      
S1:IDR1:IDL                                                      
S2:IDR1:IDL                                                      
S1:IDR2:IDL                                                      
S2:IDR2:IDL -0.500                                               
g1:S1:IDR1:  0.000    0.000                                      
g1:S2:IDR1:  0.000    0.000   -0.500                             
g1:S1:IDR2:  0.000    0.000   -0.500       0.250                 
g1:S2:IDR2:  0.000    0.000    0.250      -0.500      -0.500     
