            Estimate MCMCmean HPD95lower HPD95upper pMCMC Pr(>|t|)
(Intercept)   7.0947   7.1063     6.3465     7.7876 0.001   0.0000
grp1          0.1474   0.1525    -0.6028     0.8455 0.688   0.7706
S1           -1.1881  -1.1866    -1.5049    -0.8864 0.001   0.0000
S2            0.2735   0.2742    -0.0258     0.6012 0.096   0.1604
ID1          -1.9770  -1.9674    -2.4165    -1.4672 0.001   0.0000
ID2          -0.0370  -0.0435    -0.5716     0.3726 0.884   0.9322
grp1:S1      -0.1820  -0.1769    -0.5249     0.1092 0.260   0.3497
grp1:S2       0.0625   0.0612    -0.2878     0.3762 0.684   0.7480
grp1:ID1      0.0212   0.0218    -0.4507     0.4621 0.930   0.9612
grp1:ID2      0.1022   0.0967    -0.3637     0.5518 0.672   0.8145
S1:ID1        0.8032   0.8007     0.4962     1.0728 0.001   0.0000
S2:ID1       -0.2754  -0.2739    -0.5230     0.0312 0.062   0.0680
S1:ID2       -0.0320  -0.0302    -0.2849     0.2611 0.820   0.8316
S2:ID2       -0.0956  -0.0965    -0.3967     0.1903 0.480   0.5253
grp1:S1:ID1   0.0190   0.0170    -0.2398     0.2875 0.880   0.8994
grp1:S2:ID1   0.0860   0.0901    -0.1837     0.3542 0.470   0.5677
grp1:S1:ID2  -0.1018  -0.0988    -0.3780     0.1876 0.484   0.4987
grp1:S2:ID2   0.1052   0.1025    -0.1476     0.3825 0.432   0.4846
Analysis of Variance Table
         Df Sum Sq Mean Sq F value
grp       1  0.075  0.0753  0.0840
S         2 36.795 18.3973 20.5248
ID        2 25.163 12.5814 14.0364
grp:S     2  0.813  0.4064  0.4534
grp:ID    2  0.082  0.0412  0.0460
S:ID      4 33.839  8.4597  9.4379
grp:S:ID  4  1.682  0.4205  0.4692
Linear mixed model fit by REML 
Formula: IPerf ~ (1 | pp) + (1 | pp/S) + (1 | pp/ID) + (1 | pp/S:ID) +      grp * S * ID 
   Data: mdata 
   AIC  BIC logLik deviance REMLdev
 960.3 1054 -454.1    884.4   908.3
Random effects:
 Groups   Name        Variance Std.Dev.
 S:ID:pp  (Intercept) 0.20936  0.45756 
 ID:pp    (Intercept) 2.66822  1.63347 
 S:pp     (Intercept) 0.39647  0.62966 
 pp       (Intercept) 0.36792  0.60656 
 pp       (Intercept) 0.36791  0.60656 
 pp       (Intercept) 0.36791  0.60656 
 pp       (Intercept) 0.36791  0.60656 
 Residual             0.89635  0.94676 
Number of obs: 270, groups: S:ID:pp, 90; ID:pp, 30; S:pp, 30; pp, 10

Fixed effects:
            Estimate Std. Error t value
(Intercept)  7.09467    0.50490  14.052
grp1         0.14737    0.50490   0.292
S1          -1.18807    0.19423  -6.117
S2           0.27346    0.19423   1.408
ID1         -1.97696    0.43494  -4.545
ID2         -0.03703    0.43494  -0.085
grp1:S1     -0.18199    0.19423  -0.937
grp1:S2      0.06247    0.19423   0.322
grp1:ID1     0.02115    0.43494   0.049
grp1:ID2     0.10216    0.43494   0.235
S1:ID1       0.80316    0.15028   5.344
S2:ID1      -0.27543    0.15028  -1.833
S1:ID2      -0.03199    0.15028  -0.213
S2:ID2      -0.09560    0.15028  -0.636
grp1:S1:ID1  0.01902    0.15028   0.127
grp1:S2:ID1  0.08598    0.15028   0.572
grp1:S1:ID2 -0.10181    0.15028  -0.677
grp1:S2:ID2  0.10518    0.15028   0.700

Correlation of Fixed Effects:
            (Intr) grp1   S1     S2     ID1    ID2    gr1:S1 gr1:S2 g1:ID1
grp1         0.000                                                        
S1           0.000  0.000                                                 
S2           0.000  0.000 -0.500                                          
ID1          0.000  0.000  0.000  0.000                                   
ID2          0.000  0.000  0.000  0.000 -0.500                            
grp1:S1      0.000  0.000  0.000  0.000  0.000  0.000                     
grp1:S2      0.000  0.000  0.000  0.000  0.000  0.000 -0.500              
grp1:ID1     0.000  0.000  0.000  0.000  0.000  0.000  0.000  0.000       
grp1:ID2     0.000  0.000  0.000  0.000  0.000  0.000  0.000  0.000 -0.500
S1:ID1       0.000  0.000  0.000  0.000  0.000  0.000  0.000  0.000  0.000
S2:ID1       0.000  0.000  0.000  0.000  0.000  0.000  0.000  0.000  0.000
S1:ID2       0.000  0.000  0.000  0.000  0.000  0.000  0.000  0.000  0.000
S2:ID2       0.000  0.000  0.000  0.000  0.000  0.000  0.000  0.000  0.000
grp1:S1:ID1  0.000  0.000  0.000  0.000  0.000  0.000  0.000  0.000  0.000
grp1:S2:ID1  0.000  0.000  0.000  0.000  0.000  0.000  0.000  0.000  0.000
grp1:S1:ID2  0.000  0.000  0.000  0.000  0.000  0.000  0.000  0.000  0.000
grp1:S2:ID2  0.000  0.000  0.000  0.000  0.000  0.000  0.000  0.000  0.000
            g1:ID2 S1:ID1 S2:ID1 S1:ID2 S2:ID2 g1:S1:ID1 g1:S2:ID1 g1:S1:ID2
grp1                                                                        
S1                                                                          
S2                                                                          
ID1                                                                         
ID2                                                                         
grp1:S1                                                                     
grp1:S2                                                                     
grp1:ID1                                                                    
grp1:ID2                                                                    
S1:ID1       0.000                                                          
S2:ID1       0.000 -0.500                                                   
S1:ID2       0.000 -0.500  0.250                                            
S2:ID2       0.000  0.250 -0.500 -0.500                                     
grp1:S1:ID1  0.000  0.000  0.000  0.000  0.000                              
grp1:S2:ID1  0.000  0.000  0.000  0.000  0.000 -0.500                       
grp1:S1:ID2  0.000  0.000  0.000  0.000  0.000 -0.500     0.250             
grp1:S2:ID2  0.000  0.000  0.000  0.000  0.000  0.250    -0.500    -0.500   
Linear mixed model fit by REML 
Formula: IPerf ~ (1 | pp) + (1 | pp/S) + (1 | pp/ID) + (1 | pp/S:ID) +      grp * S * ID 
   Data: mdata 
   AIC  BIC logLik deviance REMLdev
 960.3 1054 -454.1    884.4   908.3
Random effects:
 Groups   Name        Variance Std.Dev.
 S:ID:pp  (Intercept) 0.20936  0.45756 
 ID:pp    (Intercept) 2.66822  1.63347 
 S:pp     (Intercept) 0.39647  0.62966 
 pp       (Intercept) 0.36792  0.60656 
 pp       (Intercept) 0.36791  0.60656 
 pp       (Intercept) 0.36791  0.60656 
 pp       (Intercept) 0.36791  0.60656 
 Residual             0.89635  0.94676 
Number of obs: 270, groups: S:ID:pp, 90; ID:pp, 30; S:pp, 30; pp, 10

Fixed effects:
            Estimate Std. Error t value
(Intercept)  7.09467    0.50490  14.052
grp1         0.14737    0.50490   0.292
S1          -1.18807    0.19423  -6.117
S2           0.27346    0.19423   1.408
ID1         -1.97696    0.43494  -4.545
ID2         -0.03703    0.43494  -0.085
grp1:S1     -0.18199    0.19423  -0.937
grp1:S2      0.06247    0.19423   0.322
grp1:ID1     0.02115    0.43494   0.049
grp1:ID2     0.10216    0.43494   0.235
S1:ID1       0.80316    0.15028   5.344
S2:ID1      -0.27543    0.15028  -1.833
S1:ID2      -0.03199    0.15028  -0.213
S2:ID2      -0.09560    0.15028  -0.636
grp1:S1:ID1  0.01902    0.15028   0.127
grp1:S2:ID1  0.08598    0.15028   0.572
grp1:S1:ID2 -0.10181    0.15028  -0.677
grp1:S2:ID2  0.10518    0.15028   0.700

Correlation of Fixed Effects:
            (Intr) grp1   S1     S2     ID1    ID2    gr1:S1 gr1:S2 g1:ID1
grp1         0.000                                                        
S1           0.000  0.000                                                 
S2           0.000  0.000 -0.500                                          
ID1          0.000  0.000  0.000  0.000                                   
ID2          0.000  0.000  0.000  0.000 -0.500                            
grp1:S1      0.000  0.000  0.000  0.000  0.000  0.000                     
grp1:S2      0.000  0.000  0.000  0.000  0.000  0.000 -0.500              
grp1:ID1     0.000  0.000  0.000  0.000  0.000  0.000  0.000  0.000       
grp1:ID2     0.000  0.000  0.000  0.000  0.000  0.000  0.000  0.000 -0.500
S1:ID1       0.000  0.000  0.000  0.000  0.000  0.000  0.000  0.000  0.000
S2:ID1       0.000  0.000  0.000  0.000  0.000  0.000  0.000  0.000  0.000
S1:ID2       0.000  0.000  0.000  0.000  0.000  0.000  0.000  0.000  0.000
S2:ID2       0.000  0.000  0.000  0.000  0.000  0.000  0.000  0.000  0.000
grp1:S1:ID1  0.000  0.000  0.000  0.000  0.000  0.000  0.000  0.000  0.000
grp1:S2:ID1  0.000  0.000  0.000  0.000  0.000  0.000  0.000  0.000  0.000
grp1:S1:ID2  0.000  0.000  0.000  0.000  0.000  0.000  0.000  0.000  0.000
grp1:S2:ID2  0.000  0.000  0.000  0.000  0.000  0.000  0.000  0.000  0.000
            g1:ID2 S1:ID1 S2:ID1 S1:ID2 S2:ID2 g1:S1:ID1 g1:S2:ID1 g1:S1:ID2
grp1                                                                        
S1                                                                          
S2                                                                          
ID1                                                                         
ID2                                                                         
grp1:S1                                                                     
grp1:S2                                                                     
grp1:ID1                                                                    
grp1:ID2                                                                    
S1:ID1       0.000                                                          
S2:ID1       0.000 -0.500                                                   
S1:ID2       0.000 -0.500  0.250                                            
S2:ID2       0.000  0.250 -0.500 -0.500                                     
grp1:S1:ID1  0.000  0.000  0.000  0.000  0.000                              
grp1:S2:ID1  0.000  0.000  0.000  0.000  0.000 -0.500                       
grp1:S1:ID2  0.000  0.000  0.000  0.000  0.000 -0.500     0.250             
grp1:S2:ID2  0.000  0.000  0.000  0.000  0.000  0.250    -0.500    -0.500   
