Post-hoc Tukey comparisons[1] "grp Tukey test"

	Pairwise comparisons using paired t tests 

data:  mdata$IPerfR and mdata$grp 

  C    
U 0.063

P value adjustment method: bonferroni 
[1] "S Tukey test"

	Pairwise comparisons using paired t tests 

data:  mdata$IPerfR and mdata$S 

  1      2    
2 <2e-16 -    
3 <2e-16 6e-06

P value adjustment method: bonferroni 
[1] "IDR Tukey test"

	Pairwise comparisons using paired t tests 

data:  mdata$IPerfR and mdata$IDR 

  D       M      
M 2.3e-05 -      
E 1.6e-09 1.2e-08

P value adjustment method: bonferroni 
[1] "IDL Tukey test"
