[1] "Summary by group"
  grp IPerfR.m IPerfR.s
1   C 4.490159 2.487256
2   U 4.234811 1.922866
[1] "Summary by session\n"
  S IPerfR.m IPerfR.s
1 1 3.445039 1.444212
2 2 4.587787 2.236818
3 3 5.054628 2.536587
[1] "Summary by IDR+IDR\n"
  IDL IDR IPerfR.m  IPerfR.s
1   D   D 7.060307 2.8455454
2   D   M 5.374811 1.8814584
3   D   E 4.323757 0.9874914
4   E   D 2.975691 1.6277185
5   E   M 3.257349 1.1353401
6   E   E 3.182994 0.6613822
[1] "Summary by group + Session\n"
  grp S IPerfR.m IPerfR.s
1   C 1 3.402502 1.417286
2   C 2 4.798854 2.583429
3   C 3 5.269120 2.847682
4   U 1 3.487576 1.477353
5   U 2 4.376720 1.816239
6   U 3 4.840137 2.176810
[1] "Summary by Session + IDR + IDL \n"
   S IDL IDR IPerfR.m  IPerfR.s
1  1   D   D 4.966290 1.5283015
2  1   D   M 4.390220 0.9190965
3  1   D   E 3.936610 0.5492822
4  1   E   D 2.205793 1.4102052
5  1   E   M 2.570953 0.7325827
6  1   E   E 2.600367 0.4257944
7  2   D   D 7.283740 2.3602644
8  2   D   M 6.037347 2.2286628
9  2   D   E 4.492217 0.9889035
10 2   E   D 3.159383 1.6397562
11 2   E   M 3.236963 1.0391044
12 2   E   E 3.317073 0.4773672
13 3   D   D 8.930890 2.9556324
14 3   D   M 5.696867 1.8675858
15 3   D   E 4.542443 1.2162015
16 3   E   D 3.561897 1.5652700
17 3   E   M 3.964130 1.1553754
18 3   E   E 3.631543 0.5961333
[1] "Summary by group + IDR + IDL\n"
   grp IDL IDR IPerfR.m  IPerfR.s
1    C   D   D 7.431778 3.3174421
2    C   D   M 6.223758 1.9283768
3    C   D   E 4.796898 0.9712004
4    C   E   D 2.161384 0.3609631
5    C   E   M 2.957902 0.5487812
6    C   E   E 3.369233 0.6859981
7    U   D   D 6.688836 2.2562374
8    U   D   M 4.525864 1.4026425
9    U   D   E 3.850616 0.7558504
10   U   E   D 3.789998 1.9678730
11   U   E   M 3.556796 1.4569545
12   U   E   E 2.996756 0.5858793
[1] "Summary by group + Session + IDR + IDL\n"
   grp S IDL IDR IPerfR.m  IPerfR.s
1    C 1   D   D 4.873027 1.8368714
2    C 1   D   M 4.497360 0.7913308
3    C 1   D   E 4.065120 0.4704628
4    C 1   E   D 1.823793 0.1772400
5    C 1   E   M 2.423867 0.2780541
6    C 1   E   E 2.731847 0.4349390
7    C 2   D   D 8.034480 2.7170103
8    C 2   D   M 7.096160 2.1019519
9    C 2   D   E 4.914827 1.0184393
10   C 2   E   D 2.237840 0.3496887
11   C 2   E   M 3.019820 0.3440480
12   C 2   E   E 3.490000 0.4584563
13   C 3   D   D 9.387827 3.5112312
14   C 3   D   M 7.077753 1.3610838
15   C 3   D   E 5.410747 0.8446948
16   C 3   E   D 2.422520 0.2331660
17   C 3   E   M 3.430020 0.4498149
18   C 3   E   E 3.885853 0.5854798
19   U 1   D   D 5.059553 1.2022945
20   U 1   D   M 4.283080 1.0483383
21   U 1   D   E 3.808100 0.6068348
22   U 1   E   D 2.587793 1.9430125
23   U 1   E   M 2.718040 0.9939896
24   U 1   E   E 2.468887 0.3864406
25   U 2   D   D 6.533000 1.7174782
26   U 2   D   M 4.978533 1.8622914
27   U 2   D   E 4.069607 0.7783196
28   U 2   E   D 4.080927 1.9046184
29   U 2   E   M 3.454107 1.4202791
30   U 2   E   E 3.144147 0.4447185
31   U 3   D   D 8.473953 2.3063725
32   U 3   D   M 4.315980 1.1341232
33   U 3   D   E 3.674140 0.8572209
34   U 3   E   D 4.701273 1.4963177
35   U 3   E   M 4.498240 1.3969612
36   U 3   E   E 3.377233 0.5047386
