[1] "flsPC ~(S*DID*grp)+Error(pp/(S*DID))+grp"
$ANOVA
     Effect DFn DFd        F           p p<.05        ges
2       grp   1   8 7.463873 0.025765621     * 0.19751780
3         S   2  16 4.219944 0.033741635     * 0.07133115
5       DID   2  16 8.755017 0.002701226     * 0.24098296
4     grp:S   2  16 4.017697 0.038561136     * 0.06814547
6   grp:DID   2  16 7.214143 0.005844399     * 0.20736514
7     S:DID   4  32 2.216713 0.089312987       0.07685562
8 grp:S:DID   4  32 2.361272 0.074120499       0.08145934

$`Mauchly's Test for Sphericity`
     Effect            W            p p<.05
3         S 0.7659446699 3.932701e-01      
4     grp:S 0.7659446699 3.932701e-01      
5       DID 0.4839156833 7.883044e-02      
6   grp:DID 0.4839156833 7.883044e-02      
7     S:DID 0.0000496263 8.262564e-10     *
8 grp:S:DID 0.0000496263 8.262564e-10     *

$`Sphericity Corrections`
     Effect       GGe       p[GG] p[GG]<.05       HFe       p[HF] p[HF]<.05
3         S 0.8103364 0.045381280         * 0.9864721 0.034458833         *
4     grp:S 0.8103364 0.050793268           0.9864721 0.039322755         *
5       DID 0.6595939 0.009818294         * 0.7388840 0.007250104         *
6   grp:DID 0.6595939 0.016746488         * 0.7388840 0.013076224         *
7     S:DID 0.4997545 0.141360447           0.6661894 0.121234907          
8 grp:S:DID 0.4997545 0.126336767           0.6661894 0.105621899          

