[1] "Harmonicity ~(S*ID*grp)+Error(pp/(S*ID))+grp"
$ANOVA
    Effect DFn DFd            F            p p<.05         ges
2      grp   1   8   0.02549494 8.770977e-01       0.001029260
3        S   2  16   0.80110976 4.660370e-01       0.020643113
4    grp:S   2  16   2.87058317 8.603936e-02       0.070224764
5       ID   1   8 963.91981332 1.259306e-09     * 0.964511692
6   grp:ID   1   8   0.02489738 8.785330e-01       0.000701504
7     S:ID   2  16   2.94752419 8.131910e-02       0.081441745
8 grp:S:ID   2  16   0.83893124 4.503206e-01       0.024614203

$`Mauchly's Test for Sphericity`
    Effect         W          p p<.05
3        S 0.6553336 0.22783401      
4    grp:S 0.6553336 0.22783401      
7     S:ID 0.4113082 0.04462578     *
8 grp:S:ID 0.4113082 0.04462578     *

$`Sphericity Corrections`
    Effect       GGe     p[GG] p[GG]<.05       HFe     p[HF] p[HF]<.05
3        S 0.7436789 0.4368488           0.8741629 0.4528410          
4    grp:S 0.7436789 0.1060528           0.8741629 0.0953553          
7     S:ID 0.6294487 0.1116973           0.6920290 0.1059245          
8 grp:S:ID 0.6294487 0.4081813           0.6920290 0.4169732          

