            Estimate MCMCmean HPD95lower HPD95upper pMCMC Pr(>|t|)
(Intercept)   0.5211   0.5217     0.4803     0.5641 0.001   0.0000
grp1         -0.0026  -0.0040    -0.0411     0.0356 0.806   0.8733
S1           -0.0166  -0.0163    -0.0450     0.0088 0.198   0.2330
S2            0.0113   0.0111    -0.0141     0.0352 0.388   0.4162
ID1          -0.4302  -0.4300    -0.4517    -0.4080 0.001   0.0000
grp1:S1      -0.0309  -0.0313    -0.0556    -0.0063 0.020   0.0272
grp1:S2       0.0079   0.0081    -0.0191     0.0323 0.520   0.5674
grp1:ID1     -0.0022  -0.0020    -0.0255     0.0199 0.868   0.8748
S1:ID1        0.0330   0.0331     0.0099     0.0576 0.004   0.0182
S2:ID1       -0.0259  -0.0256    -0.0518    -0.0003 0.056   0.0639
grp1:S1:ID1   0.0177   0.0179    -0.0055     0.0417 0.126   0.2038
grp1:S2:ID1  -0.0040  -0.0040    -0.0287     0.0182 0.748   0.7728
Analysis of Variance Table
         Df  Sum Sq Mean Sq  F value
grp       1  0.0003  0.0003   0.0255
S         2  0.0174  0.0087   0.7476
ID        1 11.2015 11.2015 963.8450
grp:S     2  0.0623  0.0311   2.6788
grp:ID    1  0.0003  0.0003   0.0249
S:ID      2  0.0731  0.0365   3.1446
grp:S:ID  2  0.0208  0.0104   0.8950
Linear mixed model fit by REML 
Formula: Harmonicity ~ (1 | pp) + (1 | pp/S) + (1 | pp/ID) + (1 | pp/S:ID) +      grp * S * ID 
   Data: mdata 
    AIC    BIC logLik deviance REMLdev
 -140.7 -76.86  90.36   -262.2  -180.7
Random effects:
 Groups   Name        Variance   Std.Dev.  
 S:ID:pp  (Intercept) 1.8874e-03 4.3444e-02
 S:pp     (Intercept) 3.8735e-13 6.2237e-07
 ID:pp    (Intercept) 1.9205e-03 4.3823e-02
 pp       (Intercept) 2.0802e-04 1.4423e-02
 pp       (Intercept) 2.0802e-04 1.4423e-02
 pp       (Intercept) 2.0802e-04 1.4423e-02
 pp       (Intercept) 2.0802e-04 1.4423e-02
 Residual             1.1622e-02 1.0780e-01
Number of obs: 180, groups: S:ID:pp, 60; S:pp, 30; ID:pp, 20; pp, 10

Fixed effects:
             Estimate Std. Error t value
(Intercept)  0.521118   0.016591  31.410
grp1        -0.002649   0.016591  -0.160
S1          -0.016587   0.013858  -1.197
S2           0.011295   0.013858   0.815
ID1         -0.430249   0.013858 -31.047
grp1:S1     -0.030884   0.013858  -2.229
grp1:S2      0.007941   0.013858   0.573
grp1:ID1    -0.002187   0.013858  -0.158
S1:ID1       0.033040   0.013858   2.384
S2:ID1      -0.025852   0.013858  -1.866
grp1:S1:ID1  0.017681   0.013858   1.276
grp1:S2:ID1 -0.004007   0.013858  -0.289

Correlation of Fixed Effects:
            (Intr) grp1   S1     S2     ID1    gr1:S1 gr1:S2 g1:ID1 S1:ID1
grp1         0.000                                                        
S1           0.000  0.000                                                 
S2           0.000  0.000 -0.500                                          
ID1          0.000  0.000  0.000  0.000                                   
grp1:S1      0.000  0.000  0.000  0.000  0.000                            
grp1:S2      0.000  0.000  0.000  0.000  0.000 -0.500                     
grp1:ID1     0.000  0.000  0.000  0.000  0.000  0.000  0.000              
S1:ID1       0.000  0.000  0.000  0.000  0.000  0.000  0.000  0.000       
S2:ID1       0.000  0.000  0.000  0.000  0.000  0.000  0.000  0.000 -0.500
grp1:S1:ID1  0.000  0.000  0.000  0.000  0.000  0.000  0.000  0.000  0.000
grp1:S2:ID1  0.000  0.000  0.000  0.000  0.000  0.000  0.000  0.000  0.000
            S2:ID1 g1:S1:
grp1                     
S1                       
S2                       
ID1                      
grp1:S1                  
grp1:S2                  
grp1:ID1                 
S1:ID1                   
S2:ID1                   
grp1:S1:ID1  0.000       
grp1:S2:ID1  0.000 -0.500
Linear mixed model fit by REML 
Formula: Harmonicity ~ (1 | pp) + (1 | pp/S) + (1 | pp/ID) + (1 | pp/S:ID) +      grp * S * ID 
   Data: mdata 
    AIC    BIC logLik deviance REMLdev
 -140.7 -76.86  90.36   -262.2  -180.7
Random effects:
 Groups   Name        Variance   Std.Dev.  
 S:ID:pp  (Intercept) 1.8874e-03 4.3444e-02
 S:pp     (Intercept) 3.8735e-13 6.2237e-07
 ID:pp    (Intercept) 1.9205e-03 4.3823e-02
 pp       (Intercept) 2.0802e-04 1.4423e-02
 pp       (Intercept) 2.0802e-04 1.4423e-02
 pp       (Intercept) 2.0802e-04 1.4423e-02
 pp       (Intercept) 2.0802e-04 1.4423e-02
 Residual             1.1622e-02 1.0780e-01
Number of obs: 180, groups: S:ID:pp, 60; S:pp, 30; ID:pp, 20; pp, 10

Fixed effects:
             Estimate Std. Error t value
(Intercept)  0.521118   0.016591  31.410
grp1        -0.002649   0.016591  -0.160
S1          -0.016587   0.013858  -1.197
S2           0.011295   0.013858   0.815
ID1         -0.430249   0.013858 -31.047
grp1:S1     -0.030884   0.013858  -2.229
grp1:S2      0.007941   0.013858   0.573
grp1:ID1    -0.002187   0.013858  -0.158
S1:ID1       0.033040   0.013858   2.384
S2:ID1      -0.025852   0.013858  -1.866
grp1:S1:ID1  0.017681   0.013858   1.276
grp1:S2:ID1 -0.004007   0.013858  -0.289

Correlation of Fixed Effects:
            (Intr) grp1   S1     S2     ID1    gr1:S1 gr1:S2 g1:ID1 S1:ID1
grp1         0.000                                                        
S1           0.000  0.000                                                 
S2           0.000  0.000 -0.500                                          
ID1          0.000  0.000  0.000  0.000                                   
grp1:S1      0.000  0.000  0.000  0.000  0.000                            
grp1:S2      0.000  0.000  0.000  0.000  0.000 -0.500                     
grp1:ID1     0.000  0.000  0.000  0.000  0.000  0.000  0.000              
S1:ID1       0.000  0.000  0.000  0.000  0.000  0.000  0.000  0.000       
S2:ID1       0.000  0.000  0.000  0.000  0.000  0.000  0.000  0.000 -0.500
grp1:S1:ID1  0.000  0.000  0.000  0.000  0.000  0.000  0.000  0.000  0.000
grp1:S2:ID1  0.000  0.000  0.000  0.000  0.000  0.000  0.000  0.000  0.000
            S2:ID1 g1:S1:
grp1                     
S1                       
S2                       
ID1                      
grp1:S1                  
grp1:S2                  
grp1:ID1                 
S1:ID1                   
S2:ID1                   
grp1:S1:ID1  0.000       
grp1:S2:ID1  0.000 -0.500
