Post-hoc Tukey comparisons[1] "grp Tukey test"

	Pairwise comparisons using paired t tests 

data:  mdata$q1R and mdata$grp 

  C      
U 0.00011

P value adjustment method: bonferroni 
[1] "S Tukey test"

	Pairwise comparisons using paired t tests 

data:  mdata$q1R and mdata$S 

  1     2    
2 0.625 -    
3 0.015 0.210

P value adjustment method: bonferroni 
[1] "IDR Tukey test"

	Pairwise comparisons using paired t tests 

data:  mdata$q1R and mdata$IDR 

  D       M      
M 3.2e-06 -      
E < 2e-16 5.2e-09

P value adjustment method: bonferroni 
[1] "IDL Tukey test"
