[1] "HarmonicityL ~(S*DID*grp)+Error(pp/(S*DID))+grp"
$ANOVA
     Effect DFn DFd          F            p p<.05         ges
2       grp   1   8  1.9962941 1.953873e-01       0.116641466
3         S   2  16  7.4745462 5.102424e-03     * 0.118145886
5       DID   2  16 27.9752092 5.979891e-06     * 0.414306049
4     grp:S   2  16  0.4433201 6.495519e-01       0.007883464
6   grp:DID   2  16  3.2812942 6.395117e-02       0.076613594
7     S:DID   4  32  3.3082709 2.236217e-02     * 0.049213646
8 grp:S:DID   4  32  3.9630614 1.007698e-02     * 0.058385560

$`Mauchly's Test for Sphericity`
     Effect         W         p p<.05
3         S 0.9038840 0.7020926      
4     grp:S 0.9038840 0.7020926      
5       DID 0.9844067 0.9464788      
6   grp:DID 0.9844067 0.9464788      
7     S:DID 0.3462527 0.6695877      
8 grp:S:DID 0.3462527 0.6695877      

$`Sphericity Corrections`
     Effect       GGe        p[GG] p[GG]<.05      HFe        p[HF] p[HF]<.05
3         S 0.9123122 6.748114e-03         * 1.167671 5.102424e-03         *
4     grp:S 0.9123122 6.326868e-01           1.167671 6.495519e-01          
5       DID 0.9846461 6.922373e-06         * 1.303630 5.979891e-06         *
6   grp:DID 0.9846461 6.498392e-02           1.303630 6.395117e-02          
7     S:DID 0.7138534 4.009682e-02         * 1.151634 2.236217e-02         *
8 grp:S:DID 0.7138534 2.198848e-02         * 1.151634 1.007698e-02         *

