[1] "grp Tukey test"

	 Simultaneous Tests for General Linear Hypotheses

Multiple Comparisons of Means: Tukey Contrasts


Fit: lme.formula(fixed = vfTrajCircularityL ~ S + IDR + IDL + grp, 
    data = mdata, random = ~1 | pp)

Linear Hypotheses:
           Estimate Std. Error z value Pr(>|z|)
U - C == 0 -0.01547    0.02011  -0.769    0.442
(Adjusted p values reported -- single-step method)

[1] "S Tukey test"

	 Simultaneous Tests for General Linear Hypotheses

Multiple Comparisons of Means: Tukey Contrasts


Fit: lme.formula(fixed = vfTrajCircularityL ~ S + IDR + IDL + grp, 
    data = mdata, random = ~1 | pp)

Linear Hypotheses:
           Estimate Std. Error z value Pr(>|z|)    
2 - 1 == 0 0.028764   0.005042   5.704   <0.001 ***
3 - 1 == 0 0.039533   0.005042   7.840   <0.001 ***
3 - 2 == 0 0.010769   0.005042   2.136   0.0827 .  
---
Signif. codes:  0 ‘***’ 0.001 ‘**’ 0.01 ‘*’ 0.05 ‘.’ 0.1 ‘ ’ 1 
(Adjusted p values reported -- single-step method)

[1] "IDR Tukey test"

	 Simultaneous Tests for General Linear Hypotheses

Multiple Comparisons of Means: Tukey Contrasts


Fit: lme.formula(fixed = vfTrajCircularityL ~ S + IDR + IDL + grp, 
    data = mdata, random = ~1 | pp)

Linear Hypotheses:
           Estimate Std. Error z value Pr(>|z|)    
E - D == 0 0.050705   0.004117   12.32   <2e-16 ***
---
Signif. codes:  0 ‘***’ 0.001 ‘**’ 0.01 ‘*’ 0.05 ‘.’ 0.1 ‘ ’ 1 
(Adjusted p values reported -- single-step method)

[1] "IDL Tukey test"

	 Simultaneous Tests for General Linear Hypotheses

Multiple Comparisons of Means: Tukey Contrasts


Fit: lme.formula(fixed = vfTrajCircularityL ~ S + IDR + IDL + grp, 
    data = mdata, random = ~1 | pp)

Linear Hypotheses:
           Estimate Std. Error z value Pr(>|z|)    
M - D == 0 0.033867   0.005042   6.716  < 1e-04 ***
E - D == 0 0.049643   0.005042   9.845  < 1e-04 ***
E - M == 0 0.015775   0.005042   3.129  0.00495 ** 
---
Signif. codes:  0 ‘***’ 0.001 ‘**’ 0.01 ‘*’ 0.05 ‘.’ 0.1 ‘ ’ 1 
(Adjusted p values reported -- single-step method)

