[1] "d1D ~S*IDR*IDL*grp + Error(pp/(S*IDR*IDL))"
$ANOVA
          Effect DFn DFd         F          p p<.05         ges
2            grp   1   8 0.5388585 0.48386263       0.003359560
3              S   2  16 3.5326395 0.05361547       0.042062955
5            IDR   2  16 4.3044499 0.03193172     * 0.055981625
7            IDL   1   8 4.0584839 0.07871882       0.112747845
4          grp:S   2  16 3.2885417 0.06362344       0.039270633
6        grp:IDR   2  16 4.8869170 0.02205604     * 0.063079073
8        grp:IDL   1   8 4.0595833 0.07868553       0.112774943
9          S:IDR   4  32 2.1394389 0.09869543       0.049084119
11         S:IDL   2  16 2.1447068 0.14955602       0.019025679
13       IDR:IDL   2  16 1.2179077 0.32185560       0.008170056
10     grp:S:IDR   4  32 2.1196955 0.10124871       0.048653194
12     grp:S:IDL   2  16 2.2714149 0.13541842       0.020127083
14   grp:IDR:IDL   2  16 1.1773560 0.33341051       0.007900174
15     S:IDR:IDL   4  32 0.6705489 0.61721221       0.014077319
16 grp:S:IDR:IDL   4  32 0.6625324 0.62258987       0.013911364

$`Mauchly's Test for Sphericity`
          Effect           W            p p<.05
3              S 0.355033012 0.0266649380     *
4          grp:S 0.355033012 0.0266649380     *
5            IDR 0.469837821 0.0710915377      
6        grp:IDR 0.469837821 0.0710915377      
9          S:IDR 0.005170820 0.0001613532     *
10     grp:S:IDR 0.005170820 0.0001613532     *
11         S:IDL 0.918871815 0.7436905379      
12     grp:S:IDL 0.918871815 0.7436905379      
13       IDR:IDL 0.352340418 0.0259638222     *
14   grp:IDR:IDL 0.352340418 0.0259638222     *
15     S:IDR:IDL 0.009420385 0.0006823065     *
16 grp:S:IDR:IDL 0.009420385 0.0006823065     *

$`Sphericity Corrections`
          Effect       GGe      p[GG] p[GG]<.05       HFe      p[HF] p[HF]<.05
3              S 0.6079149 0.08541271           0.6590687 0.08038127          
4          grp:S 0.6079149 0.09602215           0.6590687 0.09102530          
5            IDR 0.6535255 0.05586870           0.7293839 0.04939053         *
6        grp:IDR 0.6535255 0.04301239         * 0.7293839 0.03711838         *
9          S:IDR 0.4433855 0.15736611           0.5605868 0.14274955          
10     grp:S:IDR 0.4433855 0.15964472           0.5605868 0.14517751          
11         S:IDL 0.9249597 0.15431046           1.1909823 0.14955602          
12     grp:S:IDL 0.9249597 0.14044915           1.1909823 0.13541842          
13       IDR:IDL 0.6069215 0.30925964           0.6575582 0.31192686          
14   grp:IDR:IDL 0.6069215 0.31788477           0.6575582 0.32098080          
15     S:IDR:IDL 0.4746490 0.51848961           0.6181922 0.55289702          
16 grp:S:IDR:IDL 0.4746490 0.52228734           0.6181922 0.55723292          

