[1] "ID Tukey test"

	 Simultaneous Tests for General Linear Hypotheses

Multiple Comparisons of Means: Tukey Contrasts


Fit: lmer(formula = q2 ~ (1 | pp) + (1 | pp/S) + (1 | pp/ID) + (1 | 
    pp/S:ID) + grp * S * ID, data = mdata)

Linear Hypotheses:
           Estimate Std. Error z value Pr(>|z|)    
E - D == 0  0.15252    0.01933   7.888 3.11e-15 ***
---
Signif. codes:  0 ‘***’ 0.001 ‘**’ 0.01 ‘*’ 0.05 ‘.’ 0.1 ‘ ’ 1 
(Adjusted p values reported -- single-step method)

[1] "S Tukey test"

	 Simultaneous Tests for General Linear Hypotheses

Multiple Comparisons of Means: Tukey Contrasts


Fit: lmer(formula = q2 ~ (1 | pp) + (1 | pp/S) + (1 | pp/ID) + (1 | 
    pp/S:ID) + grp * S * ID, data = mdata)

Linear Hypotheses:
           Estimate Std. Error z value Pr(>|z|)
2 - 1 == 0  0.01001    0.01768   0.566    0.838
3 - 1 == 0  0.03356    0.01768   1.898    0.139
3 - 2 == 0  0.02354    0.01768   1.332    0.377
(Adjusted p values reported -- single-step method)

[1] "grp Tukey test"

	 Simultaneous Tests for General Linear Hypotheses

Multiple Comparisons of Means: Tukey Contrasts


Fit: lmer(formula = q2 ~ (1 | pp) + (1 | pp/S) + (1 | pp/ID) + (1 | 
    pp/S:ID) + grp * S * ID, data = mdata)

Linear Hypotheses:
           Estimate Std. Error z value Pr(>|z|)
U - C == 0  0.02447    0.02817   0.869    0.385
(Adjusted p values reported -- single-step method)

