[1] "phDiffMean ~S*IDR*IDL*grp + Error(pp/(S*IDR*IDL))"
$ANOVA
          Effect DFn DFd         F         p p<.05         ges
2            grp   1   8 0.1874873 0.6764533       0.001571334
3              S   2  16 0.1765709 0.8397505       0.002960071
5            IDR   2  16 0.2442480 0.7861611       0.004516217
7            IDL   1   8 0.4695436 0.5125592       0.009284149
4          grp:S   2  16 0.3037110 0.7422361       0.005080645
6        grp:IDR   2  16 0.3103084 0.7375352       0.005730694
8        grp:IDL   1   8 0.6562016 0.4413320       0.012927173
9          S:IDR   4  32 0.2472239 0.9092162       0.006150007
11         S:IDL   2  16 0.3013180 0.7439496       0.004818438
13       IDR:IDL   2  16 0.6569130 0.5318822       0.005542359
10     grp:S:IDR   4  32 0.3589118 0.8359099       0.008903650
12     grp:S:IDL   2  16 0.2712904 0.7658324       0.004340345
14   grp:IDR:IDL   2  16 0.9538803 0.4060969       0.008027750
15     S:IDR:IDL   4  32 0.3742261 0.8252593       0.004350751
16 grp:S:IDR:IDL   4  32 0.3976760 0.8087898       0.004622120

$`Mauchly's Test for Sphericity`
          Effect           W            p p<.05
3              S 0.601886333 1.691612e-01      
4          grp:S 0.601886333 1.691612e-01      
5            IDR 0.760024279 3.827332e-01      
6        grp:IDR 0.760024279 3.827332e-01      
9          S:IDR 0.012834845 1.410141e-03     *
10     grp:S:IDR 0.012834845 1.410141e-03     *
11         S:IDL 0.847662526 5.607644e-01      
12     grp:S:IDL 0.847662526 5.607644e-01      
13       IDR:IDL 0.320804250 1.869995e-02     *
14   grp:IDR:IDL 0.320804250 1.869995e-02     *
15     S:IDR:IDL 0.003390899 5.718179e-05     *
16 grp:S:IDR:IDL 0.003390899 5.718179e-05     *

$`Sphericity Corrections`
          Effect       GGe     p[GG] p[GG]<.05       HFe     p[HF] p[HF]<.05
3              S 0.7152494 0.7684455           0.8276496 0.8005454          
4          grp:S 0.7152494 0.6721530           0.8276496 0.7028961          
5            IDR 0.8064674 0.7404459           0.9798251 0.7819230          
6        grp:IDR 0.8064674 0.6929227           0.9798251 0.7333484          
9          S:IDR 0.4700014 0.7709594           0.6094797 0.8237934          
10     grp:S:IDR 0.4700014 0.6915657           0.6094797 0.7430935          
11         S:IDL 0.8678013 0.7144947           1.0871296 0.7439496          
12     grp:S:IDL 0.8678013 0.7360389           1.0871296 0.7658324          
13       IDR:IDL 0.5955232 0.4637429           0.6402905 0.4731824          
14   grp:IDR:IDL 0.5955232 0.3704938           0.6402905 0.3757846          
15     S:IDR:IDL 0.5511465 0.7128249           0.7696291 0.7772300          
16 grp:S:IDR:IDL 0.5511465 0.6971116           0.7696291 0.7607197          

