Post-hoc Tukey comparisons[1] "grp Tukey test"

	Pairwise comparisons using paired t tests 

data:  mdata$phDiffMean and mdata$grp 

  C   
U 0.49

P value adjustment method: bonferroni 
[1] "S Tukey test"

	Pairwise comparisons using paired t tests 

data:  mdata$phDiffMean and mdata$S 

  1    2   
2 0.54 -   
3 1.00 1.00

P value adjustment method: bonferroni 
[1] "IDR Tukey test"

	Pairwise comparisons using paired t tests 

data:  mdata$phDiffMean and mdata$IDR 

  D    M   
M 0.66 -   
E 1.00 1.00

P value adjustment method: bonferroni 
[1] "IDL Tukey test"
