[1] "Summary by group"
  grp phDiffMean.m phDiffMean.s
1   C   0.03023700    0.1418118
2   U   0.08267822    1.2461850
[1] "Summary by session\n"
  S phDiffMean.m phDiffMean.s
1 1  0.007954862    0.4596200
2 2  0.094164064    0.8139507
3 3  0.067253901    1.2200085
[1] "Summary by IDR+IDR\n"
  IDL IDR phDiffMean.m phDiffMean.s
1   D   D   0.03429626    0.3514230
2   D   M   0.24135007    1.2194378
3   D   E   0.08567502    1.0967680
4   E   D  -0.03568736    1.1439423
5   E   M  -0.02554598    0.7560100
6   E   E   0.03865764    0.1164763
[1] "Summary by group + Session\n"
  grp S phDiffMean.m phDiffMean.s
1   C 1   0.04182185   0.06039004
2   C 2   0.01263418   0.10818136
3   C 3   0.03625497   0.21200897
4   U 1  -0.02591213   0.64723096
5   U 2   0.17569395   1.14338477
6   U 3   0.09825283   1.71658790
[1] "Summary by Session + IDR + IDL \n"
   S IDL IDR phDiffMean.m phDiffMean.s
1  1   D   D   0.06262823   0.09842814
2  1   D   M   0.06514326   0.68470402
3  1   D   E  -0.06675067   0.48574620
4  1   E   D  -0.02982910   0.69383130
5  1   E   M  -0.01685733   0.29959621
6  1   E   E   0.03339478   0.05724092
7  2   D   D   0.07625376   0.11483267
8  2   D   M   0.44826768   0.99015214
9  2   D   E   0.13019313   1.15663329
10 2   E   D  -0.13942104   1.17399696
11 2   E   M   0.01785393   0.40166825
12 2   E   E   0.03183692   0.14301398
13 3   D   D  -0.03599320   0.59023249
14 3   D   M   0.21063926   1.74270832
15 3   D   E   0.19358260   1.44214376
16 3   E   D   0.06218808   1.46127087
17 3   E   M  -0.07763453   1.22398612
18 3   E   E   0.05074121   0.13296036
[1] "Summary by group + IDR + IDL\n"
   grp IDL IDR  phDiffMean.m phDiffMean.s
1    C   D   D  0.0366983856   0.10920081
2    C   D   M  0.0197354969   0.05755153
3    C   D   E -0.0006905333   0.09572968
4    C   E   D  0.0513850422   0.05342664
5    C   E   M  0.0711534889   0.28897105
6    C   E   E  0.0031401200   0.09019213
7    U   D   D  0.0318941400   0.48771552
8    U   D   M  0.4629646378   1.70413695
9    U   D   E  0.1720405778   1.55200441
10   U   E   D -0.1227597556   1.62129168
11   U   E   M -0.1222454467   1.02638256
12   U   E   E  0.0741751533   0.12933225
[1] "Summary by group + Session + IDR + IDL\n"
   grp S IDL IDR phDiffMean.m phDiffMean.s
1    C 1   D   D  0.048519320   0.07616244
2    C 1   D   M  0.044355547   0.05351768
3    C 1   D   E  0.018756733   0.05549189
4    C 1   E   D  0.060652567   0.04826304
5    C 1   E   M  0.048600333   0.05866338
6    C 1   E   E  0.030046600   0.06683302
7    C 2   D   D  0.059382103   0.13910879
8    C 2   D   M  0.011152364   0.06886444
9    C 2   D   E -0.025251667   0.11689532
10   C 2   E   D  0.040814920   0.06795417
11   C 2   E   M  0.014607800   0.10162855
12   C 2   E   E -0.024900460   0.12429211
13   C 3   D   D  0.002193733   0.10173193
14   C 3   D   M  0.003698580   0.04241842
15   C 3   D   E  0.004423333   0.10477715
16   C 3   E   D  0.052687640   0.04254823
17   C 3   E   M  0.150252333   0.48785031
18   C 3   E   E  0.004274220   0.06349239
19   U 1   D   D  0.076737133   0.11764747
20   U 1   D   M  0.085930980   0.98353250
21   U 1   D   E -0.152258067   0.68556939
22   U 1   E   D -0.120310773   0.98859336
23   U 1   E   M -0.082314993   0.41629815
24   U 1   E   E  0.036742960   0.04792085
25   U 2   D   D  0.093125420   0.08575402
26   U 2   D   M  0.885383000   1.27147693
27   U 2   D   E  0.285637933   1.64490600
28   U 2   E   D -0.319657007   1.66756019
29   U 2   E   M  0.021100053   0.56907638
30   U 2   E   E  0.088574307   0.14149296
31   U 3   D   D -0.074180133   0.84152153
32   U 3   D   M  0.417579933   2.48946369
33   U 3   D   E  0.382741867   2.05437595
34   U 3   E   D  0.071688513   2.10265158
35   U 3   E   M -0.305521400   1.65952176
36   U 3   E   E  0.097208193   0.16721711
