[1] "IDR Tukey test"

	 Simultaneous Tests for General Linear Hypotheses

Multiple Comparisons of Means: Tukey Contrasts


Fit: lmer(formula = get(vname) ~ (1 | pp) + (1 | pp/grp) + (1 | pp/S) + 
    (1 | pp/IDR) + (1 | pp/IDL) + (1 | pp/S:IDR:IDL) + grp * 
    S * IDR * IDL, data = mdata)

Linear Hypotheses:
           Estimate Std. Error z value Pr(>|z|)
M - D == 0  0.03378    0.14524   0.233    0.971
E - D == 0  0.06121    0.14524   0.421    0.907
E - M == 0  0.02742    0.14524   0.189    0.981
(Adjusted p values reported -- single-step method)

[1] "IDL Tukey test"

	 Simultaneous Tests for General Linear Hypotheses

Multiple Comparisons of Means: Tukey Contrasts


Fit: lmer(formula = get(vname) ~ (1 | pp) + (1 | pp/grp) + (1 | pp/S) + 
    (1 | pp/IDR) + (1 | pp/IDL) + (1 | pp/S:IDR:IDL) + grp * 
    S * IDR * IDL, data = mdata)

Linear Hypotheses:
           Estimate Std. Error z value Pr(>|z|)
E - D == 0 -0.03948    0.11448  -0.345     0.73
(Adjusted p values reported -- single-step method)

[1] "S Tukey test"

	 Simultaneous Tests for General Linear Hypotheses

Multiple Comparisons of Means: Tukey Contrasts


Fit: lmer(formula = get(vname) ~ (1 | pp) + (1 | pp/grp) + (1 | pp/S) + 
    (1 | pp/IDR) + (1 | pp/IDL) + (1 | pp/S:IDR:IDL) + grp * 
    S * IDR * IDL, data = mdata)

Linear Hypotheses:
           Estimate Std. Error z value Pr(>|z|)
2 - 1 == 0  0.03419    0.18011   0.190    0.980
3 - 1 == 0  0.14645    0.18011   0.813    0.695
3 - 2 == 0  0.11226    0.18011   0.623    0.807
(Adjusted p values reported -- single-step method)

[1] "grp Tukey test"

	 Simultaneous Tests for General Linear Hypotheses

Multiple Comparisons of Means: Tukey Contrasts


Fit: lmer(formula = get(vname) ~ (1 | pp) + (1 | pp/grp) + (1 | pp/S) + 
    (1 | pp/IDR) + (1 | pp/IDL) + (1 | pp/S:IDR:IDL) + grp * 
    S * IDR * IDL, data = mdata)

Linear Hypotheses:
           Estimate Std. Error z value Pr(>|z|)
U - C == 0   0.3266     0.2331   1.401    0.161
(Adjusted p values reported -- single-step method)

