[1] "HarmonicityL ~S*IDR*IDL*grp + Error(pp/(S*IDR*IDL))"
$ANOVA
          Effect DFn DFd          F            p p<.05         ges
2            grp   1   8  2.1938053 1.768422e-01       0.074708512
3              S   2  16  4.9268413 2.151694e-02     * 0.053319800
5            IDR   2  16 24.7215005 1.276598e-05     * 0.247887871
7            IDL   1   8 47.9640139 1.213569e-04     * 0.580502723
4          grp:S   2  16  0.4155847 6.668767e-01       0.004728439
6        grp:IDR   2  16  2.4924149 1.142132e-01       0.032160410
8        grp:IDL   1   8  1.6867462 2.302127e-01       0.046405869
9          S:IDR   4  32  3.6528352 1.464905e-02     * 0.024006676
11         S:IDL   2  16 10.5414298 1.201086e-03     * 0.068505392
13       IDR:IDL   2  16 29.9497367 3.899867e-06     * 0.260938159
10     grp:S:IDR   4  32  5.0239603 2.945701e-03     * 0.032722931
12     grp:S:IDL   2  16  0.4672523 6.350090e-01       0.003249248
14   grp:IDR:IDL   2  16  4.0297374 3.825346e-02     * 0.045350741
15     S:IDR:IDL   4  32  2.8405248 4.017978e-02     * 0.025149691
16 grp:S:IDR:IDL   4  32  2.9341667 3.569586e-02     * 0.025957265

$`Mauchly's Test for Sphericity`
          Effect         W         p p<.05
3              S 0.7624089 0.3869526      
4          grp:S 0.7624089 0.3869526      
5            IDR 0.9789513 0.9282474      
6        grp:IDR 0.9789513 0.9282474      
9          S:IDR 0.2465575 0.4565387      
10     grp:S:IDR 0.2465575 0.4565387      
11         S:IDL 0.9851433 0.9489599      
12     grp:S:IDL 0.9851433 0.9489599      
13       IDR:IDL 0.9849654 0.9483605      
14   grp:IDR:IDL 0.9849654 0.9483605      
15     S:IDR:IDL 0.3871381 0.7422112      
16 grp:S:IDR:IDL 0.3871381 0.7422112      

$`Sphericity Corrections`
          Effect       GGe        p[GG] p[GG]<.05       HFe        p[HF]
3              S 0.8080213 3.122608e-02         * 0.9824927 2.225614e-02
4          grp:S 0.8080213 6.265260e-01           0.9824927 6.635283e-01
5            IDR 0.9793852 1.530505e-05         * 1.2935225 1.276598e-05
6        grp:IDR 0.9793852 1.156541e-01           1.2935225 1.142132e-01
9          S:IDR 0.6083542 3.772227e-02         * 0.8937596 1.886792e-02
10     grp:S:IDR 0.6083542 1.323561e-02         * 0.8937596 4.406860e-03
11         S:IDL 0.9853607 1.282768e-03         * 1.3050064 1.201086e-03
12     grp:S:IDL 0.9853607 6.323720e-01           1.3050064 6.350090e-01
13       IDR:IDL 0.9851881 4.518920e-06         * 1.3046740 3.899867e-06
14   grp:IDR:IDL 0.9851881 3.908528e-02         * 1.3046740 3.825346e-02
15     S:IDR:IDL 0.7946771 5.518134e-02           1.3797327 4.017978e-02
16 grp:S:IDR:IDL 0.7946771 5.001078e-02           1.3797327 3.569586e-02
   p[HF]<.05
3          *
4           
5          *
6           
9          *
10         *
11         *
12          
13         *
14         *
15         *
16         *

