[1] "phDiffStd ~(S*DID*grp)+Error(pp/(S*DID))+grp"
$ANOVA
     Effect DFn DFd        F          p p<.05        ges
2       grp   1   8 6.114796 0.03854116     * 0.23635803
3         S   2  16 2.763416 0.09313631       0.07182176
5       DID   2  16 4.833261 0.02280466     * 0.12019361
4     grp:S   2  16 1.951040 0.17449060       0.05180169
6   grp:DID   2  16 4.441092 0.02923156     * 0.11152881
7     S:DID   4  32 2.958711 0.03460852     * 0.05087346
8 grp:S:DID   4  32 2.486137 0.06313000       0.04309800

$`Mauchly's Test for Sphericity`
     Effect          W            p p<.05
3         S 0.51490143 9.795674e-02      
4     grp:S 0.51490143 9.795674e-02      
5       DID 0.06031667 5.389281e-05     *
6   grp:DID 0.06031667 5.389281e-05     *
7     S:DID 0.01106928 9.667318e-04     *
8 grp:S:DID 0.01106928 9.667318e-04     *

$`Sphericity Corrections`
     Effect       GGe      p[GG] p[GG]<.05       HFe      p[HF] p[HF]<.05
3         S 0.6733560 0.11912761           0.7605568 0.11161546          
4     grp:S 0.6733560 0.19221227           0.7605568 0.18764042          
5       DID 0.5155481 0.05739532           0.5223106 0.05665450          
6   grp:DID 0.5155481 0.06637275           0.5223106 0.06561396          
7     S:DID 0.3505639 0.10444814           0.4024217 0.09550857          
8 grp:S:DID 0.3505639 0.13720793           0.4024217 0.12905748          

