[1] "Summary by group"
  grp phDiffStd.m phDiffStd.s
1   C  0.01451115   0.0698819
2   U  0.23109539   0.3518532
[1] "Summary by session\n"
  S phDiffStd.m phDiffStd.s
1 1  0.07202099   0.2267797
2 2  0.09855969   0.2394516
3 3  0.19782913   0.3341641
[1] "Summary by DID\n"
  DID phDiffStd.m phDiffStd.s
1   1  0.02114189   0.1007291
2   2  0.17003420   0.3174185
3   3  0.17723371   0.3205030
[1] "Summary by group + Session\n"
  grp S phDiffStd.m phDiffStd.s
1   C 1 0.008028193 0.003603917
2   C 2 0.008529389 0.004866454
3   C 3 0.026975860 0.120819142
4   U 1 0.136013782 0.309253364
5   U 2 0.188589984 0.315236732
6   U 3 0.368682393 0.389311307
[1] "Summary by Session + DID\n"
  S DID phDiffStd.m phDiffStd.s
1 1   1  0.04060771 0.174538176
2 1   2  0.09213396 0.266142820
3 1   3  0.08332129 0.234450377
4 2   1  0.01001723 0.004104264
5 2   2  0.13529889 0.275013327
6 2   3  0.15036294 0.296704783
7 3   1  0.01280073 0.008148599
8 3   2  0.28266974 0.376958505
9 3   3  0.29801691 0.383781095
[1] "Summary by group + DID\n"
  grp DID phDiffStd.m phDiffStd.s
1   C   1 0.010115589 0.006215563
2   C   2 0.006882818 0.002722780
3   C   3 0.026535036 0.120827289
4   U   1 0.032168193 0.142253239
5   U   2 0.333185576 0.386451578
6   U   3 0.327932391 0.383049985
[1] "Summary by group + Session + DID\n"
   grp S DID phDiffStd.m phDiffStd.s
1    C 1   1 0.008155320 0.003180576
2    C 1   2 0.007457167 0.002908924
3    C 1   3 0.008472093 0.004654505
4    C 2   1 0.008962873 0.003629080
5    C 2   2 0.005655827 0.002495892
6    C 2   3 0.010969467 0.006293079
7    C 3   1 0.013228573 0.009066904
8    C 3   2 0.007535460 0.002487068
9    C 3   3 0.060163547 0.209764672
10   U 1   1 0.073060107 0.246650028
11   U 1   2 0.176810753 0.362422876
12   U 1   3 0.158170487 0.319113396
13   U 2   1 0.011071580 0.004397820
14   U 2   2 0.264941960 0.347339955
15   U 2   3 0.289756413 0.375072133
16   U 3   1 0.012372893 0.007412231
17   U 3   2 0.557804013 0.363493075
18   U 3   3 0.535870273 0.373984932
