[1] "Summary by group"
  grp   accQR.m    accQR.s
1   C 0.3885665 0.07123159
2   U 0.3960402 0.07317626
[1] "Summary by session\n"
  S   accQR.m    accQR.s
1 1 0.3712313 0.06191165
2 2 0.4008918 0.07338276
3 3 0.4047870 0.07628129
[1] "Summary by IDR+IDR\n"
  IDL IDR   accQR.m    accQR.s
1   D   D 0.3509276 0.03477924
2   D   M 0.3563971 0.05218279
3   D   E 0.3780922 0.07795276
4   E   D 0.3582094 0.04551575
5   E   M 0.4228963 0.05613389
6   E   E 0.4872974 0.04343838
[1] "Summary by group + Session\n"
  grp S   accQR.m    accQR.s
1   C 1 0.3593040 0.04994506
2   C 2 0.3957592 0.07776627
3   C 3 0.4106362 0.07336867
4   U 1 0.3831586 0.07019221
5   U 2 0.4060243 0.06877276
6   U 3 0.3989378 0.07906259
[1] "Summary by Session + IDR + IDL \n"
   S IDL IDR   accQR.m    accQR.s
1  1   D   D 0.3452457 0.02529582
2  1   D   M 0.3370977 0.03880437
3  1   D   E 0.3484347 0.06031526
4  1   E   D 0.3495007 0.03931356
5  1   E   M 0.3850167 0.04841441
6  1   E   E 0.4620923 0.04815767
7  2   D   D 0.3545250 0.03369510
8  2   D   M 0.3632547 0.04739157
9  2   D   E 0.3831053 0.07907640
10 2   E   D 0.3563593 0.04319243
11 2   E   M 0.4473977 0.04561460
12 2   E   E 0.5007087 0.03233260
13 3   D   D 0.3530120 0.04342451
14 3   D   M 0.3688390 0.06333316
15 3   D   E 0.4027367 0.08481616
16 3   E   D 0.3687683 0.05243519
17 3   E   M 0.4362747 0.05436168
18 3   E   E 0.4990913 0.03793535
[1] "Summary by group + IDR + IDL\n"
   grp IDL IDR   accQR.m    accQR.s
1    C   D   D 0.3545240 0.02865672
2    C   D   M 0.3497407 0.03844115
3    C   D   E 0.3492562 0.05342876
4    C   E   D 0.3547338 0.04498586
5    C   E   M 0.4342187 0.05902075
6    C   E   E 0.4889256 0.04948869
7    U   D   D 0.3473311 0.03998772
8    U   D   M 0.3630536 0.06276641
9    U   D   E 0.4069282 0.08795404
10   U   E   D 0.3616851 0.04628189
11   U   E   M 0.4115740 0.05126379
12   U   E   E 0.4856693 0.03690687
[1] "Summary by group + Session + IDR + IDL\n"
   grp S IDL IDR   accQR.m    accQR.s
1    C 1   D   D 0.3421413 0.02212225
2    C 1   D   M 0.3390393 0.02600749
3    C 1   D   E 0.3302020 0.02041677
4    C 1   E   D 0.3400947 0.03182972
5    C 1   E   M 0.3646793 0.03667620
6    C 1   E   E 0.4396673 0.05392734
7    C 2   D   D 0.3536967 0.02887105
8    C 2   D   M 0.3515340 0.03960434
9    C 2   D   E 0.3457060 0.05575721
10   C 2   E   D 0.3448320 0.04322621
11   C 2   E   M 0.4659360 0.03435280
12   C 2   E   E 0.5128507 0.02157055
13   C 3   D   D 0.3677340 0.03010019
14   C 3   D   M 0.3586487 0.04677831
15   C 3   D   E 0.3718607 0.06705244
16   C 3   E   D 0.3792747 0.04998718
17   C 3   E   M 0.4720407 0.02512107
18   C 3   E   E 0.5142587 0.02057257
19   U 1   D   D 0.3483500 0.02855552
20   U 1   D   M 0.3351560 0.04934212
21   U 1   D   E 0.3666673 0.08004072
22   U 1   E   D 0.3589067 0.04470787
23   U 1   E   M 0.4053540 0.05122394
24   U 1   E   E 0.4845173 0.02860449
25   U 2   D   D 0.3553533 0.03894624
26   U 2   D   M 0.3749753 0.05281544
27   U 2   D   E 0.4205047 0.08274479
28   U 2   E   D 0.3678867 0.04136642
29   U 2   E   M 0.4288593 0.04892293
30   U 2   E   E 0.4885667 0.03720563
31   U 3   D   D 0.3382900 0.05035484
32   U 3   D   M 0.3790293 0.07679814
33   U 3   D   E 0.4336127 0.09144686
34   U 3   E   D 0.3582620 0.05440620
35   U 3   E   M 0.4005087 0.05243323
36   U 3   E   E 0.4839240 0.04543989
