[1] "Summary by group"
  grp  flsAmp.m  flsAmp.s
1   C 0.7410038 0.1637345
2   U 0.6892386 0.2022856
[1] "Summary by session\n"
  S  flsAmp.m  flsAmp.s
1 1 0.6612247 0.1927837
2 2 0.7274256 0.1723901
3 3 0.7567132 0.1791816
[1] "Summary by IDR+IDR\n"
  IDL IDR  flsAmp.m  flsAmp.s
1   D   D 0.5357266 0.1187801
2   D   M 0.7107561 0.1887426
3   D   E 0.6899897 0.1504279
4   E   D 0.6276666 0.1316907
5   E   M 0.8190872 0.1364646
6   E   E 0.9075010 0.1056099
[1] "Summary by group + Session\n"
  grp S  flsAmp.m  flsAmp.s
1   C 1 0.6705383 0.1704648
2   C 2 0.7636048 0.1595067
3   C 3 0.7888683 0.1366539
4   U 1 0.6519111 0.2133425
5   U 2 0.6912464 0.1779914
6   U 3 0.7245581 0.2093023
[1] "Summary by Session + IDR + IDL \n"
   S IDL IDR  flsAmp.m   flsAmp.s
1  1   D   D 0.4396503 0.08758699
2  1   D   M 0.6153043 0.19897209
3  1   D   E 0.6545493 0.09291767
4  1   E   D 0.5656333 0.06258066
5  1   E   M 0.7683143 0.10362226
6  1   E   E 0.9238967 0.11464876
7  2   D   D 0.5704507 0.10059512
8  2   D   M 0.6835873 0.12838059
9  2   D   E 0.7017877 0.13893834
10 2   E   D 0.6214607 0.12101798
11 2   E   M 0.8589620 0.12792219
12 2   E   E 0.9283053 0.08427641
13 3   D   D 0.5970787 0.10401025
14 3   D   M 0.8333767 0.16587199
15 3   D   E 0.7136320 0.19871370
16 3   E   D 0.6959057 0.16069810
17 3   E   M 0.8299853 0.16004989
18 3   E   E 0.8703010 0.10874416
[1] "Summary by group + IDR + IDL\n"
   grp IDL IDR  flsAmp.m   flsAmp.s
1    C   D   D 0.5753938 0.12766212
2    C   D   M 0.6767358 0.10931894
3    C   D   E 0.7723707 0.10042272
4    C   E   D 0.6441622 0.12162782
5    C   E   M 0.8875582 0.10469568
6    C   E   E 0.8898022 0.11104251
7    U   D   D 0.4960593 0.09498400
8    U   D   M 0.7447764 0.24028969
9    U   D   E 0.6076087 0.14766490
10   U   E   D 0.6111709 0.14046043
11   U   E   M 0.7506162 0.13083418
12   U   E   E 0.9251998 0.09792448
[1] "Summary by group + Session + IDR + IDL\n"
   grp S IDL IDR  flsAmp.m   flsAmp.s
1    C 1   D   D 0.4690593 0.09592761
2    C 1   D   M 0.5877073 0.06636464
3    C 1   D   E 0.6982907 0.07602022
4    C 1   E   D 0.5603713 0.06031459
5    C 1   E   M 0.7808727 0.08658610
6    C 1   E   E 0.9269287 0.07784016
7    C 2   D   D 0.6124607 0.11278318
8    C 2   D   M 0.6931633 0.10295236
9    C 2   D   E 0.7874807 0.10775101
10   C 2   E   D 0.6525193 0.12705109
11   C 2   E   M 0.9407620 0.06395375
12   C 2   E   E 0.8952427 0.10373876
13   C 3   D   D 0.6446613 0.10281764
14   C 3   D   M 0.7493367 0.09014951
15   C 3   D   E 0.8313407 0.06674715
16   C 3   E   D 0.7195960 0.11410321
17   C 3   E   M 0.9410400 0.06760158
18   C 3   E   E 0.8472353 0.13594884
19   U 1   D   D 0.4102413 0.06953764
20   U 1   D   M 0.6429013 0.27562907
21   U 1   D   E 0.6108080 0.08947105
22   U 1   E   D 0.5708953 0.06644723
23   U 1   E   M 0.7557560 0.12002921
24   U 1   E   E 0.9208647 0.14542616
25   U 2   D   D 0.5284407 0.06678115
26   U 2   D   M 0.6740113 0.15278979
27   U 2   D   E 0.6160947 0.11243072
28   U 2   E   D 0.5904020 0.11012598
29   U 2   E   M 0.7771620 0.12437276
30   U 2   E   E 0.9613680 0.04010210
31   U 3   D   D 0.5494960 0.08358143
32   U 3   D   M 0.9174167 0.18365987
33   U 3   D   E 0.5959233 0.21828788
34   U 3   E   D 0.6722153 0.19816695
35   U 3   E   M 0.7189307 0.14853794
36   U 3   E   E 0.8933667 0.06980765
