[1] "accTimeLrel ~S*IDR*IDL*grp + Error(pp/(S*IDR*IDL))"
$ANOVA
          Effect DFn DFd          F            p p<.05         ges
2            grp   1   8  0.9572080 3.565464e-01       0.048802043
3              S   2  16  1.4159136 2.715315e-01       0.020084810
5            IDR   2  16 20.5296221 3.822537e-05     * 0.056636660
7            IDL   1   8 72.2451183 2.816062e-05     * 0.674282203
4          grp:S   2  16  1.1580437 3.390769e-01       0.016487220
6        grp:IDR   2  16  1.6354227 2.258155e-01       0.004759875
8        grp:IDL   1   8  1.6165437 2.392917e-01       0.044270473
9          S:IDR   4  32  1.1239563 3.625860e-01       0.007405409
11         S:IDL   2  16  3.0060252 7.792483e-02       0.027315269
13       IDR:IDL   2  16  1.1913557 3.293695e-01       0.003682400
10     grp:S:IDR   4  32  1.0129044 4.154063e-01       0.006678608
12     grp:S:IDL   2  16  1.3428560 2.889899e-01       0.012389560
14   grp:IDR:IDL   2  16  0.5371047 5.946139e-01       0.001663518
15     S:IDR:IDL   4  32  1.3315683 2.795454e-01       0.008271471
16 grp:S:IDR:IDL   4  32  0.7594794 5.593539e-01       0.004734579

$`Mauchly's Test for Sphericity`
          Effect          W          p p<.05
3              S 0.95480557 0.85055481      
4          grp:S 0.95480557 0.85055481      
5            IDR 0.62490166 0.19290384      
6        grp:IDR 0.62490166 0.19290384      
9          S:IDR 0.06115396 0.04258667     *
10     grp:S:IDR 0.06115396 0.04258667     *
11         S:IDL 0.64599803 0.21667518      
12     grp:S:IDL 0.64599803 0.21667518      
13       IDR:IDL 0.77198324 0.40422908      
14   grp:IDR:IDL 0.77198324 0.40422908      
15     S:IDR:IDL 0.12324661 0.15833773      
16 grp:S:IDR:IDL 0.12324661 0.15833773      

$`Sphericity Corrections`
          Effect       GGe        p[GG] p[GG]<.05       HFe        p[HF]
3              S 0.9567598 0.2720100291           1.2504498 0.2715314757
4          grp:S 0.9567598 0.3379331367           1.2504498 0.3390769120
5            IDR 0.7272207 0.0003196862         * 0.8471372 0.0001252674
6        grp:IDR 0.7272207 0.2340190951           0.8471372 0.2307705347
9          S:IDR 0.5214822 0.3506156953           0.7090445 0.3580659763
10     grp:S:IDR 0.5214822 0.3874530204           0.7090445 0.4018615613
11         S:IDL 0.7385514 0.0983938631           0.8657138 0.0878459292
12     grp:S:IDL 0.7385514 0.2876675745           0.8657138 0.2888913717
13       IDR:IDL 0.8143211 0.3245364294           0.9933346 0.3292377014
14   grp:IDR:IDL 0.8143211 0.5614201254           0.9933346 0.5935260937
15     S:IDR:IDL 0.5240961 0.2916901032           0.7142851 0.2883643958
16 grp:S:IDR:IDL 0.5240961 0.4891252277           0.7142851 0.5225479877
   p[HF]<.05
3           
4           
5          *
6           
9           
10          
11          
12          
13          
14          
15          
16          

