[1] "Summary by group"
  grp accTimeLrel.m accTimeLrel.s
1   C      2.005401      1.502118
2   U      2.456484      2.094822
[1] "Summary by session\n"
  S accTimeLrel.m accTimeLrel.s
1 1      2.029427      1.494113
2 2      2.326574      1.924703
3 3      2.336828      2.034900
[1] "Summary by IDR+IDR\n"
  IDL IDR accTimeLrel.m accTimeLrel.s
1   D   D     0.5724877     0.2576706
2   D   M     0.7917094     0.2925762
3   D   E     1.0306534     0.4002089
4   E   D     3.3381674     1.6049347
5   E   M     3.5862600     1.5407549
6   E   E     4.0663786     1.5143065
[1] "Summary by group + Session\n"
  grp S accTimeLrel.m accTimeLrel.s
1   C 1      1.978217      1.478322
2   C 2      1.967634      1.489647
3   C 3      2.070353      1.552044
4   U 1      2.080636      1.516275
5   U 2      2.685515      2.229566
6   U 3      2.603302      2.403269
[1] "Summary by Session + IDR + IDL \n"
   S IDL IDR accTimeLrel.m accTimeLrel.s
1  1   D   D     0.6242489     0.1469296
2  1   D   M     0.8018693     0.1913678
3  1   D   E     1.0408623     0.2706744
4  1   E   D     2.6580728     0.8251447
5  1   E   M     3.1536721     1.0283481
6  1   E   E     3.8978337     1.4032866
7  2   D   D     0.5933709     0.3409365
8  2   D   M     0.8298394     0.4179764
9  2   D   E     1.1003686     0.5403625
10 2   E   D     3.6510558     1.8990911
11 2   E   M     3.5783553     1.3702164
12 2   E   E     4.2064549     1.6512407
13 3   D   D     0.4998432     0.2392767
14 3   D   M     0.7434197     0.2176164
15 3   D   E     0.9507294     0.3384489
16 3   E   D     3.7053737     1.7024790
17 3   E   M     4.0267528     1.9890020
18 3   E   E     4.0948472     1.5136665
[1] "Summary by group + IDR + IDL\n"
   grp IDL IDR accTimeLrel.m accTimeLrel.s
1    C   D   D     0.5333358     0.1952393
2    C   D   M     0.7671406     0.1731982
3    C   D   E     1.0606649     0.2820556
4    C   E   D     2.7654276     1.0203340
5    C   E   M     3.1449828     1.1197625
6    C   E   E     3.7608562     1.2586414
7    U   D   D     0.6116395     0.3050303
8    U   D   M     0.8162782     0.3767158
9    U   D   E     1.0006420     0.4925209
10   U   E   D     3.9109072     1.8703257
11   U   E   M     4.0275373     1.7747208
12   U   E   E     4.3719010     1.6921157
[1] "Summary by group + Session + IDR + IDL\n"
   grp S IDL IDR accTimeLrel.m accTimeLrel.s
1    C 1   D   D     0.6332005     0.1507577
2    C 1   D   M     0.7900821     0.1387997
3    C 1   D   E     1.0623260     0.2496347
4    C 1   E   D     2.5787765     0.8974491
5    C 1   E   M     3.0648328     1.2108760
6    C 1   E   E     3.7400854     1.4799370
7    C 2   D   D     0.5000760     0.1944121
8    C 2   D   M     0.7439601     0.2018752
9    C 2   D   E     1.0388343     0.3148851
10   C 2   E   D     2.7051187     1.1134191
11   C 2   E   M     3.1178788     1.1173095
12   C 2   E   E     3.6999342     1.1786982
13   C 3   D   D     0.4667310     0.2065262
14   C 3   D   M     0.7673796     0.1819879
15   C 3   D   E     1.0808343     0.2959927
16   C 3   E   D     3.0123877     1.0584347
17   C 3   E   M     3.2522367     1.0982403
18   C 3   E   E     3.8425491     1.1780126
19   U 1   D   D     0.6152973     0.1477127
20   U 1   D   M     0.8136564     0.2372679
21   U 1   D   E     1.0193985     0.2974184
22   U 1   E   D     2.7373691     0.7690720
23   U 1   E   M     3.2425114     0.8410721
24   U 1   E   E     4.0555820     1.3548237
25   U 2   D   D     0.6866659     0.4293376
26   U 2   D   M     0.9157186     0.5525666
27   U 2   D   E     1.1619030     0.7053888
28   U 2   E   D     4.5969928     2.0769161
29   U 2   E   M     4.0388318     1.4786290
30   U 2   E   E     4.7129756     1.9258350
31   U 3   D   D     0.5329554     0.2712816
32   U 3   D   M     0.7194598     0.2524810
33   U 3   D   E     0.8206245     0.3367385
34   U 3   E   D     4.3983598     1.9633016
35   U 3   E   M     4.8012688     2.3881500
36   U 3   E   E     4.3471454     1.7949688
