[1] "q4Rrel ~S*IDR*IDL*grp + Error(pp/(S*IDR*IDL))"
$ANOVA
          Effect DFn DFd          F            p p<.05          ges
2            grp   1   8  0.1555322 7.036084e-01       0.0063559809
3              S   2  16  1.4613690 2.612691e-01       0.0258692497
5            IDR   2  16 58.7462989 4.258948e-08     * 0.5228641255
7            IDL   1   8 31.6865397 4.932596e-04     * 0.2989512397
4          grp:S   2  16  4.1867351 3.448426e-02     * 0.0707028276
6        grp:IDR   2  16  2.0248302 1.644764e-01       0.0363959847
8        grp:IDL   1   8  2.3651172 1.626325e-01       0.0308476463
9          S:IDR   4  32  0.6770790 6.128502e-01       0.0147315881
11         S:IDL   2  16  0.3456479 7.129177e-01       0.0013282485
13       IDR:IDL   2  16 26.0610718 9.260905e-06     * 0.0933148823
10     grp:S:IDR   4  32  0.5658672 6.891704e-01       0.0123417536
12     grp:S:IDL   2  16  1.5514104 2.422032e-01       0.0059342311
14   grp:IDR:IDL   2  16  2.5863830 1.063504e-01       0.0101107091
15     S:IDR:IDL   4  32  1.7727354 1.586742e-01       0.0065318897
16 grp:S:IDR:IDL   4  32  0.1436885 9.644799e-01       0.0005326373

$`Mauchly's Test for Sphericity`
          Effect         W          p p<.05
3              S 0.5207304 0.10189319      
4          grp:S 0.5207304 0.10189319      
5            IDR 0.8819588 0.64427162      
6        grp:IDR 0.8819588 0.64427162      
9          S:IDR 0.1248878 0.16199265      
10     grp:S:IDR 0.1248878 0.16199265      
11         S:IDL 0.4429427 0.05783844      
12     grp:S:IDL 0.4429427 0.05783844      
13       IDR:IDL 0.7703432 0.40123145      
14   grp:IDR:IDL 0.7703432 0.40123145      
15     S:IDR:IDL 0.3462952 0.67097108      
16 grp:S:IDR:IDL 0.3462952 0.67097108      

$`Sphericity Corrections`
          Effect       GGe        p[GG] p[GG]<.05       HFe        p[HF]
3              S 0.6760093 2.641169e-01           0.7647560 2.640489e-01
4          grp:S 0.6760093 5.697201e-02           0.7647560 4.961493e-02
5            IDR 0.8944214 1.944814e-07         * 1.1350208 4.258948e-08
6        grp:IDR 0.8944214 1.706866e-01           1.1350208 1.644764e-01
9          S:IDR 0.6641067 5.586899e-01           1.0249622 6.128502e-01
10     grp:S:IDR 0.6641067 6.234379e-01           1.0249622 6.891704e-01
11         S:IDL 0.6422371 6.231722e-01           0.7118034 6.440336e-01
12     grp:S:IDL 0.6422371 2.488372e-01           0.7118034 2.482069e-01
13       IDR:IDL 0.8132351 5.102269e-05         * 0.9914625 1.000975e-05
14   grp:IDR:IDL 0.8132351 1.202514e-01           0.9914625 1.069512e-01
15     S:IDR:IDL 0.7509559 1.791522e-01           1.2526787 1.586742e-01
16 grp:S:IDR:IDL 0.7509559 9.328827e-01           1.2526787 9.644799e-01
   p[HF]<.05
3           
4          *
5          *
6           
9           
10          
11          
12          
13         *
14          
15          
16          

