Post-hoc Tukey comparisons[1] "grp Tukey test"

	Pairwise comparisons using paired t tests 

data:  mdata$q4Rrel and mdata$grp 

  C   
U 0.14

P value adjustment method: bonferroni 
[1] "S Tukey test"

	Pairwise comparisons using paired t tests 

data:  mdata$q4Rrel and mdata$S 

  1      2     
2 0.0016 -     
3 0.0410 0.6579

P value adjustment method: bonferroni 
[1] "IDR Tukey test"

	Pairwise comparisons using paired t tests 

data:  mdata$q4Rrel and mdata$IDR 

  D      M    
M <2e-16 -    
E <2e-16 1e-11

P value adjustment method: bonferroni 
[1] "IDL Tukey test"
