[1] "IPerfEfR ~(S*IDR*IDL*grp)+Error(pp/(S*IDR*IDL))+grp"
$ANOVA
          Effect DFn DFd           F          p p<.05          ges
2            grp   1   8 1.165967577 0.31170686       5.021200e-02
3              S   2  16 4.196055893 0.03427399     * 4.168481e-02
4          grp:S   2  16 0.363446815 0.70087005       3.753495e-03
5            IDR   2  16 4.267628892 0.03270656     * 1.054775e-01
6        grp:IDR   2  16 1.081037085 0.36277412       2.900283e-02
7            IDL   1   8 0.001263145 0.97251936       1.425439e-05
8        grp:IDL   1   8 0.117692385 0.74039161       1.326397e-03
9          S:IDR   4  32 2.064150598 0.10879546       1.225476e-02
10     grp:S:IDR   4  32 0.458316088 0.76565516       2.747191e-03
11         S:IDL   2  16 1.110460713 0.35350632       4.848335e-03
12     grp:S:IDL   2  16 0.057899420 0.94394167       2.539592e-04
13       IDR:IDL   2  16 4.267183239 0.03271607     * 5.773979e-02
14   grp:IDR:IDL   2  16 0.121656600 0.88626360       1.743977e-03
15     S:IDR:IDL   4  32 1.412406406 0.25224722       7.873785e-03
16 grp:S:IDR:IDL   4  32 2.100124172 0.10384560       1.166291e-02

$`Mauchly's Test for Sphericity`
          Effect          W           p p<.05
3              S 0.68499852 0.266019652      
4          grp:S 0.68499852 0.266019652      
5            IDR 0.14141308 0.001063441     *
6        grp:IDR 0.14141308 0.001063441     *
9          S:IDR 0.19382961 0.327538162      
10     grp:S:IDR 0.19382961 0.327538162      
11         S:IDL 0.72482084 0.324195767      
12     grp:S:IDL 0.72482084 0.324195767      
13       IDR:IDL 0.21555655 0.004650122     *
14   grp:IDR:IDL 0.21555655 0.004650122     *
15     S:IDR:IDL 0.09990263 0.109030323      
16 grp:S:IDR:IDL 0.09990263 0.109030323      

$`Sphericity Corrections`
          Effect       GGe      p[GG] p[GG]<.05       HFe      p[HF] p[HF]<.05
3              S 0.7604554 0.04970370         * 0.9019939 0.03988006         *
4          grp:S 0.7604554 0.64626584           0.9019939 0.68033602          
5            IDR 0.5380432 0.06840369           0.5549446 0.06657453          
6        grp:IDR 0.5380432 0.33309582           0.5549446 0.33483743          
9          S:IDR 0.6087386 0.14675286           0.8946283 0.11786004          
10     grp:S:IDR 0.6087386 0.67606448           0.8946283 0.74575552          
11         S:IDL 0.7842035 0.34444294           0.9418867 0.35145316          
12     grp:S:IDL 0.7842035 0.90790448           0.9418867 0.93603974          
13       IDR:IDL 0.5603988 0.06600655           0.5877992 0.06316660          
14   grp:IDR:IDL 0.5603988 0.76368595           0.5877992 0.77494661          
15     S:IDR:IDL 0.5308792 0.27156227           0.7279717 0.26446463          
16 grp:S:IDR:IDL 0.5308792 0.15117062           0.7279717 0.12904269          

