                  Estimate MCMCmean HPD95lower HPD95upper pMCMC Pr(>|t|)
(Intercept)         0.8627   0.8621     0.8395     0.8843 0.001   0.0000
grp1               -0.0063  -0.0057    -0.0287     0.0150 0.582   0.4909
S1                  0.0070   0.0071    -0.0049     0.0202 0.268   0.3977
S2                 -0.0020  -0.0019    -0.0145     0.0100 0.798   0.8080
IDR1               -0.0014  -0.0012    -0.0095     0.0064 0.778   0.7557
IDR2                0.0023   0.0022    -0.0058     0.0105 0.576   0.6012
IDL1                0.0212   0.0212     0.0127     0.0305 0.001   0.0000
grp1:S1             0.0019   0.0023    -0.0111     0.0147 0.714   0.8163
grp1:S2            -0.0067  -0.0064    -0.0198     0.0058 0.314   0.4188
grp1:IDR1           0.0025   0.0025    -0.0054     0.0105 0.520   0.5714
grp1:IDR2           0.0056   0.0057    -0.0015     0.0134 0.142   0.1992
S1:IDR1            -0.0093  -0.0093    -0.0167    -0.0011 0.016   0.0983
S2:IDR1             0.0041   0.0043    -0.0034     0.0126 0.316   0.4640
S1:IDR2             0.0073   0.0074    -0.0004     0.0158 0.068   0.1942
S2:IDR2             0.0000  -0.0002    -0.0081     0.0076 0.952   0.9941
grp1:IDL1          -0.0050  -0.0049    -0.0127     0.0038 0.236   0.3057
S1:IDL1            -0.0033  -0.0034    -0.0094     0.0018 0.234   0.4044
S2:IDL1             0.0003   0.0004    -0.0059     0.0060 0.910   0.9308
IDR1:IDL1           0.0013   0.0013    -0.0040     0.0074 0.648   0.7452
IDR2:IDL1          -0.0084  -0.0085    -0.0144    -0.0029 0.002   0.0330
grp1:S1:IDR1        0.0014   0.0013    -0.0078     0.0087 0.746   0.8040
grp1:S2:IDR1       -0.0064  -0.0064    -0.0148     0.0010 0.100   0.2547
grp1:S1:IDR2       -0.0004  -0.0003    -0.0081     0.0078 0.924   0.9497
grp1:S2:IDR2       -0.0042  -0.0044    -0.0125     0.0041 0.300   0.4525
grp1:S1:IDL1        0.0056   0.0055     0.0003     0.0120 0.060   0.1581
grp1:S2:IDL1       -0.0045  -0.0044    -0.0101     0.0013 0.148   0.2568
grp1:IDR1:IDL1     -0.0099  -0.0099    -0.0150    -0.0044 0.001   0.0123
grp1:IDR2:IDL1      0.0042   0.0041    -0.0008     0.0104 0.146   0.2890
S1:IDR1:IDL1       -0.0072  -0.0074    -0.0167    -0.0001 0.068   0.1992
S2:IDR1:IDL1       -0.0004  -0.0003    -0.0086     0.0072 0.958   0.9398
S1:IDR2:IDL1        0.0019   0.0020    -0.0053     0.0110 0.624   0.7355
S2:IDR2:IDL1        0.0023   0.0022    -0.0054     0.0106 0.602   0.6776
grp1:S1:IDR1:IDL1   0.0092   0.0090     0.0007     0.0176 0.046   0.1001
grp1:S2:IDR1:IDL1  -0.0020  -0.0020    -0.0101     0.0063 0.666   0.7245
grp1:S1:IDR2:IDL1  -0.0080  -0.0079    -0.0164     0.0000 0.060   0.1551
grp1:S2:IDR2:IDL1  -0.0011  -0.0012    -0.0087     0.0068 0.750   0.8422
NULL
       Length Class      Mode
fixed  6      data.frame list
random 7      data.frame list
Analysis of Variance Table
              Df    Sum Sq   Mean Sq F value
grp            1 0.0006353 0.0006353  0.4750
S              2 0.0010160 0.0005080  0.3798
IDR            2 0.0003702 0.0001851  0.1384
IDL            1 0.0257976 0.0257976 19.2880
grp:S          2 0.0009286 0.0004643  0.3471
grp:IDR        2 0.0048176 0.0024088  1.8010
S:IDR          4 0.0049230 0.0012307  0.9202
grp:IDL        1 0.0014065 0.0014065  1.0516
S:IDL          2 0.0011260 0.0005630  0.4209
IDR:IDL        2 0.0070988 0.0035494  2.6538
grp:S:IDR      4 0.0058977 0.0014744  1.1024
grp:S:IDL      2 0.0030003 0.0015002  1.1216
grp:IDR:IDL    2 0.0085206 0.0042603  3.1853
S:IDR:IDL      4 0.0034170 0.0008543  0.6387
grp:S:IDR:IDL  4 0.0057547 0.0014387  1.0756
Linear mixed model fit by REML 
Formula: get(vname) ~ (1 | pp) + (1 | pp/S) + (1 | pp/IDR) + (1 | pp/IDL) +      (1 | pp/S:IDR:IDL) + grp * S * IDR * IDL 
   Data: mdata 
   AIC   BIC logLik deviance REMLdev
 -1393 -1196  742.5    -1803   -1485
Random effects:
 Groups       Name        Variance   Std.Dev. 
 S:IDR:IDL:pp (Intercept) 9.5908e-04 0.0309690
 IDR:pp       (Intercept) 5.1463e-05 0.0071737
 S:pp         (Intercept) 7.8183e-04 0.0279612
 IDL:pp       (Intercept) 3.1067e-04 0.0176258
 pp           (Intercept) 6.2918e-05 0.0079321
 pp           (Intercept) 6.2918e-05 0.0079321
 pp           (Intercept) 6.3066e-05 0.0079414
 pp           (Intercept) 6.3096e-05 0.0079433
 pp           (Intercept) 6.3334e-05 0.0079583
 Residual                 1.3375e-03 0.0365718
Number of obs: 540, groups: S:IDR:IDL:pp, 180; IDR:pp, 30; S:pp, 30; IDL:pp, 20; pp, 10

Fixed effects:
                    Estimate Std. Error t value
(Intercept)        8.627e-01  9.091e-03   94.89
grp1              -6.267e-03  9.091e-03   -0.69
S1                 6.966e-03  8.230e-03    0.85
S2                -2.001e-03  8.230e-03   -0.24
IDR1              -1.358e-03  4.364e-03   -0.31
IDR2               2.282e-03  4.364e-03    0.52
IDL1               2.121e-02  4.831e-03    4.39
grp1:S1            1.913e-03  8.230e-03    0.23
grp1:S2           -6.659e-03  8.230e-03   -0.81
grp1:IDR1          2.471e-03  4.364e-03    0.57
grp1:IDR2          5.610e-03  4.364e-03    1.29
S1:IDR1           -9.253e-03  5.588e-03   -1.66
S2:IDR1            4.094e-03  5.588e-03    0.73
S1:IDR2            7.263e-03  5.588e-03    1.30
S2:IDR2           -4.169e-05  5.588e-03   -0.01
grp1:IDL1         -4.953e-03  4.831e-03   -1.03
S1:IDL1           -3.297e-03  3.951e-03   -0.83
S2:IDL1            3.431e-04  3.951e-03    0.09
IDR1:IDL1          1.285e-03  3.951e-03    0.33
IDR2:IDL1         -8.446e-03  3.951e-03   -2.14
grp1:S1:IDR1       1.387e-03  5.588e-03    0.25
grp1:S2:IDR1      -6.372e-03  5.588e-03   -1.14
grp1:S1:IDR2      -3.529e-04  5.588e-03   -0.06
grp1:S2:IDR2      -4.201e-03  5.588e-03   -0.75
grp1:S1:IDL1       5.585e-03  3.951e-03    1.41
grp1:S2:IDL1      -4.486e-03  3.951e-03   -1.14
grp1:IDR1:IDL1    -9.932e-03  3.951e-03   -2.51
grp1:IDR2:IDL1     4.194e-03  3.951e-03    1.06
S1:IDR1:IDL1      -7.182e-03  5.588e-03   -1.29
S2:IDR1:IDL1      -4.222e-04  5.588e-03   -0.08
S1:IDR2:IDL1       1.889e-03  5.588e-03    0.34
S2:IDR2:IDL1       2.324e-03  5.588e-03    0.42
grp1:S1:IDR1:IDL1  9.206e-03  5.588e-03    1.65
grp1:S2:IDR1:IDL1 -1.971e-03  5.588e-03   -0.35
grp1:S1:IDR2:IDL1 -7.957e-03  5.588e-03   -1.42
grp1:S2:IDR2:IDL1 -1.113e-03  5.588e-03   -0.20

Correlation of Fixed Effects:
            (Intr) grp1   S1     S2     IDR1   IDR2   IDL1   gr1:S1 gr1:S2
grp1         0.000                                                        
S1           0.000  0.000                                                 
S2           0.000  0.000 -0.500                                          
IDR1         0.000  0.000  0.000  0.000                                   
IDR2         0.000  0.000  0.000  0.000 -0.500                            
IDL1         0.000  0.000  0.000  0.000  0.000  0.000                     
grp1:S1      0.000  0.000  0.000  0.000  0.000  0.000  0.000              
grp1:S2      0.000  0.000  0.000  0.000  0.000  0.000  0.000 -0.500       
grp1:IDR1    0.000  0.000  0.000  0.000  0.000  0.000  0.000  0.000  0.000
grp1:IDR2    0.000  0.000  0.000  0.000  0.000  0.000  0.000  0.000  0.000
S1:IDR1      0.000  0.000  0.000  0.000  0.000  0.000  0.000  0.000  0.000
S2:IDR1      0.000  0.000  0.000  0.000  0.000  0.000  0.000  0.000  0.000
S1:IDR2      0.000  0.000  0.000  0.000  0.000  0.000  0.000  0.000  0.000
S2:IDR2      0.000  0.000  0.000  0.000  0.000  0.000  0.000  0.000  0.000
grp1:IDL1    0.000  0.000  0.000  0.000  0.000  0.000  0.000  0.000  0.000
S1:IDL1      0.000  0.000  0.000  0.000  0.000  0.000  0.000  0.000  0.000
S2:IDL1      0.000  0.000  0.000  0.000  0.000  0.000  0.000  0.000  0.000
IDR1:IDL1    0.000  0.000  0.000  0.000  0.000  0.000  0.000  0.000  0.000
IDR2:IDL1    0.000  0.000  0.000  0.000  0.000  0.000  0.000  0.000  0.000
gr1:S1:IDR1  0.000  0.000  0.000  0.000  0.000  0.000  0.000  0.000  0.000
gr1:S2:IDR1  0.000  0.000  0.000  0.000  0.000  0.000  0.000  0.000  0.000
gr1:S1:IDR2  0.000  0.000  0.000  0.000  0.000  0.000  0.000  0.000  0.000
gr1:S2:IDR2  0.000  0.000  0.000  0.000  0.000  0.000  0.000  0.000  0.000
gr1:S1:IDL1  0.000  0.000  0.000  0.000  0.000  0.000  0.000  0.000  0.000
gr1:S2:IDL1  0.000  0.000  0.000  0.000  0.000  0.000  0.000  0.000  0.000
g1:IDR1:IDL  0.000  0.000  0.000  0.000  0.000  0.000  0.000  0.000  0.000
g1:IDR2:IDL  0.000  0.000  0.000  0.000  0.000  0.000  0.000  0.000  0.000
S1:IDR1:IDL  0.000  0.000  0.000  0.000  0.000  0.000  0.000  0.000  0.000
S2:IDR1:IDL  0.000  0.000  0.000  0.000  0.000  0.000  0.000  0.000  0.000
S1:IDR2:IDL  0.000  0.000  0.000  0.000  0.000  0.000  0.000  0.000  0.000
S2:IDR2:IDL  0.000  0.000  0.000  0.000  0.000  0.000  0.000  0.000  0.000
g1:S1:IDR1:  0.000  0.000  0.000  0.000  0.000  0.000  0.000  0.000  0.000
g1:S2:IDR1:  0.000  0.000  0.000  0.000  0.000  0.000  0.000  0.000  0.000
g1:S1:IDR2:  0.000  0.000  0.000  0.000  0.000  0.000  0.000  0.000  0.000
g1:S2:IDR2:  0.000  0.000  0.000  0.000  0.000  0.000  0.000  0.000  0.000
            gr1:IDR1 gr1:IDR2 S1:IDR1 S2:IDR1 S1:IDR2 S2:IDR2 g1:IDL S1:IDL
grp1                                                                       
S1                                                                         
S2                                                                         
IDR1                                                                       
IDR2                                                                       
IDL1                                                                       
grp1:S1                                                                    
grp1:S2                                                                    
grp1:IDR1                                                                  
grp1:IDR2   -0.500                                                         
S1:IDR1      0.000    0.000                                                
S2:IDR1      0.000    0.000   -0.500                                       
S1:IDR2      0.000    0.000   -0.500   0.250                               
S2:IDR2      0.000    0.000    0.250  -0.500  -0.500                       
grp1:IDL1    0.000    0.000    0.000   0.000   0.000   0.000               
S1:IDL1      0.000    0.000    0.000   0.000   0.000   0.000   0.000       
S2:IDL1      0.000    0.000    0.000   0.000   0.000   0.000   0.000 -0.500
IDR1:IDL1    0.000    0.000    0.000   0.000   0.000   0.000   0.000  0.000
IDR2:IDL1    0.000    0.000    0.000   0.000   0.000   0.000   0.000  0.000
gr1:S1:IDR1  0.000    0.000    0.000   0.000   0.000   0.000   0.000  0.000
gr1:S2:IDR1  0.000    0.000    0.000   0.000   0.000   0.000   0.000  0.000
gr1:S1:IDR2  0.000    0.000    0.000   0.000   0.000   0.000   0.000  0.000
gr1:S2:IDR2  0.000    0.000    0.000   0.000   0.000   0.000   0.000  0.000
gr1:S1:IDL1  0.000    0.000    0.000   0.000   0.000   0.000   0.000  0.000
gr1:S2:IDL1  0.000    0.000    0.000   0.000   0.000   0.000   0.000  0.000
g1:IDR1:IDL  0.000    0.000    0.000   0.000   0.000   0.000   0.000  0.000
g1:IDR2:IDL  0.000    0.000    0.000   0.000   0.000   0.000   0.000  0.000
S1:IDR1:IDL  0.000    0.000    0.000   0.000   0.000   0.000   0.000  0.000
S2:IDR1:IDL  0.000    0.000    0.000   0.000   0.000   0.000   0.000  0.000
S1:IDR2:IDL  0.000    0.000    0.000   0.000   0.000   0.000   0.000  0.000
S2:IDR2:IDL  0.000    0.000    0.000   0.000   0.000   0.000   0.000  0.000
g1:S1:IDR1:  0.000    0.000    0.000   0.000   0.000   0.000   0.000  0.000
g1:S2:IDR1:  0.000    0.000    0.000   0.000   0.000   0.000   0.000  0.000
g1:S1:IDR2:  0.000    0.000    0.000   0.000   0.000   0.000   0.000  0.000
g1:S2:IDR2:  0.000    0.000    0.000   0.000   0.000   0.000   0.000  0.000
            S2:IDL IDR1:I IDR2:I gr1:S1:IDR1 gr1:S2:IDR1 gr1:S1:IDR2
grp1                                                                
S1                                                                  
S2                                                                  
IDR1                                                                
IDR2                                                                
IDL1                                                                
grp1:S1                                                             
grp1:S2                                                             
grp1:IDR1                                                           
grp1:IDR2                                                           
S1:IDR1                                                             
S2:IDR1                                                             
S1:IDR2                                                             
S2:IDR2                                                             
grp1:IDL1                                                           
S1:IDL1                                                             
S2:IDL1                                                             
IDR1:IDL1    0.000                                                  
IDR2:IDL1    0.000 -0.500                                           
gr1:S1:IDR1  0.000  0.000  0.000                                    
gr1:S2:IDR1  0.000  0.000  0.000 -0.500                             
gr1:S1:IDR2  0.000  0.000  0.000 -0.500       0.250                 
gr1:S2:IDR2  0.000  0.000  0.000  0.250      -0.500      -0.500     
gr1:S1:IDL1  0.000  0.000  0.000  0.000       0.000       0.000     
gr1:S2:IDL1  0.000  0.000  0.000  0.000       0.000       0.000     
g1:IDR1:IDL  0.000  0.000  0.000  0.000       0.000       0.000     
g1:IDR2:IDL  0.000  0.000  0.000  0.000       0.000       0.000     
S1:IDR1:IDL  0.000  0.000  0.000  0.000       0.000       0.000     
S2:IDR1:IDL  0.000  0.000  0.000  0.000       0.000       0.000     
S1:IDR2:IDL  0.000  0.000  0.000  0.000       0.000       0.000     
S2:IDR2:IDL  0.000  0.000  0.000  0.000       0.000       0.000     
g1:S1:IDR1:  0.000  0.000  0.000  0.000       0.000       0.000     
g1:S2:IDR1:  0.000  0.000  0.000  0.000       0.000       0.000     
g1:S1:IDR2:  0.000  0.000  0.000  0.000       0.000       0.000     
g1:S2:IDR2:  0.000  0.000  0.000  0.000       0.000       0.000     
            gr1:S2:IDR2 g1:S1:IDL g1:S2:IDL g1:IDR1: g1:IDR2: S1:IDR1: S2:IDR1:
grp1                                                                           
S1                                                                             
S2                                                                             
IDR1                                                                           
IDR2                                                                           
IDL1                                                                           
grp1:S1                                                                        
grp1:S2                                                                        
grp1:IDR1                                                                      
grp1:IDR2                                                                      
S1:IDR1                                                                        
S2:IDR1                                                                        
S1:IDR2                                                                        
S2:IDR2                                                                        
grp1:IDL1                                                                      
S1:IDL1                                                                        
S2:IDL1                                                                        
IDR1:IDL1                                                                      
IDR2:IDL1                                                                      
gr1:S1:IDR1                                                                    
gr1:S2:IDR1                                                                    
gr1:S1:IDR2                                                                    
gr1:S2:IDR2                                                                    
gr1:S1:IDL1  0.000                                                             
gr1:S2:IDL1  0.000      -0.500                                                 
g1:IDR1:IDL  0.000       0.000     0.000                                       
g1:IDR2:IDL  0.000       0.000     0.000    -0.500                             
S1:IDR1:IDL  0.000       0.000     0.000     0.000    0.000                    
S2:IDR1:IDL  0.000       0.000     0.000     0.000    0.000   -0.500           
S1:IDR2:IDL  0.000       0.000     0.000     0.000    0.000   -0.500    0.250  
S2:IDR2:IDL  0.000       0.000     0.000     0.000    0.000    0.250   -0.500  
g1:S1:IDR1:  0.000       0.000     0.000     0.000    0.000    0.000    0.000  
g1:S2:IDR1:  0.000       0.000     0.000     0.000    0.000    0.000    0.000  
g1:S1:IDR2:  0.000       0.000     0.000     0.000    0.000    0.000    0.000  
g1:S2:IDR2:  0.000       0.000     0.000     0.000    0.000    0.000    0.000  
            S1:IDR2: S2:IDR2: g1:S1:IDR1: g1:S2:IDR1: g1:S1:IDR2:
grp1                                                             
S1                                                               
S2                                                               
IDR1                                                             
IDR2                                                             
IDL1                                                             
grp1:S1                                                          
grp1:S2                                                          
grp1:IDR1                                                        
grp1:IDR2                                                        
S1:IDR1                                                          
S2:IDR1                                                          
S1:IDR2                                                          
S2:IDR2                                                          
grp1:IDL1                                                        
S1:IDL1                                                          
S2:IDL1                                                          
IDR1:IDL1                                                        
IDR2:IDL1                                                        
gr1:S1:IDR1                                                      
gr1:S2:IDR1                                                      
gr1:S1:IDR2                                                      
gr1:S2:IDR2                                                      
gr1:S1:IDL1                                                      
gr1:S2:IDL1                                                      
g1:IDR1:IDL                                                      
g1:IDR2:IDL                                                      
S1:IDR1:IDL                                                      
S2:IDR1:IDL                                                      
S1:IDR2:IDL                                                      
S2:IDR2:IDL -0.500                                               
g1:S1:IDR1:  0.000    0.000                                      
g1:S2:IDR1:  0.000    0.000   -0.500                             
g1:S1:IDR2:  0.000    0.000   -0.500       0.250                 
g1:S2:IDR2:  0.000    0.000    0.250      -0.500      -0.500     
