[1] "maxangleR ~(S*DID*grp)+Error(pp/(S*DID))+grp"
$ANOVA
     Effect DFn DFd          F            p p<.05         ges
2       grp   1   8  0.2724416 6.158383e-01       0.004619544
3         S   2  16  0.2268797 7.995373e-01       0.006416337
5       DID   2  16 24.4173129 1.375637e-05     * 0.430491383
4     grp:S   2  16  0.0804045 9.231135e-01       0.002283361
6   grp:DID   2  16  0.6169687 5.519297e-01       0.018741860
7     S:DID   4  32  0.8862973 4.832564e-01       0.041249894
8 grp:S:DID   4  32  0.9632182 4.410540e-01       0.044670008

$`Mauchly's Test for Sphericity`
     Effect          W           p p<.05
3         S 0.39799169 0.039770313     *
4     grp:S 0.39799169 0.039770313     *
5       DID 0.18028090 0.002487849     *
6   grp:DID 0.18028090 0.002487849     *
7     S:DID 0.01704273 0.002636902     *
8 grp:S:DID 0.01704273 0.002636902     *

$`Sphericity Corrections`
     Effect       GGe        p[GG] p[GG]<.05       HFe        p[HF] p[HF]<.05
3         S 0.6242165 0.6968870003           0.6839817 0.7174183958          
4     grp:S 0.6242165 0.8352091705           0.6839817 0.8547410428          
5       DID 0.5495354 0.0007277569         * 0.5717807 0.0005968538         *
6   grp:DID 0.5495354 0.4678098767           0.5717807 0.4732950981          
7     S:DID 0.4630446 0.4254263540           0.5965367 0.4450991639          
8 grp:S:DID 0.4630446 0.3979268330           0.5965367 0.4133119066          

