[1] "Summary by group"
  grp maxangleR.m maxangleR.s
1   C   0.4726264   0.4671566
2   U   0.4376799   0.4539184
[1] "Summary by session\n"
  S maxangleR.m maxangleR.s
1 1   0.4752696   0.5188400
2 2   0.4633637   0.5312731
3 3   0.4268261   0.2949420
[1] "Summary by DID\n"
  DID maxangleR.m maxangleR.s
1   1   0.2253558   0.1016833
2   2   0.3830037   0.2268272
3   3   0.7570999   0.6535098
[1] "Summary by group + Session\n"
  grp S maxangleR.m maxangleR.s
1   C 1   0.5010684   0.4444756
2   C 2   0.4898593   0.6136093
3   C 3   0.4269513   0.2954418
4   U 1   0.4494707   0.5878673
5   U 2   0.4368680   0.4392773
6   U 3   0.4267009   0.2977796
[1] "Summary by Session + DID\n"
  S DID maxangleR.m maxangleR.s
1 1   1   0.2291150   0.0777302
2 1   2   0.4172043   0.1654207
3 1   3   0.7794893   0.7942504
4 2   1   0.2108940   0.0557817
5 2   2   0.3255840   0.1480426
6 2   3   0.8536130   0.7733484
7 3   1   0.2360583   0.1490922
8 3   2   0.4062227   0.3216225
9 3   3   0.6381973   0.2387410
[1] "Summary by group + DID\n"
  grp DID maxangleR.m maxangleR.s
1   C   1   0.2257451  0.11650751
2   C   2   0.3682038  0.17265004
3   C   3   0.8239302  0.64925859
4   U   1   0.2249664  0.08567173
5   U   2   0.3978036  0.27168818
6   U   3   0.6902696  0.65816721
[1] "Summary by group + Session + DID\n"
   grp S DID maxangleR.m maxangleR.s
1    C 1   1   0.2324080  0.08417339
2    C 1   2   0.5082480  0.16967041
3    C 1   3   0.7625493  0.65907511
4    C 2   1   0.2101673  0.06238495
5    C 2   2   0.2837640  0.13581674
6    C 2   3   0.9756467  0.88251288
7    C 3   1   0.2346599  0.17689371
8    C 3   2   0.3125993  0.12034461
9    C 3   3   0.7335947  0.27235740
10   U 1   1   0.2258220  0.07353327
11   U 1   2   0.3261607  0.10066028
12   U 1   3   0.7964293  0.93366597
13   U 2   1   0.2116207  0.05052168
14   U 2   2   0.3674040  0.15233143
15   U 2   3   0.7315793  0.65430403
16   U 3   1   0.2374567  0.12144592
17   U 3   2   0.4998460  0.42544691
18   U 3   3   0.5428000  0.15615971
