[1] "maxangleL ~(S*DID*grp)+Error(pp/(S*DID))+grp"
$ANOVA
     Effect DFn DFd           F          p p<.05          ges
2       grp   1   8 0.000864233 0.97726745       2.984237e-05
3         S   2  16 5.258353821 0.01757127     * 1.345099e-01
5       DID   2  16 4.704729294 0.02471705     * 9.538275e-02
4     grp:S   2  16 0.978619177 0.39723132       2.811076e-02
6   grp:DID   2  16 4.088492327 0.03679110     * 8.393796e-02
7     S:DID   4  32 0.831487224 0.51516874       3.102025e-02
8 grp:S:DID   4  32 0.668748901 0.61841750       2.510138e-02

$`Mauchly's Test for Sphericity`
     Effect         W         p p<.05
3         S 0.6905114 0.2735886      
4     grp:S 0.6905114 0.2735886      
5       DID 0.5671155 0.1373568      
6   grp:DID 0.5671155 0.1373568      
7     S:DID 0.1233404 0.1571570      
8 grp:S:DID 0.1233404 0.1571570      

$`Sphericity Corrections`
     Effect       GGe      p[GG] p[GG]<.05       HFe      p[HF] p[HF]<.05
3         S 0.7636569 0.02897093         * 0.9073377 0.02135768         *
4     grp:S 0.7636569 0.38066121           0.9073377 0.39143729          
5       DID 0.6978930 0.04294350         * 0.7996465 0.03561436         *
6   grp:DID 0.6978930 0.05779809           0.7996465 0.04960608         *
7     S:DID 0.5697268 0.46514889           0.8088562 0.49636902          
8 grp:S:DID 0.5697268 0.54314332           0.8088562 0.58962120          

