[1] "maxangleR ~(S*IDR*IDL*grp)+Error(pp/(S*IDR*IDL))+grp"
$ANOVA
          Effect DFn DFd            F            p p<.05          ges
2            grp   1   8 9.711367e-05 0.9923785898       1.720846e-06
3              S   2  16 2.211941e+00 0.1418578857       3.868047e-02
4          grp:S   2  16 1.057960e-02 0.9894830844       1.924137e-04
5            IDR   2  16 1.204313e+01 0.0006441620     * 1.820762e-01
6        grp:IDR   2  16 7.941170e-01 0.4690098559       1.446628e-02
7            IDL   1   8 3.208600e+00 0.1110262675       4.737176e-02
8        grp:IDL   1   8 3.570960e+00 0.0954702249       5.244108e-02
9          S:IDR   4  32 3.411616e+00 0.0196818320     * 6.790874e-02
10     grp:S:IDR   4  32 4.980974e-01 0.7372292985       1.052510e-02
11         S:IDL   2  16 1.254796e-01 0.8829331957       1.169924e-03
12     grp:S:IDL   2  16 3.783622e+00 0.0451324997     * 3.411353e-02
13       IDR:IDL   2  16 1.477828e+01 0.0002315005     * 9.709930e-02
14   grp:IDR:IDL   2  16 1.243184e+00 0.3148814577       8.965536e-03
15     S:IDR:IDL   4  32 3.364516e+00 0.0208593047     * 5.452367e-02
16 grp:S:IDR:IDL   4  32 1.107859e+00 0.3698637690       1.863489e-02

$`Mauchly's Test for Sphericity`
          Effect          W          p p<.05
3              S 0.92794126 0.76970037      
4          grp:S 0.92794126 0.76970037      
5            IDR 0.29717722 0.01430719     *
6        grp:IDR 0.29717722 0.01430719     *
9          S:IDR 0.07896309 0.07023557      
10     grp:S:IDR 0.07896309 0.07023557      
11         S:IDL 0.69931011 0.28598570      
12     grp:S:IDL 0.69931011 0.28598570      
13       IDR:IDL 0.94499473 0.82035693      
14   grp:IDR:IDL 0.94499473 0.82035693      
15     S:IDR:IDL 0.31382495 0.60700254      
16 grp:S:IDR:IDL 0.31382495 0.60700254      

$`Sphericity Corrections`
          Effect       GGe        p[GG] p[GG]<.05       HFe        p[HF]
3              S 0.9327847 0.1462518816           1.2055010 0.1418578857
4          grp:S 0.9327847 0.9863020719           1.2055010 0.9894830844
5            IDR 0.5872602 0.0053512133         * 0.6278448 0.0043343130
6        grp:IDR 0.5872602 0.4153777153           0.6278448 0.4221965795
9          S:IDR 0.6870263 0.0385990229         * 1.0821307 0.0196818320
10     grp:S:IDR 0.6870263 0.6718107599           1.0821307 0.7372292985
11         S:IDL 0.7688228 0.8311832124           0.9159827 0.8665933261
12     grp:S:IDL 0.7688228 0.0613163147           0.9159827 0.0504307625
13       IDR:IDL 0.9478626 0.0003171116         * 1.2336868 0.0002315005
14   grp:IDR:IDL 0.9478626 0.3142078254           1.2336868 0.3148814577
15     S:IDR:IDL 0.6790865 0.0409685569         * 1.0621019 0.0208593047
16 grp:S:IDR:IDL 0.6790865 0.3631174746           1.0621019 0.3698637690
   p[HF]<.05
3           
4           
5          *
6           
9          *
10          
11          
12          
13         *
14          
15         *
16          

