[1] "circularityRrel ~(S*IDR*IDL*grp)+Error(pp/(S*IDR*IDL))+grp"
$ANOVA
          Effect DFn DFd           F            p p<.05         ges
2            grp   1   8  1.57532486 2.448572e-01       0.016746725
3              S   2  16  0.05099739 9.504350e-01       0.001186546
4          grp:S   2  16  0.89914804 4.265132e-01       0.020515451
5            IDR   2  16  6.87978218 6.981477e-03     * 0.092176599
6        grp:IDR   2  16  0.61360263 5.536576e-01       0.008974631
7            IDL   1   8 11.19354989 1.014523e-02     * 0.054015632
8        grp:IDL   1   8  0.79674872 3.981209e-01       0.004047879
9          S:IDR   4  32  0.35497564 8.386316e-01       0.007375957
10     grp:S:IDR   4  32  0.54840524 7.014769e-01       0.011349569
11         S:IDL   2  16  0.44828392 6.465050e-01       0.003295732
12     grp:S:IDL   2  16  0.15530218 8.574315e-01       0.001144228
13       IDR:IDL   2  16 18.19375044 7.570741e-05     * 0.234519280
14   grp:IDR:IDL   2  16  0.84586713 4.475037e-01       0.014043711
15     S:IDR:IDL   4  32  0.87636334 4.889275e-01       0.022181933
16 grp:S:IDR:IDL   4  32  0.38555262 8.173258e-01       0.009881614

$`Mauchly's Test for Sphericity`
          Effect         W         p p<.05
3              S 0.9636137 0.8783355      
4          grp:S 0.9636137 0.8783355      
5            IDR 0.9045846 0.7039992      
6        grp:IDR 0.9045846 0.7039992      
9          S:IDR 0.3562313 0.6892669      
10     grp:S:IDR 0.3562313 0.6892669      
11         S:IDL 0.9929925 0.9756878      
12     grp:S:IDL 0.9929925 0.9756878      
13       IDR:IDL 0.9924354 0.9737733      
14   grp:IDR:IDL 0.9924354 0.9737733      
15     S:IDR:IDL 0.1552083 0.2326675      
16 grp:S:IDR:IDL 0.1552083 0.2326675      

$`Sphericity Corrections`
          Effect       GGe        p[GG] p[GG]<.05       HFe        p[HF]
3              S 0.9648912 9.461034e-01           1.2658559 9.504350e-01
4          grp:S 0.9648912 4.238090e-01           1.2658559 4.265132e-01
5            IDR 0.9128957 8.994854e-03         * 1.1687427 6.981477e-03
6        grp:IDR 0.9128957 5.405844e-01           1.1687427 5.536576e-01
9          S:IDR 0.7428500 7.841351e-01           1.2300937 8.386316e-01
10     grp:S:IDR 0.7428500 6.524627e-01           1.2300937 7.014769e-01
11         S:IDL 0.9930413 6.452275e-01           1.3198338 6.465050e-01
12     grp:S:IDL 0.9930413 8.560828e-01           1.3198338 8.574315e-01
13       IDR:IDL 0.9924922 7.984617e-05         * 1.3187712 7.570741e-05
14   grp:IDR:IDL 0.9924922 4.468449e-01           1.3187712 4.475037e-01
15     S:IDR:IDL 0.6449259 4.554826e-01           0.9786057 4.873022e-01
16 grp:S:IDR:IDL 0.6449259 7.355871e-01           0.9786057 8.134607e-01
   p[HF]<.05
3           
4           
5          *
6           
9           
10          
11          
12          
13         *
14          
15          
16          

