            Estimate MCMCmean HPD95lower HPD95upper pMCMC Pr(>|t|)
(Intercept)   0.4323   0.4324     0.4211     0.4431 0.001   0.0000
grp1          0.0033   0.0034    -0.0077     0.0153 0.562   0.5828
S1           -0.0113  -0.0113    -0.0206    -0.0037 0.006   0.0508
S2            0.0008   0.0007    -0.0072     0.0090 0.880   0.8927
ID1          -0.0788  -0.0787    -0.0885    -0.0707 0.001   0.0000
ID2           0.0159   0.0159     0.0064     0.0239 0.001   0.0210
grp1:S1      -0.0072  -0.0071    -0.0147     0.0019 0.096   0.2118
grp1:S2      -0.0006  -0.0008    -0.0088     0.0068 0.846   0.9189
grp1:ID1      0.0050   0.0050    -0.0043     0.0139 0.262   0.4639
grp1:ID2     -0.0026  -0.0024    -0.0112     0.0070 0.622   0.7077
S1:ID1        0.0089   0.0088     0.0028     0.0149 0.010   0.0493
S2:ID1       -0.0059  -0.0059    -0.0120     0.0004 0.068   0.1872
S1:ID2       -0.0122  -0.0122    -0.0185    -0.0063 0.001   0.0069
S2:ID2        0.0042   0.0043    -0.0017     0.0107 0.162   0.3453
grp1:S1:ID1   0.0051   0.0053    -0.0011     0.0114 0.092   0.2552
grp1:S2:ID1  -0.0058  -0.0057    -0.0117     0.0005 0.078   0.1965
grp1:S1:ID2  -0.0002  -0.0002    -0.0060     0.0063 0.916   0.9675
grp1:S2:ID2   0.0012   0.0012    -0.0051     0.0080 0.702   0.7869
Analysis of Variance Table
         Df   Sum Sq   Mean Sq F value
grp       1 0.000106 0.0001058  0.3024
S         2 0.001679 0.0008394  2.4001
ID        2 0.051846 0.0259232 74.1243
grp:S     2 0.000794 0.0003972  1.1357
grp:ID    2 0.000188 0.0000941  0.2692
S:ID      4 0.003035 0.0007588  2.1697
grp:S:ID  4 0.000838 0.0002095  0.5991
Linear mixed model fit by REML 
Formula: accQ ~ (1 | pp) + (1 | pp/S) + (1 | pp/ID) + (1 | pp/S:ID) +      grp * S * ID 
   Data: mdata 
    AIC    BIC logLik deviance REMLdev
 -993.7 -900.1  522.8    -1205   -1046
Random effects:
 Groups   Name        Variance   Std.Dev.  
 S:ID:pp  (Intercept) 3.3778e-04 1.8379e-02
 ID:pp    (Intercept) 5.5165e-04 2.3487e-02
 S:pp     (Intercept) 3.4779e-04 1.8649e-02
 pp       (Intercept) 0.0000e+00 0.0000e+00
 pp       (Intercept) 0.0000e+00 0.0000e+00
 pp       (Intercept) 2.0148e-12 1.4194e-06
 pp       (Intercept) 9.7202e-13 9.8591e-07
 Residual             3.4973e-04 1.8701e-02
Number of obs: 270, groups: S:ID:pp, 90; ID:pp, 30; S:pp, 30; pp, 10

Fixed effects:
              Estimate Std. Error t value
(Intercept)  0.4322684  0.0059185   73.04
grp1         0.0032556  0.0059185    0.55
S1          -0.0113201  0.0057689   -1.96
S2           0.0007789  0.0057689    0.14
ID1         -0.0788144  0.0068464  -11.51
ID2          0.0159017  0.0068464    2.32
grp1:S1     -0.0072222  0.0057689   -1.25
grp1:S2     -0.0005876  0.0057689   -0.10
grp1:ID1     0.0050226  0.0068464    0.73
grp1:ID2    -0.0025700  0.0068464   -0.38
S1:ID1       0.0088788  0.0044936    1.98
S2:ID1      -0.0059422  0.0044936   -1.32
S1:ID2      -0.0122437  0.0044936   -2.72
S2:ID2       0.0042490  0.0044936    0.95
grp1:S1:ID1  0.0051246  0.0044936    1.14
grp1:S2:ID1 -0.0058193  0.0044936   -1.30
grp1:S1:ID2 -0.0001831  0.0044936   -0.04
grp1:S2:ID2  0.0012160  0.0044936    0.27

Correlation of Fixed Effects:
            (Intr) grp1   S1     S2     ID1    ID2    gr1:S1 gr1:S2 g1:ID1
grp1         0.000                                                        
S1           0.000  0.000                                                 
S2           0.000  0.000 -0.500                                          
ID1          0.000  0.000  0.000  0.000                                   
ID2          0.000  0.000  0.000  0.000 -0.500                            
grp1:S1      0.000  0.000  0.000  0.000  0.000  0.000                     
grp1:S2      0.000  0.000  0.000  0.000  0.000  0.000 -0.500              
grp1:ID1     0.000  0.000  0.000  0.000  0.000  0.000  0.000  0.000       
grp1:ID2     0.000  0.000  0.000  0.000  0.000  0.000  0.000  0.000 -0.500
S1:ID1       0.000  0.000  0.000  0.000  0.000  0.000  0.000  0.000  0.000
S2:ID1       0.000  0.000  0.000  0.000  0.000  0.000  0.000  0.000  0.000
S1:ID2       0.000  0.000  0.000  0.000  0.000  0.000  0.000  0.000  0.000
S2:ID2       0.000  0.000  0.000  0.000  0.000  0.000  0.000  0.000  0.000
grp1:S1:ID1  0.000  0.000  0.000  0.000  0.000  0.000  0.000  0.000  0.000
grp1:S2:ID1  0.000  0.000  0.000  0.000  0.000  0.000  0.000  0.000  0.000
grp1:S1:ID2  0.000  0.000  0.000  0.000  0.000  0.000  0.000  0.000  0.000
grp1:S2:ID2  0.000  0.000  0.000  0.000  0.000  0.000  0.000  0.000  0.000
            g1:ID2 S1:ID1 S2:ID1 S1:ID2 S2:ID2 g1:S1:ID1 g1:S2:ID1 g1:S1:ID2
grp1                                                                        
S1                                                                          
S2                                                                          
ID1                                                                         
ID2                                                                         
grp1:S1                                                                     
grp1:S2                                                                     
grp1:ID1                                                                    
grp1:ID2                                                                    
S1:ID1       0.000                                                          
S2:ID1       0.000 -0.500                                                   
S1:ID2       0.000 -0.500  0.250                                            
S2:ID2       0.000  0.250 -0.500 -0.500                                     
grp1:S1:ID1  0.000  0.000  0.000  0.000  0.000                              
grp1:S2:ID1  0.000  0.000  0.000  0.000  0.000 -0.500                       
grp1:S1:ID2  0.000  0.000  0.000  0.000  0.000 -0.500     0.250             
grp1:S2:ID2  0.000  0.000  0.000  0.000  0.000  0.250    -0.500    -0.500   
Linear mixed model fit by REML 
Formula: accQ ~ (1 | pp) + (1 | pp/S) + (1 | pp/ID) + (1 | pp/S:ID) +      grp * S * ID 
   Data: mdata 
    AIC    BIC logLik deviance REMLdev
 -993.7 -900.1  522.8    -1205   -1046
Random effects:
 Groups   Name        Variance   Std.Dev.  
 S:ID:pp  (Intercept) 3.3778e-04 1.8379e-02
 ID:pp    (Intercept) 5.5165e-04 2.3487e-02
 S:pp     (Intercept) 3.4779e-04 1.8649e-02
 pp       (Intercept) 0.0000e+00 0.0000e+00
 pp       (Intercept) 0.0000e+00 0.0000e+00
 pp       (Intercept) 2.0148e-12 1.4194e-06
 pp       (Intercept) 9.7202e-13 9.8591e-07
 Residual             3.4973e-04 1.8701e-02
Number of obs: 270, groups: S:ID:pp, 90; ID:pp, 30; S:pp, 30; pp, 10

Fixed effects:
              Estimate Std. Error t value
(Intercept)  0.4322684  0.0059185   73.04
grp1         0.0032556  0.0059185    0.55
S1          -0.0113201  0.0057689   -1.96
S2           0.0007789  0.0057689    0.14
ID1         -0.0788144  0.0068464  -11.51
ID2          0.0159017  0.0068464    2.32
grp1:S1     -0.0072222  0.0057689   -1.25
grp1:S2     -0.0005876  0.0057689   -0.10
grp1:ID1     0.0050226  0.0068464    0.73
grp1:ID2    -0.0025700  0.0068464   -0.38
S1:ID1       0.0088788  0.0044936    1.98
S2:ID1      -0.0059422  0.0044936   -1.32
S1:ID2      -0.0122437  0.0044936   -2.72
S2:ID2       0.0042490  0.0044936    0.95
grp1:S1:ID1  0.0051246  0.0044936    1.14
grp1:S2:ID1 -0.0058193  0.0044936   -1.30
grp1:S1:ID2 -0.0001831  0.0044936   -0.04
grp1:S2:ID2  0.0012160  0.0044936    0.27

Correlation of Fixed Effects:
            (Intr) grp1   S1     S2     ID1    ID2    gr1:S1 gr1:S2 g1:ID1
grp1         0.000                                                        
S1           0.000  0.000                                                 
S2           0.000  0.000 -0.500                                          
ID1          0.000  0.000  0.000  0.000                                   
ID2          0.000  0.000  0.000  0.000 -0.500                            
grp1:S1      0.000  0.000  0.000  0.000  0.000  0.000                     
grp1:S2      0.000  0.000  0.000  0.000  0.000  0.000 -0.500              
grp1:ID1     0.000  0.000  0.000  0.000  0.000  0.000  0.000  0.000       
grp1:ID2     0.000  0.000  0.000  0.000  0.000  0.000  0.000  0.000 -0.500
S1:ID1       0.000  0.000  0.000  0.000  0.000  0.000  0.000  0.000  0.000
S2:ID1       0.000  0.000  0.000  0.000  0.000  0.000  0.000  0.000  0.000
S1:ID2       0.000  0.000  0.000  0.000  0.000  0.000  0.000  0.000  0.000
S2:ID2       0.000  0.000  0.000  0.000  0.000  0.000  0.000  0.000  0.000
grp1:S1:ID1  0.000  0.000  0.000  0.000  0.000  0.000  0.000  0.000  0.000
grp1:S2:ID1  0.000  0.000  0.000  0.000  0.000  0.000  0.000  0.000  0.000
grp1:S1:ID2  0.000  0.000  0.000  0.000  0.000  0.000  0.000  0.000  0.000
grp1:S2:ID2  0.000  0.000  0.000  0.000  0.000  0.000  0.000  0.000  0.000
            g1:ID2 S1:ID1 S2:ID1 S1:ID2 S2:ID2 g1:S1:ID1 g1:S2:ID1 g1:S1:ID2
grp1                                                                        
S1                                                                          
S2                                                                          
ID1                                                                         
ID2                                                                         
grp1:S1                                                                     
grp1:S2                                                                     
grp1:ID1                                                                    
grp1:ID2                                                                    
S1:ID1       0.000                                                          
S2:ID1       0.000 -0.500                                                   
S1:ID2       0.000 -0.500  0.250                                            
S2:ID2       0.000  0.250 -0.500 -0.500                                     
grp1:S1:ID1  0.000  0.000  0.000  0.000  0.000                              
grp1:S2:ID1  0.000  0.000  0.000  0.000  0.000 -0.500                       
grp1:S1:ID2  0.000  0.000  0.000  0.000  0.000 -0.500     0.250             
grp1:S2:ID2  0.000  0.000  0.000  0.000  0.000  0.250    -0.500    -0.500   
