[1] "Summary by group"
  grp      MT.m      MT.s
1   C 0.6662259 0.3480356
2   U 0.6815000 0.3494478
[1] "Summary by session\n"
  S      MT.m      MT.s
1 1 0.7685444 0.3578971
2 2 0.6519278 0.3427349
3 3 0.6011167 0.3254940
[1] "Summary by ID\n"
  ID      MT.m      MT.s
1  D 1.0700889 0.1953012
2  M 0.6065667 0.1605825
3  E 0.3449333 0.1724207
[1] "Summary by group + Session\n"
  grp S      MT.m      MT.s
1   C 1 0.7848000 0.3767895
2   C 2 0.6289222 0.3256063
3   C 3 0.5849556 0.3135998
4   U 1 0.7522889 0.3414395
5   U 2 0.6749333 0.3612507
6   U 3 0.6172778 0.3397374
[1] "Summary by Session + ID\n"
  S ID      MT.m      MT.s
1 1  D 1.1545333 0.2204820
2 1  M 0.7185500 0.1675570
3 1  E 0.4325500 0.2071748
4 2  D 1.0620667 0.1526241
5 2  M 0.5851167 0.1356609
6 2  E 0.3086000 0.1350340
7 3  D 0.9936667 0.1779513
8 3  M 0.5160333 0.1035946
9 3  E 0.2936500 0.1343640
[1] "Summary by group + ID\n"
  grp ID      MT.m      MT.s
1   C  D 1.0409778 0.2217718
2   C  M 0.5971222 0.1823440
3   C  E 0.3605778 0.2059162
4   U  D 1.0992000 0.1619747
5   U  M 0.6160111 0.1368494
6   U  E 0.3292889 0.1312683
[1] "Summary by group + Session + ID\n"
   grp S ID      MT.m       MT.s
1    C 1  D 1.1626333 0.27536544
2    C 1  M 0.7272667 0.19076639
3    C 1  E 0.4645000 0.25990919
4    C 2  D 1.0034333 0.16265277
5    C 2  M 0.5657667 0.16061276
6    C 2  E 0.3175667 0.15011458
7    C 3  D 0.9568667 0.16536264
8    C 3  M 0.4983333 0.11248344
9    C 3  E 0.2996667 0.16014387
10   U 1  D 1.1464333 0.15725853
11   U 1  M 0.7098333 0.14697420
12   U 1  E 0.4006000 0.13844999
13   U 2  D 1.1207000 0.12012208
14   U 2  M 0.6044667 0.10734764
15   U 2  E 0.2996333 0.12273599
16   U 3  D 1.0304667 0.18801192
17   U 3  M 0.5337333 0.09437366
18   U 3  E 0.2876333 0.10804306
