[1] "vfCircularity ~(S*ID*grp)+Error(pp/(S*ID))+grp"
$ANOVA
    Effect DFn DFd           F            p p<.05         ges
2      grp   1   8   0.4475873 5.223168e-01       0.015262462
3        S   2  16   2.0434468 1.620532e-01       0.042375677
5       ID   2  16 103.7229345 6.911642e-10     * 0.805998299
4    grp:S   2  16   2.1116212 1.535160e-01       0.043727613
6   grp:ID   2  16   0.3392879 7.172791e-01       0.013407871
7     S:ID   4  32   1.9054827 1.336171e-01       0.051787235
8 grp:S:ID   4  32   0.3506458 8.416171e-01       0.009950332

$`Mauchly's Test for Sphericity`
    Effect           W            p p<.05
3        S 0.755610426 0.3750099539      
4    grp:S 0.755610426 0.3750099539      
5       ID 0.150649948 0.0013270627     *
6   grp:ID 0.150649948 0.0013270627     *
7     S:ID 0.007023908 0.0003266735     *
8 grp:S:ID 0.007023908 0.0003266735     *

$`Sphericity Corrections`
    Effect       GGe        p[GG] p[GG]<.05       HFe        p[HF] p[HF]<.05
3        S 0.8036069 1.738110e-01           0.9749210 1.635395e-01          
4    grp:S 0.8036069 1.658663e-01           0.9749210 1.550663e-01          
5       ID 0.5407305 3.456076e-06         * 0.5588716 2.462676e-06         *
6   grp:ID 0.5407305 5.920718e-01           0.5588716 5.987506e-01          
7     S:ID 0.3081402 2.003639e-01           0.3359117 1.978412e-01          
8 grp:S:ID 0.3081402 6.118727e-01           0.3359117 6.292551e-01          

