[1] "q4L ~(S*DID*grp)+Error(pp/(S*DID))+grp"
$ANOVA
     Effect DFn DFd          F            p p<.05         ges
2       grp   1   8  1.2468030 2.965755e-01       0.050725623
3         S   2  16  9.3417065 2.051092e-03     * 0.251228464
5       DID   2  16 39.2594539 6.742335e-07     * 0.470381697
4     grp:S   2  16  0.1724429 8.431498e-01       0.006155412
6   grp:DID   2  16  2.3474742 1.276571e-01       0.050428018
7     S:DID   4  32  2.7290390 4.628647e-02     * 0.060513907
8 grp:S:DID   4  32  1.0301944 4.067764e-01       0.023737816

$`Mauchly's Test for Sphericity`
     Effect         W           p p<.05
3         S 0.2474850 0.007540861     *
4     grp:S 0.2474850 0.007540861     *
5       DID 0.6482348 0.219312431      
6   grp:DID 0.6482348 0.219312431      
7     S:DID 0.3682520 0.709389396      
8 grp:S:DID 0.3682520 0.709389396      

$`Sphericity Corrections`
     Effect       GGe        p[GG] p[GG]<.05       HFe        p[HF] p[HF]<.05
3         S 0.5706085 1.170433e-02         * 0.6029461 1.024659e-02         *
4     grp:S 0.5706085 7.200754e-01           0.6029461 7.329523e-01          
5       DID 0.7397735 1.416996e-05         * 0.8677251 3.159620e-06         *
6   grp:DID 0.7397735 1.462169e-01           0.8677251 1.368622e-01          
7     S:DID 0.6632494 7.515062e-02           1.0228617 4.628647e-02         *
8 grp:S:DID 0.6632494 3.920366e-01           1.0228617 4.067764e-01          

