[1] "Summary by group"
  grp     q4L.m      q4L.s
1   C 0.7774904 0.08017852
2   U 0.7554696 0.08061190
[1] "Summary by session\n"
  S     q4L.m      q4L.s
1 1 0.7290764 0.07650690
2 2 0.7755634 0.07759608
3 3 0.7948000 0.07514674
[1] "Summary by DID\n"
  DID     q4L.m      q4L.s
1   1 0.8093578 0.05769587
2   2 0.7855812 0.07260339
3   3 0.7045009 0.07153986
[1] "Summary by group + Session\n"
  grp S     q4L.m      q4L.s
1   C 1 0.7349862 0.07653279
2   C 2 0.7903749 0.08476045
3   C 3 0.8071100 0.06018046
4   U 1 0.7231667 0.07688261
5   U 2 0.7607520 0.06742467
6   U 3 0.7824900 0.08654917
[1] "Summary by Session + DID\n"
  S DID     q4L.m      q4L.s
1 1   1 0.7853927 0.05842597
2 1   2 0.7384047 0.06770037
3 1   3 0.6634320 0.04623827
4 2   1 0.8178533 0.05926886
5 2   2 0.8103427 0.04614453
6 2   3 0.6984943 0.05992263
7 3   1 0.8248273 0.04871622
8 3   2 0.8079963 0.07751273
9 3   3 0.7515763 0.07683402
[1] "Summary by group + DID\n"
  grp DID     q4L.m      q4L.s
1   C   1 0.8101000 0.05672850
2   C   2 0.8118076 0.06878372
3   C   3 0.7105636 0.06896147
4   U   1 0.8086156 0.05927928
5   U   2 0.7593549 0.06726217
6   U   3 0.6984382 0.07430581
[1] "Summary by group + Session + DID\n"
   grp S DID     q4L.m      q4L.s
1    C 1   1 0.7749807 0.06317492
2    C 1   2 0.7545420 0.08098785
3    C 1   3 0.6754360 0.04399280
4    C 2   1 0.8329853 0.04411108
5    C 2   2 0.8426093 0.02248343
6    C 2   3 0.6955300 0.07497523
7    C 3   1 0.8223340 0.04619814
8    C 3   2 0.8382713 0.05024434
9    C 3   3 0.7607247 0.05594363
10   U 1   1 0.7958047 0.05336327
11   U 1   2 0.7222673 0.04875451
12   U 1   3 0.6514280 0.04673889
13   U 2   1 0.8027213 0.06957051
14   U 2   2 0.7780760 0.04091718
15   U 2   3 0.7014587 0.04240056
16   U 3   1 0.8273207 0.05261625
17   U 3   2 0.7777213 0.08920214
18   U 3   3 0.7424280 0.09444353
