[1] "accTimeRrel ~S*IDR*IDL*grp + Error(pp/(S*IDR*IDL))"
$ANOVA
          Effect DFn DFd          F            p p<.05         ges
2            grp   1   8  0.1650670 6.951848e-01       0.010033686
3              S   2  16  0.3323443 7.220749e-01       0.003566488
5            IDR   2  16  4.7325349 2.428851e-02     * 0.112552320
7            IDL   1   8 31.2689133 5.151142e-04     * 0.217515277
4          grp:S   2  16  0.3542342 7.070770e-01       0.003800503
6        grp:IDR   2  16  0.3571881 7.050801e-01       0.009481509
8        grp:IDL   1   8  2.4196711 1.584301e-01       0.021057871
9          S:IDR   4  32  0.4820712 7.486759e-01       0.003154653
11         S:IDL   2  16  2.5368117 1.104196e-01       0.009614361
13       IDR:IDL   2  16 21.4236256 2.986417e-05     * 0.075599484
10     grp:S:IDR   4  32  0.9548914 4.454759e-01       0.006229493
12     grp:S:IDL   2  16  3.5123456 5.437626e-02       0.013262541
14   grp:IDR:IDL   2  16  1.0227640 3.819470e-01       0.003889097
15     S:IDR:IDL   4  32  1.8866907 1.369095e-01       0.005499344
16 grp:S:IDR:IDL   4  32  0.8444761 5.074693e-01       0.002468988

$`Mauchly's Test for Sphericity`
          Effect          W           p p<.05
3              S 0.91866719 0.743111063      
4          grp:S 0.91866719 0.743111063      
5            IDR 0.18965450 0.002970784     *
6        grp:IDR 0.18965450 0.002970784     *
9          S:IDR 0.10678645 0.122996008      
10     grp:S:IDR 0.10678645 0.122996008      
11         S:IDL 0.45809038 0.065062252      
12     grp:S:IDL 0.45809038 0.065062252      
13       IDR:IDL 0.66975429 0.245869279      
14   grp:IDR:IDL 0.66975429 0.245869279      
15     S:IDR:IDL 0.07870329 0.069793798      
16 grp:S:IDR:IDL 0.07870329 0.069793798      

$`Sphericity Corrections`
          Effect       GGe        p[GG] p[GG]<.05       HFe        p[HF]
3              S 0.9247847 0.7061597838           1.1906584 7.220749e-01
4          grp:S 0.9247847 0.6914042437           1.1906584 7.070770e-01
5            IDR 0.5523807 0.0555917655           0.5759666 5.319837e-02
6        grp:IDR 0.5523807 0.5862728163           0.5759666 5.945732e-01
9          S:IDR 0.6481611 0.6719728835           0.9863324 7.462572e-01
10     grp:S:IDR 0.6481611 0.4215666857           0.9863324 4.447601e-01
11         S:IDL 0.6485464 0.1374801809           0.7216149 1.314843e-01
12     grp:S:IDL 0.6485464 0.0822179835           0.7216149 7.543760e-02
13       IDR:IDL 0.7517408 0.0002186208         * 0.8875011 7.341387e-05
14   grp:IDR:IDL 0.7517408 0.3667256083           0.8875011 3.758338e-01
15     S:IDR:IDL 0.6064121 0.1728595913           0.8893787 1.461753e-01
16 grp:S:IDR:IDL 0.6064121 0.4648436231           0.8893787 4.975305e-01
   p[HF]<.05
3           
4           
5           
6           
9           
10          
11          
12          
13         *
14          
15          
16          

