[1] "IPerfEf ~(S*ID*grp)+Error(pp/(S*ID))+grp"
$ANOVA
    Effect DFn DFd           F            p p<.05         ges
2      grp   1   8  0.02584020 8.762763e-01       0.001461937
3        S   2  16 25.78912442 9.874256e-06     * 0.137433272
5       ID   2  16 37.29024478 9.477255e-07     * 0.683502828
4    grp:S   2  16  0.35846909 7.042161e-01       0.002209803
6   grp:ID   2  16  0.02739036 9.730269e-01       0.001583743
7     S:ID   4  32 18.11275381 7.286468e-08     * 0.071476650
8 grp:S:ID   4  32  0.39218364 8.126622e-01       0.001663999

$`Mauchly's Test for Sphericity`
    Effect          W            p p<.05
3        S 0.35171638 0.0258032295     *
4    grp:S 0.35171638 0.0258032295     *
5       ID 0.09288834 0.0002442667     *
6   grp:ID 0.09288834 0.0002442667     *
7     S:ID 0.08376230 0.0776343986      
8 grp:S:ID 0.08376230 0.0776343986      

$`Sphericity Corrections`
    Effect       GGe        p[GG] p[GG]<.05       HFe        p[HF] p[HF]<.05
3        S 0.6066917 3.563056e-04         * 0.6572090 2.239275e-04         *
4    grp:S 0.6066917 6.041824e-01           0.6572090 6.201397e-01          
5       ID 0.5243531 2.168343e-04         * 0.5350340 1.916633e-04         *
6   grp:ID 0.5243531 8.823964e-01           0.5350340 8.864091e-01          
7     S:ID 0.6281752 1.278963e-05         * 0.9391827 1.688920e-07         *
8 grp:S:ID 0.6281752 7.259721e-01           0.9391827 8.013708e-01          

