[1] "Summary by group"
  grp IPerfEf.m IPerfEf.s
1   C -5.149657  3.293184
2   U -5.019935  3.106551
[1] "Summary by session\n"
  S IPerfEf.m IPerfEf.s
1 1 -4.163271  2.395509
2 2 -5.322313  3.332687
3 3 -5.768803  3.554898
[1] "Summary by ID\n"
  ID IPerfEf.m IPerfEf.s
1  D -2.435427 0.4108007
2  M -4.398549 1.1975739
3  E -8.420412 3.2315541
[1] "Summary by group + Session\n"
  grp S IPerfEf.m IPerfEf.s
1   C 1 -4.121709  2.521549
2   C 2 -5.407962  3.318881
3   C 3 -5.919300  3.728298
4   U 1 -4.204833  2.290329
5   U 2 -5.236664  3.381723
6   U 3 -5.618307  3.408118
[1] "Summary by Session + ID\n"
  S ID IPerfEf.m IPerfEf.s
1 1  D -2.250130 0.3384833
2 1  M -3.599663 0.7751945
3 1  E -6.640020 2.5367128
4 2  D -2.431517 0.3655161
5 2  M -4.499987 1.1311613
6 2  E -9.035437 3.0110038
7 3  D -2.624633 0.4440370
8 3  M -5.095997 1.1605728
9 3  E -9.585780 3.3871318
[1] "Summary by group + ID\n"
  grp ID IPerfEf.m IPerfEf.s
1   C  D -2.497184 0.4308867
2   C  M -4.547604 1.4092425
3   C  E -8.404182 3.5295363
4   U  D -2.373669 0.3845584
5   U  M -4.249493 0.9324978
6   U  E -8.436642 2.9436471
[1] "Summary by group + Session + ID\n"
   grp S ID IPerfEf.m IPerfEf.s
1    C 1  D -2.234893 0.3417733
2    C 1  M -3.579180 0.7843121
3    C 1  E -6.551053 2.9661410
4    C 2  D -2.562113 0.4221518
5    C 2  M -4.744687 1.4312937
6    C 2  E -8.917087 3.1700847
7    C 3  D -2.694547 0.4105247
8    C 3  M -5.318947 1.3762042
9    C 3  E -9.744407 3.7972844
10   U 1  D -2.265367 0.3464377
11   U 1  M -3.620147 0.7929261
12   U 1  E -6.728987 2.1247368
13   U 2  D -2.300920 0.2489729
14   U 2  M -4.255287 0.6881387
15   U 2  E -9.153787 2.9496472
16   U 3  D -2.554720 0.4789747
17   U 3  M -4.873047 0.8886030
18   U 3  E -9.427153 3.0481981
