[1] "flsAmp ~S*IDR*IDL*grp + Error(pp/(S*IDR*IDL))"
$ANOVA
          Effect DFn DFd           F            p p<.05         ges
2            grp   1   8  5.08278270 5.418523e-02       0.062230047
3              S   2  16 11.55219515 7.855172e-04     * 0.136467301
4          grp:S   2  16  1.01349415 3.851008e-01       0.013674977
5            IDR   2  16 53.80651211 7.878545e-08     * 0.473851540
6        grp:IDR   2  16  0.23967734 7.896566e-01       0.003995649
7            IDL   1   8 22.18117848 1.522285e-03     * 0.324447280
8        grp:IDL   1   8  0.05476952 8.208405e-01       0.001184471
9          S:IDR   4  32  5.66054204 1.460409e-03     * 0.067129169
10     grp:S:IDR   4  32  0.78116012 5.457874e-01       0.009832870
11         S:IDL   2  16 16.03302070 1.507485e-04     * 0.040253265
12     grp:S:IDL   2  16  1.46489101 2.604923e-01       0.003817450
13       IDR:IDL   2  16  3.11239594 7.215364e-02       0.071431741
14   grp:IDR:IDL   2  16  6.98480079 6.599516e-03     * 0.147221960
15     S:IDR:IDL   4  32  1.81525826 1.501780e-01       0.034745163
16 grp:S:IDR:IDL   4  32  2.46945948 6.449569e-02       0.046682429

$`Mauchly's Test for Sphericity`
          Effect          W          p p<.05
3              S 0.93164182 0.78049731      
4          grp:S 0.93164182 0.78049731      
5            IDR 0.95404914 0.84819871      
6        grp:IDR 0.95404914 0.84819871      
9          S:IDR 0.05367624 0.03273071     *
10     grp:S:IDR 0.05367624 0.03273071     *
11         S:IDL 0.59554491 0.16300495      
12     grp:S:IDL 0.59554491 0.16300495      
13       IDR:IDL 0.62114433 0.18887472      
14   grp:IDR:IDL 0.62114433 0.18887472      
15     S:IDR:IDL 0.07205310 0.05885619      
16 grp:S:IDR:IDL 0.07205310 0.05885619      

$`Sphericity Corrections`
          Effect       GGe        p[GG] p[GG]<.05       HFe        p[HF]
3              S 0.9360157 1.074297e-03         * 1.2115175 7.855172e-04
4          grp:S 0.9360157 3.816400e-01           1.2115175 3.851008e-01
5            IDR 0.9560679 1.442575e-07         * 1.2491426 7.878545e-08
6        grp:IDR 0.9560679 7.802907e-01           1.2491426 7.896566e-01
9          S:IDR 0.4304039 1.909430e-02         * 0.5373414 1.165195e-02
10     grp:S:IDR 0.4304039 4.591722e-01           0.5373414 4.819551e-01
11         S:IDL 0.7120199 9.737147e-04         * 0.8224167 4.747155e-04
12     grp:S:IDL 0.7120199 2.635309e-01           0.8224167 2.629538e-01
13       IDR:IDL 0.7252391 9.372096e-02           0.8439015 8.371118e-02
14   grp:IDR:IDL 0.7252391 1.495380e-02         * 0.8439015 1.048436e-02
15     S:IDR:IDL 0.4699854 1.976080e-01           0.6094498 1.843254e-01
16 grp:S:IDR:IDL 0.4699854 1.204592e-01           0.6094498 1.020095e-01
   p[HF]<.05
3          *
4           
5          *
6           
9          *
10          
11         *
12          
13          
14         *
15          
16          

