Linear mixed-effects model fit by REML
 Data: mdata 
        AIC       BIC   logLik
  -568.4756 -529.9689 293.2378

Random effects:
 Formula: ~1 | pp
        (Intercept)  Residual
StdDev:  0.03148578 0.1328114

Fixed effects: flsAmp ~ S + IDR + IDL + grp 
                 Value   Std.Error  DF   t-value p-value
(Intercept)  0.7151212 0.011480417 525  62.29052  0.0000
S1          -0.0538965 0.008082643 525  -6.66817  0.0000
S2           0.0123044 0.008082643 525   1.52233  0.1285
IDR1        -0.1334246 0.008082643 525 -16.50755  0.0000
IDR2         0.0498005 0.008082643 525   6.16141  0.0000
IDL1        -0.0696304 0.005715292 525 -12.18318  0.0000
grp1         0.0258826 0.011480417   8   2.25450  0.0542
 Correlation: 
     (Intr) S1   S2   IDR1 IDR2 IDL1
S1    0.0                           
S2    0.0   -0.5                    
IDR1  0.0    0.0  0.0               
IDR2  0.0    0.0  0.0 -0.5          
IDL1  0.0    0.0  0.0  0.0  0.0     
grp1  0.0    0.0  0.0  0.0  0.0  0.0

Standardized Within-Group Residuals:
        Min          Q1         Med          Q3         Max 
-4.75149612 -0.55321406  0.05844744  0.56748250  4.73037800 

Number of Observations: 540
Number of Groups: 10 
            numDF denDF  F-value p-value
(Intercept)     1   525 3880.109  <.0001
S               2   525   24.421  <.0001
IDR             2   525  139.168  <.0001
IDL             1   525  148.430  <.0001
grp             1     8    5.083  0.0542
