[1] "rho ~(S*IDR*IDL*grp)+Error(pp/(S*IDR*IDL))+grp"
$ANOVA
          Effect DFn DFd        F           p p<.05        ges
2            grp   1   8 5.906465 0.041181546     * 0.05265576
3              S   2  16 3.842043 0.043381717     * 0.03263506
4          grp:S   2  16 3.759708 0.045872006     * 0.03195804
5            IDR   2  16 7.794506 0.004331832     * 0.15248945
6        grp:IDR   2  16 7.794492 0.004331863     * 0.15248921
7            IDL   1   8 8.312986 0.020410254     * 0.23510245
8        grp:IDL   1   8 8.259233 0.020704923     * 0.23393788
9          S:IDR   4  32 4.383871 0.006130137     * 0.05729992
10     grp:S:IDR   4  32 4.329450 0.006532666     * 0.05662888
11         S:IDL   2  16 5.688275 0.013612258     * 0.09605160
12     grp:S:IDL   2  16 5.721890 0.013347762     * 0.09656441
13       IDR:IDL   2  16 4.139927 0.035562431     * 0.03133502
14   grp:IDR:IDL   2  16 4.105214 0.036386479     * 0.03108045
15     S:IDR:IDL   4  32 3.046202 0.031003759     * 0.01909931
16 grp:S:IDR:IDL   4  32 3.046262 0.031001426     * 0.01909968

$`Mauchly's Test for Sphericity`
          Effect           W            p p<.05
3              S 0.813891664 0.4863882788      
4          grp:S 0.813891664 0.4863882788      
5            IDR 0.523105366 0.1035290222      
6        grp:IDR 0.523105366 0.1035290222      
9          S:IDR 0.004826391 0.0001363650     *
10     grp:S:IDR 0.004826391 0.0001363650     *
11         S:IDL 0.969747912 0.8980613087      
12     grp:S:IDL 0.969747912 0.8980613087      
13       IDR:IDL 0.537841516 0.1141011783      
14   grp:IDR:IDL 0.537841516 0.1141011783      
15     S:IDR:IDL 0.009132196 0.0006338736     *
16 grp:S:IDR:IDL 0.009132196 0.0006338736     *

$`Sphericity Corrections`
          Effect       GGe      p[GG] p[GG]<.05       HFe       p[HF] p[HF]<.05
3              S 0.8430933 0.05366320           1.0434011 0.043381717         *
4          grp:S 0.8430933 0.05634295           1.0434011 0.045872006         *
5            IDR 0.6770964 0.01281946         * 0.7664783 0.009471395         *
6        grp:IDR 0.6770964 0.01281953         * 0.7664783 0.009471448         *
9          S:IDR 0.5696880 0.02414902         * 0.8087733 0.011197721         *
10     grp:S:IDR 0.5696880 0.02511605         * 0.8087733 0.011805651         *
11         S:IDL 0.9706362 0.01457218         * 1.2767905 0.013612258         *
12     grp:S:IDL 0.9706362 0.01429613         * 1.2767905 0.013347762         *
13       IDR:IDL 0.6839204 0.05756520           0.7773160 0.049892926         *
14   grp:IDR:IDL 0.6839204 0.05854627           0.7773160 0.050834651          
15     S:IDR:IDL 0.4901710 0.07705781           0.6476791 0.057881007          
16 grp:S:IDR:IDL 0.4901710 0.07705452           0.6476791 0.057877937          

