[1] "Summary by group"
  grp IDefLrel.m IDefLrel.s
1   C   1.046716  0.1576135
2   U   1.015462  0.1403976
[1] "Summary by session\n"
  S IDefLrel.m IDefLrel.s
1 1   1.040604  0.1420782
2 2   1.034510  0.1519592
3 3   1.018154  0.1553788
[1] "Summary by IDR+IDR\n"
  IDL IDR IDefLrel.m IDefLrel.s
1   D   D  1.0003807 0.08348467
2   D   M  1.0085600 0.07793505
3   D   E  0.9919407 0.09814651
4   E   D  1.1116830 0.21046613
5   E   M  1.0869196 0.17946927
6   E   E  0.9870507 0.14920998
[1] "Summary by group + Session\n"
  grp S IDefLrel.m IDefLrel.s
1   C 1   1.075526  0.1466799
2   C 2   1.040722  0.1526788
3   C 3   1.023900  0.1698717
4   U 1   1.005681  0.1289095
5   U 2   1.028298  0.1518346
6   U 3   1.012408  0.1401187
[1] "Summary by Session + IDR + IDL \n"
   S IDL IDR IDefLrel.m IDefLrel.s
1  1   D   D  1.0009130 0.10323221
2  1   D   M  1.0270357 0.06243646
3  1   D   E  1.0136575 0.06553723
4  1   E   D  1.0999024 0.19657071
5  1   E   M  1.1075107 0.17836164
6  1   E   E  0.9946023 0.14921648
7  2   D   D  0.9980826 0.07840890
8  2   D   M  0.9893020 0.09568643
9  2   D   E  0.9805733 0.07271996
10 2   E   D  1.1126061 0.20617564
11 2   E   M  1.1243720 0.18451503
12 2   E   E  1.0021231 0.15211880
13 3   D   D  1.0021466 0.06764547
14 3   D   M  1.0093422 0.06963392
15 3   D   E  0.9815913 0.13873305
16 3   E   D  1.1225407 0.23351236
17 3   E   M  1.0288761 0.16617888
18 3   E   E  0.9644266 0.14865089
[1] "Summary by group + IDR + IDL\n"
   grp IDL IDR IDefLrel.m IDefLrel.s
1    C   D   D  1.0096979 0.07416315
2    C   D   M  1.0101218 0.06644738
3    C   D   E  1.0006723 0.06803815
4    C   E   D  1.1532037 0.21127313
5    C   E   M  1.1433135 0.17491346
6    C   E   E  0.9632864 0.17000284
7    U   D   D  0.9910635 0.09176079
8    U   D   M  1.0069981 0.08868789
9    U   D   E  0.9832091 0.12124052
10   U   E   D  1.0701624 0.20355855
11   U   E   M  1.0305257 0.16748324
12   U   E   E  1.0108149 0.12238102
[1] "Summary by group + Session + IDR + IDL\n"
   grp S IDL IDR IDefLrel.m IDefLrel.s
1    C 1   D   D  1.0469064 0.05823156
2    C 1   D   M  1.0578799 0.04276943
3    C 1   D   E  1.0473869 0.05107620
4    C 1   E   D  1.1379761 0.19652196
5    C 1   E   M  1.1781231 0.17004650
6    C 1   E   E  0.9848849 0.18732146
7    C 2   D   D  0.9840673 0.07691789
8    C 2   D   M  0.9852538 0.05570105
9    C 2   D   E  0.9778429 0.06945802
10   C 2   E   D  1.1214414 0.19153512
11   C 2   E   M  1.1951869 0.15157499
12   C 2   E   E  0.9805397 0.16519439
13   C 3   D   D  0.9981201 0.07515413
14   C 3   D   M  0.9872317 0.07264266
15   C 3   D   E  0.9767871 0.06006579
16   C 3   E   D  1.2001936 0.24755592
17   C 3   E   M  1.0566306 0.17897510
18   C 3   E   E  0.9244346 0.16129804
19   U 1   D   D  0.9549196 0.11895832
20   U 1   D   M  0.9961915 0.06486300
21   U 1   D   E  0.9799281 0.06205164
22   U 1   E   D  1.0618286 0.19573683
23   U 1   E   M  1.0368983 0.16216584
24   U 1   E   E  1.0043197 0.10406650
25   U 2   D   D  1.0120979 0.07998606
26   U 2   D   M  0.9933501 0.12580960
27   U 2   D   E  0.9833038 0.07819028
28   U 2   E   D  1.1037707 0.22627444
29   U 2   E   M  1.0535571 0.19183992
30   U 2   E   E  1.0237065 0.14016314
31   U 3   D   D  1.0061731 0.06160996
32   U 3   D   M  1.0314527 0.06098829
33   U 3   D   E  0.9863955 0.19029224
34   U 3   E   D  1.0448878 0.19683903
35   U 3   E   M  1.0011216 0.15336434
36   U 3   E   E  1.0044186 0.12778217
