[1] "flsPC ~S*IDR*IDL*grp + Error(pp/(S*IDR*IDL))"
$ANOVA
          Effect DFn DFd         F           p p<.05          ges
2            grp   1   8 7.7582658 0.023727294     * 0.2176835238
3              S   2  16 2.2284020 0.140041769       0.0456224804
5            IDR   2  16 0.5269741 0.600288969       0.0038829503
7            IDL   1   8 1.8314768 0.212948951       0.0097890416
4          grp:S   2  16 2.0963329 0.155385543       0.0430349663
6        grp:IDR   2  16 0.3776732 0.691405062       0.0027859085
8        grp:IDL   1   8 0.8163544 0.392641549       0.0043871278
9          S:IDR   4  32 0.2900525 0.882255773       0.0015816333
11         S:IDL   2  16 0.2709326 0.766097531       0.0009206981
13       IDR:IDL   2  16 9.3746900 0.002020149     * 0.2033800090
10     grp:S:IDR   4  32 0.3524983 0.840340851       0.0019214909
12     grp:S:IDL   2  16 0.2280063 0.798661879       0.0007749369
14   grp:IDR:IDL   2  16 7.0358760 0.006422292     * 0.1607993016
15     S:IDR:IDL   4  32 2.5298607 0.059688451       0.0453822284
16 grp:S:IDR:IDL   4  32 2.5988403 0.054645488       0.0465620121

$`Mauchly's Test for Sphericity`
          Effect          W           p p<.05
3              S 0.90160680 0.695921281      
4          grp:S 0.90160680 0.695921281      
5            IDR 0.34911825 0.025142237     *
6        grp:IDR 0.34911825 0.025142237     *
9          S:IDR 0.06743384 0.051698686      
10     grp:S:IDR 0.06743384 0.051698686      
11         S:IDL 0.61291063 0.180256128      
12     grp:S:IDL 0.61291063 0.180256128      
13       IDR:IDL 0.16097470 0.001673600     *
14   grp:IDR:IDL 0.16097470 0.001673600     *
15     S:IDR:IDL 0.01306743 0.001470255     *
16 grp:S:IDR:IDL 0.01306743 0.001470255     *

$`Sphericity Corrections`
          Effect       GGe      p[GG] p[GG]<.05       HFe      p[HF] p[HF]<.05
3              S 0.9104208 0.14596149           1.1642017 0.14004177          
4          grp:S 0.9104208 0.16091470           1.1642017 0.15538554          
5            IDR 0.6057369 0.51889398           0.6557583 0.53158007          
6        grp:IDR 0.6057369 0.59299327           0.6557583 0.60847354          
9          S:IDR 0.5718453 0.77948457           0.8133937 0.84695783          
10     grp:S:IDR 0.5718453 0.73500069           0.8133937 0.80297586          
11         S:IDL 0.7209341 0.69647427           0.8368857 0.72857305          
12     grp:S:IDL 0.7209341 0.72826888           0.8368857 0.76096893          
13       IDR:IDL 0.5437663 0.01295937         * 0.5633150 0.01195224         *
14   grp:IDR:IDL 0.5437663 0.02547520         * 0.5633150 0.02399312         *
15     S:IDR:IDL 0.4776043 0.11417350           0.6237601 0.09500616          
16 grp:S:IDR:IDL 0.4776043 0.10854739           0.6237601 0.08934285          

