[1] "Summary by group"
  grp   flsPC.m    flsPC.s
1   C 0.9867177 0.02741387
2   U 0.8901296 0.17572639
[1] "Summary by session\n"
  S   flsPC.m   flsPC.s
1 1 0.9621097 0.1031192
2 2 0.9400066 0.1315926
3 3 0.9131547 0.1594126
[1] "Summary by IDR+IDR\n"
  IDL IDR   flsPC.m     flsPC.s
1   D   D 0.9953046 0.009002648
2   D   M 0.9697629 0.066861764
3   D   E 0.8775121 0.196626207
4   E   D 0.8824916 0.180479954
5   E   M 0.9205873 0.132186256
6   E   E 0.9848834 0.053021388
[1] "Summary by group + Session\n"
  grp S   flsPC.m    flsPC.s
1   C 1 0.9871076 0.01659071
2   C 2 0.9873641 0.01707865
3   C 3 0.9856814 0.04126566
4   U 1 0.9371118 0.14088123
5   U 2 0.8926491 0.17320582
6   U 3 0.8406279 0.19689831
[1] "Summary by Session + IDR + IDL \n"
   S IDL IDR   flsPC.m     flsPC.s
1  1   D   D 0.9945177 0.010828781
2  1   D   M 0.9825093 0.057070321
3  1   D   E 0.9461393 0.118672219
4  1   E   D 0.9244893 0.144622536
5  1   E   M 0.9475627 0.124469979
6  1   E   E 0.9774397 0.089788409
7  2   D   D 0.9945943 0.010522853
8  2   D   M 0.9727760 0.068137433
9  2   D   E 0.8691787 0.185259268
10 2   E   D 0.8861777 0.192898872
11 2   E   M 0.9281410 0.123888731
12 2   E   E 0.9891720 0.015025570
13 3   D   D 0.9968017 0.004154348
14 3   D   M 0.9540033 0.073387131
15 3   D   E 0.8172183 0.248079026
16 3   E   D 0.8368077 0.194530533
17 3   E   M 0.8860583 0.144008071
18 3   E   E 0.9880387 0.015915782
[1] "Summary by group + IDR + IDL\n"
   grp IDL IDR   flsPC.m     flsPC.s
1    C   D   D 0.9947980 0.009457215
2    C   D   M 0.9927104 0.011608479
3    C   D   E 0.9817211 0.019548394
4    C   E   D 0.9717647 0.057666471
5    C   E   M 0.9884116 0.011981302
6    C   E   E 0.9909004 0.011860524
7    U   D   D 0.9958111 0.008600789
8    U   D   M 0.9468153 0.088491354
9    U   D   E 0.7733031 0.235812688
10   U   E   D 0.7932184 0.215079673
11   U   E   M 0.8527631 0.160594622
12   U   E   E 0.9788664 0.073970950
[1] "Summary by group + Session + IDR + IDL\n"
   grp S IDL IDR   flsPC.m     flsPC.s
1    C 1   D   D 0.9963327 0.005416981
2    C 1   D   M 0.9935767 0.007711962
3    C 1   D   E 0.9796087 0.023241889
4    C 1   E   D 0.9727093 0.022644682
5    C 1   E   M 0.9876127 0.009620793
6    C 1   E   E 0.9928053 0.007875586
7    C 2   D   D 0.9915580 0.014295079
8    C 2   D   M 0.9907227 0.017271776
9    C 2   D   E 0.9807673 0.021914098
10   C 2   E   D 0.9775220 0.021523177
11   C 2   E   M 0.9936280 0.006818294
12   C 2   E   E 0.9899867 0.011440102
13   C 3   D   D 0.9965033 0.005523949
14   C 3   D   M 0.9938320 0.007703737
15   C 3   D   E 0.9847873 0.012836213
16   C 3   E   D 0.9650627 0.096905632
17   C 3   E   M 0.9839940 0.016166814
18   C 3   E   E 0.9899093 0.015600527
19   U 1   D   D 0.9927027 0.014370043
20   U 1   D   M 0.9714420 0.080154498
21   U 1   D   E 0.9126700 0.161961479
22   U 1   E   D 0.8762693 0.194499480
23   U 1   E   M 0.9075127 0.169004350
24   U 1   E   E 0.9620740 0.127011061
25   U 2   D   D 0.9976307 0.002294610
26   U 2   D   M 0.9548293 0.092889988
27   U 2   D   E 0.7575900 0.209595665
28   U 2   E   D 0.7948333 0.242353077
29   U 2   E   M 0.8626540 0.150189606
30   U 2   E   E 0.9883573 0.018312937
31   U 3   D   D 0.9971000 0.002246162
32   U 3   D   M 0.9141747 0.087734954
33   U 3   D   E 0.6496493 0.259128352
34   U 3   E   D 0.7085527 0.183706200
35   U 3   E   M 0.7881227 0.148807269
36   U 3   E   E 0.9861680 0.016548197
