                  Estimate MCMCmean HPD95lower HPD95upper pMCMC Pr(>|t|)
(Intercept)         0.7889   0.7889     0.7646     0.8104 0.001   0.0000
grp1               -0.0012  -0.0015    -0.0249     0.0212 0.886   0.9152
S1                 -0.0271  -0.0270    -0.0367    -0.0162 0.001   0.0000
S2                  0.0119   0.0120     0.0025     0.0228 0.032   0.0510
IDR1               -0.0240  -0.0239    -0.0290    -0.0184 0.001   0.0000
IDR2                0.0074   0.0074     0.0017     0.0124 0.008   0.0163
IDL1               -0.0268  -0.0266    -0.0361    -0.0165 0.001   0.0000
grp1:S1            -0.0073  -0.0072    -0.0176     0.0035 0.170   0.2296
grp1:S2            -0.0008  -0.0008    -0.0123     0.0092 0.912   0.8935
grp1:IDR1           0.0013   0.0014    -0.0038     0.0072 0.608   0.6831
grp1:IDR2           0.0023   0.0023    -0.0033     0.0074 0.410   0.4498
S1:IDR1             0.0005   0.0004    -0.0060     0.0079 0.922   0.9045
S2:IDR1            -0.0015  -0.0012    -0.0081     0.0057 0.690   0.7352
S1:IDR2            -0.0013  -0.0013    -0.0084     0.0053 0.746   0.7742
S2:IDR2            -0.0004  -0.0005    -0.0077     0.0066 0.892   0.9196
grp1:IDL1          -0.0069  -0.0071    -0.0163     0.0030 0.138   0.2710
S1:IDL1             0.0006   0.0007    -0.0042     0.0050 0.798   0.8476
S2:IDL1            -0.0009  -0.0010    -0.0058     0.0040 0.670   0.7620
IDR1:IDL1           0.0120   0.0119     0.0067     0.0167 0.001   0.0001
IDR2:IDL1          -0.0014  -0.0014    -0.0064     0.0033 0.572   0.6528
grp1:S1:IDR1       -0.0042  -0.0043    -0.0112     0.0028 0.234   0.3306
grp1:S2:IDR1       -0.0049  -0.0047    -0.0127     0.0014 0.160   0.2661
grp1:S1:IDR2       -0.0047  -0.0047    -0.0114     0.0021 0.160   0.2843
grp1:S2:IDR2       -0.0002  -0.0003    -0.0071     0.0065 0.938   0.9724
grp1:S1:IDL1        0.0012   0.0011    -0.0033     0.0062 0.674   0.7019
grp1:S2:IDL1       -0.0010  -0.0010    -0.0058     0.0038 0.706   0.7456
grp1:IDR1:IDL1      0.0044   0.0044    -0.0001     0.0092 0.064   0.1499
grp1:IDR2:IDL1     -0.0062  -0.0061    -0.0107    -0.0014 0.008   0.0441
S1:IDR1:IDL1       -0.0103  -0.0103    -0.0173    -0.0044 0.010   0.0184
S2:IDR1:IDL1        0.0074   0.0073     0.0007     0.0139 0.016   0.0884
S1:IDR2:IDL1        0.0075   0.0075     0.0009     0.0144 0.030   0.0851
S2:IDR2:IDL1       -0.0069  -0.0069    -0.0134    -0.0004 0.034   0.1163
grp1:S1:IDR1:IDL1   0.0031   0.0029    -0.0044     0.0096 0.394   0.4743
grp1:S2:IDR1:IDL1   0.0007   0.0008    -0.0057     0.0075 0.852   0.8736
grp1:S1:IDR2:IDL1  -0.0019  -0.0017    -0.0080     0.0059 0.640   0.6573
grp1:S2:IDR2:IDL1   0.0009   0.0008    -0.0058     0.0077 0.808   0.8313
NULL
       Length Class      Mode
fixed  6      data.frame list
random 7      data.frame list
Analysis of Variance Table
              Df   Sum Sq  Mean Sq F value
grp            1 0.000014 0.000014  0.0113
S              2 0.025368 0.012684  9.9881
IDR            2 0.080868 0.040434 31.8397
IDL            1 0.023072 0.023072 18.1684
grp:S          2 0.002753 0.001376  1.0838
grp:IDR        2 0.001774 0.000887  0.6986
S:IDR          4 0.000569 0.000142  0.1120
grp:IDL        1 0.001542 0.001542  1.2142
S:IDL          2 0.000119 0.000060  0.0470
IDR:IDL        2 0.022905 0.011453  9.0184
grp:S:IDR      4 0.013895 0.003474  2.7354
grp:S:IDL      2 0.000216 0.000108  0.0852
grp:IDR:IDL    2 0.005491 0.002746  2.1620
S:IDR:IDL      4 0.008521 0.002130  1.6774
grp:S:IDR:IDL  4 0.001258 0.000314  0.2476
Linear mixed model fit by REML 
Formula: get(vname) ~ (1 | pp) + (1 | pp/S) + (1 | pp/IDR) + (1 | pp/IDL) +      (1 | pp/S:IDR:IDL) + grp * S * IDR * IDL 
   Data: mdata 
   AIC   BIC logLik deviance REMLdev
 -1472 -1275  782.1    -1898   -1564
Random effects:
 Groups       Name        Variance   Std.Dev.  
 S:IDR:IDL:pp (Intercept) 4.3175e-04 2.0779e-02
 IDR:pp       (Intercept) 5.7123e-13 7.5579e-07
 S:pp         (Intercept) 4.1047e-04 2.0260e-02
 IDL:pp       (Intercept) 6.9721e-04 2.6405e-02
 pp           (Intercept) 1.5594e-04 1.2488e-02
 pp           (Intercept) 1.5594e-04 1.2488e-02
 pp           (Intercept) 1.5605e-04 1.2492e-02
 pp           (Intercept) 1.5602e-04 1.2491e-02
 pp           (Intercept) 1.5598e-04 1.2489e-02
 Residual                 1.2699e-03 3.5636e-02
Number of obs: 540, groups: S:IDR:IDL:pp, 180; IDR:pp, 30; S:pp, 30; IDL:pp, 20; pp, 10

Fixed effects:
                    Estimate Std. Error t value
(Intercept)        0.7889359  0.0114571   68.86
grp1              -0.0012211  0.0114571   -0.11
S1                -0.0270697  0.0060717   -4.46
S2                 0.0118764  0.0060717    1.96
IDR1              -0.0240212  0.0030823   -7.79
IDR2               0.0074299  0.0030823    2.41
IDL1              -0.0268265  0.0062937   -4.26
grp1:S1           -0.0073027  0.0060717   -1.20
grp1:S2           -0.0008136  0.0060717   -0.13
grp1:IDR1          0.0012592  0.0030823    0.41
grp1:IDR2          0.0023312  0.0030823    0.76
S1:IDR1            0.0005233  0.0043590    0.12
S2:IDR1           -0.0014749  0.0043590   -0.34
S1:IDR2           -0.0012513  0.0043590   -0.29
S2:IDR2           -0.0004400  0.0043590   -0.10
grp1:IDL1         -0.0069350  0.0062937   -1.10
S1:IDL1            0.0005927  0.0030823    0.19
S2:IDL1           -0.0009339  0.0030823   -0.30
IDR1:IDL1          0.0119666  0.0030823    3.88
IDR2:IDL1         -0.0013876  0.0030823   -0.45
grp1:S1:IDR1      -0.0042454  0.0043590   -0.97
grp1:S2:IDR1      -0.0048526  0.0043590   -1.11
grp1:S1:IDR2      -0.0046719  0.0043590   -1.07
grp1:S2:IDR2      -0.0001507  0.0043590   -0.03
grp1:S1:IDL1       0.0011805  0.0030823    0.38
grp1:S2:IDL1      -0.0010006  0.0030823   -0.32
grp1:IDR1:IDL1     0.0044449  0.0030823    1.44
grp1:IDR2:IDL1    -0.0062215  0.0030823   -2.02
S1:IDR1:IDL1      -0.0103085  0.0043590   -2.36
S2:IDR1:IDL1       0.0074412  0.0043590    1.71
S1:IDR2:IDL1       0.0075202  0.0043590    1.73
S2:IDR2:IDL1      -0.0068578  0.0043590   -1.57
grp1:S1:IDR1:IDL1  0.0031215  0.0043590    0.72
grp1:S2:IDR1:IDL1  0.0006939  0.0043590    0.16
grp1:S1:IDR2:IDL1 -0.0019352  0.0043590   -0.44
grp1:S2:IDR2:IDL1  0.0009289  0.0043590    0.21

Correlation of Fixed Effects:
            (Intr) grp1   S1     S2     IDR1   IDR2   IDL1   gr1:S1 gr1:S2
grp1         0.000                                                        
S1           0.000  0.000                                                 
S2           0.000  0.000 -0.500                                          
IDR1         0.000  0.000  0.000  0.000                                   
IDR2         0.000  0.000  0.000  0.000 -0.500                            
IDL1         0.000  0.000  0.000  0.000  0.000  0.000                     
grp1:S1      0.000  0.000  0.000  0.000  0.000  0.000  0.000              
grp1:S2      0.000  0.000  0.000  0.000  0.000  0.000  0.000 -0.500       
grp1:IDR1    0.000  0.000  0.000  0.000  0.000  0.000  0.000  0.000  0.000
grp1:IDR2    0.000  0.000  0.000  0.000  0.000  0.000  0.000  0.000  0.000
S1:IDR1      0.000  0.000  0.000  0.000  0.000  0.000  0.000  0.000  0.000
S2:IDR1      0.000  0.000  0.000  0.000  0.000  0.000  0.000  0.000  0.000
S1:IDR2      0.000  0.000  0.000  0.000  0.000  0.000  0.000  0.000  0.000
S2:IDR2      0.000  0.000  0.000  0.000  0.000  0.000  0.000  0.000  0.000
grp1:IDL1    0.000  0.000  0.000  0.000  0.000  0.000  0.000  0.000  0.000
S1:IDL1      0.000  0.000  0.000  0.000  0.000  0.000  0.000  0.000  0.000
S2:IDL1      0.000  0.000  0.000  0.000  0.000  0.000  0.000  0.000  0.000
IDR1:IDL1    0.000  0.000  0.000  0.000  0.000  0.000  0.000  0.000  0.000
IDR2:IDL1    0.000  0.000  0.000  0.000  0.000  0.000  0.000  0.000  0.000
gr1:S1:IDR1  0.000  0.000  0.000  0.000  0.000  0.000  0.000  0.000  0.000
gr1:S2:IDR1  0.000  0.000  0.000  0.000  0.000  0.000  0.000  0.000  0.000
gr1:S1:IDR2  0.000  0.000  0.000  0.000  0.000  0.000  0.000  0.000  0.000
gr1:S2:IDR2  0.000  0.000  0.000  0.000  0.000  0.000  0.000  0.000  0.000
gr1:S1:IDL1  0.000  0.000  0.000  0.000  0.000  0.000  0.000  0.000  0.000
gr1:S2:IDL1  0.000  0.000  0.000  0.000  0.000  0.000  0.000  0.000  0.000
g1:IDR1:IDL  0.000  0.000  0.000  0.000  0.000  0.000  0.000  0.000  0.000
g1:IDR2:IDL  0.000  0.000  0.000  0.000  0.000  0.000  0.000  0.000  0.000
S1:IDR1:IDL  0.000  0.000  0.000  0.000  0.000  0.000  0.000  0.000  0.000
S2:IDR1:IDL  0.000  0.000  0.000  0.000  0.000  0.000  0.000  0.000  0.000
S1:IDR2:IDL  0.000  0.000  0.000  0.000  0.000  0.000  0.000  0.000  0.000
S2:IDR2:IDL  0.000  0.000  0.000  0.000  0.000  0.000  0.000  0.000  0.000
g1:S1:IDR1:  0.000  0.000  0.000  0.000  0.000  0.000  0.000  0.000  0.000
g1:S2:IDR1:  0.000  0.000  0.000  0.000  0.000  0.000  0.000  0.000  0.000
g1:S1:IDR2:  0.000  0.000  0.000  0.000  0.000  0.000  0.000  0.000  0.000
g1:S2:IDR2:  0.000  0.000  0.000  0.000  0.000  0.000  0.000  0.000  0.000
            gr1:IDR1 gr1:IDR2 S1:IDR1 S2:IDR1 S1:IDR2 S2:IDR2 g1:IDL S1:IDL
grp1                                                                       
S1                                                                         
S2                                                                         
IDR1                                                                       
IDR2                                                                       
IDL1                                                                       
grp1:S1                                                                    
grp1:S2                                                                    
grp1:IDR1                                                                  
grp1:IDR2   -0.500                                                         
S1:IDR1      0.000    0.000                                                
S2:IDR1      0.000    0.000   -0.500                                       
S1:IDR2      0.000    0.000   -0.500   0.250                               
S2:IDR2      0.000    0.000    0.250  -0.500  -0.500                       
grp1:IDL1    0.000    0.000    0.000   0.000   0.000   0.000               
S1:IDL1      0.000    0.000    0.000   0.000   0.000   0.000   0.000       
S2:IDL1      0.000    0.000    0.000   0.000   0.000   0.000   0.000 -0.500
IDR1:IDL1    0.000    0.000    0.000   0.000   0.000   0.000   0.000  0.000
IDR2:IDL1    0.000    0.000    0.000   0.000   0.000   0.000   0.000  0.000
gr1:S1:IDR1  0.000    0.000    0.000   0.000   0.000   0.000   0.000  0.000
gr1:S2:IDR1  0.000    0.000    0.000   0.000   0.000   0.000   0.000  0.000
gr1:S1:IDR2  0.000    0.000    0.000   0.000   0.000   0.000   0.000  0.000
gr1:S2:IDR2  0.000    0.000    0.000   0.000   0.000   0.000   0.000  0.000
gr1:S1:IDL1  0.000    0.000    0.000   0.000   0.000   0.000   0.000  0.000
gr1:S2:IDL1  0.000    0.000    0.000   0.000   0.000   0.000   0.000  0.000
g1:IDR1:IDL  0.000    0.000    0.000   0.000   0.000   0.000   0.000  0.000
g1:IDR2:IDL  0.000    0.000    0.000   0.000   0.000   0.000   0.000  0.000
S1:IDR1:IDL  0.000    0.000    0.000   0.000   0.000   0.000   0.000  0.000
S2:IDR1:IDL  0.000    0.000    0.000   0.000   0.000   0.000   0.000  0.000
S1:IDR2:IDL  0.000    0.000    0.000   0.000   0.000   0.000   0.000  0.000
S2:IDR2:IDL  0.000    0.000    0.000   0.000   0.000   0.000   0.000  0.000
g1:S1:IDR1:  0.000    0.000    0.000   0.000   0.000   0.000   0.000  0.000
g1:S2:IDR1:  0.000    0.000    0.000   0.000   0.000   0.000   0.000  0.000
g1:S1:IDR2:  0.000    0.000    0.000   0.000   0.000   0.000   0.000  0.000
g1:S2:IDR2:  0.000    0.000    0.000   0.000   0.000   0.000   0.000  0.000
            S2:IDL IDR1:I IDR2:I gr1:S1:IDR1 gr1:S2:IDR1 gr1:S1:IDR2
grp1                                                                
S1                                                                  
S2                                                                  
IDR1                                                                
IDR2                                                                
IDL1                                                                
grp1:S1                                                             
grp1:S2                                                             
grp1:IDR1                                                           
grp1:IDR2                                                           
S1:IDR1                                                             
S2:IDR1                                                             
S1:IDR2                                                             
S2:IDR2                                                             
grp1:IDL1                                                           
S1:IDL1                                                             
S2:IDL1                                                             
IDR1:IDL1    0.000                                                  
IDR2:IDL1    0.000 -0.500                                           
gr1:S1:IDR1  0.000  0.000  0.000                                    
gr1:S2:IDR1  0.000  0.000  0.000 -0.500                             
gr1:S1:IDR2  0.000  0.000  0.000 -0.500       0.250                 
gr1:S2:IDR2  0.000  0.000  0.000  0.250      -0.500      -0.500     
gr1:S1:IDL1  0.000  0.000  0.000  0.000       0.000       0.000     
gr1:S2:IDL1  0.000  0.000  0.000  0.000       0.000       0.000     
g1:IDR1:IDL  0.000  0.000  0.000  0.000       0.000       0.000     
g1:IDR2:IDL  0.000  0.000  0.000  0.000       0.000       0.000     
S1:IDR1:IDL  0.000  0.000  0.000  0.000       0.000       0.000     
S2:IDR1:IDL  0.000  0.000  0.000  0.000       0.000       0.000     
S1:IDR2:IDL  0.000  0.000  0.000  0.000       0.000       0.000     
S2:IDR2:IDL  0.000  0.000  0.000  0.000       0.000       0.000     
g1:S1:IDR1:  0.000  0.000  0.000  0.000       0.000       0.000     
g1:S2:IDR1:  0.000  0.000  0.000  0.000       0.000       0.000     
g1:S1:IDR2:  0.000  0.000  0.000  0.000       0.000       0.000     
g1:S2:IDR2:  0.000  0.000  0.000  0.000       0.000       0.000     
            gr1:S2:IDR2 g1:S1:IDL g1:S2:IDL g1:IDR1: g1:IDR2: S1:IDR1: S2:IDR1:
grp1                                                                           
S1                                                                             
S2                                                                             
IDR1                                                                           
IDR2                                                                           
IDL1                                                                           
grp1:S1                                                                        
grp1:S2                                                                        
grp1:IDR1                                                                      
grp1:IDR2                                                                      
S1:IDR1                                                                        
S2:IDR1                                                                        
S1:IDR2                                                                        
S2:IDR2                                                                        
grp1:IDL1                                                                      
S1:IDL1                                                                        
S2:IDL1                                                                        
IDR1:IDL1                                                                      
IDR2:IDL1                                                                      
gr1:S1:IDR1                                                                    
gr1:S2:IDR1                                                                    
gr1:S1:IDR2                                                                    
gr1:S2:IDR2                                                                    
gr1:S1:IDL1  0.000                                                             
gr1:S2:IDL1  0.000      -0.500                                                 
g1:IDR1:IDL  0.000       0.000     0.000                                       
g1:IDR2:IDL  0.000       0.000     0.000    -0.500                             
S1:IDR1:IDL  0.000       0.000     0.000     0.000    0.000                    
S2:IDR1:IDL  0.000       0.000     0.000     0.000    0.000   -0.500           
S1:IDR2:IDL  0.000       0.000     0.000     0.000    0.000   -0.500    0.250  
S2:IDR2:IDL  0.000       0.000     0.000     0.000    0.000    0.250   -0.500  
g1:S1:IDR1:  0.000       0.000     0.000     0.000    0.000    0.000    0.000  
g1:S2:IDR1:  0.000       0.000     0.000     0.000    0.000    0.000    0.000  
g1:S1:IDR2:  0.000       0.000     0.000     0.000    0.000    0.000    0.000  
g1:S2:IDR2:  0.000       0.000     0.000     0.000    0.000    0.000    0.000  
            S1:IDR2: S2:IDR2: g1:S1:IDR1: g1:S2:IDR1: g1:S1:IDR2:
grp1                                                             
S1                                                               
S2                                                               
IDR1                                                             
IDR2                                                             
IDL1                                                             
grp1:S1                                                          
grp1:S2                                                          
grp1:IDR1                                                        
grp1:IDR2                                                        
S1:IDR1                                                          
S2:IDR1                                                          
S1:IDR2                                                          
S2:IDR2                                                          
grp1:IDL1                                                        
S1:IDL1                                                          
S2:IDL1                                                          
IDR1:IDL1                                                        
IDR2:IDL1                                                        
gr1:S1:IDR1                                                      
gr1:S2:IDR1                                                      
gr1:S1:IDR2                                                      
gr1:S2:IDR2                                                      
gr1:S1:IDL1                                                      
gr1:S2:IDL1                                                      
g1:IDR1:IDL                                                      
g1:IDR2:IDL                                                      
S1:IDR1:IDL                                                      
S2:IDR1:IDL                                                      
S1:IDR2:IDL                                                      
S2:IDR2:IDL -0.500                                               
g1:S1:IDR1:  0.000    0.000                                      
g1:S2:IDR1:  0.000    0.000   -0.500                             
g1:S1:IDR2:  0.000    0.000   -0.500       0.250                 
g1:S2:IDR2:  0.000    0.000    0.250      -0.500      -0.500     
