[1] "vfTrajCircularityL ~(S*DID*grp)+Error(pp/(S*DID))+grp"
$ANOVA
     Effect DFn DFd         F          p p<.05         ges
2       grp   1   8 0.7837340 0.40182635       0.053023754
3         S   2  16 3.1997097 0.06777441       0.072121031
5       DID   2  16 2.8563514 0.08694583       0.030817136
4     grp:S   2  16 1.9098376 0.18037967       0.044336506
6   grp:DID   2  16 0.2718229 0.76543812       0.003016815
7     S:DID   4  32 1.8372461 0.14596316       0.032240080
8 grp:S:DID   4  32 0.7440519 0.56914113       0.013312028

$`Mauchly's Test for Sphericity`
     Effect         W          p p<.05
3         S 0.6788984 0.25782012      
4     grp:S 0.6788984 0.25782012      
5       DID 0.3472463 0.02467355     *
6   grp:DID 0.3472463 0.02467355     *
7     S:DID 0.1091243 0.12660644      
8 grp:S:DID 0.1091243 0.12660644      

$`Sphericity Corrections`
     Effect       GGe      p[GG] p[GG]<.05       HFe      p[HF] p[HF]<.05
3         S 0.7569441 0.08644167           0.8961450 0.07519022          
4     grp:S 0.7569441 0.19311740           0.8961450 0.18588376          
5       DID 0.6050508 0.11942151           0.6547164 0.11483005          
6   grp:DID 0.6050508 0.65774920           0.6547164 0.67492815          
7     S:DID 0.4823542 0.19303209           0.6327543 0.17836375          
8 grp:S:DID 0.4823542 0.48692249           0.6327543 0.51723308          

