[1] "Summary by group"
  grp vfTrajCircularityL.m vfTrajCircularityL.s
1   C            0.7631099           0.06683159
2   U            0.7401927           0.05176750
[1] "Summary by session\n"
  S vfTrajCircularityL.m vfTrajCircularityL.s
1 1            0.7329176           0.04895754
2 2            0.7578276           0.06163681
3 3            0.7642088           0.06640106
[1] "Summary by DID\n"
  DID vfTrajCircularityL.m vfTrajCircularityL.s
1   1            0.7413559           0.05585998
2   2            0.7511117           0.06597251
3   3            0.7624863           0.05881381
[1] "Summary by group + Session\n"
  grp S vfTrajCircularityL.m vfTrajCircularityL.s
1   C 1            0.7415118           0.04972816
2   C 2            0.7581871           0.07531580
3   C 3            0.7896307           0.06508335
4   U 1            0.7243233           0.04716128
5   U 2            0.7574680           0.04485312
6   U 3            0.7387869           0.05797108
[1] "Summary by Session + DID\n"
  S DID vfTrajCircularityL.m vfTrajCircularityL.s
1 1   1            0.7096483           0.03766585
2 1   2            0.7351597           0.05289646
3 1   3            0.7539447           0.04600387
4 2   1            0.7488580           0.05632379
5 2   2            0.7656060           0.06079585
6 2   3            0.7590187           0.06814329
7 3   1            0.7655613           0.05727790
8 3   2            0.7525693           0.07987704
9 3   3            0.7744957           0.06015622
[1] "Summary by group + DID\n"
  grp DID vfTrajCircularityL.m vfTrajCircularityL.s
1   C   1            0.7490933           0.06435054
2   C   2            0.7639224           0.06608505
3   C   3            0.7763138           0.06866053
4   U   1            0.7336184           0.04525642
5   U   2            0.7383009           0.06403699
6   U   3            0.7486589           0.04349007
[1] "Summary by group + Session + DID\n"
   grp S DID vfTrajCircularityL.m vfTrajCircularityL.s
1    C 1   1            0.7197220           0.04053630
2    C 1   2            0.7419987           0.05326574
3    C 1   3            0.7628147           0.04791992
4    C 2   1            0.7415580           0.07115696
5    C 2   2            0.7621627           0.07279432
6    C 2   3            0.7708407           0.08355044
7    C 3   1            0.7860000           0.06215719
8    C 3   2            0.7876060           0.06685851
9    C 3   3            0.7952860           0.07018751
10   U 1   1            0.6995747           0.03283480
11   U 1   2            0.7283207           0.05346462
12   U 1   3            0.7450747           0.04380603
13   U 2   1            0.7561580           0.03733404
14   U 2   2            0.7690493           0.04828934
15   U 2   3            0.7471967           0.04835839
16   U 3   1            0.7451227           0.04513517
17   U 3   2            0.7175327           0.07820394
18   U 3   3            0.7537053           0.04054029
