[1] "IPerfEfL ~(S*DID*grp)+Error(pp/(S*DID))+grp"
$ANOVA
     Effect DFn DFd          F            p p<.05        ges
2       grp   1   8 12.2869052 8.016955e-03     * 0.34408358
3         S   2  16 16.5246493 1.282028e-04     * 0.35850813
5       DID   2  16 19.4571342 5.193717e-05     * 0.28192607
4     grp:S   2  16  3.1813739 6.866866e-02       0.09714255
6   grp:DID   2  16  4.4333441 2.937760e-02     * 0.08211230
7     S:DID   4  32  0.8326959 5.144487e-01       0.02302818
8 grp:S:DID   4  32  1.4176337 2.505713e-01       0.03858052

$`Mauchly's Test for Sphericity`
     Effect         W          p p<.05
3         S 0.7984029 0.45475489      
4     grp:S 0.7984029 0.45475489      
5       DID 0.4789681 0.07604539      
6   grp:DID 0.4789681 0.07604539      
7     S:DID 0.0394496 0.01692782     *
8 grp:S:DID 0.0394496 0.01692782     *

$`Sphericity Corrections`
     Effect       GGe        p[GG] p[GG]<.05       HFe        p[HF] p[HF]<.05
3         S 0.8322257 0.0003887349         * 1.0243835 0.0001282028         *
4     grp:S 0.8322257 0.0810806828           1.0243835 0.0686686559          
5       DID 0.6574484 0.0006792616         * 0.7355212 0.0003765599         *
6   grp:DID 0.6574484 0.0523122718           0.7355212 0.0458261370         *
7     S:DID 0.4769853 0.4486012279           0.6225921 0.4725392100          
8 grp:S:DID 0.4769853 0.2716513440           0.6225921 0.2672614491          

