[1] "decTimeRrel ~(S*IDR*IDL*grp)+Error(pp/(S*IDR*IDL))+grp"
$ANOVA
          Effect DFn DFd          F            p p<.05         ges
2            grp   1   8  1.2548559 2.951273e-01       0.050491823
3              S   2  16  0.5242995 6.017974e-01       0.007048954
4          grp:S   2  16  0.6879207 5.168840e-01       0.009228460
5            IDR   2  16 11.9221936 6.761182e-04     * 0.091400897
6        grp:IDR   2  16  0.2663424 7.695074e-01       0.002242267
7            IDL   1   8  1.7776231 2.191565e-01       0.008017512
8        grp:IDL   1   8  1.2245765 3.006267e-01       0.005536948
9          S:IDR   4  32  8.4496385 9.028311e-05     * 0.107140492
10     grp:S:IDR   4  32  1.1999560 3.299050e-01       0.016755570
11         S:IDL   2  16  5.1081593 1.924803e-02     * 0.039491490
12     grp:S:IDL   2  16  0.1691745 8.458522e-01       0.001359821
13       IDR:IDL   2  16 10.1744460 1.409388e-03     * 0.110968740
14   grp:IDR:IDL   2  16  0.3776211 6.914395e-01       0.004611284
15     S:IDR:IDL   4  32  0.5588712 6.940929e-01       0.011917001
16 grp:S:IDR:IDL   4  32  0.2668420 8.970896e-01       0.005725617

$`Mauchly's Test for Sphericity`
          Effect          W           p p<.05
3              S 0.72997148 0.332330828      
4          grp:S 0.72997148 0.332330828      
5            IDR 0.32237786 0.019022966     *
6        grp:IDR 0.32237786 0.019022966     *
9          S:IDR 0.24258740 0.447051940      
10     grp:S:IDR 0.24258740 0.447051940      
11         S:IDL 0.54665649 0.120781598      
12     grp:S:IDL 0.54665649 0.120781598      
13       IDR:IDL 0.45459929 0.063343293      
14   grp:IDR:IDL 0.45459929 0.063343293      
15     S:IDR:IDL 0.02207367 0.004864573     *
16 grp:S:IDR:IDL 0.02207367 0.004864573     *

$`Sphericity Corrections`
          Effect       GGe       p[GG] p[GG]<.05       HFe        p[HF]
3              S 0.7873839 0.562474966           0.9472739 5.928338e-01
4          grp:S 0.7873839 0.487055570           0.9472739 5.101029e-01
5            IDR 0.5960818 0.005267524         * 0.6411341 4.178104e-03
6        grp:IDR 0.5960818 0.658223995           0.6411341 6.741716e-01
9          S:IDR 0.6527534 0.001044705         * 0.9973639 9.196091e-05
10     grp:S:IDR 0.6527534 0.330351334           0.9973639 3.299305e-01
11         S:IDL 0.6880686 0.036396714         * 0.7839258 2.988612e-02
12     grp:S:IDL 0.6880686 0.766158213           0.7839258 7.951797e-01
13       IDR:IDL 0.6470814 0.006637806         * 0.7193333 4.819243e-03
14   grp:IDR:IDL 0.6470814 0.605899843           0.7193333 6.266346e-01
15     S:IDR:IDL 0.3784077 0.539172291           0.4479655 5.653890e-01
16 grp:S:IDR:IDL 0.3784077 0.709924748           0.4479655 7.460832e-01
   p[HF]<.05
3           
4           
5          *
6           
9          *
10          
11         *
12          
13         *
14          
15          
16          

