                  Estimate MCMCmean HPD95lower HPD95upper pMCMC Pr(>|t|)
(Intercept)         0.9384   0.9388     0.9034     0.9765 0.001   0.0000
grp1                0.0483   0.0469     0.0139     0.0866 0.024   0.0055
S1                  0.0237   0.0235     0.0037     0.0455 0.036   0.0779
S2                  0.0016   0.0018    -0.0187     0.0232 0.860   0.9061
IDR1                0.0005   0.0006    -0.0141     0.0147 0.916   0.9562
IDR2                0.0068   0.0067    -0.0078     0.0199 0.322   0.4347
IDL1                0.0091   0.0092    -0.0028     0.0206 0.118   0.1766
grp1:S1            -0.0233  -0.0235    -0.0441    -0.0009 0.042   0.0829
grp1:S2            -0.0009  -0.0006    -0.0215     0.0215 0.960   0.9443
grp1:IDR1          -0.0039  -0.0041    -0.0181     0.0112 0.558   0.6509
grp1:IDR2          -0.0029  -0.0032    -0.0186     0.0098 0.650   0.7364
S1:IDR1            -0.0031  -0.0031    -0.0167     0.0129 0.704   0.8010
S2:IDR1            -0.0001  -0.0005    -0.0156     0.0156 0.942   0.9938
S1:IDR2            -0.0038  -0.0041    -0.0207     0.0115 0.606   0.7543
S2:IDR2             0.0037   0.0039    -0.0108     0.0205 0.628   0.7620
grp1:IDL1          -0.0061  -0.0059    -0.0180     0.0063 0.314   0.3667
S1:IDL1             0.0032   0.0030    -0.0082     0.0147 0.604   0.7132
S2:IDL1            -0.0036  -0.0036    -0.0141     0.0078 0.520   0.6775
IDR1:IDL1           0.0473   0.0472     0.0369     0.0578 0.001   0.0000
IDR2:IDL1           0.0155   0.0158     0.0057     0.0261 0.002   0.0736
grp1:S1:IDR1        0.0039   0.0043    -0.0105     0.0212 0.574   0.7477
grp1:S2:IDR1        0.0007   0.0004    -0.0143     0.0163 0.986   0.9538
grp1:S1:IDR2        0.0035   0.0034    -0.0142     0.0175 0.672   0.7765
grp1:S2:IDR2       -0.0027  -0.0026    -0.0182     0.0132 0.738   0.8231
grp1:S1:IDL1       -0.0035  -0.0035    -0.0143     0.0080 0.576   0.6880
grp1:S2:IDL1        0.0009   0.0009    -0.0109     0.0111 0.856   0.9183
grp1:IDR1:IDL1     -0.0388  -0.0391    -0.0497    -0.0273 0.001   0.0000
grp1:IDR2:IDL1     -0.0164  -0.0164    -0.0258    -0.0045 0.002   0.0587
S1:IDR1:IDL1       -0.0246  -0.0248    -0.0411    -0.0093 0.002   0.0448
S2:IDR1:IDL1        0.0014   0.0013    -0.0142     0.0174 0.880   0.9091
S1:IDR2:IDL1       -0.0103  -0.0102    -0.0264     0.0048 0.204   0.3999
S2:IDR2:IDL1        0.0013   0.0013    -0.0148     0.0168 0.858   0.9138
grp1:S1:IDR1:IDL1   0.0252   0.0254     0.0097     0.0409 0.006   0.0399
grp1:S2:IDR1:IDL1  -0.0032  -0.0032    -0.0194     0.0124 0.678   0.7943
grp1:S1:IDR2:IDL1   0.0114   0.0111    -0.0061     0.0250 0.186   0.3503
grp1:S2:IDR2:IDL1  -0.0022  -0.0017    -0.0187     0.0125 0.818   0.8560
NULL
       Length Class      Mode
fixed  6      data.frame list
random 7      data.frame list
Analysis of Variance Table
              Df   Sum Sq  Mean Sq F value
grp            1 0.020978 0.020978  7.6665
S              2 0.012195 0.006097  2.2284
IDR            2 0.002397 0.001199  0.4381
IDL            1 0.005011 0.005011  1.8315
grp:S          2 0.011472 0.005736  2.0963
grp:IDR        2 0.001718 0.000859  0.3140
S:IDR          4 0.000974 0.000244  0.0890
grp:IDL        1 0.002234 0.002234  0.8164
S:IDL          2 0.000567 0.000283  0.1036
IDR:IDL        2 0.157021 0.078511 28.6928
grp:S:IDR      4 0.001184 0.000296  0.1082
grp:S:IDL      2 0.000477 0.000238  0.0872
grp:IDR:IDL    2 0.117847 0.058924 21.5345
S:IDR:IDL      4 0.029239 0.007310  2.6714
grp:S:IDR:IDL  4 0.030036 0.007509  2.7443
Linear mixed model fit by REML 
Formula: get(vname) ~ (1 | pp) + (1 | pp/S) + (1 | pp/IDR) + (1 | pp/IDL) +      (1 | pp/S:IDR:IDL) + grp * S * IDR * IDL 
   Data: mdata 
  AIC    BIC logLik deviance REMLdev
 -932 -734.6    512    -1292   -1024
Random effects:
 Groups       Name        Variance   Std.Dev.  
 S:IDR:IDL:pp (Intercept) 5.8002e-03 7.6159e-02
 IDR:pp       (Intercept) 1.5619e-17 3.9521e-09
 S:pp         (Intercept) 1.5784e-03 3.9729e-02
 IDL:pp       (Intercept) 1.5906e-04 1.2612e-02
 pp           (Intercept) 4.0526e-04 2.0131e-02
 pp           (Intercept) 4.0533e-04 2.0133e-02
 pp           (Intercept) 4.0559e-04 2.0139e-02
 pp           (Intercept) 4.0577e-04 2.0144e-02
 pp           (Intercept) 4.0571e-04 2.0142e-02
 Residual                 2.7362e-03 5.2309e-02
Number of obs: 540, groups: S:IDR:IDL:pp, 180; IDR:pp, 30; S:pp, 30; IDL:pp, 20; pp, 10

Fixed effects:
                    Estimate Std. Error t value
(Intercept)        9.384e-01  1.734e-02   54.13
grp1               4.829e-02  1.734e-02    2.79
S1                 2.369e-02  1.341e-02    1.77
S2                 1.583e-03  1.341e-02    0.12
IDR1               4.744e-04  8.636e-03    0.05
IDR2               6.751e-03  8.636e-03    0.78
IDL1               9.103e-03  6.726e-03    1.35
grp1:S1           -2.330e-02  1.341e-02   -1.74
grp1:S2           -9.366e-04  1.341e-02   -0.07
grp1:IDR1         -3.911e-03  8.636e-03   -0.45
grp1:IDR2         -2.908e-03  8.636e-03   -0.34
S1:IDR1           -3.081e-03  1.221e-02   -0.25
S2:IDR1           -9.502e-05  1.221e-02   -0.01
S1:IDR2           -3.825e-03  1.221e-02   -0.31
S2:IDR2            3.700e-03  1.221e-02    0.30
grp1:IDL1         -6.077e-03  6.726e-03   -0.90
S1:IDL1            3.176e-03  8.636e-03    0.37
S2:IDL1           -3.593e-03  8.636e-03   -0.42
IDR1:IDL1          4.730e-02  8.636e-03    5.48
IDR2:IDL1          1.548e-02  8.636e-03    1.79
grp1:S1:IDR1       3.930e-03  1.221e-02    0.32
grp1:S2:IDR1       7.073e-04  1.221e-02    0.06
grp1:S1:IDR2       3.469e-03  1.221e-02    0.28
grp1:S2:IDR2      -2.733e-03  1.221e-02   -0.22
grp1:S1:IDL1      -3.470e-03  8.636e-03   -0.40
grp1:S2:IDL1       8.862e-04  8.636e-03    0.10
grp1:IDR1:IDL1    -3.881e-02  8.636e-03   -4.49
grp1:IDR2:IDL1    -1.636e-02  8.636e-03   -1.89
S1:IDR1:IDL1      -2.457e-02  1.221e-02   -2.01
S2:IDR1:IDL1       1.395e-03  1.221e-02    0.11
S1:IDR2:IDL1      -1.029e-02  1.221e-02   -0.84
S2:IDR2:IDL1       1.323e-03  1.221e-02    0.11
grp1:S1:IDR1:IDL1  2.516e-02  1.221e-02    2.06
grp1:S2:IDR1:IDL1 -3.187e-03  1.221e-02   -0.26
grp1:S1:IDR2:IDL1  1.142e-02  1.221e-02    0.93
grp1:S2:IDR2:IDL1 -2.218e-03  1.221e-02   -0.18

Correlation of Fixed Effects:
            (Intr) grp1   S1     S2     IDR1   IDR2   IDL1   gr1:S1 gr1:S2
grp1         0.000                                                        
S1           0.000  0.000                                                 
S2           0.000  0.000 -0.500                                          
IDR1         0.000  0.000  0.000  0.000                                   
IDR2         0.000  0.000  0.000  0.000 -0.500                            
IDL1         0.000  0.000  0.000  0.000  0.000  0.000                     
grp1:S1      0.000  0.000  0.000  0.000  0.000  0.000  0.000              
grp1:S2      0.000  0.000  0.000  0.000  0.000  0.000  0.000 -0.500       
grp1:IDR1    0.000  0.000  0.000  0.000  0.000  0.000  0.000  0.000  0.000
grp1:IDR2    0.000  0.000  0.000  0.000  0.000  0.000  0.000  0.000  0.000
S1:IDR1      0.000  0.000  0.000  0.000  0.000  0.000  0.000  0.000  0.000
S2:IDR1      0.000  0.000  0.000  0.000  0.000  0.000  0.000  0.000  0.000
S1:IDR2      0.000  0.000  0.000  0.000  0.000  0.000  0.000  0.000  0.000
S2:IDR2      0.000  0.000  0.000  0.000  0.000  0.000  0.000  0.000  0.000
grp1:IDL1    0.000  0.000  0.000  0.000  0.000  0.000  0.000  0.000  0.000
S1:IDL1      0.000  0.000  0.000  0.000  0.000  0.000  0.000  0.000  0.000
S2:IDL1      0.000  0.000  0.000  0.000  0.000  0.000  0.000  0.000  0.000
IDR1:IDL1    0.000  0.000  0.000  0.000  0.000  0.000  0.000  0.000  0.000
IDR2:IDL1    0.000  0.000  0.000  0.000  0.000  0.000  0.000  0.000  0.000
gr1:S1:IDR1  0.000  0.000  0.000  0.000  0.000  0.000  0.000  0.000  0.000
gr1:S2:IDR1  0.000  0.000  0.000  0.000  0.000  0.000  0.000  0.000  0.000
gr1:S1:IDR2  0.000  0.000  0.000  0.000  0.000  0.000  0.000  0.000  0.000
gr1:S2:IDR2  0.000  0.000  0.000  0.000  0.000  0.000  0.000  0.000  0.000
gr1:S1:IDL1  0.000  0.000  0.000  0.000  0.000  0.000  0.000  0.000  0.000
gr1:S2:IDL1  0.000  0.000  0.000  0.000  0.000  0.000  0.000  0.000  0.000
g1:IDR1:IDL  0.000  0.000  0.000  0.000  0.000  0.000  0.000  0.000  0.000
g1:IDR2:IDL  0.000  0.000  0.000  0.000  0.000  0.000  0.000  0.000  0.000
S1:IDR1:IDL  0.000  0.000  0.000  0.000  0.000  0.000  0.000  0.000  0.000
S2:IDR1:IDL  0.000  0.000  0.000  0.000  0.000  0.000  0.000  0.000  0.000
S1:IDR2:IDL  0.000  0.000  0.000  0.000  0.000  0.000  0.000  0.000  0.000
S2:IDR2:IDL  0.000  0.000  0.000  0.000  0.000  0.000  0.000  0.000  0.000
g1:S1:IDR1:  0.000  0.000  0.000  0.000  0.000  0.000  0.000  0.000  0.000
g1:S2:IDR1:  0.000  0.000  0.000  0.000  0.000  0.000  0.000  0.000  0.000
g1:S1:IDR2:  0.000  0.000  0.000  0.000  0.000  0.000  0.000  0.000  0.000
g1:S2:IDR2:  0.000  0.000  0.000  0.000  0.000  0.000  0.000  0.000  0.000
            gr1:IDR1 gr1:IDR2 S1:IDR1 S2:IDR1 S1:IDR2 S2:IDR2 g1:IDL S1:IDL
grp1                                                                       
S1                                                                         
S2                                                                         
IDR1                                                                       
IDR2                                                                       
IDL1                                                                       
grp1:S1                                                                    
grp1:S2                                                                    
grp1:IDR1                                                                  
grp1:IDR2   -0.500                                                         
S1:IDR1      0.000    0.000                                                
S2:IDR1      0.000    0.000   -0.500                                       
S1:IDR2      0.000    0.000   -0.500   0.250                               
S2:IDR2      0.000    0.000    0.250  -0.500  -0.500                       
grp1:IDL1    0.000    0.000    0.000   0.000   0.000   0.000               
S1:IDL1      0.000    0.000    0.000   0.000   0.000   0.000   0.000       
S2:IDL1      0.000    0.000    0.000   0.000   0.000   0.000   0.000 -0.500
IDR1:IDL1    0.000    0.000    0.000   0.000   0.000   0.000   0.000  0.000
IDR2:IDL1    0.000    0.000    0.000   0.000   0.000   0.000   0.000  0.000
gr1:S1:IDR1  0.000    0.000    0.000   0.000   0.000   0.000   0.000  0.000
gr1:S2:IDR1  0.000    0.000    0.000   0.000   0.000   0.000   0.000  0.000
gr1:S1:IDR2  0.000    0.000    0.000   0.000   0.000   0.000   0.000  0.000
gr1:S2:IDR2  0.000    0.000    0.000   0.000   0.000   0.000   0.000  0.000
gr1:S1:IDL1  0.000    0.000    0.000   0.000   0.000   0.000   0.000  0.000
gr1:S2:IDL1  0.000    0.000    0.000   0.000   0.000   0.000   0.000  0.000
g1:IDR1:IDL  0.000    0.000    0.000   0.000   0.000   0.000   0.000  0.000
g1:IDR2:IDL  0.000    0.000    0.000   0.000   0.000   0.000   0.000  0.000
S1:IDR1:IDL  0.000    0.000    0.000   0.000   0.000   0.000   0.000  0.000
S2:IDR1:IDL  0.000    0.000    0.000   0.000   0.000   0.000   0.000  0.000
S1:IDR2:IDL  0.000    0.000    0.000   0.000   0.000   0.000   0.000  0.000
S2:IDR2:IDL  0.000    0.000    0.000   0.000   0.000   0.000   0.000  0.000
g1:S1:IDR1:  0.000    0.000    0.000   0.000   0.000   0.000   0.000  0.000
g1:S2:IDR1:  0.000    0.000    0.000   0.000   0.000   0.000   0.000  0.000
g1:S1:IDR2:  0.000    0.000    0.000   0.000   0.000   0.000   0.000  0.000
g1:S2:IDR2:  0.000    0.000    0.000   0.000   0.000   0.000   0.000  0.000
            S2:IDL IDR1:I IDR2:I gr1:S1:IDR1 gr1:S2:IDR1 gr1:S1:IDR2
grp1                                                                
S1                                                                  
S2                                                                  
IDR1                                                                
IDR2                                                                
IDL1                                                                
grp1:S1                                                             
grp1:S2                                                             
grp1:IDR1                                                           
grp1:IDR2                                                           
S1:IDR1                                                             
S2:IDR1                                                             
S1:IDR2                                                             
S2:IDR2                                                             
grp1:IDL1                                                           
S1:IDL1                                                             
S2:IDL1                                                             
IDR1:IDL1    0.000                                                  
IDR2:IDL1    0.000 -0.500                                           
gr1:S1:IDR1  0.000  0.000  0.000                                    
gr1:S2:IDR1  0.000  0.000  0.000 -0.500                             
gr1:S1:IDR2  0.000  0.000  0.000 -0.500       0.250                 
gr1:S2:IDR2  0.000  0.000  0.000  0.250      -0.500      -0.500     
gr1:S1:IDL1  0.000  0.000  0.000  0.000       0.000       0.000     
gr1:S2:IDL1  0.000  0.000  0.000  0.000       0.000       0.000     
g1:IDR1:IDL  0.000  0.000  0.000  0.000       0.000       0.000     
g1:IDR2:IDL  0.000  0.000  0.000  0.000       0.000       0.000     
S1:IDR1:IDL  0.000  0.000  0.000  0.000       0.000       0.000     
S2:IDR1:IDL  0.000  0.000  0.000  0.000       0.000       0.000     
S1:IDR2:IDL  0.000  0.000  0.000  0.000       0.000       0.000     
S2:IDR2:IDL  0.000  0.000  0.000  0.000       0.000       0.000     
g1:S1:IDR1:  0.000  0.000  0.000  0.000       0.000       0.000     
g1:S2:IDR1:  0.000  0.000  0.000  0.000       0.000       0.000     
g1:S1:IDR2:  0.000  0.000  0.000  0.000       0.000       0.000     
g1:S2:IDR2:  0.000  0.000  0.000  0.000       0.000       0.000     
            gr1:S2:IDR2 g1:S1:IDL g1:S2:IDL g1:IDR1: g1:IDR2: S1:IDR1: S2:IDR1:
grp1                                                                           
S1                                                                             
S2                                                                             
IDR1                                                                           
IDR2                                                                           
IDL1                                                                           
grp1:S1                                                                        
grp1:S2                                                                        
grp1:IDR1                                                                      
grp1:IDR2                                                                      
S1:IDR1                                                                        
S2:IDR1                                                                        
S1:IDR2                                                                        
S2:IDR2                                                                        
grp1:IDL1                                                                      
S1:IDL1                                                                        
S2:IDL1                                                                        
IDR1:IDL1                                                                      
IDR2:IDL1                                                                      
gr1:S1:IDR1                                                                    
gr1:S2:IDR1                                                                    
gr1:S1:IDR2                                                                    
gr1:S2:IDR2                                                                    
gr1:S1:IDL1  0.000                                                             
gr1:S2:IDL1  0.000      -0.500                                                 
g1:IDR1:IDL  0.000       0.000     0.000                                       
g1:IDR2:IDL  0.000       0.000     0.000    -0.500                             
S1:IDR1:IDL  0.000       0.000     0.000     0.000    0.000                    
S2:IDR1:IDL  0.000       0.000     0.000     0.000    0.000   -0.500           
S1:IDR2:IDL  0.000       0.000     0.000     0.000    0.000   -0.500    0.250  
S2:IDR2:IDL  0.000       0.000     0.000     0.000    0.000    0.250   -0.500  
g1:S1:IDR1:  0.000       0.000     0.000     0.000    0.000    0.000    0.000  
g1:S2:IDR1:  0.000       0.000     0.000     0.000    0.000    0.000    0.000  
g1:S1:IDR2:  0.000       0.000     0.000     0.000    0.000    0.000    0.000  
g1:S2:IDR2:  0.000       0.000     0.000     0.000    0.000    0.000    0.000  
            S1:IDR2: S2:IDR2: g1:S1:IDR1: g1:S2:IDR1: g1:S1:IDR2:
grp1                                                             
S1                                                               
S2                                                               
IDR1                                                             
IDR2                                                             
IDL1                                                             
grp1:S1                                                          
grp1:S2                                                          
grp1:IDR1                                                        
grp1:IDR2                                                        
S1:IDR1                                                          
S2:IDR1                                                          
S1:IDR2                                                          
S2:IDR2                                                          
grp1:IDL1                                                        
S1:IDL1                                                          
S2:IDL1                                                          
IDR1:IDL1                                                        
IDR2:IDL1                                                        
gr1:S1:IDR1                                                      
gr1:S2:IDR1                                                      
gr1:S1:IDR2                                                      
gr1:S2:IDR2                                                      
gr1:S1:IDL1                                                      
gr1:S2:IDL1                                                      
g1:IDR1:IDL                                                      
g1:IDR2:IDL                                                      
S1:IDR1:IDL                                                      
S2:IDR1:IDL                                                      
S1:IDR2:IDL                                                      
S2:IDR2:IDL -0.500                                               
g1:S1:IDR1:  0.000    0.000                                      
g1:S2:IDR1:  0.000    0.000   -0.500                             
g1:S1:IDR2:  0.000    0.000   -0.500       0.250                 
g1:S2:IDR2:  0.000    0.000    0.250      -0.500      -0.500     
