[1] "q1R ~S*IDR*IDL*grp + Error(pp/(S*IDR*IDL))"
$ANOVA
          Effect DFn DFd           F            p p<.05          ges
2            grp   1   8  1.03963657 3.377471e-01       0.0460706611
3              S   2  16  0.90991188 4.224085e-01       0.0242907308
5            IDR   2  16 31.32495419 2.933419e-06     * 0.2125944608
7            IDL   1   8  0.12375258 7.340859e-01       0.0009749953
4          grp:S   2  16  0.45409867 6.429562e-01       0.0122718063
6        grp:IDR   2  16  0.44431377 6.489407e-01       0.0038149848
8        grp:IDL   1   8  0.86357780 3.799254e-01       0.0067643438
9          S:IDR   4  32  0.18350325 9.452785e-01       0.0021027740
11         S:IDL   2  16  0.02727804 9.731358e-01       0.0001486272
13       IDR:IDL   2  16  0.32266628 7.288196e-01       0.0017934272
10     grp:S:IDR   4  32  0.99720599 4.233734e-01       0.0113214750
12     grp:S:IDL   2  16  1.68023748 2.175864e-01       0.0090732257
14   grp:IDR:IDL   2  16  0.04960110 9.517547e-01       0.0002761094
15     S:IDR:IDL   4  32  1.93424476 1.287304e-01       0.0230153236
16 grp:S:IDR:IDL   4  32  0.96123088 4.421061e-01       0.0115715321

$`Mauchly's Test for Sphericity`
          Effect          W          p p<.05
3              S 0.43457783 0.05410489      
4          grp:S 0.43457783 0.05410489      
5            IDR 0.74501995 0.35693378      
6        grp:IDR 0.74501995 0.35693378      
9          S:IDR 0.06847785 0.05328357      
10     grp:S:IDR 0.06847785 0.05328357      
11         S:IDL 0.85462026 0.57704029      
12     grp:S:IDL 0.85462026 0.57704029      
13       IDR:IDL 0.35361472 0.02629397     *
14   grp:IDR:IDL 0.35361472 0.02629397     *
15     S:IDR:IDL 0.39361328 0.75253601      
16 grp:S:IDR:IDL 0.39361328 0.75253601      

$`Sphericity Corrections`
          Effect       GGe        p[GG] p[GG]<.05       HFe        p[HF]
3              S 0.6388053 3.881183e-01           0.7064821 3.960970e-01
4          grp:S 0.6388053 5.623695e-01           0.7064821 5.802910e-01
5            IDR 0.7968254 2.356827e-05         * 0.9633301 4.268191e-06
6        grp:IDR 0.7968254 6.073577e-01           0.9633301 6.420776e-01
9          S:IDR 0.5645761 8.577054e-01           0.7978802 9.158571e-01
10     grp:S:IDR 0.5645761 3.971962e-01           0.7978802 4.138505e-01
11         S:IDL 0.8730729 9.606374e-01           1.0965487 9.731358e-01
12     grp:S:IDL 0.8730729 2.222517e-01           1.0965487 2.175864e-01
13       IDR:IDL 0.6073912 6.257242e-01           0.6582724 6.424126e-01
14   grp:IDR:IDL 0.6073912 8.716114e-01           0.6582724 8.874464e-01
15     S:IDR:IDL 0.6796251 1.579516e-01           1.0634529 1.287304e-01
16 grp:S:IDR:IDL 0.6796251 4.216014e-01           1.0634529 4.421061e-01
   p[HF]<.05
3           
4           
5          *
6           
9           
10          
11          
12          
13          
14          
15          
16          

