[1] "Summary by group"
  grp     q1R.m      q1R.s
1   C 0.8697788 0.04716990
2   U 0.8851586 0.05389781
[1] "Summary by session\n"
  S     q1R.m      q1R.s
1 1 0.8709953 0.05527681
2 2 0.8769244 0.05174408
3 3 0.8844863 0.04541752
[1] "Summary by IDR+IDR\n"
  IDL IDR     q1R.m      q1R.s
1   D   D 0.8565962 0.05596885
2   D   M 0.8811072 0.03716113
3   D   E 0.8979820 0.04310390
4   E   D 0.8503420 0.05088246
5   E   M 0.8818427 0.04870057
6   E   E 0.8969419 0.05005409
[1] "Summary by group + Session\n"
  grp S     q1R.m      q1R.s
1   C 1 0.8663061 0.05325211
2   C 2 0.8637260 0.04553364
3   C 3 0.8793042 0.04092557
4   U 1 0.8756844 0.05714127
5   U 2 0.8901229 0.05439998
6   U 3 0.8896683 0.04918806
[1] "Summary by Session + IDR + IDL \n"
   S IDL IDR     q1R.m      q1R.s
1  1   D   D 0.8414337 0.06048814
2  1   D   M 0.8765503 0.04155907
3  1   D   E 0.9000280 0.03953369
4  1   E   D 0.8507117 0.05526210
5  1   E   M 0.8768640 0.05267399
6  1   E   E 0.8803840 0.06101062
7  2   D   D 0.8586233 0.06369705
8  2   D   M 0.8774323 0.03900865
9  2   D   E 0.8975347 0.04019040
10 2   E   D 0.8507587 0.05143242
11 2   E   M 0.8780197 0.05150189
12 2   E   E 0.8991780 0.04501511
13 3   D   D 0.8697317 0.03843009
14 3   D   M 0.8893390 0.02972717
15 3   D   E 0.8963833 0.05016584
16 3   E   D 0.8495557 0.04738642
17 3   E   M 0.8906443 0.04160419
18 3   E   E 0.9112637 0.03793929
[1] "Summary by group + IDR + IDL\n"
   grp IDL IDR     q1R.m      q1R.s
1    C   D   D 0.8542298 0.04565605
2    C   D   M 0.8763480 0.03331776
3    C   D   E 0.8907011 0.04088199
4    C   E   D 0.8432322 0.05212530
5    C   E   M 0.8696829 0.04633942
6    C   E   E 0.8844787 0.04681588
7    U   D   D 0.8589627 0.06511750
8    U   D   M 0.8858664 0.04045840
9    U   D   E 0.9052629 0.04447865
10   U   E   D 0.8574518 0.04915738
11   U   E   M 0.8940024 0.04845216
12   U   E   E 0.9094051 0.05057977
[1] "Summary by group + Session + IDR + IDL\n"
   grp S IDL IDR     q1R.m      q1R.s
1    C 1   D   D 0.8428893 0.05117357
2    C 1   D   M 0.8796833 0.03773487
3    C 1   D   E 0.8983287 0.04075807
4    C 1   E   D 0.8415393 0.05752811
5    C 1   E   M 0.8578407 0.04775658
6    C 1   E   E 0.8775553 0.06313436
7    C 2   D   D 0.8588327 0.04476729
8    C 2   D   M 0.8702680 0.03557907
9    C 2   D   E 0.8793987 0.03813420
10   C 2   E   D 0.8422067 0.05364037
11   C 2   E   M 0.8564167 0.05324875
12   C 2   E   E 0.8752333 0.04139398
13   C 3   D   D 0.8609673 0.04146363
14   C 3   D   M 0.8790927 0.02719215
15   C 3   D   E 0.8943760 0.04385956
16   C 3   E   D 0.8459507 0.04837770
17   C 3   E   M 0.8947913 0.02486732
18   C 3   E   E 0.9006473 0.02767379
19   U 1   D   D 0.8399780 0.07039674
20   U 1   D   M 0.8734173 0.04618146
21   U 1   D   E 0.9017273 0.03962391
22   U 1   E   D 0.8598840 0.05325569
23   U 1   E   M 0.8958873 0.05187599
24   U 1   E   E 0.8832127 0.06088822
25   U 2   D   D 0.8584140 0.08000144
26   U 2   D   M 0.8845967 0.04214479
27   U 2   D   E 0.9156707 0.03445111
28   U 2   E   D 0.8593107 0.04945226
29   U 2   E   M 0.8996227 0.04072925
30   U 2   E   E 0.9231227 0.03543158
31   U 3   D   D 0.8784960 0.03428412
32   U 3   D   M 0.8995853 0.02943036
33   U 3   D   E 0.8983907 0.05727727
34   U 3   E   D 0.8531607 0.04778164
35   U 3   E   M 0.8864973 0.05413149
36   U 3   E   E 0.9218800 0.04443243
