[1] "q3Rrel ~S*IDR*IDL*grp + Error(pp/(S*IDR*IDL))"
$ANOVA
          Effect DFn DFd            F          p p<.05          ges
2            grp   1   8 3.330707e+00 0.10543804       8.584980e-02
3              S   2  16 1.513533e+00 0.25002605       2.659229e-02
4          grp:S   2  16 1.626972e-01 0.85123684       2.928030e-03
5            IDR   2  16 3.456003e-02 0.96610225       9.755359e-04
6        grp:IDR   2  16 3.898705e-01 0.68340451       1.089571e-02
7            IDL   1   8 4.817934e-05 0.99463179       6.305737e-07
8        grp:IDL   1   8 3.387624e-01 0.57657457       4.414171e-03
9          S:IDR   4  32 1.291304e+00 0.29414709       2.545646e-02
10     grp:S:IDR   4  32 9.126249e-01 0.46847038       1.812659e-02
11         S:IDL   2  16 2.644099e-01 0.77094802       1.145663e-03
12     grp:S:IDL   2  16 4.098009e+00 0.03656022     * 1.746616e-02
13       IDR:IDL   2  16 1.367265e+00 0.28302018       5.200101e-03
14   grp:IDR:IDL   2  16 1.804196e+00 0.19652788       6.850489e-03
15     S:IDR:IDL   4  32 1.969630e+00 0.12296284       1.745939e-02
16 grp:S:IDR:IDL   4  32 1.277361e+00 0.29936551       1.139283e-02

$`Mauchly's Test for Sphericity`
          Effect         W         p p<.05
3              S 0.6125514 0.1798867      
4          grp:S 0.6125514 0.1798867      
5            IDR 0.9519995 0.8418379      
6        grp:IDR 0.9519995 0.8418379      
9          S:IDR 0.1768444 0.2854942      
10     grp:S:IDR 0.1768444 0.2854942      
11         S:IDL 0.5616524 0.1327813      
12     grp:S:IDL 0.5616524 0.1327813      
13       IDR:IDL 0.8992939 0.6896930      
14   grp:IDR:IDL 0.8992939 0.6896930      
15     S:IDR:IDL 0.1111011 0.1320103      
16 grp:S:IDR:IDL 0.1111011 0.1320103      

$`Sphericity Corrections`
          Effect       GGe      p[GG] p[GG]<.05       HFe      p[HF] p[HF]<.05
3              S 0.7207474 0.25470572           0.8365819 0.25326593          
4          grp:S 0.7207474 0.78234559           0.8365819 0.81484305          
5            IDR 0.9541980 0.96152794           1.2456131 0.96610225          
6        grp:IDR 0.9541980 0.67429000           1.2456131 0.68340451          
9          S:IDR 0.6286441 0.30188920           0.9402732 0.29574773          
10     grp:S:IDR 0.6286441 0.43759129           0.9402732 0.46449713          
11         S:IDL 0.6952423 0.69323589           0.7953957 0.72243238          
12     grp:S:IDL 0.6952423 0.05775657           0.7953957 0.04966258         *
13       IDR:IDL 0.9085078 0.28336413           1.1606967 0.28302018          
14   grp:IDR:IDL 0.9085078 0.20078294           1.1606967 0.19652788          
15     S:IDR:IDL 0.5109134 0.17068488           0.6880426 0.15166325          
16 grp:S:IDR:IDL 0.5109134 0.30584791           0.6880426 0.30549019          

