Post-hoc Tukey comparisons[1] "grp Tukey test"

	Pairwise comparisons using paired t tests 

data:  mdata$q3Rrel and mdata$grp 

  C      
U 4.6e-08

P value adjustment method: bonferroni 
[1] "S Tukey test"

	Pairwise comparisons using paired t tests 

data:  mdata$q3Rrel and mdata$S 

  1      2     
2 0.1120 -     
3 0.0023 0.3152

P value adjustment method: bonferroni 
[1] "IDR Tukey test"

	Pairwise comparisons using paired t tests 

data:  mdata$q3Rrel and mdata$IDR 

  D M
M 1 -
E 1 1

P value adjustment method: bonferroni 
[1] "IDL Tukey test"
