[1] "IDR Tukey test"

	 Simultaneous Tests for General Linear Hypotheses

Multiple Comparisons of Means: Tukey Contrasts


Fit: lmer(formula = get(vname) ~ (1 | pp) + (1 | pp/grp) + (1 | pp/S) + 
    (1 | pp/IDR) + (1 | pp/IDL) + (1 | pp/S:IDR:IDL) + grp * 
    S * IDR * IDL, data = mdata)

Linear Hypotheses:
           Estimate Std. Error z value Pr(>|z|)
M - D == 0  0.01178    0.02183   0.540    0.852
E - D == 0  0.02296    0.02183   1.052    0.544
E - M == 0  0.01117    0.02183   0.512    0.865
(Adjusted p values reported -- single-step method)

[1] "IDL Tukey test"

	 Simultaneous Tests for General Linear Hypotheses

Multiple Comparisons of Means: Tukey Contrasts


Fit: lmer(formula = get(vname) ~ (1 | pp) + (1 | pp/grp) + (1 | pp/S) + 
    (1 | pp/IDR) + (1 | pp/IDL) + (1 | pp/S:IDR:IDL) + grp * 
    S * IDR * IDL, data = mdata)

Linear Hypotheses:
            Estimate Std. Error z value Pr(>|z|)
E - D == 0 0.0006024  0.0169871   0.035    0.972
(Adjusted p values reported -- single-step method)

[1] "S Tukey test"

	 Simultaneous Tests for General Linear Hypotheses

Multiple Comparisons of Means: Tukey Contrasts


Fit: lmer(formula = get(vname) ~ (1 | pp) + (1 | pp/grp) + (1 | pp/S) + 
    (1 | pp/IDR) + (1 | pp/IDL) + (1 | pp/S:IDR:IDL) + grp * 
    S * IDR * IDL, data = mdata)

Linear Hypotheses:
           Estimate Std. Error z value Pr(>|z|)
2 - 1 == 0  0.01162    0.01842   0.631    0.803
3 - 1 == 0 -0.01062    0.01842  -0.576    0.833
3 - 2 == 0 -0.02224    0.01842  -1.207    0.449
(Adjusted p values reported -- single-step method)

[1] "grp Tukey test"

	 Simultaneous Tests for General Linear Hypotheses

Multiple Comparisons of Means: Tukey Contrasts


Fit: lmer(formula = get(vname) ~ (1 | pp) + (1 | pp/grp) + (1 | pp/S) + 
    (1 | pp/IDR) + (1 | pp/IDL) + (1 | pp/S:IDR:IDL) + grp * 
    S * IDR * IDL, data = mdata)

Linear Hypotheses:
           Estimate Std. Error z value Pr(>|z|)
U - C == 0 -0.03152    0.02420  -1.302    0.193
(Adjusted p values reported -- single-step method)

