                  Estimate MCMCmean HPD95lower HPD95upper pMCMC Pr(>|t|)
(Intercept)         0.9873   0.9876     0.9638     1.0127 0.001   0.0000
grp1                0.0185   0.0180    -0.0086     0.0413 0.150   0.0752
S1                  0.0127   0.0125    -0.0008     0.0264 0.078   0.1158
S2                 -0.0011  -0.0011    -0.0139     0.0138 0.874   0.8921
IDR1               -0.0004   0.0000    -0.0159     0.0154 0.980   0.9670
IDR2                0.0025   0.0024    -0.0118     0.0211 0.788   0.8052
IDL1                0.0000   0.0004    -0.0127     0.0118 0.932   0.9944
grp1:S1             0.0006   0.0006    -0.0127     0.0141 0.936   0.9429
grp1:S2             0.0037   0.0035    -0.0083     0.0180 0.622   0.6486
grp1:IDR1          -0.0057  -0.0061    -0.0222     0.0108 0.484   0.5725
grp1:IDR2          -0.0031  -0.0031    -0.0196     0.0137 0.702   0.7561
S1:IDR1            -0.0118  -0.0116    -0.0213    -0.0008 0.018   0.0799
S2:IDR1             0.0170   0.0167     0.0065     0.0261 0.002   0.0118
S1:IDR2            -0.0013  -0.0016    -0.0115     0.0083 0.758   0.8493
S2:IDR2            -0.0030  -0.0028    -0.0117     0.0087 0.562   0.6574
grp1:IDL1           0.0040   0.0041    -0.0074     0.0150 0.466   0.5570
S1:IDL1             0.0029   0.0027    -0.0052     0.0096 0.474   0.5448
S2:IDL1            -0.0015  -0.0012    -0.0079     0.0060 0.696   0.7499
IDR1:IDL1          -0.0060  -0.0061    -0.0141     0.0002 0.080   0.2095
IDR2:IDL1           0.0043   0.0044    -0.0032     0.0109 0.230   0.3700
grp1:S1:IDR1       -0.0119  -0.0118    -0.0214    -0.0015 0.020   0.0771
grp1:S2:IDR1       -0.0006  -0.0007    -0.0105     0.0089 0.910   0.9313
grp1:S1:IDR2       -0.0009  -0.0008    -0.0117     0.0089 0.902   0.8955
grp1:S2:IDR2        0.0018   0.0017    -0.0078     0.0116 0.718   0.7857
grp1:S1:IDL1       -0.0085  -0.0085    -0.0150    -0.0010 0.012   0.0753
grp1:S2:IDL1        0.0108   0.0108     0.0037     0.0174 0.001   0.0239
grp1:IDR1:IDL1     -0.0030  -0.0031    -0.0093     0.0040 0.394   0.5313
grp1:IDR2:IDL1     -0.0041  -0.0040    -0.0106     0.0030 0.264   0.3932
S1:IDR1:IDL1       -0.0157  -0.0157    -0.0251    -0.0057 0.001   0.0200
S2:IDR1:IDL1        0.0072   0.0072    -0.0016     0.0166 0.122   0.2845
S1:IDR2:IDL1        0.0054   0.0051    -0.0053     0.0145 0.308   0.4257
S2:IDR2:IDL1       -0.0036  -0.0035    -0.0131     0.0059 0.486   0.5954
grp1:S1:IDR1:IDL1   0.0107   0.0106     0.0004     0.0201 0.040   0.1130
grp1:S2:IDR1:IDL1  -0.0064  -0.0062    -0.0173     0.0032 0.224   0.3459
grp1:S1:IDR2:IDL1  -0.0100  -0.0099    -0.0200    -0.0003 0.052   0.1376
grp1:S2:IDR2:IDL1   0.0091   0.0089    -0.0014     0.0191 0.094   0.1777
NULL
       Length Class      Mode
fixed  6      data.frame list
random 7      data.frame list
Analysis of Variance Table
              Df    Sum Sq   Mean Sq F value
grp            1 0.0067181 0.0067181  3.1803
S              2 0.0064388 0.0032194  1.5241
IDR            2 0.0001476 0.0000738  0.0349
IDL            1 0.0000001 0.0000001  0.0000
grp:S          2 0.0006921 0.0003461  0.1638
grp:IDR        2 0.0016649 0.0008324  0.3941
S:IDR          4 0.0176840 0.0044210  2.0929
grp:IDL        1 0.0007297 0.0007297  0.3454
S:IDL          2 0.0007765 0.0003882  0.1838
IDR:IDL        2 0.0035388 0.0017694  0.8376
grp:S:IDR      4 0.0124981 0.0031245  1.4791
grp:S:IDL      2 0.0120346 0.0060173  2.8486
grp:IDR:IDL    2 0.0046697 0.0023349  1.1053
S:IDR:IDL      4 0.0120299 0.0030075  1.4237
grp:S:IDR:IDL  4 0.0078017 0.0019504  0.9233
Linear mixed model fit by REML 
Formula: get(vname) ~ (1 | pp) + (1 | pp/S) + (1 | pp/IDR) + (1 | pp/IDL) +      (1 | pp/S:IDR:IDL) + grp * S * IDR * IDL 
   Data: mdata 
   AIC    BIC logLik deviance REMLdev
 -1158 -961.1  625.2    -1552   -1250
Random effects:
 Groups       Name        Variance   Std.Dev.  
 S:IDR:IDL:pp (Intercept) 1.3408e-03 3.6616e-02
 IDR:pp       (Intercept) 1.1859e-03 3.4437e-02
 S:pp         (Intercept) 6.3823e-04 2.5263e-02
 IDL:pp       (Intercept) 7.0744e-04 2.6598e-02
 pp           (Intercept) 6.0176e-16 2.4531e-08
 pp           (Intercept) 1.5750e-14 1.2550e-07
 pp           (Intercept) 2.2563e-15 4.7500e-08
 pp           (Intercept) 0.0000e+00 0.0000e+00
 pp           (Intercept) 0.0000e+00 0.0000e+00
 Residual                 2.1124e-03 4.5961e-02
Number of obs: 540, groups: S:IDR:IDL:pp, 180; IDR:pp, 30; S:pp, 30; IDL:pp, 20; pp, 10

Fixed effects:
                    Estimate Std. Error t value
(Intercept)        9.873e-01  1.037e-02   95.21
grp1               1.849e-02  1.037e-02    1.78
S1                 1.273e-02  8.079e-03    1.58
S2                -1.097e-03  8.079e-03   -0.14
IDR1              -4.181e-04  1.009e-02   -0.04
IDR2               2.490e-03  1.009e-02    0.25
IDL1               4.792e-05  6.836e-03    0.01
grp1:S1            5.792e-04  8.079e-03    0.07
grp1:S2            3.684e-03  8.079e-03    0.46
grp1:IDR1         -5.698e-03  1.009e-02   -0.56
grp1:IDR2         -3.136e-03  1.009e-02   -0.31
S1:IDR1           -1.183e-02  6.741e-03   -1.75
S2:IDR1            1.703e-02  6.741e-03    2.53
S1:IDR2           -1.281e-03  6.741e-03   -0.19
S2:IDR2           -2.992e-03  6.741e-03   -0.44
grp1:IDL1          4.018e-03  6.836e-03    0.59
S1:IDL1            2.889e-03  4.767e-03    0.61
S2:IDL1           -1.520e-03  4.767e-03   -0.32
IDR1:IDL1         -5.989e-03  4.767e-03   -1.26
IDR2:IDL1          4.277e-03  4.767e-03    0.90
grp1:S1:IDR1      -1.194e-02  6.741e-03   -1.77
grp1:S2:IDR1      -5.814e-04  6.741e-03   -0.09
grp1:S1:IDR2      -8.859e-04  6.741e-03   -0.13
grp1:S2:IDR2       1.834e-03  6.741e-03    0.27
grp1:S1:IDL1      -8.494e-03  4.767e-03   -1.78
grp1:S2:IDL1       1.080e-02  4.767e-03    2.27
grp1:IDR1:IDL1    -2.986e-03  4.767e-03   -0.63
grp1:IDR2:IDL1    -4.073e-03  4.767e-03   -0.85
S1:IDR1:IDL1      -1.573e-02  6.741e-03   -2.33
S2:IDR1:IDL1       7.223e-03  6.741e-03    1.07
S1:IDR2:IDL1       5.374e-03  6.741e-03    0.80
S2:IDR2:IDL1      -3.582e-03  6.741e-03   -0.53
grp1:S1:IDR1:IDL1  1.070e-02  6.741e-03    1.59
grp1:S2:IDR1:IDL1 -6.360e-03  6.741e-03   -0.94
grp1:S1:IDR2:IDL1 -1.003e-02  6.741e-03   -1.49
grp1:S2:IDR2:IDL1  9.098e-03  6.741e-03    1.35

Correlation of Fixed Effects:
            (Intr) grp1   S1     S2     IDR1   IDR2   IDL1   gr1:S1 gr1:S2
grp1         0.000                                                        
S1           0.000  0.000                                                 
S2           0.000  0.000 -0.500                                          
IDR1         0.000  0.000  0.000  0.000                                   
IDR2         0.000  0.000  0.000  0.000 -0.500                            
IDL1         0.000  0.000  0.000  0.000  0.000  0.000                     
grp1:S1      0.000  0.000  0.000  0.000  0.000  0.000  0.000              
grp1:S2      0.000  0.000  0.000  0.000  0.000  0.000  0.000 -0.500       
grp1:IDR1    0.000  0.000  0.000  0.000  0.000  0.000  0.000  0.000  0.000
grp1:IDR2    0.000  0.000  0.000  0.000  0.000  0.000  0.000  0.000  0.000
S1:IDR1      0.000  0.000  0.000  0.000  0.000  0.000  0.000  0.000  0.000
S2:IDR1      0.000  0.000  0.000  0.000  0.000  0.000  0.000  0.000  0.000
S1:IDR2      0.000  0.000  0.000  0.000  0.000  0.000  0.000  0.000  0.000
S2:IDR2      0.000  0.000  0.000  0.000  0.000  0.000  0.000  0.000  0.000
grp1:IDL1    0.000  0.000  0.000  0.000  0.000  0.000  0.000  0.000  0.000
S1:IDL1      0.000  0.000  0.000  0.000  0.000  0.000  0.000  0.000  0.000
S2:IDL1      0.000  0.000  0.000  0.000  0.000  0.000  0.000  0.000  0.000
IDR1:IDL1    0.000  0.000  0.000  0.000  0.000  0.000  0.000  0.000  0.000
IDR2:IDL1    0.000  0.000  0.000  0.000  0.000  0.000  0.000  0.000  0.000
gr1:S1:IDR1  0.000  0.000  0.000  0.000  0.000  0.000  0.000  0.000  0.000
gr1:S2:IDR1  0.000  0.000  0.000  0.000  0.000  0.000  0.000  0.000  0.000
gr1:S1:IDR2  0.000  0.000  0.000  0.000  0.000  0.000  0.000  0.000  0.000
gr1:S2:IDR2  0.000  0.000  0.000  0.000  0.000  0.000  0.000  0.000  0.000
gr1:S1:IDL1  0.000  0.000  0.000  0.000  0.000  0.000  0.000  0.000  0.000
gr1:S2:IDL1  0.000  0.000  0.000  0.000  0.000  0.000  0.000  0.000  0.000
g1:IDR1:IDL  0.000  0.000  0.000  0.000  0.000  0.000  0.000  0.000  0.000
g1:IDR2:IDL  0.000  0.000  0.000  0.000  0.000  0.000  0.000  0.000  0.000
S1:IDR1:IDL  0.000  0.000  0.000  0.000  0.000  0.000  0.000  0.000  0.000
S2:IDR1:IDL  0.000  0.000  0.000  0.000  0.000  0.000  0.000  0.000  0.000
S1:IDR2:IDL  0.000  0.000  0.000  0.000  0.000  0.000  0.000  0.000  0.000
S2:IDR2:IDL  0.000  0.000  0.000  0.000  0.000  0.000  0.000  0.000  0.000
g1:S1:IDR1:  0.000  0.000  0.000  0.000  0.000  0.000  0.000  0.000  0.000
g1:S2:IDR1:  0.000  0.000  0.000  0.000  0.000  0.000  0.000  0.000  0.000
g1:S1:IDR2:  0.000  0.000  0.000  0.000  0.000  0.000  0.000  0.000  0.000
g1:S2:IDR2:  0.000  0.000  0.000  0.000  0.000  0.000  0.000  0.000  0.000
            gr1:IDR1 gr1:IDR2 S1:IDR1 S2:IDR1 S1:IDR2 S2:IDR2 g1:IDL S1:IDL
grp1                                                                       
S1                                                                         
S2                                                                         
IDR1                                                                       
IDR2                                                                       
IDL1                                                                       
grp1:S1                                                                    
grp1:S2                                                                    
grp1:IDR1                                                                  
grp1:IDR2   -0.500                                                         
S1:IDR1      0.000    0.000                                                
S2:IDR1      0.000    0.000   -0.500                                       
S1:IDR2      0.000    0.000   -0.500   0.250                               
S2:IDR2      0.000    0.000    0.250  -0.500  -0.500                       
grp1:IDL1    0.000    0.000    0.000   0.000   0.000   0.000               
S1:IDL1      0.000    0.000    0.000   0.000   0.000   0.000   0.000       
S2:IDL1      0.000    0.000    0.000   0.000   0.000   0.000   0.000 -0.500
IDR1:IDL1    0.000    0.000    0.000   0.000   0.000   0.000   0.000  0.000
IDR2:IDL1    0.000    0.000    0.000   0.000   0.000   0.000   0.000  0.000
gr1:S1:IDR1  0.000    0.000    0.000   0.000   0.000   0.000   0.000  0.000
gr1:S2:IDR1  0.000    0.000    0.000   0.000   0.000   0.000   0.000  0.000
gr1:S1:IDR2  0.000    0.000    0.000   0.000   0.000   0.000   0.000  0.000
gr1:S2:IDR2  0.000    0.000    0.000   0.000   0.000   0.000   0.000  0.000
gr1:S1:IDL1  0.000    0.000    0.000   0.000   0.000   0.000   0.000  0.000
gr1:S2:IDL1  0.000    0.000    0.000   0.000   0.000   0.000   0.000  0.000
g1:IDR1:IDL  0.000    0.000    0.000   0.000   0.000   0.000   0.000  0.000
g1:IDR2:IDL  0.000    0.000    0.000   0.000   0.000   0.000   0.000  0.000
S1:IDR1:IDL  0.000    0.000    0.000   0.000   0.000   0.000   0.000  0.000
S2:IDR1:IDL  0.000    0.000    0.000   0.000   0.000   0.000   0.000  0.000
S1:IDR2:IDL  0.000    0.000    0.000   0.000   0.000   0.000   0.000  0.000
S2:IDR2:IDL  0.000    0.000    0.000   0.000   0.000   0.000   0.000  0.000
g1:S1:IDR1:  0.000    0.000    0.000   0.000   0.000   0.000   0.000  0.000
g1:S2:IDR1:  0.000    0.000    0.000   0.000   0.000   0.000   0.000  0.000
g1:S1:IDR2:  0.000    0.000    0.000   0.000   0.000   0.000   0.000  0.000
g1:S2:IDR2:  0.000    0.000    0.000   0.000   0.000   0.000   0.000  0.000
            S2:IDL IDR1:I IDR2:I gr1:S1:IDR1 gr1:S2:IDR1 gr1:S1:IDR2
grp1                                                                
S1                                                                  
S2                                                                  
IDR1                                                                
IDR2                                                                
IDL1                                                                
grp1:S1                                                             
grp1:S2                                                             
grp1:IDR1                                                           
grp1:IDR2                                                           
S1:IDR1                                                             
S2:IDR1                                                             
S1:IDR2                                                             
S2:IDR2                                                             
grp1:IDL1                                                           
S1:IDL1                                                             
S2:IDL1                                                             
IDR1:IDL1    0.000                                                  
IDR2:IDL1    0.000 -0.500                                           
gr1:S1:IDR1  0.000  0.000  0.000                                    
gr1:S2:IDR1  0.000  0.000  0.000 -0.500                             
gr1:S1:IDR2  0.000  0.000  0.000 -0.500       0.250                 
gr1:S2:IDR2  0.000  0.000  0.000  0.250      -0.500      -0.500     
gr1:S1:IDL1  0.000  0.000  0.000  0.000       0.000       0.000     
gr1:S2:IDL1  0.000  0.000  0.000  0.000       0.000       0.000     
g1:IDR1:IDL  0.000  0.000  0.000  0.000       0.000       0.000     
g1:IDR2:IDL  0.000  0.000  0.000  0.000       0.000       0.000     
S1:IDR1:IDL  0.000  0.000  0.000  0.000       0.000       0.000     
S2:IDR1:IDL  0.000  0.000  0.000  0.000       0.000       0.000     
S1:IDR2:IDL  0.000  0.000  0.000  0.000       0.000       0.000     
S2:IDR2:IDL  0.000  0.000  0.000  0.000       0.000       0.000     
g1:S1:IDR1:  0.000  0.000  0.000  0.000       0.000       0.000     
g1:S2:IDR1:  0.000  0.000  0.000  0.000       0.000       0.000     
g1:S1:IDR2:  0.000  0.000  0.000  0.000       0.000       0.000     
g1:S2:IDR2:  0.000  0.000  0.000  0.000       0.000       0.000     
            gr1:S2:IDR2 g1:S1:IDL g1:S2:IDL g1:IDR1: g1:IDR2: S1:IDR1: S2:IDR1:
grp1                                                                           
S1                                                                             
S2                                                                             
IDR1                                                                           
IDR2                                                                           
IDL1                                                                           
grp1:S1                                                                        
grp1:S2                                                                        
grp1:IDR1                                                                      
grp1:IDR2                                                                      
S1:IDR1                                                                        
S2:IDR1                                                                        
S1:IDR2                                                                        
S2:IDR2                                                                        
grp1:IDL1                                                                      
S1:IDL1                                                                        
S2:IDL1                                                                        
IDR1:IDL1                                                                      
IDR2:IDL1                                                                      
gr1:S1:IDR1                                                                    
gr1:S2:IDR1                                                                    
gr1:S1:IDR2                                                                    
gr1:S2:IDR2                                                                    
gr1:S1:IDL1  0.000                                                             
gr1:S2:IDL1  0.000      -0.500                                                 
g1:IDR1:IDL  0.000       0.000     0.000                                       
g1:IDR2:IDL  0.000       0.000     0.000    -0.500                             
S1:IDR1:IDL  0.000       0.000     0.000     0.000    0.000                    
S2:IDR1:IDL  0.000       0.000     0.000     0.000    0.000   -0.500           
S1:IDR2:IDL  0.000       0.000     0.000     0.000    0.000   -0.500    0.250  
S2:IDR2:IDL  0.000       0.000     0.000     0.000    0.000    0.250   -0.500  
g1:S1:IDR1:  0.000       0.000     0.000     0.000    0.000    0.000    0.000  
g1:S2:IDR1:  0.000       0.000     0.000     0.000    0.000    0.000    0.000  
g1:S1:IDR2:  0.000       0.000     0.000     0.000    0.000    0.000    0.000  
g1:S2:IDR2:  0.000       0.000     0.000     0.000    0.000    0.000    0.000  
            S1:IDR2: S2:IDR2: g1:S1:IDR1: g1:S2:IDR1: g1:S1:IDR2:
grp1                                                             
S1                                                               
S2                                                               
IDR1                                                             
IDR2                                                             
IDL1                                                             
grp1:S1                                                          
grp1:S2                                                          
grp1:IDR1                                                        
grp1:IDR2                                                        
S1:IDR1                                                          
S2:IDR1                                                          
S1:IDR2                                                          
S2:IDR2                                                          
grp1:IDL1                                                        
S1:IDL1                                                          
S2:IDL1                                                          
IDR1:IDL1                                                        
IDR2:IDL1                                                        
gr1:S1:IDR1                                                      
gr1:S2:IDR1                                                      
gr1:S1:IDR2                                                      
gr1:S2:IDR2                                                      
gr1:S1:IDL1                                                      
gr1:S2:IDL1                                                      
g1:IDR1:IDL                                                      
g1:IDR2:IDL                                                      
S1:IDR1:IDL                                                      
S2:IDR1:IDL                                                      
S1:IDR2:IDL                                                      
S2:IDR2:IDL -0.500                                               
g1:S1:IDR1:  0.000    0.000                                      
g1:S2:IDR1:  0.000    0.000   -0.500                             
g1:S1:IDR2:  0.000    0.000   -0.500       0.250                 
g1:S2:IDR2:  0.000    0.000    0.250      -0.500      -0.500     
