[1] "q1Rrel ~S*IDR*IDL*grp + Error(pp/(S*IDR*IDL))"
$ANOVA
          Effect DFn DFd           F            p p<.05          ges
2            grp   1   8  5.91292815 4.109624e-02     * 0.1173618999
3              S   2  16  1.06091497 3.692695e-01       0.0337724716
5            IDR   2  16 54.28150551 7.410493e-08     * 0.4394295473
7            IDL   1   8  0.12694100 7.308387e-01       0.0007736463
4          grp:S   2  16  0.08797222 9.162262e-01       0.0028899577
6        grp:IDR   2  16  0.73538859 4.948369e-01       0.0105083898
8        grp:IDL   1   8  0.83607074 3.872516e-01       0.0050735354
9          S:IDR   4  32  0.39232940 8.125595e-01       0.0123309186
11         S:IDL   2  16  0.04403262 9.570383e-01       0.0001765548
13       IDR:IDL   2  16  0.31930340 7.311798e-01       0.0013426118
10     grp:S:IDR   4  32  3.09946244 2.900214e-02     * 0.0897774161
12     grp:S:IDL   2  16  1.60550183 2.315045e-01       0.0063974261
14   grp:IDR:IDL   2  16  0.05929843 9.426316e-01       0.0002496119
15     S:IDR:IDL   4  32  1.98893406 1.199262e-01       0.0175522951
16 grp:S:IDR:IDL   4  32  1.00202257 4.209156e-01       0.0089205179

$`Mauchly's Test for Sphericity`
          Effect         W           p p<.05
3              S 0.3926051 0.037918025     *
4          grp:S 0.3926051 0.037918025     *
5            IDR 0.2118031 0.004372836     *
6        grp:IDR 0.2118031 0.004372836     *
9          S:IDR 0.3470806 0.672439656      
10     grp:S:IDR 0.3470806 0.672439656      
11         S:IDL 0.8635803 0.598493653      
12     grp:S:IDL 0.8635803 0.598493653      
13       IDR:IDL 0.3654117 0.029494331     *
14   grp:IDR:IDL 0.3654117 0.029494331     *
15     S:IDR:IDL 0.4078532 0.774305981      
16 grp:S:IDR:IDL 0.4078532 0.774305981      

$`Sphericity Corrections`
          Effect       GGe        p[GG] p[GG]<.05       HFe        p[HF]
3              S 0.6221246 3.459439e-01           0.6807714 3.508571e-01
4          grp:S 0.6221246 8.252937e-01           0.6807714 8.448840e-01
5            IDR 0.5592225 3.417156e-05         * 0.5860598 2.344925e-05
6        grp:IDR 0.5592225 4.288256e-01           0.5860598 4.341566e-01
9          S:IDR 0.6848728 7.423968e-01           1.0766744 8.125595e-01
10     grp:S:IDR 0.6848728 5.153629e-02           1.0766744 2.900214e-02
11         S:IDL 0.8799566 9.416997e-01           1.1088963 9.570383e-01
12     grp:S:IDL 0.8799566 2.351217e-01           1.1088963 2.315045e-01
13       IDR:IDL 0.6117748 6.292945e-01           0.6649460 6.466468e-01
14   grp:IDR:IDL 0.6117748 8.587698e-01           0.6649460 8.757646e-01
15     S:IDR:IDL 0.6968608 1.478721e-01           1.1072775 1.199262e-01
16 grp:S:IDR:IDL 0.6968608 4.056264e-01           1.1072775 4.209156e-01
   p[HF]<.05
3           
4           
5          *
6           
9           
10         *
11          
12          
13          
14          
15          
16          

