[1] "Summary by group"
  grp  q1Rrel.m   q1Rrel.s
1   C 0.9921569 0.07276737
2   U 1.0262319 0.07544894
[1] "Summary by session\n"
  S  q1Rrel.m   q1Rrel.s
1 1 0.9973741 0.08221289
2 2 1.0182137 0.07529452
3 3 1.0119955 0.06877077
[1] "Summary by IDR+IDR\n"
  IDL IDR  q1Rrel.m   q1Rrel.s
1   D   D 0.9632185 0.06820436
2   D   M 1.0067916 0.05475727
3   D   E 1.0614734 0.06466701
4   E   D 0.9559182 0.05857749
5   E   M 1.0075619 0.06458722
6   E   E 1.0602030 0.07158885
[1] "Summary by group + Session\n"
  grp S  q1Rrel.m   q1Rrel.s
1   C 1 0.9817797 0.08872778
2   C 2 0.9976388 0.05961521
3   C 3 0.9970523 0.06643905
4   U 1 1.0129686 0.07231461
5   U 2 1.0387886 0.08361873
6   U 3 1.0269386 0.06816315
[1] "Summary by Session + IDR + IDL \n"
   S IDL IDR  q1Rrel.m   q1Rrel.s
1  1   D   D 0.9363467 0.06975350
2  1   D   M 0.9991175 0.06097947
3  1   D   E 1.0629357 0.06331842
4  1   E   D 0.9464626 0.06057940
5  1   E   M 0.9999883 0.07828177
6  1   E   E 1.0393938 0.08068770
7  2   D   D 0.9785057 0.07217013
8  2   D   M 1.0071040 0.05792299
9  2   D   E 1.0727256 0.06624370
10 2   E   D 0.9691610 0.05246629
11 2   E   M 1.0072402 0.06160742
12 2   E   E 1.0745459 0.06902034
13 3   D   D 0.9748031 0.05544961
14 3   D   M 1.0141534 0.04484645
15 3   D   E 1.0487591 0.06431175
16 3   E   D 0.9521309 0.06180036
17 3   E   M 1.0154573 0.05248597
18 3   E   E 1.0666692 0.06123728
[1] "Summary by group + IDR + IDL\n"
   grp IDL IDR  q1Rrel.m   q1Rrel.s
1    C   D   D 0.9555477 0.06272245
2    C   D   M 0.9903455 0.05436331
3    C   D   E 1.0444875 0.06410285
4    C   E   D 0.9431098 0.06676488
5    C   E   M 0.9824493 0.05952181
6    C   E   E 1.0370019 0.06771251
7    U   D   D 0.9708893 0.07317739
8    U   D   M 1.0232378 0.05055932
9    U   D   E 1.0784594 0.06131353
10   U   E   D 0.9687266 0.04634124
11   U   E   M 1.0326745 0.06004190
12   U   E   E 1.0834040 0.06841329
[1] "Summary by group + Session + IDR + IDL\n"
   grp S IDL IDR  q1Rrel.m   q1Rrel.s
1    C 1   D   D 0.9261771 0.06232494
2    C 1   D   M 0.9725375 0.04215255
3    C 1   D   E 1.0717695 0.07574950
4    C 1   E   D 0.9242768 0.06232147
5    C 1   E   M 0.9483767 0.05282151
6    C 1   E   E 1.0475403 0.10257629
7    C 2   D   D 0.9805756 0.04609451
8    C 2   D   M 0.9974109 0.06902754
9    C 2   D   E 1.0356462 0.04451691
10   C 2   E   D 0.9617692 0.06104049
11   C 2   E   M 0.9802067 0.06321346
12   C 2   E   E 1.0302245 0.03603391
13   C 3   D   D 0.9598905 0.06884502
14   C 3   D   M 1.0010880 0.04722032
15   C 3   D   E 1.0260467 0.06284290
16   C 3   E   D 0.9432833 0.07514282
17   C 3   E   M 1.0187646 0.04106523
18   C 3   E   E 1.0332410 0.04905354
19   U 1   D   D 0.9465163 0.07728277
20   U 1   D   M 1.0256976 0.06642163
21   U 1   D   E 1.0541019 0.04898583
22   U 1   E   D 0.9686485 0.05160578
23   U 1   E   M 1.0515998 0.06477375
24   U 1   E   E 1.0312473 0.05312191
25   U 2   D   D 0.9764358 0.09303337
26   U 2   D   M 1.0167971 0.04453828
27   U 2   D   E 1.1098049 0.06451335
28   U 2   E   D 0.9765529 0.04311635
29   U 2   E   M 1.0342737 0.04795923
30   U 2   E   E 1.1188672 0.06603065
31   U 3   D   D 0.9897157 0.03395234
32   U 3   D   M 1.0272188 0.03962967
33   U 3   D   E 1.0714714 0.05926892
34   U 3   E   D 0.9609785 0.04579506
35   U 3   E   M 1.0121500 0.06321813
36   U 3   E   E 1.1000974 0.05447101
