[1] "accTime ~(S*ID*grp)+Error(pp/(S*ID))+grp"
$ANOVA
    Effect DFn DFd            F            p p<.05          ges
2      grp   1   8 1.132147e-03 9.739827e-01       8.468219e-05
3        S   2  16 1.004752e+01 1.490663e-03     * 1.796956e-01
5       ID   1   8 1.653286e+02 1.264493e-06     * 7.408359e-01
4    grp:S   2  16 3.917002e-01 6.822134e-01       8.467676e-03
6   grp:ID   1   8 7.101555e-02 7.966038e-01       1.226365e-03
7     S:ID   2  16 2.021450e-03 9.979808e-01       2.244421e-05
8 grp:S:ID   2  16 5.307527e-01 5.981651e-01       5.858570e-03

$`Mauchly's Test for Sphericity`
    Effect         W         p p<.05
3        S 0.5962871 0.1637170      
4    grp:S 0.5962871 0.1637170      
7     S:ID 0.7958386 0.4496634      
8 grp:S:ID 0.7958386 0.4496634      

$`Sphericity Corrections`
    Effect       GGe       p[GG] p[GG]<.05       HFe      p[HF] p[HF]<.05
3        S 0.7123964 0.005178258         * 0.8230261 0.00319909         *
4    grp:S 0.7123964 0.616458747           0.8230261 0.64440620          
7     S:ID 0.8304535 0.994781656           1.0212946 0.99798085          
8 grp:S:ID 0.8304535 0.567837669           1.0212946 0.59816511          

