[1] "ID Tukey test"

	 Simultaneous Tests for General Linear Hypotheses

Multiple Comparisons of Means: Tukey Contrasts


Fit: lmer(formula = accTime ~ (1 | pp) + (1 | pp/S) + (1 | pp/ID) + 
    (1 | pp/S:ID) + grp * S * ID, data = mdata)

Linear Hypotheses:
           Estimate Std. Error z value Pr(>|z|)    
E - D == 0 -0.20714    0.01949  -10.63   <2e-16 ***
---
Signif. codes:  0 ‘***’ 0.001 ‘**’ 0.01 ‘*’ 0.05 ‘.’ 0.1 ‘ ’ 1 
(Adjusted p values reported -- single-step method)

[1] "S Tukey test"

	 Simultaneous Tests for General Linear Hypotheses

Multiple Comparisons of Means: Tukey Contrasts


Fit: lmer(formula = accTime ~ (1 | pp) + (1 | pp/S) + (1 | pp/ID) + 
    (1 | pp/S:ID) + grp * S * ID, data = mdata)

Linear Hypotheses:
             Estimate Std. Error z value Pr(>|z|)   
2 - 1 == 0 -0.0683042  0.0196958  -3.468  0.00152 **
3 - 1 == 0 -0.0684625  0.0196958  -3.476  0.00144 **
3 - 2 == 0 -0.0001583  0.0196958  -0.008  0.99996   
---
Signif. codes:  0 ‘***’ 0.001 ‘**’ 0.01 ‘*’ 0.05 ‘.’ 0.1 ‘ ’ 1 
(Adjusted p values reported -- single-step method)

[1] "grp Tukey test"

	 Simultaneous Tests for General Linear Hypotheses

Multiple Comparisons of Means: Tukey Contrasts


Fit: lmer(formula = accTime ~ (1 | pp) + (1 | pp/S) + (1 | pp/ID) + 
    (1 | pp/S:ID) + grp * S * ID, data = mdata)

Linear Hypotheses:
           Estimate Std. Error z value Pr(>|z|)
U - C == 0 0.007219   0.036126     0.2    0.842
(Adjusted p values reported -- single-step method)

