                  Estimate MCMCmean HPD95lower HPD95upper pMCMC Pr(>|t|)
(Intercept)         0.6975   0.6967     0.6083     0.7994 0.001   0.0000
grp1                0.0328   0.0350    -0.0699     0.1260 0.496   0.6604
S1                 -0.0435  -0.0442    -0.0810    -0.0032 0.022   0.1222
S2                  0.0120   0.0138    -0.0282     0.0529 0.484   0.6688
IDR1               -0.1545  -0.1546    -0.1889    -0.1244 0.001   0.0000
IDR2               -0.0286  -0.0284    -0.0620    -0.0002 0.070   0.1685
IDL1                0.0517   0.0508     0.0052     0.1000 0.050   0.3931
grp1:S1            -0.0400  -0.0415    -0.0820    -0.0062 0.032   0.1546
grp1:S2             0.0336   0.0345    -0.0051     0.0733 0.086   0.2311
grp1:IDR1          -0.0567  -0.0557    -0.0886    -0.0240 0.004   0.0065
grp1:IDR2          -0.0032  -0.0036    -0.0346     0.0277 0.818   0.8790
S1:IDR1             0.0023   0.0031    -0.0217     0.0283 0.798   0.9060
S2:IDR1            -0.0032  -0.0033    -0.0284     0.0187 0.810   0.8690
S1:IDR2            -0.0024  -0.0027    -0.0269     0.0215 0.870   0.9028
S2:IDR2             0.0179   0.0176    -0.0054     0.0458 0.176   0.3627
grp1:IDL1           0.0587   0.0573     0.0136     0.1008 0.016   0.3323
S1:IDL1            -0.0036  -0.0035    -0.0216     0.0145 0.700   0.7930
S2:IDL1             0.0253   0.0251     0.0086     0.0443 0.010   0.0688
IDR1:IDL1           0.0748   0.0747     0.0573     0.0924 0.001   0.0000
IDR2:IDL1           0.0357   0.0361     0.0193     0.0540 0.001   0.0104
grp1:S1:IDR1        0.0366   0.0370     0.0117     0.0612 0.002   0.0624
grp1:S2:IDR1       -0.0161  -0.0163    -0.0427     0.0086 0.196   0.4124
grp1:S1:IDR2        0.0072   0.0071    -0.0174     0.0327 0.594   0.7144
grp1:S2:IDR2       -0.0100  -0.0099    -0.0354     0.0130 0.424   0.6112
grp1:S1:IDL1       -0.0203  -0.0203    -0.0377    -0.0012 0.034   0.1437
grp1:S2:IDL1       -0.0158  -0.0158    -0.0330     0.0021 0.092   0.2561
grp1:IDR1:IDL1      0.0189   0.0190     0.0012     0.0350 0.020   0.1742
grp1:IDR2:IDL1      0.0028   0.0029    -0.0146     0.0219 0.756   0.8405
S1:IDR1:IDL1       -0.0301  -0.0299    -0.0531    -0.0057 0.006   0.1256
S2:IDR1:IDL1        0.0060   0.0054    -0.0174     0.0317 0.684   0.7598
S1:IDR2:IDL1       -0.0071  -0.0071    -0.0319     0.0160 0.594   0.7177
S2:IDR2:IDL1       -0.0063  -0.0062    -0.0311     0.0207 0.624   0.7491
grp1:S1:IDR1:IDL1  -0.0100  -0.0096    -0.0355     0.0141 0.440   0.6115
grp1:S2:IDR1:IDL1   0.0162   0.0161    -0.0099     0.0424 0.192   0.4100
grp1:S1:IDR2:IDL1   0.0012   0.0007    -0.0227     0.0281 0.966   0.9505
grp1:S2:IDR2:IDL1  -0.0083  -0.0076    -0.0326     0.0161 0.526   0.6740
NULL
       Length Class      Mode
fixed  6      data.frame list
random 7      data.frame list
Analysis of Variance Table
              Df  Sum Sq  Mean Sq F value
grp            1 0.00090 0.000898  0.1847
S              2 0.01243 0.006213  1.2784
IDR            2 0.43847 0.219237 45.1132
IDL            1 0.00355 0.003551  0.7307
grp:S          2 0.01141 0.005704  1.1736
grp:IDR        2 0.05123 0.025613  5.2704
S:IDR          4 0.00565 0.001413  0.2908
grp:IDL        1 0.00458 0.004577  0.9419
S:IDL          2 0.01889 0.009445  1.9436
IDR:IDL        2 0.32121 0.160605 33.0483
grp:S:IDR      4 0.02861 0.007151  1.4715
grp:S:IDL      2 0.03306 0.016529  3.4012
grp:IDR:IDL    2 0.01404 0.007020  1.4445
S:IDR:IDL      4 0.02570 0.006424  1.3219
grp:S:IDR:IDL  4 0.00370 0.000924  0.1902
Linear mixed model fit by REML 
Formula: get(vname) ~ (1 | pp) + (1 | pp/S) + (1 | pp/IDR) + (1 | pp/IDL) +      (1 | pp/S:IDR:IDL) + grp * S * IDR * IDL 
   Data: mdata 
    AIC    BIC logLik deviance REMLdev
 -524.1 -326.7  308.1   -833.6  -616.1
Random effects:
 Groups       Name        Variance  Std.Dev.
 S:IDR:IDL:pp (Intercept) 0.0156896 0.125258
 IDR:pp       (Intercept) 0.0035692 0.059743
 S:pp         (Intercept) 0.0089300 0.094498
 IDL:pp       (Intercept) 0.0713405 0.267096
 pp           (Intercept) 0.0029838 0.054624
 pp           (Intercept) 0.0029837 0.054623
 pp           (Intercept) 0.0029836 0.054623
 pp           (Intercept) 0.0029837 0.054623
 pp           (Intercept) 0.0029836 0.054623
 Residual                 0.0048597 0.069712
Number of obs: 540, groups: S:IDR:IDL:pp, 180; IDR:pp, 30; S:pp, 30; IDL:pp, 20; pp, 10

Fixed effects:
                   Estimate Std. Error t value
(Intercept)        0.697479   0.074641   9.344
grp1               0.032816   0.074641   0.440
S1                -0.043452   0.028065  -1.548
S2                 0.012014   0.028065   0.428
IDR1              -0.154526   0.020743  -7.450
IDR2              -0.028605   0.020743  -1.379
IDL1               0.051735   0.060524   0.855
grp1:S1           -0.040008   0.028065  -1.426
grp1:S2            0.033648   0.028065   1.199
grp1:IDR1         -0.056679   0.020743  -2.732
grp1:IDR2         -0.003160   0.020743  -0.152
S1:IDR1            0.002316   0.019613   0.118
S2:IDR1           -0.003237   0.019613  -0.165
S1:IDR2           -0.002397   0.019613  -0.122
S2:IDR2            0.017867   0.019613   0.911
grp1:IDL1          0.058738   0.060524   0.970
S1:IDL1           -0.003642   0.013868  -0.263
S2:IDL1            0.025289   0.013868   1.824
IDR1:IDL1          0.074787   0.013868   5.393
IDR2:IDL1          0.035677   0.013868   2.573
grp1:S1:IDR1       0.036626   0.019613   1.867
grp1:S2:IDR1      -0.016088   0.019613  -0.820
grp1:S1:IDR2       0.007182   0.019613   0.366
grp1:S2:IDR2      -0.009976   0.019613  -0.509
grp1:S1:IDL1      -0.020307   0.013868  -1.464
grp1:S2:IDL1      -0.015769   0.013868  -1.137
grp1:IDR1:IDL1     0.018873   0.013868   1.361
grp1:IDR2:IDL1     0.002793   0.013868   0.201
S1:IDR1:IDL1      -0.030088   0.019613  -1.534
S2:IDR1:IDL1       0.005999   0.019613   0.306
S1:IDR2:IDL1      -0.007096   0.019613  -0.362
S2:IDR2:IDL1      -0.006277   0.019613  -0.320
grp1:S1:IDR1:IDL1 -0.009967   0.019613  -0.508
grp1:S2:IDR1:IDL1  0.016173   0.019613   0.825
grp1:S1:IDR2:IDL1  0.001219   0.019613   0.062
grp1:S2:IDR2:IDL1 -0.008255   0.019613  -0.421

Correlation of Fixed Effects:
            (Intr) grp1   S1     S2     IDR1   IDR2   IDL1   gr1:S1 gr1:S2
grp1         0.000                                                        
S1           0.000  0.000                                                 
S2           0.000  0.000 -0.500                                          
IDR1         0.000  0.000  0.000  0.000                                   
IDR2         0.000  0.000  0.000  0.000 -0.500                            
IDL1         0.000  0.000  0.000  0.000  0.000  0.000                     
grp1:S1      0.000  0.000  0.000  0.000  0.000  0.000  0.000              
grp1:S2      0.000  0.000  0.000  0.000  0.000  0.000  0.000 -0.500       
grp1:IDR1    0.000  0.000  0.000  0.000  0.000  0.000  0.000  0.000  0.000
grp1:IDR2    0.000  0.000  0.000  0.000  0.000  0.000  0.000  0.000  0.000
S1:IDR1      0.000  0.000  0.000  0.000  0.000  0.000  0.000  0.000  0.000
S2:IDR1      0.000  0.000  0.000  0.000  0.000  0.000  0.000  0.000  0.000
S1:IDR2      0.000  0.000  0.000  0.000  0.000  0.000  0.000  0.000  0.000
S2:IDR2      0.000  0.000  0.000  0.000  0.000  0.000  0.000  0.000  0.000
grp1:IDL1    0.000  0.000  0.000  0.000  0.000  0.000  0.000  0.000  0.000
S1:IDL1      0.000  0.000  0.000  0.000  0.000  0.000  0.000  0.000  0.000
S2:IDL1      0.000  0.000  0.000  0.000  0.000  0.000  0.000  0.000  0.000
IDR1:IDL1    0.000  0.000  0.000  0.000  0.000  0.000  0.000  0.000  0.000
IDR2:IDL1    0.000  0.000  0.000  0.000  0.000  0.000  0.000  0.000  0.000
gr1:S1:IDR1  0.000  0.000  0.000  0.000  0.000  0.000  0.000  0.000  0.000
gr1:S2:IDR1  0.000  0.000  0.000  0.000  0.000  0.000  0.000  0.000  0.000
gr1:S1:IDR2  0.000  0.000  0.000  0.000  0.000  0.000  0.000  0.000  0.000
gr1:S2:IDR2  0.000  0.000  0.000  0.000  0.000  0.000  0.000  0.000  0.000
gr1:S1:IDL1  0.000  0.000  0.000  0.000  0.000  0.000  0.000  0.000  0.000
gr1:S2:IDL1  0.000  0.000  0.000  0.000  0.000  0.000  0.000  0.000  0.000
g1:IDR1:IDL  0.000  0.000  0.000  0.000  0.000  0.000  0.000  0.000  0.000
g1:IDR2:IDL  0.000  0.000  0.000  0.000  0.000  0.000  0.000  0.000  0.000
S1:IDR1:IDL  0.000  0.000  0.000  0.000  0.000  0.000  0.000  0.000  0.000
S2:IDR1:IDL  0.000  0.000  0.000  0.000  0.000  0.000  0.000  0.000  0.000
S1:IDR2:IDL  0.000  0.000  0.000  0.000  0.000  0.000  0.000  0.000  0.000
S2:IDR2:IDL  0.000  0.000  0.000  0.000  0.000  0.000  0.000  0.000  0.000
g1:S1:IDR1:  0.000  0.000  0.000  0.000  0.000  0.000  0.000  0.000  0.000
g1:S2:IDR1:  0.000  0.000  0.000  0.000  0.000  0.000  0.000  0.000  0.000
g1:S1:IDR2:  0.000  0.000  0.000  0.000  0.000  0.000  0.000  0.000  0.000
g1:S2:IDR2:  0.000  0.000  0.000  0.000  0.000  0.000  0.000  0.000  0.000
            gr1:IDR1 gr1:IDR2 S1:IDR1 S2:IDR1 S1:IDR2 S2:IDR2 g1:IDL S1:IDL
grp1                                                                       
S1                                                                         
S2                                                                         
IDR1                                                                       
IDR2                                                                       
IDL1                                                                       
grp1:S1                                                                    
grp1:S2                                                                    
grp1:IDR1                                                                  
grp1:IDR2   -0.500                                                         
S1:IDR1      0.000    0.000                                                
S2:IDR1      0.000    0.000   -0.500                                       
S1:IDR2      0.000    0.000   -0.500   0.250                               
S2:IDR2      0.000    0.000    0.250  -0.500  -0.500                       
grp1:IDL1    0.000    0.000    0.000   0.000   0.000   0.000               
S1:IDL1      0.000    0.000    0.000   0.000   0.000   0.000   0.000       
S2:IDL1      0.000    0.000    0.000   0.000   0.000   0.000   0.000 -0.500
IDR1:IDL1    0.000    0.000    0.000   0.000   0.000   0.000   0.000  0.000
IDR2:IDL1    0.000    0.000    0.000   0.000   0.000   0.000   0.000  0.000
gr1:S1:IDR1  0.000    0.000    0.000   0.000   0.000   0.000   0.000  0.000
gr1:S2:IDR1  0.000    0.000    0.000   0.000   0.000   0.000   0.000  0.000
gr1:S1:IDR2  0.000    0.000    0.000   0.000   0.000   0.000   0.000  0.000
gr1:S2:IDR2  0.000    0.000    0.000   0.000   0.000   0.000   0.000  0.000
gr1:S1:IDL1  0.000    0.000    0.000   0.000   0.000   0.000   0.000  0.000
gr1:S2:IDL1  0.000    0.000    0.000   0.000   0.000   0.000   0.000  0.000
g1:IDR1:IDL  0.000    0.000    0.000   0.000   0.000   0.000   0.000  0.000
g1:IDR2:IDL  0.000    0.000    0.000   0.000   0.000   0.000   0.000  0.000
S1:IDR1:IDL  0.000    0.000    0.000   0.000   0.000   0.000   0.000  0.000
S2:IDR1:IDL  0.000    0.000    0.000   0.000   0.000   0.000   0.000  0.000
S1:IDR2:IDL  0.000    0.000    0.000   0.000   0.000   0.000   0.000  0.000
S2:IDR2:IDL  0.000    0.000    0.000   0.000   0.000   0.000   0.000  0.000
g1:S1:IDR1:  0.000    0.000    0.000   0.000   0.000   0.000   0.000  0.000
g1:S2:IDR1:  0.000    0.000    0.000   0.000   0.000   0.000   0.000  0.000
g1:S1:IDR2:  0.000    0.000    0.000   0.000   0.000   0.000   0.000  0.000
g1:S2:IDR2:  0.000    0.000    0.000   0.000   0.000   0.000   0.000  0.000
            S2:IDL IDR1:I IDR2:I gr1:S1:IDR1 gr1:S2:IDR1 gr1:S1:IDR2
grp1                                                                
S1                                                                  
S2                                                                  
IDR1                                                                
IDR2                                                                
IDL1                                                                
grp1:S1                                                             
grp1:S2                                                             
grp1:IDR1                                                           
grp1:IDR2                                                           
S1:IDR1                                                             
S2:IDR1                                                             
S1:IDR2                                                             
S2:IDR2                                                             
grp1:IDL1                                                           
S1:IDL1                                                             
S2:IDL1                                                             
IDR1:IDL1    0.000                                                  
IDR2:IDL1    0.000 -0.500                                           
gr1:S1:IDR1  0.000  0.000  0.000                                    
gr1:S2:IDR1  0.000  0.000  0.000 -0.500                             
gr1:S1:IDR2  0.000  0.000  0.000 -0.500       0.250                 
gr1:S2:IDR2  0.000  0.000  0.000  0.250      -0.500      -0.500     
gr1:S1:IDL1  0.000  0.000  0.000  0.000       0.000       0.000     
gr1:S2:IDL1  0.000  0.000  0.000  0.000       0.000       0.000     
g1:IDR1:IDL  0.000  0.000  0.000  0.000       0.000       0.000     
g1:IDR2:IDL  0.000  0.000  0.000  0.000       0.000       0.000     
S1:IDR1:IDL  0.000  0.000  0.000  0.000       0.000       0.000     
S2:IDR1:IDL  0.000  0.000  0.000  0.000       0.000       0.000     
S1:IDR2:IDL  0.000  0.000  0.000  0.000       0.000       0.000     
S2:IDR2:IDL  0.000  0.000  0.000  0.000       0.000       0.000     
g1:S1:IDR1:  0.000  0.000  0.000  0.000       0.000       0.000     
g1:S2:IDR1:  0.000  0.000  0.000  0.000       0.000       0.000     
g1:S1:IDR2:  0.000  0.000  0.000  0.000       0.000       0.000     
g1:S2:IDR2:  0.000  0.000  0.000  0.000       0.000       0.000     
            gr1:S2:IDR2 g1:S1:IDL g1:S2:IDL g1:IDR1: g1:IDR2: S1:IDR1: S2:IDR1:
grp1                                                                           
S1                                                                             
S2                                                                             
IDR1                                                                           
IDR2                                                                           
IDL1                                                                           
grp1:S1                                                                        
grp1:S2                                                                        
grp1:IDR1                                                                      
grp1:IDR2                                                                      
S1:IDR1                                                                        
S2:IDR1                                                                        
S1:IDR2                                                                        
S2:IDR2                                                                        
grp1:IDL1                                                                      
S1:IDL1                                                                        
S2:IDL1                                                                        
IDR1:IDL1                                                                      
IDR2:IDL1                                                                      
gr1:S1:IDR1                                                                    
gr1:S2:IDR1                                                                    
gr1:S1:IDR2                                                                    
gr1:S2:IDR2                                                                    
gr1:S1:IDL1  0.000                                                             
gr1:S2:IDL1  0.000      -0.500                                                 
g1:IDR1:IDL  0.000       0.000     0.000                                       
g1:IDR2:IDL  0.000       0.000     0.000    -0.500                             
S1:IDR1:IDL  0.000       0.000     0.000     0.000    0.000                    
S2:IDR1:IDL  0.000       0.000     0.000     0.000    0.000   -0.500           
S1:IDR2:IDL  0.000       0.000     0.000     0.000    0.000   -0.500    0.250  
S2:IDR2:IDL  0.000       0.000     0.000     0.000    0.000    0.250   -0.500  
g1:S1:IDR1:  0.000       0.000     0.000     0.000    0.000    0.000    0.000  
g1:S2:IDR1:  0.000       0.000     0.000     0.000    0.000    0.000    0.000  
g1:S1:IDR2:  0.000       0.000     0.000     0.000    0.000    0.000    0.000  
g1:S2:IDR2:  0.000       0.000     0.000     0.000    0.000    0.000    0.000  
            S1:IDR2: S2:IDR2: g1:S1:IDR1: g1:S2:IDR1: g1:S1:IDR2:
grp1                                                             
S1                                                               
S2                                                               
IDR1                                                             
IDR2                                                             
IDL1                                                             
grp1:S1                                                          
grp1:S2                                                          
grp1:IDR1                                                        
grp1:IDR2                                                        
S1:IDR1                                                          
S2:IDR1                                                          
S1:IDR2                                                          
S2:IDR2                                                          
grp1:IDL1                                                        
S1:IDL1                                                          
S2:IDL1                                                          
IDR1:IDL1                                                        
IDR2:IDL1                                                        
gr1:S1:IDR1                                                      
gr1:S2:IDR1                                                      
gr1:S1:IDR2                                                      
gr1:S2:IDR2                                                      
gr1:S1:IDL1                                                      
gr1:S2:IDL1                                                      
g1:IDR1:IDL                                                      
g1:IDR2:IDL                                                      
S1:IDR1:IDL                                                      
S2:IDR1:IDL                                                      
S1:IDR2:IDL                                                      
S2:IDR2:IDL -0.500                                               
g1:S1:IDR1:  0.000    0.000                                      
g1:S2:IDR1:  0.000    0.000   -0.500                             
g1:S1:IDR2:  0.000    0.000   -0.500       0.250                 
g1:S2:IDR2:  0.000    0.000    0.250      -0.500      -0.500     
