[1] "Summary by group"
  grp  q2Lrel.m  q2Lrel.s
1   C 0.9272738 0.1171162
2   U 0.9651745 0.1300208
[1] "Summary by session\n"
  S  q2Lrel.m  q2Lrel.s
1 1 0.9352592 0.1362697
2 2 0.9542882 0.1257231
3 3 0.9491249 0.1119411
[1] "Summary by IDR+IDR\n"
  IDL IDR  q2Lrel.m   q2Lrel.s
1   D   D 0.9520205 0.12146414
2   D   M 0.9663377 0.14943261
3   D   E 0.9892249 0.13059590
4   E   D 0.8401262 0.08241606
5   E   M 0.9262360 0.08347966
6   E   E 1.0033995 0.09708605
[1] "Summary by group + Session\n"
  grp S  q2Lrel.m  q2Lrel.s
1   C 1 0.9053783 0.1156110
2   C 2 0.9236447 0.1162852
3   C 3 0.9527983 0.1158092
4   U 1 0.9651401 0.1489154
5   U 2 0.9849318 0.1279407
6   U 3 0.9454516 0.1084591
[1] "Summary by Session + IDR + IDL \n"
   S IDL IDR  q2Lrel.m   q2Lrel.s
1  1   D   D 0.9257566 0.13124400
2  1   D   M 0.9673804 0.16086883
3  1   D   E 1.0006375 0.13274777
4  1   E   D 0.8208692 0.08812425
5  1   E   M 0.8965387 0.09807848
6  1   E   E 1.0003730 0.10701150
7  2   D   D 0.9678567 0.12755119
8  2   D   M 0.9894849 0.13220522
9  2   D   E 0.9848858 0.13445410
10 2   E   D 0.8360651 0.08570017
11 2   E   M 0.9362157 0.08128086
12 2   E   E 1.0112211 0.10581311
13 3   D   D 0.9624481 0.10343264
14 3   D   M 0.9421479 0.15496000
15 3   D   E 0.9821513 0.12820390
16 3   E   D 0.8634441 0.06908043
17 3   E   M 0.9459537 0.06118529
18 3   E   E 0.9986045 0.07863033
[1] "Summary by group + IDR + IDL\n"
   grp IDL IDR  q2Lrel.m   q2Lrel.s
1    C   D   D 0.9185031 0.09312840
2    C   D   M 0.9488377 0.11618738
3    C   D   E 0.9730798 0.11215900
4    C   E   D 0.8162855 0.09076561
5    C   E   M 0.9206929 0.09680417
6    C   E   E 0.9862436 0.11222812
7    U   D   D 0.9855378 0.13737392
8    U   D   M 0.9838377 0.17618679
9    U   D   E 1.0053699 0.14623741
10   U   E   D 0.8639668 0.06586502
11   U   E   M 0.9317792 0.06828026
12   U   E   E 1.0205554 0.07660576
[1] "Summary by group + Session + IDR + IDL\n"
   grp S IDL IDR  q2Lrel.m   q2Lrel.s
1    C 1   D   D 0.9036668 0.07624035
2    C 1   D   M 0.9193764 0.10025168
3    C 1   D   E 0.9578574 0.07664520
4    C 1   E   D 0.8016249 0.09955385
5    C 1   E   M 0.8734824 0.12411800
6    C 1   E   E 0.9762621 0.12939977
7    C 2   D   D 0.9019561 0.08005971
8    C 2   D   M 0.9465477 0.10104799
9    C 2   D   E 0.9682736 0.10200328
10   C 2   E   D 0.7928632 0.08796162
11   C 2   E   M 0.9240462 0.07845706
12   C 2   E   E 1.0081814 0.12594644
13   C 3   D   D 0.9498865 0.11597874
14   C 3   D   M 0.9805891 0.14195134
15   C 3   D   E 0.9931083 0.15018003
16   C 3   E   D 0.8543684 0.07662837
17   C 3   E   M 0.9645499 0.05856765
18   C 3   E   E 0.9742874 0.07875534
19   U 1   D   D 0.9478464 0.16977077
20   U 1   D   M 1.0153843 0.19651384
21   U 1   D   E 1.0434175 0.16342110
22   U 1   E   D 0.8401135 0.07336150
23   U 1   E   M 0.9195949 0.05815048
24   U 1   E   E 1.0244838 0.07570249
25   U 2   D   D 1.0337574 0.13410795
26   U 2   D   M 1.0324222 0.14847085
27   U 2   D   E 1.0014981 0.16263783
28   U 2   E   D 0.8792671 0.05896567
29   U 2   E   M 0.9483851 0.08492464
30   U 2   E   E 1.0142608 0.08550011
31   U 3   D   D 0.9750097 0.09149638
32   U 3   D   M 0.9037067 0.16255353
33   U 3   D   E 0.9711942 0.10599619
34   U 3   E   D 0.8725198 0.06194082
35   U 3   E   M 0.9273575 0.05986212
36   U 3   E   E 1.0229216 0.07305859
