                  Estimate MCMCmean HPD95lower HPD95upper pMCMC Pr(>|t|)
(Intercept)         2.1405   2.1327     1.7678     2.4991 0.001   0.0000
grp1               -0.1522  -0.1414    -0.5093     0.2044 0.440   0.5631
S1                 -0.0243  -0.0224    -0.1729     0.1431 0.794   0.8423
S2                  0.1426   0.1433    -0.0216     0.3242 0.082   0.2429
IDR1                0.8468   0.8470     0.6982     1.0077 0.001   0.0000
IDR2               -0.1063  -0.1087    -0.2629     0.0339 0.170   0.2962
IDL1               -0.7402  -0.7343    -0.9446    -0.5614 0.001   0.0025
grp1:S1             0.1635   0.1631     0.0079     0.3381 0.052   0.1808
grp1:S2            -0.1595  -0.1613    -0.3575     0.0003 0.062   0.1918
grp1:IDR1           0.0815   0.0806    -0.0648     0.2447 0.284   0.4232
grp1:IDR2          -0.0631  -0.0656    -0.2235     0.0934 0.414   0.5350
S1:IDR1            -0.0669  -0.0656    -0.1905     0.0481 0.304   0.5046
S2:IDR1             0.2144   0.2135     0.0952     0.3334 0.002   0.0328
S1:IDR2             0.0508   0.0474    -0.0658     0.1685 0.464   0.6127
S2:IDR2            -0.1186  -0.1157    -0.2394     0.0018 0.056   0.2372
grp1:IDL1          -0.0165  -0.0189    -0.2060     0.1836 0.852   0.9460
S1:IDL1             0.0903   0.0924     0.0134     0.1871 0.042   0.2033
S2:IDL1            -0.2110  -0.2121    -0.2982    -0.1289 0.001   0.0030
IDR1:IDL1          -0.7176  -0.7188    -0.8127    -0.6396 0.001   0.0000
IDR2:IDL1           0.1059   0.1076     0.0200     0.1864 0.006   0.1357
grp1:S1:IDR1       -0.1123  -0.1114    -0.2208    -0.0008 0.050   0.2630
grp1:S2:IDR1       -0.0490  -0.0495    -0.1619     0.0590 0.386   0.6254
grp1:S1:IDR2        0.0509   0.0507    -0.0699     0.1553 0.404   0.6119
grp1:S2:IDR2        0.0320   0.0342    -0.0802     0.1566 0.582   0.7495
grp1:S1:IDL1       -0.0459  -0.0445    -0.1209     0.0412 0.300   0.5172
grp1:S2:IDL1        0.1430   0.1432     0.0569     0.2206 0.002   0.0440
grp1:IDR1:IDL1     -0.0297  -0.0305    -0.1124     0.0490 0.466   0.6748
grp1:IDR2:IDL1      0.0401   0.0400    -0.0434     0.1271 0.342   0.5718
S1:IDR1:IDL1        0.1615   0.1620     0.0511     0.2876 0.010   0.1077
S2:IDR1:IDL1       -0.2353  -0.2374    -0.3687    -0.1365 0.001   0.0193
S1:IDR2:IDL1       -0.0536  -0.0553    -0.1585     0.0703 0.348   0.5926
S2:IDR2:IDL1        0.0867   0.0900    -0.0228     0.2031 0.142   0.3871
grp1:S1:IDR1:IDL1   0.0842   0.0858    -0.0263     0.2054 0.166   0.4013
grp1:S2:IDR1:IDL1   0.0225   0.0200    -0.0963     0.1414 0.744   0.8222
grp1:S1:IDR2:IDL1  -0.0623  -0.0604    -0.1671     0.0626 0.320   0.5343
grp1:S2:IDR2:IDL1   0.0193   0.0180    -0.0969     0.1422 0.746   0.8472
NULL
       Length Class      Mode
fixed  6      data.frame list
random 7      data.frame list
Analysis of Variance Table
              Df Sum Sq Mean Sq F value
grp            1 0.0258  0.0258  0.3291
S              2 0.1225  0.0612  0.7825
IDR            2 6.4463  3.2231 41.1807
IDL            1 0.7243  0.7243  9.2539
grp:S          2 0.1829  0.0915  1.1685
grp:IDR        2 0.0553  0.0277  0.3536
S:IDR          4 0.3785  0.0946  1.2091
grp:IDL        1 0.0004  0.0004  0.0046
S:IDL          2 0.6986  0.3493  4.4630
IDR:IDL        2 9.3573  4.6786 59.7771
grp:S:IDR      4 0.2137  0.0534  0.6826
grp:S:IDL      2 0.3326  0.1663  2.1248
grp:IDR:IDL    2 0.0270  0.0135  0.1725
S:IDR:IDL      4 0.4633  0.1158  1.4798
grp:S:IDR:IDL  4 0.1087  0.0272  0.3471
Linear mixed model fit by REML 
Formula: get(vname) ~ (1 | pp) + (1 | pp/S) + (1 | pp/IDR) + (1 | pp/IDL) +      (1 | pp/S:IDR:IDL) + grp * S * IDR * IDL 
   Data: mdata 
   AIC  BIC logLik deviance REMLdev
 929.8 1127 -418.9    733.7   837.8
Random effects:
 Groups       Name        Variance  Std.Dev.
 S:IDR:IDL:pp (Intercept) 0.4257404 0.652488
 IDR:pp       (Intercept) 0.0796933 0.282300
 S:pp         (Intercept) 0.1479614 0.384658
 IDL:pp       (Intercept) 1.1339573 1.064874
 pp           (Intercept) 0.0047362 0.068820
 pp           (Intercept) 0.0047364 0.068822
 pp           (Intercept) 0.0047368 0.068824
 pp           (Intercept) 0.0047365 0.068822
 pp           (Intercept) 0.0047367 0.068824
 Residual                 0.0782682 0.279764
Number of obs: 540, groups: S:IDR:IDL:pp, 180; IDR:pp, 30; S:pp, 30; IDL:pp, 20; pp, 10

Fixed effects:
                  Estimate Std. Error t value
(Intercept)        2.14052    0.26299   8.139
grp1              -0.15217    0.26299  -0.579
S1                -0.02429    0.12200  -0.199
S2                 0.14263    0.12200   1.169
IDR1               0.84676    0.10165   8.330
IDR2              -0.10630    0.10165  -1.046
IDL1              -0.74021    0.24333  -3.042
grp1:S1            0.16349    0.12200   1.340
grp1:S2           -0.15947    0.12200  -1.307
grp1:IDR1          0.08148    0.10165   0.802
grp1:IDR2         -0.06311    0.10165  -0.621
S1:IDR1           -0.06692    0.10020  -0.668
S2:IDR1            0.21443    0.10020   2.140
S1:IDR2            0.05075    0.10020   0.507
S2:IDR2           -0.11858    0.10020  -1.183
grp1:IDL1         -0.01648    0.24333  -0.068
S1:IDL1            0.09026    0.07085   1.274
S2:IDL1           -0.21096    0.07085  -2.977
IDR1:IDL1         -0.71757    0.07085 -10.127
IDR2:IDL1          0.10587    0.07085   1.494
grp1:S1:IDR1      -0.11229    0.10020  -1.121
grp1:S2:IDR1      -0.04895    0.10020  -0.489
grp1:S1:IDR2       0.05087    0.10020   0.508
grp1:S2:IDR2       0.03201    0.10020   0.319
grp1:S1:IDL1      -0.04592    0.07085  -0.648
grp1:S2:IDL1       0.14304    0.07085   2.019
grp1:IDR1:IDL1    -0.02974    0.07085  -0.420
grp1:IDR2:IDL1     0.04008    0.07085   0.566
S1:IDR1:IDL1       0.16148    0.10020   1.612
S2:IDR1:IDL1      -0.23528    0.10020  -2.348
S1:IDR2:IDL1      -0.05365    0.10020  -0.535
S2:IDR2:IDL1       0.08674    0.10020   0.866
grp1:S1:IDR1:IDL1  0.08416    0.10020   0.840
grp1:S2:IDR1:IDL1  0.02253    0.10020   0.225
grp1:S1:IDR2:IDL1 -0.06232    0.10020  -0.622
grp1:S2:IDR2:IDL1  0.01932    0.10020   0.193

Correlation of Fixed Effects:
            (Intr) grp1   S1     S2     IDR1   IDR2   IDL1   gr1:S1 gr1:S2
grp1         0.000                                                        
S1           0.000  0.000                                                 
S2           0.000  0.000 -0.500                                          
IDR1         0.000  0.000  0.000  0.000                                   
IDR2         0.000  0.000  0.000  0.000 -0.500                            
IDL1         0.000  0.000  0.000  0.000  0.000  0.000                     
grp1:S1      0.000  0.000  0.000  0.000  0.000  0.000  0.000              
grp1:S2      0.000  0.000  0.000  0.000  0.000  0.000  0.000 -0.500       
grp1:IDR1    0.000  0.000  0.000  0.000  0.000  0.000  0.000  0.000  0.000
grp1:IDR2    0.000  0.000  0.000  0.000  0.000  0.000  0.000  0.000  0.000
S1:IDR1      0.000  0.000  0.000  0.000  0.000  0.000  0.000  0.000  0.000
S2:IDR1      0.000  0.000  0.000  0.000  0.000  0.000  0.000  0.000  0.000
S1:IDR2      0.000  0.000  0.000  0.000  0.000  0.000  0.000  0.000  0.000
S2:IDR2      0.000  0.000  0.000  0.000  0.000  0.000  0.000  0.000  0.000
grp1:IDL1    0.000  0.000  0.000  0.000  0.000  0.000  0.000  0.000  0.000
S1:IDL1      0.000  0.000  0.000  0.000  0.000  0.000  0.000  0.000  0.000
S2:IDL1      0.000  0.000  0.000  0.000  0.000  0.000  0.000  0.000  0.000
IDR1:IDL1    0.000  0.000  0.000  0.000  0.000  0.000  0.000  0.000  0.000
IDR2:IDL1    0.000  0.000  0.000  0.000  0.000  0.000  0.000  0.000  0.000
gr1:S1:IDR1  0.000  0.000  0.000  0.000  0.000  0.000  0.000  0.000  0.000
gr1:S2:IDR1  0.000  0.000  0.000  0.000  0.000  0.000  0.000  0.000  0.000
gr1:S1:IDR2  0.000  0.000  0.000  0.000  0.000  0.000  0.000  0.000  0.000
gr1:S2:IDR2  0.000  0.000  0.000  0.000  0.000  0.000  0.000  0.000  0.000
gr1:S1:IDL1  0.000  0.000  0.000  0.000  0.000  0.000  0.000  0.000  0.000
gr1:S2:IDL1  0.000  0.000  0.000  0.000  0.000  0.000  0.000  0.000  0.000
g1:IDR1:IDL  0.000  0.000  0.000  0.000  0.000  0.000  0.000  0.000  0.000
g1:IDR2:IDL  0.000  0.000  0.000  0.000  0.000  0.000  0.000  0.000  0.000
S1:IDR1:IDL  0.000  0.000  0.000  0.000  0.000  0.000  0.000  0.000  0.000
S2:IDR1:IDL  0.000  0.000  0.000  0.000  0.000  0.000  0.000  0.000  0.000
S1:IDR2:IDL  0.000  0.000  0.000  0.000  0.000  0.000  0.000  0.000  0.000
S2:IDR2:IDL  0.000  0.000  0.000  0.000  0.000  0.000  0.000  0.000  0.000
g1:S1:IDR1:  0.000  0.000  0.000  0.000  0.000  0.000  0.000  0.000  0.000
g1:S2:IDR1:  0.000  0.000  0.000  0.000  0.000  0.000  0.000  0.000  0.000
g1:S1:IDR2:  0.000  0.000  0.000  0.000  0.000  0.000  0.000  0.000  0.000
g1:S2:IDR2:  0.000  0.000  0.000  0.000  0.000  0.000  0.000  0.000  0.000
            gr1:IDR1 gr1:IDR2 S1:IDR1 S2:IDR1 S1:IDR2 S2:IDR2 g1:IDL S1:IDL
grp1                                                                       
S1                                                                         
S2                                                                         
IDR1                                                                       
IDR2                                                                       
IDL1                                                                       
grp1:S1                                                                    
grp1:S2                                                                    
grp1:IDR1                                                                  
grp1:IDR2   -0.500                                                         
S1:IDR1      0.000    0.000                                                
S2:IDR1      0.000    0.000   -0.500                                       
S1:IDR2      0.000    0.000   -0.500   0.250                               
S2:IDR2      0.000    0.000    0.250  -0.500  -0.500                       
grp1:IDL1    0.000    0.000    0.000   0.000   0.000   0.000               
S1:IDL1      0.000    0.000    0.000   0.000   0.000   0.000   0.000       
S2:IDL1      0.000    0.000    0.000   0.000   0.000   0.000   0.000 -0.500
IDR1:IDL1    0.000    0.000    0.000   0.000   0.000   0.000   0.000  0.000
IDR2:IDL1    0.000    0.000    0.000   0.000   0.000   0.000   0.000  0.000
gr1:S1:IDR1  0.000    0.000    0.000   0.000   0.000   0.000   0.000  0.000
gr1:S2:IDR1  0.000    0.000    0.000   0.000   0.000   0.000   0.000  0.000
gr1:S1:IDR2  0.000    0.000    0.000   0.000   0.000   0.000   0.000  0.000
gr1:S2:IDR2  0.000    0.000    0.000   0.000   0.000   0.000   0.000  0.000
gr1:S1:IDL1  0.000    0.000    0.000   0.000   0.000   0.000   0.000  0.000
gr1:S2:IDL1  0.000    0.000    0.000   0.000   0.000   0.000   0.000  0.000
g1:IDR1:IDL  0.000    0.000    0.000   0.000   0.000   0.000   0.000  0.000
g1:IDR2:IDL  0.000    0.000    0.000   0.000   0.000   0.000   0.000  0.000
S1:IDR1:IDL  0.000    0.000    0.000   0.000   0.000   0.000   0.000  0.000
S2:IDR1:IDL  0.000    0.000    0.000   0.000   0.000   0.000   0.000  0.000
S1:IDR2:IDL  0.000    0.000    0.000   0.000   0.000   0.000   0.000  0.000
S2:IDR2:IDL  0.000    0.000    0.000   0.000   0.000   0.000   0.000  0.000
g1:S1:IDR1:  0.000    0.000    0.000   0.000   0.000   0.000   0.000  0.000
g1:S2:IDR1:  0.000    0.000    0.000   0.000   0.000   0.000   0.000  0.000
g1:S1:IDR2:  0.000    0.000    0.000   0.000   0.000   0.000   0.000  0.000
g1:S2:IDR2:  0.000    0.000    0.000   0.000   0.000   0.000   0.000  0.000
            S2:IDL IDR1:I IDR2:I gr1:S1:IDR1 gr1:S2:IDR1 gr1:S1:IDR2
grp1                                                                
S1                                                                  
S2                                                                  
IDR1                                                                
IDR2                                                                
IDL1                                                                
grp1:S1                                                             
grp1:S2                                                             
grp1:IDR1                                                           
grp1:IDR2                                                           
S1:IDR1                                                             
S2:IDR1                                                             
S1:IDR2                                                             
S2:IDR2                                                             
grp1:IDL1                                                           
S1:IDL1                                                             
S2:IDL1                                                             
IDR1:IDL1    0.000                                                  
IDR2:IDL1    0.000 -0.500                                           
gr1:S1:IDR1  0.000  0.000  0.000                                    
gr1:S2:IDR1  0.000  0.000  0.000 -0.500                             
gr1:S1:IDR2  0.000  0.000  0.000 -0.500       0.250                 
gr1:S2:IDR2  0.000  0.000  0.000  0.250      -0.500      -0.500     
gr1:S1:IDL1  0.000  0.000  0.000  0.000       0.000       0.000     
gr1:S2:IDL1  0.000  0.000  0.000  0.000       0.000       0.000     
g1:IDR1:IDL  0.000  0.000  0.000  0.000       0.000       0.000     
g1:IDR2:IDL  0.000  0.000  0.000  0.000       0.000       0.000     
S1:IDR1:IDL  0.000  0.000  0.000  0.000       0.000       0.000     
S2:IDR1:IDL  0.000  0.000  0.000  0.000       0.000       0.000     
S1:IDR2:IDL  0.000  0.000  0.000  0.000       0.000       0.000     
S2:IDR2:IDL  0.000  0.000  0.000  0.000       0.000       0.000     
g1:S1:IDR1:  0.000  0.000  0.000  0.000       0.000       0.000     
g1:S2:IDR1:  0.000  0.000  0.000  0.000       0.000       0.000     
g1:S1:IDR2:  0.000  0.000  0.000  0.000       0.000       0.000     
g1:S2:IDR2:  0.000  0.000  0.000  0.000       0.000       0.000     
            gr1:S2:IDR2 g1:S1:IDL g1:S2:IDL g1:IDR1: g1:IDR2: S1:IDR1: S2:IDR1:
grp1                                                                           
S1                                                                             
S2                                                                             
IDR1                                                                           
IDR2                                                                           
IDL1                                                                           
grp1:S1                                                                        
grp1:S2                                                                        
grp1:IDR1                                                                      
grp1:IDR2                                                                      
S1:IDR1                                                                        
S2:IDR1                                                                        
S1:IDR2                                                                        
S2:IDR2                                                                        
grp1:IDL1                                                                      
S1:IDL1                                                                        
S2:IDL1                                                                        
IDR1:IDL1                                                                      
IDR2:IDL1                                                                      
gr1:S1:IDR1                                                                    
gr1:S2:IDR1                                                                    
gr1:S1:IDR2                                                                    
gr1:S2:IDR2                                                                    
gr1:S1:IDL1  0.000                                                             
gr1:S2:IDL1  0.000      -0.500                                                 
g1:IDR1:IDL  0.000       0.000     0.000                                       
g1:IDR2:IDL  0.000       0.000     0.000    -0.500                             
S1:IDR1:IDL  0.000       0.000     0.000     0.000    0.000                    
S2:IDR1:IDL  0.000       0.000     0.000     0.000    0.000   -0.500           
S1:IDR2:IDL  0.000       0.000     0.000     0.000    0.000   -0.500    0.250  
S2:IDR2:IDL  0.000       0.000     0.000     0.000    0.000    0.250   -0.500  
g1:S1:IDR1:  0.000       0.000     0.000     0.000    0.000    0.000    0.000  
g1:S2:IDR1:  0.000       0.000     0.000     0.000    0.000    0.000    0.000  
g1:S1:IDR2:  0.000       0.000     0.000     0.000    0.000    0.000    0.000  
g1:S2:IDR2:  0.000       0.000     0.000     0.000    0.000    0.000    0.000  
            S1:IDR2: S2:IDR2: g1:S1:IDR1: g1:S2:IDR1: g1:S1:IDR2:
grp1                                                             
S1                                                               
S2                                                               
IDR1                                                             
IDR2                                                             
IDL1                                                             
grp1:S1                                                          
grp1:S2                                                          
grp1:IDR1                                                        
grp1:IDR2                                                        
S1:IDR1                                                          
S2:IDR1                                                          
S1:IDR2                                                          
S2:IDR2                                                          
grp1:IDL1                                                        
S1:IDL1                                                          
S2:IDL1                                                          
IDR1:IDL1                                                        
IDR2:IDL1                                                        
gr1:S1:IDR1                                                      
gr1:S2:IDR1                                                      
gr1:S1:IDR2                                                      
gr1:S2:IDR2                                                      
gr1:S1:IDL1                                                      
gr1:S2:IDL1                                                      
g1:IDR1:IDL                                                      
g1:IDR2:IDL                                                      
S1:IDR1:IDL                                                      
S2:IDR1:IDL                                                      
S1:IDR2:IDL                                                      
S2:IDR2:IDL -0.500                                               
g1:S1:IDR1:  0.000    0.000                                      
g1:S2:IDR1:  0.000    0.000   -0.500                             
g1:S1:IDR2:  0.000    0.000   -0.500       0.250                 
g1:S2:IDR2:  0.000    0.000    0.250      -0.500      -0.500     
