[1] "peakVelL ~S*IDR*IDL*grp + Error(pp/(S*IDR*IDL))"
$ANOVA
          Effect DFn DFd          F            p p<.05         ges
2            grp   1   8  1.0385210 3.379914e-01       0.034879099
3              S   2  16 22.3996384 2.300237e-05     * 0.213701751
4          grp:S   2  16  0.4210765 6.634054e-01       0.005083087
5            IDR   2  16 27.6456611 6.436748e-06     * 0.303223753
6        grp:IDR   2  16  0.9031069 4.249983e-01       0.014016886
7            IDL   1   8 38.4473252 2.592612e-04     * 0.513983525
8        grp:IDL   1   8  0.9530534 3.575360e-01       0.025545298
9          S:IDR   4  32  3.9988538 9.655306e-03     * 0.017373210
10     grp:S:IDR   4  32  3.0986005 2.903344e-02     * 0.013514876
11         S:IDL   2  16  8.4161172 3.180946e-03     * 0.066970198
12     grp:S:IDL   2  16  1.1955632 3.281657e-01       0.010093482
13       IDR:IDL   2  16 21.2729725 3.111611e-05     * 0.268949689
14   grp:IDR:IDL   2  16  0.1140920 8.928952e-01       0.001969222
15     S:IDR:IDL   4  32  8.1957495 1.142632e-04     * 0.036147909
16 grp:S:IDR:IDL   4  32  0.8621352 4.971374e-01       0.003929611

$`Mauchly's Test for Sphericity`
          Effect          W           p p<.05
3              S 0.96574520 0.885154225      
4          grp:S 0.96574520 0.885154225      
5            IDR 0.19828111 0.003471240     *
6        grp:IDR 0.19828111 0.003471240     *
9          S:IDR 0.06295150 0.045119560     *
10     grp:S:IDR 0.06295150 0.045119560     *
11         S:IDL 0.62890685 0.197265960      
12     grp:S:IDL 0.62890685 0.197265960      
13       IDR:IDL 0.26373744 0.009421092     *
14   grp:IDR:IDL 0.26373744 0.009421092     *
15     S:IDR:IDL 0.06876812 0.053727654      
16 grp:S:IDR:IDL 0.06876812 0.053727654      

$`Sphericity Corrections`
          Effect       GGe        p[GG] p[GG]<.05       HFe        p[HF]
3              S 0.9668797 3.021406e-05         * 1.2696360 2.300237e-05
4          grp:S 0.9668797 6.570569e-01           1.2696360 6.634054e-01
5            IDR 0.5550255 4.500129e-04         * 0.5798635 3.541063e-04
6        grp:IDR 0.5550255 3.785403e-01           0.5798635 3.821720e-01
9          S:IDR 0.4282888 4.801083e-02         * 0.5335902 3.546610e-02
10     grp:S:IDR 0.4282888 8.344025e-02           0.5335902 6.840890e-02
11         S:IDL 0.7293451 8.504699e-03         * 0.8506103 5.462466e-03
12     grp:S:IDL 0.7293451 3.202803e-01           0.8506103 3.245997e-01
13       IDR:IDL 0.5759498 9.312926e-04         * 0.6109063 7.015883e-04
14   grp:IDR:IDL 0.5759498 7.781176e-01           0.6109063 7.918404e-01
15     S:IDR:IDL 0.4086465 6.749134e-03         * 0.4992320 3.563284e-03
16 grp:S:IDR:IDL 0.4086465 4.238752e-01           0.4992320 4.408453e-01
   p[HF]<.05
3          *
4           
5          *
6           
9          *
10          
11         *
12          
13         *
14          
15         *
16          

