[1] "phDiffStd ~(S*DID*grp)+Error(pp/(S*DID))+grp"
$ANOVA
     Effect DFn DFd        F          p p<.05        ges
2       grp   1   8 4.493264 0.06685306       0.20148022
3         S   2  16 4.189521 0.03442126     * 0.05369771
5       DID   2  16 5.094291 0.01941172     * 0.13843305
4     grp:S   2  16 2.988735 0.07891111       0.03890585
6   grp:DID   2  16 4.960759 0.02107057     * 0.13529538
7     S:DID   4  32 1.750982 0.16320245       0.03994265
8 grp:S:DID   4  32 1.395983 0.25758207       0.03210455

$`Mauchly's Test for Sphericity`
     Effect           W            p p<.05
3         S 0.355561615 0.0268041502     *
4     grp:S 0.355561615 0.0268041502     *
5       DID 0.489787334 0.0822292683      
6   grp:DID 0.489787334 0.0822292683      
7     S:DID 0.004467451 0.0001084102     *
8 grp:S:DID 0.004467451 0.0001084102     *

$`Sphericity Corrections`
     Effect       GGe      p[GG] p[GG]<.05       HFe      p[HF] p[HF]<.05
3         S 0.6081103 0.06326208           0.6593660 0.05839422          
4     grp:S 0.6081103 0.11137522           0.6593660 0.10652635          
5       DID 0.6621584 0.03862660         * 0.7429091 0.03272682         *
6   grp:DID 0.6621584 0.04094312         * 0.7429091 0.03488969         *
7     S:DID 0.4759279 0.20734635           0.6205992 0.19467754          
8 grp:S:DID 0.4759279 0.27658275           0.6205992 0.27295904          

