[1] "Summary by group"
  grp phDiffStd.m phDiffStd.s
1   C  0.01520401  0.07714669
2   U  0.23956089  0.38679853
[1] "Summary by session\n"
  S phDiffStd.m phDiffStd.s
1 1  0.07049555   0.2366872
2 2  0.11318763   0.2799845
3 3  0.19846418   0.3597213
[1] "Summary by DID\n"
  DID phDiffStd.m phDiffStd.s
1   1 0.008034879 0.006197627
2   2 0.150485972 0.318100029
3   3 0.223626503 0.383223861
[1] "Summary by group + Session\n"
  grp S phDiffStd.m phDiffStd.s
1   C 1 0.008257218 0.004670217
2   C 2 0.010066802 0.006590045
3   C 3 0.027288009 0.133545641
4   U 1 0.132733878 0.324607143
5   U 2 0.216308460 0.369823858
6   U 3 0.369640342 0.428918238
[1] "Summary by Session + DID\n"
  S DID phDiffStd.m phDiffStd.s
1 1   1 0.007478163 0.003886345
2 1   2 0.098532000 0.277327798
3 1   3 0.105476480 0.298015282
4 2   1 0.008977140 0.007788173
5 2   2 0.086563037 0.235454856
6 2   3 0.244022717 0.394214337
7 3   1 0.007649333 0.006381894
8 3   2 0.266362880 0.396587743
9 3   3 0.321380313 0.426304336
[1] "Summary by group + DID\n"
  grp DID phDiffStd.m phDiffStd.s
1   C   1 0.008541640 0.006129143
2   C   2 0.028673867 0.133354721
3   C   3 0.008396522 0.005095604
4   U   1 0.007528118 0.006293048
5   U   2 0.272298078 0.395652187
6   U   3 0.438856484 0.449754718
[1] "Summary by group + Session + DID\n"
   grp S DID phDiffStd.m phDiffStd.s
1    C 1   1 0.007792453 0.005001427
2    C 1   2 0.008786167 0.004848392
3    C 1   3 0.008193033 0.004414956
4    C 2   1 0.010846333 0.008197681
5    C 2   2 0.010105513 0.006307263
6    C 2   3 0.009248560 0.005304397
7    C 3   1 0.006986133 0.004118827
8    C 3   2 0.067129920 0.231192494
9    C 3   3 0.007747973 0.005718701
10   U 1   1 0.007163873 0.002461758
11   U 1   2 0.188277833 0.376871708
12   U 1   3 0.202759927 0.404561949
13   U 2   1 0.007107947 0.007138273
14   U 2   2 0.163020560 0.319799173
15   U 2   3 0.478796873 0.451409088
16   U 3   1 0.008312533 0.008152245
17   U 3   2 0.465595840 0.432770194
18   U 3   3 0.635012653 0.406984647
