[1] "d1D ~S*IDR*IDL*grp + Error(pp/(S*IDR*IDL))"
$ANOVA
          Effect DFn DFd         F           p p<.05         ges
2            grp   1   8 0.1702568 0.690720088       0.000685258
3              S   2  16 6.3814314 0.009168599     * 0.026388280
5            IDR   2  16 2.5613156 0.108386634       0.045216961
7            IDL   1   8 2.1940269 0.176822805       0.078297859
4          grp:S   2  16 5.9181884 0.011914017     * 0.024519663
6        grp:IDR   2  16 2.7570715 0.093576640       0.048505171
8        grp:IDL   1   8 2.1452004 0.181176909       0.076689023
9          S:IDR   4  32 0.7390433 0.572342046       0.019733576
11         S:IDL   2  16 0.1142464 0.892759291       0.001622196
13       IDR:IDL   2  16 0.3269086 0.725854391       0.002448050
10     grp:S:IDR   4  32 0.7009623 0.597043343       0.018735806
12     grp:S:IDL   2  16 0.1253943 0.883007396       0.001780204
14   grp:IDR:IDL   2  16 0.2950526 0.748456818       0.002210024
15     S:IDR:IDL   4  32 1.4049140 0.254667900       0.014603761
16 grp:S:IDR:IDL   4  32 1.4873710 0.229198811       0.015447642

$`Mauchly's Test for Sphericity`
          Effect            W            p p<.05
3              S 2.144449e-01 4.566725e-03     *
4          grp:S 2.144449e-01 4.566725e-03     *
5            IDR 1.248076e-01 6.868210e-04     *
6        grp:IDR 1.248076e-01 6.868210e-04     *
9          S:IDR 8.785442e-05 4.181198e-09     *
10     grp:S:IDR 8.785442e-05 4.181198e-09     *
11         S:IDL 1.698551e-01 2.019647e-03     *
12     grp:S:IDL 1.698551e-01 2.019647e-03     *
13       IDR:IDL 1.213963e-01 6.233324e-04     *
14   grp:IDR:IDL 1.213963e-01 6.233324e-04     *
15     S:IDR:IDL 1.023374e-04 6.315286e-09     *
16 grp:S:IDR:IDL 1.023374e-04 6.315286e-09     *

$`Sphericity Corrections`
          Effect       GGe      p[GG] p[GG]<.05       HFe      p[HF] p[HF]<.05
3              S 0.5600499 0.03007921         * 0.5872831 0.02791826         *
4          grp:S 0.5600499 0.03529623         * 0.5872831 0.03297249         *
5            IDR 0.5332786 0.14536503           0.5479972 0.14411666          
6        grp:IDR 0.5332786 0.13230090           0.5479972 0.13093258          
9          S:IDR 0.2708226 0.42403018           0.2801048 0.42783946          
10     grp:S:IDR 0.2708226 0.43639735           0.2801048 0.44046074          
11         S:IDL 0.5464048 0.76547606           0.5671834 0.77433823          
12     grp:S:IDL 0.5464048 0.75381685           0.5671834 0.76269601          
13       IDR:IDL 0.5323103 0.59599030           0.5465876 0.60141795          
14   grp:IDR:IDL 0.5323103 0.61507814           0.5465876 0.62070186          
15     S:IDR:IDL 0.3027463 0.27328631           0.3276936 0.27420429          
16 grp:S:IDR:IDL 0.3027463 0.25922445           0.3276936 0.25948925          

