Post-hoc Tukey comparisons[1] "grp Tukey test"

	Pairwise comparisons using paired t tests 

data:  mdata$d1D and mdata$grp 

  C   
U 0.71

P value adjustment method: bonferroni 
[1] "S Tukey test"

	Pairwise comparisons using paired t tests 

data:  mdata$d1D and mdata$S 

  1     2    
2 1.000 -    
3 0.097 0.060

P value adjustment method: bonferroni 
[1] "IDR Tukey test"

	Pairwise comparisons using paired t tests 

data:  mdata$d1D and mdata$IDR 

  D      M     
M 1.0000 -     
E 0.0019 0.0285

P value adjustment method: bonferroni 
[1] "IDL Tukey test"
