                  Estimate MCMCmean HPD95lower HPD95upper pMCMC Pr(>|t|)
(Intercept)         0.7116   0.7113     0.6412     0.7860 0.001   0.0000
grp1               -0.0179  -0.0180    -0.0856     0.0567 0.608   0.6632
S1                  0.1545   0.1540     0.1313     0.1750 0.001   0.0000
S2                 -0.0465  -0.0465    -0.0669    -0.0259 0.001   0.0004
IDR1                0.2714   0.2724     0.2413     0.2986 0.001   0.0000
IDR2               -0.0280  -0.0283    -0.0574     0.0000 0.044   0.1103
IDL1                0.1933   0.1919     0.1617     0.2199 0.001   0.0000
grp1:S1             0.0176   0.0171    -0.0066     0.0387 0.112   0.1757
grp1:S2            -0.0010  -0.0010    -0.0230     0.0186 0.920   0.9388
grp1:IDR1          -0.0594  -0.0590    -0.0867    -0.0275 0.001   0.0007
grp1:IDR2          -0.0089  -0.0088    -0.0369     0.0203 0.516   0.6112
S1:IDR1             0.0018   0.0016    -0.0227     0.0254 0.918   0.9212
S2:IDR1            -0.0116  -0.0114    -0.0353     0.0088 0.328   0.5269
S1:IDR2            -0.0028  -0.0026    -0.0278     0.0222 0.842   0.8808
S2:IDR2             0.0063   0.0060    -0.0159     0.0284 0.610   0.7322
grp1:IDL1           0.0376   0.0371     0.0083     0.0676 0.020   0.0911
S1:IDL1             0.0725   0.0727     0.0557     0.0885 0.001   0.0000
S2:IDL1            -0.0095  -0.0098    -0.0256     0.0065 0.262   0.4657
IDR1:IDL1          -0.0402  -0.0400    -0.0554    -0.0218 0.001   0.0021
IDR2:IDL1          -0.0028  -0.0027    -0.0194     0.0136 0.744   0.8312
grp1:S1:IDR1        0.0214   0.0221     0.0027     0.0462 0.038   0.2435
grp1:S2:IDR1        0.0153   0.0149    -0.0067     0.0378 0.176   0.4052
grp1:S1:IDR2        0.0120   0.0116    -0.0095     0.0349 0.336   0.5124
grp1:S2:IDR2       -0.0173  -0.0171    -0.0378     0.0063 0.160   0.3463
grp1:S1:IDL1       -0.0415  -0.0414    -0.0577    -0.0258 0.001   0.0015
grp1:S2:IDL1        0.0069   0.0065    -0.0100     0.0243 0.480   0.5927
grp1:IDR1:IDL1     -0.0298  -0.0298    -0.0448    -0.0130 0.001   0.0222
grp1:IDR2:IDL1      0.0194   0.0197     0.0035     0.0369 0.020   0.1353
S1:IDR1:IDL1        0.0158   0.0157    -0.0084     0.0391 0.196   0.3891
S2:IDR1:IDL1       -0.0178  -0.0178    -0.0392     0.0069 0.150   0.3331
S1:IDR2:IDL1       -0.0135  -0.0131    -0.0362     0.0118 0.300   0.4634
S2:IDR2:IDL1        0.0231   0.0229     0.0003     0.0454 0.042   0.2087
grp1:S1:IDR1:IDL1   0.0157   0.0152    -0.0089     0.0375 0.198   0.3942
grp1:S2:IDR1:IDL1  -0.0135  -0.0129    -0.0360     0.0110 0.288   0.4617
grp1:S1:IDR2:IDL1  -0.0085  -0.0086    -0.0333     0.0147 0.476   0.6434
grp1:S2:IDR2:IDL1  -0.0030  -0.0032    -0.0247     0.0196 0.752   0.8716
NULL
       Length Class      Mode
fixed  6      data.frame list
random 7      data.frame list
Analysis of Variance Table
              Df  Sum Sq Mean Sq  F value
grp            1 0.00104 0.00104   0.1854
S              2 0.83401 0.41701  74.5487
IDR            2 1.63004 0.81502 145.7021
IDL            1 0.42552 0.42552  76.0703
grp:S          2 0.01298 0.00649   1.1599
grp:IDR        2 0.10075 0.05037   9.0052
S:IDR          4 0.00268 0.00067   0.1196
grp:IDL        1 0.01608 0.01608   2.8749
S:IDL          2 0.20602 0.10301  18.4156
IDR:IDL        2 0.07673 0.03837   6.8589
grp:S:IDR      4 0.03413 0.00853   1.5254
grp:S:IDL      2 0.06554 0.03277   5.8581
grp:IDR:IDL    2 0.03034 0.01517   2.7121
S:IDR:IDL      4 0.01086 0.00271   0.4852
grp:S:IDR:IDL  4 0.00778 0.00195   0.3479
Linear mixed model fit by REML 
Formula: get(vname) ~ (1 | pp) + (1 | pp/S) + (1 | pp/IDR) + (1 | pp/IDL) +      (1 | pp/S:IDR:IDL) + grp * S * IDR * IDL 
   Data: mdata 
    AIC    BIC logLik deviance REMLdev
 -541.9 -344.5  316.9   -868.4  -633.9
Random effects:
 Groups       Name        Variance   Std.Dev.  
 S:IDR:IDL:pp (Intercept) 1.3304e-02 1.1535e-01
 IDR:pp       (Intercept) 2.0536e-03 4.5317e-02
 S:pp         (Intercept) 1.1568e-11 3.4012e-06
 IDL:pp       (Intercept) 8.1712e-03 9.0395e-02
 pp           (Intercept) 2.2558e-03 4.7495e-02
 pp           (Intercept) 2.2557e-03 4.7494e-02
 pp           (Intercept) 2.2558e-03 4.7495e-02
 pp           (Intercept) 2.2558e-03 4.7495e-02
 pp           (Intercept) 2.2557e-03 4.7494e-02
 Residual                 5.5937e-03 7.4791e-02
Number of obs: 540, groups: S:IDR:IDL:pp, 180; IDR:pp, 30; S:pp, 30; IDL:pp, 20; pp, 10

Fixed effects:
                    Estimate Std. Error t value
(Intercept)        0.7116065  0.0410965  17.315
grp1              -0.0179083  0.0410965  -0.436
S1                 0.1545102  0.0129823  11.902
S2                -0.0464898  0.0129823  -3.581
IDR1               0.2714324  0.0174762  15.532
IDR2              -0.0279537  0.0174762  -1.600
IDL1               0.1933324  0.0222005   8.708
grp1:S1            0.0176028  0.0129823   1.356
grp1:S2           -0.0009972  0.0129823  -0.077
grp1:IDR1         -0.0593806  0.0174762  -3.398
grp1:IDR2         -0.0088889  0.0174762  -0.509
S1:IDR1            0.0018176  0.0183597   0.099
S2:IDR1           -0.0116241  0.0183597  -0.633
S1:IDR2           -0.0027546  0.0183597  -0.150
S2:IDR2            0.0062870  0.0183597   0.342
grp1:IDL1          0.0375843  0.0222005   1.693
S1:IDL1            0.0724843  0.0129823   5.583
S2:IDL1           -0.0094769  0.0129823  -0.730
IDR1:IDL1         -0.0401935  0.0129823  -3.096
IDR2:IDL1         -0.0027685  0.0129823  -0.213
grp1:S1:IDR1       0.0214361  0.0183597   1.168
grp1:S2:IDR1       0.0152944  0.0183597   0.833
grp1:S1:IDR2       0.0120361  0.0183597   0.656
grp1:S2:IDR2      -0.0173056  0.0183597  -0.943
grp1:S1:IDL1      -0.0414898  0.0129823  -3.196
grp1:S2:IDL1       0.0069491  0.0129823   0.535
grp1:IDR1:IDL1    -0.0297843  0.0129823  -2.294
grp1:IDR2:IDL1     0.0194185  0.0129823   1.496
S1:IDR1:IDL1       0.0158269  0.0183597   0.862
S2:IDR1:IDL1      -0.0177870  0.0183597  -0.969
S1:IDR2:IDL1      -0.0134731  0.0183597  -0.734
S2:IDR2:IDL1       0.0231130  0.0183597   1.259
grp1:S1:IDR1:IDL1  0.0156565  0.0183597   0.853
grp1:S2:IDR1:IDL1 -0.0135241  0.0183597  -0.737
grp1:S1:IDR2:IDL1 -0.0085046  0.0183597  -0.463
grp1:S2:IDR2:IDL1 -0.0029685  0.0183597  -0.162

Correlation of Fixed Effects:
            (Intr) grp1   S1     S2     IDR1   IDR2   IDL1   gr1:S1 gr1:S2
grp1         0.000                                                        
S1           0.000  0.000                                                 
S2           0.000  0.000 -0.500                                          
IDR1         0.000  0.000  0.000  0.000                                   
IDR2         0.000  0.000  0.000  0.000 -0.500                            
IDL1         0.000  0.000  0.000  0.000  0.000  0.000                     
grp1:S1      0.000  0.000  0.000  0.000  0.000  0.000  0.000              
grp1:S2      0.000  0.000  0.000  0.000  0.000  0.000  0.000 -0.500       
grp1:IDR1    0.000  0.000  0.000  0.000  0.000  0.000  0.000  0.000  0.000
grp1:IDR2    0.000  0.000  0.000  0.000  0.000  0.000  0.000  0.000  0.000
S1:IDR1      0.000  0.000  0.000  0.000  0.000  0.000  0.000  0.000  0.000
S2:IDR1      0.000  0.000  0.000  0.000  0.000  0.000  0.000  0.000  0.000
S1:IDR2      0.000  0.000  0.000  0.000  0.000  0.000  0.000  0.000  0.000
S2:IDR2      0.000  0.000  0.000  0.000  0.000  0.000  0.000  0.000  0.000
grp1:IDL1    0.000  0.000  0.000  0.000  0.000  0.000  0.000  0.000  0.000
S1:IDL1      0.000  0.000  0.000  0.000  0.000  0.000  0.000  0.000  0.000
S2:IDL1      0.000  0.000  0.000  0.000  0.000  0.000  0.000  0.000  0.000
IDR1:IDL1    0.000  0.000  0.000  0.000  0.000  0.000  0.000  0.000  0.000
IDR2:IDL1    0.000  0.000  0.000  0.000  0.000  0.000  0.000  0.000  0.000
gr1:S1:IDR1  0.000  0.000  0.000  0.000  0.000  0.000  0.000  0.000  0.000
gr1:S2:IDR1  0.000  0.000  0.000  0.000  0.000  0.000  0.000  0.000  0.000
gr1:S1:IDR2  0.000  0.000  0.000  0.000  0.000  0.000  0.000  0.000  0.000
gr1:S2:IDR2  0.000  0.000  0.000  0.000  0.000  0.000  0.000  0.000  0.000
gr1:S1:IDL1  0.000  0.000  0.000  0.000  0.000  0.000  0.000  0.000  0.000
gr1:S2:IDL1  0.000  0.000  0.000  0.000  0.000  0.000  0.000  0.000  0.000
g1:IDR1:IDL  0.000  0.000  0.000  0.000  0.000  0.000  0.000  0.000  0.000
g1:IDR2:IDL  0.000  0.000  0.000  0.000  0.000  0.000  0.000  0.000  0.000
S1:IDR1:IDL  0.000  0.000  0.000  0.000  0.000  0.000  0.000  0.000  0.000
S2:IDR1:IDL  0.000  0.000  0.000  0.000  0.000  0.000  0.000  0.000  0.000
S1:IDR2:IDL  0.000  0.000  0.000  0.000  0.000  0.000  0.000  0.000  0.000
S2:IDR2:IDL  0.000  0.000  0.000  0.000  0.000  0.000  0.000  0.000  0.000
g1:S1:IDR1:  0.000  0.000  0.000  0.000  0.000  0.000  0.000  0.000  0.000
g1:S2:IDR1:  0.000  0.000  0.000  0.000  0.000  0.000  0.000  0.000  0.000
g1:S1:IDR2:  0.000  0.000  0.000  0.000  0.000  0.000  0.000  0.000  0.000
g1:S2:IDR2:  0.000  0.000  0.000  0.000  0.000  0.000  0.000  0.000  0.000
            gr1:IDR1 gr1:IDR2 S1:IDR1 S2:IDR1 S1:IDR2 S2:IDR2 g1:IDL S1:IDL
grp1                                                                       
S1                                                                         
S2                                                                         
IDR1                                                                       
IDR2                                                                       
IDL1                                                                       
grp1:S1                                                                    
grp1:S2                                                                    
grp1:IDR1                                                                  
grp1:IDR2   -0.500                                                         
S1:IDR1      0.000    0.000                                                
S2:IDR1      0.000    0.000   -0.500                                       
S1:IDR2      0.000    0.000   -0.500   0.250                               
S2:IDR2      0.000    0.000    0.250  -0.500  -0.500                       
grp1:IDL1    0.000    0.000    0.000   0.000   0.000   0.000               
S1:IDL1      0.000    0.000    0.000   0.000   0.000   0.000   0.000       
S2:IDL1      0.000    0.000    0.000   0.000   0.000   0.000   0.000 -0.500
IDR1:IDL1    0.000    0.000    0.000   0.000   0.000   0.000   0.000  0.000
IDR2:IDL1    0.000    0.000    0.000   0.000   0.000   0.000   0.000  0.000
gr1:S1:IDR1  0.000    0.000    0.000   0.000   0.000   0.000   0.000  0.000
gr1:S2:IDR1  0.000    0.000    0.000   0.000   0.000   0.000   0.000  0.000
gr1:S1:IDR2  0.000    0.000    0.000   0.000   0.000   0.000   0.000  0.000
gr1:S2:IDR2  0.000    0.000    0.000   0.000   0.000   0.000   0.000  0.000
gr1:S1:IDL1  0.000    0.000    0.000   0.000   0.000   0.000   0.000  0.000
gr1:S2:IDL1  0.000    0.000    0.000   0.000   0.000   0.000   0.000  0.000
g1:IDR1:IDL  0.000    0.000    0.000   0.000   0.000   0.000   0.000  0.000
g1:IDR2:IDL  0.000    0.000    0.000   0.000   0.000   0.000   0.000  0.000
S1:IDR1:IDL  0.000    0.000    0.000   0.000   0.000   0.000   0.000  0.000
S2:IDR1:IDL  0.000    0.000    0.000   0.000   0.000   0.000   0.000  0.000
S1:IDR2:IDL  0.000    0.000    0.000   0.000   0.000   0.000   0.000  0.000
S2:IDR2:IDL  0.000    0.000    0.000   0.000   0.000   0.000   0.000  0.000
g1:S1:IDR1:  0.000    0.000    0.000   0.000   0.000   0.000   0.000  0.000
g1:S2:IDR1:  0.000    0.000    0.000   0.000   0.000   0.000   0.000  0.000
g1:S1:IDR2:  0.000    0.000    0.000   0.000   0.000   0.000   0.000  0.000
g1:S2:IDR2:  0.000    0.000    0.000   0.000   0.000   0.000   0.000  0.000
            S2:IDL IDR1:I IDR2:I gr1:S1:IDR1 gr1:S2:IDR1 gr1:S1:IDR2
grp1                                                                
S1                                                                  
S2                                                                  
IDR1                                                                
IDR2                                                                
IDL1                                                                
grp1:S1                                                             
grp1:S2                                                             
grp1:IDR1                                                           
grp1:IDR2                                                           
S1:IDR1                                                             
S2:IDR1                                                             
S1:IDR2                                                             
S2:IDR2                                                             
grp1:IDL1                                                           
S1:IDL1                                                             
S2:IDL1                                                             
IDR1:IDL1    0.000                                                  
IDR2:IDL1    0.000 -0.500                                           
gr1:S1:IDR1  0.000  0.000  0.000                                    
gr1:S2:IDR1  0.000  0.000  0.000 -0.500                             
gr1:S1:IDR2  0.000  0.000  0.000 -0.500       0.250                 
gr1:S2:IDR2  0.000  0.000  0.000  0.250      -0.500      -0.500     
gr1:S1:IDL1  0.000  0.000  0.000  0.000       0.000       0.000     
gr1:S2:IDL1  0.000  0.000  0.000  0.000       0.000       0.000     
g1:IDR1:IDL  0.000  0.000  0.000  0.000       0.000       0.000     
g1:IDR2:IDL  0.000  0.000  0.000  0.000       0.000       0.000     
S1:IDR1:IDL  0.000  0.000  0.000  0.000       0.000       0.000     
S2:IDR1:IDL  0.000  0.000  0.000  0.000       0.000       0.000     
S1:IDR2:IDL  0.000  0.000  0.000  0.000       0.000       0.000     
S2:IDR2:IDL  0.000  0.000  0.000  0.000       0.000       0.000     
g1:S1:IDR1:  0.000  0.000  0.000  0.000       0.000       0.000     
g1:S2:IDR1:  0.000  0.000  0.000  0.000       0.000       0.000     
g1:S1:IDR2:  0.000  0.000  0.000  0.000       0.000       0.000     
g1:S2:IDR2:  0.000  0.000  0.000  0.000       0.000       0.000     
            gr1:S2:IDR2 g1:S1:IDL g1:S2:IDL g1:IDR1: g1:IDR2: S1:IDR1: S2:IDR1:
grp1                                                                           
S1                                                                             
S2                                                                             
IDR1                                                                           
IDR2                                                                           
IDL1                                                                           
grp1:S1                                                                        
grp1:S2                                                                        
grp1:IDR1                                                                      
grp1:IDR2                                                                      
S1:IDR1                                                                        
S2:IDR1                                                                        
S1:IDR2                                                                        
S2:IDR2                                                                        
grp1:IDL1                                                                      
S1:IDL1                                                                        
S2:IDL1                                                                        
IDR1:IDL1                                                                      
IDR2:IDL1                                                                      
gr1:S1:IDR1                                                                    
gr1:S2:IDR1                                                                    
gr1:S1:IDR2                                                                    
gr1:S2:IDR2                                                                    
gr1:S1:IDL1  0.000                                                             
gr1:S2:IDL1  0.000      -0.500                                                 
g1:IDR1:IDL  0.000       0.000     0.000                                       
g1:IDR2:IDL  0.000       0.000     0.000    -0.500                             
S1:IDR1:IDL  0.000       0.000     0.000     0.000    0.000                    
S2:IDR1:IDL  0.000       0.000     0.000     0.000    0.000   -0.500           
S1:IDR2:IDL  0.000       0.000     0.000     0.000    0.000   -0.500    0.250  
S2:IDR2:IDL  0.000       0.000     0.000     0.000    0.000    0.250   -0.500  
g1:S1:IDR1:  0.000       0.000     0.000     0.000    0.000    0.000    0.000  
g1:S2:IDR1:  0.000       0.000     0.000     0.000    0.000    0.000    0.000  
g1:S1:IDR2:  0.000       0.000     0.000     0.000    0.000    0.000    0.000  
g1:S2:IDR2:  0.000       0.000     0.000     0.000    0.000    0.000    0.000  
            S1:IDR2: S2:IDR2: g1:S1:IDR1: g1:S2:IDR1: g1:S1:IDR2:
grp1                                                             
S1                                                               
S2                                                               
IDR1                                                             
IDR2                                                             
IDL1                                                             
grp1:S1                                                          
grp1:S2                                                          
grp1:IDR1                                                        
grp1:IDR2                                                        
S1:IDR1                                                          
S2:IDR1                                                          
S1:IDR2                                                          
S2:IDR2                                                          
grp1:IDL1                                                        
S1:IDL1                                                          
S2:IDL1                                                          
IDR1:IDL1                                                        
IDR2:IDL1                                                        
gr1:S1:IDR1                                                      
gr1:S2:IDR1                                                      
gr1:S1:IDR2                                                      
gr1:S2:IDR2                                                      
gr1:S1:IDL1                                                      
gr1:S2:IDL1                                                      
g1:IDR1:IDL                                                      
g1:IDR2:IDL                                                      
S1:IDR1:IDL                                                      
S2:IDR1:IDL                                                      
S1:IDR2:IDL                                                      
S2:IDR2:IDL -0.500                                               
g1:S1:IDR1:  0.000    0.000                                      
g1:S2:IDR1:  0.000    0.000   -0.500                             
g1:S1:IDR2:  0.000    0.000   -0.500       0.250                 
g1:S2:IDR2:  0.000    0.000    0.250      -0.500      -0.500     
