[1] "flsAmp ~(S*IDR*IDL*grp)+Error(pp/(S*IDR*IDL))+grp"
$ANOVA
          Effect DFn DFd           F            p p<.05         ges
2            grp   1   8   7.7383869 2.385837e-02     * 0.201546865
3              S   2  16   0.6854851 5.180448e-01       0.011213285
4          grp:S   2  16   6.0474219 1.106488e-02     * 0.090947635
5            IDR   2  16   0.9611158 4.034811e-01       0.016298915
6        grp:IDR   2  16   2.0213824 1.649297e-01       0.033673794
7            IDL   1   8 351.5636849 6.761092e-08     * 0.660115985
8        grp:IDL   1   8  14.9971378 4.723851e-03     * 0.076511282
9          S:IDR   4  32   4.2197115 7.431100e-03     * 0.065167503
10     grp:S:IDR   4  32   0.9406414 4.531259e-01       0.015301773
11         S:IDL   2  16   1.3640407 2.838008e-01       0.007670765
12     grp:S:IDL   2  16   2.8719562 8.595247e-02       0.016014816
13       IDR:IDL   2  16   8.8684593 2.559273e-03     * 0.144151338
14   grp:IDR:IDL   2  16   7.5261446 4.968335e-03     * 0.125061494
15     S:IDR:IDL   4  32   1.1724315 3.414251e-01       0.013752957
16 grp:S:IDR:IDL   4  32   3.0359803 3.140404e-02     * 0.034851076

$`Mauchly's Test for Sphericity`
          Effect         W          p p<.05
3              S 0.4351691 0.05436297      
4          grp:S 0.4351691 0.05436297      
5            IDR 0.9728448 0.90813914      
6        grp:IDR 0.9728448 0.90813914      
9          S:IDR 0.0212562 0.00446997     *
10     grp:S:IDR 0.0212562 0.00446997     *
11         S:IDL 0.4054090 0.04242548     *
12     grp:S:IDL 0.4054090 0.04242548     *
13       IDR:IDL 0.2765362 0.01112070     *
14   grp:IDR:IDL 0.2765362 0.01112070     *
15     S:IDR:IDL 0.1361124 0.18752144      
16 grp:S:IDR:IDL 0.1361124 0.18752144      

$`Sphericity Corrections`
          Effect       GGe      p[GG] p[GG]<.05       HFe      p[HF] p[HF]<.05
3              S 0.6390467 0.46208252           0.7068560 0.47462364          
4          grp:S 0.6390467 0.02755044         * 0.7068560 0.02317252         *
5            IDR 0.9735627 0.40180878           1.2823765 0.40348107          
6        grp:IDR 0.9735627 0.16647257           1.2823765 0.16492969          
9          S:IDR 0.4136958 0.04418807         * 0.5079831 0.03292014         *
10     grp:S:IDR 0.4136958 0.39801707           0.5079831 0.41198285          
11         S:IDL 0.6271201 0.28122849           0.6884444 0.28254480          
12     grp:S:IDL 0.6271201 0.11641001           0.6884444 0.11081557          
13       IDR:IDL 0.5802269 0.01288888         * 0.6172985 0.01115239         *
14   grp:IDR:IDL 0.5802269 0.01941975         * 0.6172985 0.01718903         *
15     S:IDR:IDL 0.5629903 0.33726961           0.7945166 0.34127680          
16 grp:S:IDR:IDL 0.5629903 0.06802565           0.7945166 0.04497790         *

