[1] "IPerf ~(S*ID*grp)+Error(pp/(S*ID))+grp"
$ANOVA
    Effect DFn DFd            F            p p<.05          ges
2      grp   1   8 3.534050e-01 5.686191e-01       0.0214387463
3        S   2  16 1.846445e+01 6.972966e-05     * 0.1779067677
5       ID   1   8 1.979208e+01 2.142632e-03     * 0.4719795610
4    grp:S   2  16 1.694602e+00 2.150205e-01       0.0194743012
6   grp:ID   1   8 3.284345e-04 9.859848e-01       0.0000148328
7     S:ID   2  16 1.489055e+01 2.225717e-04     * 0.0835759164
8 grp:S:ID   2  16 1.266997e+00 3.084664e-01       0.0077000288

$`Mauchly's Test for Sphericity`
    Effect         W         p p<.05
3        S 0.6989538 0.2854761      
4    grp:S 0.6989538 0.2854761      
7     S:ID 0.7500382 0.3654195      
8 grp:S:ID 0.7500382 0.3654195      

$`Sphericity Corrections`
    Effect       GGe        p[GG] p[GG]<.05       HFe        p[HF] p[HF]<.05
3        S 0.7686122 0.0003691535         * 0.9156298 0.0001277798         *
4    grp:S 0.7686122 0.2234518795           0.9156298 0.2182631304          
7     S:ID 0.8000244 0.0007528874         * 0.9687917 0.0002689902         *
8 grp:S:ID 0.8000244 0.3056312886           0.9687917 0.3081940293          

