[1] "IDefRrel ~S*IDR*IDL*grp + Error(pp/(S*IDR*IDL))"
$ANOVA
          Effect DFn DFd         F          p p<.05         ges
2            grp   1   8 0.1635291 0.69652364       0.007124697
3              S   2  16 0.2719786 0.76532287       0.006075604
4          grp:S   2  16 1.0190990 0.38319045       0.022391480
5            IDR   2  16 3.2036229 0.06758527       0.057343474
6        grp:IDR   2  16 1.4209446 0.27037361       0.026272636
7            IDL   1   8 9.4093713 0.01540694     * 0.064447536
8        grp:IDL   1   8 2.0005912 0.19495631       0.014435145
9          S:IDR   4  32 2.7240194 0.04658297     * 0.030044557
10     grp:S:IDR   4  32 1.3119178 0.28658567       0.014698719
11         S:IDL   2  16 0.8190880 0.45849066       0.005265984
12     grp:S:IDL   2  16 2.2364615 0.13916212       0.014248556
13       IDR:IDL   2  16 1.8268737 0.19292873       0.013584344
14   grp:IDR:IDL   2  16 1.4356504 0.26702084       0.010706415
15     S:IDR:IDL   4  32 0.3751597 0.82460697       0.002605003
16 grp:S:IDR:IDL   4  32 1.0939820 0.37623937       0.007558573

$`Mauchly's Test for Sphericity`
          Effect          W           p p<.05
3              S 0.74100140 0.350240692      
4          grp:S 0.74100140 0.350240692      
5            IDR 0.50364039 0.090661296      
6        grp:IDR 0.50364039 0.090661296      
9          S:IDR 0.24499340 0.452807490      
10     grp:S:IDR 0.24499340 0.452807490      
11         S:IDL 0.59555409 0.163013750      
12     grp:S:IDL 0.59555409 0.163013750      
13       IDR:IDL 0.15675698 0.001525085     *
14   grp:IDR:IDL 0.15675698 0.001525085     *
15     S:IDR:IDL 0.06846545 0.053264627      
16 grp:S:IDR:IDL 0.06846545 0.053264627      

$`Sphericity Corrections`
          Effect       GGe      p[GG] p[GG]<.05       HFe      p[HF] p[HF]<.05
3              S 0.7942821 0.71662438           0.9589956 0.75660253          
4          grp:S 0.7942821 0.37090959           0.9589956 0.38105744          
5            IDR 0.6682886 0.09425437           0.7525557 0.08662699          
6        grp:IDR 0.6682886 0.27140956           0.7525557 0.27192696          
9          S:IDR 0.6856714 0.07307490           1.0786956 0.04658297         *
10     grp:S:IDR 0.6856714 0.29492223           1.0786956 0.28658567          
11         S:IDL 0.7120246 0.42631145           0.8224242 0.44007080          
12     grp:S:IDL 0.7120246 0.15878167           0.8224242 0.15110279          
13       IDR:IDL 0.5425221 0.21239605           0.5614929 0.21183856          
14   grp:IDR:IDL 0.5425221 0.26652562           0.5614929 0.26702358          
15     S:IDR:IDL 0.4189800 0.65820361           0.5172009 0.69971908          
16 grp:S:IDR:IDL 0.4189800 0.35175950           0.5172009 0.35987216          

