Linear mixed-effects model fit by REML
 Data: mdata 
       AIC      BIC    logLik
  222.9985 261.5052 -102.4992

Random effects:
 Formula: ~1 | pp
        (Intercept)  Residual
StdDev:   0.1697834 0.2755711

Fixed effects: peakVelLrel ~ S + IDR + IDL + grp 
                 Value  Std.Error  DF   t-value p-value
(Intercept)  0.7765391 0.05498426 525 14.122934  0.0000
S1          -0.0164973 0.01677073 525 -0.983697  0.3257
S2           0.0140029 0.01677073 525  0.834963  0.4041
IDR1        -0.0956348 0.01677073 525 -5.702487  0.0000
IDR2        -0.0362105 0.01677073 525 -2.159149  0.0313
IDL1         0.0792496 0.01185869 525  6.682829  0.0000
grp1         0.0748227 0.05498426   8  1.360803  0.2107
 Correlation: 
     (Intr) S1   S2   IDR1 IDR2 IDL1
S1    0.0                           
S2    0.0   -0.5                    
IDR1  0.0    0.0  0.0               
IDR2  0.0    0.0  0.0 -0.5          
IDL1  0.0    0.0  0.0  0.0  0.0     
grp1  0.0    0.0  0.0  0.0  0.0  0.0

Standardized Within-Group Residuals:
       Min         Q1        Med         Q3        Max 
-2.4366141 -0.6462702 -0.1225108  0.5977186  3.7790318 

Number of Observations: 540
Number of Groups: 10 
            numDF denDF   F-value p-value
(Intercept)     1   525 199.45726  <.0001
S               2   525   0.56231  0.5702
IDR             2   525  32.99520  <.0001
IDL             1   525  44.66021  <.0001
grp             1     8   1.85178  0.2107
