[1] "Summary by group"
  grp peakVelLrel.m peakVelLrel.s
1   C     0.8513618     0.3435436
2   U     0.7017163     0.3321045
[1] "Summary by session\n"
  S peakVelLrel.m peakVelLrel.s
1 1     0.7600417     0.3149176
2 2     0.7905420     0.3495468
3 3     0.7790334     0.3717083
[1] "Summary by IDR+IDR\n"
  IDL IDR peakVelLrel.m peakVelLrel.s
1   D   D     0.8392976     0.2373992
2   D   M     0.8456383     0.2651783
3   D   E     0.8824301     0.2715658
4   E   D     0.5225108     0.2849684
5   E   M     0.6350188     0.3207308
6   E   E     0.9343387     0.4568427
[1] "Summary by group + Session\n"
  grp S peakVelLrel.m peakVelLrel.s
1   C 1     0.8380054     0.3241172
2   C 2     0.8847214     0.3254445
3   C 3     0.8313586     0.3795290
4   U 1     0.6820781     0.2865576
5   U 2     0.6963626     0.3491216
6   U 3     0.7267082     0.3581995
[1] "Summary by Session + IDR + IDL \n"
   S IDL IDR peakVelLrel.m peakVelLrel.s
1  1   D   D     0.7534888     0.1929670
2  1   D   M     0.8190900     0.2541953
3  1   D   E     0.8854300     0.2338334
4  1   E   D     0.5455311     0.2621112
5  1   E   M     0.6454801     0.2799564
6  1   E   E     0.9112305     0.4514304
7  2   D   D     0.9027870     0.2074312
8  2   D   M     0.8924717     0.2229600
9  2   D   E     0.9185520     0.2509543
10 2   E   D     0.4953907     0.2995773
11 2   E   M     0.6301922     0.3527776
12 2   E   E     0.9038584     0.4620771
13 3   D   D     0.8616172     0.2835414
14 3   D   M     0.8253531     0.3131421
15 3   D   E     0.8433084     0.3251638
16 3   E   D     0.5266105     0.2990754
17 3   E   M     0.6293842     0.3357102
18 3   E   E     0.9879271     0.4676754
[1] "Summary by group + IDR + IDL\n"
   grp IDL IDR peakVelLrel.m peakVelLrel.s
1    C   D   D     0.9443679     0.2244293
2    C   D   M     0.9907482     0.2281851
3    C   D   E     1.0512851     0.2386542
4    C   E   D     0.4955648     0.1561474
5    C   E   M     0.6386824     0.2361265
6    C   E   E     0.9875224     0.4666147
7    U   D   D     0.7342274     0.2026027
8    U   D   M     0.7005283     0.2170203
9    U   D   E     0.7135751     0.1841091
10   U   E   D     0.5494568     0.3720112
11   U   E   M     0.6313553     0.3902451
12   U   E   E     0.8811550     0.4456892
[1] "Summary by group + Session + IDR + IDL\n"
   grp S IDL IDR peakVelLrel.m peakVelLrel.s
1    C 1   D   D     0.8739432    0.15079487
2    C 1   D   M     0.9951314    0.19807451
3    C 1   D   E     1.0334836    0.17857360
4    C 1   E   D     0.5454489    0.17575025
5    C 1   E   M     0.6580794    0.23232646
6    C 1   E   E     0.9219458    0.53515466
7    C 2   D   D     1.0117392    0.09848387
8    C 2   D   M     1.0108406    0.11881386
9    C 2   D   E     1.0853438    0.09606870
10   C 2   E   D     0.4934571    0.17707926
11   C 2   E   M     0.6788351    0.28906235
12   C 2   E   E     1.0281124    0.46522094
13   C 3   D   D     0.9474213    0.34011152
14   C 3   D   M     0.9662728    0.33045196
15   C 3   D   E     1.0350279    0.36880990
16   C 3   E   D     0.4477882    0.09626711
17   C 3   E   M     0.5791326    0.17824050
18   C 3   E   E     1.0125090    0.41764753
19   U 1   D   D     0.6330344    0.15264956
20   U 1   D   M     0.6430486    0.16794058
21   U 1   D   E     0.7373763    0.18547771
22   U 1   E   D     0.5456133    0.33380192
23   U 1   E   M     0.6328808    0.32868481
24   U 1   E   E     0.9005151    0.36810134
25   U 2   D   D     0.7938347    0.23236343
26   U 2   D   M     0.7741028    0.24255394
27   U 2   D   E     0.7517601    0.24821785
28   U 2   E   D     0.4973243    0.39311383
29   U 2   E   M     0.5815493    0.41129812
30   U 2   E   E     0.7796045    0.43905290
31   U 3   D   D     0.7758130    0.18730105
32   U 3   D   M     0.6844335    0.22664500
33   U 3   D   E     0.6515889    0.06504476
34   U 3   E   D     0.6054328    0.40336134
35   U 3   E   M     0.6796358    0.44302586
36   U 3   E   E     0.9633453    0.52662990
