Post-hoc Tukey comparisons[1] "grp Tukey test"

	Pairwise comparisons using paired t tests 

data:  mdata$d4D and mdata$grp 

  C    
U 0.007

P value adjustment method: bonferroni 
[1] "S Tukey test"

	Pairwise comparisons using paired t tests 

data:  mdata$d4D and mdata$S 

  1       2   
2 2.7e-07 -   
3 2.5e-11 0.42

P value adjustment method: bonferroni 
[1] "IDR Tukey test"

	Pairwise comparisons using paired t tests 

data:  mdata$d4D and mdata$IDR 

  D       M    
M 0.059   -    
E 6.3e-06 0.001

P value adjustment method: bonferroni 
[1] "IDL Tukey test"
