                  Estimate MCMCmean HPD95lower HPD95upper pMCMC Pr(>|t|)
(Intercept)         1.1999   1.2003     1.1822     1.2166 0.001   0.0000
grp1                0.0056   0.0051    -0.0129     0.0228 0.576   0.5206
S1                 -0.0165  -0.0164    -0.0235    -0.0096 0.002   0.0001
S2                  0.0060   0.0058    -0.0011     0.0131 0.106   0.1485
IDR1                0.0098   0.0099     0.0049     0.0149 0.001   0.0004
IDR2                0.0021   0.0021    -0.0030     0.0071 0.430   0.4581
IDL1                0.0138   0.0139     0.0076     0.0215 0.001   0.0024
grp1:S1             0.0030   0.0029    -0.0037     0.0103 0.404   0.4689
grp1:S2            -0.0045  -0.0046    -0.0111     0.0027 0.172   0.2729
grp1:IDR1          -0.0009  -0.0010    -0.0063     0.0040 0.702   0.7422
grp1:IDR2           0.0054   0.0055     0.0007     0.0110 0.044   0.0513
S1:IDR1            -0.0021  -0.0021    -0.0079     0.0033 0.452   0.5677
S2:IDR1            -0.0029  -0.0029    -0.0082     0.0024 0.278   0.4258
S1:IDR2             0.0000  -0.0001    -0.0055     0.0057 0.928   0.9954
S2:IDR2             0.0032   0.0033    -0.0017     0.0088 0.226   0.3824
grp1:IDL1          -0.0014  -0.0014    -0.0082     0.0053 0.670   0.7631
S1:IDL1             0.0041   0.0042     0.0001     0.0083 0.050   0.1085
S2:IDL1             0.0003   0.0003    -0.0031     0.0043 0.854   0.9129
IDR1:IDL1           0.0165   0.0164     0.0127     0.0201 0.001   0.0000
IDR2:IDL1          -0.0017  -0.0016    -0.0053     0.0025 0.398   0.5040
grp1:S1:IDR1        0.0012   0.0011    -0.0052     0.0062 0.694   0.7478
grp1:S2:IDR1       -0.0076  -0.0075    -0.0128    -0.0020 0.008   0.0383
grp1:S1:IDR2       -0.0002  -0.0003    -0.0056     0.0052 0.920   0.9593
grp1:S2:IDR2       -0.0021  -0.0023    -0.0076     0.0031 0.418   0.5592
grp1:S1:IDL1        0.0040   0.0040     0.0002     0.0078 0.044   0.1244
grp1:S2:IDL1       -0.0047  -0.0048    -0.0084    -0.0011 0.012   0.0683
grp1:IDR1:IDL1     -0.0019  -0.0019    -0.0056     0.0024 0.368   0.4622
grp1:IDR2:IDL1     -0.0030  -0.0030    -0.0069     0.0008 0.128   0.2395
S1:IDR1:IDL1       -0.0108  -0.0108    -0.0159    -0.0048 0.001   0.0033
S2:IDR1:IDL1        0.0072   0.0071     0.0016     0.0123 0.014   0.0503
S1:IDR2:IDL1        0.0079   0.0078     0.0026     0.0134 0.006   0.0315
S2:IDR2:IDL1       -0.0019  -0.0019    -0.0078     0.0031 0.502   0.6039
grp1:S1:IDR1:IDL1  -0.0007  -0.0006    -0.0059     0.0044 0.806   0.8548
grp1:S2:IDR1:IDL1   0.0063   0.0063     0.0008     0.0117 0.018   0.0864
grp1:S1:IDR2:IDL1  -0.0009  -0.0010    -0.0062     0.0041 0.706   0.8075
grp1:S2:IDR2:IDL1  -0.0029  -0.0028    -0.0082     0.0027 0.324   0.4349
NULL
       Length Class      Mode
fixed  6      data.frame list
random 7      data.frame list
Analysis of Variance Table
              Df   Sum Sq   Mean Sq F value
grp            1 0.000287 0.0002874  0.4072
S              2 0.011612 0.0058060  8.2268
IDR            2 0.014801 0.0074007 10.4864
IDL            1 0.006578 0.0065778  9.3204
grp:S          2 0.000879 0.0004396  0.6229
grp:IDR        2 0.003090 0.0015448  2.1889
S:IDR          4 0.001551 0.0003878  0.5494
grp:IDL        1 0.000064 0.0000642  0.0910
S:IDL          2 0.002609 0.0013046  1.8485
IDR:IDL        2 0.034930 0.0174650 24.7471
grp:S:IDR      4 0.006625 0.0016563  2.3470
grp:S:IDL      2 0.002724 0.0013620  1.9299
grp:IDR:IDL    2 0.002630 0.0013150  1.8633
S:IDR:IDL      4 0.007622 0.0019056  2.7001
grp:S:IDR:IDL  4 0.002628 0.0006571  0.9311
Linear mixed model fit by REML 
Formula: get(vname) ~ (1 | pp) + (1 | pp/S) + (1 | pp/IDR) + (1 | pp/IDL) +      (1 | pp/S:IDR:IDL) + grp * S * IDR * IDL 
   Data: mdata 
   AIC   BIC logLik deviance REMLdev
 -1743 -1546  917.6    -2184   -1835
Random effects:
 Groups       Name        Variance   Std.Dev. 
 S:IDR:IDL:pp (Intercept) 3.6352e-04 0.0190662
 IDR:pp       (Intercept) 1.6043e-05 0.0040053
 S:pp         (Intercept) 1.5594e-04 0.0124877
 IDL:pp       (Intercept) 3.4238e-04 0.0185034
 pp           (Intercept) 1.0106e-04 0.0100528
 pp           (Intercept) 1.0100e-04 0.0100500
 pp           (Intercept) 1.0133e-04 0.0100665
 pp           (Intercept) 1.0117e-04 0.0100582
 pp           (Intercept) 1.0134e-04 0.0100666
 Residual                 7.0574e-04 0.0265657
Number of obs: 540, groups: S:IDR:IDL:pp, 180; IDR:pp, 30; S:pp, 30; IDL:pp, 20; pp, 10

Fixed effects:
                    Estimate Std. Error t value
(Intercept)        1.200e+00  8.761e-03  136.96
grp1               5.632e-03  8.761e-03    0.64
S1                -1.654e-02  4.129e-03   -4.01
S2                 5.975e-03  4.129e-03    1.45
IDR1               9.844e-03  2.779e-03    3.54
IDR2               2.064e-03  2.779e-03    0.74
IDL1               1.380e-02  4.522e-03    3.05
grp1:S1            2.993e-03  4.129e-03    0.72
grp1:S2           -4.532e-03  4.129e-03   -1.10
grp1:IDR1         -9.144e-04  2.779e-03   -0.33
grp1:IDR2          5.430e-03  2.779e-03    1.95
S1:IDR1           -2.086e-03  3.648e-03   -0.57
S2:IDR1           -2.908e-03  3.648e-03   -0.80
S1:IDR2           -2.093e-05  3.648e-03   -0.01
S2:IDR2            3.189e-03  3.648e-03    0.87
grp1:IDL1         -1.364e-03  4.522e-03   -0.30
S1:IDL1            4.147e-03  2.579e-03    1.61
S2:IDL1            2.824e-04  2.579e-03    0.11
IDR1:IDL1          1.651e-02  2.579e-03    6.40
IDR2:IDL1         -1.725e-03  2.579e-03   -0.67
grp1:S1:IDR1       1.173e-03  3.648e-03    0.32
grp1:S2:IDR1      -7.577e-03  3.648e-03   -2.08
grp1:S1:IDR2      -1.861e-04  3.648e-03   -0.05
grp1:S2:IDR2      -2.132e-03  3.648e-03   -0.58
grp1:S1:IDL1       3.969e-03  2.579e-03    1.54
grp1:S2:IDL1      -4.713e-03  2.579e-03   -1.83
grp1:IDR1:IDL1    -1.898e-03  2.579e-03   -0.74
grp1:IDR2:IDL1    -3.038e-03  2.579e-03   -1.18
S1:IDR1:IDL1      -1.078e-02  3.648e-03   -2.95
S2:IDR1:IDL1       7.159e-03  3.648e-03    1.96
S1:IDR2:IDL1       7.865e-03  3.648e-03    2.16
S2:IDR2:IDL1      -1.894e-03  3.648e-03   -0.52
grp1:S1:IDR1:IDL1 -6.678e-04  3.648e-03   -0.18
grp1:S2:IDR1:IDL1  6.266e-03  3.648e-03    1.72
grp1:S1:IDR2:IDL1 -8.894e-04  3.648e-03   -0.24
grp1:S2:IDR2:IDL1 -2.851e-03  3.648e-03   -0.78

Correlation of Fixed Effects:
            (Intr) grp1   S1     S2     IDR1   IDR2   IDL1   gr1:S1 gr1:S2
grp1         0.000                                                        
S1           0.000  0.000                                                 
S2           0.000  0.000 -0.500                                          
IDR1         0.000  0.000  0.000  0.000                                   
IDR2         0.000  0.000  0.000  0.000 -0.500                            
IDL1         0.000  0.000  0.000  0.000  0.000  0.000                     
grp1:S1      0.000  0.000  0.000  0.000  0.000  0.000  0.000              
grp1:S2      0.000  0.000  0.000  0.000  0.000  0.000  0.000 -0.500       
grp1:IDR1    0.000  0.000  0.000  0.000  0.000  0.000  0.000  0.000  0.000
grp1:IDR2    0.000  0.000  0.000  0.000  0.000  0.000  0.000  0.000  0.000
S1:IDR1      0.000  0.000  0.000  0.000  0.000  0.000  0.000  0.000  0.000
S2:IDR1      0.000  0.000  0.000  0.000  0.000  0.000  0.000  0.000  0.000
S1:IDR2      0.000  0.000  0.000  0.000  0.000  0.000  0.000  0.000  0.000
S2:IDR2      0.000  0.000  0.000  0.000  0.000  0.000  0.000  0.000  0.000
grp1:IDL1    0.000  0.000  0.000  0.000  0.000  0.000  0.000  0.000  0.000
S1:IDL1      0.000  0.000  0.000  0.000  0.000  0.000  0.000  0.000  0.000
S2:IDL1      0.000  0.000  0.000  0.000  0.000  0.000  0.000  0.000  0.000
IDR1:IDL1    0.000  0.000  0.000  0.000  0.000  0.000  0.000  0.000  0.000
IDR2:IDL1    0.000  0.000  0.000  0.000  0.000  0.000  0.000  0.000  0.000
gr1:S1:IDR1  0.000  0.000  0.000  0.000  0.000  0.000  0.000  0.000  0.000
gr1:S2:IDR1  0.000  0.000  0.000  0.000  0.000  0.000  0.000  0.000  0.000
gr1:S1:IDR2  0.000  0.000  0.000  0.000  0.000  0.000  0.000  0.000  0.000
gr1:S2:IDR2  0.000  0.000  0.000  0.000  0.000  0.000  0.000  0.000  0.000
gr1:S1:IDL1  0.000  0.000  0.000  0.000  0.000  0.000  0.000  0.000  0.000
gr1:S2:IDL1  0.000  0.000  0.000  0.000  0.000  0.000  0.000  0.000  0.000
g1:IDR1:IDL  0.000  0.000  0.000  0.000  0.000  0.000  0.000  0.000  0.000
g1:IDR2:IDL  0.000  0.000  0.000  0.000  0.000  0.000  0.000  0.000  0.000
S1:IDR1:IDL  0.000  0.000  0.000  0.000  0.000  0.000  0.000  0.000  0.000
S2:IDR1:IDL  0.000  0.000  0.000  0.000  0.000  0.000  0.000  0.000  0.000
S1:IDR2:IDL  0.000  0.000  0.000  0.000  0.000  0.000  0.000  0.000  0.000
S2:IDR2:IDL  0.000  0.000  0.000  0.000  0.000  0.000  0.000  0.000  0.000
g1:S1:IDR1:  0.000  0.000  0.000  0.000  0.000  0.000  0.000  0.000  0.000
g1:S2:IDR1:  0.000  0.000  0.000  0.000  0.000  0.000  0.000  0.000  0.000
g1:S1:IDR2:  0.000  0.000  0.000  0.000  0.000  0.000  0.000  0.000  0.000
g1:S2:IDR2:  0.000  0.000  0.000  0.000  0.000  0.000  0.000  0.000  0.000
            gr1:IDR1 gr1:IDR2 S1:IDR1 S2:IDR1 S1:IDR2 S2:IDR2 g1:IDL S1:IDL
grp1                                                                       
S1                                                                         
S2                                                                         
IDR1                                                                       
IDR2                                                                       
IDL1                                                                       
grp1:S1                                                                    
grp1:S2                                                                    
grp1:IDR1                                                                  
grp1:IDR2   -0.500                                                         
S1:IDR1      0.000    0.000                                                
S2:IDR1      0.000    0.000   -0.500                                       
S1:IDR2      0.000    0.000   -0.500   0.250                               
S2:IDR2      0.000    0.000    0.250  -0.500  -0.500                       
grp1:IDL1    0.000    0.000    0.000   0.000   0.000   0.000               
S1:IDL1      0.000    0.000    0.000   0.000   0.000   0.000   0.000       
S2:IDL1      0.000    0.000    0.000   0.000   0.000   0.000   0.000 -0.500
IDR1:IDL1    0.000    0.000    0.000   0.000   0.000   0.000   0.000  0.000
IDR2:IDL1    0.000    0.000    0.000   0.000   0.000   0.000   0.000  0.000
gr1:S1:IDR1  0.000    0.000    0.000   0.000   0.000   0.000   0.000  0.000
gr1:S2:IDR1  0.000    0.000    0.000   0.000   0.000   0.000   0.000  0.000
gr1:S1:IDR2  0.000    0.000    0.000   0.000   0.000   0.000   0.000  0.000
gr1:S2:IDR2  0.000    0.000    0.000   0.000   0.000   0.000   0.000  0.000
gr1:S1:IDL1  0.000    0.000    0.000   0.000   0.000   0.000   0.000  0.000
gr1:S2:IDL1  0.000    0.000    0.000   0.000   0.000   0.000   0.000  0.000
g1:IDR1:IDL  0.000    0.000    0.000   0.000   0.000   0.000   0.000  0.000
g1:IDR2:IDL  0.000    0.000    0.000   0.000   0.000   0.000   0.000  0.000
S1:IDR1:IDL  0.000    0.000    0.000   0.000   0.000   0.000   0.000  0.000
S2:IDR1:IDL  0.000    0.000    0.000   0.000   0.000   0.000   0.000  0.000
S1:IDR2:IDL  0.000    0.000    0.000   0.000   0.000   0.000   0.000  0.000
S2:IDR2:IDL  0.000    0.000    0.000   0.000   0.000   0.000   0.000  0.000
g1:S1:IDR1:  0.000    0.000    0.000   0.000   0.000   0.000   0.000  0.000
g1:S2:IDR1:  0.000    0.000    0.000   0.000   0.000   0.000   0.000  0.000
g1:S1:IDR2:  0.000    0.000    0.000   0.000   0.000   0.000   0.000  0.000
g1:S2:IDR2:  0.000    0.000    0.000   0.000   0.000   0.000   0.000  0.000
            S2:IDL IDR1:I IDR2:I gr1:S1:IDR1 gr1:S2:IDR1 gr1:S1:IDR2
grp1                                                                
S1                                                                  
S2                                                                  
IDR1                                                                
IDR2                                                                
IDL1                                                                
grp1:S1                                                             
grp1:S2                                                             
grp1:IDR1                                                           
grp1:IDR2                                                           
S1:IDR1                                                             
S2:IDR1                                                             
S1:IDR2                                                             
S2:IDR2                                                             
grp1:IDL1                                                           
S1:IDL1                                                             
S2:IDL1                                                             
IDR1:IDL1    0.000                                                  
IDR2:IDL1    0.000 -0.500                                           
gr1:S1:IDR1  0.000  0.000  0.000                                    
gr1:S2:IDR1  0.000  0.000  0.000 -0.500                             
gr1:S1:IDR2  0.000  0.000  0.000 -0.500       0.250                 
gr1:S2:IDR2  0.000  0.000  0.000  0.250      -0.500      -0.500     
gr1:S1:IDL1  0.000  0.000  0.000  0.000       0.000       0.000     
gr1:S2:IDL1  0.000  0.000  0.000  0.000       0.000       0.000     
g1:IDR1:IDL  0.000  0.000  0.000  0.000       0.000       0.000     
g1:IDR2:IDL  0.000  0.000  0.000  0.000       0.000       0.000     
S1:IDR1:IDL  0.000  0.000  0.000  0.000       0.000       0.000     
S2:IDR1:IDL  0.000  0.000  0.000  0.000       0.000       0.000     
S1:IDR2:IDL  0.000  0.000  0.000  0.000       0.000       0.000     
S2:IDR2:IDL  0.000  0.000  0.000  0.000       0.000       0.000     
g1:S1:IDR1:  0.000  0.000  0.000  0.000       0.000       0.000     
g1:S2:IDR1:  0.000  0.000  0.000  0.000       0.000       0.000     
g1:S1:IDR2:  0.000  0.000  0.000  0.000       0.000       0.000     
g1:S2:IDR2:  0.000  0.000  0.000  0.000       0.000       0.000     
            gr1:S2:IDR2 g1:S1:IDL g1:S2:IDL g1:IDR1: g1:IDR2: S1:IDR1: S2:IDR1:
grp1                                                                           
S1                                                                             
S2                                                                             
IDR1                                                                           
IDR2                                                                           
IDL1                                                                           
grp1:S1                                                                        
grp1:S2                                                                        
grp1:IDR1                                                                      
grp1:IDR2                                                                      
S1:IDR1                                                                        
S2:IDR1                                                                        
S1:IDR2                                                                        
S2:IDR2                                                                        
grp1:IDL1                                                                      
S1:IDL1                                                                        
S2:IDL1                                                                        
IDR1:IDL1                                                                      
IDR2:IDL1                                                                      
gr1:S1:IDR1                                                                    
gr1:S2:IDR1                                                                    
gr1:S1:IDR2                                                                    
gr1:S2:IDR2                                                                    
gr1:S1:IDL1  0.000                                                             
gr1:S2:IDL1  0.000      -0.500                                                 
g1:IDR1:IDL  0.000       0.000     0.000                                       
g1:IDR2:IDL  0.000       0.000     0.000    -0.500                             
S1:IDR1:IDL  0.000       0.000     0.000     0.000    0.000                    
S2:IDR1:IDL  0.000       0.000     0.000     0.000    0.000   -0.500           
S1:IDR2:IDL  0.000       0.000     0.000     0.000    0.000   -0.500    0.250  
S2:IDR2:IDL  0.000       0.000     0.000     0.000    0.000    0.250   -0.500  
g1:S1:IDR1:  0.000       0.000     0.000     0.000    0.000    0.000    0.000  
g1:S2:IDR1:  0.000       0.000     0.000     0.000    0.000    0.000    0.000  
g1:S1:IDR2:  0.000       0.000     0.000     0.000    0.000    0.000    0.000  
g1:S2:IDR2:  0.000       0.000     0.000     0.000    0.000    0.000    0.000  
            S1:IDR2: S2:IDR2: g1:S1:IDR1: g1:S2:IDR1: g1:S1:IDR2:
grp1                                                             
S1                                                               
S2                                                               
IDR1                                                             
IDR2                                                             
IDL1                                                             
grp1:S1                                                          
grp1:S2                                                          
grp1:IDR1                                                        
grp1:IDR2                                                        
S1:IDR1                                                          
S2:IDR1                                                          
S1:IDR2                                                          
S2:IDR2                                                          
grp1:IDL1                                                        
S1:IDL1                                                          
S2:IDL1                                                          
IDR1:IDL1                                                        
IDR2:IDL1                                                        
gr1:S1:IDR1                                                      
gr1:S2:IDR1                                                      
gr1:S1:IDR2                                                      
gr1:S2:IDR2                                                      
gr1:S1:IDL1                                                      
gr1:S2:IDL1                                                      
g1:IDR1:IDL                                                      
g1:IDR2:IDL                                                      
S1:IDR1:IDL                                                      
S2:IDR1:IDL                                                      
S1:IDR2:IDL                                                      
S2:IDR2:IDL -0.500                                               
g1:S1:IDR1:  0.000    0.000                                      
g1:S2:IDR1:  0.000    0.000   -0.500                             
g1:S1:IDR2:  0.000    0.000   -0.500       0.250                 
g1:S2:IDR2:  0.000    0.000    0.250      -0.500      -0.500     
