[1] "Summary by group"
  grp    d4D.m      d4D.s
1   C 1.205522 0.05226873
2   U 1.194259 0.04773248
[1] "Summary by session\n"
  S    d4D.m      d4D.s
1 1 1.183352 0.04469205
2 2 1.205866 0.05362408
3 3 1.210453 0.04826219
[1] "Summary by IDR+IDR\n"
  IDL IDR    d4D.m      d4D.s
1   D   D 1.240044 0.04394229
2   D   M 1.214033 0.05093098
3   D   E 1.187006 0.04749054
4   E   D 1.179423 0.04265813
5   E   M 1.189874 0.04400002
6   E   E 1.188960 0.04640913
[1] "Summary by group + Session\n"
  grp S    d4D.m      d4D.s
1   C 1 1.191977 0.04533447
2   C 2 1.206966 0.05464797
3   C 3 1.217623 0.05366663
4   U 1 1.174728 0.04256235
5   U 2 1.204766 0.05286347
6   U 3 1.203282 0.04123776
[1] "Summary by Session + IDR + IDL \n"
   S IDL IDR    d4D.m      d4D.s
1  1   D   D 1.214790 0.03895843
2  1   D   M 1.209487 0.03618159
3  1   D   E 1.179633 0.03723396
4  1   E   D 1.167430 0.03124526
5  1   E   M 1.161303 0.04906887
6  1   E   E 1.167470 0.04429440
7  2   D   D 1.250553 0.04095012
8  2   D   M 1.221587 0.05588270
9  2   D   E 1.187717 0.05647736
10 2   E   D 1.175050 0.04767138
11 2   E   M 1.200650 0.03855882
12 2   E   E 1.199637 0.04782592
13 3   D   D 1.254790 0.04162112
14 3   D   M 1.211027 0.05864341
15 3   D   E 1.193667 0.04735913
16 3   E   D 1.195790 0.04347562
17 3   E   M 1.207670 0.02747383
18 3   E   E 1.199773 0.04054653
[1] "Summary by group + IDR + IDL\n"
   grp IDL IDR    d4D.m      d4D.s
1    C   D   D 1.241500 0.05103580
2    C   D   M 1.220693 0.05712737
3    C   D   E 1.191693 0.05604036
4    C   E   D 1.187402 0.04387684
5    C   E   M 1.205338 0.03870192
6    C   E   E 1.186504 0.04254794
7    U   D   D 1.238589 0.03601040
8    U   D   M 1.207373 0.04350425
9    U   D   E 1.182318 0.03710106
10   U   E   D 1.171444 0.04031617
11   U   E   M 1.174411 0.04392115
12   U   E   E 1.191416 0.05033790
[1] "Summary by group + Session + IDR + IDL\n"
   grp S IDL IDR    d4D.m      d4D.s
1    C 1   D   D 1.223713 0.04333558
2    C 1   D   M 1.222033 0.03601291
3    C 1   D   E 1.191853 0.03873407
4    C 1   E   D 1.176273 0.02841457
5    C 1   E   M 1.176493 0.05019433
6    C 1   E   E 1.161493 0.03872230
7    C 2   D   D 1.241453 0.05362090
8    C 2   D   M 1.214020 0.06940306
9    C 2   D   E 1.189453 0.06794662
10   C 2   E   D 1.169367 0.04847828
11   C 2   E   M 1.217013 0.01842800
12   C 2   E   E 1.210487 0.02634653
13   C 3   D   D 1.259333 0.05247064
14   C 3   D   M 1.226027 0.06374167
15   C 3   D   E 1.193773 0.06118091
16   C 3   E   D 1.216567 0.03873617
17   C 3   E   M 1.222507 0.02225124
18   C 3   E   E 1.187533 0.04699407
19   U 1   D   D 1.205867 0.03309578
20   U 1   D   M 1.196940 0.03282479
21   U 1   D   E 1.167413 0.03242598
22   U 1   E   D 1.158587 0.03236197
23   U 1   E   M 1.146113 0.04442506
24   U 1   E   E 1.173447 0.04988156
25   U 2   D   D 1.259653 0.02051713
26   U 2   D   M 1.229153 0.03910679
27   U 2   D   E 1.185980 0.04454228
28   U 2   E   D 1.180733 0.04783396
29   U 2   E   M 1.184287 0.04654465
30   U 2   E   E 1.188787 0.06157608
31   U 3   D   D 1.250247 0.02812421
32   U 3   D   M 1.196027 0.05077994
33   U 3   D   E 1.193560 0.03004751
34   U 3   E   D 1.175013 0.03859755
35   U 3   E   M 1.192833 0.02442784
36   U 3   E   E 1.212013 0.02959717
