[1] "HarmonicityUpL ~(S*DID*grp)+Error(pp/(S*DID))+grp"
$ANOVA
     Effect DFn DFd          F            p p<.05         ges
2       grp   1   8  2.0989872 0.1854325823       0.131800413
3         S   2  16  8.5885068 0.0029259139     * 0.112862261
5       DID   2  16 15.7044591 0.0001682982     * 0.278530856
4     grp:S   2  16  0.6532944 0.5336641895       0.009584433
6   grp:DID   2  16  2.1680677 0.1468292082       0.050600456
7     S:DID   4  32  2.9764299 0.0338449168     * 0.038022380
8 grp:S:DID   4  32  2.9919581 0.0331900738     * 0.038213165

$`Mauchly's Test for Sphericity`
     Effect         W         p p<.05
3         S 0.8994125 0.6900114      
4     grp:S 0.8994125 0.6900114      
5       DID 0.8389313 0.5408071      
6   grp:DID 0.8389313 0.5408071      
7     S:DID 0.7690291 0.9957364      
8 grp:S:DID 0.7690291 0.9957364      

$`Sphericity Corrections`
     Effect       GGe        p[GG] p[GG]<.05      HFe        p[HF] p[HF]<.05
3         S 0.9086056 0.0040990386         * 1.160876 0.0029259139         *
4     grp:S 0.9086056 0.5208583696           1.160876 0.5336641895          
5       DID 0.8612755 0.0004060685         * 1.075513 0.0001682982         *
6   grp:DID 0.8612755 0.1558009758           1.075513 0.1468292082          
7     S:DID 0.8793953 0.0414432654         * 1.654142 0.0338449168         *
8 grp:S:DID 0.8793953 0.0407203631         * 1.654142 0.0331900738         *

