[1] "IPerfEfL ~(S*IDR*IDL*grp)+Error(pp/(S*IDR*IDL))+grp"
$ANOVA
          Effect DFn DFd            F            p p<.05          ges
2            grp   1   8  4.646848318 6.321591e-02       1.280456e-01
3              S   2  16 10.332533159 1.315043e-03     * 1.262381e-01
4          grp:S   2  16  0.092846085 9.118211e-01       1.296554e-03
5            IDR   2  16  1.617712662 2.291635e-01       1.927780e-02
6        grp:IDR   2  16  0.851740537 4.451337e-01       1.024344e-02
7            IDL   1   8  3.122718531 1.151904e-01       1.066691e-01
8        grp:IDL   1   8  2.833400236 1.308208e-01       9.775229e-02
9          S:IDR   4  32  1.378103239 2.635105e-01       1.267642e-02
10     grp:S:IDR   4  32  0.712943932 5.892033e-01       6.598351e-03
11         S:IDL   2  16  0.100039094 9.053635e-01       1.029083e-03
12     grp:S:IDL   2  16  0.007737561 9.922960e-01       7.967044e-05
13       IDR:IDL   2  16 24.025776634 1.516081e-05     * 1.097875e-01
14   grp:IDR:IDL   2  16  1.931075484 1.773167e-01       9.815159e-03
15     S:IDR:IDL   4  32  2.985683081 3.345310e-02     * 1.261640e-02
16 grp:S:IDR:IDL   4  32  1.949662768 1.261848e-01       8.274782e-03

$`Mauchly's Test for Sphericity`
          Effect          W           p p<.05
3              S 0.48921315 0.081892368      
4          grp:S 0.48921315 0.081892368      
5            IDR 0.15266250 0.001390155     *
6        grp:IDR 0.15266250 0.001390155     *
9          S:IDR 0.01846142 0.003251664     *
10     grp:S:IDR 0.01846142 0.003251664     *
11         S:IDL 0.31058066 0.016695924     *
12     grp:S:IDL 0.31058066 0.016695924     *
13       IDR:IDL 0.31192171 0.016949606     *
14   grp:IDR:IDL 0.31192171 0.016949606     *
15     S:IDR:IDL 0.40170318 0.765061465      
16 grp:S:IDR:IDL 0.40170318 0.765061465      

$`Sphericity Corrections`
          Effect       GGe        p[GG] p[GG]<.05       HFe        p[HF]
3              S 0.6619067 0.0059258709         * 0.7425138 0.0041265199
4          grp:S 0.6619067 0.8332556756           0.7425138 0.8574643239
5            IDR 0.5413196 0.2392530336           0.5597332 0.2392087763
6        grp:IDR 0.5413196 0.3904132120           0.5597332 0.3934966492
9          S:IDR 0.5338447 0.2798327841           0.7339949 0.2739950318
10     grp:S:IDR 0.5338447 0.5129374034           0.7339949 0.5512198999
11         S:IDL 0.5919194 0.7999722219           0.6348550 0.8159095832
12     grp:S:IDL 0.5919194 0.9550289918           0.6348550 0.9628189407
13       IDR:IDL 0.5923896 0.0005269578         * 0.6355636 0.0003605823
14   grp:IDR:IDL 0.5923896 0.1984240375           0.6355636 0.1964473670
15     S:IDR:IDL 0.7312788 0.0528415406           1.1983542 0.0334531036
16 grp:S:IDR:IDL 0.7312788 0.1503903598           1.1983542 0.1261847825
   p[HF]<.05
3          *
4           
5           
6           
9           
10          
11          
12          
13         *
14          
15         *
16          

