[1] "rho ~(S*DID*grp)+Error(pp/(S*DID))+grp"
$ANOVA
     Effect DFn DFd        F          p p<.05        ges
2       grp   1   8 6.716971 0.03202776     * 0.25277602
3         S   2  16 3.509207 0.05449501       0.08333119
5       DID   2  16 5.923608 0.01187697     * 0.15892422
4     grp:S   2  16 3.438672 0.05724205       0.08179322
6   grp:DID   2  16 5.853488 0.01236650     * 0.15733895
7     S:DID   4  32 3.428286 0.01928188     * 0.05456120
8 grp:S:DID   4  32 3.328456 0.02181027     * 0.05305670

$`Mauchly's Test for Sphericity`
     Effect            W            p p<.05
3         S 0.9625501994 8.749472e-01      
4     grp:S 0.9625501994 8.749472e-01      
5       DID 0.4419165833 5.737082e-02      
6   grp:DID 0.4419165833 5.737082e-02      
7     S:DID 0.0005344356 4.840052e-07     *
8 grp:S:DID 0.0005344356 4.840052e-07     *

$`Sphericity Corrections`
     Effect       GGe      p[GG] p[GG]<.05       HFe      p[HF] p[HF]<.05
3         S 0.9639021 0.05684442           1.2639774 0.05449501          
4     grp:S 0.9639021 0.05962637           1.2639774 0.05724205          
5       DID 0.6418142 0.02871663         * 0.7111470 0.02416601         *
6   grp:DID 0.6418142 0.02952333         * 0.7111470 0.02490676         *
7     S:DID 0.5086003 0.05655603           0.6834859 0.03832048         *
8 grp:S:DID 0.5086003 0.06072557           0.6834859 0.04192935         *

