[1] "Summary by group"
  grp    rho.m      rho.s
1   C 1.001059 0.01229887
2   U 1.523212 0.83040929
[1] "Summary by session\n"
  S    rho.m     rho.s
1 1 1.107456 0.4074318
2 2 1.241850 0.6443357
3 3 1.437100 0.7800739
[1] "Summary by DID\n"
  DID    rho.m      rho.s
1   1 1.004233 0.04016093
2   2 1.306098 0.61154880
3   3 1.476074 0.86841670
[1] "Summary by group + Session\n"
  grp S    rho.m      rho.s
1   C 1 1.000000 0.00000000
2   C 2 1.000000 0.00000000
3   C 3 1.003176 0.02130227
4   U 1 1.214911 0.55870906
5   U 2 1.483700 0.84860532
6   U 3 1.871024 0.91938418
[1] "Summary by Session + DID\n"
  S DID    rho.m      rho.s
1 1   1 1.012700 0.06956076
2 1   2 1.116333 0.37241508
3 1   3 1.193333 0.59069412
4 2   1 1.000000 0.00000000
5 2   2 1.303757 0.65803579
6 2   3 1.421793 0.86206580
7 3   1 1.000000 0.00000000
8 3   2 1.498203 0.70755154
9 3   3 1.813097 1.00951871
[1] "Summary by group + DID\n"
  grp DID    rho.m      rho.s
1   C   1 1.000000 0.00000000
2   C   2 1.000000 0.00000000
3   C   3 1.003176 0.02130227
4   U   1 1.008467 0.05679613
5   U   2 1.612196 0.75155378
6   U   3 1.948973 1.03322273
[1] "Summary by group + Session + DID\n"
   grp S DID    rho.m      rho.s
1    C 1   1 1.000000 0.00000000
2    C 1   2 1.000000 0.00000000
3    C 1   3 1.000000 0.00000000
4    C 2   1 1.000000 0.00000000
5    C 2   2 1.000000 0.00000000
6    C 2   3 1.000000 0.00000000
7    C 3   1 1.000000 0.00000000
8    C 3   2 1.000000 0.00000000
9    C 3   3 1.009527 0.03689662
10   U 1   1 1.025400 0.09837378
11   U 1   2 1.232667 0.50822473
12   U 1   3 1.386667 0.80166493
13   U 2   1 1.000000 0.00000000
14   U 2   2 1.607513 0.83620224
15   U 2   3 1.843587 1.07617967
16   U 3   1 1.000000 0.00000000
17   U 3   2 1.996407 0.71073651
18   U 3   3 2.616667 0.85205261
