[1] "MTL ~(S*IDR*IDL*grp)+Error(pp/(S*IDR*IDL))+grp"
$ANOVA
          Effect DFn DFd          F            p p<.05         ges
2            grp   1   8  4.6407741 6.335487e-02       0.105579299
3              S   2  16 30.1857307 3.711172e-06     * 0.306621225
4          grp:S   2  16  0.3612741 7.023284e-01       0.005264709
5            IDR   2  16 32.9874503 2.106263e-06     * 0.316301991
6        grp:IDR   2  16  1.5474186 2.430145e-01       0.021240879
7            IDL   1   8 87.5311240 1.392293e-05     * 0.716922470
8        grp:IDL   1   8  8.6708305 1.857769e-02     * 0.200562414
9          S:IDR   4  32  5.1913712 2.443017e-03     * 0.057215517
10     grp:S:IDR   4  32  1.2818202 2.976874e-01       0.014763419
11         S:IDL   2  16  0.3778683 6.912763e-01       0.004728569
12     grp:S:IDL   2  16  1.2124654 3.233798e-01       0.015015728
13       IDR:IDL   2  16 13.8550552 3.223329e-04     * 0.117103175
14   grp:IDR:IDL   2  16  0.3229838 7.285972e-01       0.003082410
15     S:IDR:IDL   4  32  1.3831572 2.618219e-01       0.011106074
16 grp:S:IDR:IDL   4  32  0.6437755 6.352674e-01       0.005200074

$`Mauchly's Test for Sphericity`
          Effect         W           p p<.05
3              S 0.5233063 0.103668297      
4          grp:S 0.5233063 0.103668297      
5            IDR 0.2147204 0.004587294     *
6        grp:IDR 0.2147204 0.004587294     *
9          S:IDR 0.0115733 0.001107710     *
10     grp:S:IDR 0.0115733 0.001107710     *
11         S:IDL 0.3579208 0.027431792     *
12     grp:S:IDL 0.3579208 0.027431792     *
13       IDR:IDL 0.9886409 0.960804430      
14   grp:IDR:IDL 0.9886409 0.960804430      
15     S:IDR:IDL 0.1463961 0.211607700      
16 grp:S:IDR:IDL 0.1463961 0.211607700      

$`Sphericity Corrections`
          Effect       GGe        p[GG] p[GG]<.05       HFe        p[HF]
3              S 0.6771885 9.521011e-05         * 0.7666244 3.858219e-05
4          grp:S 0.6771885 6.244471e-01           0.7666244 6.492331e-01
5            IDR 0.5601364 2.261832e-04         * 0.5874110 1.687604e-04
6        grp:IDR 0.5601364 2.494481e-01           0.5874110 2.495647e-01
9          S:IDR 0.5378268 1.565656e-02         * 0.7421216 6.822581e-03
10     grp:S:IDR 0.5378268 3.048479e-01           0.7421216 3.033173e-01
11         S:IDL 0.6089840 5.939251e-01           0.6606952 6.098278e-01
12     grp:S:IDL 0.6089840 3.105186e-01           0.6606952 3.132766e-01
13       IDR:IDL 0.9887685 3.437148e-04         * 1.3115757 3.223329e-04
14   grp:IDR:IDL 0.9887685 7.262925e-01           1.3115757 7.285972e-01
15     S:IDR:IDL 0.5503119 2.782238e-01           0.7678905 2.712644e-01
16 grp:S:IDR:IDL 0.5503119 5.514928e-01           0.7678905 5.977202e-01
   p[HF]<.05
3          *
4           
5          *
6           
9          *
10          
11          
12          
13         *
14          
15          
16          

