            Estimate MCMCmean HPD95lower HPD95upper pMCMC Pr(>|t|)
(Intercept)   0.8244   0.8247     0.8123     0.8358 0.001   0.0000
grp1         -0.0036  -0.0039    -0.0159     0.0066 0.520   0.4674
S1           -0.0163  -0.0161    -0.0259    -0.0069 0.004   0.0067
S2           -0.0003  -0.0004    -0.0093     0.0098 0.932   0.9606
ID1          -0.0468  -0.0472    -0.0592    -0.0342 0.001   0.0000
ID2           0.0267   0.0271     0.0156     0.0389 0.001   0.0001
grp1:S1      -0.0029  -0.0030    -0.0126     0.0070 0.546   0.6284
grp1:S2       0.0017   0.0016    -0.0075     0.0121 0.750   0.7739
grp1:ID1     -0.0027  -0.0026    -0.0139     0.0096 0.682   0.7008
grp1:ID2     -0.0053  -0.0056    -0.0169     0.0063 0.354   0.4464
S1:ID1        0.0058   0.0061    -0.0060     0.0166 0.304   0.4905
S2:ID1       -0.0106  -0.0109    -0.0218     0.0010 0.078   0.2081
S1:ID2       -0.0095  -0.0095    -0.0235     0.0014 0.134   0.2614
S2:ID2        0.0067   0.0068    -0.0045     0.0172 0.244   0.4274
grp1:S1:ID1  -0.0013  -0.0013    -0.0133     0.0113 0.838   0.8804
grp1:S2:ID1  -0.0053  -0.0052    -0.0172     0.0069 0.372   0.5312
grp1:S1:ID2  -0.0001  -0.0001    -0.0115     0.0117 0.960   0.9938
grp1:S2:ID2  -0.0016  -0.0019    -0.0150     0.0099 0.736   0.8461
Analysis of Variance Table
         Df   Sum Sq  Mean Sq F value
grp       1 0.000872 0.000872  0.5296
S         2 0.016699 0.008350  5.0722
ID        2 0.075969 0.037984 23.0743
grp:S     2 0.000391 0.000196  0.1188
grp:ID    2 0.002245 0.001123  0.6820
S:ID      4 0.004116 0.001029  0.6251
grp:S:ID  4 0.002019 0.000505  0.3066
Linear mixed model fit by REML 
Formula: vfTrajCircularity ~ (1 | pp) + (1 | pp/S) + (1 | pp/ID) + (1 |      pp/S:ID) + grp * S * ID 
   Data: mdata 
    AIC    BIC logLik deviance REMLdev
 -676.3 -582.8  364.2   -877.8  -728.3
Random effects:
 Groups   Name        Variance   Std.Dev.  
 S:ID:pp  (Intercept) 1.0502e-03 3.2407e-02
 ID:pp    (Intercept) 1.8282e-04 1.3521e-02
 S:pp     (Intercept) 9.2347e-13 9.6097e-07
 pp       (Intercept) 0.0000e+00 0.0000e+00
 pp       (Intercept) 2.9113e-13 5.3956e-07
 pp       (Intercept) 1.4798e-12 1.2165e-06
 pp       (Intercept) 4.4435e-13 6.6660e-07
 Residual             1.6462e-03 4.0573e-02
Number of obs: 270, groups: S:ID:pp, 90; ID:pp, 30; S:pp, 30; pp, 10

Fixed effects:
              Estimate Std. Error t value
(Intercept)  8.244e-01  4.885e-03  168.77
grp1        -3.555e-03  4.885e-03   -0.73
S1          -1.629e-02  5.961e-03   -2.73
S2          -2.946e-04  5.961e-03   -0.05
ID1         -4.677e-02  6.908e-03   -6.77
ID2          2.669e-02  6.908e-03    3.86
grp1:S1     -2.888e-03  5.961e-03   -0.48
grp1:S2      1.714e-03  5.961e-03    0.29
grp1:ID1    -2.657e-03  6.908e-03   -0.38
grp1:ID2    -5.268e-03  6.908e-03   -0.76
S1:ID1       5.820e-03  8.430e-03    0.69
S2:ID1      -1.064e-02  8.430e-03   -1.26
S1:ID2      -9.489e-03  8.430e-03   -1.13
S2:ID2       6.701e-03  8.430e-03    0.79
grp1:S1:ID1 -1.270e-03  8.430e-03   -0.15
grp1:S2:ID1 -5.286e-03  8.430e-03   -0.63
grp1:S1:ID2 -6.556e-05  8.430e-03   -0.01
grp1:S2:ID2 -1.638e-03  8.430e-03   -0.19

Correlation of Fixed Effects:
            (Intr) grp1   S1     S2     ID1    ID2    gr1:S1 gr1:S2 g1:ID1
grp1         0.000                                                        
S1           0.000  0.000                                                 
S2           0.000  0.000 -0.500                                          
ID1          0.000  0.000  0.000  0.000                                   
ID2          0.000  0.000  0.000  0.000 -0.500                            
grp1:S1      0.000  0.000  0.000  0.000  0.000  0.000                     
grp1:S2      0.000  0.000  0.000  0.000  0.000  0.000 -0.500              
grp1:ID1     0.000  0.000  0.000  0.000  0.000  0.000  0.000  0.000       
grp1:ID2     0.000  0.000  0.000  0.000  0.000  0.000  0.000  0.000 -0.500
S1:ID1       0.000  0.000  0.000  0.000  0.000  0.000  0.000  0.000  0.000
S2:ID1       0.000  0.000  0.000  0.000  0.000  0.000  0.000  0.000  0.000
S1:ID2       0.000  0.000  0.000  0.000  0.000  0.000  0.000  0.000  0.000
S2:ID2       0.000  0.000  0.000  0.000  0.000  0.000  0.000  0.000  0.000
grp1:S1:ID1  0.000  0.000  0.000  0.000  0.000  0.000  0.000  0.000  0.000
grp1:S2:ID1  0.000  0.000  0.000  0.000  0.000  0.000  0.000  0.000  0.000
grp1:S1:ID2  0.000  0.000  0.000  0.000  0.000  0.000  0.000  0.000  0.000
grp1:S2:ID2  0.000  0.000  0.000  0.000  0.000  0.000  0.000  0.000  0.000
            g1:ID2 S1:ID1 S2:ID1 S1:ID2 S2:ID2 g1:S1:ID1 g1:S2:ID1 g1:S1:ID2
grp1                                                                        
S1                                                                          
S2                                                                          
ID1                                                                         
ID2                                                                         
grp1:S1                                                                     
grp1:S2                                                                     
grp1:ID1                                                                    
grp1:ID2                                                                    
S1:ID1       0.000                                                          
S2:ID1       0.000 -0.500                                                   
S1:ID2       0.000 -0.500  0.250                                            
S2:ID2       0.000  0.250 -0.500 -0.500                                     
grp1:S1:ID1  0.000  0.000  0.000  0.000  0.000                              
grp1:S2:ID1  0.000  0.000  0.000  0.000  0.000 -0.500                       
grp1:S1:ID2  0.000  0.000  0.000  0.000  0.000 -0.500     0.250             
grp1:S2:ID2  0.000  0.000  0.000  0.000  0.000  0.250    -0.500    -0.500   
Linear mixed model fit by REML 
Formula: vfTrajCircularity ~ (1 | pp) + (1 | pp/S) + (1 | pp/ID) + (1 |      pp/S:ID) + grp * S * ID 
   Data: mdata 
    AIC    BIC logLik deviance REMLdev
 -676.3 -582.8  364.2   -877.8  -728.3
Random effects:
 Groups   Name        Variance   Std.Dev.  
 S:ID:pp  (Intercept) 1.0502e-03 3.2407e-02
 ID:pp    (Intercept) 1.8282e-04 1.3521e-02
 S:pp     (Intercept) 9.2347e-13 9.6097e-07
 pp       (Intercept) 0.0000e+00 0.0000e+00
 pp       (Intercept) 2.9113e-13 5.3956e-07
 pp       (Intercept) 1.4798e-12 1.2165e-06
 pp       (Intercept) 4.4435e-13 6.6660e-07
 Residual             1.6462e-03 4.0573e-02
Number of obs: 270, groups: S:ID:pp, 90; ID:pp, 30; S:pp, 30; pp, 10

Fixed effects:
              Estimate Std. Error t value
(Intercept)  8.244e-01  4.885e-03  168.77
grp1        -3.555e-03  4.885e-03   -0.73
S1          -1.629e-02  5.961e-03   -2.73
S2          -2.946e-04  5.961e-03   -0.05
ID1         -4.677e-02  6.908e-03   -6.77
ID2          2.669e-02  6.908e-03    3.86
grp1:S1     -2.888e-03  5.961e-03   -0.48
grp1:S2      1.714e-03  5.961e-03    0.29
grp1:ID1    -2.657e-03  6.908e-03   -0.38
grp1:ID2    -5.268e-03  6.908e-03   -0.76
S1:ID1       5.820e-03  8.430e-03    0.69
S2:ID1      -1.064e-02  8.430e-03   -1.26
S1:ID2      -9.489e-03  8.430e-03   -1.13
S2:ID2       6.701e-03  8.430e-03    0.79
grp1:S1:ID1 -1.270e-03  8.430e-03   -0.15
grp1:S2:ID1 -5.286e-03  8.430e-03   -0.63
grp1:S1:ID2 -6.556e-05  8.430e-03   -0.01
grp1:S2:ID2 -1.638e-03  8.430e-03   -0.19

Correlation of Fixed Effects:
            (Intr) grp1   S1     S2     ID1    ID2    gr1:S1 gr1:S2 g1:ID1
grp1         0.000                                                        
S1           0.000  0.000                                                 
S2           0.000  0.000 -0.500                                          
ID1          0.000  0.000  0.000  0.000                                   
ID2          0.000  0.000  0.000  0.000 -0.500                            
grp1:S1      0.000  0.000  0.000  0.000  0.000  0.000                     
grp1:S2      0.000  0.000  0.000  0.000  0.000  0.000 -0.500              
grp1:ID1     0.000  0.000  0.000  0.000  0.000  0.000  0.000  0.000       
grp1:ID2     0.000  0.000  0.000  0.000  0.000  0.000  0.000  0.000 -0.500
S1:ID1       0.000  0.000  0.000  0.000  0.000  0.000  0.000  0.000  0.000
S2:ID1       0.000  0.000  0.000  0.000  0.000  0.000  0.000  0.000  0.000
S1:ID2       0.000  0.000  0.000  0.000  0.000  0.000  0.000  0.000  0.000
S2:ID2       0.000  0.000  0.000  0.000  0.000  0.000  0.000  0.000  0.000
grp1:S1:ID1  0.000  0.000  0.000  0.000  0.000  0.000  0.000  0.000  0.000
grp1:S2:ID1  0.000  0.000  0.000  0.000  0.000  0.000  0.000  0.000  0.000
grp1:S1:ID2  0.000  0.000  0.000  0.000  0.000  0.000  0.000  0.000  0.000
grp1:S2:ID2  0.000  0.000  0.000  0.000  0.000  0.000  0.000  0.000  0.000
            g1:ID2 S1:ID1 S2:ID1 S1:ID2 S2:ID2 g1:S1:ID1 g1:S2:ID1 g1:S1:ID2
grp1                                                                        
S1                                                                          
S2                                                                          
ID1                                                                         
ID2                                                                         
grp1:S1                                                                     
grp1:S2                                                                     
grp1:ID1                                                                    
grp1:ID2                                                                    
S1:ID1       0.000                                                          
S2:ID1       0.000 -0.500                                                   
S1:ID2       0.000 -0.500  0.250                                            
S2:ID2       0.000  0.250 -0.500 -0.500                                     
grp1:S1:ID1  0.000  0.000  0.000  0.000  0.000                              
grp1:S2:ID1  0.000  0.000  0.000  0.000  0.000 -0.500                       
grp1:S1:ID2  0.000  0.000  0.000  0.000  0.000 -0.500     0.250             
grp1:S2:ID2  0.000  0.000  0.000  0.000  0.000  0.250    -0.500    -0.500   
