[1] "Summary by group"
  grp vfTrajCircularity.m vfTrajCircularity.s
1   C           0.8208484          0.06332368
2   U           0.8279580          0.06215022
[1] "Summary by session\n"
  S vfTrajCircularity.m vfTrajCircularity.s
1 1           0.8081107          0.06163083
2 2           0.8241087          0.06906029
3 3           0.8409903          0.05269675
[1] "Summary by ID\n"
  ID vfTrajCircularity.m vfTrajCircularity.s
1  D           0.7776311          0.06470167
2  M           0.8510924          0.04256016
3  E           0.8444861          0.05053034
[1] "Summary by group + Session\n"
  grp S vfTrajCircularity.m vfTrajCircularity.s
1   C 1           0.8016676          0.06551846
2   C 2           0.8222680          0.07108779
3   C 3           0.8386098          0.04652769
4   U 1           0.8145538          0.05749314
5   U 2           0.8259493          0.06772470
6   U 3           0.8433709          0.05865654
[1] "Summary by Session + ID\n"
  S ID vfTrajCircularity.m vfTrajCircularity.s
1 1  D           0.7671590          0.06246454
2 1  M           0.8253110          0.03989946
3 1  E           0.8318620          0.05948738
4 2  D           0.7666977          0.07046966
5 2  M           0.8574987          0.04566883
6 2  E           0.8481297          0.04924786
7 3  D           0.7990367          0.05717280
8 3  M           0.8704677          0.02762268
9 3  E           0.8534667          0.04012367
[1] "Summary by group + ID\n"
  grp ID vfTrajCircularity.m vfTrajCircularity.s
1   C  D           0.7714189          0.06283509
2   C  M           0.8422693          0.04095404
3   C  E           0.8488571          0.05306639
4   U  D           0.7838433          0.06663758
5   U  M           0.8599156          0.04274850
6   U  E           0.8401151          0.04805766
[1] "Summary by group + Session + ID\n"
   grp S ID vfTrajCircularity.m vfTrajCircularity.s
1    C 1  D           0.7567887          0.06454974
2    C 1  M           0.8135340          0.03953372
3    C 1  E           0.8346800          0.06546100
4    C 2  D           0.7569133          0.07075465
5    C 2  M           0.8487513          0.04208400
6    C 2  E           0.8611393          0.04645829
7    C 3  D           0.8005547          0.04326190
8    C 3  M           0.8645227          0.02184096
9    C 3  E           0.8507520          0.04501200
10   U 1  D           0.7775293          0.06070599
11   U 1  M           0.8370880          0.03791464
12   U 1  E           0.8290440          0.05502822
13   U 2  D           0.7764820          0.07124112
14   U 2  M           0.8662460          0.04883885
15   U 2  E           0.8351200          0.05002888
16   U 3  D           0.7975187          0.06996005
17   U 3  M           0.8764127          0.03205874
18   U 3  E           0.8561813          0.03595746
