[1] "q2L ~(S*DID*grp)+Error(pp/(S*DID))+grp"
$ANOVA
     Effect DFn DFd          F          p p<.05         ges
2       grp   1   8 0.06730178 0.80185773       0.003857838
3         S   2  16 1.29215015 0.30184928       0.037384005
5       DID   2  16 2.33520582 0.12887446       0.040682955
4     grp:S   2  16 2.37799018 0.12468490       0.066703621
6   grp:DID   2  16 0.66898536 0.52598546       0.012003208
7     S:DID   4  32 1.89126081 0.13610145       0.035111896
8 grp:S:DID   4  32 2.54214780 0.05875639       0.046632331

$`Mauchly's Test for Sphericity`
     Effect          W          p p<.05
3         S 0.56590067 0.13632978      
4     grp:S 0.56590067 0.13632978      
5       DID 0.34968828 0.02528621     *
6   grp:DID 0.34968828 0.02528621     *
7     S:DID 0.04838182 0.02599649     *
8 grp:S:DID 0.04838182 0.02599649     *

$`Sphericity Corrections`
     Effect       GGe     p[GG] p[GG]<.05       HFe      p[HF] p[HF]<.05
3         S 0.6973018 0.2974464           0.7986978 0.29976874          
4     grp:S 0.6973018 0.1466730           0.7986978 0.13903406          
5       DID 0.6059461 0.1573068           0.6560761 0.15357405          
6   grp:DID 0.6059461 0.4615110           0.6560761 0.47166233          
7     S:DID 0.5003162 0.1830748           0.6672815 0.16603450          
8 grp:S:DID 0.5003162 0.1099291           0.6672815 0.08893192          

