[1] "Full vs no Session"
Data: mdata
Models:
noS.mod: get(vname) ~ (1 | pp) + (1 | pp/DID) + DID + grp
full.mod: get(vname) ~ (1 | pp) + (1 | pp/DID) + (1 | pp/S) + (1 | pp/S:DID) + 
full.mod:     S + DID + grp
         Df     AIC     BIC logLik  Chisq Chi Df Pr(>Chisq)    
noS.mod   8 -1060.8 -1032.0 538.39                             
full.mod 14 -1143.9 -1093.5 585.95 95.126      6  < 2.2e-16 ***
---
Signif. codes:  0 ‘***’ 0.001 ‘**’ 0.01 ‘*’ 0.05 ‘.’ 0.1 ‘ ’ 1 
[1] "Full vs no Group"
Data: mdata
Models:
nogrp.mod: get(vname) ~ (1 | pp) + (1 | pp/DID) + (1 | pp/S) + (1 | pp/S:DID) + 
nogrp.mod:     S + DID
full.mod: get(vname) ~ (1 | pp) + (1 | pp/DID) + (1 | pp/S) + (1 | pp/S:DID) + 
full.mod:     S + DID + grp
          Df     AIC     BIC logLik Chisq Chi Df Pr(>Chisq)
nogrp.mod 13 -1145.9 -1099.1 585.96                        
full.mod  14 -1143.9 -1093.5 585.95     0      1          1
[1] "Full vs no Session and no Group"
Data: mdata
Models:
noSgrp.mod: get(vname) ~ (1 | pp) + (1 | pp/DID) + DID
full.mod: get(vname) ~ (1 | pp) + (1 | pp/DID) + (1 | pp/S) + (1 | pp/S:DID) + 
full.mod:     S + DID + grp
           Df     AIC     BIC logLik  Chisq Chi Df Pr(>Chisq)    
noSgrp.mod  7 -1062.8 -1037.6 538.40                             
full.mod   14 -1143.9 -1093.5 585.95 95.102      7  < 2.2e-16 ***
---
Signif. codes:  0 ‘***’ 0.001 ‘**’ 0.01 ‘*’ 0.05 ‘.’ 0.1 ‘ ’ 1 
[1] "No Group vs no Session and no Group"
Data: mdata
Models:
noSgrp.mod: get(vname) ~ (1 | pp) + (1 | pp/DID) + DID
nogrp.mod: get(vname) ~ (1 | pp) + (1 | pp/DID) + (1 | pp/S) + (1 | pp/S:DID) + 
nogrp.mod:     S + DID
           Df     AIC     BIC logLik  Chisq Chi Df Pr(>Chisq)    
noSgrp.mod  7 -1062.8 -1037.6 538.40                             
nogrp.mod  13 -1145.9 -1099.1 585.96 95.119      6  < 2.2e-16 ***
---
Signif. codes:  0 ‘***’ 0.001 ‘**’ 0.01 ‘*’ 0.05 ‘.’ 0.1 ‘ ’ 1 
[1] "No Session vs no Session and no Group"
Data: mdata
Models:
noSgrp.mod: get(vname) ~ (1 | pp) + (1 | pp/DID) + DID
noS.mod: get(vname) ~ (1 | pp) + (1 | pp/DID) + DID + grp
           Df     AIC     BIC logLik Chisq Chi Df Pr(>Chisq)
noSgrp.mod  7 -1062.8 -1037.6 538.40                        
noS.mod     8 -1060.8 -1032.0 538.39     0      1          1
