[1] "Summary by group"
  grp    d4D.m      d4D.s
1   C 1.217179 0.05802371
2   U 1.208618 0.04516386
[1] "Summary by session\n"
  S    d4D.m      d4D.s
1 1 1.200984 0.04039520
2 2 1.219120 0.05722095
3 3 1.218590 0.05544634
[1] "Summary by DID\n"
  DID    d4D.m      d4D.s
1   1 1.239110 0.04362561
2   2 1.213637 0.05069654
3   3 1.185948 0.04788104
[1] "Summary by group + Session\n"
  grp S    d4D.m      d4D.s
1   C 1 1.212371 0.04154361
2   C 2 1.213991 0.06590537
3   C 3 1.225173 0.06391011
4   U 1 1.189598 0.03618774
5   U 2 1.224249 0.04717588
6   U 3 1.212007 0.04522510
[1] "Summary by Session + DID\n"
  S DID    d4D.m      d4D.s
1 1   1 1.214583 0.03890746
2 1   2 1.209307 0.03621724
3 1   3 1.179063 0.03771358
4 2   1 1.249270 0.04099436
5 2   2 1.221190 0.05573902
6 2   3 1.186900 0.05694222
7 3   1 1.253477 0.04127839
8 3   2 1.210413 0.05813758
9 3   3 1.191880 0.04779948
[1] "Summary by group + DID\n"
  grp DID    d4D.m      d4D.s
1   C   1 1.240371 0.05066491
2   C   2 1.219976 0.05706617
3   C   3 1.191189 0.05639922
4   U   1 1.237849 0.03576949
5   U   2 1.207298 0.04312717
6   U   3 1.180707 0.03741970
[1] "Summary by group + Session + DID\n"
   grp S DID    d4D.m      d4D.s
1    C 1   1 1.223560 0.04331891
2    C 1   2 1.221833 0.03614510
3    C 1   3 1.191720 0.03942308
4    C 2   1 1.239840 0.05339491
5    C 2   2 1.213093 0.06916063
6    C 2   3 1.189040 0.06806661
7    C 3   1 1.257713 0.05210203
8    C 3   2 1.225000 0.06374725
9    C 3   3 1.192807 0.06165816
10   U 1   1 1.205607 0.03296222
11   U 1   2 1.196780 0.03277726
12   U 1   3 1.166407 0.03238482
13   U 2   1 1.258700 0.02096528
14   U 2   2 1.229287 0.03888349
15   U 2   3 1.184760 0.04553632
16   U 3   1 1.249240 0.02786457
17   U 3   2 1.195827 0.04981700
18   U 3   3 1.190953 0.03048294
