[1] "grp Tukey test"

	 Simultaneous Tests for General Linear Hypotheses

Multiple Comparisons of Means: Tukey Contrasts


Fit: lme.formula(fixed = fR ~ S + IDR + IDL + grp, data = mdata, random = ~1 | 
    pp)

Linear Hypotheses:
           Estimate Std. Error z value Pr(>|z|)
U - C == 0 -0.01325    0.08266   -0.16    0.873
(Adjusted p values reported -- single-step method)

[1] "S Tukey test"

	 Simultaneous Tests for General Linear Hypotheses

Multiple Comparisons of Means: Tukey Contrasts


Fit: lme.formula(fixed = fR ~ S + IDR + IDL + grp, data = mdata, random = ~1 | 
    pp)

Linear Hypotheses:
           Estimate Std. Error z value Pr(>|z|)    
2 - 1 == 0  0.17290    0.02958   5.846   <0.001 ***
3 - 1 == 0  0.24867    0.02958   8.408   <0.001 ***
3 - 2 == 0  0.07577    0.02958   2.562   0.0281 *  
---
Signif. codes:  0 ‘***’ 0.001 ‘**’ 0.01 ‘*’ 0.05 ‘.’ 0.1 ‘ ’ 1 
(Adjusted p values reported -- single-step method)

[1] "IDR Tukey test"

	 Simultaneous Tests for General Linear Hypotheses

Multiple Comparisons of Means: Tukey Contrasts


Fit: lme.formula(fixed = fR ~ S + IDR + IDL + grp, data = mdata, random = ~1 | 
    pp)

Linear Hypotheses:
           Estimate Std. Error z value Pr(>|z|)    
E - D == 0  0.38653    0.02415   16.01   <2e-16 ***
---
Signif. codes:  0 ‘***’ 0.001 ‘**’ 0.01 ‘*’ 0.05 ‘.’ 0.1 ‘ ’ 1 
(Adjusted p values reported -- single-step method)

[1] "IDL Tukey test"

	 Simultaneous Tests for General Linear Hypotheses

Multiple Comparisons of Means: Tukey Contrasts


Fit: lme.formula(fixed = fR ~ S + IDR + IDL + grp, data = mdata, random = ~1 | 
    pp)

Linear Hypotheses:
           Estimate Std. Error z value Pr(>|z|)    
M - D == 0  0.18769    0.02958   6.346 3.92e-10 ***
E - D == 0  0.61519    0.02958  20.800  < 1e-10 ***
E - M == 0  0.42750    0.02958  14.454  < 1e-10 ***
---
Signif. codes:  0 ‘***’ 0.001 ‘**’ 0.01 ‘*’ 0.05 ‘.’ 0.1 ‘ ’ 1 
(Adjusted p values reported -- single-step method)

