[1] "Summary by group"
  grp      fR.m      fR.s
1   C 0.6236138 0.4781815
2   U 0.6103621 0.4268270
[1] "Summary by session\n"
  S      fR.m      fR.s
1 1 0.4764618 0.2964332
2 2 0.6493661 0.4544607
3 3 0.7251360 0.5389412
[1] "Summary by IDR+IDR\n"
  IDL IDR      fR.m       fR.s
1   D   D 0.2963321 0.06378723
2   D   M 0.4041151 0.14526322
3   D   E 0.5707194 0.31349112
4   E   D 0.4023938 0.09466375
5   E   M 0.6699838 0.23859450
6   E   E 1.3583836 0.54356584
[1] "Summary by group + Session\n"
  grp S      fR.m      fR.s
1   C 1 0.4631559 0.2800671
2   C 2 0.6738434 0.5039456
3   C 3 0.7338421 0.5637713
4   U 1 0.4897678 0.3129489
5   U 2 0.6248887 0.4002709
6   U 3 0.7164299 0.5159336
[1] "Summary by Session + IDR + IDL \n"
   S IDL IDR      fR.m       fR.s
1  1   D   D 0.2402010 0.04395850
2  1   D   M 0.3172117 0.09675066
3  1   D   E 0.4221083 0.26564052
4  1   E   D 0.3661563 0.05484091
5  1   E   M 0.5489280 0.12118377
6  1   E   E 0.9641657 0.30285973
7  2   D   D 0.3125153 0.04502897
8  2   D   M 0.4036647 0.13616868
9  2   D   E 0.6030723 0.31887456
10 2   E   D 0.4177423 0.09377544
11 2   E   M 0.7514107 0.28746175
12 2   E   E 1.4077910 0.46666278
13 3   D   D 0.3362800 0.05784413
14 3   D   M 0.4914690 0.14543110
15 3   D   E 0.6869777 0.30240735
16 3   E   D 0.4232827 0.11681954
17 3   E   M 0.7096127 0.23182938
18 3   E   E 1.7031940 0.55765954
[1] "Summary by group + IDR + IDL\n"
   grp IDL IDR      fR.m       fR.s
1    C   D   D 0.3133707 0.06944791
2    C   D   M 0.3678464 0.07248663
3    C   D   E 0.4117993 0.06856799
4    C   E   D 0.4467989 0.09450961
5    C   E   M 0.7794064 0.24411992
6    C   E   E 1.4224611 0.62764565
7    U   D   D 0.2792936 0.05304017
8    U   D   M 0.4403838 0.18637984
9    U   D   E 0.7296396 0.37739392
10   U   E   D 0.3579887 0.07183867
11   U   E   M 0.5605611 0.17624715
12   U   E   E 1.2943060 0.44193344
[1] "Summary by group + Session + IDR + IDL\n"
   grp S IDL IDR      fR.m       fR.s
1    C 1   D   D 0.2494993 0.05286811
2    C 1   D   M 0.2997433 0.04023377
3    C 1   D   E 0.3469367 0.03438332
4    C 1   E   D 0.3800813 0.04910115
5    C 1   E   M 0.5631327 0.10384098
6    C 1   E   E 0.9395420 0.35580757
7    C 2   D   D 0.3282420 0.04323518
8    C 2   D   M 0.3794100 0.05063941
9    C 2   D   E 0.4231607 0.06293459
10   C 2   E   D 0.4541373 0.09879345
11   C 2   E   M 0.8962167 0.27073222
12   C 2   E   E 1.5618940 0.53400916
13   C 3   D   D 0.3623707 0.05756148
14   C 3   D   M 0.4243860 0.06158569
15   C 3   D   E 0.4653007 0.04382416
16   C 3   E   D 0.5061780 0.08541975
17   C 3   E   M 0.8788700 0.16698492
18   C 3   E   E 1.7659473 0.65514903
19   U 1   D   D 0.2309027 0.03197528
20   U 1   D   M 0.3346800 0.13083335
21   U 1   D   E 0.4972800 0.36452585
22   U 1   E   D 0.3522313 0.05833901
23   U 1   E   M 0.5347233 0.13858088
24   U 1   E   E 0.9887893 0.24920163
25   U 2   D   D 0.2967887 0.04243555
26   U 2   D   M 0.4279193 0.18596579
27   U 2   D   E 0.7829840 0.37054513
28   U 2   E   D 0.3813473 0.07494820
29   U 2   E   M 0.6066047 0.23009113
30   U 2   E   E 1.2536880 0.33918992
31   U 3   D   D 0.3101893 0.04646360
32   U 3   D   M 0.5585520 0.17428485
33   U 3   D   E 0.9086547 0.28672379
34   U 3   E   D 0.3403873 0.07903742
35   U 3   E   M 0.5403553 0.14851267
36   U 3   E   E 1.6404407 0.45444769
