[1] "MTRrel ~S*IDR*IDL*grp + Error(pp/(S*IDR*IDL))"
$ANOVA
          Effect DFn DFd           F            p p<.05         ges
2            grp   1   8  0.19372385 6.714845e-01       0.010336529
3              S   2  16  0.42061042 6.636992e-01       0.003711507
5            IDR   2  16  8.36224392 3.265705e-03     * 0.208051459
7            IDL   1   8 37.23818278 2.887353e-04     * 0.274737555
4          grp:S   2  16  0.11984034 8.878508e-01       0.001060297
6        grp:IDR   2  16  0.08916564 9.151453e-01       0.002793403
8        grp:IDL   1   8  0.85653715 3.817796e-01       0.008637993
9          S:IDR   4  32  0.93758658 4.547795e-01       0.007340142
11         S:IDL   2  16  2.01407644 1.658948e-01       0.007986854
13       IDR:IDL   2  16 28.17024545 5.726750e-06     * 0.141315548
10     grp:S:IDR   4  32  1.11418654 3.669879e-01       0.008710658
12     grp:S:IDL   2  16  2.97973709 7.942996e-02       0.011771122
14   grp:IDR:IDL   2  16  0.47148125 6.324775e-01       0.002746854
15     S:IDR:IDL   4  32  0.36074330 8.346413e-01       0.001050066
16 grp:S:IDR:IDL   4  32  1.52314846 2.189208e-01       0.004418692

$`Mauchly's Test for Sphericity`
          Effect          W            p p<.05
3              S 0.67794994 0.2565616200      
4          grp:S 0.67794994 0.2565616200      
5            IDR 0.11523445 0.0005194434     *
6        grp:IDR 0.11523445 0.0005194434     *
9          S:IDR 0.02613137 0.0070785174     *
10     grp:S:IDR 0.02613137 0.0070785174     *
11         S:IDL 0.57936021 0.1480199772      
12     grp:S:IDL 0.57936021 0.1480199772      
13       IDR:IDL 0.29177453 0.0134173216     *
14   grp:IDR:IDL 0.29177453 0.0134173216     *
15     S:IDR:IDL 0.18197413 0.2981650787      
16 grp:S:IDR:IDL 0.18197413 0.2981650787      

$`Sphericity Corrections`
          Effect       GGe        p[GG] p[GG]<.05       HFe        p[HF]
3              S 0.7564010 0.6112009760           0.8952415 0.6428423541
4          grp:S 0.7564010 0.8332737908           0.8952415 0.8673817656
5            IDR 0.5305700 0.0179897391         * 0.5440562 0.0171152194
6        grp:IDR 0.5305700 0.7871215713           0.5440562 0.7930726765
9          S:IDR 0.5850101 0.4223812215           0.8418948 0.4448078616
10     grp:S:IDR 0.5850101 0.3570678544           0.8418948 0.3648411067
11         S:IDL 0.7039082 0.1831230079           0.8093181 0.1770385729
12     grp:S:IDL 0.7039082 0.1029746948           0.8093181 0.0939021314
13       IDR:IDL 0.5854028 0.0003130619         * 0.6250555 0.0002127631
14   grp:IDR:IDL 0.5854028 0.5386273409           0.6250555 0.5499266853
15     S:IDR:IDL 0.5484229 0.7210330141           0.7639631 0.7853659243
16 grp:S:IDR:IDL 0.5484229 0.2455855918           0.7639631 0.2331767450
   p[HF]<.05
3           
4           
5          *
6           
9           
10          
11          
12          
13         *
14          
15          
16          

