[1] "Summary by group"
  grp HarmonicityLrel.m HarmonicityLrel.s
1   C         0.7408302         0.5388586
2   U         1.0467473         0.7236671
[1] "Summary by session\n"
  S HarmonicityLrel.m HarmonicityLrel.s
1 1         0.8192065         0.7069911
2 2         0.9197031         0.6003139
3 3         0.9424566         0.6519855
[1] "Summary by IDR+IDR\n"
  IDL IDR HarmonicityLrel.m HarmonicityLrel.s
1   D   D         1.1443972         0.5871659
2   D   M         1.1684447         0.7167857
3   D   E         1.1119719         0.7334471
4   E   D         0.3243543         0.4877034
5   E   M         0.6526318         0.5100301
6   E   E         0.9609325         0.3588326
[1] "Summary by group + Session\n"
  grp S HarmonicityLrel.m HarmonicityLrel.s
1   C 1         0.5821620         0.4356224
2   C 2         0.8195418         0.4827409
3   C 3         0.8207869         0.6454740
4   U 1         1.0562511         0.8377823
5   U 2         1.0198644         0.6866397
6   U 3         1.0641263         0.6390384
[1] "Summary by Session + IDR + IDL \n"
   S IDL IDR HarmonicityLrel.m HarmonicityLrel.s
1  1   D   D         1.1694956         0.4985471
2  1   D   M         1.0925848         0.8233588
3  1   D   E         0.9407723         0.6829564
4  1   E   D         0.2617175         0.5925523
5  1   E   M         0.4673460         0.6225362
6  1   E   E         0.9833229         0.5066022
7  2   D   D         1.1836528         0.4842428
8  2   D   M         1.1339589         0.4366102
9  2   D   E         1.2861171         0.8315382
10 2   E   D         0.2621606         0.3788234
11 2   E   M         0.7041385         0.4069790
12 2   E   E         0.9481907         0.2098812
13 3   D   D         1.0800432         0.7539878
14 3   D   M         1.2787904         0.8297294
15 3   D   E         1.1090264         0.6567704
16 3   E   D         0.4491849         0.4595236
17 3   E   M         0.7864109         0.4340228
18 3   E   E         0.9512839         0.3060782
[1] "Summary by group + IDR + IDL\n"
   grp IDL IDR HarmonicityLrel.m HarmonicityLrel.s
1    C   D   D        1.04635070        0.34930196
2    C   D   M        0.91852852        0.49907369
3    C   D   E        0.88505179        0.61200436
4    C   E   D        0.07437421        0.04597693
5    C   E   M        0.57472308        0.47541998
6    C   E   E        0.94595300        0.35622256
7    U   D   D        1.24244368        0.74544482
8    U   D   M        1.41836091        0.81388617
9    U   D   E        1.33889210        0.77989744
10   U   E   D        0.57433447        0.59260479
11   U   E   M        0.73054051        0.53640827
12   U   E   E        0.97591200        0.36482135
[1] "Summary by group + Session + IDR + IDL\n"
   grp S IDL IDR HarmonicityLrel.m HarmonicityLrel.s
1    C 1   D   D        0.92311938        0.22164730
2    C 1   D   M        0.74473306        0.32188962
3    C 1   D   E        0.65607432        0.25759370
4    C 1   E   D        0.06503451        0.04351565
5    C 1   E   M        0.23997065        0.33618841
6    C 1   E   E        0.86403985        0.46532365
7    C 2   D   D        1.28311955        0.22429415
8    C 2   D   M        0.98581780        0.20903419
9    C 2   D   E        0.92357923        0.48520193
10   C 2   E   D        0.06482804        0.03183316
11   C 2   E   M        0.72524344        0.42032354
12   C 2   E   E        0.93466277        0.26243596
13   C 3   D   D        0.93281316        0.44032317
14   C 3   D   M        1.02503471        0.76559131
15   C 3   D   E        1.07550181        0.88246897
16   C 3   E   D        0.09326007        0.05624414
17   C 3   E   M        0.75895517        0.48986033
18   C 3   E   E        1.03915637        0.31109424
19   U 1   D   D        1.41587189        0.57935331
20   U 1   D   M        1.44043656        1.02047144
21   U 1   D   E        1.22547038        0.85213611
22   U 1   E   D        0.45840047        0.80157848
23   U 1   E   M        0.69472127        0.76090568
24   U 1   E   E        1.10260601        0.53348637
25   U 2   D   D        1.08418597        0.64360167
26   U 2   D   M        1.28210007        0.55149911
27   U 2   D   E        1.64865497        0.95667998
28   U 2   E   D        0.45949320        0.46131154
29   U 2   E   M        0.68303353        0.40677804
30   U 2   E   E        0.96171867        0.14826297
31   U 3   D   D        1.22727318        0.96812592
32   U 3   D   M        1.53254609        0.83783294
33   U 3   D   E        1.14255094        0.33517951
34   U 3   E   D        0.80510973        0.40346121
35   U 3   E   M        0.81386673        0.38552370
36   U 3   E   E        0.86341133        0.28413654
