[1] "IPerfLrel ~S*IDR*IDL*grp + Error(pp/(S*IDR*IDL))"
$ANOVA
          Effect DFn DFd           F            p p<.05         ges
2            grp   1   8  0.07710509 7.883005e-01       0.005217539
3              S   2  16  3.88786559 4.206189e-02     * 0.043759151
5            IDR   2  16 50.36069493 1.246684e-07     * 0.337924379
7            IDL   1   8 69.38197231 3.261813e-05     * 0.458583679
4          grp:S   2  16  1.08911824 3.602018e-01       0.012657077
6        grp:IDR   2  16  3.18712115 6.838694e-02       0.031290489
8        grp:IDL   1   8  1.26096331 2.940358e-01       0.015160328
9          S:IDR   4  32  4.59076705 4.822457e-03     * 0.014343185
11         S:IDL   2  16 16.45793204 1.310274e-04     * 0.097541162
13       IDR:IDL   2  16 35.67347198 1.267588e-06     * 0.249281378
10     grp:S:IDR   4  32  3.82998847 1.182175e-02     * 0.011994754
12     grp:S:IDL   2  16  0.57911704 5.717144e-01       0.003788812
14   grp:IDR:IDL   2  16  1.20849594 3.244967e-01       0.011123831
15     S:IDR:IDL   4  32  7.76960042 1.709520e-04     * 0.028814697
16 grp:S:IDR:IDL   4  32  1.61353771 1.948937e-01       0.006123852

$`Mauchly's Test for Sphericity`
          Effect          W           p p<.05
3              S 0.90434941 0.703358778      
4          grp:S 0.90434941 0.703358778      
5            IDR 0.23794985 0.006572022     *
6        grp:IDR 0.23794985 0.006572022     *
9          S:IDR 0.18701855 0.310653195      
10     grp:S:IDR 0.18701855 0.310653195      
11         S:IDL 0.89325814 0.673626938      
12     grp:S:IDL 0.89325814 0.673626938      
13       IDR:IDL 0.18703537 0.002829652     *
14   grp:IDR:IDL 0.18703537 0.002829652     *
15     S:IDR:IDL 0.06265332 0.044695158     *
16 grp:S:IDR:IDL 0.06265332 0.044695158     *

$`Sphericity Corrections`
          Effect       GGe        p[GG] p[GG]<.05       HFe        p[HF]
3              S 0.9126997 4.743952e-02         * 1.1683829 4.206189e-02
4          grp:S 0.9126997 3.566778e-01           1.1683829 3.602018e-01
5            IDR 0.5675207 4.099984e-05         * 0.5983556 2.703087e-05
6        grp:IDR 0.5675207 1.049761e-01           0.5983556 1.018592e-01
9          S:IDR 0.5406480 2.304659e-02         * 0.7479059 1.128318e-02
10     grp:S:IDR 0.5406480 3.922104e-02         * 0.7479059 2.267439e-02
11         S:IDL 0.9035531 2.471641e-04         * 1.1516389 1.310274e-04
12     grp:S:IDL 0.9035531 5.563073e-01           1.1516389 5.717144e-01
13       IDR:IDL 0.5515827 1.864119e-04         * 0.5747919 1.435990e-04
14   grp:IDR:IDL 0.5515827 3.076331e-01           0.5747919 3.092244e-01
15     S:IDR:IDL 0.4758866 5.148460e-03         * 0.6205214 1.983133e-03
16 grp:S:IDR:IDL 0.4758866 2.314987e-01           0.6205214 2.217049e-01
   p[HF]<.05
3          *
4           
5          *
6           
9          *
10         *
11         *
12          
13         *
14          
15         *
16          

