[1] "Summary by group"
  grp IPerfLrel.m IPerfLrel.s
1   C   0.7513259   0.4972181
2   U   0.7107493   0.4821328
[1] "Summary by session\n"
  S IPerfLrel.m IPerfLrel.s
1 1   0.6507168   0.3106066
2 2   0.7477798   0.5243429
3 3   0.7946162   0.5829685
[1] "Summary by IDR+IDR\n"
  IDL IDR IPerfLrel.m IPerfLrel.s
1   D   D   1.4757162   0.5722322
2   D   M   0.8805232   0.3025873
3   D   E   0.6103394   0.2958082
4   E   D   0.5223053   0.2421892
5   E   M   0.4713937   0.2027257
6   E   E   0.4259479   0.2039190
[1] "Summary by group + Session\n"
  grp S IPerfLrel.m IPerfLrel.s
1   C 1   0.6378103   0.2838370
2   C 2   0.8107930   0.5561520
3   C 3   0.8053743   0.5812090
4   U 1   0.6636234   0.3363579
5   U 2   0.6847666   0.4854117
6   U 3   0.7838580   0.5877797
[1] "Summary by Session + IDR + IDL \n"
   S IDL IDR IPerfLrel.m IPerfLrel.s
1  1   D   D   1.1256504   0.2947614
2  1   D   M   0.7071582   0.1614076
3  1   D   E   0.5107385   0.2098972
4  1   E   D   0.5997417   0.2144225
5  1   E   M   0.5129020   0.1792900
6  1   E   E   0.4481100   0.1966505
7  2   D   D   1.5522664   0.5630673
8  2   D   M   0.9706265   0.3453917
9  2   D   E   0.6140371   0.3074461
10 2   E   D   0.4844295   0.2468015
11 2   E   M   0.4528521   0.2044881
12 2   E   E   0.4124672   0.2144639
13 3   D   D   1.7492317   0.6251229
14 3   D   M   0.9637848   0.2982983
15 3   D   E   0.7062425   0.3319204
16 3   E   D   0.4827446   0.2526219
17 3   E   M   0.4484269   0.2224489
18 3   E   E   0.4172664   0.2053690
[1] "Summary by group + IDR + IDL\n"
   grp IDL IDR IPerfLrel.m IPerfLrel.s
1    C   D   D   1.5614041  0.63783194
2    C   D   M   0.8610578  0.25471169
3    C   D   E   0.5007093  0.09814017
4    C   E   D   0.5993907  0.22415990
5    C   E   M   0.5336674  0.20525994
6    C   E   E   0.4517259  0.16179419
7    U   D   D   1.3900282  0.49040113
8    U   D   M   0.8999886  0.34575424
9    U   D   E   0.7199694  0.37786029
10   U   E   D   0.4452198  0.23715443
11   U   E   M   0.4091200  0.18183924
12   U   E   E   0.4001699  0.23785378
[1] "Summary by group + Session + IDR + IDL\n"
   grp S IDL IDR IPerfLrel.m IPerfLrel.s
1    C 1   D   D   1.0783905  0.32416954
2    C 1   D   M   0.6612446  0.07026727
3    C 1   D   E   0.4495336  0.03606601
4    C 1   E   D   0.6287100  0.21572356
5    C 1   E   M   0.5538840  0.20505434
6    C 1   E   E   0.4550988  0.14932232
7    C 2   D   D   1.7542661  0.58784350
8    C 2   D   M   1.0091560  0.31646210
9    C 2   D   E   0.5266752  0.12616618
10   C 2   E   D   0.5938075  0.25013204
11   C 2   E   M   0.5248885  0.22699528
12   C 2   E   E   0.4559647  0.18784259
13   C 3   D   D   1.8515558  0.66928378
14   C 3   D   M   0.9127729  0.17226242
15   C 3   D   E   0.5259189  0.09403413
16   C 3   E   D   0.5756547  0.21739473
17   C 3   E   M   0.5222296  0.19539436
18   C 3   E   E   0.4441141  0.15683174
19   U 1   D   D   1.1729103  0.26476892
20   U 1   D   M   0.7530718  0.21097616
21   U 1   D   E   0.5719434  0.28623875
22   U 1   E   D   0.5707734  0.21657157
23   U 1   E   M   0.4719200  0.14470530
24   U 1   E   E   0.4411213  0.24021508
25   U 2   D   D   1.3502668  0.47301027
26   U 2   D   M   0.9320970  0.37918679
27   U 2   D   E   0.7013989  0.40438279
28   U 2   E   D   0.3750516  0.19486041
29   U 2   E   M   0.3808156  0.15482533
30   U 2   E   E   0.3689697  0.23650720
31   U 3   D   D   1.6469077  0.58231692
32   U 3   D   M   1.0147968  0.38609472
33   U 3   D   E   0.8865660  0.38689905
34   U 3   E   D   0.3898345  0.25775153
35   U 3   E   M   0.3746243  0.22945762
36   U 3   E   E   0.3904187  0.24743628
