[1] "circularityL ~(S*IDR*IDL*grp)+Error(pp/(S*IDR*IDL))+grp"
$ANOVA
          Effect DFn DFd           F            p p<.05          ges
2            grp   1   8  2.38214262 1.613052e-01       0.0510777897
3              S   2  16  0.40173360 6.757229e-01       0.0101624028
4          grp:S   2  16  1.51659226 2.493838e-01       0.0373120141
5            IDR   2  16 14.53418819 2.523391e-04     * 0.0857293622
6        grp:IDR   2  16  0.03583358 9.648780e-01       0.0002311287
7            IDL   1   8 83.36949992 1.666557e-05     * 0.5076209762
8        grp:IDL   1   8  0.42671720 5.319252e-01       0.0052491297
9          S:IDR   4  32  0.58988016 6.723659e-01       0.0113209689
10     grp:S:IDR   4  32  0.95545649 4.451747e-01       0.0182093436
11         S:IDL   2  16  0.41098406 6.698004e-01       0.0044046916
12     grp:S:IDL   2  16  0.41293236 6.685605e-01       0.0044254800
13       IDR:IDL   2  16  0.96509122 4.020520e-01       0.0154989732
14   grp:IDR:IDL   2  16  0.69737526 5.124060e-01       0.0112479230
15     S:IDR:IDL   4  32  1.52602110 2.181151e-01       0.0173072215
16 grp:S:IDR:IDL   4  32  0.24127439 9.128103e-01       0.0027768513

$`Mauchly's Test for Sphericity`
          Effect          W          p p<.05
3              S 0.69494604 0.27978782      
4          grp:S 0.69494604 0.27978782      
5            IDR 0.58534009 0.15343659      
6        grp:IDR 0.58534009 0.15343659      
9          S:IDR 0.07857208 0.06957108      
10     grp:S:IDR 0.07857208 0.06957108      
11         S:IDL 0.84475661 0.55406485      
12     grp:S:IDL 0.84475661 0.55406485      
13       IDR:IDL 0.56797941 0.13809058      
14   grp:IDR:IDL 0.56797941 0.13809058      
15     S:IDR:IDL 0.31153296 0.60225368      
16 grp:S:IDR:IDL 0.31153296 0.60225368      

$`Sphericity Corrections`
          Effect       GGe       p[GG] p[GG]<.05       HFe        p[HF]
3              S 0.7662518 0.624599036           0.9116768 0.6579475606
4          grp:S 0.7662518 0.253692005           0.9116768 0.2512997408
5            IDR 0.7068837 0.001460792         * 0.8141153 0.0007659581
6        grp:IDR 0.7068837 0.920643677           0.8141153 0.9413757120
9          S:IDR 0.5750222 0.587045807           0.8202233 0.6414286930
10     grp:S:IDR 0.5750222 0.414193258           0.8202233 0.4346398450
11         S:IDL 0.8656185 0.642328264           1.0832386 0.6698004236
12     grp:S:IDL 0.8656185 0.641144984           1.0832386 0.6685605072
13       IDR:IDL 0.6983140 0.378714372           0.8003223 0.3878871683
14   grp:IDR:IDL 0.6983140 0.468474415           0.8003223 0.4851095028
15     S:IDR:IDL 0.5904118 0.242676855           0.8537432 0.2269789804
16 grp:S:IDR:IDL 0.5904118 0.822024606           0.8537432 0.8885886427
   p[HF]<.05
3           
4           
5          *
6           
9           
10          
11          
12          
13          
14          
15          
16          

