            Estimate MCMCmean HPD95lower HPD95upper pMCMC Pr(>|t|)
(Intercept)   1.3951   1.3969     1.3263     1.4714 0.001   0.0000
grp1         -0.0060  -0.0061    -0.0782     0.0591 0.864   0.8350
S1           -0.0437  -0.0444    -0.1122     0.0074 0.134   0.2763
S2           -0.0008  -0.0014    -0.0537     0.0597 0.964   0.9843
ID1          -0.1742  -0.1746    -0.2285    -0.1249 0.001   0.0000
grp1:S1      -0.0270  -0.0275    -0.0891     0.0314 0.356   0.5016
grp1:S2      -0.0197  -0.0195    -0.0816     0.0387 0.512   0.6225
grp1:ID1     -0.0223  -0.0208    -0.0682     0.0286 0.396   0.4410
S1:ID1        0.0126   0.0121    -0.0333     0.0584 0.600   0.7528
S2:ID1        0.0064   0.0063    -0.0412     0.0524 0.798   0.8729
grp1:S1:ID1   0.0195   0.0184    -0.0316     0.0650 0.446   0.6268
grp1:S2:ID1   0.0368   0.0370    -0.0152     0.0808 0.130   0.3598
Analysis of Variance Table
         Df  Sum Sq Mean Sq F value
grp       1 0.00094 0.00094  0.0435
S         2 0.03499 0.01749  0.8097
ID        1 0.78857 0.78857 36.5008
grp:S     2 0.02964 0.01482  0.6859
grp:ID    1 0.01289 0.01289  0.5965
S:ID      2 0.00506 0.00253  0.1171
grp:S:ID  2 0.04401 0.02201  1.0186
Linear mixed model fit by REML 
Formula: vfCircularity ~ (1 | pp) + (1 | pp/S) + (1 | pp/ID) + (1 | pp/S:ID) +      grp * S * ID 
   Data: mdata 
   AIC   BIC logLik deviance REMLdev
 22.14 85.99  8.932   -77.24  -17.86
Random effects:
 Groups   Name        Variance   Std.Dev.  
 S:ID:pp  (Intercept) 4.0849e-02 2.0211e-01
 S:pp     (Intercept) 0.0000e+00 0.0000e+00
 ID:pp    (Intercept) 6.1801e-04 2.4860e-02
 pp       (Intercept) 4.0763e-14 2.0190e-07
 pp       (Intercept) 0.0000e+00 0.0000e+00
 pp       (Intercept) 0.0000e+00 0.0000e+00
 pp       (Intercept) 0.0000e+00 0.0000e+00
 Residual             2.1604e-02 1.4698e-01
Number of obs: 180, groups: S:ID:pp, 60; S:pp, 30; ID:pp, 20; pp, 10

Fixed effects:
              Estimate Std. Error t value
(Intercept)  1.3951491  0.0288399   48.38
grp1        -0.0060156  0.0288399   -0.21
S1          -0.0437074  0.0400210   -1.09
S2          -0.0007866  0.0400210   -0.02
ID1         -0.1742387  0.0288399   -6.04
grp1:S1     -0.0269511  0.0400210   -0.67
grp1:S2     -0.0197386  0.0400210   -0.49
grp1:ID1    -0.0222744  0.0288399   -0.77
S1:ID1       0.0126237  0.0400210    0.32
S2:ID1       0.0064112  0.0400210    0.16
grp1:S1:ID1  0.0194978  0.0400210    0.49
grp1:S2:ID1  0.0367503  0.0400210    0.92

Correlation of Fixed Effects:
            (Intr) grp1   S1     S2     ID1    gr1:S1 gr1:S2 g1:ID1 S1:ID1
grp1         0.000                                                        
S1           0.000  0.000                                                 
S2           0.000  0.000 -0.500                                          
ID1          0.000  0.000  0.000  0.000                                   
grp1:S1      0.000  0.000  0.000  0.000  0.000                            
grp1:S2      0.000  0.000  0.000  0.000  0.000 -0.500                     
grp1:ID1     0.000  0.000  0.000  0.000  0.000  0.000  0.000              
S1:ID1       0.000  0.000  0.000  0.000  0.000  0.000  0.000  0.000       
S2:ID1       0.000  0.000  0.000  0.000  0.000  0.000  0.000  0.000 -0.500
grp1:S1:ID1  0.000  0.000  0.000  0.000  0.000  0.000  0.000  0.000  0.000
grp1:S2:ID1  0.000  0.000  0.000  0.000  0.000  0.000  0.000  0.000  0.000
            S2:ID1 g1:S1:
grp1                     
S1                       
S2                       
ID1                      
grp1:S1                  
grp1:S2                  
grp1:ID1                 
S1:ID1                   
S2:ID1                   
grp1:S1:ID1  0.000       
grp1:S2:ID1  0.000 -0.500
Linear mixed model fit by REML 
Formula: vfCircularity ~ (1 | pp) + (1 | pp/S) + (1 | pp/ID) + (1 | pp/S:ID) +      grp * S * ID 
   Data: mdata 
   AIC   BIC logLik deviance REMLdev
 22.14 85.99  8.932   -77.24  -17.86
Random effects:
 Groups   Name        Variance   Std.Dev.  
 S:ID:pp  (Intercept) 4.0849e-02 2.0211e-01
 S:pp     (Intercept) 0.0000e+00 0.0000e+00
 ID:pp    (Intercept) 6.1801e-04 2.4860e-02
 pp       (Intercept) 4.0763e-14 2.0190e-07
 pp       (Intercept) 0.0000e+00 0.0000e+00
 pp       (Intercept) 0.0000e+00 0.0000e+00
 pp       (Intercept) 0.0000e+00 0.0000e+00
 Residual             2.1604e-02 1.4698e-01
Number of obs: 180, groups: S:ID:pp, 60; S:pp, 30; ID:pp, 20; pp, 10

Fixed effects:
              Estimate Std. Error t value
(Intercept)  1.3951491  0.0288399   48.38
grp1        -0.0060156  0.0288399   -0.21
S1          -0.0437074  0.0400210   -1.09
S2          -0.0007866  0.0400210   -0.02
ID1         -0.1742387  0.0288399   -6.04
grp1:S1     -0.0269511  0.0400210   -0.67
grp1:S2     -0.0197386  0.0400210   -0.49
grp1:ID1    -0.0222744  0.0288399   -0.77
S1:ID1       0.0126237  0.0400210    0.32
S2:ID1       0.0064112  0.0400210    0.16
grp1:S1:ID1  0.0194978  0.0400210    0.49
grp1:S2:ID1  0.0367503  0.0400210    0.92

Correlation of Fixed Effects:
            (Intr) grp1   S1     S2     ID1    gr1:S1 gr1:S2 g1:ID1 S1:ID1
grp1         0.000                                                        
S1           0.000  0.000                                                 
S2           0.000  0.000 -0.500                                          
ID1          0.000  0.000  0.000  0.000                                   
grp1:S1      0.000  0.000  0.000  0.000  0.000                            
grp1:S2      0.000  0.000  0.000  0.000  0.000 -0.500                     
grp1:ID1     0.000  0.000  0.000  0.000  0.000  0.000  0.000              
S1:ID1       0.000  0.000  0.000  0.000  0.000  0.000  0.000  0.000       
S2:ID1       0.000  0.000  0.000  0.000  0.000  0.000  0.000  0.000 -0.500
grp1:S1:ID1  0.000  0.000  0.000  0.000  0.000  0.000  0.000  0.000  0.000
grp1:S2:ID1  0.000  0.000  0.000  0.000  0.000  0.000  0.000  0.000  0.000
            S2:ID1 g1:S1:
grp1                     
S1                       
S2                       
ID1                      
grp1:S1                  
grp1:S2                  
grp1:ID1                 
S1:ID1                   
S2:ID1                   
grp1:S1:ID1  0.000       
grp1:S2:ID1  0.000 -0.500
