Post-hoc Tukey comparisons[1] "grp Tukey test"

	Pairwise comparisons using paired t tests 

data:  mdata$d1D and mdata$grp 

  C   
U 0.46

P value adjustment method: bonferroni 
[1] "S Tukey test"

	Pairwise comparisons using paired t tests 

data:  mdata$d1D and mdata$S 

  1     2    
2 1.000 -    
3 0.029 0.107

P value adjustment method: bonferroni 
[1] "IDR Tukey test"

	Pairwise comparisons using paired t tests 

data:  mdata$d1D and mdata$IDR 

  D       M      
M 0.21241 -      
E 0.00028 0.52885

P value adjustment method: bonferroni 
[1] "IDL Tukey test"
