Linear mixed-effects model fit by REML
 Data: mdata 
       AIC      BIC    logLik
  243.1886 271.7962 -113.5943

Random effects:
 Formula: ~1 | pp
        (Intercept)  Residual
StdDev:   0.1457341 0.3412747

Fixed effects: IDef ~ S + ID + grp 
                Value  Std.Error  DF  t-value p-value
(Intercept)  4.434862 0.05054906 256 87.73383  0.0000
S1          -0.111977 0.02937225 256 -3.81233  0.0002
S2           0.064956 0.02937225 256  2.21146  0.0279
ID1          1.123028 0.02937225 256 38.23432  0.0000
ID2         -0.145461 0.02937225 256 -4.95233  0.0000
grp1        -0.028826 0.05054906   8 -0.57026  0.5842
 Correlation: 
     (Intr) S1   S2   ID1  ID2 
S1    0.0                      
S2    0.0   -0.5               
ID1   0.0    0.0  0.0          
ID2   0.0    0.0  0.0 -0.5     
grp1  0.0    0.0  0.0  0.0  0.0

Standardized Within-Group Residuals:
        Min          Q1         Med          Q3         Max 
-4.41463853 -0.43874119  0.07621356  0.61784885  2.60846564 

Number of Observations: 270
Number of Groups: 10 
            numDF denDF  F-value p-value
(Intercept)     1   256 7697.225  <.0001
S               2   256    7.329  0.0008
ID              2   256  864.693  <.0001
grp             1     8    0.325  0.5842
