            Estimate MCMCmean HPD95lower HPD95upper pMCMC Pr(>|t|)
(Intercept)   4.4349   4.4377     4.3063     4.5480 0.001   0.0000
grp1         -0.0288  -0.0245    -0.1548     0.0938 0.690   0.5690
S1           -0.1120  -0.1139    -0.2017    -0.0281 0.012   0.0567
S2            0.0650   0.0660    -0.0253     0.1499 0.130   0.2678
ID1           1.1230   1.1232     1.0564     1.1869 0.001   0.0000
ID2          -0.1455  -0.1459    -0.2049    -0.0756 0.001   0.0002
grp1:S1       0.0391   0.0379    -0.0476     0.1256 0.428   0.5042
grp1:S2      -0.0129  -0.0105    -0.1002     0.0856 0.852   0.8250
grp1:ID1     -0.0220  -0.0234    -0.0841     0.0368 0.458   0.5684
grp1:ID2      0.0197   0.0202    -0.0356     0.0882 0.530   0.6084
S1:ID1       -0.0272  -0.0275    -0.1045     0.0385 0.440   0.5040
S2:ID1        0.0395   0.0387    -0.0292     0.1094 0.290   0.3320
S1:ID2       -0.0953  -0.0951    -0.1623    -0.0239 0.010   0.0199
S2:ID2        0.0490   0.0497    -0.0268     0.1129 0.182   0.2295
grp1:S1:ID1   0.1145   0.1130     0.0363     0.1800 0.002   0.0053
grp1:S2:ID1  -0.0637  -0.0638    -0.1380     0.0027 0.066   0.1190
grp1:S1:ID2  -0.0703  -0.0693    -0.1406    -0.0026 0.052   0.0853
grp1:S2:ID2   0.0406   0.0403    -0.0370     0.1047 0.286   0.3194
Analysis of Variance Table
         Df Sum Sq Mean Sq  F value
grp       1  0.024   0.024   0.3250
S         2  0.272   0.136   1.8484
ID        2 74.415  37.208 505.0652
grp:S     2  0.034   0.017   0.2322
grp:ID    2  0.029   0.015   0.1976
S:ID      4  0.793   0.198   2.6918
grp:S:ID  4  0.596   0.149   2.0238
Linear mixed model fit by REML 
Formula: IDef ~ (1 | pp) + (1 | pp/S) + (1 | pp/ID) + (1 | pp/S:ID) +      grp * S * ID 
   Data: mdata 
 AIC   BIC logLik deviance REMLdev
 274 367.6   -111      139     222
Random effects:
 Groups   Name        Variance  Std.Dev.
 S:ID:pp  (Intercept) 0.0126879 0.112641
 ID:pp    (Intercept) 0.0097407 0.098695
 S:pp     (Intercept) 0.0388965 0.197222
 pp       (Intercept) 0.0013008 0.036067
 pp       (Intercept) 0.0013002 0.036058
 pp       (Intercept) 0.0013006 0.036064
 pp       (Intercept) 0.0012999 0.036054
 Residual             0.0736691 0.271420
Number of obs: 270, groups: S:ID:pp, 90; ID:pp, 30; S:pp, 30; pp, 10

Fixed effects:
            Estimate Std. Error t value
(Intercept)  4.43486    0.05055   87.74
grp1        -0.02883    0.05055   -0.57
S1          -0.11198    0.05849   -1.91
S2           0.06496    0.05849    1.11
ID1          1.12303    0.03843   29.22
ID2         -0.14546    0.03843   -3.78
grp1:S1      0.03912    0.05849    0.67
grp1:S2     -0.01295    0.05849   -0.22
grp1:ID1    -0.02195    0.03843   -0.57
grp1:ID2     0.01972    0.03843    0.51
S1:ID1      -0.02723    0.04069   -0.67
S2:ID1       0.03955    0.04069    0.97
S1:ID2      -0.09531    0.04069   -2.34
S2:ID2       0.04901    0.04069    1.20
grp1:S1:ID1  0.11450    0.04069    2.81
grp1:S2:ID1 -0.06365    0.04069   -1.56
grp1:S1:ID2 -0.07028    0.04069   -1.73
grp1:S2:ID2  0.04059    0.04069    1.00

Correlation of Fixed Effects:
            (Intr) grp1   S1     S2     ID1    ID2    gr1:S1 gr1:S2 g1:ID1
grp1         0.000                                                        
S1           0.000  0.000                                                 
S2           0.000  0.000 -0.500                                          
ID1          0.000  0.000  0.000  0.000                                   
ID2          0.000  0.000  0.000  0.000 -0.500                            
grp1:S1      0.000  0.000  0.000  0.000  0.000  0.000                     
grp1:S2      0.000  0.000  0.000  0.000  0.000  0.000 -0.500              
grp1:ID1     0.000  0.000  0.000  0.000  0.000  0.000  0.000  0.000       
grp1:ID2     0.000  0.000  0.000  0.000  0.000  0.000  0.000  0.000 -0.500
S1:ID1       0.000  0.000  0.000  0.000  0.000  0.000  0.000  0.000  0.000
S2:ID1       0.000  0.000  0.000  0.000  0.000  0.000  0.000  0.000  0.000
S1:ID2       0.000  0.000  0.000  0.000  0.000  0.000  0.000  0.000  0.000
S2:ID2       0.000  0.000  0.000  0.000  0.000  0.000  0.000  0.000  0.000
grp1:S1:ID1  0.000  0.000  0.000  0.000  0.000  0.000  0.000  0.000  0.000
grp1:S2:ID1  0.000  0.000  0.000  0.000  0.000  0.000  0.000  0.000  0.000
grp1:S1:ID2  0.000  0.000  0.000  0.000  0.000  0.000  0.000  0.000  0.000
grp1:S2:ID2  0.000  0.000  0.000  0.000  0.000  0.000  0.000  0.000  0.000
            g1:ID2 S1:ID1 S2:ID1 S1:ID2 S2:ID2 g1:S1:ID1 g1:S2:ID1 g1:S1:ID2
grp1                                                                        
S1                                                                          
S2                                                                          
ID1                                                                         
ID2                                                                         
grp1:S1                                                                     
grp1:S2                                                                     
grp1:ID1                                                                    
grp1:ID2                                                                    
S1:ID1       0.000                                                          
S2:ID1       0.000 -0.500                                                   
S1:ID2       0.000 -0.500  0.250                                            
S2:ID2       0.000  0.250 -0.500 -0.500                                     
grp1:S1:ID1  0.000  0.000  0.000  0.000  0.000                              
grp1:S2:ID1  0.000  0.000  0.000  0.000  0.000 -0.500                       
grp1:S1:ID2  0.000  0.000  0.000  0.000  0.000 -0.500     0.250             
grp1:S2:ID2  0.000  0.000  0.000  0.000  0.000  0.250    -0.500    -0.500   
Linear mixed model fit by REML 
Formula: IDef ~ (1 | pp) + (1 | pp/S) + (1 | pp/ID) + (1 | pp/S:ID) +      grp * S * ID 
   Data: mdata 
 AIC   BIC logLik deviance REMLdev
 274 367.6   -111      139     222
Random effects:
 Groups   Name        Variance  Std.Dev.
 S:ID:pp  (Intercept) 0.0126879 0.112641
 ID:pp    (Intercept) 0.0097407 0.098695
 S:pp     (Intercept) 0.0388965 0.197222
 pp       (Intercept) 0.0013008 0.036067
 pp       (Intercept) 0.0013002 0.036058
 pp       (Intercept) 0.0013006 0.036064
 pp       (Intercept) 0.0012999 0.036054
 Residual             0.0736691 0.271420
Number of obs: 270, groups: S:ID:pp, 90; ID:pp, 30; S:pp, 30; pp, 10

Fixed effects:
            Estimate Std. Error t value
(Intercept)  4.43486    0.05055   87.74
grp1        -0.02883    0.05055   -0.57
S1          -0.11198    0.05849   -1.91
S2           0.06496    0.05849    1.11
ID1          1.12303    0.03843   29.22
ID2         -0.14546    0.03843   -3.78
grp1:S1      0.03912    0.05849    0.67
grp1:S2     -0.01295    0.05849   -0.22
grp1:ID1    -0.02195    0.03843   -0.57
grp1:ID2     0.01972    0.03843    0.51
S1:ID1      -0.02723    0.04069   -0.67
S2:ID1       0.03955    0.04069    0.97
S1:ID2      -0.09531    0.04069   -2.34
S2:ID2       0.04901    0.04069    1.20
grp1:S1:ID1  0.11450    0.04069    2.81
grp1:S2:ID1 -0.06365    0.04069   -1.56
grp1:S1:ID2 -0.07028    0.04069   -1.73
grp1:S2:ID2  0.04059    0.04069    1.00

Correlation of Fixed Effects:
            (Intr) grp1   S1     S2     ID1    ID2    gr1:S1 gr1:S2 g1:ID1
grp1         0.000                                                        
S1           0.000  0.000                                                 
S2           0.000  0.000 -0.500                                          
ID1          0.000  0.000  0.000  0.000                                   
ID2          0.000  0.000  0.000  0.000 -0.500                            
grp1:S1      0.000  0.000  0.000  0.000  0.000  0.000                     
grp1:S2      0.000  0.000  0.000  0.000  0.000  0.000 -0.500              
grp1:ID1     0.000  0.000  0.000  0.000  0.000  0.000  0.000  0.000       
grp1:ID2     0.000  0.000  0.000  0.000  0.000  0.000  0.000  0.000 -0.500
S1:ID1       0.000  0.000  0.000  0.000  0.000  0.000  0.000  0.000  0.000
S2:ID1       0.000  0.000  0.000  0.000  0.000  0.000  0.000  0.000  0.000
S1:ID2       0.000  0.000  0.000  0.000  0.000  0.000  0.000  0.000  0.000
S2:ID2       0.000  0.000  0.000  0.000  0.000  0.000  0.000  0.000  0.000
grp1:S1:ID1  0.000  0.000  0.000  0.000  0.000  0.000  0.000  0.000  0.000
grp1:S2:ID1  0.000  0.000  0.000  0.000  0.000  0.000  0.000  0.000  0.000
grp1:S1:ID2  0.000  0.000  0.000  0.000  0.000  0.000  0.000  0.000  0.000
grp1:S2:ID2  0.000  0.000  0.000  0.000  0.000  0.000  0.000  0.000  0.000
            g1:ID2 S1:ID1 S2:ID1 S1:ID2 S2:ID2 g1:S1:ID1 g1:S2:ID1 g1:S1:ID2
grp1                                                                        
S1                                                                          
S2                                                                          
ID1                                                                         
ID2                                                                         
grp1:S1                                                                     
grp1:S2                                                                     
grp1:ID1                                                                    
grp1:ID2                                                                    
S1:ID1       0.000                                                          
S2:ID1       0.000 -0.500                                                   
S1:ID2       0.000 -0.500  0.250                                            
S2:ID2       0.000  0.250 -0.500 -0.500                                     
grp1:S1:ID1  0.000  0.000  0.000  0.000  0.000                              
grp1:S2:ID1  0.000  0.000  0.000  0.000  0.000 -0.500                       
grp1:S1:ID2  0.000  0.000  0.000  0.000  0.000 -0.500     0.250             
grp1:S2:ID2  0.000  0.000  0.000  0.000  0.000  0.250    -0.500    -0.500   
