[1] "Summary by group"
  grp   IDef.m    IDef.s
1   C 4.406036 0.9160831
2   U 4.463688 0.9697179
[1] "Summary by session\n"
  S   IDef.m    IDef.s
1 1 4.322886 0.8687505
2 2 4.499818 0.9694754
3 3 4.481883 0.9839044
[1] "Summary by ID\n"
  ID   IDef.m    IDef.s
1  D 5.557890 0.4244560
2  M 4.289401 0.3490450
3  E 3.457296 0.3416604
[1] "Summary by group + Session\n"
  grp S   IDef.m    IDef.s
1   C 1 4.333180 0.9354194
2   C 2 4.458042 0.9132906
3   C 3 4.426887 0.9154354
4   U 1 4.312591 0.8070821
5   U 2 4.541593 1.0312403
6   U 3 4.536880 1.0554282
[1] "Summary by Session + ID\n"
  S ID   IDef.m    IDef.s
1 1  D 5.418687 0.2703170
2 1  M 4.082110 0.2870711
3 1  E 3.467860 0.3198673
4 2  D 5.662393 0.3457406
5 2  M 4.403370 0.2794123
6 2  E 3.433690 0.3212876
7 3  D 5.592590 0.5724657
8 3  M 4.382723 0.3827807
9 3  E 3.470337 0.3896632
[1] "Summary by group + ID\n"
  grp ID   IDef.m    IDef.s
1   C  D 5.507111 0.3088525
2   C  M 4.280293 0.3080629
3   C  E 3.430704 0.3694534
4   U  D 5.608669 0.5135721
5   U  M 4.298509 0.3890519
6   U  E 3.483887 0.3133282
[1] "Summary by group + Session + ID\n"
   grp S ID   IDef.m    IDef.s
1    C 1  D 5.521527 0.2168502
2    C 1  M 4.041847 0.3109367
3    C 1  E 3.436167 0.3744898
4    C 2  D 5.535013 0.2675963
5    C 2  M 4.421900 0.2201181
6    C 2  E 3.417213 0.3107693
7    C 3  D 5.464793 0.4221248
8    C 3  M 4.377133 0.2463361
9    C 3  E 3.438733 0.4380304
10   U 1  D 5.315847 0.2857883
11   U 1  M 4.122373 0.2656134
12   U 1  E 3.499553 0.2637107
13   U 2  D 5.789773 0.3758115
14   U 2  M 4.384840 0.3354568
15   U 2  E 3.450167 0.3415632
16   U 3  D 5.720387 0.6823898
17   U 3  M 4.388313 0.4927063
18   U 3  E 3.501940 0.3471447
