            Estimate MCMCmean HPD95lower HPD95upper pMCMC Pr(>|t|)
(Intercept)   0.4036   0.4039     0.3631     0.4439 0.001   0.0000
grp1         -0.0077  -0.0080    -0.0494     0.0298 0.684   0.7532
S1            0.0612   0.0614     0.0370     0.0836 0.001   0.0002
S2           -0.0139  -0.0140    -0.0341     0.0113 0.196   0.3975
ID1           0.2889   0.2886     0.2665     0.3067 0.001   0.0000
ID2          -0.0642  -0.0643    -0.0835    -0.0454 0.001   0.0000
grp1:S1       0.0204   0.0201    -0.0020     0.0442 0.078   0.2143
grp1:S2      -0.0090  -0.0094    -0.0322     0.0137 0.414   0.5832
grp1:ID1     -0.0192  -0.0190    -0.0405     0.0011 0.080   0.1347
grp1:ID2      0.0032   0.0032    -0.0181     0.0231 0.758   0.8022
S1:ID1       -0.0070  -0.0069    -0.0221     0.0105 0.394   0.4603
S2:ID1        0.0113   0.0110    -0.0046     0.0266 0.170   0.2332
S1:ID2        0.0166   0.0168     0.0011     0.0346 0.064   0.0792
S2:ID2       -0.0026  -0.0025    -0.0191     0.0148 0.766   0.7834
grp1:S1:ID1   0.0085   0.0084    -0.0070     0.0248 0.332   0.3687
grp1:S2:ID1  -0.0048  -0.0052    -0.0218     0.0106 0.542   0.6092
grp1:S1:ID2  -0.0049  -0.0052    -0.0212     0.0117 0.554   0.6031
grp1:S2:ID2   0.0026   0.0030    -0.0144     0.0189 0.714   0.7810
Analysis of Variance Table
         Df  Sum Sq Mean Sq  F value
grp       1 0.00034 0.00034   0.0984
S         2 0.05353 0.02677   7.6778
ID        2 1.95304 0.97652 280.1166
grp:S     2 0.00543 0.00271   0.7786
grp:ID    2 0.00901 0.00450   1.2922
S:ID      4 0.02052 0.00513   1.4713
grp:S:ID  4 0.00287 0.00072   0.2057
Linear mixed model fit by REML 
Formula: decTime ~ (1 | pp) + (1 | pp/S) + (1 | pp/ID) + (1 | pp/S:ID) +      grp * S * ID 
   Data: mdata 
    AIC    BIC logLik deviance REMLdev
 -456.3 -362.7  254.1   -636.5  -508.3
Random effects:
 Groups   Name        Variance   Std.Dev.
 S:ID:pp  (Intercept) 0.00083827 0.028953
 ID:pp    (Intercept) 0.00179793 0.042402
 S:pp     (Intercept) 0.00335535 0.057925
 pp       (Intercept) 0.00100199 0.031654
 pp       (Intercept) 0.00100211 0.031656
 pp       (Intercept) 0.00100203 0.031655
 pp       (Intercept) 0.00100203 0.031655
 Residual             0.00348612 0.059043
Number of obs: 270, groups: S:ID:pp, 90; ID:pp, 30; S:pp, 30; pp, 10

Fixed effects:
             Estimate Std. Error t value
(Intercept)  0.403639   0.024387  16.551
grp1        -0.007676   0.024387  -0.315
S1           0.061194   0.016375   3.737
S2          -0.013878   0.016375  -0.847
ID1          0.288906   0.012818  22.538
ID2         -0.064200   0.012818  -5.008
grp1:S1      0.020387   0.016375   1.245
grp1:S2     -0.008996   0.016375  -0.549
grp1:ID1    -0.019235   0.012818  -1.501
grp1:ID2     0.003215   0.012818   0.251
S1:ID1      -0.006972   0.009429  -0.739
S2:ID1       0.011267   0.009429   1.195
S1:ID2       0.016617   0.009429   1.762
S2:ID2      -0.002594   0.009429  -0.275
grp1:S1:ID1  0.008491   0.009429   0.901
grp1:S2:ID1 -0.004826   0.009429  -0.512
grp1:S1:ID2 -0.004909   0.009429  -0.521
grp1:S2:ID2  0.002624   0.009429   0.278

Correlation of Fixed Effects:
            (Intr) grp1   S1     S2     ID1    ID2    gr1:S1 gr1:S2 g1:ID1
grp1         0.000                                                        
S1           0.000  0.000                                                 
S2           0.000  0.000 -0.500                                          
ID1          0.000  0.000  0.000  0.000                                   
ID2          0.000  0.000  0.000  0.000 -0.500                            
grp1:S1      0.000  0.000  0.000  0.000  0.000  0.000                     
grp1:S2      0.000  0.000  0.000  0.000  0.000  0.000 -0.500              
grp1:ID1     0.000  0.000  0.000  0.000  0.000  0.000  0.000  0.000       
grp1:ID2     0.000  0.000  0.000  0.000  0.000  0.000  0.000  0.000 -0.500
S1:ID1       0.000  0.000  0.000  0.000  0.000  0.000  0.000  0.000  0.000
S2:ID1       0.000  0.000  0.000  0.000  0.000  0.000  0.000  0.000  0.000
S1:ID2       0.000  0.000  0.000  0.000  0.000  0.000  0.000  0.000  0.000
S2:ID2       0.000  0.000  0.000  0.000  0.000  0.000  0.000  0.000  0.000
grp1:S1:ID1  0.000  0.000  0.000  0.000  0.000  0.000  0.000  0.000  0.000
grp1:S2:ID1  0.000  0.000  0.000  0.000  0.000  0.000  0.000  0.000  0.000
grp1:S1:ID2  0.000  0.000  0.000  0.000  0.000  0.000  0.000  0.000  0.000
grp1:S2:ID2  0.000  0.000  0.000  0.000  0.000  0.000  0.000  0.000  0.000
            g1:ID2 S1:ID1 S2:ID1 S1:ID2 S2:ID2 g1:S1:ID1 g1:S2:ID1 g1:S1:ID2
grp1                                                                        
S1                                                                          
S2                                                                          
ID1                                                                         
ID2                                                                         
grp1:S1                                                                     
grp1:S2                                                                     
grp1:ID1                                                                    
grp1:ID2                                                                    
S1:ID1       0.000                                                          
S2:ID1       0.000 -0.500                                                   
S1:ID2       0.000 -0.500  0.250                                            
S2:ID2       0.000  0.250 -0.500 -0.500                                     
grp1:S1:ID1  0.000  0.000  0.000  0.000  0.000                              
grp1:S2:ID1  0.000  0.000  0.000  0.000  0.000 -0.500                       
grp1:S1:ID2  0.000  0.000  0.000  0.000  0.000 -0.500     0.250             
grp1:S2:ID2  0.000  0.000  0.000  0.000  0.000  0.250    -0.500    -0.500   
Linear mixed model fit by REML 
Formula: decTime ~ (1 | pp) + (1 | pp/S) + (1 | pp/ID) + (1 | pp/S:ID) +      grp * S * ID 
   Data: mdata 
    AIC    BIC logLik deviance REMLdev
 -456.3 -362.7  254.1   -636.5  -508.3
Random effects:
 Groups   Name        Variance   Std.Dev.
 S:ID:pp  (Intercept) 0.00083827 0.028953
 ID:pp    (Intercept) 0.00179793 0.042402
 S:pp     (Intercept) 0.00335535 0.057925
 pp       (Intercept) 0.00100199 0.031654
 pp       (Intercept) 0.00100211 0.031656
 pp       (Intercept) 0.00100203 0.031655
 pp       (Intercept) 0.00100203 0.031655
 Residual             0.00348612 0.059043
Number of obs: 270, groups: S:ID:pp, 90; ID:pp, 30; S:pp, 30; pp, 10

Fixed effects:
             Estimate Std. Error t value
(Intercept)  0.403639   0.024387  16.551
grp1        -0.007676   0.024387  -0.315
S1           0.061194   0.016375   3.737
S2          -0.013878   0.016375  -0.847
ID1          0.288906   0.012818  22.538
ID2         -0.064200   0.012818  -5.008
grp1:S1      0.020387   0.016375   1.245
grp1:S2     -0.008996   0.016375  -0.549
grp1:ID1    -0.019235   0.012818  -1.501
grp1:ID2     0.003215   0.012818   0.251
S1:ID1      -0.006972   0.009429  -0.739
S2:ID1       0.011267   0.009429   1.195
S1:ID2       0.016617   0.009429   1.762
S2:ID2      -0.002594   0.009429  -0.275
grp1:S1:ID1  0.008491   0.009429   0.901
grp1:S2:ID1 -0.004826   0.009429  -0.512
grp1:S1:ID2 -0.004909   0.009429  -0.521
grp1:S2:ID2  0.002624   0.009429   0.278

Correlation of Fixed Effects:
            (Intr) grp1   S1     S2     ID1    ID2    gr1:S1 gr1:S2 g1:ID1
grp1         0.000                                                        
S1           0.000  0.000                                                 
S2           0.000  0.000 -0.500                                          
ID1          0.000  0.000  0.000  0.000                                   
ID2          0.000  0.000  0.000  0.000 -0.500                            
grp1:S1      0.000  0.000  0.000  0.000  0.000  0.000                     
grp1:S2      0.000  0.000  0.000  0.000  0.000  0.000 -0.500              
grp1:ID1     0.000  0.000  0.000  0.000  0.000  0.000  0.000  0.000       
grp1:ID2     0.000  0.000  0.000  0.000  0.000  0.000  0.000  0.000 -0.500
S1:ID1       0.000  0.000  0.000  0.000  0.000  0.000  0.000  0.000  0.000
S2:ID1       0.000  0.000  0.000  0.000  0.000  0.000  0.000  0.000  0.000
S1:ID2       0.000  0.000  0.000  0.000  0.000  0.000  0.000  0.000  0.000
S2:ID2       0.000  0.000  0.000  0.000  0.000  0.000  0.000  0.000  0.000
grp1:S1:ID1  0.000  0.000  0.000  0.000  0.000  0.000  0.000  0.000  0.000
grp1:S2:ID1  0.000  0.000  0.000  0.000  0.000  0.000  0.000  0.000  0.000
grp1:S1:ID2  0.000  0.000  0.000  0.000  0.000  0.000  0.000  0.000  0.000
grp1:S2:ID2  0.000  0.000  0.000  0.000  0.000  0.000  0.000  0.000  0.000
            g1:ID2 S1:ID1 S2:ID1 S1:ID2 S2:ID2 g1:S1:ID1 g1:S2:ID1 g1:S1:ID2
grp1                                                                        
S1                                                                          
S2                                                                          
ID1                                                                         
ID2                                                                         
grp1:S1                                                                     
grp1:S2                                                                     
grp1:ID1                                                                    
grp1:ID2                                                                    
S1:ID1       0.000                                                          
S2:ID1       0.000 -0.500                                                   
S1:ID2       0.000 -0.500  0.250                                            
S2:ID2       0.000  0.250 -0.500 -0.500                                     
grp1:S1:ID1  0.000  0.000  0.000  0.000  0.000                              
grp1:S2:ID1  0.000  0.000  0.000  0.000  0.000 -0.500                       
grp1:S1:ID2  0.000  0.000  0.000  0.000  0.000 -0.500     0.250             
grp1:S2:ID2  0.000  0.000  0.000  0.000  0.000  0.250    -0.500    -0.500   
