[1] "IPerfRrel ~(S*IDR*IDL*grp)+Error(pp/(S*IDR*IDL))+grp"
$ANOVA
          Effect DFn DFd          F            p p<.05         ges
2            grp   1   8  0.7317095 0.4172108761       0.028748797
3              S   2  16  1.9306669 0.1773750620       0.018935300
4          grp:S   2  16  0.2724706 0.7649587997       0.002716473
5            IDR   2  16 11.5344792 0.0007912345     * 0.151221755
6        grp:IDR   2  16  0.3590419 0.7038301963       0.005515251
7            IDL   1   8  0.6043518 0.4592916046       0.003458843
8        grp:IDL   1   8  1.5712435 0.2454181073       0.008943096
9          S:IDR   4  32  2.9639797 0.0343796169     * 0.027262966
10     grp:S:IDR   4  32  0.3926347 0.8123444990       0.003698977
11         S:IDL   2  16  4.6611059 0.0254066124     * 0.009425224
12     grp:S:IDL   2  16  1.9120322 0.1800604165       0.003887934
13       IDR:IDL   2  16  1.4773642 0.2577622518       0.031445426
14   grp:IDR:IDL   2  16  0.3016885 0.7436839471       0.006586199
15     S:IDR:IDL   4  32  1.6780804 0.1793251880       0.032295500
16 grp:S:IDR:IDL   4  32  0.5832336 0.6770021791       0.011466226

$`Mauchly's Test for Sphericity`
          Effect          W           p p<.05
3              S 0.64303763 0.213219710      
4          grp:S 0.64303763 0.213219710      
5            IDR 0.19433931 0.003235656     *
6        grp:IDR 0.19433931 0.003235656     *
9          S:IDR 0.17247687 0.274738012      
10     grp:S:IDR 0.17247687 0.274738012      
11         S:IDL 0.85633044 0.581091909      
12     grp:S:IDL 0.85633044 0.581091909      
13       IDR:IDL 0.56407239 0.134794434      
14   grp:IDR:IDL 0.56407239 0.134794434      
15     S:IDR:IDL 0.03871412 0.016582442     *
16 grp:S:IDR:IDL 0.03871412 0.016582442     *

$`Sphericity Corrections`
          Effect       GGe      p[GG] p[GG]<.05       HFe       p[HF] p[HF]<.05
3              S 0.7369401 0.19146235           0.8630643 0.184784145          
4          grp:S 0.7369401 0.70012982           0.8630643 0.734011862          
5            IDR 0.5538139 0.00717966         * 0.5780775 0.006356979         *
6        grp:IDR 0.5538139 0.58575738           0.5780775 0.594252655          
9          S:IDR 0.6048483 0.06701941           0.8858597 0.041579780         *
10     grp:S:IDR 0.6048483 0.71839318           0.8858597 0.790389915          
11         S:IDL 0.8743784 0.03183615         * 1.0988864 0.025406612         *
12     grp:S:IDL 0.8743784 0.18672839           1.0988864 0.180060417          
13       IDR:IDL 0.6964139 0.26127484           0.7972738 0.260739803          
14   grp:IDR:IDL 0.6964139 0.66786133           0.7972738 0.696436375          
15     S:IDR:IDL 0.4245396 0.22344608           0.5269659 0.215911059          
16 grp:S:IDR:IDL 0.4245396 0.54488750           0.5269659 0.577492049          

