                  Estimate MCMCmean HPD95lower HPD95upper pMCMC Pr(>|t|)
(Intercept)         4.4867   4.4868     4.3454     4.6184 0.001   0.0000
grp1                0.0578   0.0568    -0.0771     0.1941 0.354   0.2723
S1                 -0.0613  -0.0581    -0.1472     0.0236 0.166   0.1995
S2                  0.0159   0.0143    -0.0633     0.0937 0.718   0.7390
IDR1                0.0775   0.0791     0.0087     0.1469 0.036   0.0364
IDR2                0.0625   0.0632     0.0044     0.1382 0.066   0.0916
IDL1                1.0297   1.0292     0.9835     1.0705 0.001   0.0000
grp1:S1             0.0366   0.0355    -0.0417     0.1234 0.402   0.4436
grp1:S2            -0.0325  -0.0316    -0.1197     0.0434 0.412   0.4969
grp1:IDR1           0.0369   0.0374    -0.0276     0.1018 0.246   0.3189
grp1:IDR2           0.0383   0.0378    -0.0237     0.1020 0.214   0.3010
S1:IDR1            -0.0636  -0.0650    -0.1294    -0.0113 0.038   0.0906
S2:IDR1            -0.0066  -0.0054    -0.0643     0.0539 0.842   0.8612
S1:IDR2             0.0379   0.0369    -0.0194     0.0987 0.250   0.3126
S2:IDR2             0.0104   0.0101    -0.0531     0.0670 0.706   0.7809
grp1:IDL1          -0.0312  -0.0323    -0.0824     0.0099 0.126   0.1441
S1:IDL1            -0.0199  -0.0194    -0.0597     0.0277 0.380   0.4528
S2:IDL1            -0.0096  -0.0101    -0.0514     0.0306 0.648   0.7167
IDR1:IDL1          -0.0778  -0.0786    -0.1192    -0.0344 0.001   0.0035
IDR2:IDL1          -0.0155  -0.0153    -0.0532     0.0277 0.470   0.5582
grp1:S1:IDR1       -0.0017  -0.0010    -0.0617     0.0581 0.980   0.9636
grp1:S2:IDR1       -0.0717  -0.0718    -0.1268    -0.0076 0.018   0.0565
grp1:S1:IDR2        0.0052   0.0040    -0.0542     0.0647 0.864   0.8898
grp1:S2:IDR2        0.0564   0.0554    -0.0020     0.1199 0.068   0.1336
grp1:S1:IDL1        0.0632   0.0626     0.0198     0.1074 0.006   0.0175
grp1:S2:IDL1       -0.0003   0.0002    -0.0410     0.0402 0.996   0.9912
grp1:IDR1:IDL1     -0.0215  -0.0204    -0.0613     0.0262 0.330   0.4179
grp1:IDR2:IDL1     -0.0661  -0.0667    -0.1085    -0.0234 0.004   0.0130
S1:IDR1:IDL1       -0.0085  -0.0089    -0.0665     0.0491 0.768   0.8205
S2:IDR1:IDL1        0.0524   0.0520    -0.0036     0.1131 0.072   0.1632
S1:IDR2:IDL1       -0.0120  -0.0131    -0.0703     0.0495 0.684   0.7500
S2:IDR2:IDL1       -0.0548  -0.0539    -0.1071     0.0122 0.090   0.1445
grp1:S1:IDR1:IDL1   0.0371   0.0361    -0.0226     0.0963 0.236   0.3230
grp1:S2:IDR1:IDL1   0.0158   0.0150    -0.0429     0.0685 0.592   0.6737
grp1:S1:IDR2:IDL1  -0.0110  -0.0112    -0.0735     0.0473 0.710   0.7689
grp1:S2:IDR2:IDL1  -0.0110  -0.0101    -0.0705     0.0476 0.740   0.7691
NULL
       Length Class      Mode
fixed  6      data.frame list
random 7      data.frame list
Analysis of Variance Table
              Df  Sum Sq Mean Sq   F value
grp            1   0.126   0.126    1.2051
S              2   0.186   0.093    0.8888
IDR            2   1.504   0.752    7.2024
IDL            1 242.800 242.800 2326.2179
grp:S          2   0.074   0.037    0.3526
grp:IDR        2   0.432   0.216    2.0671
S:IDR          4   0.463   0.116    1.1090
grp:IDL        1   0.223   0.223    2.1401
S:IDL          2   0.135   0.067    0.6460
IDR:IDL        2   1.484   0.742    7.1109
grp:S:IDR      4   0.591   0.148    1.4145
grp:S:IDL      2   0.788   0.394    3.7731
grp:IDR:IDL    2   1.238   0.619    5.9323
S:IDR:IDL      4   0.438   0.110    1.0502
grp:S:IDR:IDL  4   0.225   0.056    0.5378
Linear mixed model fit by REML 
Formula: get(vname) ~ (1 | pp) + (1 | pp/S) + (1 | pp/IDR) + (1 | pp/IDL) +      (1 | pp/S:IDR:IDL) + grp * S * IDR * IDL 
   Data: mdata 
   AIC   BIC logLik deviance REMLdev
 717.7 915.1 -312.9    442.7   625.7
Random effects:
 Groups       Name        Variance  Std.Dev.
 S:IDR:IDL:pp (Intercept) 0.0285233 0.168888
 IDR:pp       (Intercept) 0.0099332 0.099665
 S:pp         (Intercept) 0.0236394 0.153751
 IDL:pp       (Intercept) 0.0020817 0.045625
 pp           (Intercept) 0.0024062 0.049053
 pp           (Intercept) 0.0023840 0.048826
 pp           (Intercept) 0.0024217 0.049210
 pp           (Intercept) 0.0023858 0.048844
 pp           (Intercept) 0.0023616 0.048597
 Residual                 0.1043754 0.323072
Number of obs: 540, groups: S:IDR:IDL:pp, 180; IDR:pp, 30; S:pp, 30; IDL:pp, 20; pp, 10

Fixed effects:
                   Estimate Std. Error t value
(Intercept)        4.486718   0.052635   85.24
grp1               0.057850   0.052635    1.10
S1                -0.061335   0.047744   -1.28
S2                 0.015917   0.047744    0.33
IDR1               0.077518   0.036956    2.10
IDR2               0.062472   0.036956    1.69
IDL1               1.029742   0.021350   48.23
grp1:S1            0.036609   0.047744    0.77
grp1:S2           -0.032457   0.047744   -0.68
grp1:IDR1          0.036871   0.036956    1.00
grp1:IDR2          0.038265   0.036956    1.04
S1:IDR1           -0.063594   0.037510   -1.70
S2:IDR1           -0.006562   0.037510   -0.17
S1:IDR2            0.037913   0.037510    1.01
S2:IDR2            0.010437   0.037510    0.28
grp1:IDL1         -0.031234   0.021350   -1.46
S1:IDL1           -0.019928   0.026524   -0.75
S2:IDL1           -0.009629   0.026524   -0.36
IDR1:IDL1         -0.077803   0.026524   -2.93
IDR2:IDL1         -0.015539   0.026524   -0.59
grp1:S1:IDR1      -0.001713   0.037510   -0.05
grp1:S2:IDR1      -0.071698   0.037510   -1.91
grp1:S1:IDR2       0.005198   0.037510    0.14
grp1:S2:IDR2       0.056351   0.037510    1.50
grp1:S1:IDL1       0.063245   0.026524    2.38
grp1:S2:IDL1      -0.000293   0.026524   -0.01
grp1:IDR1:IDL1    -0.021503   0.026524   -0.81
grp1:IDR2:IDL1    -0.066146   0.026524   -2.49
S1:IDR1:IDL1      -0.008514   0.037510   -0.23
S2:IDR1:IDL1       0.052379   0.037510    1.40
S1:IDR2:IDL1      -0.011957   0.037510   -0.32
S2:IDR2:IDL1      -0.054825   0.037510   -1.46
grp1:S1:IDR1:IDL1  0.037105   0.037510    0.99
grp1:S2:IDR1:IDL1  0.015805   0.037510    0.42
grp1:S1:IDR2:IDL1 -0.011028   0.037510   -0.29
grp1:S2:IDR2:IDL1 -0.011016   0.037510   -0.29

Correlation of Fixed Effects:
            (Intr) grp1   S1     S2     IDR1   IDR2   IDL1   gr1:S1 gr1:S2
grp1         0.000                                                        
S1           0.000  0.000                                                 
S2           0.000  0.000 -0.500                                          
IDR1         0.000  0.000  0.000  0.000                                   
IDR2         0.000  0.000  0.000  0.000 -0.500                            
IDL1         0.000  0.000  0.000  0.000  0.000  0.000                     
grp1:S1      0.000  0.000  0.000  0.000  0.000  0.000  0.000              
grp1:S2      0.000  0.000  0.000  0.000  0.000  0.000  0.000 -0.500       
grp1:IDR1    0.000  0.000  0.000  0.000  0.000  0.000  0.000  0.000  0.000
grp1:IDR2    0.000  0.000  0.000  0.000  0.000  0.000  0.000  0.000  0.000
S1:IDR1      0.000  0.000  0.000  0.000  0.000  0.000  0.000  0.000  0.000
S2:IDR1      0.000  0.000  0.000  0.000  0.000  0.000  0.000  0.000  0.000
S1:IDR2      0.000  0.000  0.000  0.000  0.000  0.000  0.000  0.000  0.000
S2:IDR2      0.000  0.000  0.000  0.000  0.000  0.000  0.000  0.000  0.000
grp1:IDL1    0.000  0.000  0.000  0.000  0.000  0.000  0.000  0.000  0.000
S1:IDL1      0.000  0.000  0.000  0.000  0.000  0.000  0.000  0.000  0.000
S2:IDL1      0.000  0.000  0.000  0.000  0.000  0.000  0.000  0.000  0.000
IDR1:IDL1    0.000  0.000  0.000  0.000  0.000  0.000  0.000  0.000  0.000
IDR2:IDL1    0.000  0.000  0.000  0.000  0.000  0.000  0.000  0.000  0.000
gr1:S1:IDR1  0.000  0.000  0.000  0.000  0.000  0.000  0.000  0.000  0.000
gr1:S2:IDR1  0.000  0.000  0.000  0.000  0.000  0.000  0.000  0.000  0.000
gr1:S1:IDR2  0.000  0.000  0.000  0.000  0.000  0.000  0.000  0.000  0.000
gr1:S2:IDR2  0.000  0.000  0.000  0.000  0.000  0.000  0.000  0.000  0.000
gr1:S1:IDL1  0.000  0.000  0.000  0.000  0.000  0.000  0.000  0.000  0.000
gr1:S2:IDL1  0.000  0.000  0.000  0.000  0.000  0.000  0.000  0.000  0.000
g1:IDR1:IDL  0.000  0.000  0.000  0.000  0.000  0.000  0.000  0.000  0.000
g1:IDR2:IDL  0.000  0.000  0.000  0.000  0.000  0.000  0.000  0.000  0.000
S1:IDR1:IDL  0.000  0.000  0.000  0.000  0.000  0.000  0.000  0.000  0.000
S2:IDR1:IDL  0.000  0.000  0.000  0.000  0.000  0.000  0.000  0.000  0.000
S1:IDR2:IDL  0.000  0.000  0.000  0.000  0.000  0.000  0.000  0.000  0.000
S2:IDR2:IDL  0.000  0.000  0.000  0.000  0.000  0.000  0.000  0.000  0.000
g1:S1:IDR1:  0.000  0.000  0.000  0.000  0.000  0.000  0.000  0.000  0.000
g1:S2:IDR1:  0.000  0.000  0.000  0.000  0.000  0.000  0.000  0.000  0.000
g1:S1:IDR2:  0.000  0.000  0.000  0.000  0.000  0.000  0.000  0.000  0.000
g1:S2:IDR2:  0.000  0.000  0.000  0.000  0.000  0.000  0.000  0.000  0.000
            gr1:IDR1 gr1:IDR2 S1:IDR1 S2:IDR1 S1:IDR2 S2:IDR2 g1:IDL S1:IDL
grp1                                                                       
S1                                                                         
S2                                                                         
IDR1                                                                       
IDR2                                                                       
IDL1                                                                       
grp1:S1                                                                    
grp1:S2                                                                    
grp1:IDR1                                                                  
grp1:IDR2   -0.500                                                         
S1:IDR1      0.000    0.000                                                
S2:IDR1      0.000    0.000   -0.500                                       
S1:IDR2      0.000    0.000   -0.500   0.250                               
S2:IDR2      0.000    0.000    0.250  -0.500  -0.500                       
grp1:IDL1    0.000    0.000    0.000   0.000   0.000   0.000               
S1:IDL1      0.000    0.000    0.000   0.000   0.000   0.000   0.000       
S2:IDL1      0.000    0.000    0.000   0.000   0.000   0.000   0.000 -0.500
IDR1:IDL1    0.000    0.000    0.000   0.000   0.000   0.000   0.000  0.000
IDR2:IDL1    0.000    0.000    0.000   0.000   0.000   0.000   0.000  0.000
gr1:S1:IDR1  0.000    0.000    0.000   0.000   0.000   0.000   0.000  0.000
gr1:S2:IDR1  0.000    0.000    0.000   0.000   0.000   0.000   0.000  0.000
gr1:S1:IDR2  0.000    0.000    0.000   0.000   0.000   0.000   0.000  0.000
gr1:S2:IDR2  0.000    0.000    0.000   0.000   0.000   0.000   0.000  0.000
gr1:S1:IDL1  0.000    0.000    0.000   0.000   0.000   0.000   0.000  0.000
gr1:S2:IDL1  0.000    0.000    0.000   0.000   0.000   0.000   0.000  0.000
g1:IDR1:IDL  0.000    0.000    0.000   0.000   0.000   0.000   0.000  0.000
g1:IDR2:IDL  0.000    0.000    0.000   0.000   0.000   0.000   0.000  0.000
S1:IDR1:IDL  0.000    0.000    0.000   0.000   0.000   0.000   0.000  0.000
S2:IDR1:IDL  0.000    0.000    0.000   0.000   0.000   0.000   0.000  0.000
S1:IDR2:IDL  0.000    0.000    0.000   0.000   0.000   0.000   0.000  0.000
S2:IDR2:IDL  0.000    0.000    0.000   0.000   0.000   0.000   0.000  0.000
g1:S1:IDR1:  0.000    0.000    0.000   0.000   0.000   0.000   0.000  0.000
g1:S2:IDR1:  0.000    0.000    0.000   0.000   0.000   0.000   0.000  0.000
g1:S1:IDR2:  0.000    0.000    0.000   0.000   0.000   0.000   0.000  0.000
g1:S2:IDR2:  0.000    0.000    0.000   0.000   0.000   0.000   0.000  0.000
            S2:IDL IDR1:I IDR2:I gr1:S1:IDR1 gr1:S2:IDR1 gr1:S1:IDR2
grp1                                                                
S1                                                                  
S2                                                                  
IDR1                                                                
IDR2                                                                
IDL1                                                                
grp1:S1                                                             
grp1:S2                                                             
grp1:IDR1                                                           
grp1:IDR2                                                           
S1:IDR1                                                             
S2:IDR1                                                             
S1:IDR2                                                             
S2:IDR2                                                             
grp1:IDL1                                                           
S1:IDL1                                                             
S2:IDL1                                                             
IDR1:IDL1    0.000                                                  
IDR2:IDL1    0.000 -0.500                                           
gr1:S1:IDR1  0.000  0.000  0.000                                    
gr1:S2:IDR1  0.000  0.000  0.000 -0.500                             
gr1:S1:IDR2  0.000  0.000  0.000 -0.500       0.250                 
gr1:S2:IDR2  0.000  0.000  0.000  0.250      -0.500      -0.500     
gr1:S1:IDL1  0.000  0.000  0.000  0.000       0.000       0.000     
gr1:S2:IDL1  0.000  0.000  0.000  0.000       0.000       0.000     
g1:IDR1:IDL  0.000  0.000  0.000  0.000       0.000       0.000     
g1:IDR2:IDL  0.000  0.000  0.000  0.000       0.000       0.000     
S1:IDR1:IDL  0.000  0.000  0.000  0.000       0.000       0.000     
S2:IDR1:IDL  0.000  0.000  0.000  0.000       0.000       0.000     
S1:IDR2:IDL  0.000  0.000  0.000  0.000       0.000       0.000     
S2:IDR2:IDL  0.000  0.000  0.000  0.000       0.000       0.000     
g1:S1:IDR1:  0.000  0.000  0.000  0.000       0.000       0.000     
g1:S2:IDR1:  0.000  0.000  0.000  0.000       0.000       0.000     
g1:S1:IDR2:  0.000  0.000  0.000  0.000       0.000       0.000     
g1:S2:IDR2:  0.000  0.000  0.000  0.000       0.000       0.000     
            gr1:S2:IDR2 g1:S1:IDL g1:S2:IDL g1:IDR1: g1:IDR2: S1:IDR1: S2:IDR1:
grp1                                                                           
S1                                                                             
S2                                                                             
IDR1                                                                           
IDR2                                                                           
IDL1                                                                           
grp1:S1                                                                        
grp1:S2                                                                        
grp1:IDR1                                                                      
grp1:IDR2                                                                      
S1:IDR1                                                                        
S2:IDR1                                                                        
S1:IDR2                                                                        
S2:IDR2                                                                        
grp1:IDL1                                                                      
S1:IDL1                                                                        
S2:IDL1                                                                        
IDR1:IDL1                                                                      
IDR2:IDL1                                                                      
gr1:S1:IDR1                                                                    
gr1:S2:IDR1                                                                    
gr1:S1:IDR2                                                                    
gr1:S2:IDR2                                                                    
gr1:S1:IDL1  0.000                                                             
gr1:S2:IDL1  0.000      -0.500                                                 
g1:IDR1:IDL  0.000       0.000     0.000                                       
g1:IDR2:IDL  0.000       0.000     0.000    -0.500                             
S1:IDR1:IDL  0.000       0.000     0.000     0.000    0.000                    
S2:IDR1:IDL  0.000       0.000     0.000     0.000    0.000   -0.500           
S1:IDR2:IDL  0.000       0.000     0.000     0.000    0.000   -0.500    0.250  
S2:IDR2:IDL  0.000       0.000     0.000     0.000    0.000    0.250   -0.500  
g1:S1:IDR1:  0.000       0.000     0.000     0.000    0.000    0.000    0.000  
g1:S2:IDR1:  0.000       0.000     0.000     0.000    0.000    0.000    0.000  
g1:S1:IDR2:  0.000       0.000     0.000     0.000    0.000    0.000    0.000  
g1:S2:IDR2:  0.000       0.000     0.000     0.000    0.000    0.000    0.000  
            S1:IDR2: S2:IDR2: g1:S1:IDR1: g1:S2:IDR1: g1:S1:IDR2:
grp1                                                             
S1                                                               
S2                                                               
IDR1                                                             
IDR2                                                             
IDL1                                                             
grp1:S1                                                          
grp1:S2                                                          
grp1:IDR1                                                        
grp1:IDR2                                                        
S1:IDR1                                                          
S2:IDR1                                                          
S1:IDR2                                                          
S2:IDR2                                                          
grp1:IDL1                                                        
S1:IDL1                                                          
S2:IDL1                                                          
IDR1:IDL1                                                        
IDR2:IDL1                                                        
gr1:S1:IDR1                                                      
gr1:S2:IDR1                                                      
gr1:S1:IDR2                                                      
gr1:S2:IDR2                                                      
gr1:S1:IDL1                                                      
gr1:S2:IDL1                                                      
g1:IDR1:IDL                                                      
g1:IDR2:IDL                                                      
S1:IDR1:IDL                                                      
S2:IDR1:IDL                                                      
S1:IDR2:IDL                                                      
S2:IDR2:IDL -0.500                                               
g1:S1:IDR1:  0.000    0.000                                      
g1:S2:IDR1:  0.000    0.000   -0.500                             
g1:S1:IDR2:  0.000    0.000   -0.500       0.250                 
g1:S2:IDR2:  0.000    0.000    0.250      -0.500      -0.500     
