[1] "q3Lrel ~S*IDR*IDL*grp + Error(pp/(S*IDR*IDL))"
$ANOVA
          Effect DFn DFd            F           p p<.05          ges
2            grp   1   8  1.371616927 0.275233382       0.0760217835
3              S   2  16  0.221164010 0.803995092       0.0026264265
5            IDR   2  16  3.370605055 0.060041467       0.0095172104
7            IDL   1   8 14.689784757 0.004998532     * 0.2418120167
4          grp:S   2  16  0.819455626 0.458337784       0.0096627667
6        grp:IDR   2  16  4.874157244 0.022231534     * 0.0137044459
8        grp:IDL   1   8  0.007068208 0.935064436       0.0001534363
9          S:IDR   4  32  0.738573775 0.572642710       0.0042970161
11         S:IDL   2  16  1.566580771 0.239147560       0.0208413799
13       IDR:IDL   2  16  0.880909749 0.433571017       0.0019476237
10     grp:S:IDR   4  32  0.900470297 0.475252567       0.0052339987
12     grp:S:IDL   2  16  0.217845817 0.806595855       0.0029511161
14   grp:IDR:IDL   2  16  3.073965903 0.074181300       0.0067635079
15     S:IDR:IDL   4  32  0.188090290 0.942882613       0.0012963081
16 grp:S:IDR:IDL   4  32  0.414279792 0.797038100       0.0028507499

$`Mauchly's Test for Sphericity`
          Effect         W         p p<.05
3              S 0.5366633 0.1132287      
4          grp:S 0.5366633 0.1132287      
5            IDR 0.7846806 0.4279818      
6        grp:IDR 0.7846806 0.4279818      
9          S:IDR 0.1637283 0.2533158      
10     grp:S:IDR 0.1637283 0.2533158      
11         S:IDL 0.8702050 0.6147173      
12     grp:S:IDL 0.8702050 0.6147173      
13       IDR:IDL 0.8874493 0.6584192      
14   grp:IDR:IDL 0.8874493 0.6584192      
15     S:IDR:IDL 0.3063593 0.5914257      
16 grp:S:IDR:IDL 0.3063593 0.5914257      

$`Sphericity Corrections`
          Effect       GGe      p[GG] p[GG]<.05       HFe      p[HF] p[HF]<.05
3              S 0.6833697 0.72163676           0.7764398 0.74999081          
4          grp:S 0.6833697 0.42223815           0.7764398 0.43446547          
5            IDR 0.8228290 0.07290609           1.0080447 0.06004147          
6        grp:IDR 0.8228290 0.03119117         * 1.0080447 0.02223153         *
9          S:IDR 0.6521004 0.52344743           0.9957906 0.57214935          
10     grp:S:IDR 0.6521004 0.44549217           0.9957906 0.47496615          
11         S:IDL 0.8851163 0.24218162           1.1181873 0.23914756          
12     grp:S:IDL 0.8851163 0.78100943           1.1181873 0.80659585          
13       IDR:IDL 0.8988355 0.42502716           1.1430414 0.43357102          
14   grp:IDR:IDL 0.8988355 0.08149930           1.1430414 0.07418130          
15     S:IDR:IDL 0.6165615 0.87041165           0.9124102 0.93156841          
16 grp:S:IDR:IDL 0.6165615 0.70743707           0.9124102 0.78046947          

