Post-hoc Tukey comparisons[1] "grp Tukey test"

	Pairwise comparisons using paired t tests 

data:  mdata$q3Lrel and mdata$grp 

  C      
U 1.2e-08

P value adjustment method: bonferroni 
[1] "S Tukey test"

	Pairwise comparisons using paired t tests 

data:  mdata$q3Lrel and mdata$S 

  1    2   
2 1.00 -   
3 0.78 0.70

P value adjustment method: bonferroni 
[1] "IDR Tukey test"

	Pairwise comparisons using paired t tests 

data:  mdata$q3Lrel and mdata$IDR 

  D     M    
M 1.000 -    
E 0.016 0.022

P value adjustment method: bonferroni 
[1] "IDL Tukey test"
