[1] "IDR Tukey test"

	 Simultaneous Tests for General Linear Hypotheses

Multiple Comparisons of Means: Tukey Contrasts


Fit: lmer(formula = get(vname) ~ (1 | pp) + (1 | pp/grp) + (1 | pp/S) + 
    (1 | pp/IDR) + (1 | pp/IDL) + (1 | pp/S:IDR:IDL) + grp * 
    S * IDR * IDL, data = mdata)

Linear Hypotheses:
            Estimate Std. Error z value Pr(>|z|)    
M - D == 0 -0.010127   0.007529  -1.345   0.3702    
E - D == 0 -0.030528   0.007529  -4.055   <0.001 ***
E - M == 0 -0.020401   0.007529  -2.710   0.0185 *  
---
Signif. codes:  0 ‘***’ 0.001 ‘**’ 0.01 ‘*’ 0.05 ‘.’ 0.1 ‘ ’ 1 
(Adjusted p values reported -- single-step method)

[1] "IDL Tukey test"

	 Simultaneous Tests for General Linear Hypotheses

Multiple Comparisons of Means: Tukey Contrasts


Fit: lmer(formula = get(vname) ~ (1 | pp) + (1 | pp/grp) + (1 | pp/S) + 
    (1 | pp/IDR) + (1 | pp/IDL) + (1 | pp/S:IDR:IDL) + grp * 
    S * IDR * IDL, data = mdata)

Linear Hypotheses:
           Estimate Std. Error z value Pr(>|z|)    
E - D == 0 -0.03695    0.01088  -3.397 0.000681 ***
---
Signif. codes:  0 ‘***’ 0.001 ‘**’ 0.01 ‘*’ 0.05 ‘.’ 0.1 ‘ ’ 1 
(Adjusted p values reported -- single-step method)

[1] "S Tukey test"

	 Simultaneous Tests for General Linear Hypotheses

Multiple Comparisons of Means: Tukey Contrasts


Fit: lmer(formula = get(vname) ~ (1 | pp) + (1 | pp/grp) + (1 | pp/S) + 
    (1 | pp/IDR) + (1 | pp/IDL) + (1 | pp/S:IDR:IDL) + grp * 
    S * IDR * IDL, data = mdata)

Linear Hypotheses:
           Estimate Std. Error z value Pr(>|z|)  
2 - 1 == 0 0.014249   0.009574   1.488   0.2965  
3 - 1 == 0 0.024526   0.009574   2.562   0.0282 *
3 - 2 == 0 0.010277   0.009574   1.073   0.5306  
---
Signif. codes:  0 ‘***’ 0.001 ‘**’ 0.01 ‘*’ 0.05 ‘.’ 0.1 ‘ ’ 1 
(Adjusted p values reported -- single-step method)

[1] "grp Tukey test"

	 Simultaneous Tests for General Linear Hypotheses

Multiple Comparisons of Means: Tukey Contrasts


Fit: lmer(formula = get(vname) ~ (1 | pp) + (1 | pp/grp) + (1 | pp/S) + 
    (1 | pp/IDR) + (1 | pp/IDL) + (1 | pp/S:IDR:IDL) + grp * 
    S * IDR * IDL, data = mdata)

Linear Hypotheses:
            Estimate Std. Error z value Pr(>|z|)
U - C == 0 -0.005353   0.018671  -0.287    0.774
(Adjusted p values reported -- single-step method)

