[1] "q1Rrel ~S*IDR*IDL*grp + Error(pp/(S*IDR*IDL))"
$ANOVA
          Effect DFn DFd           F          p p<.05          ges
2            grp   1   8 6.102081193 0.03869602     * 1.014210e-01
3              S   2  16 1.111722925 0.35311475       2.944306e-02
5            IDR   2  16 0.022170881 0.97810308       5.491979e-04
7            IDL   1   8 0.008316696 0.92957905       4.347859e-05
4          grp:S   2  16 0.046576342 0.95462061       1.269343e-03
6        grp:IDR   2  16 0.085339594 0.91861551       2.110656e-03
8        grp:IDL   1   8 0.696746462 0.42810003       3.629436e-03
9          S:IDR   4  32 0.326749712 0.85792133       1.070272e-02
11         S:IDL   2  16 0.016765238 0.98339177       5.593096e-05
13       IDR:IDL   2  16 0.397992138 0.67813504       1.396658e-03
10     grp:S:IDR   4  32 1.530023272 0.21699720       4.821571e-02
12     grp:S:IDL   2  16 2.238240124 0.13896883       7.412121e-03
14   grp:IDR:IDL   2  16 0.014980053 0.98514539       5.263964e-05
15     S:IDR:IDL   4  32 1.775695581 0.15806764       1.614764e-02
16 grp:S:IDR:IDL   4  32 0.727954241 0.57946914       6.683476e-03

$`Mauchly's Test for Sphericity`
          Effect         W          p p<.05
3              S 0.3634646 0.02894794     *
4          grp:S 0.3634646 0.02894794     *
5            IDR 0.4079349 0.04335788     *
6        grp:IDR 0.4079349 0.04335788     *
9          S:IDR 0.4375427 0.81559778      
10     grp:S:IDR 0.4375427 0.81559778      
11         S:IDL 0.8599133 0.58964593      
12     grp:S:IDL 0.8599133 0.58964593      
13       IDR:IDL 0.2978048 0.01441322     *
14   grp:IDR:IDL 0.2978048 0.01441322     *
15     S:IDR:IDL 0.3257397 0.63120276      
16 grp:S:IDR:IDL 0.3257397 0.63120276      

$`Sphericity Corrections`
          Effect       GGe     p[GG] p[GG]<.05       HFe     p[HF] p[HF]<.05
3              S 0.6110470 0.3328856           0.6638367 0.3368261          
4          grp:S 0.6110470 0.8775291           0.6638367 0.8934873          
5            IDR 0.6281150 0.9260892           0.6899754 0.9399411          
6        grp:IDR 0.6281150 0.8305647           0.6899754 0.8507592          
9          S:IDR 0.7827260 0.8140325           1.3440964 0.8579213          
10     grp:S:IDR 0.7827260 0.2302944           1.3440964 0.2169972          
11         S:IDL 0.8771263 0.9745078           1.1038129 0.9833918          
12     grp:S:IDL 0.8771263 0.1471682           1.1038129 0.1389688          
13       IDR:IDL 0.5874767 0.5760603           0.6281701 0.5887784          
14   grp:IDR:IDL 0.5874767 0.9325003           0.6281701 0.9421216          
15     S:IDR:IDL 0.6524398 0.1873269           0.9966083 0.1583303          
16 grp:S:IDR:IDL 0.6524398 0.5290521           0.9966083 0.5790610          

