                  Estimate MCMCmean HPD95lower HPD95upper pMCMC Pr(>|t|)
(Intercept)         1.0102   1.0103     0.9887     1.0312 0.001   0.0000
grp1               -0.0171  -0.0163    -0.0353     0.0043 0.118   0.0232
S1                 -0.0120  -0.0120    -0.0252     0.0010 0.068   0.1448
S2                  0.0091   0.0092    -0.0043     0.0227 0.192   0.2681
IDR1                0.0012   0.0012    -0.0113     0.0135 0.850   0.8757
IDR2               -0.0016  -0.0016    -0.0133     0.0108 0.744   0.8371
IDL1               -0.0003  -0.0003    -0.0066     0.0072 0.900   0.9261
grp1:S1             0.0007   0.0006    -0.0129     0.0138 0.944   0.9289
grp1:S2            -0.0025  -0.0024    -0.0158     0.0108 0.710   0.7616
grp1:IDR1           0.0006   0.0010    -0.0120     0.0134 0.880   0.9439
grp1:IDR2          -0.0031  -0.0033    -0.0175     0.0092 0.620   0.6929
S1:IDR1            -0.0064  -0.0064    -0.0165     0.0030 0.206   0.3270
S2:IDR1             0.0061   0.0062    -0.0029     0.0158 0.198   0.3495
S1:IDR2             0.0054   0.0053    -0.0042     0.0143 0.272   0.4037
S2:IDR2            -0.0096  -0.0094    -0.0179     0.0009 0.066   0.1406
grp1:IDL1          -0.0031  -0.0029    -0.0099     0.0040 0.380   0.3962
S1:IDL1             0.0005   0.0002    -0.0060     0.0077 0.990   0.9189
S2:IDL1            -0.0005  -0.0004    -0.0070     0.0061 0.932   0.9204
IDR1:IDL1           0.0004   0.0005    -0.0062     0.0073 0.882   0.9322
IDR2:IDL1           0.0021   0.0020    -0.0041     0.0093 0.576   0.6481
grp1:S1:IDR1       -0.0004  -0.0003    -0.0104     0.0091 0.976   0.9527
grp1:S2:IDR1       -0.0022  -0.0023    -0.0122     0.0069 0.636   0.7333
grp1:S1:IDR2       -0.0182  -0.0184    -0.0270    -0.0087 0.001   0.0054
grp1:S2:IDR2        0.0044   0.0048    -0.0040     0.0149 0.312   0.5025
grp1:S1:IDL1       -0.0034  -0.0035    -0.0102     0.0031 0.346   0.4557
grp1:S2:IDL1       -0.0028  -0.0028    -0.0095     0.0041 0.446   0.5508
grp1:IDR1:IDL1      0.0005   0.0005    -0.0065     0.0071 0.896   0.9118
grp1:IDR2:IDL1     -0.0003  -0.0004    -0.0069     0.0068 0.892   0.9403
S1:IDR1:IDL1       -0.0105  -0.0108    -0.0196    -0.0020 0.022   0.1083
S2:IDR1:IDL1        0.0014   0.0016    -0.0077     0.0111 0.728   0.8343
S1:IDR2:IDL1        0.0003   0.0007    -0.0085     0.0095 0.842   0.9682
S2:IDR2:IDL1       -0.0001  -0.0003    -0.0095     0.0096 0.928   0.9937
grp1:S1:IDR1:IDL1   0.0052   0.0053    -0.0049     0.0155 0.266   0.4269
grp1:S2:IDR1:IDL1   0.0022   0.0019    -0.0084     0.0108 0.666   0.7327
grp1:S1:IDR2:IDL1  -0.0047  -0.0048    -0.0135     0.0051 0.310   0.4680
grp1:S2:IDR2:IDL1  -0.0018  -0.0016    -0.0105     0.0079 0.770   0.7836
NULL
       Length Class      Mode
fixed  6      data.frame list
random 7      data.frame list
Analysis of Variance Table
              Df    Sum Sq   Mean Sq F value
grp            1 0.0093301 0.0093301  5.1846
S              2 0.0041817 0.0020909  1.1619
IDR            2 0.0000831 0.0000415  0.0231
IDL            1 0.0000155 0.0000155  0.0086
grp:S          2 0.0001752 0.0000876  0.0487
grp:IDR        2 0.0003198 0.0001599  0.0888
S:IDR          4 0.0047258 0.0011814  0.6565
grp:IDL        1 0.0012976 0.0012976  0.7210
S:IDL          2 0.0000244 0.0000122  0.0068
IDR:IDL        2 0.0006109 0.0003055  0.1697
grp:S:IDR      4 0.0221287 0.0055322  3.0741
grp:S:IDL      2 0.0032620 0.0016310  0.9063
grp:IDR:IDL    2 0.0000230 0.0000115  0.0064
S:IDR:IDL      4 0.0071694 0.0017924  0.9960
grp:S:IDR:IDL  4 0.0029391 0.0007348  0.4083
Linear mixed model fit by REML 
Formula: get(vname) ~ (1 | pp) + (1 | pp/S) + (1 | pp/IDR) + (1 | pp/IDL) +      (1 | pp/S:IDR:IDL) + grp * S * IDR * IDL 
   Data: mdata 
   AIC   BIC logLik deviance REMLdev
 -1246 -1048  668.9    -1646   -1338
Random effects:
 Groups       Name        Variance   Std.Dev.  
 S:IDR:IDL:pp (Intercept) 1.3109e-03 3.6207e-02
 IDR:pp       (Intercept) 6.0167e-04 2.4529e-02
 S:pp         (Intercept) 6.9072e-04 2.6282e-02
 IDL:pp       (Intercept) 4.8042e-05 6.9312e-03
 pp           (Intercept) 1.2129e-12 1.1013e-06
 pp           (Intercept) 0.0000e+00 0.0000e+00
 pp           (Intercept) 0.0000e+00 0.0000e+00
 pp           (Intercept) 0.0000e+00 0.0000e+00
 pp           (Intercept) 0.0000e+00 0.0000e+00
 Residual                 1.7996e-03 4.2421e-02
Number of obs: 540, groups: S:IDR:IDL:pp, 180; IDR:pp, 30; S:pp, 30; IDL:pp, 20; pp, 10

Fixed effects:
                    Estimate Std. Error t value
(Intercept)        1.010e+00  7.490e-03  134.88
grp1              -1.705e-02  7.490e-03   -2.28
S1                -1.198e-02  8.202e-03   -1.46
S2                 9.094e-03  8.202e-03    1.11
IDR1               1.225e-03  7.832e-03    0.16
IDR2              -1.612e-03  7.832e-03   -0.21
IDL1              -3.347e-04  3.608e-03   -0.09
grp1:S1            7.320e-04  8.202e-03    0.09
grp1:S2           -2.490e-03  8.202e-03   -0.30
grp1:IDR1          5.516e-04  7.832e-03    0.07
grp1:IDR2         -3.095e-03  7.832e-03   -0.40
S1:IDR1           -6.394e-03  6.516e-03   -0.98
S2:IDR1            6.102e-03  6.516e-03    0.94
S1:IDR2            5.445e-03  6.516e-03    0.84
S2:IDR2           -9.616e-03  6.516e-03   -1.48
grp1:IDL1         -3.064e-03  3.608e-03   -0.85
S1:IDL1            4.692e-04  4.608e-03    0.10
S2:IDL1           -4.606e-04  4.608e-03   -0.10
IDR1:IDL1          3.922e-04  4.608e-03    0.09
IDR2:IDL1          2.104e-03  4.608e-03    0.46
grp1:S1:IDR1      -3.869e-04  6.516e-03   -0.06
grp1:S2:IDR1      -2.221e-03  6.516e-03   -0.34
grp1:S1:IDR2      -1.821e-02  6.516e-03   -2.79
grp1:S2:IDR2       4.372e-03  6.516e-03    0.67
grp1:S1:IDL1      -3.440e-03  4.608e-03   -0.75
grp1:S2:IDL1      -2.751e-03  4.608e-03   -0.60
grp1:IDR1:IDL1     5.104e-04  4.608e-03    0.11
grp1:IDR2:IDL1    -3.453e-04  4.608e-03   -0.07
S1:IDR1:IDL1      -1.048e-02  6.516e-03   -1.61
S2:IDR1:IDL1       1.364e-03  6.516e-03    0.21
S1:IDR2:IDL1       2.600e-04  6.516e-03    0.04
S2:IDR2:IDL1      -5.123e-05  6.516e-03   -0.01
grp1:S1:IDR1:IDL1  5.182e-03  6.516e-03    0.80
grp1:S2:IDR1:IDL1  2.227e-03  6.516e-03    0.34
grp1:S1:IDR2:IDL1 -4.733e-03  6.516e-03   -0.73
grp1:S2:IDR2:IDL1 -1.791e-03  6.516e-03   -0.27

Correlation of Fixed Effects:
            (Intr) grp1   S1     S2     IDR1   IDR2   IDL1   gr1:S1 gr1:S2
grp1         0.000                                                        
S1           0.000  0.000                                                 
S2           0.000  0.000 -0.500                                          
IDR1         0.000  0.000  0.000  0.000                                   
IDR2         0.000  0.000  0.000  0.000 -0.500                            
IDL1         0.000  0.000  0.000  0.000  0.000  0.000                     
grp1:S1      0.000  0.000  0.000  0.000  0.000  0.000  0.000              
grp1:S2      0.000  0.000  0.000  0.000  0.000  0.000  0.000 -0.500       
grp1:IDR1    0.000  0.000  0.000  0.000  0.000  0.000  0.000  0.000  0.000
grp1:IDR2    0.000  0.000  0.000  0.000  0.000  0.000  0.000  0.000  0.000
S1:IDR1      0.000  0.000  0.000  0.000  0.000  0.000  0.000  0.000  0.000
S2:IDR1      0.000  0.000  0.000  0.000  0.000  0.000  0.000  0.000  0.000
S1:IDR2      0.000  0.000  0.000  0.000  0.000  0.000  0.000  0.000  0.000
S2:IDR2      0.000  0.000  0.000  0.000  0.000  0.000  0.000  0.000  0.000
grp1:IDL1    0.000  0.000  0.000  0.000  0.000  0.000  0.000  0.000  0.000
S1:IDL1      0.000  0.000  0.000  0.000  0.000  0.000  0.000  0.000  0.000
S2:IDL1      0.000  0.000  0.000  0.000  0.000  0.000  0.000  0.000  0.000
IDR1:IDL1    0.000  0.000  0.000  0.000  0.000  0.000  0.000  0.000  0.000
IDR2:IDL1    0.000  0.000  0.000  0.000  0.000  0.000  0.000  0.000  0.000
gr1:S1:IDR1  0.000  0.000  0.000  0.000  0.000  0.000  0.000  0.000  0.000
gr1:S2:IDR1  0.000  0.000  0.000  0.000  0.000  0.000  0.000  0.000  0.000
gr1:S1:IDR2  0.000  0.000  0.000  0.000  0.000  0.000  0.000  0.000  0.000
gr1:S2:IDR2  0.000  0.000  0.000  0.000  0.000  0.000  0.000  0.000  0.000
gr1:S1:IDL1  0.000  0.000  0.000  0.000  0.000  0.000  0.000  0.000  0.000
gr1:S2:IDL1  0.000  0.000  0.000  0.000  0.000  0.000  0.000  0.000  0.000
g1:IDR1:IDL  0.000  0.000  0.000  0.000  0.000  0.000  0.000  0.000  0.000
g1:IDR2:IDL  0.000  0.000  0.000  0.000  0.000  0.000  0.000  0.000  0.000
S1:IDR1:IDL  0.000  0.000  0.000  0.000  0.000  0.000  0.000  0.000  0.000
S2:IDR1:IDL  0.000  0.000  0.000  0.000  0.000  0.000  0.000  0.000  0.000
S1:IDR2:IDL  0.000  0.000  0.000  0.000  0.000  0.000  0.000  0.000  0.000
S2:IDR2:IDL  0.000  0.000  0.000  0.000  0.000  0.000  0.000  0.000  0.000
g1:S1:IDR1:  0.000  0.000  0.000  0.000  0.000  0.000  0.000  0.000  0.000
g1:S2:IDR1:  0.000  0.000  0.000  0.000  0.000  0.000  0.000  0.000  0.000
g1:S1:IDR2:  0.000  0.000  0.000  0.000  0.000  0.000  0.000  0.000  0.000
g1:S2:IDR2:  0.000  0.000  0.000  0.000  0.000  0.000  0.000  0.000  0.000
            gr1:IDR1 gr1:IDR2 S1:IDR1 S2:IDR1 S1:IDR2 S2:IDR2 g1:IDL S1:IDL
grp1                                                                       
S1                                                                         
S2                                                                         
IDR1                                                                       
IDR2                                                                       
IDL1                                                                       
grp1:S1                                                                    
grp1:S2                                                                    
grp1:IDR1                                                                  
grp1:IDR2   -0.500                                                         
S1:IDR1      0.000    0.000                                                
S2:IDR1      0.000    0.000   -0.500                                       
S1:IDR2      0.000    0.000   -0.500   0.250                               
S2:IDR2      0.000    0.000    0.250  -0.500  -0.500                       
grp1:IDL1    0.000    0.000    0.000   0.000   0.000   0.000               
S1:IDL1      0.000    0.000    0.000   0.000   0.000   0.000   0.000       
S2:IDL1      0.000    0.000    0.000   0.000   0.000   0.000   0.000 -0.500
IDR1:IDL1    0.000    0.000    0.000   0.000   0.000   0.000   0.000  0.000
IDR2:IDL1    0.000    0.000    0.000   0.000   0.000   0.000   0.000  0.000
gr1:S1:IDR1  0.000    0.000    0.000   0.000   0.000   0.000   0.000  0.000
gr1:S2:IDR1  0.000    0.000    0.000   0.000   0.000   0.000   0.000  0.000
gr1:S1:IDR2  0.000    0.000    0.000   0.000   0.000   0.000   0.000  0.000
gr1:S2:IDR2  0.000    0.000    0.000   0.000   0.000   0.000   0.000  0.000
gr1:S1:IDL1  0.000    0.000    0.000   0.000   0.000   0.000   0.000  0.000
gr1:S2:IDL1  0.000    0.000    0.000   0.000   0.000   0.000   0.000  0.000
g1:IDR1:IDL  0.000    0.000    0.000   0.000   0.000   0.000   0.000  0.000
g1:IDR2:IDL  0.000    0.000    0.000   0.000   0.000   0.000   0.000  0.000
S1:IDR1:IDL  0.000    0.000    0.000   0.000   0.000   0.000   0.000  0.000
S2:IDR1:IDL  0.000    0.000    0.000   0.000   0.000   0.000   0.000  0.000
S1:IDR2:IDL  0.000    0.000    0.000   0.000   0.000   0.000   0.000  0.000
S2:IDR2:IDL  0.000    0.000    0.000   0.000   0.000   0.000   0.000  0.000
g1:S1:IDR1:  0.000    0.000    0.000   0.000   0.000   0.000   0.000  0.000
g1:S2:IDR1:  0.000    0.000    0.000   0.000   0.000   0.000   0.000  0.000
g1:S1:IDR2:  0.000    0.000    0.000   0.000   0.000   0.000   0.000  0.000
g1:S2:IDR2:  0.000    0.000    0.000   0.000   0.000   0.000   0.000  0.000
            S2:IDL IDR1:I IDR2:I gr1:S1:IDR1 gr1:S2:IDR1 gr1:S1:IDR2
grp1                                                                
S1                                                                  
S2                                                                  
IDR1                                                                
IDR2                                                                
IDL1                                                                
grp1:S1                                                             
grp1:S2                                                             
grp1:IDR1                                                           
grp1:IDR2                                                           
S1:IDR1                                                             
S2:IDR1                                                             
S1:IDR2                                                             
S2:IDR2                                                             
grp1:IDL1                                                           
S1:IDL1                                                             
S2:IDL1                                                             
IDR1:IDL1    0.000                                                  
IDR2:IDL1    0.000 -0.500                                           
gr1:S1:IDR1  0.000  0.000  0.000                                    
gr1:S2:IDR1  0.000  0.000  0.000 -0.500                             
gr1:S1:IDR2  0.000  0.000  0.000 -0.500       0.250                 
gr1:S2:IDR2  0.000  0.000  0.000  0.250      -0.500      -0.500     
gr1:S1:IDL1  0.000  0.000  0.000  0.000       0.000       0.000     
gr1:S2:IDL1  0.000  0.000  0.000  0.000       0.000       0.000     
g1:IDR1:IDL  0.000  0.000  0.000  0.000       0.000       0.000     
g1:IDR2:IDL  0.000  0.000  0.000  0.000       0.000       0.000     
S1:IDR1:IDL  0.000  0.000  0.000  0.000       0.000       0.000     
S2:IDR1:IDL  0.000  0.000  0.000  0.000       0.000       0.000     
S1:IDR2:IDL  0.000  0.000  0.000  0.000       0.000       0.000     
S2:IDR2:IDL  0.000  0.000  0.000  0.000       0.000       0.000     
g1:S1:IDR1:  0.000  0.000  0.000  0.000       0.000       0.000     
g1:S2:IDR1:  0.000  0.000  0.000  0.000       0.000       0.000     
g1:S1:IDR2:  0.000  0.000  0.000  0.000       0.000       0.000     
g1:S2:IDR2:  0.000  0.000  0.000  0.000       0.000       0.000     
            gr1:S2:IDR2 g1:S1:IDL g1:S2:IDL g1:IDR1: g1:IDR2: S1:IDR1: S2:IDR1:
grp1                                                                           
S1                                                                             
S2                                                                             
IDR1                                                                           
IDR2                                                                           
IDL1                                                                           
grp1:S1                                                                        
grp1:S2                                                                        
grp1:IDR1                                                                      
grp1:IDR2                                                                      
S1:IDR1                                                                        
S2:IDR1                                                                        
S1:IDR2                                                                        
S2:IDR2                                                                        
grp1:IDL1                                                                      
S1:IDL1                                                                        
S2:IDL1                                                                        
IDR1:IDL1                                                                      
IDR2:IDL1                                                                      
gr1:S1:IDR1                                                                    
gr1:S2:IDR1                                                                    
gr1:S1:IDR2                                                                    
gr1:S2:IDR2                                                                    
gr1:S1:IDL1  0.000                                                             
gr1:S2:IDL1  0.000      -0.500                                                 
g1:IDR1:IDL  0.000       0.000     0.000                                       
g1:IDR2:IDL  0.000       0.000     0.000    -0.500                             
S1:IDR1:IDL  0.000       0.000     0.000     0.000    0.000                    
S2:IDR1:IDL  0.000       0.000     0.000     0.000    0.000   -0.500           
S1:IDR2:IDL  0.000       0.000     0.000     0.000    0.000   -0.500    0.250  
S2:IDR2:IDL  0.000       0.000     0.000     0.000    0.000    0.250   -0.500  
g1:S1:IDR1:  0.000       0.000     0.000     0.000    0.000    0.000    0.000  
g1:S2:IDR1:  0.000       0.000     0.000     0.000    0.000    0.000    0.000  
g1:S1:IDR2:  0.000       0.000     0.000     0.000    0.000    0.000    0.000  
g1:S2:IDR2:  0.000       0.000     0.000     0.000    0.000    0.000    0.000  
            S1:IDR2: S2:IDR2: g1:S1:IDR1: g1:S2:IDR1: g1:S1:IDR2:
grp1                                                             
S1                                                               
S2                                                               
IDR1                                                             
IDR2                                                             
IDL1                                                             
grp1:S1                                                          
grp1:S2                                                          
grp1:IDR1                                                        
grp1:IDR2                                                        
S1:IDR1                                                          
S2:IDR1                                                          
S1:IDR2                                                          
S2:IDR2                                                          
grp1:IDL1                                                        
S1:IDL1                                                          
S2:IDL1                                                          
IDR1:IDL1                                                        
IDR2:IDL1                                                        
gr1:S1:IDR1                                                      
gr1:S2:IDR1                                                      
gr1:S1:IDR2                                                      
gr1:S2:IDR2                                                      
gr1:S1:IDL1                                                      
gr1:S2:IDL1                                                      
g1:IDR1:IDL                                                      
g1:IDR2:IDL                                                      
S1:IDR1:IDL                                                      
S2:IDR1:IDL                                                      
S1:IDR2:IDL                                                      
S2:IDR2:IDL -0.500                                               
g1:S1:IDR1:  0.000    0.000                                      
g1:S2:IDR1:  0.000    0.000   -0.500                             
g1:S1:IDR2:  0.000    0.000   -0.500       0.250                 
g1:S2:IDR2:  0.000    0.000    0.250      -0.500      -0.500     
