[1] "peakVelRrel ~S*IDR*IDL*grp + Error(pp/(S*IDR*IDL))"
$ANOVA
          Effect DFn DFd           F            p p<.05          ges
2            grp   1   8  0.41900647 0.5355619172       0.0192797753
3              S   2  16  0.06339792 0.9388044893       0.0008005316
5            IDR   2  16  0.49054753 0.6212041052       0.0196632151
7            IDL   1   8 50.50832828 0.0001012985     * 0.1316615756
4          grp:S   2  16  0.08025737 0.9232479360       0.0010132018
6        grp:IDR   2  16  0.60819326 0.5564470294       0.0242645273
8        grp:IDL   1   8  9.23550054 0.0160878089     * 0.0269768142
9          S:IDR   4  32  0.78871556 0.5411121312       0.0068205590
11         S:IDL   2  16  0.15997199 0.8535138132       0.0007015420
13       IDR:IDL   2  16  9.36646278 0.0020278178     * 0.0544647127
10     grp:S:IDR   4  32  0.38954326 0.8145207636       0.0033803137
12     grp:S:IDL   2  16  1.29819717 0.3002824063       0.0056648439
14   grp:IDR:IDL   2  16  0.29984573 0.7450059362       0.0018406009
15     S:IDR:IDL   4  32  5.21090428 0.0023905502     * 0.0118919909
16 grp:S:IDR:IDL   4  32  1.05297360 0.3956375314       0.0024260494

$`Mauchly's Test for Sphericity`
          Effect          W            p p<.05
3              S 0.96295446 0.8762340468      
4          grp:S 0.96295446 0.8762340468      
5            IDR 0.12282084 0.0006493103     *
6        grp:IDR 0.12282084 0.0006493103     *
9          S:IDR 0.01932255 0.0036054780     *
10     grp:S:IDR 0.01932255 0.0036054780     *
11         S:IDL 0.50426789 0.0910572664      
12     grp:S:IDL 0.50426789 0.0910572664      
13       IDR:IDL 0.56702050 0.1372763281      
14   grp:IDR:IDL 0.56702050 0.1372763281      
15     S:IDR:IDL 0.31264445 0.6045603367      
16 grp:S:IDR:IDL 0.31264445 0.6045603367      

$`Sphericity Corrections`
          Effect       GGe       p[GG] p[GG]<.05       HFe       p[HF]
3              S 0.9642778 0.933850819           1.2646909 0.938804489
4          grp:S 0.9642778 0.917690243           1.2646909 0.923247936
5            IDR 0.5327142 0.514026525           0.5471755 0.518477939
6        grp:IDR 0.5327142 0.466750518           0.5471755 0.470494705
9          S:IDR 0.4419719 0.458866144           0.5580367 0.482367514
10     grp:S:IDR 0.4419719 0.659619825           0.5580367 0.704929598
11         S:IDL 0.6685689 0.767828712           0.7529978 0.794493876
12     grp:S:IDL 0.6685689 0.295321263           0.7529978 0.297521325
13       IDR:IDL 0.6978467 0.006891310         * 0.7995722 0.004552998
14   grp:IDR:IDL 0.6978467 0.669529341           0.7995722 0.698317460
15     S:IDR:IDL 0.6474770 0.009855836         * 0.9846954 0.002540186
16 grp:S:IDR:IDL 0.6474770 0.382272620           0.9846954 0.395249185
   p[HF]<.05
3           
4           
5           
6           
9           
10          
11          
12          
13         *
14          
15         *
16          

