Post-hoc Tukey comparisons[1] "grp Tukey test"

	Pairwise comparisons using paired t tests 

data:  mdata$peakVelRrel and mdata$grp 

  C    
U 0.017

P value adjustment method: bonferroni 
[1] "S Tukey test"

	Pairwise comparisons using paired t tests 

data:  mdata$peakVelRrel and mdata$S 

  1    2   
2 1.00 -   
3 1.00 0.79

P value adjustment method: bonferroni 
[1] "IDR Tukey test"

	Pairwise comparisons using paired t tests 

data:  mdata$peakVelRrel and mdata$IDR 

  D       M    
M 4.4e-06 -    
E 0.069   1.000

P value adjustment method: bonferroni 
[1] "IDL Tukey test"
