[1] "MTLrel ~S*IDR*IDL*grp + Error(pp/(S*IDR*IDL))"
$ANOVA
          Effect DFn DFd           F            p p<.05          ges
2            grp   1   8  0.37859438 5.554514e-01       0.0207766150
3              S   2  16  0.68285929 5.192994e-01       0.0063266946
4          grp:S   2  16  1.44283790 2.653992e-01       0.0132744320
5            IDR   2  16 47.34712947 1.905281e-07     * 0.2171842119
6        grp:IDR   2  16  0.56089630 5.815218e-01       0.0032759144
7            IDL   1   8  8.12299005 2.147622e-02     * 0.2373208012
8        grp:IDL   1   8  0.08799459 7.742978e-01       0.0033594832
9          S:IDR   4  32  1.79421188 1.543253e-01       0.0049290441
10     grp:S:IDR   4  32  1.99600967 1.188321e-01       0.0054803831
11         S:IDL   2  16  2.23319682 1.395177e-01       0.0124062012
12     grp:S:IDL   2  16  1.61829487 2.290526e-01       0.0090210183
13       IDR:IDL   2  16 30.33588162 3.596468e-06     * 0.1407462479
14   grp:IDR:IDL   2  16  0.08539615 9.185641e-01       0.0004608895
15     S:IDR:IDL   4  32  4.95035734 3.200177e-03     * 0.0082535743
16 grp:S:IDR:IDL   4  32  1.13876838 3.560005e-01       0.0019107754

$`Mauchly's Test for Sphericity`
          Effect          W            p p<.05
3              S 0.85254432 0.5721493026      
4          grp:S 0.85254432 0.5721493026      
5            IDR 0.07118684 0.0000962496     *
6        grp:IDR 0.07118684 0.0000962496     *
9          S:IDR 0.23854041 0.4373292400      
10     grp:S:IDR 0.23854041 0.4373292400      
11         S:IDL 0.98255057 0.9402475030      
12     grp:S:IDL 0.98255057 0.9402475030      
13       IDR:IDL 0.26878516 0.0100674271     *
14   grp:IDR:IDL 0.26878516 0.0100674271     *
15     S:IDR:IDL 0.13055764 0.1747772306      
16 grp:S:IDR:IDL 0.13055764 0.1747772306      

$`Sphericity Corrections`
          Effect       GGe        p[GG] p[GG]<.05       HFe        p[HF]
3              S 0.8714934 5.019369e-01           1.0937231 5.192994e-01
4          grp:S 0.8714934 2.669960e-01           1.0937231 2.653992e-01
5            IDR 0.5184535 9.959865e-05         * 0.5265019 8.960466e-05
6        grp:IDR 0.5184535 4.807561e-01           0.5265019 4.830629e-01
9          S:IDR 0.6790004 1.815633e-01           1.0618860 1.543253e-01
10     grp:S:IDR 0.6790004 1.486748e-01           1.0618860 1.188321e-01
11         S:IDL 0.9828498 1.406386e-01           1.3001753 1.395177e-01
12     grp:S:IDL 0.9828498 2.296130e-01           1.3001753 2.290526e-01
13       IDR:IDL 0.5776291 2.567725e-04         * 0.6134142 1.782481e-04
14   grp:IDR:IDL 0.5776291 8.116339e-01           0.6134142 8.252420e-01
15     S:IDR:IDL 0.6143670 1.364620e-02         * 0.9074016 4.514309e-03
16 grp:S:IDR:IDL 0.6143670 3.499331e-01           0.9074016 3.554607e-01
   p[HF]<.05
3           
4           
5          *
6           
9           
10          
11          
12          
13         *
14          
15         *
16          

