            Estimate MCMCmean HPD95lower HPD95upper pMCMC Pr(>|t|)
(Intercept)   0.7843   0.7842     0.7588     0.8099 0.001   0.0000
grp1         -0.0059  -0.0062    -0.0315     0.0182 0.610   0.6534
S1           -0.0188  -0.0194    -0.0314    -0.0057 0.004   0.0206
S2            0.0033   0.0037    -0.0078     0.0182 0.556   0.6787
ID1          -0.0701  -0.0702    -0.0831    -0.0575 0.001   0.0000
grp1:S1       0.0025   0.0025    -0.0124     0.0147 0.720   0.7594
grp1:S2      -0.0015  -0.0016    -0.0136     0.0116 0.852   0.8529
grp1:ID1     -0.0069  -0.0067    -0.0191     0.0061 0.288   0.3959
S1:ID1        0.0089   0.0089    -0.0015     0.0204 0.108   0.1900
S2:ID1       -0.0073  -0.0072    -0.0171     0.0041 0.198   0.2827
grp1:S1:ID1  -0.0028  -0.0028    -0.0127     0.0090 0.588   0.6796
grp1:S2:ID1  -0.0069  -0.0069    -0.0171     0.0031 0.198   0.3119
Analysis of Variance Table
         Df   Sum Sq  Mean Sq F value
grp       1 0.000384 0.000384  0.2023
S         2 0.011792 0.005896  3.1091
ID        1 0.139976 0.139976 73.8111
grp:S     2 0.000181 0.000091  0.0478
grp:ID    1 0.001374 0.001374  0.7243
S:ID      2 0.003730 0.001865  0.9833
grp:S:ID  2 0.004095 0.002047  1.0796
Linear mixed model fit by REML 
Formula: q2 ~ (1 | pp) + (1 | pp/S) + (1 | pp/ID) + (1 | pp/S:ID) + grp *      S * ID 
   Data: mdata 
    AIC    BIC logLik deviance REMLdev
 -410.8 -346.9  225.4   -545.4  -450.8
Random effects:
 Groups   Name        Variance   Std.Dev.
 S:ID:pp  (Intercept) 0.00075208 0.027424
 S:pp     (Intercept) 0.00028114 0.016767
 ID:pp    (Intercept) 0.00086989 0.029494
 pp       (Intercept) 0.00023350 0.015281
 pp       (Intercept) 0.00023357 0.015283
 pp       (Intercept) 0.00023359 0.015283
 pp       (Intercept) 0.00023354 0.015282
 Residual             0.00189640 0.043548
Number of obs: 180, groups: S:ID:pp, 60; S:pp, 30; ID:pp, 20; pp, 10

Fixed effects:
             Estimate Std. Error t value
(Intercept)  0.784349   0.013013   60.27
grp1        -0.005855   0.013013   -0.45
S1          -0.018823   0.008055   -2.34
S2           0.003343   0.008055    0.41
ID1         -0.070093   0.008159   -8.59
grp1:S1      0.002471   0.008055    0.31
grp1:S2     -0.001496   0.008055   -0.19
grp1:ID1    -0.006944   0.008159   -0.85
S1:ID1       0.008939   0.006793    1.32
S2:ID1      -0.007320   0.006793   -1.08
grp1:S1:ID1 -0.002810   0.006793   -0.41
grp1:S2:ID1 -0.006890   0.006793   -1.01

Correlation of Fixed Effects:
            (Intr) grp1   S1     S2     ID1    gr1:S1 gr1:S2 g1:ID1 S1:ID1
grp1         0.000                                                        
S1           0.000  0.000                                                 
S2           0.000  0.000 -0.500                                          
ID1          0.000  0.000  0.000  0.000                                   
grp1:S1      0.000  0.000  0.000  0.000  0.000                            
grp1:S2      0.000  0.000  0.000  0.000  0.000 -0.500                     
grp1:ID1     0.000  0.000  0.000  0.000  0.000  0.000  0.000              
S1:ID1       0.000  0.000  0.000  0.000  0.000  0.000  0.000  0.000       
S2:ID1       0.000  0.000  0.000  0.000  0.000  0.000  0.000  0.000 -0.500
grp1:S1:ID1  0.000  0.000  0.000  0.000  0.000  0.000  0.000  0.000  0.000
grp1:S2:ID1  0.000  0.000  0.000  0.000  0.000  0.000  0.000  0.000  0.000
            S2:ID1 g1:S1:
grp1                     
S1                       
S2                       
ID1                      
grp1:S1                  
grp1:S2                  
grp1:ID1                 
S1:ID1                   
S2:ID1                   
grp1:S1:ID1  0.000       
grp1:S2:ID1  0.000 -0.500
Linear mixed model fit by REML 
Formula: q2 ~ (1 | pp) + (1 | pp/S) + (1 | pp/ID) + (1 | pp/S:ID) + grp *      S * ID 
   Data: mdata 
    AIC    BIC logLik deviance REMLdev
 -410.8 -346.9  225.4   -545.4  -450.8
Random effects:
 Groups   Name        Variance   Std.Dev.
 S:ID:pp  (Intercept) 0.00075208 0.027424
 S:pp     (Intercept) 0.00028114 0.016767
 ID:pp    (Intercept) 0.00086989 0.029494
 pp       (Intercept) 0.00023350 0.015281
 pp       (Intercept) 0.00023357 0.015283
 pp       (Intercept) 0.00023359 0.015283
 pp       (Intercept) 0.00023354 0.015282
 Residual             0.00189640 0.043548
Number of obs: 180, groups: S:ID:pp, 60; S:pp, 30; ID:pp, 20; pp, 10

Fixed effects:
             Estimate Std. Error t value
(Intercept)  0.784349   0.013013   60.27
grp1        -0.005855   0.013013   -0.45
S1          -0.018823   0.008055   -2.34
S2           0.003343   0.008055    0.41
ID1         -0.070093   0.008159   -8.59
grp1:S1      0.002471   0.008055    0.31
grp1:S2     -0.001496   0.008055   -0.19
grp1:ID1    -0.006944   0.008159   -0.85
S1:ID1       0.008939   0.006793    1.32
S2:ID1      -0.007320   0.006793   -1.08
grp1:S1:ID1 -0.002810   0.006793   -0.41
grp1:S2:ID1 -0.006890   0.006793   -1.01

Correlation of Fixed Effects:
            (Intr) grp1   S1     S2     ID1    gr1:S1 gr1:S2 g1:ID1 S1:ID1
grp1         0.000                                                        
S1           0.000  0.000                                                 
S2           0.000  0.000 -0.500                                          
ID1          0.000  0.000  0.000  0.000                                   
grp1:S1      0.000  0.000  0.000  0.000  0.000                            
grp1:S2      0.000  0.000  0.000  0.000  0.000 -0.500                     
grp1:ID1     0.000  0.000  0.000  0.000  0.000  0.000  0.000              
S1:ID1       0.000  0.000  0.000  0.000  0.000  0.000  0.000  0.000       
S2:ID1       0.000  0.000  0.000  0.000  0.000  0.000  0.000  0.000 -0.500
grp1:S1:ID1  0.000  0.000  0.000  0.000  0.000  0.000  0.000  0.000  0.000
grp1:S2:ID1  0.000  0.000  0.000  0.000  0.000  0.000  0.000  0.000  0.000
            S2:ID1 g1:S1:
grp1                     
S1                       
S2                       
ID1                      
grp1:S1                  
grp1:S2                  
grp1:ID1                 
S1:ID1                   
S2:ID1                   
grp1:S1:ID1  0.000       
grp1:S2:ID1  0.000 -0.500
