[1] "Summary by group"
  grp      q2.m       q2.s
1   C 0.7784939 0.10565172
2   U 0.7902032 0.08745824
[1] "Summary by session\n"
  S      q2.m       q2.s
1 1 0.7655252 0.08945388
2 2 0.7876912 0.10278706
3 3 0.7998293 0.09642746
[1] "Summary by ID\n"
  ID      q2.m       q2.s
1  D 0.7142552 0.07181908
2  E 0.8544419 0.06153062
[1] "Summary by group + Session\n"
  grp S      q2.m       q2.s
1   C 1 0.7621420 0.10510260
2   C 2 0.7803403 0.11571353
3   C 3 0.7929993 0.09655414
4   U 1 0.7689083 0.07217818
5   U 2 0.7950420 0.08940504
6   U 3 0.8066593 0.09745729
[1] "Summary by Session + ID\n"
  S ID      q2.m       q2.s
1 1  D 0.7043710 0.07263474
2 1  E 0.8266793 0.05715363
3 2  D 0.7102773 0.06730644
4 2  E 0.8651050 0.06756784
5 3  D 0.7281173 0.07554789
6 3  E 0.8715413 0.05069293
[1] "Summary by group + ID\n"
  grp ID      q2.m       q2.s
1   C  D 0.7014569 0.08183791
2   C  E 0.8555309 0.06116912
3   U  D 0.7270536 0.05831557
4   U  E 0.8533529 0.06256192
[1] "Summary by group + Session + ID\n"
   grp S ID      q2.m       q2.s
1    C 1  D 0.6912340 0.09131329
2    C 1  E 0.8330500 0.06139924
3    C 2  D 0.6890933 0.07237622
4    C 2  E 0.8715873 0.06823390
5    C 3  D 0.7240433 0.08154960
6    C 3  E 0.8619553 0.04971758
7    U 1  D 0.7175080 0.04712240
8    U 1  E 0.8203087 0.05394036
9    U 2  D 0.7314613 0.05642648
10   U 2  E 0.8586227 0.06863685
11   U 3  D 0.7321913 0.07167105
12   U 3  E 0.8811273 0.05152041
