[1] "grp Tukey test"

	 Simultaneous Tests for General Linear Hypotheses

Multiple Comparisons of Means: Tukey Contrasts


Fit: lme.formula(fixed = vfTrajCircularityRrel ~ S + IDR + IDL + grp, 
    data = mdata, random = ~1 | pp)

Linear Hypotheses:
           Estimate Std. Error z value Pr(>|z|)
U - C == 0  0.01581    0.02952   0.536    0.592
(Adjusted p values reported -- single-step method)

[1] "S Tukey test"

	 Simultaneous Tests for General Linear Hypotheses

Multiple Comparisons of Means: Tukey Contrasts


Fit: lme.formula(fixed = vfTrajCircularityRrel ~ S + IDR + IDL + grp, 
    data = mdata, random = ~1 | pp)

Linear Hypotheses:
            Estimate Std. Error z value Pr(>|z|)   
2 - 1 == 0  0.028424   0.008354   3.402  0.00192 **
3 - 1 == 0  0.012018   0.008354   1.439  0.32105   
3 - 2 == 0 -0.016406   0.008354  -1.964  0.12125   
---
Signif. codes:  0 ‘***’ 0.001 ‘**’ 0.01 ‘*’ 0.05 ‘.’ 0.1 ‘ ’ 1 
(Adjusted p values reported -- single-step method)

[1] "IDR Tukey test"

	 Simultaneous Tests for General Linear Hypotheses

Multiple Comparisons of Means: Tukey Contrasts


Fit: lme.formula(fixed = vfTrajCircularityRrel ~ S + IDR + IDL + grp, 
    data = mdata, random = ~1 | pp)

Linear Hypotheses:
           Estimate Std. Error z value Pr(>|z|)    
E - D == 0 0.064489   0.006821   9.454   <2e-16 ***
---
Signif. codes:  0 ‘***’ 0.001 ‘**’ 0.01 ‘*’ 0.05 ‘.’ 0.1 ‘ ’ 1 
(Adjusted p values reported -- single-step method)

[1] "IDL Tukey test"

	 Simultaneous Tests for General Linear Hypotheses

Multiple Comparisons of Means: Tukey Contrasts


Fit: lme.formula(fixed = vfTrajCircularityRrel ~ S + IDR + IDL + grp, 
    data = mdata, random = ~1 | pp)

Linear Hypotheses:
            Estimate Std. Error z value Pr(>|z|)    
M - D == 0 -0.051529   0.008354  -6.168  < 1e-04 ***
E - D == 0 -0.032770   0.008354  -3.923 0.000266 ***
E - M == 0  0.018759   0.008354   2.245 0.063772 .  
---
Signif. codes:  0 ‘***’ 0.001 ‘**’ 0.01 ‘*’ 0.05 ‘.’ 0.1 ‘ ’ 1 
(Adjusted p values reported -- single-step method)

