[1] "CircularityL ~(S*DID*grp)+Error(pp/(S*DID))+grp"
$ANOVA
     Effect DFn DFd           F            p p<.05         ges
2       grp   1   8  0.70506618 4.254666e-01       0.025752359
3         S   2  16 12.96033611 4.503332e-04     * 0.252660100
5       DID   2  16 23.13150121 1.901601e-05     * 0.375316553
4     grp:S   2  16  0.04944571 9.519017e-01       0.001288164
6   grp:DID   2  16  3.89679209 4.181007e-02     * 0.091911396
7     S:DID   4  32  1.92885668 1.296320e-01       0.064002358
8 grp:S:DID   4  32  1.76696849 1.598624e-01       0.058947312

$`Mauchly's Test for Sphericity`
     Effect         W         p p<.05
3         S 0.7966941 0.4513574      
4     grp:S 0.7966941 0.4513574      
5       DID 0.9752648 0.9160707      
6   grp:DID 0.9752648 0.9160707      
7     S:DID 0.2131157 0.3735169      
8 grp:S:DID 0.2131157 0.3735169      

$`Sphericity Corrections`
     Effect       GGe        p[GG] p[GG]<.05       HFe        p[HF] p[HF]<.05
3         S 0.8310439 1.126376e-03         * 1.0223232 4.503332e-04         *
4     grp:S 0.8310439 9.273422e-01           1.0223232 9.519017e-01          
5       DID 0.9758619 2.329926e-05         * 1.2867728 1.901601e-05         *
6   grp:DID 0.9758619 4.322694e-02         * 1.2867728 4.181007e-02         *
7     S:DID 0.5491616 1.723511e-01           0.7654978 1.503750e-01          
8 grp:S:DID 0.5491616 1.981998e-01           0.7654978 1.790022e-01          

