[1] "q1R ~(S*DID*grp)+Error(pp/(S*DID))+grp"
$ANOVA
     Effect DFn DFd          F            p p<.05         ges
2       grp   1   8  1.1636596 3.121554e-01       0.071404278
3         S   2  16  0.6764990 5.223525e-01       0.023570622
5       DID   2  16 27.6504329 6.429859e-06     * 0.205724637
4     grp:S   2  16  0.6918463 5.150194e-01       0.024092471
6   grp:DID   2  16  0.4422822 6.501911e-01       0.004125885
7     S:DID   4  32  1.5744556 2.049518e-01       0.021370021
8 grp:S:DID   4  32  1.7926064 1.546463e-01       0.024259143

$`Mauchly's Test for Sphericity`
     Effect         W         p p<.05
3         S 0.6918089 0.2753921      
4     grp:S 0.6918089 0.2753921      
5       DID 0.6804862 0.2599367      
6   grp:DID 0.6804862 0.2599367      
7     S:DID 0.3166286 0.6113167      
8 grp:S:DID 0.3166286 0.6113167      

$`Sphericity Corrections`
     Effect       GGe        p[GG] p[GG]<.05       HFe        p[HF] p[HF]<.05
3         S 0.7644143 4.881110e-01           0.9086034 5.100944e-01          
4     grp:S 0.7644143 4.817634e-01           0.9086034 5.031221e-01          
5       DID 0.7578549 6.417067e-05         * 0.8976609 1.695711e-05         *
6   grp:DID 0.7578549 5.993596e-01           0.8976609 6.303319e-01          
7     S:DID 0.6976130 2.250092e-01           1.1092167 2.049518e-01          
8 grp:S:DID 0.6976130 1.801678e-01           1.1092167 1.546463e-01          

