[1] "Summary by group"
  grp     q1R.m      q1R.s
1   C 0.8657979 0.05109009
2   U 0.8869531 0.05368993
[1] "Summary by session\n"
  S     q1R.m      q1R.s
1 1 0.8693199 0.05735161
2 2 0.8759854 0.05276102
3 3 0.8838212 0.04929509
[1] "Summary by DID\n"
  DID     q1R.m      q1R.s
1   1 0.8969419 0.05005409
2   2 0.8818427 0.04870057
3   3 0.8503420 0.05088246
[1] "Summary by group + Session\n"
  grp S     q1R.m      q1R.s
1   C 1 0.8589784 0.05717268
2   C 2 0.8579522 0.05049759
3   C 3 0.8804631 0.04242691
4   U 1 0.8796613 0.05626456
5   U 2 0.8940187 0.04914809
6   U 3 0.8871793 0.05560692
[1] "Summary by Session + DID\n"
  S DID     q1R.m      q1R.s
1 1   1 0.8803840 0.06101062
2 1   2 0.8768640 0.05267399
3 1   3 0.8507117 0.05526210
4 2   1 0.8991780 0.04501511
5 2   2 0.8780197 0.05150189
6 2   3 0.8507587 0.05143242
7 3   1 0.9112637 0.03793929
8 3   2 0.8906443 0.04160419
9 3   3 0.8495557 0.04738642
[1] "Summary by group + DID\n"
  grp DID     q1R.m      q1R.s
1   C   1 0.8844787 0.04681588
2   C   2 0.8696829 0.04633942
3   C   3 0.8432322 0.05212530
4   U   1 0.9094051 0.05057977
5   U   2 0.8940024 0.04845216
6   U   3 0.8574518 0.04915738
[1] "Summary by group + Session + DID\n"
   grp S DID     q1R.m      q1R.s
1    C 1   1 0.8775553 0.06313436
2    C 1   2 0.8578407 0.04775658
3    C 1   3 0.8415393 0.05752811
4    C 2   1 0.8752333 0.04139398
5    C 2   2 0.8564167 0.05324875
6    C 2   3 0.8422067 0.05364037
7    C 3   1 0.9006473 0.02767379
8    C 3   2 0.8947913 0.02486732
9    C 3   3 0.8459507 0.04837770
10   U 1   1 0.8832127 0.06088822
11   U 1   2 0.8958873 0.05187599
12   U 1   3 0.8598840 0.05325569
13   U 2   1 0.9231227 0.03543158
14   U 2   2 0.8996227 0.04072925
15   U 2   3 0.8593107 0.04945226
16   U 3   1 0.9218800 0.04443243
17   U 3   2 0.8864973 0.05413149
18   U 3   3 0.8531607 0.04778164
