[1] "q2Rrel ~S*IDR*IDL*grp + Error(pp/(S*IDR*IDL))"
$ANOVA
          Effect DFn DFd          F            p p<.05         ges
2            grp   1   8  2.2351544 0.1732641405       0.094163500
3              S   2  16  0.6564787 0.5320957184       0.015635081
5            IDR   2  16  8.6134274 0.0028909861     * 0.111424777
7            IDL   1   8 28.8065733 0.0006718712     * 0.156074947
4          grp:S   2  16  2.3271088 0.1296850423       0.053302927
6        grp:IDR   2  16  0.3829255 0.6879470956       0.005543850
8        grp:IDL   1   8  2.7785020 0.1340967046       0.017525472
9          S:IDR   4  32  0.3211890 0.8616684002       0.006989718
11         S:IDL   2  16  0.3661764 0.6990427511       0.001491255
13       IDR:IDL   2  16  6.5059375 0.0085576295     * 0.026287520
10     grp:S:IDR   4  32  2.4528178 0.0658886150       0.051011886
12     grp:S:IDL   2  16  3.1724746 0.0691074527       0.012773926
14   grp:IDR:IDL   2  16  2.1977354 0.1434465055       0.009037362
15     S:IDR:IDL   4  32  3.9470623 0.0102716661     * 0.012379165
16 grp:S:IDR:IDL   4  32  0.8529670 0.5024818910       0.002701373

$`Mauchly's Test for Sphericity`
          Effect         W           p p<.05
3              S 0.7006274 0.287875672      
4          grp:S 0.7006274 0.287875672      
5            IDR 0.8121622 0.482780515      
6        grp:IDR 0.8121622 0.482780515      
9          S:IDR 0.0162767 0.002440091     *
10     grp:S:IDR 0.0162767 0.002440091     *
11         S:IDL 0.7535293 0.371407343      
12     grp:S:IDL 0.7535293 0.371407343      
13       IDR:IDL 0.9361146 0.793691340      
14   grp:IDR:IDL 0.9361146 0.793691340      
15     S:IDR:IDL 0.2270840 0.409551146      
16 grp:S:IDR:IDL 0.2270840 0.409551146      

$`Sphericity Corrections`
          Effect       GGe      p[GG] p[GG]<.05       HFe       p[HF] p[HF]<.05
3              S 0.7696022 0.49744968           0.9172895 0.520625893          
4          grp:S 0.7696022 0.14590969           0.9172895 0.135344260          
5            IDR 0.8418658 0.00519569         * 1.0412465 0.002890986         *
6        grp:IDR 0.8418658 0.65424635           1.0412465 0.687947096          
9          S:IDR 0.5046949 0.73176203           0.6758244 0.790015954          
10     grp:S:IDR 0.5046949 0.11707394           0.6758244 0.095772716          
11         S:IDL 0.8022651 0.65522965           0.9726238 0.693536845          
12     grp:S:IDL 0.8022651 0.08397697           0.9726238 0.070993563          
13       IDR:IDL 0.9399509 0.01008035         * 1.2188625 0.008557629         *
14   grp:IDR:IDL 0.9399509 0.14734284           1.2188625 0.143446505          
15     S:IDR:IDL 0.6571081 0.02608203         * 1.0078945 0.010271666         *
16 grp:S:IDR:IDL 0.6571081 0.46776053           1.0078945 0.502481891          

