                  Estimate MCMCmean HPD95lower HPD95upper pMCMC Pr(>|t|)
(Intercept)         0.9276   0.9280     0.8900     0.9668 0.001   0.0000
grp1               -0.0313  -0.0317    -0.0703     0.0074 0.112   0.1355
S1                 -0.0129  -0.0128    -0.0343     0.0078 0.244   0.3944
S2                  0.0164   0.0159    -0.0026     0.0388 0.118   0.2765
IDR1                0.0486   0.0487     0.0314     0.0668 0.001   0.0000
IDR2               -0.0248  -0.0242    -0.0437    -0.0072 0.014   0.0348
IDL1               -0.0417  -0.0414    -0.0552    -0.0275 0.001   0.0000
grp1:S1            -0.0268  -0.0265    -0.0469    -0.0060 0.016   0.0765
grp1:S2            -0.0026  -0.0028    -0.0258     0.0170 0.834   0.8615
grp1:IDR1          -0.0089  -0.0086    -0.0275     0.0110 0.356   0.4485
grp1:IDR2           0.0089   0.0088    -0.0102     0.0269 0.342   0.4492
S1:IDR1            -0.0076  -0.0075    -0.0209     0.0058 0.308   0.4599
S2:IDR1             0.0134   0.0135     0.0002     0.0270 0.052   0.1916
S1:IDR2             0.0113   0.0114    -0.0029     0.0241 0.102   0.2680
S2:IDR2            -0.0082  -0.0083    -0.0210     0.0062 0.242   0.4230
grp1:IDL1          -0.0130  -0.0133    -0.0262     0.0006 0.048   0.0962
S1:IDL1            -0.0007  -0.0007    -0.0096     0.0097 0.894   0.9231
S2:IDL1            -0.0042  -0.0041    -0.0135     0.0055 0.422   0.5613
IDR1:IDL1           0.0208   0.0206     0.0104     0.0294 0.001   0.0042
IDR2:IDL1          -0.0028  -0.0027    -0.0123     0.0068 0.578   0.6989
grp1:S1:IDR1       -0.0086  -0.0085    -0.0220     0.0054 0.214   0.4003
grp1:S2:IDR1       -0.0127  -0.0125    -0.0281     0.0002 0.084   0.2129
grp1:S1:IDR2       -0.0274  -0.0275    -0.0425    -0.0149 0.001   0.0075
grp1:S2:IDR2        0.0112   0.0109    -0.0031     0.0251 0.128   0.2735
grp1:S1:IDL1        0.0143   0.0143     0.0045     0.0240 0.004   0.0482
grp1:S2:IDL1       -0.0125  -0.0125    -0.0220    -0.0033 0.006   0.0836
grp1:IDR1:IDL1      0.0124   0.0124     0.0036     0.0223 0.006   0.0873
grp1:IDR2:IDL1     -0.0099  -0.0100    -0.0183    -0.0006 0.028   0.1718
S1:IDR1:IDL1       -0.0210  -0.0207    -0.0334    -0.0057 0.004   0.0408
S2:IDR1:IDL1        0.0140   0.0141    -0.0001     0.0277 0.060   0.1709
S1:IDR2:IDL1        0.0128   0.0125    -0.0028     0.0254 0.084   0.2107
S2:IDR2:IDL1       -0.0103  -0.0101    -0.0225     0.0036 0.144   0.3132
grp1:S1:IDR1:IDL1   0.0007   0.0011    -0.0144     0.0149 0.870   0.9479
grp1:S2:IDR1:IDL1   0.0067   0.0067    -0.0069     0.0197 0.344   0.5149
grp1:S1:IDR2:IDL1   0.0040   0.0038    -0.0088     0.0186 0.606   0.6937
grp1:S2:IDR2:IDL1  -0.0030  -0.0034    -0.0171     0.0091 0.622   0.7663
NULL
       Length Class      Mode
fixed  6      data.frame list
random 7      data.frame list
Analysis of Variance Table
              Df   Sum Sq  Mean Sq F value
grp            1 0.005354 0.005354  2.1931
S              2 0.003205 0.001603  0.6565
IDR            2 0.042055 0.021028  8.6134
IDL            1 0.070325 0.070325 28.8066
grp:S          2 0.011362 0.005681  2.3271
grp:IDR        2 0.001870 0.000935  0.3829
S:IDR          4 0.006189 0.001547  0.6338
grp:IDL        1 0.006783 0.006783  2.7785
S:IDL          2 0.001313 0.000657  0.2689
IDR:IDL        2 0.023737 0.011868  4.8616
grp:S:IDR      4 0.047262 0.011816  4.8399
grp:S:IDL      2 0.011377 0.005688  2.3301
grp:IDR:IDL    2 0.008018 0.004009  1.6423
S:IDR:IDL      4 0.011021 0.002755  1.1286
grp:S:IDR:IDL  4 0.002382 0.000595  0.2439
Linear mixed model fit by REML 
Formula: get(vname) ~ (1 | pp) + (1 | pp/S) + (1 | pp/IDR) + (1 | pp/IDL) +      (1 | pp/S:IDR:IDL) + grp * S * IDR * IDL 
   Data: mdata 
    AIC    BIC logLik deviance REMLdev
 -988.5 -791.1  540.3    -1352   -1081
Random effects:
 Groups       Name        Variance   Std.Dev.
 S:IDR:IDL:pp (Intercept) 0.00388551 0.062334
 IDR:pp       (Intercept) 0.00127008 0.035638
 S:pp         (Intercept) 0.00262919 0.051276
 IDL:pp       (Intercept) 0.00068515 0.026175
 pp           (Intercept) 0.00049401 0.022226
 pp           (Intercept) 0.00049378 0.022221
 pp           (Intercept) 0.00049399 0.022226
 pp           (Intercept) 0.00049383 0.022222
 pp           (Intercept) 0.00049391 0.022224
 Residual                 0.00244127 0.049409
Number of obs: 540, groups: S:IDR:IDL:pp, 180; IDR:pp, 30; S:pp, 30; IDL:pp, 20; pp, 10

Fixed effects:
                    Estimate Std. Error t value
(Intercept)        0.9275897  0.0209095   44.36
grp1              -0.0312636  0.0209095   -1.50
S1                -0.0128578  0.0150829   -0.85
S2                 0.0164302  0.0150829    1.09
IDR1               0.0485571  0.0116998    4.15
IDR2              -0.0247667  0.0116998   -2.12
IDL1              -0.0417002  0.0077695   -5.37
grp1:S1           -0.0267708  0.0150829   -1.77
grp1:S2           -0.0026332  0.0150829   -0.17
grp1:IDR1         -0.0088735  0.0116998   -0.76
grp1:IDR2          0.0088607  0.0116998    0.76
S1:IDR1           -0.0075580  0.0102190   -0.74
S2:IDR1            0.0133623  0.0102190    1.31
S1:IDR2            0.0113314  0.0102190    1.11
S2:IDR2           -0.0081942  0.0102190   -0.80
grp1:IDL1         -0.0129508  0.0077695   -1.67
S1:IDL1           -0.0006983  0.0072259   -0.10
S2:IDL1           -0.0042004  0.0072259   -0.58
IDR1:IDL1          0.0207608  0.0072259    2.87
IDR2:IDL1         -0.0027970  0.0072259   -0.39
grp1:S1:IDR1      -0.0086027  0.0102190   -0.84
grp1:S2:IDR1      -0.0127458  0.0102190   -1.25
grp1:S1:IDR2      -0.0274411  0.0102190   -2.69
grp1:S2:IDR2       0.0112018  0.0102190    1.10
grp1:S1:IDL1       0.0143132  0.0072259    1.98
grp1:S2:IDL1      -0.0125271  0.0072259   -1.73
grp1:IDR1:IDL1     0.0123801  0.0072259    1.71
grp1:IDR2:IDL1    -0.0098878  0.0072259   -1.37
S1:IDR1:IDL1      -0.0209612  0.0102190   -2.05
S2:IDR1:IDL1       0.0140136  0.0102190    1.37
S1:IDR2:IDL1       0.0128080  0.0102190    1.25
S2:IDR2:IDL1      -0.0103157  0.0102190   -1.01
grp1:S1:IDR1:IDL1  0.0006681  0.0102190    0.07
grp1:S2:IDR1:IDL1  0.0066588  0.0102190    0.65
grp1:S1:IDR2:IDL1  0.0040276  0.0102190    0.39
grp1:S2:IDR2:IDL1 -0.0030383  0.0102190   -0.30

Correlation of Fixed Effects:
            (Intr) grp1   S1     S2     IDR1   IDR2   IDL1   gr1:S1 gr1:S2
grp1         0.000                                                        
S1           0.000  0.000                                                 
S2           0.000  0.000 -0.500                                          
IDR1         0.000  0.000  0.000  0.000                                   
IDR2         0.000  0.000  0.000  0.000 -0.500                            
IDL1         0.000  0.000  0.000  0.000  0.000  0.000                     
grp1:S1      0.000  0.000  0.000  0.000  0.000  0.000  0.000              
grp1:S2      0.000  0.000  0.000  0.000  0.000  0.000  0.000 -0.500       
grp1:IDR1    0.000  0.000  0.000  0.000  0.000  0.000  0.000  0.000  0.000
grp1:IDR2    0.000  0.000  0.000  0.000  0.000  0.000  0.000  0.000  0.000
S1:IDR1      0.000  0.000  0.000  0.000  0.000  0.000  0.000  0.000  0.000
S2:IDR1      0.000  0.000  0.000  0.000  0.000  0.000  0.000  0.000  0.000
S1:IDR2      0.000  0.000  0.000  0.000  0.000  0.000  0.000  0.000  0.000
S2:IDR2      0.000  0.000  0.000  0.000  0.000  0.000  0.000  0.000  0.000
grp1:IDL1    0.000  0.000  0.000  0.000  0.000  0.000  0.000  0.000  0.000
S1:IDL1      0.000  0.000  0.000  0.000  0.000  0.000  0.000  0.000  0.000
S2:IDL1      0.000  0.000  0.000  0.000  0.000  0.000  0.000  0.000  0.000
IDR1:IDL1    0.000  0.000  0.000  0.000  0.000  0.000  0.000  0.000  0.000
IDR2:IDL1    0.000  0.000  0.000  0.000  0.000  0.000  0.000  0.000  0.000
gr1:S1:IDR1  0.000  0.000  0.000  0.000  0.000  0.000  0.000  0.000  0.000
gr1:S2:IDR1  0.000  0.000  0.000  0.000  0.000  0.000  0.000  0.000  0.000
gr1:S1:IDR2  0.000  0.000  0.000  0.000  0.000  0.000  0.000  0.000  0.000
gr1:S2:IDR2  0.000  0.000  0.000  0.000  0.000  0.000  0.000  0.000  0.000
gr1:S1:IDL1  0.000  0.000  0.000  0.000  0.000  0.000  0.000  0.000  0.000
gr1:S2:IDL1  0.000  0.000  0.000  0.000  0.000  0.000  0.000  0.000  0.000
g1:IDR1:IDL  0.000  0.000  0.000  0.000  0.000  0.000  0.000  0.000  0.000
g1:IDR2:IDL  0.000  0.000  0.000  0.000  0.000  0.000  0.000  0.000  0.000
S1:IDR1:IDL  0.000  0.000  0.000  0.000  0.000  0.000  0.000  0.000  0.000
S2:IDR1:IDL  0.000  0.000  0.000  0.000  0.000  0.000  0.000  0.000  0.000
S1:IDR2:IDL  0.000  0.000  0.000  0.000  0.000  0.000  0.000  0.000  0.000
S2:IDR2:IDL  0.000  0.000  0.000  0.000  0.000  0.000  0.000  0.000  0.000
g1:S1:IDR1:  0.000  0.000  0.000  0.000  0.000  0.000  0.000  0.000  0.000
g1:S2:IDR1:  0.000  0.000  0.000  0.000  0.000  0.000  0.000  0.000  0.000
g1:S1:IDR2:  0.000  0.000  0.000  0.000  0.000  0.000  0.000  0.000  0.000
g1:S2:IDR2:  0.000  0.000  0.000  0.000  0.000  0.000  0.000  0.000  0.000
            gr1:IDR1 gr1:IDR2 S1:IDR1 S2:IDR1 S1:IDR2 S2:IDR2 g1:IDL S1:IDL
grp1                                                                       
S1                                                                         
S2                                                                         
IDR1                                                                       
IDR2                                                                       
IDL1                                                                       
grp1:S1                                                                    
grp1:S2                                                                    
grp1:IDR1                                                                  
grp1:IDR2   -0.500                                                         
S1:IDR1      0.000    0.000                                                
S2:IDR1      0.000    0.000   -0.500                                       
S1:IDR2      0.000    0.000   -0.500   0.250                               
S2:IDR2      0.000    0.000    0.250  -0.500  -0.500                       
grp1:IDL1    0.000    0.000    0.000   0.000   0.000   0.000               
S1:IDL1      0.000    0.000    0.000   0.000   0.000   0.000   0.000       
S2:IDL1      0.000    0.000    0.000   0.000   0.000   0.000   0.000 -0.500
IDR1:IDL1    0.000    0.000    0.000   0.000   0.000   0.000   0.000  0.000
IDR2:IDL1    0.000    0.000    0.000   0.000   0.000   0.000   0.000  0.000
gr1:S1:IDR1  0.000    0.000    0.000   0.000   0.000   0.000   0.000  0.000
gr1:S2:IDR1  0.000    0.000    0.000   0.000   0.000   0.000   0.000  0.000
gr1:S1:IDR2  0.000    0.000    0.000   0.000   0.000   0.000   0.000  0.000
gr1:S2:IDR2  0.000    0.000    0.000   0.000   0.000   0.000   0.000  0.000
gr1:S1:IDL1  0.000    0.000    0.000   0.000   0.000   0.000   0.000  0.000
gr1:S2:IDL1  0.000    0.000    0.000   0.000   0.000   0.000   0.000  0.000
g1:IDR1:IDL  0.000    0.000    0.000   0.000   0.000   0.000   0.000  0.000
g1:IDR2:IDL  0.000    0.000    0.000   0.000   0.000   0.000   0.000  0.000
S1:IDR1:IDL  0.000    0.000    0.000   0.000   0.000   0.000   0.000  0.000
S2:IDR1:IDL  0.000    0.000    0.000   0.000   0.000   0.000   0.000  0.000
S1:IDR2:IDL  0.000    0.000    0.000   0.000   0.000   0.000   0.000  0.000
S2:IDR2:IDL  0.000    0.000    0.000   0.000   0.000   0.000   0.000  0.000
g1:S1:IDR1:  0.000    0.000    0.000   0.000   0.000   0.000   0.000  0.000
g1:S2:IDR1:  0.000    0.000    0.000   0.000   0.000   0.000   0.000  0.000
g1:S1:IDR2:  0.000    0.000    0.000   0.000   0.000   0.000   0.000  0.000
g1:S2:IDR2:  0.000    0.000    0.000   0.000   0.000   0.000   0.000  0.000
            S2:IDL IDR1:I IDR2:I gr1:S1:IDR1 gr1:S2:IDR1 gr1:S1:IDR2
grp1                                                                
S1                                                                  
S2                                                                  
IDR1                                                                
IDR2                                                                
IDL1                                                                
grp1:S1                                                             
grp1:S2                                                             
grp1:IDR1                                                           
grp1:IDR2                                                           
S1:IDR1                                                             
S2:IDR1                                                             
S1:IDR2                                                             
S2:IDR2                                                             
grp1:IDL1                                                           
S1:IDL1                                                             
S2:IDL1                                                             
IDR1:IDL1    0.000                                                  
IDR2:IDL1    0.000 -0.500                                           
gr1:S1:IDR1  0.000  0.000  0.000                                    
gr1:S2:IDR1  0.000  0.000  0.000 -0.500                             
gr1:S1:IDR2  0.000  0.000  0.000 -0.500       0.250                 
gr1:S2:IDR2  0.000  0.000  0.000  0.250      -0.500      -0.500     
gr1:S1:IDL1  0.000  0.000  0.000  0.000       0.000       0.000     
gr1:S2:IDL1  0.000  0.000  0.000  0.000       0.000       0.000     
g1:IDR1:IDL  0.000  0.000  0.000  0.000       0.000       0.000     
g1:IDR2:IDL  0.000  0.000  0.000  0.000       0.000       0.000     
S1:IDR1:IDL  0.000  0.000  0.000  0.000       0.000       0.000     
S2:IDR1:IDL  0.000  0.000  0.000  0.000       0.000       0.000     
S1:IDR2:IDL  0.000  0.000  0.000  0.000       0.000       0.000     
S2:IDR2:IDL  0.000  0.000  0.000  0.000       0.000       0.000     
g1:S1:IDR1:  0.000  0.000  0.000  0.000       0.000       0.000     
g1:S2:IDR1:  0.000  0.000  0.000  0.000       0.000       0.000     
g1:S1:IDR2:  0.000  0.000  0.000  0.000       0.000       0.000     
g1:S2:IDR2:  0.000  0.000  0.000  0.000       0.000       0.000     
            gr1:S2:IDR2 g1:S1:IDL g1:S2:IDL g1:IDR1: g1:IDR2: S1:IDR1: S2:IDR1:
grp1                                                                           
S1                                                                             
S2                                                                             
IDR1                                                                           
IDR2                                                                           
IDL1                                                                           
grp1:S1                                                                        
grp1:S2                                                                        
grp1:IDR1                                                                      
grp1:IDR2                                                                      
S1:IDR1                                                                        
S2:IDR1                                                                        
S1:IDR2                                                                        
S2:IDR2                                                                        
grp1:IDL1                                                                      
S1:IDL1                                                                        
S2:IDL1                                                                        
IDR1:IDL1                                                                      
IDR2:IDL1                                                                      
gr1:S1:IDR1                                                                    
gr1:S2:IDR1                                                                    
gr1:S1:IDR2                                                                    
gr1:S2:IDR2                                                                    
gr1:S1:IDL1  0.000                                                             
gr1:S2:IDL1  0.000      -0.500                                                 
g1:IDR1:IDL  0.000       0.000     0.000                                       
g1:IDR2:IDL  0.000       0.000     0.000    -0.500                             
S1:IDR1:IDL  0.000       0.000     0.000     0.000    0.000                    
S2:IDR1:IDL  0.000       0.000     0.000     0.000    0.000   -0.500           
S1:IDR2:IDL  0.000       0.000     0.000     0.000    0.000   -0.500    0.250  
S2:IDR2:IDL  0.000       0.000     0.000     0.000    0.000    0.250   -0.500  
g1:S1:IDR1:  0.000       0.000     0.000     0.000    0.000    0.000    0.000  
g1:S2:IDR1:  0.000       0.000     0.000     0.000    0.000    0.000    0.000  
g1:S1:IDR2:  0.000       0.000     0.000     0.000    0.000    0.000    0.000  
g1:S2:IDR2:  0.000       0.000     0.000     0.000    0.000    0.000    0.000  
            S1:IDR2: S2:IDR2: g1:S1:IDR1: g1:S2:IDR1: g1:S1:IDR2:
grp1                                                             
S1                                                               
S2                                                               
IDR1                                                             
IDR2                                                             
IDL1                                                             
grp1:S1                                                          
grp1:S2                                                          
grp1:IDR1                                                        
grp1:IDR2                                                        
S1:IDR1                                                          
S2:IDR1                                                          
S1:IDR2                                                          
S2:IDR2                                                          
grp1:IDL1                                                        
S1:IDL1                                                          
S2:IDL1                                                          
IDR1:IDL1                                                        
IDR2:IDL1                                                        
gr1:S1:IDR1                                                      
gr1:S2:IDR1                                                      
gr1:S1:IDR2                                                      
gr1:S2:IDR2                                                      
gr1:S1:IDL1                                                      
gr1:S2:IDL1                                                      
g1:IDR1:IDL                                                      
g1:IDR2:IDL                                                      
S1:IDR1:IDL                                                      
S2:IDR1:IDL                                                      
S1:IDR2:IDL                                                      
S2:IDR2:IDL -0.500                                               
g1:S1:IDR1:  0.000    0.000                                      
g1:S2:IDR1:  0.000    0.000   -0.500                             
g1:S1:IDR2:  0.000    0.000   -0.500       0.250                 
g1:S2:IDR2:  0.000    0.000    0.250      -0.500      -0.500     
