[1] "minPeakDelay ~S*IDR*IDL*grp + Error(pp/(S*IDR*IDL))"
$ANOVA
          Effect DFn DFd         F           p p<.05         ges
2            grp   1   8 2.1782906 0.178210503       0.050973319
3              S   2  16 0.2518692 0.780371183       0.004122035
5            IDR   2  16 0.1780863 0.838506362       0.003950347
7            IDL   1   8 0.9778405 0.351693719       0.016266618
4          grp:S   2  16 0.9533395 0.406293122       0.015425063
6        grp:IDR   2  16 1.4532659 0.263066116       0.031349861
8        grp:IDL   1   8 0.4820681 0.507145135       0.008086010
9          S:IDR   4  32 0.7402936 0.571541933       0.008510214
11         S:IDL   2  16 2.1666043 0.146998379       0.015998742
13       IDR:IDL   2  16 0.7660045 0.481178694       0.010811729
10     grp:S:IDR   4  32 4.9379019 0.003245482     * 0.054151710
12     grp:S:IDL   2  16 1.0964421 0.357888221       0.008160890
14   grp:IDR:IDL   2  16 2.3350065 0.128894348       0.032243277
15     S:IDR:IDL   4  32 1.5382132 0.214726810       0.017175617
16 grp:S:IDR:IDL   4  32 2.0041451 0.117586482       0.022262370

$`Mauchly's Test for Sphericity`
          Effect         W          p p<.05
3              S 0.9644491 0.88100340      
4          grp:S 0.9644491 0.88100340      
5            IDR 0.2515359 0.00798178     *
6        grp:IDR 0.2515359 0.00798178     *
9          S:IDR 0.0596973 0.04057965     *
10     grp:S:IDR 0.0596973 0.04057965     *
11         S:IDL 0.8192338 0.49765398      
12     grp:S:IDL 0.8192338 0.49765398      
13       IDR:IDL 0.3660025 0.02966157     *
14   grp:IDR:IDL 0.3660025 0.02966157     *
15     S:IDR:IDL 0.1396779 0.19580485      
16 grp:S:IDR:IDL 0.1396779 0.19580485      

$`Sphericity Corrections`
          Effect       GGe      p[GG] p[GG]<.05       HFe      p[HF] p[HF]<.05
3              S 0.9656696 0.77308982           1.2673350 0.78037118          
4          grp:S 0.9656696 0.40405363           1.2673350 0.40629312          
5            IDR 0.5719305 0.71578556           0.6049140 0.72884875          
6        grp:IDR 0.5719305 0.26435927           0.6049140 0.26491326          
9          S:IDR 0.4627500 0.48391860           0.5959912 0.51239072          
10     grp:S:IDR 0.4627500 0.02469052         * 0.5959912 0.01477351         *
11         S:IDL 0.8469077 0.15690854           1.0501071 0.14699838          
12     grp:S:IDL 0.8469077 0.35149803           1.0501071 0.35788822          
13       IDR:IDL 0.6119960 0.42875792           0.6652832 0.43772250          
14   grp:IDR:IDL 0.6119960 0.15687492           0.6652832 0.15290504          
15     S:IDR:IDL 0.5817195 0.24045222           0.8347212 0.22497630          
16 grp:S:IDR:IDL 0.5817195 0.15797282           0.8347212 0.13208555          

