Post-hoc Tukey comparisons[1] "grp Tukey test"

	Pairwise comparisons using paired t tests 

data:  mdata$minPeakDelay and mdata$grp 

  C      
U 9.1e-05

P value adjustment method: bonferroni 
[1] "S Tukey test"

	Pairwise comparisons using paired t tests 

data:  mdata$minPeakDelay and mdata$S 

  1    2   
2 0.89 -   
3 1.00 0.45

P value adjustment method: bonferroni 
[1] "IDR Tukey test"

	Pairwise comparisons using paired t tests 

data:  mdata$minPeakDelay and mdata$IDR 

  D    M   
M 0.31 -   
E 1.00 0.87

P value adjustment method: bonferroni 
[1] "IDL Tukey test"
