[1] "Summary by group"
  grp minPeakDelay.m minPeakDelay.s
1   C     0.00235000     0.02506591
2   U     0.01330839     0.03438475
[1] "Summary by session\n"
  S minPeakDelay.m minPeakDelay.s
1 1    0.007210081     0.02234895
2 2    0.009922800     0.03314050
3 3    0.006354711     0.03473895
[1] "Summary by IDR+IDR\n"
  IDL IDR minPeakDelay.m minPeakDelay.s
1   D   D    0.007039067     0.01388026
2   D   M    0.004655800     0.01541345
3   D   E    0.002672283     0.02097231
4   E   D    0.010014594     0.02480213
5   E   M    0.006863939     0.02882225
6   E   E    0.015729500     0.05685189
[1] "Summary by group + Session\n"
  grp S minPeakDelay.m minPeakDelay.s
1   C 1    0.005611111     0.02074941
2   C 2    0.003861111     0.02935046
3   C 3   -0.002422222     0.02389430
4   U 1    0.008809050     0.02385068
5   U 2    0.015984489     0.03568140
6   U 3    0.015131644     0.04123603
[1] "Summary by Session + IDR + IDL \n"
   S IDL IDR minPeakDelay.m minPeakDelay.s
1  1   D   D   0.0072166667     0.01668712
2  1   D   M   0.0068666667     0.01556130
3  1   D   E   0.0109666667     0.02127850
4  1   E   D   0.0095320833     0.02296150
5  1   E   M   0.0051284000     0.02235065
6  1   E   E   0.0035500000     0.03231348
7  2   D   D   0.0081000000     0.01422443
8  2   D   M   0.0068333333     0.01489465
9  2   D   E  -0.0027333333     0.01958700
10 2   E   D   0.0137980833     0.03312015
11 2   E   M   0.0136335500     0.03823624
12 2   E   E   0.0199051667     0.05568169
13 3   D   D   0.0058005333     0.01037755
14 3   D   M   0.0002674000     0.01533686
15 3   D   E  -0.0002164833     0.02008460
16 3   E   D   0.0067136167     0.01540665
17 3   E   M   0.0018298667     0.02260878
18 3   E   E   0.0237333333     0.07441064
[1] "Summary by group + IDR + IDL\n"
   grp IDL IDR minPeakDelay.m minPeakDelay.s
1    C   D   D   0.0035666667     0.01503541
2    C   D   M   0.0014222222     0.01248270
3    C   D   E  -0.0006555556     0.02123484
4    C   E   D   0.0131333333     0.02885552
5    C   E   M  -0.0012444444     0.03025641
6    C   E   E  -0.0021222222     0.03310712
7    U   D   D   0.0105114667     0.01178877
8    U   D   M   0.0078893778     0.01741675
9    U   D   E   0.0060001222     0.02039855
10   U   E   D   0.0068958556     0.01979232
11   U   E   M   0.0149723222     0.02510765
12   U   E   E   0.0335812222     0.06920836
[1] "Summary by group + Session + IDR + IDL\n"
   grp S IDL IDR minPeakDelay.m minPeakDelay.s
1    C 1   D   D   0.0026666667    0.015240532
2    C 1   D   M   0.0036666667    0.014367208
3    C 1   D   E   0.0112333333    0.020731159
4    C 1   E   D   0.0067333333    0.021167585
5    C 1   E   M   0.0010666667    0.025484496
6    C 1   E   E   0.0083000000    0.026316616
7    C 2   D   D   0.0072333333    0.018138226
8    C 2   D   M   0.0013666667    0.013250966
9    C 2   D   E  -0.0033000000    0.021178493
10   C 2   E   D   0.0199666667    0.040846606
11   C 2   E   M   0.0001333333    0.040639735
12   C 2   E   E  -0.0022333333    0.028227941
13   C 3   D   D   0.0008000000    0.011213512
14   C 3   D   M  -0.0007666667    0.009857678
15   C 3   D   E  -0.0099000000    0.016981292
16   C 3   E   D   0.0127000000    0.020155467
17   C 3   E   M  -0.0049333333    0.023531792
18   C 3   E   E  -0.0124333333    0.041534782
19   U 1   D   D   0.0117666667    0.017325525
20   U 1   D   M   0.0100666667    0.016530131
21   U 1   D   E   0.0107000000    0.022537905
22   U 1   E   D   0.0123308333    0.025045330
23   U 1   E   M   0.0091901333    0.018707584
24   U 1   E   E  -0.0012000000    0.037709321
25   U 2   D   D   0.0089666667    0.009408330
26   U 2   D   M   0.0123000000    0.014829748
27   U 2   D   E  -0.0021666667    0.018587310
28   U 2   E   D   0.0076295000    0.022852968
29   U 2   E   M   0.0271337667    0.031405620
30   U 2   E   E   0.0420436667    0.067640977
31   U 3   D   D   0.0108010667    0.006614673
32   U 3   D   M   0.0013014667    0.019691991
33   U 3   D   E   0.0094670333    0.018609002
34   U 3   E   D   0.0007272333    0.002940792
35   U 3   E   M   0.0085930667    0.020175822
36   U 3   E   E   0.0599000000    0.083314636
