                  Estimate MCMCmean HPD95lower HPD95upper pMCMC Pr(>|t|)
(Intercept)         4.1315   4.1287     3.7036     4.5048 0.001   0.0000
grp1                0.1275   0.1340    -0.3146     0.5322 0.496   0.5783
S1                 -0.8922  -0.8962    -1.0778    -0.7382 0.001   0.0000
S2                  0.1671   0.1670    -0.0036     0.3510 0.072   0.1422
IDR1               -1.0905  -1.0887    -1.2877    -0.8770 0.001   0.0000
IDR2               -0.2503  -0.2511    -0.4580    -0.0541 0.016   0.0658
IDL1               -0.5778  -0.5808    -0.7881    -0.3680 0.001   0.0013
grp1:S1            -0.1069  -0.1055    -0.2962     0.0753 0.230   0.3474
grp1:S2             0.0934   0.0923    -0.0709     0.2787 0.292   0.4117
grp1:IDR1          -0.3095  -0.3112    -0.5054    -0.1094 0.006   0.0231
grp1:IDR2          -0.0164  -0.0181    -0.2151     0.1834 0.844   0.9040
S1:IDR1             0.2540   0.2532     0.1130     0.3974 0.002   0.0305
S2:IDR1            -0.0965  -0.0968    -0.2438     0.0473 0.198   0.4105
S1:IDR2             0.0747   0.0759    -0.0679     0.2146 0.298   0.5237
S2:IDR2             0.1142   0.1165    -0.0339     0.2644 0.150   0.3301
grp1:IDL1           0.2392   0.2402     0.0233     0.4508 0.024   0.1823
S1:IDL1             0.3993   0.4000     0.3038     0.5095 0.001   0.0000
S2:IDL1            -0.0237  -0.0215    -0.1232     0.0707 0.674   0.7747
IDR1:IDL1           0.7238   0.7245     0.6218     0.8277 0.001   0.0000
IDR2:IDL1           0.2771   0.2751     0.1630     0.3719 0.001   0.0009
grp1:S1:IDR1        0.2514   0.2505     0.1094     0.3949 0.001   0.0323
grp1:S2:IDR1       -0.0670  -0.0628    -0.2029     0.0854 0.396   0.5672
grp1:S1:IDR2        0.0369   0.0382    -0.1089     0.1703 0.602   0.7525
grp1:S2:IDR2       -0.0588  -0.0620    -0.2038     0.0911 0.372   0.6155
grp1:S1:IDL1       -0.0753  -0.0720    -0.1728     0.0326 0.166   0.3636
grp1:S2:IDL1       -0.1124  -0.1156    -0.2167    -0.0123 0.028   0.1750
grp1:IDR1:IDL1      0.1360   0.1355     0.0298     0.2388 0.006   0.1012
grp1:IDR2:IDL1      0.0142   0.0149    -0.0884     0.1161 0.786   0.8638
S1:IDR1:IDL1       -0.3530  -0.3516    -0.4981    -0.2083 0.001   0.0027
S2:IDR1:IDL1        0.1071   0.1102    -0.0288     0.2564 0.148   0.3608
S1:IDR2:IDL1       -0.1146  -0.1156    -0.2541     0.0358 0.132   0.3282
S2:IDR2:IDL1       -0.0581  -0.0608    -0.2118     0.0782 0.418   0.6198
grp1:S1:IDR1:IDL1  -0.1228  -0.1224    -0.2698     0.0175 0.092   0.2949
grp1:S2:IDR1:IDL1   0.0824   0.0813    -0.0527     0.2526 0.260   0.4817
grp1:S1:IDR2:IDL1  -0.0031  -0.0027    -0.1483     0.1340 0.984   0.9792
grp1:S2:IDR2:IDL1  -0.0348  -0.0347    -0.1801     0.1064 0.640   0.7668
NULL
       Length Class      Mode
fixed  6      data.frame list
random 7      data.frame list
Analysis of Variance Table
              Df  Sum Sq Mean Sq F value
grp            1  0.0540  0.0540  0.3036
S              2 12.3928  6.1964 34.8358
IDR            2 19.6148  9.8074 55.1365
IDL            1  1.8525  1.8525 10.4145
grp:S          2  0.1866  0.0933  0.5245
grp:IDR        2  1.3004  0.6502  3.6555
S:IDR          4  2.1989  0.5497  3.0906
grp:IDL        1  0.3173  0.3173  1.7840
S:IDL          2  5.2076  2.6038 14.6383
IDR:IDL        2 27.7184 13.8592 77.9155
grp:S:IDR      4  1.3397  0.3349  1.8829
grp:S:IDL      2  0.9264  0.4632  2.6042
grp:IDR:IDL    2  0.7134  0.3567  2.0054
S:IDR:IDL      4  3.6849  0.9212  5.1790
grp:S:IDR:IDL  4  0.2904  0.0726  0.4081
Linear mixed model fit by REML 
Formula: get(vname) ~ (1 | pp) + (1 | pp/S) + (1 | pp/IDR) + (1 | pp/IDL) +      (1 | pp/S:IDR:IDL) + grp * S * IDR * IDL 
   Data: mdata 
  AIC  BIC logLik deviance REMLdev
 1255 1453 -581.6     1067    1163
Random effects:
 Groups       Name        Variance Std.Dev.
 S:IDR:IDL:pp (Intercept) 0.557688 0.74679 
 IDR:pp       (Intercept) 0.173742 0.41682 
 S:pp         (Intercept) 0.090920 0.30153 
 IDL:pp       (Intercept) 0.572681 0.75676 
 pp           (Intercept) 0.023329 0.15274 
 pp           (Intercept) 0.023329 0.15274 
 pp           (Intercept) 0.023329 0.15274 
 pp           (Intercept) 0.023330 0.15274 
 pp           (Intercept) 0.023330 0.15274 
 Residual                 0.177874 0.42175 
Number of obs: 540, groups: S:IDR:IDL:pp, 180; IDR:pp, 30; S:pp, 30; IDL:pp, 20; pp, 10

Fixed effects:
                   Estimate Std. Error t value
(Intercept)        4.131503   0.229221  18.024
grp1               0.127489   0.229221   0.556
S1                -0.892237   0.113651  -7.851
S2                 0.167051   0.113651   1.470
IDR1              -1.090527   0.135787  -8.031
IDR2              -0.250339   0.135787  -1.844
IDL1              -0.577846   0.179058  -3.227
grp1:S1           -0.106886   0.113651  -0.940
grp1:S2            0.093369   0.113651   0.822
grp1:IDR1         -0.309454   0.135787  -2.279
grp1:IDR2         -0.016389   0.135787  -0.121
S1:IDR1            0.254027   0.117093   2.169
S2:IDR1           -0.096454   0.117093  -0.824
S1:IDR2            0.074717   0.117093   0.638
S2:IDR2            0.114159   0.117093   0.975
grp1:IDL1          0.239158   0.179058   1.336
S1:IDL1            0.399291   0.082797   4.823
S2:IDL1           -0.023716   0.082797  -0.286
IDR1:IDL1          0.723795   0.082797   8.742
IDR2:IDL1          0.277083   0.082797   3.347
grp1:S1:IDR1       0.251385   0.117093   2.147
grp1:S2:IDR1      -0.067044   0.117093  -0.573
grp1:S1:IDR2       0.036941   0.117093   0.315
grp1:S2:IDR2      -0.058848   0.117093  -0.503
grp1:S1:IDL1      -0.075287   0.082797  -0.909
grp1:S2:IDL1      -0.112448   0.082797  -1.358
grp1:IDR1:IDL1     0.135967   0.082797   1.642
grp1:IDR2:IDL1     0.014212   0.082797   0.172
S1:IDR1:IDL1      -0.352952   0.117093  -3.014
S2:IDR1:IDL1       0.107094   0.117093   0.915
S1:IDR2:IDL1      -0.114602   0.117093  -0.979
S2:IDR2:IDL1      -0.058136   0.117093  -0.496
grp1:S1:IDR1:IDL1 -0.122778   0.117093  -1.049
grp1:S2:IDR1:IDL1  0.082450   0.117093   0.704
grp1:S1:IDR2:IDL1 -0.003061   0.117093  -0.026
grp1:S2:IDR2:IDL1 -0.034750   0.117093  -0.297

Correlation of Fixed Effects:
            (Intr) grp1   S1     S2     IDR1   IDR2   IDL1   gr1:S1 gr1:S2
grp1         0.000                                                        
S1           0.000  0.000                                                 
S2           0.000  0.000 -0.500                                          
IDR1         0.000  0.000  0.000  0.000                                   
IDR2         0.000  0.000  0.000  0.000 -0.500                            
IDL1         0.000  0.000  0.000  0.000  0.000  0.000                     
grp1:S1      0.000  0.000  0.000  0.000  0.000  0.000  0.000              
grp1:S2      0.000  0.000  0.000  0.000  0.000  0.000  0.000 -0.500       
grp1:IDR1    0.000  0.000  0.000  0.000  0.000  0.000  0.000  0.000  0.000
grp1:IDR2    0.000  0.000  0.000  0.000  0.000  0.000  0.000  0.000  0.000
S1:IDR1      0.000  0.000  0.000  0.000  0.000  0.000  0.000  0.000  0.000
S2:IDR1      0.000  0.000  0.000  0.000  0.000  0.000  0.000  0.000  0.000
S1:IDR2      0.000  0.000  0.000  0.000  0.000  0.000  0.000  0.000  0.000
S2:IDR2      0.000  0.000  0.000  0.000  0.000  0.000  0.000  0.000  0.000
grp1:IDL1    0.000  0.000  0.000  0.000  0.000  0.000  0.000  0.000  0.000
S1:IDL1      0.000  0.000  0.000  0.000  0.000  0.000  0.000  0.000  0.000
S2:IDL1      0.000  0.000  0.000  0.000  0.000  0.000  0.000  0.000  0.000
IDR1:IDL1    0.000  0.000  0.000  0.000  0.000  0.000  0.000  0.000  0.000
IDR2:IDL1    0.000  0.000  0.000  0.000  0.000  0.000  0.000  0.000  0.000
gr1:S1:IDR1  0.000  0.000  0.000  0.000  0.000  0.000  0.000  0.000  0.000
gr1:S2:IDR1  0.000  0.000  0.000  0.000  0.000  0.000  0.000  0.000  0.000
gr1:S1:IDR2  0.000  0.000  0.000  0.000  0.000  0.000  0.000  0.000  0.000
gr1:S2:IDR2  0.000  0.000  0.000  0.000  0.000  0.000  0.000  0.000  0.000
gr1:S1:IDL1  0.000  0.000  0.000  0.000  0.000  0.000  0.000  0.000  0.000
gr1:S2:IDL1  0.000  0.000  0.000  0.000  0.000  0.000  0.000  0.000  0.000
g1:IDR1:IDL  0.000  0.000  0.000  0.000  0.000  0.000  0.000  0.000  0.000
g1:IDR2:IDL  0.000  0.000  0.000  0.000  0.000  0.000  0.000  0.000  0.000
S1:IDR1:IDL  0.000  0.000  0.000  0.000  0.000  0.000  0.000  0.000  0.000
S2:IDR1:IDL  0.000  0.000  0.000  0.000  0.000  0.000  0.000  0.000  0.000
S1:IDR2:IDL  0.000  0.000  0.000  0.000  0.000  0.000  0.000  0.000  0.000
S2:IDR2:IDL  0.000  0.000  0.000  0.000  0.000  0.000  0.000  0.000  0.000
g1:S1:IDR1:  0.000  0.000  0.000  0.000  0.000  0.000  0.000  0.000  0.000
g1:S2:IDR1:  0.000  0.000  0.000  0.000  0.000  0.000  0.000  0.000  0.000
g1:S1:IDR2:  0.000  0.000  0.000  0.000  0.000  0.000  0.000  0.000  0.000
g1:S2:IDR2:  0.000  0.000  0.000  0.000  0.000  0.000  0.000  0.000  0.000
            gr1:IDR1 gr1:IDR2 S1:IDR1 S2:IDR1 S1:IDR2 S2:IDR2 g1:IDL S1:IDL
grp1                                                                       
S1                                                                         
S2                                                                         
IDR1                                                                       
IDR2                                                                       
IDL1                                                                       
grp1:S1                                                                    
grp1:S2                                                                    
grp1:IDR1                                                                  
grp1:IDR2   -0.500                                                         
S1:IDR1      0.000    0.000                                                
S2:IDR1      0.000    0.000   -0.500                                       
S1:IDR2      0.000    0.000   -0.500   0.250                               
S2:IDR2      0.000    0.000    0.250  -0.500  -0.500                       
grp1:IDL1    0.000    0.000    0.000   0.000   0.000   0.000               
S1:IDL1      0.000    0.000    0.000   0.000   0.000   0.000   0.000       
S2:IDL1      0.000    0.000    0.000   0.000   0.000   0.000   0.000 -0.500
IDR1:IDL1    0.000    0.000    0.000   0.000   0.000   0.000   0.000  0.000
IDR2:IDL1    0.000    0.000    0.000   0.000   0.000   0.000   0.000  0.000
gr1:S1:IDR1  0.000    0.000    0.000   0.000   0.000   0.000   0.000  0.000
gr1:S2:IDR1  0.000    0.000    0.000   0.000   0.000   0.000   0.000  0.000
gr1:S1:IDR2  0.000    0.000    0.000   0.000   0.000   0.000   0.000  0.000
gr1:S2:IDR2  0.000    0.000    0.000   0.000   0.000   0.000   0.000  0.000
gr1:S1:IDL1  0.000    0.000    0.000   0.000   0.000   0.000   0.000  0.000
gr1:S2:IDL1  0.000    0.000    0.000   0.000   0.000   0.000   0.000  0.000
g1:IDR1:IDL  0.000    0.000    0.000   0.000   0.000   0.000   0.000  0.000
g1:IDR2:IDL  0.000    0.000    0.000   0.000   0.000   0.000   0.000  0.000
S1:IDR1:IDL  0.000    0.000    0.000   0.000   0.000   0.000   0.000  0.000
S2:IDR1:IDL  0.000    0.000    0.000   0.000   0.000   0.000   0.000  0.000
S1:IDR2:IDL  0.000    0.000    0.000   0.000   0.000   0.000   0.000  0.000
S2:IDR2:IDL  0.000    0.000    0.000   0.000   0.000   0.000   0.000  0.000
g1:S1:IDR1:  0.000    0.000    0.000   0.000   0.000   0.000   0.000  0.000
g1:S2:IDR1:  0.000    0.000    0.000   0.000   0.000   0.000   0.000  0.000
g1:S1:IDR2:  0.000    0.000    0.000   0.000   0.000   0.000   0.000  0.000
g1:S2:IDR2:  0.000    0.000    0.000   0.000   0.000   0.000   0.000  0.000
            S2:IDL IDR1:I IDR2:I gr1:S1:IDR1 gr1:S2:IDR1 gr1:S1:IDR2
grp1                                                                
S1                                                                  
S2                                                                  
IDR1                                                                
IDR2                                                                
IDL1                                                                
grp1:S1                                                             
grp1:S2                                                             
grp1:IDR1                                                           
grp1:IDR2                                                           
S1:IDR1                                                             
S2:IDR1                                                             
S1:IDR2                                                             
S2:IDR2                                                             
grp1:IDL1                                                           
S1:IDL1                                                             
S2:IDL1                                                             
IDR1:IDL1    0.000                                                  
IDR2:IDL1    0.000 -0.500                                           
gr1:S1:IDR1  0.000  0.000  0.000                                    
gr1:S2:IDR1  0.000  0.000  0.000 -0.500                             
gr1:S1:IDR2  0.000  0.000  0.000 -0.500       0.250                 
gr1:S2:IDR2  0.000  0.000  0.000  0.250      -0.500      -0.500     
gr1:S1:IDL1  0.000  0.000  0.000  0.000       0.000       0.000     
gr1:S2:IDL1  0.000  0.000  0.000  0.000       0.000       0.000     
g1:IDR1:IDL  0.000  0.000  0.000  0.000       0.000       0.000     
g1:IDR2:IDL  0.000  0.000  0.000  0.000       0.000       0.000     
S1:IDR1:IDL  0.000  0.000  0.000  0.000       0.000       0.000     
S2:IDR1:IDL  0.000  0.000  0.000  0.000       0.000       0.000     
S1:IDR2:IDL  0.000  0.000  0.000  0.000       0.000       0.000     
S2:IDR2:IDL  0.000  0.000  0.000  0.000       0.000       0.000     
g1:S1:IDR1:  0.000  0.000  0.000  0.000       0.000       0.000     
g1:S2:IDR1:  0.000  0.000  0.000  0.000       0.000       0.000     
g1:S1:IDR2:  0.000  0.000  0.000  0.000       0.000       0.000     
g1:S2:IDR2:  0.000  0.000  0.000  0.000       0.000       0.000     
            gr1:S2:IDR2 g1:S1:IDL g1:S2:IDL g1:IDR1: g1:IDR2: S1:IDR1: S2:IDR1:
grp1                                                                           
S1                                                                             
S2                                                                             
IDR1                                                                           
IDR2                                                                           
IDL1                                                                           
grp1:S1                                                                        
grp1:S2                                                                        
grp1:IDR1                                                                      
grp1:IDR2                                                                      
S1:IDR1                                                                        
S2:IDR1                                                                        
S1:IDR2                                                                        
S2:IDR2                                                                        
grp1:IDL1                                                                      
S1:IDL1                                                                        
S2:IDL1                                                                        
IDR1:IDL1                                                                      
IDR2:IDL1                                                                      
gr1:S1:IDR1                                                                    
gr1:S2:IDR1                                                                    
gr1:S1:IDR2                                                                    
gr1:S2:IDR2                                                                    
gr1:S1:IDL1  0.000                                                             
gr1:S2:IDL1  0.000      -0.500                                                 
g1:IDR1:IDL  0.000       0.000     0.000                                       
g1:IDR2:IDL  0.000       0.000     0.000    -0.500                             
S1:IDR1:IDL  0.000       0.000     0.000     0.000    0.000                    
S2:IDR1:IDL  0.000       0.000     0.000     0.000    0.000   -0.500           
S1:IDR2:IDL  0.000       0.000     0.000     0.000    0.000   -0.500    0.250  
S2:IDR2:IDL  0.000       0.000     0.000     0.000    0.000    0.250   -0.500  
g1:S1:IDR1:  0.000       0.000     0.000     0.000    0.000    0.000    0.000  
g1:S2:IDR1:  0.000       0.000     0.000     0.000    0.000    0.000    0.000  
g1:S1:IDR2:  0.000       0.000     0.000     0.000    0.000    0.000    0.000  
g1:S2:IDR2:  0.000       0.000     0.000     0.000    0.000    0.000    0.000  
            S1:IDR2: S2:IDR2: g1:S1:IDR1: g1:S2:IDR1: g1:S1:IDR2:
grp1                                                             
S1                                                               
S2                                                               
IDR1                                                             
IDR2                                                             
IDL1                                                             
grp1:S1                                                          
grp1:S2                                                          
grp1:IDR1                                                        
grp1:IDR2                                                        
S1:IDR1                                                          
S2:IDR1                                                          
S1:IDR2                                                          
S2:IDR2                                                          
grp1:IDL1                                                        
S1:IDL1                                                          
S2:IDL1                                                          
IDR1:IDL1                                                        
IDR2:IDL1                                                        
gr1:S1:IDR1                                                      
gr1:S2:IDR1                                                      
gr1:S1:IDR2                                                      
gr1:S2:IDR2                                                      
gr1:S1:IDL1                                                      
gr1:S2:IDL1                                                      
g1:IDR1:IDL                                                      
g1:IDR2:IDL                                                      
S1:IDR1:IDL                                                      
S2:IDR1:IDL                                                      
S1:IDR2:IDL                                                      
S2:IDR2:IDL -0.500                                               
g1:S1:IDR1:  0.000    0.000                                      
g1:S2:IDR1:  0.000    0.000   -0.500                             
g1:S1:IDR2:  0.000    0.000   -0.500       0.250                 
g1:S2:IDR2:  0.000    0.000    0.250      -0.500      -0.500     
