[1] "Summary by group"
  grp peakVel.m  peakVel.s
1   C 0.8305608 0.07007091
2   U 0.8312914 0.05646501
[1] "Summary by session\n"
  S peakVel.m  peakVel.s
1 1 0.8174858 0.06395546
2 2 0.8301153 0.06718205
3 3 0.8451772 0.05676044
[1] "Summary by ID\n"
  ID peakVel.m  peakVel.s
1  D 0.8051491 0.06961656
2  E 0.8567031 0.04368290
[1] "Summary by group + Session\n"
  grp S peakVel.m  peakVel.s
1   C 1 0.8160357 0.07809036
2   C 2 0.8272940 0.07406476
3   C 3 0.8483527 0.05411065
4   U 1 0.8189360 0.04710829
5   U 2 0.8329367 0.06066658
6   U 3 0.8420017 0.06004801
[1] "Summary by Session + ID\n"
  S ID peakVel.m  peakVel.s
1 1  D 0.7955050 0.06784529
2 1  E 0.8394667 0.05214429
3 2  D 0.8007940 0.07916552
4 2  E 0.8594367 0.03371257
5 3  D 0.8191483 0.06070337
6 3  E 0.8712060 0.03831404
[1] "Summary by group + ID\n"
  grp ID peakVel.m  peakVel.s
1   C  D 0.7997209 0.07658809
2   C  E 0.8614007 0.04604661
3   U  D 0.8105773 0.06226614
4   U  E 0.8520056 0.04116226
[1] "Summary by group + Session + ID\n"
   grp S ID peakVel.m  peakVel.s
1    C 1  D 0.7768600 0.08067501
2    C 1  E 0.8552113 0.05324112
3    C 2  D 0.7935247 0.08497894
4    C 2  E 0.8610633 0.04120605
5    C 3  D 0.8287780 0.05656486
6    C 3  E 0.8679273 0.04521512
7    U 1  D 0.8141500 0.04776360
8    U 1  E 0.8237220 0.04760724
9    U 2  D 0.8080633 0.07514891
10   U 2  E 0.8578100 0.02550780
11   U 3  D 0.8095187 0.06507467
12   U 3  E 0.8744847 0.03119846
