[1] "q4L ~S*IDR*IDL*grp + Error(pp/(S*IDR*IDL))"
$ANOVA
          Effect DFn DFd          F            p p<.05         ges
2            grp   1   8  3.1060584 1.160217e-01       0.131934809
3              S   2  16 11.4854898 8.072895e-04     * 0.186694722
4          grp:S   2  16  0.9765492 3.979647e-01       0.019143811
5            IDR   2  16 42.4395781 4.004500e-07     * 0.222502001
6        grp:IDR   2  16  2.2295029 1.399212e-01       0.014811228
7            IDL   1   8 56.1574676 6.968358e-05     * 0.406460842
8        grp:IDL   1   8  2.2138770 1.750930e-01       0.026287310
9          S:IDR   4  32  2.7272204 4.639367e-02     * 0.028507807
10     grp:S:IDR   4  32  1.4059087 2.543453e-01       0.014901873
11         S:IDL   2  16  0.8195654 4.582921e-01       0.008753393
12     grp:S:IDL   2  16  1.2106481 3.238906e-01       0.012876578
13       IDR:IDL   2  16 19.3930829 5.291668e-05     * 0.129491301
14   grp:IDR:IDL   2  16  1.5144504 2.498332e-01       0.011483117
15     S:IDR:IDL   4  32  1.1881272 3.348125e-01       0.009344006
16 grp:S:IDR:IDL   4  32  0.8313556 5.152472e-01       0.006556578

$`Mauchly's Test for Sphericity`
          Effect         W           p p<.05
3              S 0.2472513 0.007515967     *
4          grp:S 0.2472513 0.007515967     *
5            IDR 0.4822380 0.077878064      
6        grp:IDR 0.4822380 0.077878064      
9          S:IDR 0.1810821 0.295959219      
10     grp:S:IDR 0.1810821 0.295959219      
11         S:IDL 0.7522978 0.369287286      
12     grp:S:IDL 0.7522978 0.369287286      
13       IDR:IDL 0.8479110 0.561340018      
14   grp:IDR:IDL 0.8479110 0.561340018      
15     S:IDR:IDL 0.1018480 0.112922684      
16 grp:S:IDR:IDL 0.1018480 0.112922684      

$`Sphericity Corrections`
          Effect       GGe        p[GG] p[GG]<.05       HFe        p[HF]
3              S 0.5705324 6.681861e-03         * 0.6028329 5.687503e-03
4          grp:S 0.5705324 3.615105e-01           0.6028329 3.653809e-01
5            IDR 0.6588648 2.597898e-05         * 0.7377408 9.853955e-06
6        grp:IDR 0.6588648 1.631585e-01           0.7377408 1.576812e-01
9          S:IDR 0.6319960 7.879731e-02           0.9480900 4.993662e-02
10     grp:S:IDR 0.6319960 2.699650e-01           0.9480900 2.567026e-01
11         S:IDL 0.8014733 4.374443e-01           0.9712691 4.555648e-01
12     grp:S:IDL 0.8014733 3.192681e-01           0.9712691 3.233929e-01
13       IDR:IDL 0.8679885 1.414840e-04         * 1.0874636 5.291668e-05
14   grp:IDR:IDL 0.8679885 2.525535e-01           1.0874636 2.498332e-01
15     S:IDR:IDL 0.5191099 3.310229e-01           0.7043043 3.348936e-01
16 grp:S:IDR:IDL 0.5191099 4.568182e-01           0.7043043 4.841541e-01
   p[HF]<.05
3          *
4           
5          *
6           
9          *
10          
11          
12          
13         *
14          
15          
16          

