                  Estimate MCMCmean HPD95lower HPD95upper pMCMC Pr(>|t|)
(Intercept)         0.7261   0.7259     0.7032     0.7463 0.001   0.0000
grp1                0.0190   0.0186    -0.0026     0.0426 0.110   0.0786
S1                 -0.0323  -0.0322    -0.0427    -0.0217 0.001   0.0000
S2                  0.0100   0.0102    -0.0002     0.0220 0.062   0.1475
IDR1               -0.0357  -0.0356    -0.0427    -0.0283 0.001   0.0000
IDR2                0.0096   0.0096     0.0019     0.0165 0.008   0.0166
IDL1               -0.0404  -0.0403    -0.0489    -0.0309 0.001   0.0000
grp1:S1            -0.0075  -0.0075    -0.0178     0.0045 0.206   0.2779
grp1:S2            -0.0015  -0.0013    -0.0131     0.0082 0.834   0.8273
grp1:IDR1          -0.0043  -0.0044    -0.0129     0.0018 0.240   0.2861
grp1:IDR2           0.0085   0.0085     0.0019     0.0163 0.024   0.0352
S1:IDR1            -0.0062  -0.0061    -0.0143     0.0016 0.144   0.2562
S2:IDR1            -0.0070  -0.0070    -0.0149     0.0006 0.076   0.1971
S1:IDR2            -0.0048  -0.0048    -0.0132     0.0028 0.232   0.3798
S2:IDR2             0.0110   0.0109     0.0035     0.0187 0.014   0.0425
grp1:IDL1           0.0080   0.0080    -0.0006     0.0174 0.094   0.1374
S1:IDL1             0.0051   0.0051    -0.0005     0.0107 0.084   0.1852
S2:IDL1             0.0009   0.0010    -0.0041     0.0072 0.718   0.8091
IDR1:IDL1           0.0263   0.0264     0.0209     0.0322 0.001   0.0000
IDR2:IDL1          -0.0095  -0.0095    -0.0150    -0.0038 0.001   0.0140
grp1:S1:IDR1        0.0043   0.0042    -0.0040     0.0119 0.300   0.4274
grp1:S2:IDR1       -0.0079  -0.0078    -0.0151     0.0013 0.072   0.1453
grp1:S1:IDR2       -0.0019  -0.0017    -0.0090     0.0063 0.638   0.7320
grp1:S2:IDR2       -0.0029  -0.0032    -0.0105     0.0059 0.428   0.5884
grp1:S1:IDL1       -0.0024  -0.0024    -0.0081     0.0032 0.422   0.5330
grp1:S2:IDL1       -0.0053  -0.0053    -0.0113     0.0001 0.072   0.1677
grp1:IDR1:IDL1      0.0007   0.0007    -0.0052     0.0061 0.794   0.8623
grp1:IDR2:IDL1     -0.0068  -0.0068    -0.0120    -0.0010 0.020   0.0794
S1:IDR1:IDL1       -0.0025  -0.0024    -0.0106     0.0054 0.584   0.6444
S2:IDR1:IDL1        0.0081   0.0079    -0.0006     0.0151 0.066   0.1378
S1:IDR2:IDL1        0.0050   0.0048    -0.0032     0.0126 0.258   0.3579
S2:IDR2:IDL1       -0.0046  -0.0046    -0.0122     0.0035 0.250   0.3941
grp1:S1:IDR1:IDL1  -0.0067  -0.0068    -0.0151     0.0011 0.092   0.2161
grp1:S2:IDR1:IDL1   0.0049   0.0049    -0.0038     0.0123 0.206   0.3670
grp1:S1:IDR2:IDL1   0.0031   0.0030    -0.0047     0.0109 0.434   0.5651
grp1:S2:IDR2:IDL1  -0.0052  -0.0052    -0.0127     0.0026 0.200   0.3406
NULL
       Length Class      Mode
fixed  6      data.frame list
random 7      data.frame list
Analysis of Variance Table
              Df   Sum Sq  Mean Sq F value
grp            1 0.003983 0.003983  3.0739
S              2 0.029767 0.014883 11.4853
IDR            2 0.109990 0.054995 42.4394
IDL            1 0.072773 0.072773 56.1586
grp:S          2 0.002531 0.001265  0.9765
grp:IDR        2 0.005778 0.002889  2.2295
S:IDR          4 0.012285 0.003071  2.3700
grp:IDL        1 0.002869 0.002869  2.2139
S:IDL          2 0.003697 0.001848  1.4264
IDR:IDL        2 0.062274 0.031137 24.0283
grp:S:IDR      4 0.006333 0.001583  1.2218
grp:S:IDL      2 0.005461 0.002730  2.1071
grp:IDR:IDL    2 0.004863 0.002432  1.8764
S:IDR:IDL      4 0.003949 0.000987  0.7618
grp:S:IDR:IDL  4 0.002763 0.000691  0.5330
Linear mixed model fit by REML 
Formula: get(vname) ~ (1 | pp) + (1 | pp/S) + (1 | pp/IDR) + (1 | pp/IDL) +      (1 | pp/S:IDR:IDL) + grp * S * IDR * IDL 
   Data: mdata 
   AIC   BIC logLik deviance REMLdev
 -1414 -1216  752.8    -1826   -1506
Random effects:
 Groups       Name        Variance   Std.Dev. 
 S:IDR:IDL:pp (Intercept) 8.9580e-04 0.0299299
 IDR:pp       (Intercept) 1.9747e-05 0.0044437
 S:pp         (Intercept) 4.9313e-04 0.0222066
 IDL:pp       (Intercept) 4.3365e-04 0.0208244
 pp           (Intercept) 1.4082e-04 0.0118668
 pp           (Intercept) 1.4088e-04 0.0118692
 pp           (Intercept) 1.4091e-04 0.0118705
 pp           (Intercept) 1.4100e-04 0.0118742
 pp           (Intercept) 1.4088e-04 0.0118693
 Residual                 1.2958e-03 0.0359979
Number of obs: 540, groups: S:IDR:IDL:pp, 180; IDR:pp, 30; S:pp, 30; IDL:pp, 20; pp, 10

Fixed effects:
                    Estimate Std. Error t value
(Intercept)        0.7260829  0.0107971   67.25
grp1               0.0190313  0.0107971    1.76
S1                -0.0323073  0.0069013   -4.68
S2                 0.0100120  0.0069013    1.45
IDR1              -0.0356928  0.0040086   -8.90
IDR2               0.0096322  0.0040086    2.40
IDL1              -0.0403970  0.0053907   -7.49
grp1:S1           -0.0074970  0.0069013   -1.09
grp1:S2           -0.0015063  0.0069013   -0.22
grp1:IDR1         -0.0042810  0.0040086   -1.07
grp1:IDR2          0.0084646  0.0040086    2.11
S1:IDR1           -0.0061739  0.0054319   -1.14
S2:IDR1           -0.0070153  0.0054319   -1.29
S1:IDR2           -0.0047744  0.0054319   -0.88
S2:IDR2            0.0110448  0.0054319    2.03
grp1:IDL1          0.0080209  0.0053907    1.49
S1:IDL1            0.0050963  0.0038409    1.33
S2:IDL1            0.0009285  0.0038409    0.24
IDR1:IDL1          0.0262863  0.0038409    6.84
IDR2:IDL1         -0.0094691  0.0038409   -2.47
grp1:S1:IDR1       0.0043144  0.0054319    0.79
grp1:S2:IDR1      -0.0079235  0.0054319   -1.46
grp1:S1:IDR2      -0.0018611  0.0054319   -0.34
grp1:S2:IDR2      -0.0029418  0.0054319   -0.54
grp1:S1:IDL1      -0.0023963  0.0038409   -0.62
grp1:S2:IDL1      -0.0053073  0.0038409   -1.38
grp1:IDR1:IDL1     0.0006667  0.0038409    0.17
grp1:IDR2:IDL1    -0.0067513  0.0038409   -1.76
S1:IDR1:IDL1      -0.0025085  0.0054319   -0.46
S2:IDR1:IDL1       0.0080747  0.0054319    1.49
S1:IDR2:IDL1       0.0049987  0.0054319    0.92
S2:IDR2:IDL1      -0.0046332  0.0054319   -0.85
grp1:S1:IDR1:IDL1 -0.0067276  0.0054319   -1.24
grp1:S2:IDR1:IDL1  0.0049046  0.0054319    0.90
grp1:S1:IDR2:IDL1  0.0031273  0.0054319    0.58
grp1:S2:IDR2:IDL1 -0.0051811  0.0054319   -0.95

Correlation of Fixed Effects:
            (Intr) grp1   S1     S2     IDR1   IDR2   IDL1   gr1:S1 gr1:S2
grp1         0.000                                                        
S1           0.000  0.000                                                 
S2           0.000  0.000 -0.500                                          
IDR1         0.000  0.000  0.000  0.000                                   
IDR2         0.000  0.000  0.000  0.000 -0.500                            
IDL1         0.000  0.000  0.000  0.000  0.000  0.000                     
grp1:S1      0.000  0.000  0.000  0.000  0.000  0.000  0.000              
grp1:S2      0.000  0.000  0.000  0.000  0.000  0.000  0.000 -0.500       
grp1:IDR1    0.000  0.000  0.000  0.000  0.000  0.000  0.000  0.000  0.000
grp1:IDR2    0.000  0.000  0.000  0.000  0.000  0.000  0.000  0.000  0.000
S1:IDR1      0.000  0.000  0.000  0.000  0.000  0.000  0.000  0.000  0.000
S2:IDR1      0.000  0.000  0.000  0.000  0.000  0.000  0.000  0.000  0.000
S1:IDR2      0.000  0.000  0.000  0.000  0.000  0.000  0.000  0.000  0.000
S2:IDR2      0.000  0.000  0.000  0.000  0.000  0.000  0.000  0.000  0.000
grp1:IDL1    0.000  0.000  0.000  0.000  0.000  0.000  0.000  0.000  0.000
S1:IDL1      0.000  0.000  0.000  0.000  0.000  0.000  0.000  0.000  0.000
S2:IDL1      0.000  0.000  0.000  0.000  0.000  0.000  0.000  0.000  0.000
IDR1:IDL1    0.000  0.000  0.000  0.000  0.000  0.000  0.000  0.000  0.000
IDR2:IDL1    0.000  0.000  0.000  0.000  0.000  0.000  0.000  0.000  0.000
gr1:S1:IDR1  0.000  0.000  0.000  0.000  0.000  0.000  0.000  0.000  0.000
gr1:S2:IDR1  0.000  0.000  0.000  0.000  0.000  0.000  0.000  0.000  0.000
gr1:S1:IDR2  0.000  0.000  0.000  0.000  0.000  0.000  0.000  0.000  0.000
gr1:S2:IDR2  0.000  0.000  0.000  0.000  0.000  0.000  0.000  0.000  0.000
gr1:S1:IDL1  0.000  0.000  0.000  0.000  0.000  0.000  0.000  0.000  0.000
gr1:S2:IDL1  0.000  0.000  0.000  0.000  0.000  0.000  0.000  0.000  0.000
g1:IDR1:IDL  0.000  0.000  0.000  0.000  0.000  0.000  0.000  0.000  0.000
g1:IDR2:IDL  0.000  0.000  0.000  0.000  0.000  0.000  0.000  0.000  0.000
S1:IDR1:IDL  0.000  0.000  0.000  0.000  0.000  0.000  0.000  0.000  0.000
S2:IDR1:IDL  0.000  0.000  0.000  0.000  0.000  0.000  0.000  0.000  0.000
S1:IDR2:IDL  0.000  0.000  0.000  0.000  0.000  0.000  0.000  0.000  0.000
S2:IDR2:IDL  0.000  0.000  0.000  0.000  0.000  0.000  0.000  0.000  0.000
g1:S1:IDR1:  0.000  0.000  0.000  0.000  0.000  0.000  0.000  0.000  0.000
g1:S2:IDR1:  0.000  0.000  0.000  0.000  0.000  0.000  0.000  0.000  0.000
g1:S1:IDR2:  0.000  0.000  0.000  0.000  0.000  0.000  0.000  0.000  0.000
g1:S2:IDR2:  0.000  0.000  0.000  0.000  0.000  0.000  0.000  0.000  0.000
            gr1:IDR1 gr1:IDR2 S1:IDR1 S2:IDR1 S1:IDR2 S2:IDR2 g1:IDL S1:IDL
grp1                                                                       
S1                                                                         
S2                                                                         
IDR1                                                                       
IDR2                                                                       
IDL1                                                                       
grp1:S1                                                                    
grp1:S2                                                                    
grp1:IDR1                                                                  
grp1:IDR2   -0.500                                                         
S1:IDR1      0.000    0.000                                                
S2:IDR1      0.000    0.000   -0.500                                       
S1:IDR2      0.000    0.000   -0.500   0.250                               
S2:IDR2      0.000    0.000    0.250  -0.500  -0.500                       
grp1:IDL1    0.000    0.000    0.000   0.000   0.000   0.000               
S1:IDL1      0.000    0.000    0.000   0.000   0.000   0.000   0.000       
S2:IDL1      0.000    0.000    0.000   0.000   0.000   0.000   0.000 -0.500
IDR1:IDL1    0.000    0.000    0.000   0.000   0.000   0.000   0.000  0.000
IDR2:IDL1    0.000    0.000    0.000   0.000   0.000   0.000   0.000  0.000
gr1:S1:IDR1  0.000    0.000    0.000   0.000   0.000   0.000   0.000  0.000
gr1:S2:IDR1  0.000    0.000    0.000   0.000   0.000   0.000   0.000  0.000
gr1:S1:IDR2  0.000    0.000    0.000   0.000   0.000   0.000   0.000  0.000
gr1:S2:IDR2  0.000    0.000    0.000   0.000   0.000   0.000   0.000  0.000
gr1:S1:IDL1  0.000    0.000    0.000   0.000   0.000   0.000   0.000  0.000
gr1:S2:IDL1  0.000    0.000    0.000   0.000   0.000   0.000   0.000  0.000
g1:IDR1:IDL  0.000    0.000    0.000   0.000   0.000   0.000   0.000  0.000
g1:IDR2:IDL  0.000    0.000    0.000   0.000   0.000   0.000   0.000  0.000
S1:IDR1:IDL  0.000    0.000    0.000   0.000   0.000   0.000   0.000  0.000
S2:IDR1:IDL  0.000    0.000    0.000   0.000   0.000   0.000   0.000  0.000
S1:IDR2:IDL  0.000    0.000    0.000   0.000   0.000   0.000   0.000  0.000
S2:IDR2:IDL  0.000    0.000    0.000   0.000   0.000   0.000   0.000  0.000
g1:S1:IDR1:  0.000    0.000    0.000   0.000   0.000   0.000   0.000  0.000
g1:S2:IDR1:  0.000    0.000    0.000   0.000   0.000   0.000   0.000  0.000
g1:S1:IDR2:  0.000    0.000    0.000   0.000   0.000   0.000   0.000  0.000
g1:S2:IDR2:  0.000    0.000    0.000   0.000   0.000   0.000   0.000  0.000
            S2:IDL IDR1:I IDR2:I gr1:S1:IDR1 gr1:S2:IDR1 gr1:S1:IDR2
grp1                                                                
S1                                                                  
S2                                                                  
IDR1                                                                
IDR2                                                                
IDL1                                                                
grp1:S1                                                             
grp1:S2                                                             
grp1:IDR1                                                           
grp1:IDR2                                                           
S1:IDR1                                                             
S2:IDR1                                                             
S1:IDR2                                                             
S2:IDR2                                                             
grp1:IDL1                                                           
S1:IDL1                                                             
S2:IDL1                                                             
IDR1:IDL1    0.000                                                  
IDR2:IDL1    0.000 -0.500                                           
gr1:S1:IDR1  0.000  0.000  0.000                                    
gr1:S2:IDR1  0.000  0.000  0.000 -0.500                             
gr1:S1:IDR2  0.000  0.000  0.000 -0.500       0.250                 
gr1:S2:IDR2  0.000  0.000  0.000  0.250      -0.500      -0.500     
gr1:S1:IDL1  0.000  0.000  0.000  0.000       0.000       0.000     
gr1:S2:IDL1  0.000  0.000  0.000  0.000       0.000       0.000     
g1:IDR1:IDL  0.000  0.000  0.000  0.000       0.000       0.000     
g1:IDR2:IDL  0.000  0.000  0.000  0.000       0.000       0.000     
S1:IDR1:IDL  0.000  0.000  0.000  0.000       0.000       0.000     
S2:IDR1:IDL  0.000  0.000  0.000  0.000       0.000       0.000     
S1:IDR2:IDL  0.000  0.000  0.000  0.000       0.000       0.000     
S2:IDR2:IDL  0.000  0.000  0.000  0.000       0.000       0.000     
g1:S1:IDR1:  0.000  0.000  0.000  0.000       0.000       0.000     
g1:S2:IDR1:  0.000  0.000  0.000  0.000       0.000       0.000     
g1:S1:IDR2:  0.000  0.000  0.000  0.000       0.000       0.000     
g1:S2:IDR2:  0.000  0.000  0.000  0.000       0.000       0.000     
            gr1:S2:IDR2 g1:S1:IDL g1:S2:IDL g1:IDR1: g1:IDR2: S1:IDR1: S2:IDR1:
grp1                                                                           
S1                                                                             
S2                                                                             
IDR1                                                                           
IDR2                                                                           
IDL1                                                                           
grp1:S1                                                                        
grp1:S2                                                                        
grp1:IDR1                                                                      
grp1:IDR2                                                                      
S1:IDR1                                                                        
S2:IDR1                                                                        
S1:IDR2                                                                        
S2:IDR2                                                                        
grp1:IDL1                                                                      
S1:IDL1                                                                        
S2:IDL1                                                                        
IDR1:IDL1                                                                      
IDR2:IDL1                                                                      
gr1:S1:IDR1                                                                    
gr1:S2:IDR1                                                                    
gr1:S1:IDR2                                                                    
gr1:S2:IDR2                                                                    
gr1:S1:IDL1  0.000                                                             
gr1:S2:IDL1  0.000      -0.500                                                 
g1:IDR1:IDL  0.000       0.000     0.000                                       
g1:IDR2:IDL  0.000       0.000     0.000    -0.500                             
S1:IDR1:IDL  0.000       0.000     0.000     0.000    0.000                    
S2:IDR1:IDL  0.000       0.000     0.000     0.000    0.000   -0.500           
S1:IDR2:IDL  0.000       0.000     0.000     0.000    0.000   -0.500    0.250  
S2:IDR2:IDL  0.000       0.000     0.000     0.000    0.000    0.250   -0.500  
g1:S1:IDR1:  0.000       0.000     0.000     0.000    0.000    0.000    0.000  
g1:S2:IDR1:  0.000       0.000     0.000     0.000    0.000    0.000    0.000  
g1:S1:IDR2:  0.000       0.000     0.000     0.000    0.000    0.000    0.000  
g1:S2:IDR2:  0.000       0.000     0.000     0.000    0.000    0.000    0.000  
            S1:IDR2: S2:IDR2: g1:S1:IDR1: g1:S2:IDR1: g1:S1:IDR2:
grp1                                                             
S1                                                               
S2                                                               
IDR1                                                             
IDR2                                                             
IDL1                                                             
grp1:S1                                                          
grp1:S2                                                          
grp1:IDR1                                                        
grp1:IDR2                                                        
S1:IDR1                                                          
S2:IDR1                                                          
S1:IDR2                                                          
S2:IDR2                                                          
grp1:IDL1                                                        
S1:IDL1                                                          
S2:IDL1                                                          
IDR1:IDL1                                                        
IDR2:IDL1                                                        
gr1:S1:IDR1                                                      
gr1:S2:IDR1                                                      
gr1:S1:IDR2                                                      
gr1:S2:IDR2                                                      
gr1:S1:IDL1                                                      
gr1:S2:IDL1                                                      
g1:IDR1:IDL                                                      
g1:IDR2:IDL                                                      
S1:IDR1:IDL                                                      
S2:IDR1:IDL                                                      
S1:IDR2:IDL                                                      
S2:IDR2:IDL -0.500                                               
g1:S1:IDR1:  0.000    0.000                                      
g1:S2:IDR1:  0.000    0.000   -0.500                             
g1:S1:IDR2:  0.000    0.000   -0.500       0.250                 
g1:S2:IDR2:  0.000    0.000    0.250      -0.500      -0.500     
