[1] "d2D ~S*IDR*IDL*grp + Error(pp/(S*IDR*IDL))"
$ANOVA
          Effect DFn DFd            F            p p<.05          ges
2            grp   1   8   1.45424539 2.623001e-01       0.0958882076
3              S   2  16   0.07134576 9.314344e-01       0.0011825748
5            IDR   2  16 142.34567417 6.426765e-11     * 0.4758881608
7            IDL   1   8 138.62253839 2.478110e-06     * 0.6050603064
4          grp:S   2  16   0.88488135 4.320230e-01       0.0144719934
6        grp:IDR   2  16   0.56050677 5.817335e-01       0.0035626039
8        grp:IDL   1   8   0.82862403 3.892734e-01       0.0090747040
9          S:IDR   4  32   2.14233100 9.832692e-02       0.0049035777
11         S:IDL   2  16   0.27074722 7.662349e-01       0.0005169472
13       IDR:IDL   2  16   5.47208838 1.546110e-02     * 0.0442395294
10     grp:S:IDR   4  32   2.43158750 6.771042e-02       0.0055619740
12     grp:S:IDL   2  16   0.56627436 5.786075e-01       0.0010805978
14   grp:IDR:IDL   2  16   4.56586766 2.698858e-02     * 0.0371855534
15     S:IDR:IDL   4  32   1.67587119 1.798374e-01       0.0089279994
16 grp:S:IDR:IDL   4  32   1.64056402 1.882204e-01       0.0087415490

$`Mauchly's Test for Sphericity`
          Effect         W           p p<.05
3              S 0.5532049 0.125921807      
4          grp:S 0.5532049 0.125921807      
5            IDR 0.1992965 0.003533859     *
6        grp:IDR 0.1992965 0.003533859     *
9          S:IDR 0.3612719 0.698313060      
10     grp:S:IDR 0.3612719 0.698313060      
11         S:IDL 0.9304528 0.777016443      
12     grp:S:IDL 0.9304528 0.777016443      
13       IDR:IDL 0.1555712 0.001485088     *
14   grp:IDR:IDL 0.1555712 0.001485088     *
15     S:IDR:IDL 0.0540862 0.033241723     *
16 grp:S:IDR:IDL 0.0540862 0.033241723     *

$`Sphericity Corrections`
          Effect       GGe        p[GG] p[GG]<.05       HFe        p[HF]
3              S 0.6911829 8.678843e-01           0.7888991 8.931551e-01
4          grp:S 0.6911829 4.021137e-01           0.7888991 4.130312e-01
5            IDR 0.5553385 6.984188e-07         * 0.5803251 4.129872e-07
6        grp:IDR 0.5553385 4.912280e-01           0.5803251 4.978672e-01
9          S:IDR 0.6984720 1.266978e-01           1.1114337 9.832692e-02
10     grp:S:IDR 0.6984720 9.522738e-02           1.1114337 6.771042e-02
11         S:IDL 0.9349751 7.521953e-01           1.2095784 7.662349e-01
12     grp:S:IDL 0.9349751 5.681697e-01           1.2095784 5.786075e-01
13       IDR:IDL 0.5421733 4.313723e-02         * 0.5609823 4.133537e-02
14   grp:IDR:IDL 0.5421733 6.041568e-02           0.5609823 5.843442e-02
15     S:IDR:IDL 0.4932015 2.188842e-01           0.6535071 2.063671e-01
16 grp:S:IDR:IDL 0.4932015 2.253250e-01           0.6535071 2.136215e-01
   p[HF]<.05
3           
4           
5          *
6           
9           
10          
11          
12          
13         *
14          
15          
16          

