[1] "Summary by group"
  grp     d2D.m     d2D.s
1   C 1.0137544 0.1311343
2   U 0.9705105 0.1250313
[1] "Summary by session\n"
  S     d2D.m     d2D.s
1 1 0.9946391 0.1210468
2 2 0.9926443 0.1298329
3 3 0.9891139 0.1386398
[1] "Summary by IDR+IDR\n"
  IDL IDR    d2D.m      d2D.s
1   D   D 0.816526 0.04732286
2   D   M 0.907183 0.05663303
3   D   E 1.006153 0.08858158
4   E   D 1.017488 0.09362976
5   E   M 1.068046 0.09162054
6   E   E 1.137399 0.07148086
[1] "Summary by group + Session\n"
  grp S     d2D.m     d2D.s
1   C 1 1.0231546 0.1253334
2   C 2 1.0029802 0.1273796
3   C 3 1.0151284 0.1408274
4   U 1 0.9661237 0.1100740
5   U 2 0.9823084 0.1321398
6   U 3 0.9630993 0.1321244
[1] "Summary by Session + IDR + IDL \n"
   S IDL IDR     d2D.m      d2D.s
1  1   D   D 0.8125313 0.04056449
2  1   D   M 0.9150673 0.05937257
3  1   D   E 1.0113017 0.06704294
4  1   E   D 1.0294643 0.07491109
5  1   E   M 1.0779233 0.07607296
6  1   E   E 1.1215467 0.05604578
7  2   D   D 0.8225027 0.04484336
8  2   D   M 0.9001813 0.05395449
9  2   D   E 1.0025650 0.08886567
10 2   E   D 1.0126947 0.09625091
11 2   E   M 1.0749223 0.08398065
12 2   E   E 1.1430000 0.07219313
13 3   D   D 0.8145440 0.05620388
14 3   D   M 0.9063003 0.05736791
15 3   D   E 1.0045930 0.10791718
16 3   E   D 1.0103037 0.10864040
17 3   E   M 1.0512913 0.11172199
18 3   E   E 1.1476510 0.08322739
[1] "Summary by group + IDR + IDL\n"
   grp IDL IDR     d2D.m      d2D.s
1    C   D   D 0.8102264 0.04521345
2    C   D   M 0.9255089 0.04756517
3    C   D   E 1.0399320 0.06992682
4    C   E   D 1.0558222 0.07930070
5    C   E   M 1.0991458 0.07809687
6    C   E   E 1.1518911 0.06110843
7    U   D   D 0.8228256 0.04903442
8    U   D   M 0.8888571 0.05948197
9    U   D   E 0.9723744 0.09299511
10   U   E   D 0.9791529 0.09185757
11   U   E   M 1.0369456 0.09434992
12   U   E   E 1.1229073 0.07855784
[1] "Summary by group + Session + IDR + IDL\n"
   grp S IDL IDR     d2D.m      d2D.s
1    C 1   D   D 0.8115133 0.03503272
2    C 1   D   M 0.9499960 0.04622973
3    C 1   D   E 1.0444147 0.05365364
4    C 1   E   D 1.0679767 0.06817731
5    C 1   E   M 1.1212533 0.06378820
6    C 1   E   E 1.1437733 0.05137265
7    C 2   D   D 0.8176747 0.04074274
8    C 2   D   M 0.9111687 0.04415442
9    C 2   D   E 1.0160933 0.07548266
10   C 2   E   D 1.0395613 0.08180657
11   C 2   E   M 1.0854633 0.08105976
12   C 2   E   E 1.1479200 0.05779424
13   C 3   D   D 0.8014913 0.05826301
14   C 3   D   M 0.9153620 0.04528410
15   C 3   D   E 1.0592880 0.07589240
16   C 3   E   D 1.0599287 0.08924159
17   C 3   E   M 1.0907207 0.08791336
18   C 3   E   E 1.1639800 0.07424809
19   U 1   D   D 0.8135493 0.04667951
20   U 1   D   M 0.8801387 0.05050245
21   U 1   D   E 0.9781887 0.06389267
22   U 1   E   D 0.9909520 0.06162585
23   U 1   E   M 1.0345933 0.06241338
24   U 1   E   E 1.0993200 0.05299860
25   U 2   D   D 0.8273307 0.04955373
26   U 2   D   M 0.8891940 0.06182077
27   U 2   D   E 0.9890367 0.10133353
28   U 2   E   D 0.9858280 0.10464769
29   U 2   E   M 1.0643813 0.08832034
30   U 2   E   E 1.1380800 0.08604607
31   U 3   D   D 0.8275967 0.05276103
32   U 3   D   M 0.8972387 0.06775415
33   U 3   D   E 0.9498980 0.10933433
34   U 3   E   D 0.9606787 0.10586490
35   U 3   E   M 1.0118620 0.12163456
36   U 3   E   E 1.1313220 0.09090778
