[1] "phDiffStd ~(S*IDR*IDL*grp)+Error(pp/(S*IDR*IDL))+grp"
$ANOVA
          Effect DFn DFd          F           p p<.05          ges
2            grp   1   8  7.2970534 0.027019343     * 0.2466721727
3              S   2  16  2.8672455 0.086250988       0.0598141460
4          grp:S   2  16  3.1589729 0.069779220       0.0655013004
5            IDR   2  16  1.9304770 0.177402209       0.0213880954
6        grp:IDR   2  16  0.7565706 0.485341557       0.0084926335
7            IDL   1   8  8.3109915 0.020421092     * 0.0076006304
8        grp:IDL   1   8  0.6284588 0.450788966       0.0005788095
9          S:IDR   4  32  1.8735422 0.139261068       0.0094750329
10     grp:S:IDR   4  32  1.7696220 0.159314587       0.0089541851
11         S:IDL   2  16  0.6372991 0.541621911       0.0022552560
12     grp:S:IDL   2  16  0.1668238 0.847801949       0.0005913359
13       IDR:IDL   2  16 10.5292070 0.001207439     * 0.1478323242
14   grp:IDR:IDL   2  16  8.9792867 0.002428647     * 0.1288755997
15     S:IDR:IDL   4  32  1.6025596 0.197669558       0.0319083189
16 grp:S:IDR:IDL   4  32  1.3658745 0.267638861       0.0273244868

$`Mauchly's Test for Sphericity`
          Effect          W          p p<.05
3              S 0.70112409 0.28859055      
4          grp:S 0.70112409 0.28859055      
5            IDR 0.78788220 0.43412471      
6        grp:IDR 0.78788220 0.43412471      
9          S:IDR 0.05634313 0.03611693     *
10     grp:S:IDR 0.05634313 0.03611693     *
11         S:IDL 0.93028865 0.77653677      
12     grp:S:IDL 0.93028865 0.77653677      
13       IDR:IDL 0.29101770 0.01329591     *
14   grp:IDR:IDL 0.29101770 0.01329591     *
15     S:IDR:IDL 0.16667408 0.26050768      
16 grp:S:IDR:IDL 0.16667408 0.26050768      

$`Sphericity Corrections`
          Effect       GGe       p[GG] p[GG]<.05       HFe       p[HF]
3              S 0.7698965 0.104028013           0.9177830 0.092229098
4          grp:S 0.7698965 0.087391854           0.9177830 0.075615210
5            IDR 0.8250023 0.186851965           1.0118151 0.177402209
6        grp:IDR 0.8250023 0.464460863           1.0118151 0.485341557
9          S:IDR 0.4632039 0.189503602           0.5968319 0.175921269
10     grp:S:IDR 0.4632039 0.205415575           0.5968319 0.193436137
11         S:IDL 0.9348316 0.532344003           1.2093112 0.541621911
12     grp:S:IDL 0.9348316 0.834345264           1.2093112 0.847801949
13       IDR:IDL 0.5851436 0.007952507         * 0.6246664 0.006629839
14   grp:IDR:IDL 0.5851436 0.012239725         * 0.6246664 0.010470471
15     S:IDR:IDL 0.6434085 0.222437331           0.9749943 0.199350290
16 grp:S:IDR:IDL 0.6434085 0.280369529           0.9749943 0.268629045
   p[HF]<.05
3           
4           
5           
6           
9           
10          
11          
12          
13         *
14         *
15          
16          

