[1] "IPerfEfLrel ~S*IDR*IDL*grp + Error(pp/(S*IDR*IDL))"
$ANOVA
          Effect DFn DFd          F            p p<.05         ges
2            grp   1   8  0.5189544 4.917975e-01       0.028335835
3              S   2  16  0.7153037 5.040338e-01       0.006362355
5            IDR   2  16 51.8943597 1.013054e-07     * 0.208071644
7            IDL   1   8  1.3255113 2.828504e-01       0.051292586
4          grp:S   2  16  1.0241488 3.814784e-01       0.009084459
6        grp:IDR   2  16  3.9806101 3.952651e-02     * 0.019755628
8        grp:IDL   1   8  1.1624146 3.123978e-01       0.045267013
9          S:IDR   4  32  1.0489207 3.976003e-01       0.002652833
11         S:IDL   2  16  0.3124172 7.360397e-01       0.001258559
13       IDR:IDL   2  16 15.7150862 1.676958e-04     * 0.071287037
10     grp:S:IDR   4  32  3.1750394 2.638924e-02     * 0.007987068
12     grp:S:IDL   2  16  2.2164516 1.413576e-01       0.008860917
14   grp:IDR:IDL   2  16  0.3472183 7.118455e-01       0.001693086
15     S:IDR:IDL   4  32  3.5641808 1.632129e-02     * 0.009003156
16 grp:S:IDR:IDL   4  32  0.6605749 6.239068e-01       0.001680948

$`Mauchly's Test for Sphericity`
          Effect          W          p p<.05
3              S 0.93772970 0.79849434      
4          grp:S 0.93772970 0.79849434      
5            IDR 0.64250464 0.21260180      
6        grp:IDR 0.64250464 0.21260180      
9          S:IDR 0.30256729 0.58339511      
10     grp:S:IDR 0.30256729 0.58339511      
11         S:IDL 0.60416884 0.17141709      
12     grp:S:IDL 0.60416884 0.17141709      
13       IDR:IDL 0.53301699 0.11055889      
14   grp:IDR:IDL 0.53301699 0.11055889      
15     S:IDR:IDL 0.01992864 0.00386602     *
16 grp:S:IDR:IDL 0.01992864 0.00386602     *

$`Sphericity Corrections`
          Effect       GGe        p[GG] p[GG]<.05       HFe        p[HF]
3              S 0.9413800 4.968779e-01           1.2215345 5.040338e-01
4          grp:S 0.9413800 3.784457e-01           1.2215345 3.814784e-01
5            IDR 0.7366508 3.604882e-06         * 0.8625888 6.509138e-07
6        grp:IDR 0.7366508 5.767563e-02           0.8625888 4.811255e-02
9          S:IDR 0.6567555 3.843495e-01           1.0070391 3.976003e-01
10     grp:S:IDR 0.6567555 5.077128e-02           1.0070391 2.638924e-02
11         S:IDL 0.7164190 6.667048e-01           0.8295473 6.973714e-01
12     grp:S:IDL 0.7164190 1.604653e-01           0.8295473 1.527008e-01
13       IDR:IDL 0.6816712 1.278924e-03         * 0.7737389 7.081073e-04
14   grp:IDR:IDL 0.6816712 6.342885e-01           0.7737389 6.599765e-01
15     S:IDR:IDL 0.4158581 6.422646e-02           0.5117476 5.100111e-02
16 grp:S:IDR:IDL 0.4158581 5.058482e-01           0.5117476 5.331563e-01
   p[HF]<.05
3           
4           
5          *
6          *
9           
10         *
11          
12          
13         *
14          
15          
16          

