[1] "maxangleR ~S*IDR*IDL*grp + Error(pp/(S*IDR*IDL))"
$ANOVA
          Effect DFn DFd           F            p p<.05         ges
2            grp   1   8  2.56999733 1.475755e-01       0.069330795
3              S   2  16  0.02976230 9.707298e-01       0.000526958
4          grp:S   2  16  0.15990193 8.535724e-01       0.002824643
5            IDR   2  16 18.42351377 7.059848e-05     * 0.138691700
6        grp:IDR   2  16  0.05852507 9.433555e-01       0.000511257
7            IDL   1   8 16.87058065 3.402908e-03     * 0.192932871
8        grp:IDL   1   8  3.60634248 9.410734e-02       0.048617078
9          S:IDR   4  32  2.89312996 3.759349e-02     * 0.027425728
10     grp:S:IDR   4  32  0.97969686 4.324079e-01       0.009458706
11         S:IDL   2  16  0.48870606 6.222830e-01       0.003308117
12     grp:S:IDL   2  16  0.36743935 6.981991e-01       0.002489290
13       IDR:IDL   2  16  1.85395170 1.887281e-01       0.037380184
14   grp:IDR:IDL   2  16  0.48275435 6.257845e-01       0.010010255
15     S:IDR:IDL   4  32  1.94541815 1.268805e-01       0.033659328
16 grp:S:IDR:IDL   4  32  1.23920373 3.140832e-01       0.021705732

$`Mauchly's Test for Sphericity`
          Effect         W          p p<.05
3              S 0.2896845 0.01308393     *
4          grp:S 0.2896845 0.01308393     *
5            IDR 0.3457424 0.02430157     *
6        grp:IDR 0.3457424 0.02430157     *
9          S:IDR 0.1319228 0.17789019      
10     grp:S:IDR 0.1319228 0.17789019      
11         S:IDL 0.8287452 0.51817165      
12     grp:S:IDL 0.8287452 0.51817165      
13       IDR:IDL 0.3695143 0.03066967     *
14   grp:IDR:IDL 0.3695143 0.03066967     *
15     S:IDR:IDL 0.1748760 0.28064234      
16 grp:S:IDR:IDL 0.1748760 0.28064234      

$`Sphericity Corrections`
          Effect       GGe       p[GG] p[GG]<.05       HFe        p[HF]
3              S 0.5846874 0.898450742           0.6239820 0.9101155230
4          grp:S 0.5846874 0.736855626           0.6239820 0.7520252957
5            IDR 0.6045008 0.001228251         * 0.6538813 0.0008568208
6        grp:IDR 0.6045008 0.857356475           0.6538813 0.8734881233
9          S:IDR 0.6963610 0.061248711           1.1059904 0.0375934926
10     grp:S:IDR 0.6963610 0.415014159           1.1059904 0.4324078894
11         S:IDL 0.8537852 0.594882354           1.0622394 0.6222829960
12     grp:S:IDL 0.8537852 0.666814024           1.0622394 0.6981991438
13       IDR:IDL 0.6133142 0.206736154           0.6672936 0.2045551270
14   grp:IDR:IDL 0.6133142 0.541247685           0.6672936 0.5556315663
15     S:IDR:IDL 0.5138623 0.173763645           0.6938727 0.1547767160
16 grp:S:IDR:IDL 0.5138623 0.316282430           0.6938727 0.3176475568
   p[HF]<.05
3           
4           
5          *
6           
9          *
10          
11          
12          
13          
14          
15          
16          

