Post-hoc Tukey comparisons[1] "grp Tukey test"

	Pairwise comparisons using paired t tests 

data:  mdata$maxangleR and mdata$grp 

  C      
U 0.00011

P value adjustment method: bonferroni 
[1] "S Tukey test"

	Pairwise comparisons using paired t tests 

data:  mdata$maxangleR and mdata$S 

  1 2
2 1 -
3 1 1

P value adjustment method: bonferroni 
[1] "IDR Tukey test"

	Pairwise comparisons using paired t tests 

data:  mdata$maxangleR and mdata$IDR 

  D       M      
M 0.00022 -      
E 2.1e-06 0.12288

P value adjustment method: bonferroni 
[1] "IDL Tukey test"
