[1] "Summary by group"
  grp HarmonicityUpL.m HarmonicityUpL.s
1   C        0.2464519         0.348713
2   U        0.3925662         0.408671
[1] "Summary by session\n"
  S HarmonicityUpL.m HarmonicityUpL.s
1 1        0.2495591        0.3243718
2 2        0.3322601        0.3960164
3 3        0.3767081        0.4235645
[1] "Summary by IDR+IDR\n"
  IDL IDR HarmonicityUpL.m HarmonicityUpL.s
1   D   D        0.1162763       0.06713201
2   D   M        0.1140776       0.07918220
3   D   E        0.1019027       0.07023872
4   E   D        0.2881052       0.39723595
5   E   M        0.5098488       0.44427427
6   E   E        0.7868438       0.37815856
[1] "Summary by group + Session\n"
  grp S HarmonicityUpL.m HarmonicityUpL.s
1   C 1        0.1675888        0.2652144
2   C 2        0.2835928        0.3747119
3   C 3        0.2881743        0.3838524
4   U 1        0.3315294        0.3573351
5   U 2        0.3809274        0.4125782
6   U 3        0.4652418        0.4445608
[1] "Summary by Session + IDR + IDL \n"
   S IDL IDR HarmonicityUpL.m HarmonicityUpL.s
1  1   D   D       0.13911130       0.07075865
2  1   D   M       0.13153120       0.09053623
3  1   D   E       0.11167160       0.08702065
4  1   E   D       0.16776303       0.28573261
5  1   E   M       0.23600057       0.31374032
6  1   E   E       0.71127670       0.41742820
7  2   D   D       0.10919510       0.06443455
8  2   D   M       0.09782353       0.04848017
9  2   D   E       0.10715070       0.06618044
10 2   E   D       0.26392097       0.37796237
11 2   E   M       0.59835287       0.44015874
12 2   E   E       0.81711750       0.37217407
13 3   D   D       0.10052253       0.06184092
14 3   D   M       0.11287817       0.09002669
15 3   D   E       0.08688567       0.05317639
16 3   E   D       0.43263170       0.47178193
17 3   E   M       0.69519293       0.43858826
18 3   E   E       0.83213730       0.34225218
[1] "Summary by group + IDR + IDL\n"
   grp IDL IDR HarmonicityUpL.m HarmonicityUpL.s
1    C   D   D       0.11321427       0.04315765
2    C   D   M       0.09053733       0.03167245
3    C   D   E       0.07398069       0.02626214
4    C   E   D       0.06157456       0.03002993
5    C   E   M       0.39473749       0.43468515
6    C   E   E       0.74466727       0.40653397
7    U   D   D       0.11933836       0.08505338
8    U   D   M       0.13761793       0.10269136
9    U   D   E       0.12982462       0.08771927
10   U   E   D       0.51463591       0.46185760
11   U   E   M       0.62496009       0.42800753
12   U   E   E       0.82902040       0.34691416
[1] "Summary by group + Session + IDR + IDL\n"
   grp S IDL IDR HarmonicityUpL.m HarmonicityUpL.s
1    C 1   D   D       0.11960227       0.05428733
2    C 1   D   M       0.08460800       0.02557628
3    C 1   D   E       0.06910260       0.01888967
4    C 1   E   D       0.05734993       0.02362975
5    C 1   E   M       0.08063093       0.03981687
6    C 1   E   E       0.59423880       0.45239275
7    C 2   D   D       0.11783740       0.04233192
8    C 2   D   M       0.09283373       0.03066063
9    C 2   D   E       0.07712947       0.02939127
10   C 2   E   D       0.06712260       0.03543268
11   C 2   E   M       0.53016713       0.45788818
12   C 2   E   E       0.81646640       0.38000625
13   C 3   D   D       0.10220313       0.03030179
14   C 3   D   M       0.09417027       0.03874349
15   C 3   D   E       0.07571000       0.03012706
16   C 3   E   D       0.06025113       0.03108698
17   C 3   E   M       0.57341440       0.47226287
18   C 3   E   E       0.82329660       0.36600963
19   U 1   D   D       0.15862033       0.08129273
20   U 1   D   M       0.17845440       0.10773505
21   U 1   D   E       0.15424060       0.10698670
22   U 1   E   D       0.27817613       0.37740674
23   U 1   E   M       0.39137020       0.38805095
24   U 1   E   E       0.82831460       0.35626814
25   U 2   D   D       0.10055280       0.08153614
26   U 2   D   M       0.10281333       0.06225036
27   U 2   D   E       0.13717193       0.07923003
28   U 2   E   D       0.46071933       0.46007348
29   U 2   E   M       0.66653860       0.42625535
30   U 2   E   E       0.81776860       0.37751192
31   U 3   D   D       0.09884193       0.08365113
32   U 3   D   M       0.13158607       0.12057154
33   U 3   D   E       0.09806133       0.06842635
34   U 3   E   D       0.80501227       0.40366352
35   U 3   E   M       0.81697147       0.37900987
36   U 3   E   E       0.84097800       0.32940775
