[1] "vfCircularityL ~S*IDR*IDL*grp + Error(pp/(S*IDR*IDL))"
$ANOVA
          Effect DFn DFd           F            p p<.05        ges
2            grp   1   8   2.1654479 1.793539e-01       0.04083603
3              S   2  16   8.9399020 2.474188e-03     * 0.15648979
4          grp:S   2  16   1.6131994 2.300257e-01       0.03239291
5            IDR   2  16  41.7542201 4.467664e-07     * 0.21722055
6        grp:IDR   2  16   6.2711468 9.750994e-03     * 0.04001055
7            IDL   1   8 168.1538269 1.184938e-06     * 0.80525620
8        grp:IDL   1   8   6.4455271 3.477545e-02     * 0.13681290
9          S:IDR   4  32   2.1399794 9.862646e-02       0.02989514
10     grp:S:IDR   4  32   1.9934422 1.192279e-01       0.02790517
11         S:IDL   2  16   0.7118634 5.056284e-01       0.01138542
12     grp:S:IDL   2  16   2.9271088 8.254252e-02       0.04521374
13       IDR:IDL   2  16  19.1314961 5.713865e-05     * 0.17336046
14   grp:IDR:IDL   2  16   1.0787575 3.635035e-01       0.01168701
15     S:IDR:IDL   4  32   2.0322612 1.133818e-01       0.02343933
16 grp:S:IDR:IDL   4  32   1.7350987 1.665891e-01       0.02008079

$`Mauchly's Test for Sphericity`
          Effect          W          p p<.05
3              S 0.94249220 0.81277844      
4          grp:S 0.94249220 0.81277844      
5            IDR 0.35800296 0.02745385     *
6        grp:IDR 0.35800296 0.02745385     *
9          S:IDR 0.11337374 0.13683348      
10     grp:S:IDR 0.11337374 0.13683348      
11         S:IDL 0.70082492 0.28815979      
12     grp:S:IDL 0.70082492 0.28815979      
13       IDR:IDL 0.86841407 0.61030085      
14   grp:IDR:IDL 0.86841407 0.61030085      
15     S:IDR:IDL 0.06736617 0.05159664      
16 grp:S:IDR:IDL 0.06736617 0.05159664      

$`Sphericity Corrections`
          Effect       GGe        p[GG] p[GG]<.05       HFe        p[HF]
3              S 0.9456195 3.048281e-03         * 1.2294761 2.474188e-03
4          grp:S 0.9456195 2.317538e-01           1.2294761 2.300257e-01
5            IDR 0.6090145 5.138249e-05         * 0.6607416 2.730915e-05
6        grp:IDR 0.6090145 2.738882e-02         * 0.6607416 2.385370e-02
9          S:IDR 0.4546447 1.558589e-01           0.5810641 1.402431e-01
10     grp:S:IDR 0.4546447 1.738552e-01           0.5810641 1.595496e-01
11         S:IDL 0.7697192 4.744698e-01           0.9174857 4.953578e-01
12     grp:S:IDL 0.7697192 1.003435e-01           0.9174857 8.852739e-02
13       IDR:IDL 0.8837155 1.346878e-04         * 1.1156618 5.713865e-05
14   grp:IDR:IDL 0.8837155 3.584442e-01           1.1156618 3.635035e-01
15     S:IDR:IDL 0.4832205 1.654793e-01           0.6344007 1.482539e-01
16 grp:S:IDR:IDL 0.4832205 2.093775e-01           0.6344007 1.964215e-01
   p[HF]<.05
3          *
4           
5          *
6          *
9           
10          
11          
12          
13         *
14          
15          
16          

