[1] "Summary by group"
  grp vfCircularityL.m vfCircularityL.s
1   C        0.2677422       0.08290182
2   U        0.2832491       0.11021966
[1] "Summary by session\n"
  S vfCircularityL.m vfCircularityL.s
1 1        0.2983086       0.09302190
2 2        0.2657072       0.09017165
3 3        0.2624713       0.10579152
[1] "Summary by IDR+IDR\n"
  IDL IDR vfCircularityL.m vfCircularityL.s
1   D   D        0.3494349       0.04719934
2   D   M        0.3658102       0.07498639
3   D   E        0.3404739       0.05137303
4   E   D        0.2448897       0.06261754
5   E   M        0.1942173       0.05021850
6   E   E        0.1581481       0.03637881
[1] "Summary by group + Session\n"
  grp S vfCircularityL.m vfCircularityL.s
1   C 1        0.2963227       0.08140694
2   C 2        0.2618491       0.08631098
3   C 3        0.2450549       0.07289902
4   U 1        0.3002944       0.10377046
5   U 2        0.2695652       0.09419938
6   U 3        0.2798877       0.12876994
[1] "Summary by Session + IDR + IDL \n"
   S IDL IDR vfCircularityL.m vfCircularityL.s
1  1   D   D        0.3846913       0.04391640
2  1   D   M        0.3797720       0.05744972
3  1   D   E        0.3517577       0.04937261
4  1   E   D        0.2722203       0.05888211
5  1   E   M        0.2250563       0.04874381
6  1   E   E        0.1763537       0.02683158
7  2   D   D        0.3302647       0.03144803
8  2   D   M        0.3463123       0.03584896
9  2   D   E        0.3406190       0.04471736
10 2   E   D        0.2488023       0.05888765
11 2   E   M        0.1802163       0.04246536
12 2   E   E        0.1480284       0.04028088
13 3   D   D        0.3333487       0.04456015
14 3   D   M        0.3713463       0.10974704
15 3   D   E        0.3290450       0.05827026
16 3   E   D        0.2136463       0.05744611
17 3   E   M        0.1773793       0.04561173
18 3   E   E        0.1500621       0.03467841
[1] "Summary by group + IDR + IDL\n"
   grp IDL IDR vfCircularityL.m vfCircularityL.s
1    C   D   D        0.3331229       0.04574082
2    C   D   M        0.3368213       0.05076980
3    C   D   E        0.3176347       0.04588481
4    C   E   D        0.2673909       0.03449666
5    C   E   M        0.1970942       0.04964917
6    C   E   E        0.1543895       0.03928654
7    U   D   D        0.3657469       0.04324012
8    U   D   M        0.3947991       0.08412627
9    U   D   E        0.3633131       0.04654001
10   U   E   D        0.2223884       0.07553398
11   U   E   M        0.1913404       0.05117755
12   U   E   E        0.1619067       0.03323530
[1] "Summary by group + Session + IDR + IDL\n"
   grp S IDL IDR vfCircularityL.m vfCircularityL.s
1    C 1   D   D        0.3736133       0.04611701
2    C 1   D   M        0.3635107       0.04955439
3    C 1   D   E        0.3366000       0.03800842
4    C 1   E   D        0.2850827       0.03726422
5    C 1   E   M        0.2393580       0.05223751
6    C 1   E   E        0.1797713       0.02903319
7    C 2   D   D        0.3198200       0.02438430
8    C 2   D   M        0.3440820       0.04034123
9    C 2   D   E        0.3218333       0.04591507
10   C 2   E   D        0.2720913       0.03198632
11   C 2   E   M        0.1743487       0.03539998
12   C 2   E   E        0.1389195       0.03929171
13   C 3   D   D        0.3059353       0.03340709
14   C 3   D   M        0.3028713       0.04430887
15   C 3   D   E        0.2944707       0.04566210
16   C 3   E   D        0.2449987       0.02078606
17   C 3   E   M        0.1775760       0.02981694
18   C 3   E   E        0.1444776       0.03757776
19   U 1   D   D        0.3957693       0.04006627
20   U 1   D   M        0.3960333       0.06176094
21   U 1   D   E        0.3669153       0.05578938
22   U 1   E   D        0.2593580       0.07374768
23   U 1   E   M        0.2107547       0.04188768
24   U 1   E   E        0.1729360       0.02496669
25   U 2   D   D        0.3407093       0.03493190
26   U 2   D   M        0.3485427       0.03200027
27   U 2   D   E        0.3594047       0.03574501
28   U 2   E   D        0.2255133       0.07069544
29   U 2   E   M        0.1860840       0.04907631
30   U 2   E   E        0.1571373       0.04048900
31   U 3   D   D        0.3607620       0.03723803
32   U 3   D   M        0.4398213       0.11374700
33   U 3   D   E        0.3636193       0.04885499
34   U 3   E   D        0.1822940       0.06555462
35   U 3   E   M        0.1771827       0.05848358
36   U 3   E   E        0.1556467       0.03181456
