[1] "MTRrel ~S*IDR*IDL*grp + Error(pp/(S*IDR*IDL))"
$ANOVA
          Effect DFn DFd          F            p p<.05         ges
2            grp   1   8  1.3415736 2.801627e-01       0.068658964
3              S   2  16  0.9752090 3.984404e-01       0.005068312
5            IDR   2  16 53.4696682 8.230627e-08     * 0.719328871
7            IDL   1   8 42.2567404 1.880013e-04     * 0.152239706
4          grp:S   2  16  2.5326958 1.107653e-01       0.013057120
6        grp:IDR   2  16  2.3840674 1.241023e-01       0.102553262
8        grp:IDL   1   8  0.9300537 3.630917e-01       0.003936894
9          S:IDR   4  32  6.2042923 8.188399e-04     * 0.025004243
11         S:IDL   2  16  3.8687983 4.260552e-02     * 0.012718125
13       IDR:IDL   2  16 11.9053135 6.807188e-04     * 0.023150226
10     grp:S:IDR   4  32  3.6579216 1.455871e-02     * 0.014894836
12     grp:S:IDL   2  16  2.6155107 1.040382e-01       0.008633691
14   grp:IDR:IDL   2  16  1.0766539 3.641780e-01       0.002138617
15     S:IDR:IDL   4  32  2.0176574 1.155466e-01       0.006395970
16 grp:S:IDR:IDL   4  32  1.0400233 4.019381e-01       0.003307121

$`Mauchly's Test for Sphericity`
          Effect          W            p p<.05
3              S 0.58363877 0.1518813523      
4          grp:S 0.58363877 0.1518813523      
5            IDR 0.10153488 0.0003335442     *
6        grp:IDR 0.10153488 0.0003335442     *
9          S:IDR 0.06545475 0.0487482272     *
10     grp:S:IDR 0.06545475 0.0487482272     *
11         S:IDL 0.80740753 0.4729604078      
12     grp:S:IDL 0.80740753 0.4729604078      
13       IDR:IDL 0.64382232 0.2141317662      
14   grp:IDR:IDL 0.64382232 0.2141317662      
15     S:IDR:IDL 0.08545526 0.0816098601      
16 grp:S:IDR:IDL 0.08545526 0.0816098601      

$`Sphericity Corrections`
          Effect       GGe        p[GG] p[GG]<.05       HFe        p[HF]
3              S 0.7060346 3.765281e-01           0.8127455 3.857007e-01
4          grp:S 0.7060346 1.330749e-01           0.8127455 1.245822e-01
5            IDR 0.5267413 5.704838e-05         * 0.5384960 4.841562e-05
6        grp:IDR 0.5267413 1.591730e-01           0.5384960 1.582908e-01
9          S:IDR 0.6654713 4.351640e-03         * 1.0283108 8.188399e-04
10     grp:S:IDR 0.6654713 3.263995e-02         * 1.0283108 1.455871e-02
11         S:IDL 0.8385094 5.315846e-02           1.0353636 4.260552e-02
12     grp:S:IDL 0.8385094 1.160107e-01           1.0353636 1.040382e-01
13       IDR:IDL 0.7373665 2.566682e-03         * 0.8637652 1.351764e-03
14   grp:IDR:IDL 0.7373665 3.507692e-01           0.8637652 3.580785e-01
15     S:IDR:IDL 0.4877180 1.668504e-01           0.6429789 1.493724e-01
16 grp:S:IDR:IDL 0.4877180 3.749910e-01           0.6429789 3.869588e-01
   p[HF]<.05
3           
4           
5          *
6           
9          *
10         *
11         *
12          
13         *
14          
15          
16          

