[1] "Summary by group"
  grp MTRrel.m MTRrel.s
1   C 2.310377 1.847521
2   U 2.958561 2.840652
[1] "Summary by session\n"
  S MTRrel.m MTRrel.s
1 1 2.514412 2.165667
2 2 2.685738 2.488892
3 3 2.703258 2.581919
[1] "Summary by IDR+IDR\n"
  IDL IDR  MTRrel.m  MTRrel.s
1   D   D 0.4141636 0.1825163
2   D   M 1.4792153 0.7246163
3   D   E 4.4925497 2.0334848
4   E   D 1.0568746 0.4467215
5   E   M 2.3583132 0.8684365
6   E   E 6.0056997 2.4048450
[1] "Summary by group + Session\n"
  grp S MTRrel.m MTRrel.s
1   C 1 2.368549 1.798113
2   C 2 2.339241 1.959605
3   C 3 2.223341 1.797643
4   U 1 2.660275 2.481267
5   U 2 3.032234 2.894115
6   U 3 3.183175 3.116116
[1] "Summary by Session + IDR + IDL \n"
   S IDL IDR  MTRrel.m  MTRrel.s
1  1   D   D 0.5089622 0.1725150
2  1   D   M 1.3614919 0.3230219
3  1   D   E 3.7120949 1.3942106
4  1   E   D 1.2635295 0.3915634
5  1   E   M 2.4159641 0.7278241
6  1   E   E 5.8244308 2.4912155
7  2   D   D 0.3871548 0.1745833
8  2   D   M 1.4277317 0.8131669
9  2   D   E 4.6295071 1.7615704
10 2   E   D 1.0001834 0.4880994
11 2   E   M 2.4580143 1.0329286
12 2   E   E 6.2118345 2.5038696
13 3   D   D 0.3463739 0.1648881
14 3   D   M 1.6484224 0.8939448
15 3   D   E 5.1360472 2.5623269
16 3   E   D 0.9069108 0.3874429
17 3   E   M 2.2009614 0.8237440
18 3   E   E 5.9808339 2.2791623
[1] "Summary by group + IDR + IDL\n"
   grp IDL IDR  MTRrel.m  MTRrel.s
1    C   D   D 0.4078916 0.1734920
2    C   D   M 1.1788741 0.3468035
3    C   D   E 3.6017591 1.1730813
4    C   E   D 1.1900242 0.1963312
5    C   E   M 2.3484306 0.4874420
6    C   E   E 5.1352842 1.7034992
7    U   D   D 0.4204356 0.1928771
8    U   D   M 1.7795565 0.8702231
9    U   D   E 5.3833404 2.3162244
10   U   E   D 0.9237249 0.5734512
11   U   E   M 2.3681958 1.1347709
12   U   E   E 6.8761152 2.6919146
[1] "Summary by group + Session + IDR + IDL\n"
   grp S IDL IDR  MTRrel.m   MTRrel.s
1    C 1   D   D 0.5499941 0.17400138
2    C 1   D   M 1.3140846 0.19459497
3    C 1   D   E 3.4100520 0.97708209
4    C 1   E   D 1.3187617 0.14547288
5    C 1   E   M 2.4213849 0.44054342
6    C 1   E   E 5.1970188 1.91404167
7    C 2   D   D 0.3511829 0.12542763
8    C 2   D   M 1.0960781 0.45588714
9    C 2   D   E 3.8262288 1.45559052
10   C 2   E   D 1.1556584 0.24925734
11   C 2   E   M 2.3784926 0.64596325
12   C 2   E   E 5.2278070 1.69943525
13   C 3   D   D 0.3224979 0.12528261
14   C 3   D   M 1.1264597 0.32003655
15   C 3   D   E 3.5689967 1.07564037
16   C 3   E   D 1.0956524 0.09637478
17   C 3   E   M 2.2454144 0.34256916
18   C 3   E   E 4.9810269 1.59056642
19   U 1   D   D 0.4679302 0.16662665
20   U 1   D   M 1.4088992 0.41648081
21   U 1   D   E 4.0141378 1.69596840
22   U 1   E   D 1.2082973 0.53841996
23   U 1   E   M 2.4105433 0.95034321
24   U 1   E   E 6.4518427 2.88938117
25   U 2   D   D 0.4231267 0.21126013
26   U 2   D   M 1.7593853 0.96238114
27   U 2   D   E 5.4327854 1.71069503
28   U 2   E   D 0.8447083 0.61609403
29   U 2   E   M 2.5375359 1.33389423
30   U 2   E   E 7.1958620 2.83257959
31   U 3   D   D 0.3702500 0.19849655
32   U 3   D   M 2.1703850 0.98443978
33   U 3   D   E 6.7030978 2.67972003
34   U 3   E   D 0.7181692 0.47468138
35   U 3   E   M 2.1565083 1.13313219
36   U 3   E   E 6.9806410 2.46744222
