Post-hoc Tukey comparisons[1] "grp Tukey test"

	Pairwise comparisons using paired t tests 

data:  mdata$HarmonicityL and mdata$grp 

  C      
U 6.4e-07

P value adjustment method: bonferroni 
[1] "S Tukey test"

	Pairwise comparisons using paired t tests 

data:  mdata$HarmonicityL and mdata$S 

  1       2   
2 4.9e-05 -   
3 3.7e-06 0.18

P value adjustment method: bonferroni 
[1] "IDR Tukey test"

	Pairwise comparisons using paired t tests 

data:  mdata$HarmonicityL and mdata$IDR 

  D       M      
M 4.8e-09 -      
E < 2e-16 1.9e-09

P value adjustment method: bonferroni 
[1] "IDL Tukey test"
