[1] "Summary by group"
  grp HarmonicityL.m HarmonicityL.s
1   C      0.2823987      0.3673095
2   U      0.4025121      0.4209852
[1] "Summary by session\n"
  S HarmonicityL.m HarmonicityL.s
1 1      0.2742784      0.3538729
2 2      0.3617863      0.4116728
3 3      0.3913014      0.4216875
[1] "Summary by IDR+IDR\n"
  IDL IDR HarmonicityL.m HarmonicityL.s
1   D   D     0.88831567     0.25616788
2   D   M     0.59235592     0.42038735
3   D   E     0.28676770     0.39759454
4   E   D     0.08890630     0.05749881
5   E   M     0.09863181     0.07022252
6   E   E     0.09975498     0.06614149
[1] "Summary by group + Session\n"
  grp S HarmonicityL.m HarmonicityL.s
1   C 1      0.2094713      0.3069173
2   C 2      0.3200411      0.3966112
3   C 3      0.3176838      0.3849830
4   U 1      0.3390856      0.3862208
5   U 2      0.4035316      0.4242974
6   U 3      0.4649190      0.4454952
[1] "Summary by Session + IDR + IDL \n"
   S IDL IDR HarmonicityL.m HarmonicityL.s
1  1   D   D     0.82472400     0.32868203
2  1   D   M     0.34571317     0.37757975
3  1   D   E     0.15602277     0.28756380
4  1   E   D     0.09064233     0.07351617
5  1   E   M     0.11042030     0.09218180
6  1   E   E     0.11814807     0.06849775
7  2   D   D     0.94760600     0.17942249
8  2   D   M     0.69222630     0.39388278
9  2   D   E     0.26129977     0.37937728
10 2   E   D     0.09295237     0.05983770
11 2   E   M     0.08568773     0.03687627
12 2   E   E     0.09094580     0.04400122
13 3   D   D     0.89261700     0.23092910
14 3   D   M     0.73912830     0.38616202
15 3   D   E     0.44298057     0.46360301
16 3   E   D     0.08312420     0.03326456
17 3   E   M     0.09978740     0.07041219
18 3   E   E     0.09017107     0.07919897
[1] "Summary by group + IDR + IDL\n"
   grp IDL IDR HarmonicityL.m HarmonicityL.s
1    C   D   D     0.86035511     0.28184893
2    C   D   M     0.52049482     0.41271801
3    C   D   E     0.06625318     0.03345778
4    C   E   D     0.07060769     0.02191446
5    C   E   M     0.07940164     0.02694568
6    C   E   E     0.09727989     0.04772010
7    U   D   D     0.91627622     0.22737070
8    U   D   M     0.66421702     0.42020068
9    U   D   E     0.50728222     0.46815869
10   U   E   D     0.10720491     0.07431166
11   U   E   M     0.11786198     0.09215204
12   U   E   E     0.10223007     0.08098814
[1] "Summary by group + Session + IDR + IDL\n"
   grp S IDL IDR HarmonicityL.m HarmonicityL.s
1    C 1   D   D     0.74766400     0.37844394
2    C 1   D   M     0.19765713     0.24814024
3    C 1   D   E     0.05529953     0.02996031
4    C 1   E   D     0.06599820     0.01692075
5    C 1   E   M     0.08102260     0.03480791
6    C 1   E   E     0.10918613     0.07195755
7    C 2   D   D     0.90986733     0.24578602
8    C 2   D   M     0.69945067     0.39660209
9    C 2   D   E     0.06262113     0.02882606
10   C 2   E   D     0.06740640     0.02224887
11   C 2   E   M     0.07822453     0.02044750
12   C 2   E   E     0.10267653     0.02999054
13   C 3   D   D     0.92353400     0.15976436
14   C 3   D   M     0.66437667     0.38511458
15   C 3   D   E     0.08083887     0.03766963
16   C 3   E   D     0.07841847     0.02507790
17   C 3   E   M     0.07895780     0.02545056
18   C 3   E   E     0.07997700     0.02399487
19   U 1   D   D     0.90178400     0.26045286
20   U 1   D   M     0.49376920     0.43216893
21   U 1   D   E     0.25674600     0.38555836
22   U 1   E   D     0.11528647     0.09801816
23   U 1   E   M     0.13981800     0.12057541
24   U 1   E   E     0.12711000     0.06609861
25   U 2   D   D     0.98534467     0.05675986
26   U 2   D   M     0.68500193     0.40492458
27   U 2   D   E     0.45997840     0.46121404
28   U 2   E   D     0.11849833     0.07431972
29   U 2   E   M     0.09315093     0.04774301
30   U 2   E   E     0.07921507     0.05306784
31   U 3   D   D     0.86170000     0.28791098
32   U 3   D   M     0.81387993     0.38549527
33   U 3   D   E     0.80512227     0.40343529
34   U 3   E   D     0.08782993     0.04019636
35   U 3   E   M     0.12061700     0.09323320
36   U 3   E   E     0.10036513     0.11042894
