[1] "maxangleLrel ~S*IDR*IDL*grp + Error(pp/(S*IDR*IDL))"
$ANOVA
          Effect DFn DFd         F         p p<.05          ges
2            grp   1   8 2.0810042 0.1871252       0.0367043752
3              S   2  16 1.1361235 0.3456402       0.0466797828
5            IDR   2  16 2.5877085 0.1062439       0.0012125460
7            IDL   1   8 6.5266579 0.0339239     * 0.1040926507
4          grp:S   2  16 1.0945818 0.3584743       0.0450498544
6        grp:IDR   2  16 0.2642520 0.7710659       0.0001239579
8        grp:IDL   1   8 2.2340395 0.1733593       0.0382489607
9          S:IDR   4  32 0.7426110 0.5700608       0.0007044190
11         S:IDL   2  16 1.2041241 0.3257318       0.0491867426
13       IDR:IDL   2  16 0.6641772 0.5283251       0.0002918581
10     grp:S:IDR   4  32 0.5219606 0.7202259       0.0004952202
12     grp:S:IDL   2  16 1.0670669 0.3672699       0.0438335616
14   grp:IDR:IDL   2  16 0.6026878 0.5593023       0.0002648450
15     S:IDR:IDL   4  32 0.7931711 0.5383680       0.0007686672
16 grp:S:IDR:IDL   4  32 0.5704039 0.6859844       0.0005529014

$`Mauchly's Test for Sphericity`
          Effect            W            p p<.05
3              S 0.0829427031 1.643326e-04     *
4          grp:S 0.0829427031 1.643326e-04     *
5            IDR 0.0758480810 1.201728e-04     *
6        grp:IDR 0.0758480810 1.201728e-04     *
9          S:IDR 0.0005065131 4.450678e-07     *
10     grp:S:IDR 0.0005065131 4.450678e-07     *
11         S:IDL 0.0793008015 1.404338e-04     *
12     grp:S:IDL 0.0793008015 1.404338e-04     *
13       IDR:IDL 0.0491159227 2.625899e-05     *
14   grp:IDR:IDL 0.0491159227 2.625899e-05     *
15     S:IDR:IDL 0.0007714713 1.332157e-06     *
16 grp:S:IDR:IDL 0.0007714713 1.332157e-06     *

$`Sphericity Corrections`
          Effect       GGe     p[GG] p[GG]<.05       HFe     p[HF] p[HF]<.05
3              S 0.5216328 0.3197351           0.5310962 0.3206333          
4          grp:S 0.5216328 0.3284198           0.5310962 0.3294169          
5            IDR 0.5197095 0.1446744           0.5283159 0.1439352          
6        grp:IDR 0.5197095 0.6295762           0.5283159 0.6331766          
9          S:IDR 0.2867791 0.4293306           0.3036695 0.4357550          
10     grp:S:IDR 0.2867791 0.5123826           0.3036695 0.5215500          
11         S:IDL 0.5206437 0.3061454           0.5296660 0.3068588          
12     grp:S:IDL 0.5206437 0.3342510           0.5296660 0.3352696          
13       IDR:IDL 0.5125881 0.4418490           0.5180479 0.4432024          
14   grp:IDR:IDL 0.5125881 0.4633781           0.5180479 0.4648670          
15     S:IDR:IDL 0.2903649 0.4145285           0.3090256 0.4209002          
16 grp:S:IDR:IDL 0.2903649 0.4939007           0.3090256 0.5031956          

