Post-hoc Tukey comparisons[1] "grp Tukey test"

	Pairwise comparisons using paired t tests 

data:  mdata$maxangleLrel and mdata$grp 

  C      
U 0.00012

P value adjustment method: bonferroni 
[1] "S Tukey test"

	Pairwise comparisons using paired t tests 

data:  mdata$maxangleLrel and mdata$S 

  1       2      
2 0.00019 -      
3 0.00124 0.02490

P value adjustment method: bonferroni 
[1] "IDR Tukey test"

	Pairwise comparisons using paired t tests 

data:  mdata$maxangleLrel and mdata$IDR 

  D       M      
M 0.46416 -      
E 0.01439 0.00047

P value adjustment method: bonferroni 
[1] "IDL Tukey test"
