[1] "Summary by group"
  grp maxangleLrel.m maxangleLrel.s
1   C       1.854634       1.445352
2   U       5.149357      13.962031
[1] "Summary by session\n"
  S maxangleLrel.m maxangleLrel.s
1 1       1.689901       1.183091
2 2       2.744183       3.995875
3 3       6.071903      16.625003
[1] "Summary by IDR+IDR\n"
  IDL IDR maxangleLrel.m maxangleLrel.s
1   D   D      0.4505857      0.1408336
2   D   M      0.6088619      0.2273828
3   D   E      0.8165639      0.3737274
4   E   D      5.8637475     11.0977577
5   E   M      6.3373745     14.3999996
6   E   E      6.9348408     15.1784175
[1] "Summary by group + Session\n"
  grp S maxangleLrel.m maxangleLrel.s
1   C 1       1.793178       1.235373
2   C 2       1.877210       1.446619
3   C 3       1.893514       1.639926
4   U 1       1.586623       1.125796
5   U 2       3.611157       5.338591
6   U 3      10.250292      22.757140
[1] "Summary by Session + IDR + IDL \n"
   S IDL IDR maxangleLrel.m maxangleLrel.s
1  1   D   D      0.4955425      0.1132910
2  1   D   M      0.6658547      0.2846616
3  1   D   E      0.8534496      0.3887740
4  1   E   D      2.7101565      0.8820449
5  1   E   M      2.5081387      0.7683606
6  1   E   E      2.9062625      0.6647539
7  2   D   D      0.4696907      0.1441037
8  2   D   M      0.6109679      0.2201447
9  2   D   E      0.8752295      0.3790945
10 2   E   D      4.5953030      4.1439905
11 2   E   M      4.9271601      5.0585508
12 2   E   E      4.9867491      5.3132660
13 3   D   D      0.3865239      0.1433723
14 3   D   M      0.5497631      0.1489994
15 3   D   E      0.7210125      0.3455120
16 3   E   D     10.2857829     18.1064252
17 3   E   M     11.5768246     23.7608279
18 3   E   E     12.9115107     24.9138842
[1] "Summary by group + IDR + IDL\n"
   grp IDL IDR maxangleLrel.m maxangleLrel.s
1    C   D   D      0.4295962      0.1577158
2    C   D   M      0.6133418      0.2243134
3    C   D   E      0.9400373      0.4379399
4    C   E   D      2.8527898      1.1046884
5    C   E   M      2.8722872      1.0664623
6    C   E   E      3.4197519      1.0273276
7    U   D   D      0.4715752      0.1197646
8    U   D   M      0.6043820      0.2328592
9    U   D   E      0.6930904      0.2440143
10   U   E   D      8.8747052     15.1444839
11   U   E   M      9.8024617     19.8427806
12   U   E   E     10.4499297     20.9684523
[1] "Summary by group + Session + IDR + IDL\n"
   grp S IDL IDR maxangleLrel.m maxangleLrel.s
1    C 1   D   D      0.5399682     0.10423684
2    C 1   D   M      0.7253323     0.29481298
3    C 1   D   E      0.9972888     0.45318073
4    C 1   E   D      2.8290391     1.02367369
5    C 1   E   M      2.5513124     0.79435460
6    C 1   E   E      3.1161275     0.70430093
7    C 2   D   D      0.4340002     0.12111961
8    C 2   D   M      0.5877685     0.13376543
9    C 2   D   E      0.9895148     0.42607924
10   C 2   E   D      2.7999555     1.04895946
11   C 2   E   M      3.0281446     1.06180005
12   C 2   E   E      3.4238745     1.05350193
13   C 3   D   D      0.3148201     0.15954182
14   C 3   D   M      0.5269247     0.17660678
15   C 3   D   E      0.8333085     0.44442890
16   C 3   E   D      2.9293747     1.29508295
17   C 3   E   M      3.0374046     1.28470352
18   C 3   E   E      3.7192536     1.23132945
19   U 1   D   D      0.4511168     0.10720046
20   U 1   D   M      0.6063770     0.27084534
21   U 1   D   E      0.7096105     0.25175109
22   U 1   E   D      2.5912740     0.73033215
23   U 1   E   M      2.4649649     0.76676760
24   U 1   E   E      2.6963976     0.57003620
25   U 2   D   D      0.5053813     0.16004832
26   U 2   D   M      0.6341674     0.28520617
27   U 2   D   E      0.7609441     0.29691544
28   U 2   E   D      6.3906505     5.25020042
29   U 2   E   M      6.8261756     6.64458686
30   U 2   E   E      6.5496237     7.22039594
31   U 3   D   D      0.4582276     0.07815712
32   U 3   D   M      0.5726015     0.11696040
33   U 3   D   E      0.6087166     0.15081409
34   U 3   E   D     17.6421912    23.69516646
35   U 3   E   M     20.1162445    31.80518157
36   U 3   E   E     22.1037677    33.21380207
