[1] "q2R ~S*IDR*IDL*grp + Error(pp/(S*IDR*IDL))"
$ANOVA
          Effect DFn DFd          F            p p<.05         ges
2            grp   1   8  1.2666720 2.930210e-01       0.063121330
3              S   2  16  6.8154023 7.227903e-03     * 0.120830952
5            IDR   2  16 52.6434542 9.171671e-08     * 0.236846179
7            IDL   1   8 30.6120349 5.519998e-04     * 0.260358262
4          grp:S   2  16  0.8372440 4.510089e-01       0.016603326
6        grp:IDR   2  16  2.3796264 1.245277e-01       0.013834658
8        grp:IDL   1   8  3.0904672 1.168069e-01       0.034317547
9          S:IDR   4  32  0.3278085 8.572057e-01       0.004144690
11         S:IDL   2  16  0.2761790 7.622209e-01       0.002016927
13       IDR:IDL   2  16  8.4642233 3.107348e-03     * 0.065602010
10     grp:S:IDR   4  32  2.2999107 8.021912e-02       0.028371791
12     grp:S:IDL   2  16  3.0993454 7.283514e-02       0.022177187
14   grp:IDR:IDL   2  16  1.9516749 1.744016e-01       0.015930571
15     S:IDR:IDL   4  32  3.5165482 1.730096e-02     * 0.020465931
16 grp:S:IDR:IDL   4  32  0.7380055 5.730067e-01       0.004365710

$`Mauchly's Test for Sphericity`
          Effect          W          p p<.05
3              S 0.57590259 0.14495113      
4          grp:S 0.57590259 0.14495113      
5            IDR 0.42775145 0.05118824      
6        grp:IDR 0.42775145 0.05118824      
9          S:IDR 0.07102905 0.05723739      
10     grp:S:IDR 0.07102905 0.05723739      
11         S:IDL 0.80303098 0.46404816      
12     grp:S:IDL 0.80303098 0.46404816      
13       IDR:IDL 0.90421396 0.70299014      
14   grp:IDR:IDL 0.90421396 0.70299014      
15     S:IDR:IDL 0.23849961 0.43723095      
16 grp:S:IDR:IDL 0.23849961 0.43723095      

$`Sphericity Corrections`
          Effect       GGe        p[GG] p[GG]<.05       HFe        p[HF]
3              S 0.7021992 1.713410e-02         * 0.8065667 1.263690e-02
4          grp:S 0.7021992 4.188794e-01           0.8065667 4.316063e-01
5            IDR 0.6360318 1.335434e-05         * 0.7021894 5.374780e-06
6        grp:IDR 0.6360318 1.512193e-01           0.7021894 1.461563e-01
9          S:IDR 0.4735854 7.141601e-01           0.6161937 7.671834e-01
10     grp:S:IDR 0.4735854 1.360110e-01           0.6161937 1.177766e-01
11         S:IDL 0.8354435 7.243915e-01           1.0300008 7.622209e-01
12     grp:S:IDL 0.8354435 8.508360e-02           1.0300008 7.283514e-02
13       IDR:IDL 0.9125869 4.269210e-03         * 1.1681758 3.107348e-03
14   grp:IDR:IDL 0.9125869 1.792320e-01           1.1681758 1.744016e-01
15     S:IDR:IDL 0.6540405 3.789215e-02         * 1.0004692 1.730096e-02
16 grp:S:IDR:IDL 0.6540405 5.240807e-01           1.0004692 5.730067e-01
   p[HF]<.05
3          *
4           
5          *
6           
9           
10          
11          
12          
13         *
14          
15         *
16          

