[1] "Summary by group"
  grp     q2R.m     q2R.s
1   C 0.7322727 0.0929718
2   U 0.7628561 0.0873558
[1] "Summary by session\n"
  S     q2R.m      q2R.s
1 1 0.7169258 0.08251929
2 2 0.7594972 0.09345567
3 3 0.7662701 0.09044703
[1] "Summary by IDR+IDR\n"
  IDL IDR     q2R.m      q2R.s
1   D   D 0.8387786 0.07970079
2   D   M 0.7882091 0.07625676
3   D   E 0.7205644 0.06187306
4   E   D 0.7323098 0.09038217
5   E   M 0.7151509 0.07840655
6   E   E 0.6903734 0.06978688
[1] "Summary by group + Session\n"
  grp S     q2R.m      q2R.s
1   C 1 0.6955177 0.08335875
2   C 2 0.7395281 0.09983460
3   C 3 0.7617722 0.08312962
4   U 1 0.7383339 0.07628748
5   U 2 0.7794663 0.08241734
6   U 3 0.7707680 0.09747717
[1] "Summary by Session + IDR + IDL \n"
   S IDL IDR     q2R.m      q2R.s
1  1   D   D 0.7978833 0.08105853
2  1   D   M 0.7419740 0.07504668
3  1   D   E 0.7117127 0.06264970
4  1   E   D 0.7051687 0.07097755
5  1   E   M 0.6931980 0.07276933
6  1   E   E 0.6516180 0.05454433
7  2   D   D 0.8608340 0.07306894
8  2   D   M 0.8129023 0.06684623
9  2   D   E 0.7207190 0.06221227
10 2   E   D 0.7432513 0.09152357
11 2   E   M 0.7151767 0.07965716
12 2   E   E 0.7041000 0.07000632
13 3   D   D 0.8576183 0.07060237
14 3   D   M 0.8097510 0.06651063
15 3   D   E 0.7292617 0.06159680
16 3   E   D 0.7485093 0.10246194
17 3   E   M 0.7370780 0.07893143
18 3   E   E 0.7154023 0.06836515
[1] "Summary by group + IDR + IDL\n"
   grp IDL IDR     q2R.m      q2R.s
1    C   D   D 0.8259202 0.07147109
2    C   D   M 0.7967240 0.08423784
3    C   D   E 0.7123502 0.06087020
4    C   E   D 0.6949269 0.07664957
5    C   E   M 0.6843596 0.07687467
6    C   E   E 0.6793551 0.06992103
7    U   D   D 0.8516369 0.08603775
8    U   D   M 0.7796942 0.06721630
9    U   D   E 0.7287787 0.06245289
10   U   E   D 0.7696927 0.08826037
11   U   E   M 0.7459422 0.06771905
12   U   E   E 0.7013918 0.06865732
[1] "Summary by group + Session + IDR + IDL\n"
   grp S IDL IDR     q2R.m      q2R.s
1    C 1   D   D 0.7787240 0.07569426
2    C 1   D   M 0.7169620 0.08692883
3    C 1   D   E 0.6906267 0.07200811
4    C 1   E   D 0.6820800 0.06363855
5    C 1   E   M 0.6556860 0.07486556
6    C 1   E   E 0.6490273 0.06246916
7    C 2   D   D 0.8648313 0.04561824
8    C 2   D   M 0.8320913 0.05056622
9    C 2   D   E 0.7014487 0.04290061
10   C 2   E   D 0.6932787 0.09138286
11   C 2   E   M 0.6708760 0.06394303
12   C 2   E   E 0.6746427 0.07095764
13   C 3   D   D 0.8342053 0.06450643
14   C 3   D   M 0.8411187 0.04381705
15   C 3   D   E 0.7449753 0.05334644
16   C 3   E   D 0.7094220 0.07522783
17   C 3   E   M 0.7265167 0.07681126
18   C 3   E   E 0.7143953 0.06405550
19   U 1   D   D 0.8170427 0.08422630
20   U 1   D   M 0.7669860 0.05262225
21   U 1   D   E 0.7327987 0.04463632
22   U 1   E   D 0.7282573 0.07241046
23   U 1   E   M 0.7307100 0.04846462
24   U 1   E   E 0.6542087 0.04739089
25   U 2   D   D 0.8568367 0.09457398
26   U 2   D   M 0.7937133 0.07687672
27   U 2   D   E 0.7399893 0.07335519
28   U 2   E   D 0.7932240 0.06040975
29   U 2   E   M 0.7594773 0.06963897
30   U 2   E   E 0.7335573 0.05707378
31   U 3   D   D 0.8810313 0.07063789
32   U 3   D   M 0.7783833 0.07165854
33   U 3   D   E 0.7135480 0.06696557
34   U 3   E   D 0.7875967 0.11319744
35   U 3   E   M 0.7476393 0.08225792
36   U 3   E   E 0.7164093 0.07467363
