[1] "Summary by group"
  grp accTime.m accTime.s
1   C 0.2758056 0.1315367
2   U 0.2769611 0.1265336
[1] "Summary by session\n"
  S accTime.m accTime.s
1 1 0.3175167 0.1296865
2 2 0.2609417 0.1251412
3 3 0.2506917 0.1230409
[1] "Summary by ID\n"
  ID accTime.m  accTime.s
1  D 0.3825333 0.07726664
2  E 0.1702333 0.06748596
[1] "Summary by group + Session\n"
  grp S accTime.m accTime.s
1   C 1 0.3233667 0.1237874
2   C 2 0.2527333 0.1253919
3   C 3 0.2513167 0.1361668
4   U 1 0.3116667 0.1371970
5   U 2 0.2691500 0.1264836
6   U 3 0.2500667 0.1107158
[1] "Summary by Session + ID\n"
  S ID accTime.m  accTime.s
1 1  D 0.4240833 0.07667082
2 1  E 0.2109500 0.06958874
3 2  D 0.3668333 0.07175201
4 2  E 0.1550500 0.05926960
5 3  D 0.3566833 0.06755132
6 3  E 0.1447000 0.05471519
[1] "Summary by group + ID\n"
  grp ID accTime.m  accTime.s
1   C  D 0.3797556 0.08510613
2   C  E 0.1718556 0.07517726
3   U  D 0.3853111 0.06940545
4   U  E 0.1686111 0.05962562
[1] "Summary by group + Session + ID\n"
   grp S ID accTime.m  accTime.s
1    C 1  D 0.4298000 0.05183759
2    C 1  E 0.2169333 0.06913467
3    C 2  D 0.3497667 0.08744955
4    C 2  E 0.1557000 0.06889065
5    C 3  D 0.3597000 0.09138631
6    C 3  E 0.1429333 0.06988329
7    U 1  D 0.4183667 0.09705438
8    U 1  E 0.2049667 0.07193585
9    U 2  D 0.3839000 0.04891691
10   U 2  E 0.1544000 0.05029776
11   U 3  D 0.3536667 0.03288381
12   U 3  E 0.1464667 0.03620747
