[1] "q2Rrel ~S*IDR*IDL*grp + Error(pp/(S*IDR*IDL))"
$ANOVA
          Effect DFn DFd           F            p p<.05         ges
2            grp   1   8   2.5149034 1.514352e-01       0.108640469
3              S   2  16   0.7082139 5.073261e-01       0.019065010
5            IDR   2  16 204.7110022 4.003135e-12     * 0.593578646
7            IDL   1   8  30.8694965 5.371609e-04     * 0.186200362
4          grp:S   2  16   2.2124317 1.418034e-01       0.057240464
6        grp:IDR   2  16   7.6900467 4.567999e-03     * 0.052010732
8        grp:IDL   1   8   2.6644538 1.412570e-01       0.019366380
9          S:IDR   4  32   1.1275141 3.609945e-01       0.022555708
11         S:IDL   2  16   0.3584914 7.042011e-01       0.001585356
13       IDR:IDL   2  16  10.1559467 1.420917e-03     * 0.054244586
10     grp:S:IDR   4  32   1.6644757 1.825024e-01       0.032943647
12     grp:S:IDL   2  16   3.5935403 5.140334e-02       0.015667558
14   grp:IDR:IDL   2  16   1.7651973 2.028952e-01       0.009870573
15     S:IDR:IDL   4  32   2.9334173 3.572961e-02     * 0.011607509
16 grp:S:IDR:IDL   4  32   0.6705132 6.172361e-01       0.002677188

$`Mauchly's Test for Sphericity`
          Effect         W         p p<.05
3              S 0.6986398 0.2850274      
4          grp:S 0.6986398 0.2850274      
5            IDR 0.8624458 0.5957463      
6        grp:IDR 0.8624458 0.5957463      
9          S:IDR 0.1669399 0.2611579      
10     grp:S:IDR 0.1669399 0.2611579      
11         S:IDL 0.8456098 0.5560259      
12     grp:S:IDL 0.8456098 0.5560259      
13       IDR:IDL 0.8394263 0.5419247      
14   grp:IDR:IDL 0.8394263 0.5419247      
15     S:IDR:IDL 0.2818379 0.5381505      
16 grp:S:IDR:IDL 0.2818379 0.5381505      

$`Sphericity Corrections`
          Effect       GGe        p[GG] p[GG]<.05      HFe        p[HF]
3              S 0.7684268 4.757405e-01           0.915319 4.966952e-01
4          grp:S 0.7684268 1.572981e-01           0.915319 1.473563e-01
5            IDR 0.8790790 6.931719e-11         * 1.107319 4.003135e-12
6        grp:IDR 0.8790790 6.800152e-03         * 1.107319 4.567999e-03
9          S:IDR 0.6377824 3.546142e-01           0.961675 3.607155e-01
10     grp:S:IDR 0.6377824 2.099061e-01           0.961675 1.852626e-01
11         S:IDL 0.8662582 6.754842e-01           1.084378 7.042011e-01
12     grp:S:IDL 0.8662582 6.049958e-02           1.084378 5.140334e-02
13       IDR:IDL 0.8616428 2.595419e-03         * 1.076166 1.420917e-03
14   grp:IDR:IDL 0.8616428 2.088986e-01           1.076166 2.028952e-01
15     S:IDR:IDL 0.6768615 6.091913e-02           1.056532 3.572961e-02
16 grp:S:IDR:IDL 0.6768615 5.648519e-01           1.056532 6.172361e-01
   p[HF]<.05
3           
4           
5          *
6          *
9           
10          
11          
12          
13         *
14          
15         *
16          

