[1] "Summary by group"
  grp  q2Rrel.m  q2Rrel.s
1   C 0.8997954 0.1534068
2   U 0.9656130 0.1829204
[1] "Summary by session\n"
  S  q2Rrel.m  q2Rrel.s
1 1 0.9181833 0.1651393
2 2 0.9500096 0.1819253
3 3 0.9299195 0.1674151
[1] "Summary by IDR+IDR\n"
  IDL IDR  q2Rrel.m   q2Rrel.s
1   D   D 1.1579628 0.14539023
2   D   M 0.9469284 0.11429891
3   D   E 0.8284894 0.09017924
4   E   D 1.0115223 0.15152488
5   E   M 0.8587310 0.11062497
6   E   E 0.7925911 0.08445688
[1] "Summary by group + Session\n"
  grp S  q2Rrel.m  q2Rrel.s
1   C 1 0.8576244 0.1189480
2   C 2 0.9155685 0.1769443
3   C 3 0.9261931 0.1513844
4   U 1 0.9787422 0.1824352
5   U 2 0.9844507 0.1812655
6   U 3 0.9336460 0.1828258
[1] "Summary by Session + IDR + IDL \n"
   S IDL IDR  q2Rrel.m   q2Rrel.s
1  1   D   D 1.1161439 0.16581153
2  1   D   M 0.9323150 0.11702360
3  1   D   E 0.8382575 0.10513440
4  1   E   D 0.9854858 0.13548629
5  1   E   M 0.8715854 0.11923795
6  1   E   E 0.7653123 0.07106484
7  2   D   D 1.2100601 0.11168356
8  2   D   M 0.9696543 0.11258274
9  2   D   E 0.8206707 0.08568056
10 2   E   D 1.0466847 0.14756991
11 2   E   M 0.8514307 0.10787727
12 2   E   E 0.8015572 0.09056145
13 3   D   D 1.1476842 0.14205614
14 3   D   M 0.9388160 0.11358273
15 3   D   E 0.8265401 0.07998412
16 3   E   D 1.0023963 0.16811581
17 3   E   M 0.8531768 0.10697883
18 3   E   E 0.8109038 0.08625173
[1] "Summary by group + IDR + IDL\n"
   grp IDL IDR  q2Rrel.m   q2Rrel.s
1    C   D   D 1.1096558 0.13403309
2    C   D   M 0.9479227 0.10686542
3    C   D   E 0.8168163 0.08240895
4    C   E   D 0.9326640 0.12214083
5    C   E   M 0.8124758 0.07862021
6    C   E   E 0.7792375 0.09153996
7    U   D   D 1.2062697 0.14148849
8    U   D   M 0.9459342 0.12248737
9    U   D   E 0.8401625 0.09684764
10   U   E   D 1.0903806 0.13712434
11   U   E   M 0.9049861 0.11914878
12   U   E   E 0.8059447 0.07539056
[1] "Summary by group + Session + IDR + IDL\n"
   grp S IDL IDR  q2Rrel.m   q2Rrel.s
1    C 1   D   D 1.0186953 0.09808832
2    C 1   D   M 0.8620198 0.09204447
3    C 1   D   E 0.8175040 0.09711535
4    C 1   E   D 0.8918682 0.07725001
5    C 1   E   M 0.7875817 0.06920271
6    C 1   E   E 0.7680777 0.08376662
7    C 2   D   D 1.1898999 0.08531657
8    C 2   D   M 0.9952856 0.09172050
9    C 2   D   E 0.7917307 0.06513945
10   C 2   E   D 0.9551997 0.14507195
11   C 2   E   M 0.7990135 0.05747920
12   C 2   E   E 0.7622818 0.09729556
13   C 3   D   D 1.1203722 0.15386321
14   C 3   D   M 0.9864628 0.08429685
15   C 3   D   E 0.8412142 0.07972968
16   C 3   E   D 0.9509241 0.13110435
17   C 3   E   M 0.8508323 0.09433498
18   C 3   E   E 0.8073531 0.09254231
19   U 1   D   D 1.2135924 0.16425705
20   U 1   D   M 1.0026103 0.09646905
21   U 1   D   E 0.8590110 0.11198956
22   U 1   E   D 1.0791034 0.11522211
23   U 1   E   M 0.9555891 0.09767588
24   U 1   E   E 0.7625470 0.05854842
25   U 2   D   D 1.2302204 0.13299447
26   U 2   D   M 0.9440230 0.12819775
27   U 2   D   E 0.8496107 0.09575408
28   U 2   E   D 1.1381698 0.07828594
29   U 2   E   M 0.9038479 0.12212603
30   U 2   E   E 0.8408326 0.06493584
31   U 3   D   D 1.1749962 0.12856507
32   U 3   D   M 0.8911693 0.12146141
33   U 3   D   E 0.8118659 0.08020994
34   U 3   E   D 1.0538685 0.18888892
35   U 3   E   M 0.8555214 0.12163689
36   U 3   E   E 0.8144546 0.08257729
