[1] "q1L ~(S*DID*grp)+Error(pp/(S*DID))+grp"
$ANOVA
     Effect DFn DFd          F         p p<.05         ges
2       grp   1   8 0.86783292 0.3788116       0.039389484
3         S   2  16 0.07433639 0.9286781       0.003072396
5       DID   2  16 0.74563552 0.4902176       0.009006362
4     grp:S   2  16 0.64411083 0.5382168       0.026009233
6   grp:DID   2  16 1.66666545 0.2200424       0.019909778
7     S:DID   4  32 1.10178803 0.3726413       0.025870063
8 grp:S:DID   4  32 1.36142423 0.2691562       0.031772645

$`Mauchly's Test for Sphericity`
     Effect          W          p p<.05
3         S 0.54638517 0.12057192      
4     grp:S 0.54638517 0.12057192      
5       DID 0.44225393 0.05752425      
6   grp:DID 0.44225393 0.05752425      
7     S:DID 0.06547379 0.04807842     *
8 grp:S:DID 0.06547379 0.04807842     *

$`Sphericity Corrections`
     Effect       GGe     p[GG] p[GG]<.05       HFe     p[HF] p[HF]<.05
3         S 0.6879401 0.8632522           0.7837209 0.8885534          
4     grp:S 0.6879401 0.4877513           0.7837209 0.5052314          
5       DID 0.6419532 0.4409163           0.7113627 0.4523569          
6   grp:DID 0.6419532 0.2311105           0.7113627 0.2294883          
7     S:DID 0.4060963 0.3482645           0.4948334 0.3558462          
8 grp:S:DID 0.4060963 0.2844740           0.4948334 0.2844868          

