[1] "MTR ~S*IDR*IDL*grp + Error(pp/(S*IDR*IDL))"
$ANOVA
          Effect DFn DFd           F            p p<.05         ges
2            grp   1   8   0.3136910 5.907580e-01       0.015506491
3              S   2  16  48.2311440 1.678435e-07     * 0.289911843
5            IDR   2  16 129.6231088 1.303734e-10     * 0.613238979
7            IDL   1   8  76.7361387 2.259650e-05     * 0.544323714
4          grp:S   2  16   0.2660539 7.697222e-01       0.002247081
6        grp:IDR   2  16   8.3300318 3.317597e-03     * 0.092472205
8        grp:IDL   1   8   4.1618650 7.566621e-02       0.060845164
9          S:IDR   4  32   0.1988961 9.371037e-01       0.002284121
11         S:IDL   2  16   6.7732947 7.394367e-03     * 0.095405437
13       IDR:IDL   2  16   5.0357434 2.012025e-02     * 0.029209363
10     grp:S:IDR   4  32   1.5324140 2.163321e-01       0.017332797
12     grp:S:IDL   2  16   2.0657377 1.592044e-01       0.031163404
14   grp:IDR:IDL   2  16   2.4274915 1.200276e-01       0.014296734
15     S:IDR:IDL   4  32   1.5330415 2.161578e-01       0.008314018
16 grp:S:IDR:IDL   4  32   0.4729955 7.551628e-01       0.002579990

$`Mauchly's Test for Sphericity`
          Effect          W           p p<.05
3              S 0.78185388 0.422609828      
4          grp:S 0.78185388 0.422609828      
5            IDR 0.33756368 0.022348326     *
6        grp:IDR 0.33756368 0.022348326     *
9          S:IDR 0.02784097 0.008137717     *
10     grp:S:IDR 0.02784097 0.008137717     *
11         S:IDL 0.58286288 0.151175842      
12     grp:S:IDL 0.58286288 0.151175842      
13       IDR:IDL 0.89327013 0.673658565      
14   grp:IDR:IDL 0.89327013 0.673658565      
15     S:IDR:IDL 0.30615193 0.590988517      
16 grp:S:IDR:IDL 0.30615193 0.590988517      

$`Sphericity Corrections`
          Effect       GGe        p[GG] p[GG]<.05       HFe        p[HF]
3              S 0.8209196 1.737048e-06         * 1.0047365 1.678435e-07
4          grp:S 0.8209196 7.280196e-01           1.0047365 7.697222e-01
5            IDR 0.6015268 4.055248e-07         * 0.6493712 1.536838e-07
6        grp:IDR 0.6015268 1.398832e-02         * 0.6493712 1.174368e-02
9          S:IDR 0.4591678 8.040323e-01           0.5893748 8.538673e-01
10     grp:S:IDR 0.4591678 2.480095e-01           0.5893748 2.413025e-01
11         S:IDL 0.7056480 1.724950e-02         * 0.8121221 1.267277e-02
12     grp:S:IDL 0.7056480 1.771281e-01           0.8121221 1.706428e-01
13       IDR:IDL 0.9035629 2.437909e-02         * 1.1516568 2.012025e-02
14   grp:IDR:IDL 0.9035629 1.268268e-01           1.1516568 1.200276e-01
15     S:IDR:IDL 0.6654913 2.366992e-01           1.0283601 2.161578e-01
16 grp:S:IDR:IDL 0.6654913 6.825760e-01           1.0283601 7.551628e-01
   p[HF]<.05
3          *
4           
5          *
6          *
9           
10          
11         *
12          
13         *
14          
15          
16          

