                  Estimate MCMCmean HPD95lower HPD95upper pMCMC Pr(>|t|)
(Intercept)         1.1272   1.1285     1.0316     1.2194 0.001   0.0000
grp1               -0.0309  -0.0277    -0.1149     0.0721 0.522   0.5757
S1                  0.2160   0.2166     0.1828     0.2540 0.001   0.0000
S2                 -0.0630  -0.0632    -0.1016    -0.0267 0.001   0.0055
IDR1                0.3949   0.3957     0.3522     0.4394 0.001   0.0000
IDR2               -0.0338  -0.0341    -0.0763     0.0114 0.112   0.2140
IDL1                0.2687   0.2693     0.2279     0.3146 0.001   0.0000
grp1:S1             0.0155   0.0164    -0.0223     0.0513 0.366   0.4922
grp1:S2            -0.0030  -0.0024    -0.0365     0.0376 0.882   0.8949
grp1:IDR1          -0.0903  -0.0896    -0.1292    -0.0487 0.001   0.0010
grp1:IDR2          -0.0107  -0.0097    -0.0526     0.0344 0.662   0.6949
S1:IDR1             0.0051   0.0054    -0.0327     0.0372 0.756   0.8550
S2:IDR1            -0.0200  -0.0196    -0.0525     0.0139 0.238   0.4735
S1:IDR2            -0.0121  -0.0118    -0.0476     0.0219 0.496   0.6640
S2:IDR2             0.0146   0.0147    -0.0214     0.0482 0.404   0.6011
grp1:IDL1           0.0626   0.0631     0.0181     0.1056 0.004   0.0419
S1:IDL1             0.1024   0.1027     0.0771     0.1264 0.001   0.0000
S2:IDL1            -0.0100  -0.0104    -0.0367     0.0136 0.410   0.6122
IDR1:IDL1          -0.0415  -0.0414    -0.0660    -0.0146 0.002   0.0356
IDR2:IDL1          -0.0171  -0.0169    -0.0414     0.0084 0.188   0.3853
grp1:S1:IDR1        0.0279   0.0298    -0.0030     0.0613 0.080   0.3172
grp1:S2:IDR1        0.0218   0.0206    -0.0177     0.0531 0.246   0.4338
grp1:S1:IDR2        0.0223   0.0208    -0.0125     0.0551 0.258   0.4243
grp1:S2:IDR2       -0.0248  -0.0237    -0.0612     0.0090 0.200   0.3731
grp1:S1:IDL1       -0.0566  -0.0567    -0.0811    -0.0326 0.001   0.0043
grp1:S2:IDL1        0.0056   0.0052    -0.0201     0.0301 0.678   0.7771
grp1:IDR1:IDL1     -0.0398  -0.0398    -0.0627    -0.0136 0.001   0.0437
grp1:IDR2:IDL1      0.0311   0.0311     0.0074     0.0549 0.006   0.1149
S1:IDR1:IDL1        0.0325   0.0316    -0.0031     0.0636 0.056   0.2434
S2:IDR1:IDL1       -0.0200  -0.0201    -0.0487     0.0159 0.246   0.4727
S1:IDR2:IDL1       -0.0134  -0.0126    -0.0440     0.0209 0.466   0.6314
S2:IDR2:IDL1        0.0315   0.0309    -0.0057     0.0621 0.076   0.2582
grp1:S1:IDR1:IDL1   0.0130   0.0128    -0.0188     0.0494 0.490   0.6419
grp1:S2:IDR1:IDL1  -0.0150  -0.0144    -0.0540     0.0173 0.438   0.5904
grp1:S1:IDR2:IDL1  -0.0022  -0.0019    -0.0356     0.0334 0.898   0.9384
grp1:S2:IDR2:IDL1  -0.0084  -0.0094    -0.0440     0.0287 0.598   0.7632
NULL
       Length Class      Mode
fixed  6      data.frame list
random 7      data.frame list
Analysis of Variance Table
              Df  Sum Sq Mean Sq  F value
grp            1 0.00364 0.00364   0.3102
S              2 1.13167 0.56583  48.2312
IDR            2 3.04141 1.52070 129.6231
IDL            1 0.90025 0.90025  76.7362
grp:S          2 0.00624 0.00312   0.2661
grp:IDR        2 0.19545 0.09773   8.3300
S:IDR          4 0.00837 0.00209   0.1783
grp:IDL        1 0.04883 0.04883   4.1619
S:IDL          2 0.38541 0.19270  16.4258
IDR:IDL        2 0.10995 0.05498   4.6860
grp:S:IDR      4 0.06446 0.01611   1.3735
grp:S:IDL      2 0.11754 0.05877   5.0096
grp:IDR:IDL    2 0.05300 0.02650   2.2589
S:IDR:IDL      4 0.03064 0.00766   0.6529
grp:S:IDR:IDL  4 0.00945 0.00236   0.2014
Linear mixed model fit by REML 
Formula: get(vname) ~ (1 | pp) + (1 | pp/S) + (1 | pp/IDR) + (1 | pp/IDL) +      (1 | pp/S:IDR:IDL) + grp * S * IDR * IDL 
   Data: mdata 
    AIC   BIC logLik deviance REMLdev
 -153.5 43.95  122.7   -449.6  -245.5
Random effects:
 Groups       Name        Variance  Std.Dev.
 S:IDR:IDL:pp (Intercept) 0.0310091 0.176094
 IDR:pp       (Intercept) 0.0052675 0.072578
 S:pp         (Intercept) 0.0018528 0.043045
 IDL:pp       (Intercept) 0.0149334 0.122202
 pp           (Intercept) 0.0037122 0.060928
 pp           (Intercept) 0.0037121 0.060927
 pp           (Intercept) 0.0037123 0.060929
 pp           (Intercept) 0.0037123 0.060929
 pp           (Intercept) 0.0037121 0.060927
 Residual                 0.0117317 0.108313
Number of obs: 540, groups: S:IDR:IDL:pp, 180; IDR:pp, 30; S:pp, 30; IDL:pp, 20; pp, 10

Fixed effects:
                   Estimate Std. Error t value
(Intercept)        1.127205   0.055081  20.465
grp1              -0.030851   0.055081  -0.560
S1                 0.215979   0.022617   9.549
S2                -0.063027   0.022617  -2.787
IDR1               0.394881   0.027188  14.524
IDR2              -0.033824   0.027188  -1.244
IDL1               0.268669   0.030670   8.760
grp1:S1            0.015545   0.022617   0.687
grp1:S2           -0.002988   0.022617  -0.132
grp1:IDR1         -0.090324   0.027188  -3.322
grp1:IDR2         -0.010669   0.027188  -0.392
S1:IDR1            0.005094   0.027857   0.183
S2:IDR1           -0.019984   0.027857  -0.717
S1:IDR2           -0.012109   0.027857  -0.435
S2:IDR2            0.014571   0.027857   0.523
grp1:IDL1          0.062569   0.030670   2.040
S1:IDL1            0.102386   0.019698   5.198
S2:IDL1           -0.009992   0.019698  -0.507
IDR1:IDL1         -0.041517   0.019698  -2.108
IDR2:IDL1         -0.017117   0.019698  -0.869
grp1:S1:IDR1       0.027888   0.027857   1.001
grp1:S2:IDR1       0.021821   0.027857   0.783
grp1:S1:IDR2       0.022274   0.027857   0.800
grp1:S2:IDR2      -0.024834   0.027857  -0.892
grp1:S1:IDL1      -0.056569   0.019698  -2.872
grp1:S2:IDL1       0.005581   0.019698   0.283
grp1:IDR1:IDL1    -0.039822   0.019698  -2.022
grp1:IDR2:IDL1     0.031106   0.019698   1.579
S1:IDR1:IDL1       0.032536   0.027857   1.168
S2:IDR1:IDL1      -0.020019   0.027857  -0.719
S1:IDR2:IDL1      -0.013372   0.027857  -0.480
S2:IDR2:IDL1       0.031531   0.027857   1.132
grp1:S1:IDR1:IDL1  0.012964   0.027857   0.465
grp1:S2:IDR1:IDL1 -0.015003   0.027857  -0.539
grp1:S1:IDR2:IDL1 -0.002156   0.027857  -0.077
grp1:S2:IDR2:IDL1 -0.008397   0.027857  -0.301

Correlation of Fixed Effects:
            (Intr) grp1   S1     S2     IDR1   IDR2   IDL1   gr1:S1 gr1:S2
grp1         0.000                                                        
S1           0.000  0.000                                                 
S2           0.000  0.000 -0.500                                          
IDR1         0.000  0.000  0.000  0.000                                   
IDR2         0.000  0.000  0.000  0.000 -0.500                            
IDL1         0.000  0.000  0.000  0.000  0.000  0.000                     
grp1:S1      0.000  0.000  0.000  0.000  0.000  0.000  0.000              
grp1:S2      0.000  0.000  0.000  0.000  0.000  0.000  0.000 -0.500       
grp1:IDR1    0.000  0.000  0.000  0.000  0.000  0.000  0.000  0.000  0.000
grp1:IDR2    0.000  0.000  0.000  0.000  0.000  0.000  0.000  0.000  0.000
S1:IDR1      0.000  0.000  0.000  0.000  0.000  0.000  0.000  0.000  0.000
S2:IDR1      0.000  0.000  0.000  0.000  0.000  0.000  0.000  0.000  0.000
S1:IDR2      0.000  0.000  0.000  0.000  0.000  0.000  0.000  0.000  0.000
S2:IDR2      0.000  0.000  0.000  0.000  0.000  0.000  0.000  0.000  0.000
grp1:IDL1    0.000  0.000  0.000  0.000  0.000  0.000  0.000  0.000  0.000
S1:IDL1      0.000  0.000  0.000  0.000  0.000  0.000  0.000  0.000  0.000
S2:IDL1      0.000  0.000  0.000  0.000  0.000  0.000  0.000  0.000  0.000
IDR1:IDL1    0.000  0.000  0.000  0.000  0.000  0.000  0.000  0.000  0.000
IDR2:IDL1    0.000  0.000  0.000  0.000  0.000  0.000  0.000  0.000  0.000
gr1:S1:IDR1  0.000  0.000  0.000  0.000  0.000  0.000  0.000  0.000  0.000
gr1:S2:IDR1  0.000  0.000  0.000  0.000  0.000  0.000  0.000  0.000  0.000
gr1:S1:IDR2  0.000  0.000  0.000  0.000  0.000  0.000  0.000  0.000  0.000
gr1:S2:IDR2  0.000  0.000  0.000  0.000  0.000  0.000  0.000  0.000  0.000
gr1:S1:IDL1  0.000  0.000  0.000  0.000  0.000  0.000  0.000  0.000  0.000
gr1:S2:IDL1  0.000  0.000  0.000  0.000  0.000  0.000  0.000  0.000  0.000
g1:IDR1:IDL  0.000  0.000  0.000  0.000  0.000  0.000  0.000  0.000  0.000
g1:IDR2:IDL  0.000  0.000  0.000  0.000  0.000  0.000  0.000  0.000  0.000
S1:IDR1:IDL  0.000  0.000  0.000  0.000  0.000  0.000  0.000  0.000  0.000
S2:IDR1:IDL  0.000  0.000  0.000  0.000  0.000  0.000  0.000  0.000  0.000
S1:IDR2:IDL  0.000  0.000  0.000  0.000  0.000  0.000  0.000  0.000  0.000
S2:IDR2:IDL  0.000  0.000  0.000  0.000  0.000  0.000  0.000  0.000  0.000
g1:S1:IDR1:  0.000  0.000  0.000  0.000  0.000  0.000  0.000  0.000  0.000
g1:S2:IDR1:  0.000  0.000  0.000  0.000  0.000  0.000  0.000  0.000  0.000
g1:S1:IDR2:  0.000  0.000  0.000  0.000  0.000  0.000  0.000  0.000  0.000
g1:S2:IDR2:  0.000  0.000  0.000  0.000  0.000  0.000  0.000  0.000  0.000
            gr1:IDR1 gr1:IDR2 S1:IDR1 S2:IDR1 S1:IDR2 S2:IDR2 g1:IDL S1:IDL
grp1                                                                       
S1                                                                         
S2                                                                         
IDR1                                                                       
IDR2                                                                       
IDL1                                                                       
grp1:S1                                                                    
grp1:S2                                                                    
grp1:IDR1                                                                  
grp1:IDR2   -0.500                                                         
S1:IDR1      0.000    0.000                                                
S2:IDR1      0.000    0.000   -0.500                                       
S1:IDR2      0.000    0.000   -0.500   0.250                               
S2:IDR2      0.000    0.000    0.250  -0.500  -0.500                       
grp1:IDL1    0.000    0.000    0.000   0.000   0.000   0.000               
S1:IDL1      0.000    0.000    0.000   0.000   0.000   0.000   0.000       
S2:IDL1      0.000    0.000    0.000   0.000   0.000   0.000   0.000 -0.500
IDR1:IDL1    0.000    0.000    0.000   0.000   0.000   0.000   0.000  0.000
IDR2:IDL1    0.000    0.000    0.000   0.000   0.000   0.000   0.000  0.000
gr1:S1:IDR1  0.000    0.000    0.000   0.000   0.000   0.000   0.000  0.000
gr1:S2:IDR1  0.000    0.000    0.000   0.000   0.000   0.000   0.000  0.000
gr1:S1:IDR2  0.000    0.000    0.000   0.000   0.000   0.000   0.000  0.000
gr1:S2:IDR2  0.000    0.000    0.000   0.000   0.000   0.000   0.000  0.000
gr1:S1:IDL1  0.000    0.000    0.000   0.000   0.000   0.000   0.000  0.000
gr1:S2:IDL1  0.000    0.000    0.000   0.000   0.000   0.000   0.000  0.000
g1:IDR1:IDL  0.000    0.000    0.000   0.000   0.000   0.000   0.000  0.000
g1:IDR2:IDL  0.000    0.000    0.000   0.000   0.000   0.000   0.000  0.000
S1:IDR1:IDL  0.000    0.000    0.000   0.000   0.000   0.000   0.000  0.000
S2:IDR1:IDL  0.000    0.000    0.000   0.000   0.000   0.000   0.000  0.000
S1:IDR2:IDL  0.000    0.000    0.000   0.000   0.000   0.000   0.000  0.000
S2:IDR2:IDL  0.000    0.000    0.000   0.000   0.000   0.000   0.000  0.000
g1:S1:IDR1:  0.000    0.000    0.000   0.000   0.000   0.000   0.000  0.000
g1:S2:IDR1:  0.000    0.000    0.000   0.000   0.000   0.000   0.000  0.000
g1:S1:IDR2:  0.000    0.000    0.000   0.000   0.000   0.000   0.000  0.000
g1:S2:IDR2:  0.000    0.000    0.000   0.000   0.000   0.000   0.000  0.000
            S2:IDL IDR1:I IDR2:I gr1:S1:IDR1 gr1:S2:IDR1 gr1:S1:IDR2
grp1                                                                
S1                                                                  
S2                                                                  
IDR1                                                                
IDR2                                                                
IDL1                                                                
grp1:S1                                                             
grp1:S2                                                             
grp1:IDR1                                                           
grp1:IDR2                                                           
S1:IDR1                                                             
S2:IDR1                                                             
S1:IDR2                                                             
S2:IDR2                                                             
grp1:IDL1                                                           
S1:IDL1                                                             
S2:IDL1                                                             
IDR1:IDL1    0.000                                                  
IDR2:IDL1    0.000 -0.500                                           
gr1:S1:IDR1  0.000  0.000  0.000                                    
gr1:S2:IDR1  0.000  0.000  0.000 -0.500                             
gr1:S1:IDR2  0.000  0.000  0.000 -0.500       0.250                 
gr1:S2:IDR2  0.000  0.000  0.000  0.250      -0.500      -0.500     
gr1:S1:IDL1  0.000  0.000  0.000  0.000       0.000       0.000     
gr1:S2:IDL1  0.000  0.000  0.000  0.000       0.000       0.000     
g1:IDR1:IDL  0.000  0.000  0.000  0.000       0.000       0.000     
g1:IDR2:IDL  0.000  0.000  0.000  0.000       0.000       0.000     
S1:IDR1:IDL  0.000  0.000  0.000  0.000       0.000       0.000     
S2:IDR1:IDL  0.000  0.000  0.000  0.000       0.000       0.000     
S1:IDR2:IDL  0.000  0.000  0.000  0.000       0.000       0.000     
S2:IDR2:IDL  0.000  0.000  0.000  0.000       0.000       0.000     
g1:S1:IDR1:  0.000  0.000  0.000  0.000       0.000       0.000     
g1:S2:IDR1:  0.000  0.000  0.000  0.000       0.000       0.000     
g1:S1:IDR2:  0.000  0.000  0.000  0.000       0.000       0.000     
g1:S2:IDR2:  0.000  0.000  0.000  0.000       0.000       0.000     
            gr1:S2:IDR2 g1:S1:IDL g1:S2:IDL g1:IDR1: g1:IDR2: S1:IDR1: S2:IDR1:
grp1                                                                           
S1                                                                             
S2                                                                             
IDR1                                                                           
IDR2                                                                           
IDL1                                                                           
grp1:S1                                                                        
grp1:S2                                                                        
grp1:IDR1                                                                      
grp1:IDR2                                                                      
S1:IDR1                                                                        
S2:IDR1                                                                        
S1:IDR2                                                                        
S2:IDR2                                                                        
grp1:IDL1                                                                      
S1:IDL1                                                                        
S2:IDL1                                                                        
IDR1:IDL1                                                                      
IDR2:IDL1                                                                      
gr1:S1:IDR1                                                                    
gr1:S2:IDR1                                                                    
gr1:S1:IDR2                                                                    
gr1:S2:IDR2                                                                    
gr1:S1:IDL1  0.000                                                             
gr1:S2:IDL1  0.000      -0.500                                                 
g1:IDR1:IDL  0.000       0.000     0.000                                       
g1:IDR2:IDL  0.000       0.000     0.000    -0.500                             
S1:IDR1:IDL  0.000       0.000     0.000     0.000    0.000                    
S2:IDR1:IDL  0.000       0.000     0.000     0.000    0.000   -0.500           
S1:IDR2:IDL  0.000       0.000     0.000     0.000    0.000   -0.500    0.250  
S2:IDR2:IDL  0.000       0.000     0.000     0.000    0.000    0.250   -0.500  
g1:S1:IDR1:  0.000       0.000     0.000     0.000    0.000    0.000    0.000  
g1:S2:IDR1:  0.000       0.000     0.000     0.000    0.000    0.000    0.000  
g1:S1:IDR2:  0.000       0.000     0.000     0.000    0.000    0.000    0.000  
g1:S2:IDR2:  0.000       0.000     0.000     0.000    0.000    0.000    0.000  
            S1:IDR2: S2:IDR2: g1:S1:IDR1: g1:S2:IDR1: g1:S1:IDR2:
grp1                                                             
S1                                                               
S2                                                               
IDR1                                                             
IDR2                                                             
IDL1                                                             
grp1:S1                                                          
grp1:S2                                                          
grp1:IDR1                                                        
grp1:IDR2                                                        
S1:IDR1                                                          
S2:IDR1                                                          
S1:IDR2                                                          
S2:IDR2                                                          
grp1:IDL1                                                        
S1:IDL1                                                          
S2:IDL1                                                          
IDR1:IDL1                                                        
IDR2:IDL1                                                        
gr1:S1:IDR1                                                      
gr1:S2:IDR1                                                      
gr1:S1:IDR2                                                      
gr1:S2:IDR2                                                      
gr1:S1:IDL1                                                      
gr1:S2:IDL1                                                      
g1:IDR1:IDL                                                      
g1:IDR2:IDL                                                      
S1:IDR1:IDL                                                      
S2:IDR1:IDL                                                      
S1:IDR2:IDL                                                      
S2:IDR2:IDL -0.500                                               
g1:S1:IDR1:  0.000    0.000                                      
g1:S2:IDR1:  0.000    0.000   -0.500                             
g1:S1:IDR2:  0.000    0.000   -0.500       0.250                 
g1:S2:IDR2:  0.000    0.000    0.250      -0.500      -0.500     
