                  Estimate MCMCmean HPD95lower HPD95upper pMCMC Pr(>|t|)
(Intercept)         0.3575   0.3576     0.2862     0.4288 0.001   0.0000
grp1               -0.0547  -0.0531    -0.1224     0.0208 0.146   0.1302
S1                 -0.0690  -0.0685    -0.0986    -0.0388 0.001   0.0002
S2                  0.0210   0.0207    -0.0094     0.0492 0.166   0.2606
IDR1               -0.1713  -0.1705    -0.2057    -0.1362 0.001   0.0000
IDR2                0.0251   0.0245    -0.0107     0.0582 0.166   0.2461
IDL1               -0.2764  -0.2756    -0.3103    -0.2359 0.001   0.0000
grp1:S1            -0.0065  -0.0066    -0.0360     0.0224 0.688   0.7277
grp1:S2             0.0117   0.0117    -0.0177     0.0443 0.442   0.5302
grp1:IDR1          -0.0536  -0.0528    -0.0875    -0.0168 0.004   0.0135
grp1:IDR2           0.0054   0.0046    -0.0283     0.0402 0.770   0.8016
S1:IDR1             0.0057   0.0055    -0.0188     0.0357 0.658   0.7854
S2:IDR1            -0.0419  -0.0418    -0.0683    -0.0174 0.001   0.0473
S1:IDR2            -0.0431  -0.0437    -0.0659    -0.0110 0.002   0.0415
S2:IDR2             0.0371   0.0370     0.0092     0.0612 0.006   0.0789
grp1:IDL1           0.0459   0.0459     0.0112     0.0828 0.010   0.1375
S1:IDL1             0.0750   0.0750     0.0549     0.0927 0.001   0.0000
S2:IDL1            -0.0281  -0.0283    -0.0494    -0.0102 0.004   0.0598
IDR1:IDL1           0.1747   0.1745     0.1554     0.1913 0.001   0.0000
IDR2:IDL1          -0.0237  -0.0237    -0.0425    -0.0068 0.014   0.1119
grp1:S1:IDR1        0.0696   0.0695     0.0417     0.0953 0.001   0.0010
grp1:S2:IDR1        0.0038   0.0038    -0.0206     0.0326 0.770   0.8560
grp1:S1:IDR2       -0.0485  -0.0485    -0.0737    -0.0231 0.001   0.0217
grp1:S2:IDR2        0.0173   0.0174    -0.0086     0.0463 0.196   0.4131
grp1:S1:IDL1        0.0081   0.0085    -0.0103     0.0261 0.344   0.5885
grp1:S2:IDL1       -0.0072  -0.0072    -0.0246     0.0103 0.430   0.6308
grp1:IDR1:IDL1      0.0584   0.0574     0.0390     0.0773 0.001   0.0001
grp1:IDR2:IDL1     -0.0129  -0.0124    -0.0294     0.0077 0.206   0.3888
S1:IDR1:IDL1        0.0025   0.0016    -0.0289     0.0241 0.916   0.9056
S2:IDR1:IDL1        0.0356   0.0355     0.0094     0.0631 0.010   0.0921
S1:IDR2:IDL1        0.0449   0.0451     0.0195     0.0718 0.004   0.0338
S2:IDR2:IDL1       -0.0419  -0.0418    -0.0693    -0.0151 0.008   0.0473
grp1:S1:IDR1:IDL1  -0.0645  -0.0647    -0.0898    -0.0369 0.001   0.0023
grp1:S2:IDR1:IDL1   0.0070   0.0070    -0.0196     0.0343 0.610   0.7406
grp1:S1:IDR2:IDL1   0.0507   0.0505     0.0235     0.0758 0.001   0.0165
grp1:S2:IDR2:IDL1  -0.0192  -0.0194    -0.0513     0.0056 0.160   0.3623
NULL
       Length Class      Mode
fixed  6      data.frame list
random 7      data.frame list
Analysis of Variance Table
              Df  Sum Sq Mean Sq F value
grp            1 0.01625 0.01625  2.2753
S              2 0.10306 0.05153  7.2146
IDR            2 0.52399 0.26200 36.6802
IDL            1 0.57342 0.57342 80.2811
grp:S          2 0.00283 0.00141  0.1981
grp:IDR        2 0.05322 0.02661  3.7258
S:IDR          4 0.06830 0.01707  2.3904
grp:IDL        1 0.01580 0.01580  2.2123
S:IDL          2 0.18482 0.09241 12.9378
IDR:IDL        2 1.15526 0.57763 80.8700
grp:S:IDR      4 0.11827 0.02957  4.1396
grp:S:IDL      2 0.00251 0.00126  0.1760
grp:IDR:IDL    2 0.12123 0.06061  8.4861
S:IDR:IDL      4 0.07480 0.01870  2.6181
grp:S:IDR:IDL  4 0.08919 0.02230  3.1216
Linear mixed model fit by REML 
Formula: get(vname) ~ (1 | pp) + (1 | pp/S) + (1 | pp/IDR) + (1 | pp/IDL) +      (1 | pp/S:IDR:IDL) + grp * S * IDR * IDL 
   Data: mdata 
    AIC    BIC logLik deviance REMLdev
 -405.9 -208.5  248.9   -720.4  -497.9
Random effects:
 Groups       Name        Variance   Std.Dev.
 S:IDR:IDL:pp (Intercept) 0.01761039 0.132704
 IDR:pp       (Intercept) 0.00366884 0.060571
 S:pp         (Intercept) 0.00187149 0.043261
 IDL:pp       (Intercept) 0.01680868 0.129648
 pp           (Intercept) 0.00032981 0.018161
 pp           (Intercept) 0.00032981 0.018161
 pp           (Intercept) 0.00032981 0.018161
 pp           (Intercept) 0.00032981 0.018161
 pp           (Intercept) 0.00032982 0.018161
 Residual                 0.00714269 0.084514
Number of obs: 540, groups: S:IDR:IDL:pp, 180; IDR:pp, 30; S:pp, 30; IDL:pp, 20; pp, 10

Fixed effects:
                   Estimate Std. Error t value
(Intercept)        0.357549   0.036069   9.913
grp1              -0.054671   0.036069  -1.516
S1                -0.069003   0.018625  -3.705
S2                 0.020976   0.018625   1.126
IDR1              -0.171310   0.021604  -7.930
IDR2               0.025087   0.021604   1.161
IDL1              -0.276382   0.030846  -8.960
grp1:S1           -0.006488   0.018625  -0.348
grp1:S2            0.011700   0.018625   0.628
grp1:IDR1         -0.053570   0.021604  -2.480
grp1:IDR2          0.005431   0.021604   0.251
S1:IDR1            0.005743   0.021077   0.272
S2:IDR1           -0.041910   0.021077  -1.988
S1:IDR2           -0.043075   0.021077  -2.044
S2:IDR2            0.037115   0.021077   1.761
grp1:IDL1          0.045880   0.030846   1.487
S1:IDL1            0.075032   0.014904   5.034
S2:IDL1           -0.028117   0.014904  -1.887
IDR1:IDL1          0.174724   0.014904  11.723
IDR2:IDL1         -0.023733   0.014904  -1.592
grp1:S1:IDR1       0.069609   0.021077   3.303
grp1:S2:IDR1       0.003828   0.021077   0.182
grp1:S1:IDR2      -0.048532   0.021077  -2.303
grp1:S2:IDR2       0.017264   0.021077   0.819
grp1:S1:IDL1       0.008068   0.014904   0.541
grp1:S2:IDL1      -0.007167   0.014904  -0.481
grp1:IDR1:IDL1     0.058423   0.014904   3.920
grp1:IDR2:IDL1    -0.012855   0.014904  -0.863
S1:IDR1:IDL1       0.002500   0.021077   0.119
S2:IDR1:IDL1       0.035576   0.021077   1.688
S1:IDR2:IDL1       0.044868   0.021077   2.129
S2:IDR2:IDL1      -0.041915   0.021077  -1.989
grp1:S1:IDR1:IDL1 -0.064539   0.021077  -3.062
grp1:S2:IDR1:IDL1  0.006981   0.021077   0.331
grp1:S1:IDR2:IDL1  0.050723   0.021077   2.407
grp1:S2:IDR2:IDL1 -0.019219   0.021077  -0.912

Correlation of Fixed Effects:
            (Intr) grp1   S1     S2     IDR1   IDR2   IDL1   gr1:S1 gr1:S2
grp1         0.000                                                        
S1           0.000  0.000                                                 
S2           0.000  0.000 -0.500                                          
IDR1         0.000  0.000  0.000  0.000                                   
IDR2         0.000  0.000  0.000  0.000 -0.500                            
IDL1         0.000  0.000  0.000  0.000  0.000  0.000                     
grp1:S1      0.000  0.000  0.000  0.000  0.000  0.000  0.000              
grp1:S2      0.000  0.000  0.000  0.000  0.000  0.000  0.000 -0.500       
grp1:IDR1    0.000  0.000  0.000  0.000  0.000  0.000  0.000  0.000  0.000
grp1:IDR2    0.000  0.000  0.000  0.000  0.000  0.000  0.000  0.000  0.000
S1:IDR1      0.000  0.000  0.000  0.000  0.000  0.000  0.000  0.000  0.000
S2:IDR1      0.000  0.000  0.000  0.000  0.000  0.000  0.000  0.000  0.000
S1:IDR2      0.000  0.000  0.000  0.000  0.000  0.000  0.000  0.000  0.000
S2:IDR2      0.000  0.000  0.000  0.000  0.000  0.000  0.000  0.000  0.000
grp1:IDL1    0.000  0.000  0.000  0.000  0.000  0.000  0.000  0.000  0.000
S1:IDL1      0.000  0.000  0.000  0.000  0.000  0.000  0.000  0.000  0.000
S2:IDL1      0.000  0.000  0.000  0.000  0.000  0.000  0.000  0.000  0.000
IDR1:IDL1    0.000  0.000  0.000  0.000  0.000  0.000  0.000  0.000  0.000
IDR2:IDL1    0.000  0.000  0.000  0.000  0.000  0.000  0.000  0.000  0.000
gr1:S1:IDR1  0.000  0.000  0.000  0.000  0.000  0.000  0.000  0.000  0.000
gr1:S2:IDR1  0.000  0.000  0.000  0.000  0.000  0.000  0.000  0.000  0.000
gr1:S1:IDR2  0.000  0.000  0.000  0.000  0.000  0.000  0.000  0.000  0.000
gr1:S2:IDR2  0.000  0.000  0.000  0.000  0.000  0.000  0.000  0.000  0.000
gr1:S1:IDL1  0.000  0.000  0.000  0.000  0.000  0.000  0.000  0.000  0.000
gr1:S2:IDL1  0.000  0.000  0.000  0.000  0.000  0.000  0.000  0.000  0.000
g1:IDR1:IDL  0.000  0.000  0.000  0.000  0.000  0.000  0.000  0.000  0.000
g1:IDR2:IDL  0.000  0.000  0.000  0.000  0.000  0.000  0.000  0.000  0.000
S1:IDR1:IDL  0.000  0.000  0.000  0.000  0.000  0.000  0.000  0.000  0.000
S2:IDR1:IDL  0.000  0.000  0.000  0.000  0.000  0.000  0.000  0.000  0.000
S1:IDR2:IDL  0.000  0.000  0.000  0.000  0.000  0.000  0.000  0.000  0.000
S2:IDR2:IDL  0.000  0.000  0.000  0.000  0.000  0.000  0.000  0.000  0.000
g1:S1:IDR1:  0.000  0.000  0.000  0.000  0.000  0.000  0.000  0.000  0.000
g1:S2:IDR1:  0.000  0.000  0.000  0.000  0.000  0.000  0.000  0.000  0.000
g1:S1:IDR2:  0.000  0.000  0.000  0.000  0.000  0.000  0.000  0.000  0.000
g1:S2:IDR2:  0.000  0.000  0.000  0.000  0.000  0.000  0.000  0.000  0.000
            gr1:IDR1 gr1:IDR2 S1:IDR1 S2:IDR1 S1:IDR2 S2:IDR2 g1:IDL S1:IDL
grp1                                                                       
S1                                                                         
S2                                                                         
IDR1                                                                       
IDR2                                                                       
IDL1                                                                       
grp1:S1                                                                    
grp1:S2                                                                    
grp1:IDR1                                                                  
grp1:IDR2   -0.500                                                         
S1:IDR1      0.000    0.000                                                
S2:IDR1      0.000    0.000   -0.500                                       
S1:IDR2      0.000    0.000   -0.500   0.250                               
S2:IDR2      0.000    0.000    0.250  -0.500  -0.500                       
grp1:IDL1    0.000    0.000    0.000   0.000   0.000   0.000               
S1:IDL1      0.000    0.000    0.000   0.000   0.000   0.000   0.000       
S2:IDL1      0.000    0.000    0.000   0.000   0.000   0.000   0.000 -0.500
IDR1:IDL1    0.000    0.000    0.000   0.000   0.000   0.000   0.000  0.000
IDR2:IDL1    0.000    0.000    0.000   0.000   0.000   0.000   0.000  0.000
gr1:S1:IDR1  0.000    0.000    0.000   0.000   0.000   0.000   0.000  0.000
gr1:S2:IDR1  0.000    0.000    0.000   0.000   0.000   0.000   0.000  0.000
gr1:S1:IDR2  0.000    0.000    0.000   0.000   0.000   0.000   0.000  0.000
gr1:S2:IDR2  0.000    0.000    0.000   0.000   0.000   0.000   0.000  0.000
gr1:S1:IDL1  0.000    0.000    0.000   0.000   0.000   0.000   0.000  0.000
gr1:S2:IDL1  0.000    0.000    0.000   0.000   0.000   0.000   0.000  0.000
g1:IDR1:IDL  0.000    0.000    0.000   0.000   0.000   0.000   0.000  0.000
g1:IDR2:IDL  0.000    0.000    0.000   0.000   0.000   0.000   0.000  0.000
S1:IDR1:IDL  0.000    0.000    0.000   0.000   0.000   0.000   0.000  0.000
S2:IDR1:IDL  0.000    0.000    0.000   0.000   0.000   0.000   0.000  0.000
S1:IDR2:IDL  0.000    0.000    0.000   0.000   0.000   0.000   0.000  0.000
S2:IDR2:IDL  0.000    0.000    0.000   0.000   0.000   0.000   0.000  0.000
g1:S1:IDR1:  0.000    0.000    0.000   0.000   0.000   0.000   0.000  0.000
g1:S2:IDR1:  0.000    0.000    0.000   0.000   0.000   0.000   0.000  0.000
g1:S1:IDR2:  0.000    0.000    0.000   0.000   0.000   0.000   0.000  0.000
g1:S2:IDR2:  0.000    0.000    0.000   0.000   0.000   0.000   0.000  0.000
            S2:IDL IDR1:I IDR2:I gr1:S1:IDR1 gr1:S2:IDR1 gr1:S1:IDR2
grp1                                                                
S1                                                                  
S2                                                                  
IDR1                                                                
IDR2                                                                
IDL1                                                                
grp1:S1                                                             
grp1:S2                                                             
grp1:IDR1                                                           
grp1:IDR2                                                           
S1:IDR1                                                             
S2:IDR1                                                             
S1:IDR2                                                             
S2:IDR2                                                             
grp1:IDL1                                                           
S1:IDL1                                                             
S2:IDL1                                                             
IDR1:IDL1    0.000                                                  
IDR2:IDL1    0.000 -0.500                                           
gr1:S1:IDR1  0.000  0.000  0.000                                    
gr1:S2:IDR1  0.000  0.000  0.000 -0.500                             
gr1:S1:IDR2  0.000  0.000  0.000 -0.500       0.250                 
gr1:S2:IDR2  0.000  0.000  0.000  0.250      -0.500      -0.500     
gr1:S1:IDL1  0.000  0.000  0.000  0.000       0.000       0.000     
gr1:S2:IDL1  0.000  0.000  0.000  0.000       0.000       0.000     
g1:IDR1:IDL  0.000  0.000  0.000  0.000       0.000       0.000     
g1:IDR2:IDL  0.000  0.000  0.000  0.000       0.000       0.000     
S1:IDR1:IDL  0.000  0.000  0.000  0.000       0.000       0.000     
S2:IDR1:IDL  0.000  0.000  0.000  0.000       0.000       0.000     
S1:IDR2:IDL  0.000  0.000  0.000  0.000       0.000       0.000     
S2:IDR2:IDL  0.000  0.000  0.000  0.000       0.000       0.000     
g1:S1:IDR1:  0.000  0.000  0.000  0.000       0.000       0.000     
g1:S2:IDR1:  0.000  0.000  0.000  0.000       0.000       0.000     
g1:S1:IDR2:  0.000  0.000  0.000  0.000       0.000       0.000     
g1:S2:IDR2:  0.000  0.000  0.000  0.000       0.000       0.000     
            gr1:S2:IDR2 g1:S1:IDL g1:S2:IDL g1:IDR1: g1:IDR2: S1:IDR1: S2:IDR1:
grp1                                                                           
S1                                                                             
S2                                                                             
IDR1                                                                           
IDR2                                                                           
IDL1                                                                           
grp1:S1                                                                        
grp1:S2                                                                        
grp1:IDR1                                                                      
grp1:IDR2                                                                      
S1:IDR1                                                                        
S2:IDR1                                                                        
S1:IDR2                                                                        
S2:IDR2                                                                        
grp1:IDL1                                                                      
S1:IDL1                                                                        
S2:IDL1                                                                        
IDR1:IDL1                                                                      
IDR2:IDL1                                                                      
gr1:S1:IDR1                                                                    
gr1:S2:IDR1                                                                    
gr1:S1:IDR2                                                                    
gr1:S2:IDR2                                                                    
gr1:S1:IDL1  0.000                                                             
gr1:S2:IDL1  0.000      -0.500                                                 
g1:IDR1:IDL  0.000       0.000     0.000                                       
g1:IDR2:IDL  0.000       0.000     0.000    -0.500                             
S1:IDR1:IDL  0.000       0.000     0.000     0.000    0.000                    
S2:IDR1:IDL  0.000       0.000     0.000     0.000    0.000   -0.500           
S1:IDR2:IDL  0.000       0.000     0.000     0.000    0.000   -0.500    0.250  
S2:IDR2:IDL  0.000       0.000     0.000     0.000    0.000    0.250   -0.500  
g1:S1:IDR1:  0.000       0.000     0.000     0.000    0.000    0.000    0.000  
g1:S2:IDR1:  0.000       0.000     0.000     0.000    0.000    0.000    0.000  
g1:S1:IDR2:  0.000       0.000     0.000     0.000    0.000    0.000    0.000  
g1:S2:IDR2:  0.000       0.000     0.000     0.000    0.000    0.000    0.000  
            S1:IDR2: S2:IDR2: g1:S1:IDR1: g1:S2:IDR1: g1:S1:IDR2:
grp1                                                             
S1                                                               
S2                                                               
IDR1                                                             
IDR2                                                             
IDL1                                                             
grp1:S1                                                          
grp1:S2                                                          
grp1:IDR1                                                        
grp1:IDR2                                                        
S1:IDR1                                                          
S2:IDR1                                                          
S1:IDR2                                                          
S2:IDR2                                                          
grp1:IDL1                                                        
S1:IDL1                                                          
S2:IDL1                                                          
IDR1:IDL1                                                        
IDR2:IDL1                                                        
gr1:S1:IDR1                                                      
gr1:S2:IDR1                                                      
gr1:S1:IDR2                                                      
gr1:S2:IDR2                                                      
gr1:S1:IDL1                                                      
gr1:S2:IDL1                                                      
g1:IDR1:IDL                                                      
g1:IDR2:IDL                                                      
S1:IDR1:IDL                                                      
S2:IDR1:IDL                                                      
S1:IDR2:IDL                                                      
S2:IDR2:IDL -0.500                                               
g1:S1:IDR1:  0.000    0.000                                      
g1:S2:IDR1:  0.000    0.000   -0.500                             
g1:S1:IDR2:  0.000    0.000   -0.500       0.250                 
g1:S2:IDR2:  0.000    0.000    0.250      -0.500      -0.500     
