[1] "Summary by group"
  grp HarmonicityDownL.m HarmonicityDownL.s
1   C          0.3028782          0.3826940
2   U          0.4122203          0.4369999
[1] "Summary by session\n"
  S HarmonicityDownL.m HarmonicityDownL.s
1 1          0.2885460          0.3748353
2 2          0.3785250          0.4273395
3 3          0.4055767          0.4306092
[1] "Summary by IDR+IDR\n"
  IDL IDR HarmonicityDownL.m HarmonicityDownL.s
1   D   D         0.08458092         0.08170982
2   D   M         0.08252069         0.07316499
3   D   E         0.07639910         0.05617796
4   E   D         0.28789777         0.39856594
5   E   M         0.68275228         0.38672850
6   E   E         0.93114467         0.19508026
[1] "Summary by group + Session\n"
  grp S HarmonicityDownL.m HarmonicityDownL.s
1   C 1          0.2273872          0.3241143
2   C 2          0.3355538          0.4058954
3   C 3          0.3456935          0.4051637
4   U 1          0.3497048          0.4122701
5   U 2          0.4214961          0.4458747
6   U 3          0.4654599          0.4489117
[1] "Summary by Session + IDR + IDL \n"
   S IDL IDR HarmonicityDownL.m HarmonicityDownL.s
1  1   D   D         0.09885373         0.08345804
2  1   D   M         0.09034247         0.10376114
3  1   D   E         0.07239187         0.06901006
4  1   E   D         0.14710510         0.29093116
5  1   E   M         0.45077360         0.40220685
6  1   E   E         0.87180933         0.26885539
7  2   D   D         0.07110567         0.03882403
8  2   D   M         0.07058010         0.04640836
9  2   D   E         0.08039170         0.06122488
10 2   E   D         0.25950393         0.38149143
11 2   E   M         0.81087497         0.31496122
12 2   E   E         0.97869333         0.08118357
13 3   D   D         0.08378337         0.10778748
14 3   D   M         0.08663950         0.05727203
15 3   D   E         0.07641373         0.03378710
16 3   E   D         0.45708427         0.45430391
17 3   E   M         0.78660827         0.33795124
18 3   E   E         0.94293133         0.17831114
[1] "Summary by group + IDR + IDL\n"
   grp IDL IDR HarmonicityDownL.m HarmonicityDownL.s
1    C   D   D         0.08064271         0.06587143
2    C   D   M         0.06630609         0.04481145
3    C   D   E         0.07017893         0.04733823
4    C   E   D         0.07535353         0.05745383
5    C   E   M         0.60048707         0.37085416
6    C   E   E         0.92430089         0.21059254
7    U   D   D         0.08851913         0.09557174
8    U   D   M         0.09873529         0.09100577
9    U   D   E         0.08261927         0.06374642
10   U   E   D         0.50044200         0.47498999
11   U   E   M         0.76501749         0.38876905
12   U   E   E         0.93798844         0.18036770
[1] "Summary by group + Session + IDR + IDL\n"
   grp S IDL IDR HarmonicityDownL.m HarmonicityDownL.s
1    C 1   D   D         0.10156540         0.10245871
2    C 1   D   M         0.07789920         0.06745067
3    C 1   D   E         0.06049133         0.03579250
4    C 1   E   D         0.05415300         0.04075044
5    C 1   E   M         0.25469853         0.26232394
6    C 1   E   E         0.81551600         0.32666768
7    C 2   D   D         0.08250927         0.03710792
8    C 2   D   M         0.05694373         0.02751584
9    C 2   D   E         0.06984993         0.06444330
10   C 2   E   D         0.06267333         0.04077723
11   C 2   E   M         0.78396000         0.29965608
12   C 2   E   E         0.95738667         0.11260334
13   C 3   D   D         0.05785347         0.02707411
14   C 3   D   M         0.06407533         0.02758809
15   C 3   D   E         0.08019553         0.03742516
16   C 3   E   D         0.10923427         0.07188375
17   C 3   E   M         0.76280267         0.28501394
18   C 3   E   E         1.00000000         0.00000000
19   U 1   D   D         0.09614207         0.06256567
20   U 1   D   M         0.10278573         0.13198633
21   U 1   D   E         0.08429240         0.09099651
22   U 1   E   D         0.24005720         0.39389412
23   U 1   E   M         0.64684867         0.42883425
24   U 1   E   E         0.92810267         0.19033437
25   U 2   D   D         0.05970207         0.03829642
26   U 2   D   M         0.08421647         0.05749542
27   U 2   D   E         0.09093347         0.05808311
28   U 2   E   D         0.45633453         0.46560162
29   U 2   E   M         0.83778993         0.33784731
30   U 2   E   E         1.00000000         0.00000000
31   U 3   D   D         0.10971327         0.14796070
32   U 3   D   M         0.10920367         0.07030179
33   U 3   D   E         0.07263193         0.03055138
34   U 3   E   D         0.80493427         0.40382446
35   U 3   E   M         0.81041387         0.39259737
36   U 3   E   E         0.88586267         0.24265584
