[1] "accTimeRrel ~S*IDR*IDL*grp + Error(pp/(S*IDR*IDL))"
$ANOVA
          Effect DFn DFd          F            p p<.05         ges
2            grp   1   8  0.7457472 4.129664e-01       0.038827249
3              S   2  16  0.1638940 8.502391e-01       0.001612053
5            IDR   2  16 51.7381470 1.034441e-07     * 0.671882480
7            IDL   1   8 29.3646478 6.316147e-04     * 0.130649447
4          grp:S   2  16  0.1402114 8.702308e-01       0.001379433
6        grp:IDR   2  16  1.5088099 2.510213e-01       0.056350560
8        grp:IDL   1   8  2.5498354 1.489726e-01       0.012881583
9          S:IDR   4  32  4.4256588 5.838776e-03     * 0.020838242
11         S:IDL   2  16  3.8340636 4.361629e-02     * 0.017648777
13       IDR:IDL   2  16  6.5954860 8.146506e-03     * 0.014931304
10     grp:S:IDR   4  32  1.5179078 2.203982e-01       0.007246289
12     grp:S:IDL   2  16  2.4438573 1.185311e-01       0.011321899
14   grp:IDR:IDL   2  16  0.5469684 5.891462e-01       0.001255455
15     S:IDR:IDL   4  32  2.4230797 6.845488e-02       0.010766219
16 grp:S:IDR:IDL   4  32  0.8441554 5.076584e-01       0.003777248

$`Mauchly's Test for Sphericity`
          Effect         W            p p<.05
3              S 0.8880339 0.6599383754      
4          grp:S 0.8880339 0.6599383754      
5            IDR 0.1129527 0.0004843267     *
6        grp:IDR 0.1129527 0.0004843267     *
9          S:IDR 0.1174576 0.1456239036      
10     grp:S:IDR 0.1174576 0.1456239036      
11         S:IDL 0.6108307 0.1781242360      
12     grp:S:IDL 0.6108307 0.1781242360      
13       IDR:IDL 0.6425254 0.2126258422      
14   grp:IDR:IDL 0.6425254 0.2126258422      
15     S:IDR:IDL 0.1380982 0.1921253608      
16 grp:S:IDR:IDL 0.1380982 0.1921253608      

$`Sphericity Corrections`
          Effect       GGe        p[GG] p[GG]<.05       HFe        p[HF]
3              S 0.8993080 0.8289248061           1.1439014 8.502391e-01
4          grp:S 0.8993080 0.8496978665           1.1439014 8.702308e-01
5            IDR 0.5299284 0.0000616919         * 0.5431236 5.146943e-05
6        grp:IDR 0.5299284 0.2548653550           0.5431236 2.550875e-01
9          S:IDR 0.5311698 0.0266191917         * 0.7285607 1.393565e-02
10     grp:S:IDR 0.5311698 0.2476035157           0.7285607 2.366077e-01
11         S:IDL 0.7198547 0.0637468382           0.8351295 5.450192e-02
12     grp:S:IDL 0.7198547 0.1392397635           0.8351295 1.304011e-01
13       IDR:IDL 0.7366620 0.0169791384         * 0.8626073 1.193125e-02
14   grp:IDR:IDL 0.7366620 0.5406499430           0.8626073 5.655688e-01
15     S:IDR:IDL 0.5829315 0.1095470186           0.8373597 8.207128e-02
16 grp:S:IDR:IDL 0.5829315 0.4615738344           0.8373597 4.925898e-01
   p[HF]<.05
3           
4           
5          *
6           
9          *
10          
11          
12          
13         *
14          
15          
16          

