[1] "IDefL ~S*IDR*IDL*grp + Error(pp/(S*IDR*IDL))"
$ANOVA
          Effect DFn DFd            F            p p<.05         ges
2            grp   1   8    1.2078014 3.037382e-01       0.036340670
3              S   2  16    0.8888288 4.304905e-01       0.022321170
4          grp:S   2  16    0.3525543 7.082155e-01       0.008974566
5            IDR   2  16    7.2023790 5.880679e-03     * 0.099781797
6        grp:IDR   2  16    2.0670934 1.590329e-01       0.030830970
7            IDL   1   8 2326.2096490 3.777938e-11     * 0.922772825
8        grp:IDL   1   8    2.1401263 1.816377e-01       0.010873443
9          S:IDR   4  32    1.0093869 4.171806e-01       0.017279152
10     grp:S:IDR   4  32    1.2874472 2.955822e-01       0.021934708
11         S:IDL   2  16    0.4784952 6.283038e-01       0.005095235
12     grp:S:IDL   2  16    2.7946171 9.100431e-02       0.029042087
13       IDR:IDL   2  16    5.6840986 1.364553e-02     * 0.053362775
14   grp:IDR:IDL   2  16    4.7419823 2.414482e-02     * 0.044915372
15     S:IDR:IDL   4  32    1.7482099 1.637886e-01       0.016378523
16 grp:S:IDR:IDL   4  32    0.8952940 4.781639e-01       0.008455341

$`Mauchly's Test for Sphericity`
          Effect         W           p p<.05
3              S 0.4931543 0.084224775      
4          grp:S 0.4931543 0.084224775      
5            IDR 0.2454181 0.007322727     *
6        grp:IDR 0.2454181 0.007322727     *
9          S:IDR 0.0907430 0.091325747      
10     grp:S:IDR 0.0907430 0.091325747      
11         S:IDL 0.9655166 0.884421272      
12     grp:S:IDL 0.9655166 0.884421272      
13       IDR:IDL 0.4289128 0.051676296      
14   grp:IDR:IDL 0.4289128 0.051676296      
15     S:IDR:IDL 0.2990641 0.575906818      
16 grp:S:IDR:IDL 0.2990641 0.575906818      

$`Sphericity Corrections`
          Effect       GGe      p[GG] p[GG]<.05       HFe      p[HF] p[HF]<.05
3              S 0.6636380 0.39750453           0.7452341 0.40706847          
4          grp:S 0.6636380 0.62563099           0.7452341 0.64900357          
5            IDR 0.5699363 0.02227425         * 0.6019461 0.02014431         *
6        grp:IDR 0.5699363 0.18484076           0.6019461 0.18306206          
9          S:IDR 0.5065830 0.38719004           0.6795234 0.40143573          
10     grp:S:IDR 0.5065830 0.30313498           0.6795234 0.30246772          
11         S:IDL 0.9666661 0.62232905           1.2692297 0.62830376          
12     grp:S:IDL 0.9666661 0.09338509           1.2692297 0.09100431          
13       IDR:IDL 0.6365019 0.03198805         * 0.7029166 0.02733602         *
14   grp:IDR:IDL 0.6365019 0.04732526         * 0.7029166 0.04180848         *
15     S:IDR:IDL 0.6124671 0.19590025           0.9030784 0.17134814          
16 grp:S:IDR:IDL 0.6124671 0.44320130           0.9030784 0.47105476          

