Post-hoc Tukey comparisons[1] "grp Tukey test"

	Pairwise comparisons using paired t tests 

data:  mdata$IDefL and mdata$grp 

  C     
U 0.0028

P value adjustment method: bonferroni 
[1] "S Tukey test"

	Pairwise comparisons using paired t tests 

data:  mdata$IDefL and mdata$S 

  1    2   
2 0.16 -   
3 0.04 1.00

P value adjustment method: bonferroni 
[1] "IDR Tukey test"

	Pairwise comparisons using paired t tests 

data:  mdata$IDefL and mdata$IDR 

  D       M      
M 1       -      
E 2.2e-05 1.3e-05

P value adjustment method: bonferroni 
[1] "IDL Tukey test"
