[1] "Summary by group"
  grp  IDefL.m  IDefL.s
1   C 4.544568 1.082006
2   U 4.428869 1.159757
[1] "Summary by session\n"
  S  IDefL.m  IDefL.s
1 1 4.425383 1.086673
2 2 4.502636 1.106454
3 3 4.532136 1.174552
[1] "Summary by IDR+IDR\n"
  IDL IDR  IDefL.m   IDefL.s
1   D   D 5.516174 0.3633476
2   D   M 5.563393 0.3546476
3   D   E 5.469811 0.4700523
4   E   D 3.612298 0.5243306
5   E   M 3.534988 0.4185604
6   E   E 3.223644 0.4142169
[1] "Summary by group + Session\n"
  grp S  IDefL.m  IDefL.s
1   C 1 4.519841 1.108625
2   C 2 4.528028 1.065947
3   C 3 4.585834 1.081949
4   U 1 4.330924 1.062021
5   U 2 4.477243 1.150952
6   U 3 4.478438 1.264201
[1] "Summary by Session + IDR + IDL \n"
   S IDL IDR  IDefL.m   IDefL.s
1  1   D   D 5.362803 0.4620395
2  1   D   M 5.508087 0.2560957
3  1   D   E 5.434700 0.2454183
4  1   E   D 3.515810 0.4694318
5  1   E   M 3.543450 0.4172428
6  1   E   E 3.187447 0.3655153
7  2   D   D 5.568280 0.2711660
8  2   D   M 5.525293 0.4803991
9  2   D   E 5.474670 0.2976982
10 2   E   D 3.578903 0.4825358
11 2   E   M 3.625797 0.4467720
12 2   E   E 3.242870 0.4210209
13 3   D   D 5.617440 0.2835617
14 3   D   M 5.656800 0.2755704
15 3   D   E 5.500063 0.7259369
16 3   E   D 3.742180 0.6019014
17 3   E   M 3.435717 0.3810050
18 3   E   E 3.240617 0.4622379
[1] "Summary by group + IDR + IDL\n"
   grp IDL IDR  IDefL.m   IDefL.s
1    C   D   D 5.558158 0.2861856
2    C   D   M 5.562129 0.2509628
3    C   D   E 5.508940 0.2411107
4    C   E   D 3.759756 0.5174472
5    C   E   M 3.728482 0.3564014
6    C   E   E 3.149942 0.4456430
7    U   D   D 5.474191 0.4260704
8    U   D   M 5.564658 0.4375189
9    U   D   E 5.430682 0.6210102
10   U   E   D 3.464840 0.4938278
11   U   E   M 3.341493 0.3882826
12   U   E   E 3.297347 0.3705969
[1] "Summary by group + Session + IDR + IDL\n"
   grp S IDL IDR  IDefL.m   IDefL.s
1    C 1   D   D 5.540033 0.2287684
2    C 1   D   M 5.600847 0.2069392
3    C 1   D   E 5.544120 0.2280215
4    C 1   E   D 3.597813 0.4321492
5    C 1   E   M 3.726533 0.3190636
6    C 1   E   E 3.109700 0.4130199
7    C 2   D   D 5.521620 0.2620195
8    C 2   D   M 5.536613 0.2558382
9    C 2   D   E 5.491607 0.2863485
10   C 2   E   D 3.606693 0.4568464
11   C 2   E   M 3.854493 0.3200352
12   C 2   E   E 3.157140 0.3800756
13   C 3   D   D 5.612820 0.3625382
14   C 3   D   M 5.548927 0.2952576
15   C 3   D   E 5.491093 0.2161704
16   C 3   E   D 4.074760 0.5352831
17   C 3   E   M 3.604420 0.4018456
18   C 3   E   E 3.182987 0.5533180
19   U 1   D   D 5.185573 0.5679493
20   U 1   D   M 5.415327 0.2731169
21   U 1   D   E 5.325280 0.2170548
22   U 1   E   D 3.433807 0.5052824
23   U 1   E   M 3.360367 0.4324223
24   U 1   E   E 3.265193 0.3052996
25   U 2   D   D 5.614940 0.2810599
26   U 2   D   M 5.513973 0.6421241
27   U 2   D   E 5.457733 0.3177556
28   U 2   E   D 3.551113 0.5214878
29   U 2   E   M 3.397100 0.4460597
30   U 2   E   E 3.328600 0.4549415
31   U 3   D   D 5.622060 0.1872916
32   U 3   D   M 5.764673 0.2125784
33   U 3   D   E 5.509033 1.0221098
34   U 3   E   D 3.409600 0.4763400
35   U 3   E   M 3.267013 0.2796984
36   U 3   E   E 3.298247 0.3595994
