[1] "accQL ~(S*DID*grp)+Error(pp/(S*DID))+grp"
$ANOVA
     Effect DFn DFd          F         p p<.05         ges
2       grp   1   8 1.09917590 0.3250853       0.057787317
3         S   2  16 0.08434172 0.9195230       0.003316201
5       DID   2  16 0.76213150 0.4828828       0.010257022
4     grp:S   2  16 2.07826397 0.1576283       0.075773952
6   grp:DID   2  16 0.25386629 0.7788619       0.003440150
7     S:DID   4  32 0.24816363 0.9086448       0.003993080
8 grp:S:DID   4  32 0.81820937 0.5231263       0.013045750

$`Mauchly's Test for Sphericity`
     Effect          W          p p<.05
3         S 0.36923905 0.03058980     *
4     grp:S 0.36923905 0.03058980     *
5       DID 0.31740955 0.01801648     *
6   grp:DID 0.31740955 0.01801648     *
7     S:DID 0.04579505 0.02318520     *
8 grp:S:DID 0.04579505 0.02318520     *

$`Sphericity Corrections`
     Effect       GGe     p[GG] p[GG]<.05       HFe     p[HF] p[HF]<.05
3         S 0.6132107 0.8264478           0.6671357 0.8448214          
4     grp:S 0.6132107 0.1812510           0.6671357 0.1780652          
5       DID 0.5943217 0.4268691           0.6384771 0.4346282          
6   grp:DID 0.5943217 0.6662269           0.6384771 0.6820788          
7     S:DID 0.6038829 0.8212914           0.8836914 0.8896191          
8 grp:S:DID 0.6038829 0.4764667           0.8836914 0.5116747          

