[1] "Summary by group"
  grp   accQL.m    accQL.s
1   C 0.3581411 0.04084825
2   U 0.3414413 0.03535435
[1] "Summary by session\n"
  S   accQL.m    accQL.s
1 1 0.3478433 0.03191978
2 2 0.3490836 0.03489598
3 3 0.3524468 0.04855509
[1] "Summary by DID\n"
  DID   accQL.m    accQL.s
1   1 0.3546438 0.02857223
2   2 0.3474689 0.03958761
3   3 0.3472610 0.04675876
[1] "Summary by group + Session\n"
  grp S   accQL.m    accQL.s
1   C 1 0.3470893 0.02097340
2   C 2 0.3531740 0.03955037
3   C 3 0.3741600 0.05162248
4   U 1 0.3485973 0.04024742
5   U 2 0.3449931 0.02940541
6   U 3 0.3307336 0.03375701
[1] "Summary by Session + DID\n"
  S DID   accQL.m    accQL.s
1 1   1 0.3550937 0.01552840
2 1   2 0.3441137 0.03752681
3 1   3 0.3443227 0.03736174
4 2   1 0.3555730 0.02515896
5 2   2 0.3450690 0.03176689
6 2   3 0.3466087 0.04503872
7 3   1 0.3532647 0.04035151
8 3   2 0.3532240 0.04837721
9 3   3 0.3508517 0.05712122
[1] "Summary by group + DID\n"
  grp DID   accQL.m    accQL.s
1   C   1 0.3654227 0.02806974
2   C   2 0.3558131 0.04232590
3   C   3 0.3531876 0.04916631
4   U   1 0.3438649 0.02501476
5   U   2 0.3391247 0.03515788
6   U   3 0.3413344 0.04396911
[1] "Summary by group + Session + DID\n"
   grp S DID   accQL.m    accQL.s
1    C 1   1 0.3524567 0.01820373
2    C 1   2 0.3462607 0.02632701
3    C 1   3 0.3425507 0.01744508
4    C 2   1 0.3674400 0.02449136
5    C 2   2 0.3500147 0.03471933
6    C 2   3 0.3420673 0.05244024
7    C 3   1 0.3763713 0.03510222
8    C 3   2 0.3711640 0.05784079
9    C 3   3 0.3749447 0.06149878
10   U 1   1 0.3577307 0.01237777
11   U 1   2 0.3419667 0.04705448
12   U 1   3 0.3460947 0.05079810
13   U 2   1 0.3437060 0.02023767
14   U 2   2 0.3401233 0.02885318
15   U 2   3 0.3511500 0.03751922
16   U 3   1 0.3301580 0.03156763
17   U 3   2 0.3352840 0.02850713
18   U 3   3 0.3267587 0.04162641
