[1] "IPerfEfRrel ~(S*IDR*IDL*grp)+Error(pp/(S*IDR*IDL))+grp"
$ANOVA
          Effect DFn DFd            F           p p<.05          ges
2            grp   1   8 9.120979e-01 0.367522331       3.782257e-02
3              S   2  16 1.595846e+00 0.233374771       1.791910e-02
4          grp:S   2  16 4.556211e-01 0.642030671       5.182335e-03
5            IDR   2  16 1.032110e+01 0.001321626     * 1.366907e-01
6        grp:IDR   2  16 6.631136e-01 0.528844268       1.007022e-02
7            IDL   1   8 2.074997e-06 0.998885932       1.213235e-08
8        grp:IDL   1   8 1.036551e+00 0.338423335       6.024128e-03
9          S:IDR   4  32 3.374903e+00 0.020593473     * 2.988823e-02
10     grp:S:IDR   4  32 2.620451e-01 0.900091911       2.386467e-03
11         S:IDL   2  16 1.419048e+00 0.270809552       3.576918e-03
12     grp:S:IDL   2  16 1.090622e+00 0.359725498       2.751350e-03
13       IDR:IDL   2  16 4.421924e-01 0.650246378       8.078382e-03
14   grp:IDR:IDL   2  16 1.164217e-01 0.890846862       2.139635e-03
15     S:IDR:IDL   4  32 1.678558e+00 0.179214561       3.122968e-02
16 grp:S:IDR:IDL   4  32 5.907334e-01 0.671771606       1.121766e-02

$`Mauchly's Test for Sphericity`
          Effect         W           p p<.05
3              S 0.8339806 0.529719307      
4          grp:S 0.8339806 0.529719307      
5            IDR 0.2333746 0.006140274     *
6        grp:IDR 0.2333746 0.006140274     *
9          S:IDR 0.1481886 0.215863192      
10     grp:S:IDR 0.1481886 0.215863192      
11         S:IDL 0.8630174 0.597129476      
12     grp:S:IDL 0.8630174 0.597129476      
13       IDR:IDL 0.3398639 0.022885886     *
14   grp:IDR:IDL 0.3398639 0.022885886     *
15     S:IDR:IDL 0.1005675 0.110355706      
16 grp:S:IDR:IDL 0.1005675 0.110355706      

$`Sphericity Corrections`
          Effect       GGe       p[GG] p[GG]<.05       HFe       p[HF]
3              S 0.8576187 0.237479995           1.0690249 0.233374771
4          grp:S 0.8576187 0.614248875           1.0690249 0.642030671
5            IDR 0.5660510 0.009166212         * 0.5961735 0.007997879
6        grp:IDR 0.5660510 0.454925533           0.5961735 0.461592515
9          S:IDR 0.5953574 0.048629220         * 0.8646713 0.027344836
10     grp:S:IDR 0.5953574 0.808164897           0.8646713 0.876826448
11         S:IDL 0.8795210 0.271977563           1.1081133 0.270809552
12     grp:S:IDL 0.8795210 0.354733343           1.1081133 0.359725498
13       IDR:IDL 0.6023603 0.557885398           0.6506344 0.571750256
14   grp:IDR:IDL 0.6023603 0.786117230           0.6506344 0.803766312
15     S:IDR:IDL 0.4830455 0.219164238           0.6340681 0.207375188
16 grp:S:IDR:IDL 0.4830455 0.560405769           0.6340681 0.601376116
   p[HF]<.05
3           
4           
5          *
6           
9          *
10          
11          
12          
13          
14          
15          
16          

