                  Estimate MCMCmean HPD95lower HPD95upper pMCMC Pr(>|t|)
(Intercept)         0.7769   0.7774     0.7551     0.7976 0.001   0.0000
grp1                0.0077   0.0078    -0.0120     0.0272 0.460   0.4422
S1                 -0.0228  -0.0230    -0.0323    -0.0126 0.001   0.0001
S2                  0.0060   0.0061    -0.0031     0.0170 0.252   0.3059
IDR1               -0.0278  -0.0278    -0.0342    -0.0207 0.001   0.0000
IDR2                0.0060   0.0060    -0.0003     0.0132 0.078   0.1009
IDL1               -0.0254  -0.0255    -0.0323    -0.0186 0.001   0.0000
grp1:S1            -0.0022  -0.0022    -0.0121     0.0082 0.662   0.7131
grp1:S2            -0.0054  -0.0054    -0.0155     0.0043 0.312   0.3605
grp1:IDR1          -0.0011  -0.0011    -0.0090     0.0050 0.746   0.7690
grp1:IDR2           0.0054   0.0056    -0.0016     0.0119 0.110   0.1418
S1:IDR1            -0.0092  -0.0092    -0.0168    -0.0026 0.012   0.0603
S2:IDR1            -0.0015  -0.0015    -0.0089     0.0056 0.682   0.7550
S1:IDR2            -0.0013  -0.0013    -0.0079     0.0064 0.738   0.7967
S2:IDR2             0.0067   0.0068    -0.0006     0.0140 0.074   0.1713
grp1:IDL1           0.0030   0.0030    -0.0045     0.0101 0.408   0.4568
S1:IDL1             0.0050   0.0051     0.0001     0.0102 0.052   0.1458
S2:IDL1            -0.0007  -0.0007    -0.0060     0.0039 0.804   0.8411
IDR1:IDL1           0.0172   0.0172     0.0122     0.0219 0.001   0.0000
IDR2:IDL1          -0.0069  -0.0069    -0.0121    -0.0017 0.010   0.0462
grp1:S1:IDR1        0.0048   0.0050    -0.0017     0.0114 0.164   0.3218
grp1:S2:IDR1       -0.0081  -0.0083    -0.0155    -0.0015 0.018   0.0973
grp1:S1:IDR2       -0.0031  -0.0032    -0.0100     0.0049 0.376   0.5298
grp1:S2:IDR2       -0.0025  -0.0021    -0.0085     0.0055 0.576   0.6084
grp1:S1:IDL1        0.0004   0.0004    -0.0046     0.0054 0.920   0.9170
grp1:S2:IDL1       -0.0061  -0.0062    -0.0110    -0.0013 0.010   0.0791
grp1:IDR1:IDL1     -0.0031  -0.0031    -0.0085     0.0023 0.244   0.3682
grp1:IDR2:IDL1     -0.0028  -0.0029    -0.0077     0.0022 0.248   0.4195
S1:IDR1:IDL1       -0.0042  -0.0043    -0.0110     0.0028 0.244   0.3889
S2:IDR1:IDL1        0.0033   0.0034    -0.0035     0.0106 0.354   0.5010
S1:IDR2:IDL1        0.0058   0.0058    -0.0012     0.0127 0.084   0.2311
S2:IDR2:IDL1       -0.0001  -0.0001    -0.0076     0.0065 0.972   0.9782
grp1:S1:IDR1:IDL1   0.0002   0.0001    -0.0072     0.0073 0.998   0.9597
grp1:S2:IDR1:IDL1   0.0026   0.0027    -0.0045     0.0093 0.452   0.5892
grp1:S1:IDR2:IDL1  -0.0011  -0.0011    -0.0084     0.0059 0.770   0.8265
grp1:S2:IDR2:IDL1  -0.0014  -0.0014    -0.0084     0.0061 0.668   0.7721
NULL
       Length Class      Mode
fixed  6      data.frame list
random 7      data.frame list
Analysis of Variance Table
              Df   Sum Sq  Mean Sq F value
grp            1 0.000695 0.000695  0.5955
S              2 0.018992 0.009496  8.1314
IDR            2 0.074375 0.037188 31.8440
IDL            1 0.046868 0.046868 40.1335
grp:S          2 0.002040 0.001020  0.8735
grp:IDR        2 0.002832 0.001416  1.2127
S:IDR          4 0.009610 0.002403  2.0574
grp:IDL        1 0.000648 0.000648  0.5546
S:IDL          2 0.002911 0.001456  1.2465
IDR:IDL        2 0.029608 0.014804 12.6768
grp:S:IDR      4 0.007418 0.001854  1.5880
grp:S:IDL      2 0.004551 0.002275  1.9484
grp:IDR:IDL    2 0.003412 0.001706  1.4610
S:IDR:IDL      4 0.002875 0.000719  0.6154
grp:S:IDR:IDL  4 0.000588 0.000147  0.1259
Linear mixed model fit by REML 
Formula: get(vname) ~ (1 | pp) + (1 | pp/S) + (1 | pp/IDR) + (1 | pp/IDL) +      (1 | pp/S:IDR:IDL) + grp * S * IDR * IDL 
   Data: mdata 
   AIC   BIC logLik deviance REMLdev
 -1486 -1288  788.9    -1907   -1578
Random effects:
 Groups       Name        Variance   Std.Dev. 
 S:IDR:IDL:pp (Intercept) 6.8091e-04 0.0260943
 IDR:pp       (Intercept) 2.3638e-05 0.0048619
 S:pp         (Intercept) 3.3547e-04 0.0183158
 IDL:pp       (Intercept) 2.0146e-04 0.0141938
 pp           (Intercept) 1.4625e-04 0.0120935
 pp           (Intercept) 1.4626e-04 0.0120937
 pp           (Intercept) 1.4637e-04 0.0120985
 pp           (Intercept) 1.4623e-04 0.0120928
 pp           (Intercept) 1.4630e-04 0.0120955
 Residual                 1.1678e-03 0.0341731
Number of obs: 540, groups: S:IDR:IDL:pp, 180; IDR:pp, 30; S:pp, 30; IDL:pp, 20; pp, 10

Fixed effects:
                    Estimate Std. Error t value
(Intercept)        0.7769216  0.0100571   77.25
grp1               0.0077343  0.0100571    0.77
S1                -0.0227657  0.0058529   -3.89
S2                 0.0059985  0.0058529    1.02
IDR1              -0.0278366  0.0036695   -7.59
IDR2               0.0060306  0.0036695    1.64
IDL1              -0.0253526  0.0040024   -6.33
grp1:S1           -0.0021532  0.0058529   -0.37
grp1:S2           -0.0053572  0.0058529   -0.92
grp1:IDR1         -0.0010781  0.0036695   -0.29
grp1:IDR2          0.0054001  0.0036695    1.47
S1:IDR1           -0.0091826  0.0048766   -1.88
S2:IDR1           -0.0015228  0.0048766   -0.31
S1:IDR2           -0.0012572  0.0048766   -0.26
S2:IDR2            0.0066808  0.0048766    1.37
grp1:IDL1          0.0029803  0.0040024    0.74
S1:IDL1            0.0050230  0.0034483    1.46
S2:IDL1           -0.0006917  0.0034483   -0.20
IDR1:IDL1          0.0172477  0.0034483    5.00
IDR2:IDL1         -0.0068910  0.0034483   -2.00
grp1:S1:IDR1       0.0048363  0.0048766    0.99
grp1:S2:IDR1      -0.0081021  0.0048766   -1.66
grp1:S1:IDR2      -0.0030665  0.0048766   -0.63
grp1:S2:IDR2      -0.0025004  0.0048766   -0.51
grp1:S1:IDL1       0.0003594  0.0034483    0.10
grp1:S2:IDL1      -0.0060668  0.0034483   -1.76
grp1:IDR1:IDL1    -0.0031058  0.0034483   -0.90
grp1:IDR2:IDL1    -0.0027860  0.0034483   -0.81
S1:IDR1:IDL1      -0.0042058  0.0048766   -0.86
S2:IDR1:IDL1       0.0032836  0.0048766    0.67
S1:IDR2:IDL1       0.0058466  0.0048766    1.20
S2:IDR2:IDL1      -0.0001335  0.0048766   -0.03
grp1:S1:IDR1:IDL1  0.0002464  0.0048766    0.05
grp1:S2:IDR1:IDL1  0.0026349  0.0048766    0.54
grp1:S1:IDR2:IDL1 -0.0010697  0.0048766   -0.22
grp1:S2:IDR2:IDL1 -0.0014130  0.0048766   -0.29

Correlation of Fixed Effects:
            (Intr) grp1   S1     S2     IDR1   IDR2   IDL1   gr1:S1 gr1:S2
grp1         0.000                                                        
S1           0.000  0.000                                                 
S2           0.000  0.000 -0.500                                          
IDR1         0.000  0.000  0.000  0.000                                   
IDR2         0.000  0.000  0.000  0.000 -0.500                            
IDL1         0.000  0.000  0.000  0.000  0.000  0.000                     
grp1:S1      0.000  0.000  0.000  0.000  0.000  0.000  0.000              
grp1:S2      0.000  0.000  0.000  0.000  0.000  0.000  0.000 -0.500       
grp1:IDR1    0.000  0.000  0.000  0.000  0.000  0.000  0.000  0.000  0.000
grp1:IDR2    0.000  0.000  0.000  0.000  0.000  0.000  0.000  0.000  0.000
S1:IDR1      0.000  0.000  0.000  0.000  0.000  0.000  0.000  0.000  0.000
S2:IDR1      0.000  0.000  0.000  0.000  0.000  0.000  0.000  0.000  0.000
S1:IDR2      0.000  0.000  0.000  0.000  0.000  0.000  0.000  0.000  0.000
S2:IDR2      0.000  0.000  0.000  0.000  0.000  0.000  0.000  0.000  0.000
grp1:IDL1    0.000  0.000  0.000  0.000  0.000  0.000  0.000  0.000  0.000
S1:IDL1      0.000  0.000  0.000  0.000  0.000  0.000  0.000  0.000  0.000
S2:IDL1      0.000  0.000  0.000  0.000  0.000  0.000  0.000  0.000  0.000
IDR1:IDL1    0.000  0.000  0.000  0.000  0.000  0.000  0.000  0.000  0.000
IDR2:IDL1    0.000  0.000  0.000  0.000  0.000  0.000  0.000  0.000  0.000
gr1:S1:IDR1  0.000  0.000  0.000  0.000  0.000  0.000  0.000  0.000  0.000
gr1:S2:IDR1  0.000  0.000  0.000  0.000  0.000  0.000  0.000  0.000  0.000
gr1:S1:IDR2  0.000  0.000  0.000  0.000  0.000  0.000  0.000  0.000  0.000
gr1:S2:IDR2  0.000  0.000  0.000  0.000  0.000  0.000  0.000  0.000  0.000
gr1:S1:IDL1  0.000  0.000  0.000  0.000  0.000  0.000  0.000  0.000  0.000
gr1:S2:IDL1  0.000  0.000  0.000  0.000  0.000  0.000  0.000  0.000  0.000
g1:IDR1:IDL  0.000  0.000  0.000  0.000  0.000  0.000  0.000  0.000  0.000
g1:IDR2:IDL  0.000  0.000  0.000  0.000  0.000  0.000  0.000  0.000  0.000
S1:IDR1:IDL  0.000  0.000  0.000  0.000  0.000  0.000  0.000  0.000  0.000
S2:IDR1:IDL  0.000  0.000  0.000  0.000  0.000  0.000  0.000  0.000  0.000
S1:IDR2:IDL  0.000  0.000  0.000  0.000  0.000  0.000  0.000  0.000  0.000
S2:IDR2:IDL  0.000  0.000  0.000  0.000  0.000  0.000  0.000  0.000  0.000
g1:S1:IDR1:  0.000  0.000  0.000  0.000  0.000  0.000  0.000  0.000  0.000
g1:S2:IDR1:  0.000  0.000  0.000  0.000  0.000  0.000  0.000  0.000  0.000
g1:S1:IDR2:  0.000  0.000  0.000  0.000  0.000  0.000  0.000  0.000  0.000
g1:S2:IDR2:  0.000  0.000  0.000  0.000  0.000  0.000  0.000  0.000  0.000
            gr1:IDR1 gr1:IDR2 S1:IDR1 S2:IDR1 S1:IDR2 S2:IDR2 g1:IDL S1:IDL
grp1                                                                       
S1                                                                         
S2                                                                         
IDR1                                                                       
IDR2                                                                       
IDL1                                                                       
grp1:S1                                                                    
grp1:S2                                                                    
grp1:IDR1                                                                  
grp1:IDR2   -0.500                                                         
S1:IDR1      0.000    0.000                                                
S2:IDR1      0.000    0.000   -0.500                                       
S1:IDR2      0.000    0.000   -0.500   0.250                               
S2:IDR2      0.000    0.000    0.250  -0.500  -0.500                       
grp1:IDL1    0.000    0.000    0.000   0.000   0.000   0.000               
S1:IDL1      0.000    0.000    0.000   0.000   0.000   0.000   0.000       
S2:IDL1      0.000    0.000    0.000   0.000   0.000   0.000   0.000 -0.500
IDR1:IDL1    0.000    0.000    0.000   0.000   0.000   0.000   0.000  0.000
IDR2:IDL1    0.000    0.000    0.000   0.000   0.000   0.000   0.000  0.000
gr1:S1:IDR1  0.000    0.000    0.000   0.000   0.000   0.000   0.000  0.000
gr1:S2:IDR1  0.000    0.000    0.000   0.000   0.000   0.000   0.000  0.000
gr1:S1:IDR2  0.000    0.000    0.000   0.000   0.000   0.000   0.000  0.000
gr1:S2:IDR2  0.000    0.000    0.000   0.000   0.000   0.000   0.000  0.000
gr1:S1:IDL1  0.000    0.000    0.000   0.000   0.000   0.000   0.000  0.000
gr1:S2:IDL1  0.000    0.000    0.000   0.000   0.000   0.000   0.000  0.000
g1:IDR1:IDL  0.000    0.000    0.000   0.000   0.000   0.000   0.000  0.000
g1:IDR2:IDL  0.000    0.000    0.000   0.000   0.000   0.000   0.000  0.000
S1:IDR1:IDL  0.000    0.000    0.000   0.000   0.000   0.000   0.000  0.000
S2:IDR1:IDL  0.000    0.000    0.000   0.000   0.000   0.000   0.000  0.000
S1:IDR2:IDL  0.000    0.000    0.000   0.000   0.000   0.000   0.000  0.000
S2:IDR2:IDL  0.000    0.000    0.000   0.000   0.000   0.000   0.000  0.000
g1:S1:IDR1:  0.000    0.000    0.000   0.000   0.000   0.000   0.000  0.000
g1:S2:IDR1:  0.000    0.000    0.000   0.000   0.000   0.000   0.000  0.000
g1:S1:IDR2:  0.000    0.000    0.000   0.000   0.000   0.000   0.000  0.000
g1:S2:IDR2:  0.000    0.000    0.000   0.000   0.000   0.000   0.000  0.000
            S2:IDL IDR1:I IDR2:I gr1:S1:IDR1 gr1:S2:IDR1 gr1:S1:IDR2
grp1                                                                
S1                                                                  
S2                                                                  
IDR1                                                                
IDR2                                                                
IDL1                                                                
grp1:S1                                                             
grp1:S2                                                             
grp1:IDR1                                                           
grp1:IDR2                                                           
S1:IDR1                                                             
S2:IDR1                                                             
S1:IDR2                                                             
S2:IDR2                                                             
grp1:IDL1                                                           
S1:IDL1                                                             
S2:IDL1                                                             
IDR1:IDL1    0.000                                                  
IDR2:IDL1    0.000 -0.500                                           
gr1:S1:IDR1  0.000  0.000  0.000                                    
gr1:S2:IDR1  0.000  0.000  0.000 -0.500                             
gr1:S1:IDR2  0.000  0.000  0.000 -0.500       0.250                 
gr1:S2:IDR2  0.000  0.000  0.000  0.250      -0.500      -0.500     
gr1:S1:IDL1  0.000  0.000  0.000  0.000       0.000       0.000     
gr1:S2:IDL1  0.000  0.000  0.000  0.000       0.000       0.000     
g1:IDR1:IDL  0.000  0.000  0.000  0.000       0.000       0.000     
g1:IDR2:IDL  0.000  0.000  0.000  0.000       0.000       0.000     
S1:IDR1:IDL  0.000  0.000  0.000  0.000       0.000       0.000     
S2:IDR1:IDL  0.000  0.000  0.000  0.000       0.000       0.000     
S1:IDR2:IDL  0.000  0.000  0.000  0.000       0.000       0.000     
S2:IDR2:IDL  0.000  0.000  0.000  0.000       0.000       0.000     
g1:S1:IDR1:  0.000  0.000  0.000  0.000       0.000       0.000     
g1:S2:IDR1:  0.000  0.000  0.000  0.000       0.000       0.000     
g1:S1:IDR2:  0.000  0.000  0.000  0.000       0.000       0.000     
g1:S2:IDR2:  0.000  0.000  0.000  0.000       0.000       0.000     
            gr1:S2:IDR2 g1:S1:IDL g1:S2:IDL g1:IDR1: g1:IDR2: S1:IDR1: S2:IDR1:
grp1                                                                           
S1                                                                             
S2                                                                             
IDR1                                                                           
IDR2                                                                           
IDL1                                                                           
grp1:S1                                                                        
grp1:S2                                                                        
grp1:IDR1                                                                      
grp1:IDR2                                                                      
S1:IDR1                                                                        
S2:IDR1                                                                        
S1:IDR2                                                                        
S2:IDR2                                                                        
grp1:IDL1                                                                      
S1:IDL1                                                                        
S2:IDL1                                                                        
IDR1:IDL1                                                                      
IDR2:IDL1                                                                      
gr1:S1:IDR1                                                                    
gr1:S2:IDR1                                                                    
gr1:S1:IDR2                                                                    
gr1:S2:IDR2                                                                    
gr1:S1:IDL1  0.000                                                             
gr1:S2:IDL1  0.000      -0.500                                                 
g1:IDR1:IDL  0.000       0.000     0.000                                       
g1:IDR2:IDL  0.000       0.000     0.000    -0.500                             
S1:IDR1:IDL  0.000       0.000     0.000     0.000    0.000                    
S2:IDR1:IDL  0.000       0.000     0.000     0.000    0.000   -0.500           
S1:IDR2:IDL  0.000       0.000     0.000     0.000    0.000   -0.500    0.250  
S2:IDR2:IDL  0.000       0.000     0.000     0.000    0.000    0.250   -0.500  
g1:S1:IDR1:  0.000       0.000     0.000     0.000    0.000    0.000    0.000  
g1:S2:IDR1:  0.000       0.000     0.000     0.000    0.000    0.000    0.000  
g1:S1:IDR2:  0.000       0.000     0.000     0.000    0.000    0.000    0.000  
g1:S2:IDR2:  0.000       0.000     0.000     0.000    0.000    0.000    0.000  
            S1:IDR2: S2:IDR2: g1:S1:IDR1: g1:S2:IDR1: g1:S1:IDR2:
grp1                                                             
S1                                                               
S2                                                               
IDR1                                                             
IDR2                                                             
IDL1                                                             
grp1:S1                                                          
grp1:S2                                                          
grp1:IDR1                                                        
grp1:IDR2                                                        
S1:IDR1                                                          
S2:IDR1                                                          
S1:IDR2                                                          
S2:IDR2                                                          
grp1:IDL1                                                        
S1:IDL1                                                          
S2:IDL1                                                          
IDR1:IDL1                                                        
IDR2:IDL1                                                        
gr1:S1:IDR1                                                      
gr1:S2:IDR1                                                      
gr1:S1:IDR2                                                      
gr1:S2:IDR2                                                      
gr1:S1:IDL1                                                      
gr1:S2:IDL1                                                      
g1:IDR1:IDL                                                      
g1:IDR2:IDL                                                      
S1:IDR1:IDL                                                      
S2:IDR1:IDL                                                      
S1:IDR2:IDL                                                      
S2:IDR2:IDL -0.500                                               
g1:S1:IDR1:  0.000    0.000                                      
g1:S2:IDR1:  0.000    0.000   -0.500                             
g1:S1:IDR2:  0.000    0.000   -0.500       0.250                 
g1:S2:IDR2:  0.000    0.000    0.250      -0.500      -0.500     
