                  Estimate MCMCmean HPD95lower HPD95upper pMCMC Pr(>|t|)
(Intercept)         0.4141   0.4140     0.3780     0.4501 0.001   0.0000
grp1               -0.0119  -0.0118    -0.0534     0.0236 0.534   0.5197
S1                  0.0607   0.0608     0.0420     0.0779 0.001   0.0000
S2                 -0.0169  -0.0171    -0.0368     0.0004 0.078   0.2107
IDR1                0.1235   0.1237     0.1073     0.1394 0.001   0.0000
IDR2               -0.0065  -0.0064    -0.0246     0.0078 0.422   0.5398
IDL1                0.0731   0.0735     0.0589     0.0893 0.001   0.0000
grp1:S1            -0.0030  -0.0032    -0.0233     0.0149 0.742   0.8246
grp1:S2            -0.0027  -0.0029    -0.0215     0.0158 0.780   0.8421
grp1:IDR1          -0.0292  -0.0297    -0.0466    -0.0127 0.002   0.0063
grp1:IDR2          -0.0037  -0.0038    -0.0223     0.0126 0.674   0.7268
S1:IDR1             0.0062   0.0062    -0.0062     0.0204 0.366   0.5719
S2:IDR1            -0.0121  -0.0123    -0.0247     0.0011 0.078   0.2676
S1:IDR2            -0.0127  -0.0126    -0.0257     0.0021 0.056   0.2462
S2:IDR2             0.0120   0.0122     0.0002     0.0254 0.054   0.2706
grp1:IDL1           0.0259   0.0255     0.0107     0.0413 0.004   0.0113
S1:IDL1             0.0311   0.0309     0.0216     0.0401 0.001   0.0001
S2:IDL1            -0.0026  -0.0026    -0.0128     0.0053 0.602   0.7349
IDR1:IDL1          -0.0024  -0.0025    -0.0122     0.0061 0.610   0.7537
IDR2:IDL1          -0.0135  -0.0136    -0.0225    -0.0047 0.001   0.0802
grp1:S1:IDR1        0.0063   0.0062    -0.0070     0.0185 0.340   0.5620
grp1:S2:IDR1        0.0058   0.0058    -0.0080     0.0181 0.378   0.5950
grp1:S1:IDR2        0.0102   0.0103    -0.0022     0.0237 0.122   0.3502
grp1:S2:IDR2       -0.0088  -0.0090    -0.0220     0.0030 0.190   0.4222
grp1:S1:IDL1       -0.0160  -0.0161    -0.0250    -0.0068 0.002   0.0386
grp1:S2:IDL1       -0.0012  -0.0012    -0.0101     0.0081 0.818   0.8737
grp1:IDR1:IDL1     -0.0088  -0.0090    -0.0188     0.0000 0.062   0.2576
grp1:IDR2:IDL1      0.0105   0.0109     0.0013     0.0203 0.032   0.1750
S1:IDR1:IDL1        0.0190   0.0189     0.0052     0.0311 0.004   0.0831
S2:IDR1:IDL1       -0.0048  -0.0045    -0.0173     0.0068 0.494   0.6612
S1:IDR2:IDL1       -0.0008  -0.0009    -0.0127     0.0134 0.892   0.9439
S2:IDR2:IDL1        0.0085   0.0082    -0.0048     0.0215 0.218   0.4395
grp1:S1:IDR1:IDL1  -0.0051  -0.0054    -0.0176     0.0076 0.422   0.6393
grp1:S2:IDR1:IDL1  -0.0003   0.0002    -0.0144     0.0123 0.980   0.9744
grp1:S1:IDR2:IDL1   0.0080   0.0080    -0.0048     0.0205 0.236   0.4650
grp1:S2:IDR2:IDL1  -0.0070  -0.0072    -0.0208     0.0052 0.272   0.5209
NULL
       Length Class      Mode
fixed  6      data.frame list
random 7      data.frame list
Analysis of Variance Table
              Df   Sum Sq  Mean Sq F value
grp            1 0.000632 0.000632  0.4052
S              2 0.033514 0.016757 10.7463
IDR            2 0.265242 0.132621 85.0512
IDL            1 0.080309 0.080309 51.5032
grp:S          2 0.000277 0.000138  0.0887
grp:IDR        2 0.017876 0.008938  5.7319
S:IDR          4 0.003557 0.000889  0.5703
grp:IDL        1 0.010072 0.010072  6.4592
S:IDL          2 0.031054 0.015527  9.9576
IDR:IDL        2 0.007739 0.003870  2.4816
grp:S:IDR      4 0.005066 0.001266  0.8122
grp:S:IDL      2 0.009677 0.004839  3.1030
grp:IDR:IDL    2 0.003305 0.001653  1.0599
S:IDR:IDL      4 0.008929 0.002232  1.4316
grp:S:IDR:IDL  4 0.001470 0.000367  0.2357
Linear mixed model fit by REML 
Formula: get(vname) ~ (1 | pp) + (1 | pp/S) + (1 | pp/IDR) + (1 | pp/IDL) +      (1 | pp/S:IDR:IDL) + grp * S * IDR * IDL 
   Data: mdata 
   AIC    BIC logLik deviance REMLdev
 -1141 -943.9  616.7    -1503   -1233
Random effects:
 Groups       Name        Variance   Std.Dev.
 S:IDR:IDL:pp (Intercept) 0.00484815 0.069629
 IDR:pp       (Intercept) 0.00080881 0.028440
 S:pp         (Intercept) 0.00184349 0.042936
 IDL:pp       (Intercept) 0.00147752 0.038439
 pp           (Intercept) 0.00029618 0.017210
 pp           (Intercept) 0.00029616 0.017209
 pp           (Intercept) 0.00029617 0.017210
 pp           (Intercept) 0.00029617 0.017210
 pp           (Intercept) 0.00029618 0.017210
 Residual                 0.00155931 0.039488
Number of obs: 540, groups: S:IDR:IDL:pp, 180; IDR:pp, 30; S:pp, 30; IDL:pp, 20; pp, 10

Fixed effects:
                    Estimate Std. Error t value
(Intercept)        0.4141028  0.0184424  22.454
grp1              -0.0118824  0.0184424  -0.644
S1                 0.0606917  0.0135109   4.492
S2                -0.0169333  0.0135109  -1.253
IDR1               0.1235028  0.0106566  11.589
IDR2              -0.0065389  0.0106566  -0.614
IDL1               0.0730806  0.0101832   7.177
grp1:S1           -0.0029954  0.0135109  -0.222
grp1:S2           -0.0026926  0.0135109  -0.199
grp1:IDR1         -0.0292176  0.0106566  -2.742
grp1:IDR2         -0.0037259  0.0106566  -0.350
S1:IDR1            0.0061778  0.0109219   0.566
S2:IDR1           -0.0121222  0.0109219  -1.110
S1:IDR2           -0.0126806  0.0109219  -1.161
S2:IDR2            0.0120444  0.0109219   1.103
grp1:IDL1          0.0258806  0.0101832   2.541
S1:IDL1            0.0310694  0.0077229   4.023
S2:IDL1           -0.0026167  0.0077229  -0.339
IDR1:IDL1         -0.0024250  0.0077229  -0.314
IDR2:IDL1         -0.0135389  0.0077229  -1.753
grp1:S1:IDR1       0.0063370  0.0109219   0.580
grp1:S2:IDR1       0.0058093  0.0109219   0.532
grp1:S1:IDR2       0.0102120  0.0109219   0.935
grp1:S2:IDR2      -0.0087741  0.0109219  -0.803
grp1:S1:IDL1      -0.0160139  0.0077229  -2.074
grp1:S2:IDL1      -0.0012278  0.0077229  -0.159
grp1:IDR1:IDL1    -0.0087528  0.0077229  -1.133
grp1:IDR2:IDL1     0.0104889  0.0077229   1.358
S1:IDR1:IDL1       0.0189667  0.0109219   1.737
S2:IDR1:IDL1      -0.0047889  0.0109219  -0.438
S1:IDR2:IDL1      -0.0007694  0.0109219  -0.070
S2:IDR2:IDL1       0.0084500  0.0109219   0.774
grp1:S1:IDR1:IDL1 -0.0051222  0.0109219  -0.469
grp1:S2:IDR1:IDL1 -0.0003500  0.0109219  -0.032
grp1:S1:IDR2:IDL1  0.0079861  0.0109219   0.731
grp1:S2:IDR2:IDL1 -0.0070167  0.0109219  -0.642

Correlation of Fixed Effects:
            (Intr) grp1   S1     S2     IDR1   IDR2   IDL1   gr1:S1 gr1:S2
grp1         0.000                                                        
S1           0.000  0.000                                                 
S2           0.000  0.000 -0.500                                          
IDR1         0.000  0.000  0.000  0.000                                   
IDR2         0.000  0.000  0.000  0.000 -0.500                            
IDL1         0.000  0.000  0.000  0.000  0.000  0.000                     
grp1:S1      0.000  0.000  0.000  0.000  0.000  0.000  0.000              
grp1:S2      0.000  0.000  0.000  0.000  0.000  0.000  0.000 -0.500       
grp1:IDR1    0.000  0.000  0.000  0.000  0.000  0.000  0.000  0.000  0.000
grp1:IDR2    0.000  0.000  0.000  0.000  0.000  0.000  0.000  0.000  0.000
S1:IDR1      0.000  0.000  0.000  0.000  0.000  0.000  0.000  0.000  0.000
S2:IDR1      0.000  0.000  0.000  0.000  0.000  0.000  0.000  0.000  0.000
S1:IDR2      0.000  0.000  0.000  0.000  0.000  0.000  0.000  0.000  0.000
S2:IDR2      0.000  0.000  0.000  0.000  0.000  0.000  0.000  0.000  0.000
grp1:IDL1    0.000  0.000  0.000  0.000  0.000  0.000  0.000  0.000  0.000
S1:IDL1      0.000  0.000  0.000  0.000  0.000  0.000  0.000  0.000  0.000
S2:IDL1      0.000  0.000  0.000  0.000  0.000  0.000  0.000  0.000  0.000
IDR1:IDL1    0.000  0.000  0.000  0.000  0.000  0.000  0.000  0.000  0.000
IDR2:IDL1    0.000  0.000  0.000  0.000  0.000  0.000  0.000  0.000  0.000
gr1:S1:IDR1  0.000  0.000  0.000  0.000  0.000  0.000  0.000  0.000  0.000
gr1:S2:IDR1  0.000  0.000  0.000  0.000  0.000  0.000  0.000  0.000  0.000
gr1:S1:IDR2  0.000  0.000  0.000  0.000  0.000  0.000  0.000  0.000  0.000
gr1:S2:IDR2  0.000  0.000  0.000  0.000  0.000  0.000  0.000  0.000  0.000
gr1:S1:IDL1  0.000  0.000  0.000  0.000  0.000  0.000  0.000  0.000  0.000
gr1:S2:IDL1  0.000  0.000  0.000  0.000  0.000  0.000  0.000  0.000  0.000
g1:IDR1:IDL  0.000  0.000  0.000  0.000  0.000  0.000  0.000  0.000  0.000
g1:IDR2:IDL  0.000  0.000  0.000  0.000  0.000  0.000  0.000  0.000  0.000
S1:IDR1:IDL  0.000  0.000  0.000  0.000  0.000  0.000  0.000  0.000  0.000
S2:IDR1:IDL  0.000  0.000  0.000  0.000  0.000  0.000  0.000  0.000  0.000
S1:IDR2:IDL  0.000  0.000  0.000  0.000  0.000  0.000  0.000  0.000  0.000
S2:IDR2:IDL  0.000  0.000  0.000  0.000  0.000  0.000  0.000  0.000  0.000
g1:S1:IDR1:  0.000  0.000  0.000  0.000  0.000  0.000  0.000  0.000  0.000
g1:S2:IDR1:  0.000  0.000  0.000  0.000  0.000  0.000  0.000  0.000  0.000
g1:S1:IDR2:  0.000  0.000  0.000  0.000  0.000  0.000  0.000  0.000  0.000
g1:S2:IDR2:  0.000  0.000  0.000  0.000  0.000  0.000  0.000  0.000  0.000
            gr1:IDR1 gr1:IDR2 S1:IDR1 S2:IDR1 S1:IDR2 S2:IDR2 g1:IDL S1:IDL
grp1                                                                       
S1                                                                         
S2                                                                         
IDR1                                                                       
IDR2                                                                       
IDL1                                                                       
grp1:S1                                                                    
grp1:S2                                                                    
grp1:IDR1                                                                  
grp1:IDR2   -0.500                                                         
S1:IDR1      0.000    0.000                                                
S2:IDR1      0.000    0.000   -0.500                                       
S1:IDR2      0.000    0.000   -0.500   0.250                               
S2:IDR2      0.000    0.000    0.250  -0.500  -0.500                       
grp1:IDL1    0.000    0.000    0.000   0.000   0.000   0.000               
S1:IDL1      0.000    0.000    0.000   0.000   0.000   0.000   0.000       
S2:IDL1      0.000    0.000    0.000   0.000   0.000   0.000   0.000 -0.500
IDR1:IDL1    0.000    0.000    0.000   0.000   0.000   0.000   0.000  0.000
IDR2:IDL1    0.000    0.000    0.000   0.000   0.000   0.000   0.000  0.000
gr1:S1:IDR1  0.000    0.000    0.000   0.000   0.000   0.000   0.000  0.000
gr1:S2:IDR1  0.000    0.000    0.000   0.000   0.000   0.000   0.000  0.000
gr1:S1:IDR2  0.000    0.000    0.000   0.000   0.000   0.000   0.000  0.000
gr1:S2:IDR2  0.000    0.000    0.000   0.000   0.000   0.000   0.000  0.000
gr1:S1:IDL1  0.000    0.000    0.000   0.000   0.000   0.000   0.000  0.000
gr1:S2:IDL1  0.000    0.000    0.000   0.000   0.000   0.000   0.000  0.000
g1:IDR1:IDL  0.000    0.000    0.000   0.000   0.000   0.000   0.000  0.000
g1:IDR2:IDL  0.000    0.000    0.000   0.000   0.000   0.000   0.000  0.000
S1:IDR1:IDL  0.000    0.000    0.000   0.000   0.000   0.000   0.000  0.000
S2:IDR1:IDL  0.000    0.000    0.000   0.000   0.000   0.000   0.000  0.000
S1:IDR2:IDL  0.000    0.000    0.000   0.000   0.000   0.000   0.000  0.000
S2:IDR2:IDL  0.000    0.000    0.000   0.000   0.000   0.000   0.000  0.000
g1:S1:IDR1:  0.000    0.000    0.000   0.000   0.000   0.000   0.000  0.000
g1:S2:IDR1:  0.000    0.000    0.000   0.000   0.000   0.000   0.000  0.000
g1:S1:IDR2:  0.000    0.000    0.000   0.000   0.000   0.000   0.000  0.000
g1:S2:IDR2:  0.000    0.000    0.000   0.000   0.000   0.000   0.000  0.000
            S2:IDL IDR1:I IDR2:I gr1:S1:IDR1 gr1:S2:IDR1 gr1:S1:IDR2
grp1                                                                
S1                                                                  
S2                                                                  
IDR1                                                                
IDR2                                                                
IDL1                                                                
grp1:S1                                                             
grp1:S2                                                             
grp1:IDR1                                                           
grp1:IDR2                                                           
S1:IDR1                                                             
S2:IDR1                                                             
S1:IDR2                                                             
S2:IDR2                                                             
grp1:IDL1                                                           
S1:IDL1                                                             
S2:IDL1                                                             
IDR1:IDL1    0.000                                                  
IDR2:IDL1    0.000 -0.500                                           
gr1:S1:IDR1  0.000  0.000  0.000                                    
gr1:S2:IDR1  0.000  0.000  0.000 -0.500                             
gr1:S1:IDR2  0.000  0.000  0.000 -0.500       0.250                 
gr1:S2:IDR2  0.000  0.000  0.000  0.250      -0.500      -0.500     
gr1:S1:IDL1  0.000  0.000  0.000  0.000       0.000       0.000     
gr1:S2:IDL1  0.000  0.000  0.000  0.000       0.000       0.000     
g1:IDR1:IDL  0.000  0.000  0.000  0.000       0.000       0.000     
g1:IDR2:IDL  0.000  0.000  0.000  0.000       0.000       0.000     
S1:IDR1:IDL  0.000  0.000  0.000  0.000       0.000       0.000     
S2:IDR1:IDL  0.000  0.000  0.000  0.000       0.000       0.000     
S1:IDR2:IDL  0.000  0.000  0.000  0.000       0.000       0.000     
S2:IDR2:IDL  0.000  0.000  0.000  0.000       0.000       0.000     
g1:S1:IDR1:  0.000  0.000  0.000  0.000       0.000       0.000     
g1:S2:IDR1:  0.000  0.000  0.000  0.000       0.000       0.000     
g1:S1:IDR2:  0.000  0.000  0.000  0.000       0.000       0.000     
g1:S2:IDR2:  0.000  0.000  0.000  0.000       0.000       0.000     
            gr1:S2:IDR2 g1:S1:IDL g1:S2:IDL g1:IDR1: g1:IDR2: S1:IDR1: S2:IDR1:
grp1                                                                           
S1                                                                             
S2                                                                             
IDR1                                                                           
IDR2                                                                           
IDL1                                                                           
grp1:S1                                                                        
grp1:S2                                                                        
grp1:IDR1                                                                      
grp1:IDR2                                                                      
S1:IDR1                                                                        
S2:IDR1                                                                        
S1:IDR2                                                                        
S2:IDR2                                                                        
grp1:IDL1                                                                      
S1:IDL1                                                                        
S2:IDL1                                                                        
IDR1:IDL1                                                                      
IDR2:IDL1                                                                      
gr1:S1:IDR1                                                                    
gr1:S2:IDR1                                                                    
gr1:S1:IDR2                                                                    
gr1:S2:IDR2                                                                    
gr1:S1:IDL1  0.000                                                             
gr1:S2:IDL1  0.000      -0.500                                                 
g1:IDR1:IDL  0.000       0.000     0.000                                       
g1:IDR2:IDL  0.000       0.000     0.000    -0.500                             
S1:IDR1:IDL  0.000       0.000     0.000     0.000    0.000                    
S2:IDR1:IDL  0.000       0.000     0.000     0.000    0.000   -0.500           
S1:IDR2:IDL  0.000       0.000     0.000     0.000    0.000   -0.500    0.250  
S2:IDR2:IDL  0.000       0.000     0.000     0.000    0.000    0.250   -0.500  
g1:S1:IDR1:  0.000       0.000     0.000     0.000    0.000    0.000    0.000  
g1:S2:IDR1:  0.000       0.000     0.000     0.000    0.000    0.000    0.000  
g1:S1:IDR2:  0.000       0.000     0.000     0.000    0.000    0.000    0.000  
g1:S2:IDR2:  0.000       0.000     0.000     0.000    0.000    0.000    0.000  
            S1:IDR2: S2:IDR2: g1:S1:IDR1: g1:S2:IDR1: g1:S1:IDR2:
grp1                                                             
S1                                                               
S2                                                               
IDR1                                                             
IDR2                                                             
IDL1                                                             
grp1:S1                                                          
grp1:S2                                                          
grp1:IDR1                                                        
grp1:IDR2                                                        
S1:IDR1                                                          
S2:IDR1                                                          
S1:IDR2                                                          
S2:IDR2                                                          
grp1:IDL1                                                        
S1:IDL1                                                          
S2:IDL1                                                          
IDR1:IDL1                                                        
IDR2:IDL1                                                        
gr1:S1:IDR1                                                      
gr1:S2:IDR1                                                      
gr1:S1:IDR2                                                      
gr1:S2:IDR2                                                      
gr1:S1:IDL1                                                      
gr1:S2:IDL1                                                      
g1:IDR1:IDL                                                      
g1:IDR2:IDL                                                      
S1:IDR1:IDL                                                      
S2:IDR1:IDL                                                      
S1:IDR2:IDL                                                      
S2:IDR2:IDL -0.500                                               
g1:S1:IDR1:  0.000    0.000                                      
g1:S2:IDR1:  0.000    0.000   -0.500                             
g1:S1:IDR2:  0.000    0.000   -0.500       0.250                 
g1:S2:IDR2:  0.000    0.000    0.250      -0.500      -0.500     
