[1] "maxangleL ~(S*DID*grp)+Error(pp/(S*DID))+grp"
$ANOVA
     Effect DFn DFd          F            p p<.05        ges
2       grp   1   8  2.0092264 0.1940942401       0.05669390
3         S   2  16  0.9775666 0.3976040475       0.02656866
5       DID   2  16 16.8072938 0.0001169728     * 0.27221070
4     grp:S   2  16  0.6604793 0.5301325680       0.01810679
6   grp:DID   2  16  3.9019980 0.0416639946     * 0.07989611
7     S:DID   4  32  1.3312323 0.2796644320       0.05641713
8 grp:S:DID   4  32  2.8893035 0.0377756783     * 0.11486314

$`Mauchly's Test for Sphericity`
     Effect          W           p p<.05
3         S 0.88493513 0.651913576      
4     grp:S 0.88493513 0.651913576      
5       DID 0.88331559 0.647747331      
6   grp:DID 0.88331559 0.647747331      
7     S:DID 0.01235144 0.001250537     *
8 grp:S:DID 0.01235144 0.001250537     *

$`Sphericity Corrections`
     Effect       GGe        p[GG] p[GG]<.05      HFe        p[HF] p[HF]<.05
3         S 0.8968088 0.3910779165           1.139356 0.3976040475          
4     grp:S 0.8968088 0.5157783780           1.139356 0.5301325680          
5       DID 0.8955082 0.0002353111         * 1.136993 0.0001169728         *
6   grp:DID 0.8955082 0.0481592686         * 1.136993 0.0416639946         *
7     S:DID 0.5633245 0.2914112619           0.795225 0.2862488751          
8 grp:S:DID 0.5633245 0.0764392044           0.795225 0.0523747022          

