[1] "Summary by group"
  grp maxangleL.m maxangleL.s
1   C   0.4053598   0.4042491
2   U   0.3116458   0.2516850
[1] "Summary by session\n"
  S maxangleL.m maxangleL.s
1 1   0.4006261   0.3506290
2 2   0.3502800   0.3647063
3 3   0.3246022   0.2985003
[1] "Summary by DID\n"
  DID maxangleL.m maxangleL.s
1   1   0.2209478  0.07146141
2   2   0.3478803  0.34327280
3   3   0.5066802  0.42858415
[1] "Summary by group + Session\n"
  grp S maxangleL.m maxangleL.s
1   C 1   0.4609613   0.4375489
2   C 2   0.4199656   0.4856880
3   C 3   0.3351524   0.2488313
4   U 1   0.3402909   0.2231150
5   U 2   0.2805944   0.1523762
6   U 3   0.3140520   0.3436354
[1] "Summary by Session + DID\n"
  S DID maxangleL.m maxangleL.s
1 1   1   0.2351843  0.08439289
2 1   2   0.4753897  0.51040927
3 1   3   0.4913043  0.25895522
4 2   1   0.2125193  0.05395081
5 2   2   0.2817037  0.16213634
6 2   3   0.5566170  0.55719465
7 3   1   0.2151397  0.07294849
8 3   2   0.2865477  0.22268458
9 3   3   0.4721193  0.42677563
[1] "Summary by group + DID\n"
  grp DID maxangleL.m maxangleL.s
1   C   1   0.2104289  0.05955292
2   C   2   0.3755793  0.43483603
3   C   3   0.6300711  0.46221167
4   U   1   0.2314667  0.08097317
5   U   2   0.3201813  0.21840059
6   U   3   0.3832893  0.35603522
[1] "Summary by group + Session + DID\n"
   grp S DID maxangleL.m maxangleL.s
1    C 1   1   0.2198727  0.06647820
2    C 1   2   0.6324013  0.69252811
3    C 1   3   0.5306100  0.13681604
4    C 2   1   0.2110613  0.05353315
5    C 2   2   0.2464373  0.04827497
6    C 2   3   0.8023980  0.70743121
7    C 3   1   0.2003527  0.06046807
8    C 3   2   0.2478993  0.07955433
9    C 3   3   0.5572053  0.32273173
10   U 1   1   0.2504960  0.09915296
11   U 1   2   0.3183780  0.08497846
12   U 1   3   0.4519987  0.34187169
13   U 2   1   0.2139773  0.05620440
14   U 2   2   0.3169700  0.22239276
15   U 2   3   0.3108360  0.11490259
16   U 3   1   0.2299267  0.08305502
17   U 3   2   0.3251960  0.30526908
18   U 3   3   0.3870333  0.50755831
