Post-hoc Tukey comparisons[1] "grp Tukey test"

	Pairwise comparisons using paired t tests 

data:  mdata$q3R and mdata$grp 

  C      
U 1.4e-10

P value adjustment method: bonferroni 
[1] "S Tukey test"

	Pairwise comparisons using paired t tests 

data:  mdata$q3R and mdata$S 

  1       2      
2 0.00066 -      
3 0.01150 1.00000

P value adjustment method: bonferroni 
[1] "IDR Tukey test"

	Pairwise comparisons using paired t tests 

data:  mdata$q3R and mdata$IDR 

  D       M      
M 0.71    -      
E 9.1e-09 1.0e-07

P value adjustment method: bonferroni 
[1] "IDL Tukey test"
