[1] "Summary by group"
  grp vfCircularityR.m vfCircularityR.s
1   C        0.2303001       0.08459945
2   U        0.2517133       0.10017526
[1] "Summary by session\n"
  S vfCircularityR.m vfCircularityR.s
1 1        0.2546600       0.08065913
2 2        0.2366786       0.10126978
3 3        0.2316815       0.09578997
[1] "Summary by DID\n"
  DID vfCircularityR.m vfCircularityR.s
1   1        0.1541296       0.03599950
2   2        0.2415394       0.07873573
3   3        0.3273511       0.05971124
[1] "Summary by group + Session\n"
  grp S vfCircularityR.m vfCircularityR.s
1   C 1        0.2678589       0.08583121
2   C 2        0.2157392       0.08000762
3   C 3        0.2073021       0.07634014
4   U 1        0.2414611       0.07373137
5   U 2        0.2576180       0.11595754
6   U 3        0.2560609       0.10731465
[1] "Summary by Session + DID\n"
  S DID vfCircularityR.m vfCircularityR.s
1 1   1        0.1718317       0.03185014
2 1   2        0.2630577       0.05518425
3 1   3        0.3290907       0.05482357
4 2   1        0.1489018       0.03177694
5 2   2        0.2321870       0.09494423
6 2   3        0.3289470       0.06820166
7 3   1        0.1416552       0.03794267
8 3   2        0.2293737       0.07901382
9 3   3        0.3240157       0.05716488
[1] "Summary by group + DID\n"
  grp DID vfCircularityR.m vfCircularityR.s
1   C   1        0.1560116       0.04163565
2   C   2        0.2164218       0.06448664
3   C   3        0.3184669       0.04596974
4   U   1        0.1522476       0.02967508
5   U   2        0.2666571       0.08420527
6   U   3        0.3362353       0.07026545
[1] "Summary by group + Session + DID\n"
   grp S DID vfCircularityR.m vfCircularityR.s
1    C 1   1        0.1811460       0.03929803
2    C 1   2        0.2782620       0.06243509
3    C 1   3        0.3441687       0.05744264
4    C 2   1        0.1433437       0.02959998
5    C 2   2        0.1869120       0.03608160
6    C 2   3        0.3169620       0.02136154
7    C 3   1        0.1435450       0.04485996
8    C 3   2        0.1840913       0.04146459
9    C 3   3        0.2942700       0.03934545
10   U 1   1        0.1625173       0.01926344
11   U 1   2        0.2478533       0.04375633
12   U 1   3        0.3140127       0.04938731
13   U 2   1        0.1544600       0.03390156
14   U 2   2        0.2774620       0.11392249
15   U 2   3        0.3409320       0.09418633
16   U 3   1        0.1397653       0.03101701
17   U 3   2        0.2746560       0.08257779
18   U 3   3        0.3537613       0.05766273
