[1] "decTimeLrel ~(S*IDR*IDL*grp)+Error(pp/(S*IDR*IDL))+grp"
$ANOVA
          Effect DFn DFd           F           p p<.05         ges
2            grp   1   8  0.11285981 0.745552780       0.001451751
3              S   2  16  0.05252866 0.948990058       0.002417356
4          grp:S   2  16  0.45143883 0.644576808       0.020400596
5            IDR   2  16  5.47604447 0.015424831     * 0.033406241
6        grp:IDR   2  16  1.32648674 0.293072642       0.008302309
7            IDL   1   8 20.69130280 0.001877411     * 0.189309093
8        grp:IDL   1   8  1.89636985 0.205785978       0.020953411
9          S:IDR   4  32  0.66539784 0.620664790       0.008085824
10     grp:S:IDR   4  32  0.20456621 0.933998623       0.002499860
11         S:IDL   2  16  0.09993450 0.905457022       0.002064743
12     grp:S:IDL   2  16  1.14265887 0.343668533       0.023110545
13       IDR:IDL   2  16  4.92502017 0.021541208     * 0.023032671
14   grp:IDR:IDL   2  16  4.91541115 0.021669755     * 0.022988766
15     S:IDR:IDL   4  32  1.45450461 0.239045826       0.015251639
16 grp:S:IDR:IDL   4  32  0.74685398 0.567355369       0.007889904

$`Mauchly's Test for Sphericity`
          Effect          W          p p<.05
3              S 0.89260782 0.67191200      
4          grp:S 0.89260782 0.67191200      
5            IDR 0.92547446 0.76256267      
6        grp:IDR 0.92547446 0.76256267      
9          S:IDR 0.04332175 0.02101926     *
10     grp:S:IDR 0.04332175 0.02101926     *
11         S:IDL 0.99199937 0.97227672      
12     grp:S:IDL 0.99199937 0.97227672      
13       IDR:IDL 0.63112686 0.19971391      
14   grp:IDR:IDL 0.63112686 0.19971391      
15     S:IDR:IDL 0.31344317 0.60621358      
16 grp:S:IDR:IDL 0.31344317 0.60621358      

$`Sphericity Corrections`
          Effect       GGe      p[GG] p[GG]<.05       HFe      p[HF] p[HF]<.05
3              S 0.9030224 0.93581375           1.1506706 0.94899006          
4          grp:S 0.9030224 0.62601306           1.1506706 0.64457681          
5            IDR 0.9306433 0.01798738         * 1.2015205 0.01542483         *
6        grp:IDR 0.9306433 0.29298927           1.2015205 0.29307264          
9          S:IDR 0.5716792 0.54533520           0.8130373 0.59237162          
10     grp:S:IDR 0.5716792 0.84369583           0.8130373 0.90501621          
11         S:IDL 0.9920629 0.90413528           1.3179408 0.90545702          
12     grp:S:IDL 0.9920629 0.34344681           1.3179408 0.34366853          
13       IDR:IDL 0.7305279 0.03636818         * 0.8525460 0.02865909         *
14   grp:IDR:IDL 0.7305279 0.03653528         * 0.8525460 0.02880869         *
15     S:IDR:IDL 0.6947158 0.25460122           1.1017604 0.23904583          
16 grp:S:IDR:IDL 0.6947158 0.52622351           1.1017604 0.56735537          

