Post-hoc Tukey comparisons[1] "grp Tukey test"

	Pairwise comparisons using paired t tests 

data:  mdata$fRrel and mdata$grp 

  C   
U 0.55

P value adjustment method: bonferroni 
[1] "S Tukey test"

	Pairwise comparisons using paired t tests 

data:  mdata$fRrel and mdata$S 

  1     2    
2 0.099 -    
3 0.165 1.000

P value adjustment method: bonferroni 
[1] "IDR Tukey test"

	Pairwise comparisons using paired t tests 

data:  mdata$fRrel and mdata$IDR 

  D     M   
M 1e-08 -   
E 0.14  1.00

P value adjustment method: bonferroni 
[1] "IDL Tukey test"
