                  Estimate MCMCmean HPD95lower HPD95upper pMCMC Pr(>|t|)
(Intercept)         0.6907   0.6900     0.5805     0.8091 0.001   0.0000
grp1                0.0112   0.0108    -0.1067     0.1274 0.864   0.8950
S1                 -0.0305  -0.0307    -0.0742     0.0135 0.146   0.2578
S2                  0.0181   0.0187    -0.0186     0.0603 0.386   0.5017
IDR1                0.0552   0.0551    -0.0023     0.1070 0.052   0.3175
IDR2               -0.0410  -0.0412    -0.1000     0.0163 0.150   0.4576
IDL1               -0.1731  -0.1728    -0.2078    -0.1367 0.001   0.0000
grp1:S1            -0.0630  -0.0639    -0.1062    -0.0230 0.006   0.0195
grp1:S2             0.0302   0.0293    -0.0092     0.0735 0.168   0.2623
grp1:IDR1           0.0325   0.0320    -0.0263     0.0883 0.254   0.5563
grp1:IDR2           0.0280   0.0281    -0.0243     0.0867 0.358   0.6117
S1:IDR1            -0.0186  -0.0189    -0.0502     0.0101 0.212   0.4518
S2:IDR1             0.0138   0.0136    -0.0182     0.0424 0.400   0.5777
S1:IDR2             0.0016   0.0017    -0.0244     0.0365 0.946   0.9486
S2:IDR2             0.0350   0.0348     0.0035     0.0640 0.020   0.1570
grp1:IDL1          -0.0712  -0.0722    -0.1091    -0.0342 0.002   0.0033
S1:IDL1             0.0108   0.0108    -0.0117     0.0305 0.308   0.5380
S2:IDL1            -0.0146  -0.0143    -0.0359     0.0063 0.216   0.4036
IDR1:IDL1           0.0597   0.0595     0.0375     0.0801 0.001   0.0007
IDR2:IDL1           0.0163   0.0168    -0.0043     0.0370 0.120   0.3509
grp1:S1:IDR1        0.0078   0.0085    -0.0223     0.0383 0.604   0.7524
grp1:S2:IDR1       -0.0329  -0.0337    -0.0652    -0.0032 0.036   0.1838
grp1:S1:IDR2        0.0028   0.0026    -0.0310     0.0336 0.850   0.9090
grp1:S2:IDR2        0.0047   0.0047    -0.0250     0.0381 0.802   0.8497
grp1:S1:IDL1        0.0411   0.0413     0.0204     0.0643 0.001   0.0191
grp1:S2:IDL1       -0.0170  -0.0168    -0.0382     0.0034 0.136   0.3308
grp1:IDR1:IDL1      0.0441   0.0444     0.0246     0.0661 0.001   0.0119
grp1:IDR2:IDL1     -0.0195  -0.0197    -0.0406     0.0010 0.070   0.2657
S1:IDR1:IDL1       -0.0394  -0.0402    -0.0714    -0.0111 0.014   0.1111
S2:IDR1:IDL1        0.0167   0.0168    -0.0124     0.0465 0.274   0.4988
S1:IDR2:IDL1       -0.0048  -0.0051    -0.0346     0.0252 0.772   0.8473
S2:IDR2:IDL1       -0.0335  -0.0326    -0.0643    -0.0048 0.036   0.1753
grp1:S1:IDR1:IDL1  -0.0174  -0.0169    -0.0525     0.0107 0.272   0.4823
grp1:S2:IDR1:IDL1   0.0241   0.0241    -0.0042     0.0569 0.128   0.3302
grp1:S1:IDR2:IDL1   0.0188   0.0191    -0.0136     0.0495 0.222   0.4477
grp1:S2:IDR2:IDL1  -0.0054  -0.0066    -0.0370     0.0208 0.690   0.8255
NULL
       Length Class      Mode
fixed  6      data.frame list
random 7      data.frame list
Analysis of Variance Table
              Df  Sum Sq Mean Sq F value
grp            1 0.00012 0.00012  0.0166
S              2 0.00923 0.00461  0.6491
IDR            2 0.00768 0.00384  0.5400
IDL            1 0.36648 0.36648 51.5561
grp:S          2 0.03904 0.01952  2.7463
grp:IDR        2 0.00856 0.00428  0.6024
S:IDR          4 0.03522 0.00881  1.2388
grp:IDL        1 0.06200 0.06200  8.7223
S:IDL          2 0.00534 0.00267  0.3756
IDR:IDL        2 0.14911 0.07455 10.4880
grp:S:IDR      4 0.01591 0.00398  0.5597
grp:S:IDL      2 0.03965 0.01983  2.7890
grp:IDR:IDL    2 0.04554 0.02277  3.2035
S:IDR:IDL      4 0.05652 0.01413  1.9879
grp:S:IDR:IDL  4 0.01158 0.00289  0.4072
Linear mixed model fit by REML 
Formula: get(vname) ~ (1 | pp) + (1 | pp/S) + (1 | pp/IDR) + (1 | pp/IDL) +      (1 | pp/S:IDR:IDL) + grp * S * IDR * IDL 
   Data: mdata 
    AIC    BIC logLik deviance REMLdev
 -325.6 -128.1  208.8   -619.6  -417.6
Random effects:
 Groups       Name        Variance  Std.Dev.
 S:IDR:IDL:pp (Intercept) 0.0250926 0.158406
 IDR:pp       (Intercept) 0.0410942 0.202717
 S:pp         (Intercept) 0.0062822 0.079260
 IDL:pp       (Intercept) 0.0085702 0.092575
 pp           (Intercept) 0.0101839 0.100916
 pp           (Intercept) 0.0101838 0.100915
 pp           (Intercept) 0.0101839 0.100915
 pp           (Intercept) 0.0101842 0.100917
 pp           (Intercept) 0.0101839 0.100916
 Residual                 0.0071085 0.084312
Number of obs: 540, groups: S:IDR:IDL:pp, 180; IDR:pp, 30; S:pp, 30; IDL:pp, 20; pp, 10

Fixed effects:
                   Estimate Std. Error t value
(Intercept)        0.690686   0.085157   8.111
grp1               0.011239   0.085157   0.132
S1                -0.030480   0.026906  -1.133
S2                 0.018090   0.026906   0.672
IDR1               0.055211   0.055179   1.001
IDR2              -0.041020   0.055179  -0.743
IDL1              -0.173084   0.024106  -7.180
grp1:S1           -0.063039   0.026906  -2.343
grp1:S2            0.030195   0.026906   1.122
grp1:IDR1          0.032483   0.055179   0.589
grp1:IDR2          0.028028   0.055179   0.508
S1:IDR1           -0.018600   0.024704  -0.753
S2:IDR1            0.013761   0.024704   0.557
S1:IDR2            0.001594   0.024704   0.065
S2:IDR2            0.035011   0.024704   1.417
grp1:IDL1         -0.071192   0.024106  -2.953
S1:IDL1            0.010765   0.017468   0.616
S2:IDL1           -0.014603   0.017468  -0.836
IDR1:IDL1          0.059674   0.017468   3.416
IDR2:IDL1          0.016311   0.017468   0.934
grp1:S1:IDR1       0.007799   0.024704   0.316
grp1:S2:IDR1      -0.032880   0.024704  -1.331
grp1:S1:IDR2       0.002825   0.024704   0.114
grp1:S2:IDR2       0.004684   0.024704   0.190
grp1:S1:IDL1       0.041055   0.017468   2.350
grp1:S2:IDL1      -0.017003   0.017468  -0.973
grp1:IDR1:IDL1     0.044113   0.017468   2.525
grp1:IDR2:IDL1    -0.019463   0.017468  -1.114
S1:IDR1:IDL1      -0.039428   0.024704  -1.596
S2:IDR1:IDL1       0.016721   0.024704   0.677
S1:IDR2:IDL1      -0.004759   0.024704  -0.193
S2:IDR2:IDL1      -0.033530   0.024704  -1.357
grp1:S1:IDR1:IDL1 -0.017368   0.024704  -0.703
grp1:S2:IDR1:IDL1  0.024080   0.024704   0.975
grp1:S1:IDR2:IDL1  0.018770   0.024704   0.760
grp1:S2:IDR2:IDL1 -0.005448   0.024704  -0.221

Correlation of Fixed Effects:
            (Intr) grp1   S1     S2     IDR1   IDR2   IDL1   gr1:S1 gr1:S2
grp1         0.000                                                        
S1           0.000  0.000                                                 
S2           0.000  0.000 -0.500                                          
IDR1         0.000  0.000  0.000  0.000                                   
IDR2         0.000  0.000  0.000  0.000 -0.500                            
IDL1         0.000  0.000  0.000  0.000  0.000  0.000                     
grp1:S1      0.000  0.000  0.000  0.000  0.000  0.000  0.000              
grp1:S2      0.000  0.000  0.000  0.000  0.000  0.000  0.000 -0.500       
grp1:IDR1    0.000  0.000  0.000  0.000  0.000  0.000  0.000  0.000  0.000
grp1:IDR2    0.000  0.000  0.000  0.000  0.000  0.000  0.000  0.000  0.000
S1:IDR1      0.000  0.000  0.000  0.000  0.000  0.000  0.000  0.000  0.000
S2:IDR1      0.000  0.000  0.000  0.000  0.000  0.000  0.000  0.000  0.000
S1:IDR2      0.000  0.000  0.000  0.000  0.000  0.000  0.000  0.000  0.000
S2:IDR2      0.000  0.000  0.000  0.000  0.000  0.000  0.000  0.000  0.000
grp1:IDL1    0.000  0.000  0.000  0.000  0.000  0.000  0.000  0.000  0.000
S1:IDL1      0.000  0.000  0.000  0.000  0.000  0.000  0.000  0.000  0.000
S2:IDL1      0.000  0.000  0.000  0.000  0.000  0.000  0.000  0.000  0.000
IDR1:IDL1    0.000  0.000  0.000  0.000  0.000  0.000  0.000  0.000  0.000
IDR2:IDL1    0.000  0.000  0.000  0.000  0.000  0.000  0.000  0.000  0.000
gr1:S1:IDR1  0.000  0.000  0.000  0.000  0.000  0.000  0.000  0.000  0.000
gr1:S2:IDR1  0.000  0.000  0.000  0.000  0.000  0.000  0.000  0.000  0.000
gr1:S1:IDR2  0.000  0.000  0.000  0.000  0.000  0.000  0.000  0.000  0.000
gr1:S2:IDR2  0.000  0.000  0.000  0.000  0.000  0.000  0.000  0.000  0.000
gr1:S1:IDL1  0.000  0.000  0.000  0.000  0.000  0.000  0.000  0.000  0.000
gr1:S2:IDL1  0.000  0.000  0.000  0.000  0.000  0.000  0.000  0.000  0.000
g1:IDR1:IDL  0.000  0.000  0.000  0.000  0.000  0.000  0.000  0.000  0.000
g1:IDR2:IDL  0.000  0.000  0.000  0.000  0.000  0.000  0.000  0.000  0.000
S1:IDR1:IDL  0.000  0.000  0.000  0.000  0.000  0.000  0.000  0.000  0.000
S2:IDR1:IDL  0.000  0.000  0.000  0.000  0.000  0.000  0.000  0.000  0.000
S1:IDR2:IDL  0.000  0.000  0.000  0.000  0.000  0.000  0.000  0.000  0.000
S2:IDR2:IDL  0.000  0.000  0.000  0.000  0.000  0.000  0.000  0.000  0.000
g1:S1:IDR1:  0.000  0.000  0.000  0.000  0.000  0.000  0.000  0.000  0.000
g1:S2:IDR1:  0.000  0.000  0.000  0.000  0.000  0.000  0.000  0.000  0.000
g1:S1:IDR2:  0.000  0.000  0.000  0.000  0.000  0.000  0.000  0.000  0.000
g1:S2:IDR2:  0.000  0.000  0.000  0.000  0.000  0.000  0.000  0.000  0.000
            gr1:IDR1 gr1:IDR2 S1:IDR1 S2:IDR1 S1:IDR2 S2:IDR2 g1:IDL S1:IDL
grp1                                                                       
S1                                                                         
S2                                                                         
IDR1                                                                       
IDR2                                                                       
IDL1                                                                       
grp1:S1                                                                    
grp1:S2                                                                    
grp1:IDR1                                                                  
grp1:IDR2   -0.500                                                         
S1:IDR1      0.000    0.000                                                
S2:IDR1      0.000    0.000   -0.500                                       
S1:IDR2      0.000    0.000   -0.500   0.250                               
S2:IDR2      0.000    0.000    0.250  -0.500  -0.500                       
grp1:IDL1    0.000    0.000    0.000   0.000   0.000   0.000               
S1:IDL1      0.000    0.000    0.000   0.000   0.000   0.000   0.000       
S2:IDL1      0.000    0.000    0.000   0.000   0.000   0.000   0.000 -0.500
IDR1:IDL1    0.000    0.000    0.000   0.000   0.000   0.000   0.000  0.000
IDR2:IDL1    0.000    0.000    0.000   0.000   0.000   0.000   0.000  0.000
gr1:S1:IDR1  0.000    0.000    0.000   0.000   0.000   0.000   0.000  0.000
gr1:S2:IDR1  0.000    0.000    0.000   0.000   0.000   0.000   0.000  0.000
gr1:S1:IDR2  0.000    0.000    0.000   0.000   0.000   0.000   0.000  0.000
gr1:S2:IDR2  0.000    0.000    0.000   0.000   0.000   0.000   0.000  0.000
gr1:S1:IDL1  0.000    0.000    0.000   0.000   0.000   0.000   0.000  0.000
gr1:S2:IDL1  0.000    0.000    0.000   0.000   0.000   0.000   0.000  0.000
g1:IDR1:IDL  0.000    0.000    0.000   0.000   0.000   0.000   0.000  0.000
g1:IDR2:IDL  0.000    0.000    0.000   0.000   0.000   0.000   0.000  0.000
S1:IDR1:IDL  0.000    0.000    0.000   0.000   0.000   0.000   0.000  0.000
S2:IDR1:IDL  0.000    0.000    0.000   0.000   0.000   0.000   0.000  0.000
S1:IDR2:IDL  0.000    0.000    0.000   0.000   0.000   0.000   0.000  0.000
S2:IDR2:IDL  0.000    0.000    0.000   0.000   0.000   0.000   0.000  0.000
g1:S1:IDR1:  0.000    0.000    0.000   0.000   0.000   0.000   0.000  0.000
g1:S2:IDR1:  0.000    0.000    0.000   0.000   0.000   0.000   0.000  0.000
g1:S1:IDR2:  0.000    0.000    0.000   0.000   0.000   0.000   0.000  0.000
g1:S2:IDR2:  0.000    0.000    0.000   0.000   0.000   0.000   0.000  0.000
            S2:IDL IDR1:I IDR2:I gr1:S1:IDR1 gr1:S2:IDR1 gr1:S1:IDR2
grp1                                                                
S1                                                                  
S2                                                                  
IDR1                                                                
IDR2                                                                
IDL1                                                                
grp1:S1                                                             
grp1:S2                                                             
grp1:IDR1                                                           
grp1:IDR2                                                           
S1:IDR1                                                             
S2:IDR1                                                             
S1:IDR2                                                             
S2:IDR2                                                             
grp1:IDL1                                                           
S1:IDL1                                                             
S2:IDL1                                                             
IDR1:IDL1    0.000                                                  
IDR2:IDL1    0.000 -0.500                                           
gr1:S1:IDR1  0.000  0.000  0.000                                    
gr1:S2:IDR1  0.000  0.000  0.000 -0.500                             
gr1:S1:IDR2  0.000  0.000  0.000 -0.500       0.250                 
gr1:S2:IDR2  0.000  0.000  0.000  0.250      -0.500      -0.500     
gr1:S1:IDL1  0.000  0.000  0.000  0.000       0.000       0.000     
gr1:S2:IDL1  0.000  0.000  0.000  0.000       0.000       0.000     
g1:IDR1:IDL  0.000  0.000  0.000  0.000       0.000       0.000     
g1:IDR2:IDL  0.000  0.000  0.000  0.000       0.000       0.000     
S1:IDR1:IDL  0.000  0.000  0.000  0.000       0.000       0.000     
S2:IDR1:IDL  0.000  0.000  0.000  0.000       0.000       0.000     
S1:IDR2:IDL  0.000  0.000  0.000  0.000       0.000       0.000     
S2:IDR2:IDL  0.000  0.000  0.000  0.000       0.000       0.000     
g1:S1:IDR1:  0.000  0.000  0.000  0.000       0.000       0.000     
g1:S2:IDR1:  0.000  0.000  0.000  0.000       0.000       0.000     
g1:S1:IDR2:  0.000  0.000  0.000  0.000       0.000       0.000     
g1:S2:IDR2:  0.000  0.000  0.000  0.000       0.000       0.000     
            gr1:S2:IDR2 g1:S1:IDL g1:S2:IDL g1:IDR1: g1:IDR2: S1:IDR1: S2:IDR1:
grp1                                                                           
S1                                                                             
S2                                                                             
IDR1                                                                           
IDR2                                                                           
IDL1                                                                           
grp1:S1                                                                        
grp1:S2                                                                        
grp1:IDR1                                                                      
grp1:IDR2                                                                      
S1:IDR1                                                                        
S2:IDR1                                                                        
S1:IDR2                                                                        
S2:IDR2                                                                        
grp1:IDL1                                                                      
S1:IDL1                                                                        
S2:IDL1                                                                        
IDR1:IDL1                                                                      
IDR2:IDL1                                                                      
gr1:S1:IDR1                                                                    
gr1:S2:IDR1                                                                    
gr1:S1:IDR2                                                                    
gr1:S2:IDR2                                                                    
gr1:S1:IDL1  0.000                                                             
gr1:S2:IDL1  0.000      -0.500                                                 
g1:IDR1:IDL  0.000       0.000     0.000                                       
g1:IDR2:IDL  0.000       0.000     0.000    -0.500                             
S1:IDR1:IDL  0.000       0.000     0.000     0.000    0.000                    
S2:IDR1:IDL  0.000       0.000     0.000     0.000    0.000   -0.500           
S1:IDR2:IDL  0.000       0.000     0.000     0.000    0.000   -0.500    0.250  
S2:IDR2:IDL  0.000       0.000     0.000     0.000    0.000    0.250   -0.500  
g1:S1:IDR1:  0.000       0.000     0.000     0.000    0.000    0.000    0.000  
g1:S2:IDR1:  0.000       0.000     0.000     0.000    0.000    0.000    0.000  
g1:S1:IDR2:  0.000       0.000     0.000     0.000    0.000    0.000    0.000  
g1:S2:IDR2:  0.000       0.000     0.000     0.000    0.000    0.000    0.000  
            S1:IDR2: S2:IDR2: g1:S1:IDR1: g1:S2:IDR1: g1:S1:IDR2:
grp1                                                             
S1                                                               
S2                                                               
IDR1                                                             
IDR2                                                             
IDL1                                                             
grp1:S1                                                          
grp1:S2                                                          
grp1:IDR1                                                        
grp1:IDR2                                                        
S1:IDR1                                                          
S2:IDR1                                                          
S1:IDR2                                                          
S2:IDR2                                                          
grp1:IDL1                                                        
S1:IDL1                                                          
S2:IDL1                                                          
IDR1:IDL1                                                        
IDR2:IDL1                                                        
gr1:S1:IDR1                                                      
gr1:S2:IDR1                                                      
gr1:S1:IDR2                                                      
gr1:S2:IDR2                                                      
gr1:S1:IDL1                                                      
gr1:S2:IDL1                                                      
g1:IDR1:IDL                                                      
g1:IDR2:IDL                                                      
S1:IDR1:IDL                                                      
S2:IDR1:IDL                                                      
S1:IDR2:IDL                                                      
S2:IDR2:IDL -0.500                                               
g1:S1:IDR1:  0.000    0.000                                      
g1:S2:IDR1:  0.000    0.000   -0.500                             
g1:S1:IDR2:  0.000    0.000   -0.500       0.250                 
g1:S2:IDR2:  0.000    0.000    0.250      -0.500      -0.500     
