[1] "Summary by group"
  grp   fRrel.m   fRrel.s
1   C 0.7019254 0.3740639
2   U 0.6794469 0.4277922
[1] "Summary by session\n"
  S   fRrel.m   fRrel.s
1 1 0.6602057 0.4063237
2 2 0.7087760 0.4028037
3 3 0.7030768 0.3961194
[1] "Summary by IDR+IDR\n"
  IDL IDR   fRrel.m   fRrel.s
1   D   D 0.6324874 0.1544343
2   D   M 0.4928930 0.2428979
3   D   E 0.4274266 0.4727152
4   E   D 0.8593073 0.2118915
5   E   M 0.8064391 0.3317742
6   E   E 0.9255636 0.5516989
[1] "Summary by group + Session\n"
  grp S   fRrel.m   fRrel.s
1   C 1 0.6084058 0.2681624
2   C 2 0.7502105 0.4293501
3   C 3 0.7471600 0.3916531
4   U 1 0.7120056 0.5046931
5   U 2 0.6673414 0.3721706
6   U 3 0.6589935 0.3978212
[1] "Summary by Session + IDR + IDL \n"
   S IDL IDR   fRrel.m   fRrel.s
1  1   D   D 0.5547435 0.1389238
2  1   D   M 0.4700117 0.2500896
3  1   D   E 0.4689043 0.6610862
4  1   E   D 0.8388897 0.1318521
5  1   E   M 0.7715467 0.1814842
6  1   E   E 0.8571384 0.5264026
7  2   D   D 0.6664563 0.1370404
8  2   D   M 0.4978614 0.2736014
9  2   D   E 0.3989508 0.3687252
10 2   E   D 0.8890404 0.2264410
11 2   E   M 0.9076721 0.4466636
12 2   E   E 0.8926747 0.5141999
13 3   D   D 0.6762624 0.1602692
14 3   D   M 0.5108059 0.2067980
15 3   D   E 0.4144247 0.3316676
16 3   E   D 0.8499916 0.2601814
17 3   E   M 0.7400985 0.2982534
18 3   E   E 1.0268776 0.6132080
[1] "Summary by group + IDR + IDL\n"
   grp IDL IDR   fRrel.m   fRrel.s
1    C   D   D 0.6491311 0.1218018
2    C   D   M 0.4415052 0.1002249
3    C   D   E 0.2823126 0.1000563
4    C   E   D 0.9301080 0.1747612
5    C   E   M 0.9363619 0.3309410
6    C   E   E 0.9721338 0.4940328
7    U   D   D 0.6158437 0.1812171
8    U   D   M 0.5442808 0.3223246
9    U   D   E 0.5725405 0.6315960
10   U   E   D 0.7885065 0.2236551
11   U   E   M 0.6765163 0.2803585
12   U   E   E 0.8789933 0.6059342
[1] "Summary by group + Session + IDR + IDL\n"
   grp S IDL IDR   fRrel.m    fRrel.s
1    C 1   D   D 0.5398335 0.08186266
2    C 1   D   M 0.4182338 0.06052588
3    C 1   D   E 0.2897804 0.08982454
4    C 1   E   D 0.8307635 0.09176374
5    C 1   E   M 0.7814310 0.14248342
6    C 1   E   E 0.7903926 0.36999688
7    C 2   D   D 0.6874927 0.12185191
8    C 2   D   M 0.4589013 0.14645579
9    C 2   D   E 0.2765938 0.11617635
10   C 2   E   D 0.9500798 0.22579549
11   C 2   E   M 1.0949250 0.46928923
12   C 2   E   E 1.0332705 0.50935272
13   C 3   D   D 0.7200671 0.07286762
14   C 3   D   M 0.4473804 0.07426945
15   C 3   D   E 0.2805637 0.09899759
16   C 3   E   D 1.0094808 0.13722816
17   C 3   E   M 0.9327297 0.22584830
18   C 3   E   E 1.0927383 0.56192187
19   U 1   D   D 0.5696535 0.18110866
20   U 1   D   M 0.5217895 0.34662497
21   U 1   D   E 0.6480282 0.91019998
22   U 1   E   D 0.8470160 0.16567936
23   U 1   E   M 0.7616625 0.21843701
24   U 1   E   E 0.9238842 0.65387162
25   U 2   D   D 0.6454199 0.15200461
26   U 2   D   M 0.5368215 0.36105470
27   U 2   D   E 0.5213077 0.48584946
28   U 2   E   D 0.8280010 0.21736162
29   U 2   E   M 0.7204192 0.34336349
30   U 2   E   E 0.7520789 0.49587344
31   U 3   D   D 0.6324577 0.20925028
32   U 3   D   M 0.5742313 0.27285395
33   U 3   D   E 0.5482856 0.42387058
34   U 3   E   D 0.6905025 0.25862151
35   U 3   E   M 0.5474673 0.23182352
36   U 3   E   E 0.9610169 0.67368826
