[1] "Summary by group"
  grp  q1Lrel.m  q1Lrel.s
1   C 0.9882495 0.0920162
2   U 1.0028322 0.1087332
[1] "Summary by session\n"
  S  q1Lrel.m   q1Lrel.s
1 1 1.0093946 0.10262267
2 2 0.9931939 0.09740029
3 3 0.9840341 0.10149866
[1] "Summary by IDR+IDR\n"
  IDL IDR  q1Lrel.m   q1Lrel.s
1   D   D 0.9284114 0.07487090
2   D   M 0.9514064 0.07408154
3   D   E 0.9358670 0.07960791
4   E   D 1.0592619 0.07797650
5   E   M 1.0453807 0.10889839
6   E   E 1.0529176 0.07876011
[1] "Summary by group + Session\n"
  grp S  q1Lrel.m   q1Lrel.s
1   C 1 1.0015804 0.09503656
2   C 2 0.9721456 0.09303077
3   C 3 0.9910224 0.08634125
4   U 1 1.0172087 0.10966181
5   U 2 1.0142421 0.09761910
6   U 3 0.9770458 0.11474374
[1] "Summary by Session + IDR + IDL \n"
   S IDL IDR  q1Lrel.m   q1Lrel.s
1  1   D   D 0.9405661 0.08033073
2  1   D   M 0.9735105 0.08518455
3  1   D   E 0.9477904 0.08275837
4  1   E   D 1.0806832 0.08267681
5  1   E   M 1.0668887 0.09961544
6  1   E   E 1.0469283 0.08598959
7  2   D   D 0.9223760 0.07409487
8  2   D   M 0.9430991 0.07021173
9  2   D   E 0.9356978 0.08343395
10 2   E   D 1.0524928 0.06055003
11 2   E   M 1.0486002 0.09524074
12 2   E   E 1.0568976 0.07888682
13 3   D   D 0.9222922 0.07093113
14 3   D   M 0.9376097 0.06231270
15 3   D   E 0.9241129 0.07313772
16 3   E   D 1.0446096 0.08610682
17 3   E   M 1.0206531 0.12758757
18 3   E   E 1.0549269 0.07322743
[1] "Summary by group + IDR + IDL\n"
   grp IDL IDR  q1Lrel.m   q1Lrel.s
1    C   D   D 0.9056977 0.07527175
2    C   D   M 0.9462718 0.06514440
3    C   D   E 0.9431101 0.06501037
4    C   E   D 1.0495412 0.06741090
5    C   E   M 1.0491431 0.07926875
6    C   E   E 1.0357329 0.07748749
7    U   D   D 0.9511251 0.06795287
8    U   D   M 0.9565410 0.08248125
9    U   D   E 0.9286240 0.09211522
10   U   E   D 1.0689825 0.08695603
11   U   E   M 1.0416183 0.13294642
12   U   E   E 1.0701023 0.07706444
[1] "Summary by group + Session + IDR + IDL\n"
   grp S IDL IDR  q1Lrel.m   q1Lrel.s
1    C 1   D   D 0.9041673 0.06491826
2    C 1   D   M 0.9619632 0.04419175
3    C 1   D   E 0.9322628 0.04463472
4    C 1   E   D 1.0812642 0.06013196
5    C 1   E   M 1.0747971 0.07350641
6    C 1   E   E 1.0550276 0.08737619
7    C 2   D   D 0.8956011 0.06844462
8    C 2   D   M 0.9228016 0.06979064
9    C 2   D   E 0.9280939 0.08248843
10   C 2   E   D 1.0438877 0.05641262
11   C 2   E   M 1.0298494 0.09143470
12   C 2   E   E 1.0126402 0.07288583
13   C 3   D   D 0.9173248 0.09301231
14   C 3   D   M 0.9540507 0.07480075
15   C 3   D   E 0.9689736 0.05832539
16   C 3   E   D 1.0234718 0.07511989
17   C 3   E   M 1.0427827 0.06955168
18   C 3   E   E 1.0395308 0.07027128
19   U 1   D   D 0.9769649 0.07945808
20   U 1   D   M 0.9850579 0.11310388
21   U 1   D   E 0.9633181 0.10806566
22   U 1   E   D 1.0801022 0.10267707
23   U 1   E   M 1.0589804 0.12254822
24   U 1   E   E 1.0388290 0.08684129
25   U 2   D   D 0.9491508 0.07177311
26   U 2   D   M 0.9633965 0.06676774
27   U 2   D   E 0.9433016 0.08655310
28   U 2   E   D 1.0610979 0.06521836
29   U 2   E   M 1.0673509 0.09836563
30   U 2   E   E 1.1011549 0.05814797
31   U 3   D   D 0.9272596 0.04144464
32   U 3   D   M 0.9211687 0.04322861
33   U 3   D   E 0.8792523 0.05801752
34   U 3   E   D 1.0657474 0.09358381
35   U 3   E   M 0.9985234 0.16683253
36   U 3   E   E 1.0703231 0.07524315
