[1] "q3 ~(S*ID*grp)+Error(pp/(S*ID))+grp"
$ANOVA
    Effect DFn DFd          F           p p<.05          ges
2      grp   1   8 0.01476264 0.906290210       0.0007344013
3        S   2  16 7.00831326 0.006517256     * 0.1423068938
4    grp:S   2  16 0.57852658 0.572029318       0.0135112634
5       ID   1   8 4.58498878 0.064649548       0.1291817515
6   grp:ID   1   8 0.51223532 0.494529418       0.0163029525
7     S:ID   2  16 1.69234396 0.215421652       0.0314499867
8 grp:S:ID   2  16 1.65013760 0.223075486       0.0306897085

$`Mauchly's Test for Sphericity`
    Effect         W         p p<.05
3        S 0.6082089 0.1754626      
4    grp:S 0.6082089 0.1754626      
7     S:ID 0.8907870 0.6671269      
8 grp:S:ID 0.8907870 0.6671269      

$`Sphericity Corrections`
    Effect       GGe      p[GG] p[GG]<.05       HFe      p[HF] p[HF]<.05
3        S 0.7184986 0.01511715         * 0.8329248 0.01071806         *
4    grp:S 0.7184986 0.52214067           0.8329248 0.54430628          
7     S:ID 0.9015401 0.21917300           1.1479672 0.21542165          
8 grp:S:ID 0.9015401 0.22647430           1.1479672 0.22307549          

