[1] "HarmonicityUpR ~S*IDR*IDL*grp + Error(pp/(S*IDR*IDL))"
$ANOVA
          Effect DFn DFd          F            p p<.05         ges
2            grp   1   8  2.7162702 1.379426e-01       0.076687118
3              S   2  16 22.1309902 2.469521e-05     * 0.074355225
4          grp:S   2  16  0.3049754 7.413326e-01       0.001105734
5            IDR   2  16 47.2065398 1.944445e-07     * 0.465902727
6        grp:IDR   2  16  6.2097958 1.009293e-02     * 0.102937314
7            IDL   1   8 16.4987229 3.624070e-03     * 0.234857820
8        grp:IDL   1   8  3.5840836 9.496175e-02       0.062511057
9          S:IDR   4  32  4.3544906 6.344111e-03     * 0.046508102
10     grp:S:IDR   4  32  1.9119270 1.325064e-01       0.020967312
11         S:IDL   2  16  1.3893474 2.777388e-01       0.011168473
12     grp:S:IDL   2  16  8.3248759 3.325989e-03     * 0.063386779
13       IDR:IDL   2  16 18.4998974 6.898686e-05     * 0.200530958
14   grp:IDR:IDL   2  16  3.1203181 7.174344e-02       0.040589508
15     S:IDR:IDL   4  32  0.3939619 8.114093e-01       0.008135774
16 grp:S:IDR:IDL   4  32  2.3381040 7.636557e-02       0.046420843

$`Mauchly's Test for Sphericity`
          Effect          W          p p<.05
3              S 0.99451396 0.98093017      
4          grp:S 0.99451396 0.98093017      
5            IDR 0.84798983 0.56152263      
6        grp:IDR 0.84798983 0.56152263      
9          S:IDR 0.05990221 0.04085949     *
10     grp:S:IDR 0.05990221 0.04085949     *
11         S:IDL 0.72344308 0.32204406      
12     grp:S:IDL 0.72344308 0.32204406      
13       IDR:IDL 0.91002344 0.71892572      
14   grp:IDR:IDL 0.91002344 0.71892572      
15     S:IDR:IDL 0.11843955 0.14776015      
16 grp:S:IDR:IDL 0.11843955 0.14776015      

$`Sphericity Corrections`
          Effect       GGe        p[GG] p[GG]<.05       HFe        p[HF]
3              S 0.9945439 2.581975e-05         * 1.3227435 2.469521e-05
4          grp:S 0.9945439 7.402073e-01           1.3227435 7.413326e-01
5            IDR 0.8680479 1.066146e-06         * 1.0875695 1.944445e-07
6        grp:IDR 0.8680479 1.420221e-02         * 1.0875695 1.009293e-02
9          S:IDR 0.4672798 3.438967e-02         * 0.6044023 2.205800e-02
10     grp:S:IDR 0.4672798 1.835541e-01           0.6044023 1.691096e-01
11         S:IDL 0.7833572 2.784081e-01           0.9404548 2.781797e-01
12     grp:S:IDL 0.7833572 7.234129e-03         * 0.9404548 4.113689e-03
13       IDR:IDL 0.9174509 1.248792e-04         * 1.1771197 6.898686e-05
14   grp:IDR:IDL 0.9174509 7.763153e-02           1.1771197 7.174344e-02
15     S:IDR:IDL 0.5556333 7.011431e-01           0.7790092 7.656004e-01
16 grp:S:IDR:IDL 0.5556333 1.212874e-01           0.7790092 9.594512e-02
   p[HF]<.05
3          *
4           
5          *
6          *
9          *
10          
11          
12         *
13         *
14          
15          
16          

