                  Estimate MCMCmean HPD95lower HPD95upper pMCMC Pr(>|t|)
(Intercept)         0.3025   0.3038     0.2216     0.3925 0.001   0.0000
grp1               -0.0622  -0.0638    -0.1483     0.0177 0.130   0.0999
S1                 -0.0864  -0.0867    -0.1153    -0.0573 0.001   0.0000
S2                  0.0410   0.0401     0.0137     0.0712 0.004   0.0362
IDR1               -0.2141  -0.2153    -0.2585    -0.1670 0.001   0.0000
IDR2               -0.0558  -0.0552    -0.1033    -0.0074 0.028   0.0575
IDL1               -0.1195  -0.1198    -0.1602    -0.0762 0.001   0.0001
grp1:S1            -0.0004   0.0001    -0.0286     0.0285 0.972   0.9839
grp1:S2             0.0090   0.0090    -0.0202     0.0377 0.532   0.6457
grp1:IDR1           0.0457   0.0454     0.0004     0.0933 0.056   0.1194
grp1:IDR2           0.0574   0.0581     0.0133     0.1096 0.012   0.0509
S1:IDR1             0.0886   0.0888     0.0542     0.1276 0.001   0.0014
S2:IDR1            -0.0454  -0.0455    -0.0799    -0.0066 0.012   0.1007
S1:IDR2            -0.0159  -0.0162    -0.0500     0.0255 0.378   0.5651
S2:IDR2             0.0178   0.0175    -0.0204     0.0534 0.324   0.5193
grp1:IDL1          -0.0557  -0.0568    -0.0976    -0.0112 0.006   0.0589
S1:IDL1             0.0161   0.0163    -0.0090     0.0425 0.170   0.4111
S2:IDL1            -0.0324  -0.0323    -0.0570    -0.0036 0.012   0.0974
IDR1:IDL1           0.1147   0.1149     0.0888     0.1414 0.001   0.0000
IDR2:IDL1           0.0300   0.0300     0.0073     0.0578 0.030   0.1247
grp1:S1:IDR1        0.0039   0.0030    -0.0352     0.0374 0.836   0.8865
grp1:S2:IDR1       -0.0051  -0.0044    -0.0393     0.0330 0.810   0.8532
grp1:S1:IDR2       -0.0541  -0.0533    -0.0918    -0.0159 0.006   0.0508
grp1:S2:IDR2        0.0147   0.0142    -0.0225     0.0493 0.448   0.5937
grp1:S1:IDL1        0.0751   0.0756     0.0502     0.1009 0.001   0.0001
grp1:S2:IDL1       -0.0153  -0.0154    -0.0399     0.0097 0.242   0.4341
grp1:IDR1:IDL1      0.0628   0.0630     0.0382     0.0911 0.001   0.0014
grp1:IDR2:IDL1     -0.0312  -0.0319    -0.0594    -0.0082 0.010   0.1103
S1:IDR1:IDL1       -0.0028  -0.0020    -0.0345     0.0384 0.918   0.9184
S2:IDR1:IDL1        0.0336   0.0338    -0.0055     0.0686 0.086   0.2242
S1:IDR2:IDL1        0.0096   0.0089    -0.0251     0.0447 0.656   0.7270
S2:IDR2:IDL1       -0.0261  -0.0265    -0.0621     0.0079 0.138   0.3455
grp1:S1:IDR1:IDL1  -0.0869  -0.0878    -0.1269    -0.0508 0.001   0.0018
grp1:S2:IDR1:IDL1   0.0165   0.0168    -0.0197     0.0509 0.358   0.5513
grp1:S1:IDR2:IDL1   0.0607   0.0606     0.0226     0.0955 0.001   0.0285
grp1:S2:IDR2:IDL1  -0.0077  -0.0078    -0.0407     0.0288 0.678   0.7810
NULL
       Length Class      Mode
fixed  6      data.frame list
random 7      data.frame list
Analysis of Variance Table
              Df  Sum Sq Mean Sq F value
grp            1 0.04438 0.04438  2.7093
S              2 0.32127 0.16063  9.8064
IDR            2 1.54653 0.77327 47.2066
IDL            1 0.27026 0.27026 16.4987
grp:S          2 0.00443 0.00221  0.1351
grp:IDR        2 0.20344 0.10172  6.2098
S:IDR          4 0.19508 0.04877  2.9773
grp:IDL        1 0.05871 0.05871  3.5841
S:IDL          2 0.04517 0.02259  1.3788
IDR:IDL        2 1.00318 0.50159 30.6213
grp:S:IDR      4 0.08565 0.02141  1.3073
grp:S:IDL      2 0.27067 0.13533  8.2619
grp:IDR:IDL    2 0.16920 0.08460  5.1648
S:IDR:IDL      4 0.03281 0.00820  0.5007
grp:S:IDR:IDL  4 0.19470 0.04867  2.9715
Linear mixed model fit by REML 
Formula: get(vname) ~ (1 | pp) + (1 | pp/S) + (1 | pp/IDR) + (1 | pp/IDL) +      (1 | pp/S:IDR:IDL) + grp * S * IDR * IDL 
   Data: mdata 
    AIC   BIC logLik deviance REMLdev
 -43.96 153.5  67.98   -342.7    -136
Random effects:
 Groups       Name        Variance   Std.Dev.  
 S:IDR:IDL:pp (Intercept) 2.8856e-02 1.6987e-01
 IDR:pp       (Intercept) 7.1827e-03 8.4751e-02
 S:pp         (Intercept) 1.2031e-13 3.4686e-07
 IDL:pp       (Intercept) 1.3507e-02 1.1622e-01
 pp           (Intercept) 6.3577e-04 2.5215e-02
 pp           (Intercept) 6.3578e-04 2.5215e-02
 pp           (Intercept) 6.3578e-04 2.5215e-02
 pp           (Intercept) 6.3578e-04 2.5215e-02
 pp           (Intercept) 6.3578e-04 2.5215e-02
 Residual                 1.6380e-02 1.2799e-01
Number of obs: 540, groups: S:IDR:IDL:pp, 180; IDR:pp, 30; S:pp, 30; IDL:pp, 20; pp, 10

Fixed effects:
                    Estimate Std. Error t value
(Intercept)        0.3025487  0.0377255   8.020
grp1              -0.0621777  0.0377255  -1.648
S1                -0.0864384  0.0195266  -4.427
S2                 0.0410083  0.0195266   2.100
IDR1              -0.2140958  0.0293281  -7.300
IDR2              -0.0558276  0.0293281  -1.904
IDL1              -0.1195306  0.0294276  -4.062
grp1:S1           -0.0003948  0.0195266  -0.020
grp1:S2            0.0089822  0.0195266   0.460
grp1:IDR1          0.0457491  0.0293281   1.560
grp1:IDR2          0.0573887  0.0293281   1.957
S1:IDR1            0.0886032  0.0276147   3.209
S2:IDR1           -0.0454140  0.0276147  -1.645
S1:IDR2           -0.0158986  0.0276147  -0.576
S2:IDR2            0.0178091  0.0276147   0.645
grp1:IDL1         -0.0557113  0.0294276  -1.893
S1:IDL1            0.0160636  0.0195266   0.823
S2:IDL1           -0.0324259  0.0195266  -1.661
IDR1:IDL1          0.1147433  0.0195266   5.876
IDR2:IDL1          0.0300282  0.0195266   1.538
grp1:S1:IDR1       0.0039421  0.0276147   0.143
grp1:S2:IDR1      -0.0051123  0.0276147  -0.185
grp1:S1:IDR2      -0.0540577  0.0276147  -1.958
grp1:S2:IDR2       0.0147407  0.0276147   0.534
grp1:S1:IDL1       0.0750969  0.0195266   3.846
grp1:S2:IDL1      -0.0152865  0.0195266  -0.783
grp1:IDR1:IDL1     0.0627575  0.0195266   3.214
grp1:IDR2:IDL1    -0.0312333  0.0195266  -1.600
S1:IDR1:IDL1      -0.0028292  0.0276147  -0.102
S2:IDR1:IDL1       0.0336051  0.0276147   1.217
S1:IDR2:IDL1       0.0096463  0.0276147   0.349
S2:IDR2:IDL1      -0.0260727  0.0276147  -0.944
grp1:S1:IDR1:IDL1 -0.0868883  0.0276147  -3.146
grp1:S2:IDR1:IDL1  0.0164660  0.0276147   0.596
grp1:S1:IDR2:IDL1  0.0606514  0.0276147   2.196
grp1:S2:IDR2:IDL1 -0.0076806  0.0276147  -0.278

Correlation of Fixed Effects:
            (Intr) grp1   S1     S2     IDR1   IDR2   IDL1   gr1:S1 gr1:S2
grp1         0.000                                                        
S1           0.000  0.000                                                 
S2           0.000  0.000 -0.500                                          
IDR1         0.000  0.000  0.000  0.000                                   
IDR2         0.000  0.000  0.000  0.000 -0.500                            
IDL1         0.000  0.000  0.000  0.000  0.000  0.000                     
grp1:S1      0.000  0.000  0.000  0.000  0.000  0.000  0.000              
grp1:S2      0.000  0.000  0.000  0.000  0.000  0.000  0.000 -0.500       
grp1:IDR1    0.000  0.000  0.000  0.000  0.000  0.000  0.000  0.000  0.000
grp1:IDR2    0.000  0.000  0.000  0.000  0.000  0.000  0.000  0.000  0.000
S1:IDR1      0.000  0.000  0.000  0.000  0.000  0.000  0.000  0.000  0.000
S2:IDR1      0.000  0.000  0.000  0.000  0.000  0.000  0.000  0.000  0.000
S1:IDR2      0.000  0.000  0.000  0.000  0.000  0.000  0.000  0.000  0.000
S2:IDR2      0.000  0.000  0.000  0.000  0.000  0.000  0.000  0.000  0.000
grp1:IDL1    0.000  0.000  0.000  0.000  0.000  0.000  0.000  0.000  0.000
S1:IDL1      0.000  0.000  0.000  0.000  0.000  0.000  0.000  0.000  0.000
S2:IDL1      0.000  0.000  0.000  0.000  0.000  0.000  0.000  0.000  0.000
IDR1:IDL1    0.000  0.000  0.000  0.000  0.000  0.000  0.000  0.000  0.000
IDR2:IDL1    0.000  0.000  0.000  0.000  0.000  0.000  0.000  0.000  0.000
gr1:S1:IDR1  0.000  0.000  0.000  0.000  0.000  0.000  0.000  0.000  0.000
gr1:S2:IDR1  0.000  0.000  0.000  0.000  0.000  0.000  0.000  0.000  0.000
gr1:S1:IDR2  0.000  0.000  0.000  0.000  0.000  0.000  0.000  0.000  0.000
gr1:S2:IDR2  0.000  0.000  0.000  0.000  0.000  0.000  0.000  0.000  0.000
gr1:S1:IDL1  0.000  0.000  0.000  0.000  0.000  0.000  0.000  0.000  0.000
gr1:S2:IDL1  0.000  0.000  0.000  0.000  0.000  0.000  0.000  0.000  0.000
g1:IDR1:IDL  0.000  0.000  0.000  0.000  0.000  0.000  0.000  0.000  0.000
g1:IDR2:IDL  0.000  0.000  0.000  0.000  0.000  0.000  0.000  0.000  0.000
S1:IDR1:IDL  0.000  0.000  0.000  0.000  0.000  0.000  0.000  0.000  0.000
S2:IDR1:IDL  0.000  0.000  0.000  0.000  0.000  0.000  0.000  0.000  0.000
S1:IDR2:IDL  0.000  0.000  0.000  0.000  0.000  0.000  0.000  0.000  0.000
S2:IDR2:IDL  0.000  0.000  0.000  0.000  0.000  0.000  0.000  0.000  0.000
g1:S1:IDR1:  0.000  0.000  0.000  0.000  0.000  0.000  0.000  0.000  0.000
g1:S2:IDR1:  0.000  0.000  0.000  0.000  0.000  0.000  0.000  0.000  0.000
g1:S1:IDR2:  0.000  0.000  0.000  0.000  0.000  0.000  0.000  0.000  0.000
g1:S2:IDR2:  0.000  0.000  0.000  0.000  0.000  0.000  0.000  0.000  0.000
            gr1:IDR1 gr1:IDR2 S1:IDR1 S2:IDR1 S1:IDR2 S2:IDR2 g1:IDL S1:IDL
grp1                                                                       
S1                                                                         
S2                                                                         
IDR1                                                                       
IDR2                                                                       
IDL1                                                                       
grp1:S1                                                                    
grp1:S2                                                                    
grp1:IDR1                                                                  
grp1:IDR2   -0.500                                                         
S1:IDR1      0.000    0.000                                                
S2:IDR1      0.000    0.000   -0.500                                       
S1:IDR2      0.000    0.000   -0.500   0.250                               
S2:IDR2      0.000    0.000    0.250  -0.500  -0.500                       
grp1:IDL1    0.000    0.000    0.000   0.000   0.000   0.000               
S1:IDL1      0.000    0.000    0.000   0.000   0.000   0.000   0.000       
S2:IDL1      0.000    0.000    0.000   0.000   0.000   0.000   0.000 -0.500
IDR1:IDL1    0.000    0.000    0.000   0.000   0.000   0.000   0.000  0.000
IDR2:IDL1    0.000    0.000    0.000   0.000   0.000   0.000   0.000  0.000
gr1:S1:IDR1  0.000    0.000    0.000   0.000   0.000   0.000   0.000  0.000
gr1:S2:IDR1  0.000    0.000    0.000   0.000   0.000   0.000   0.000  0.000
gr1:S1:IDR2  0.000    0.000    0.000   0.000   0.000   0.000   0.000  0.000
gr1:S2:IDR2  0.000    0.000    0.000   0.000   0.000   0.000   0.000  0.000
gr1:S1:IDL1  0.000    0.000    0.000   0.000   0.000   0.000   0.000  0.000
gr1:S2:IDL1  0.000    0.000    0.000   0.000   0.000   0.000   0.000  0.000
g1:IDR1:IDL  0.000    0.000    0.000   0.000   0.000   0.000   0.000  0.000
g1:IDR2:IDL  0.000    0.000    0.000   0.000   0.000   0.000   0.000  0.000
S1:IDR1:IDL  0.000    0.000    0.000   0.000   0.000   0.000   0.000  0.000
S2:IDR1:IDL  0.000    0.000    0.000   0.000   0.000   0.000   0.000  0.000
S1:IDR2:IDL  0.000    0.000    0.000   0.000   0.000   0.000   0.000  0.000
S2:IDR2:IDL  0.000    0.000    0.000   0.000   0.000   0.000   0.000  0.000
g1:S1:IDR1:  0.000    0.000    0.000   0.000   0.000   0.000   0.000  0.000
g1:S2:IDR1:  0.000    0.000    0.000   0.000   0.000   0.000   0.000  0.000
g1:S1:IDR2:  0.000    0.000    0.000   0.000   0.000   0.000   0.000  0.000
g1:S2:IDR2:  0.000    0.000    0.000   0.000   0.000   0.000   0.000  0.000
            S2:IDL IDR1:I IDR2:I gr1:S1:IDR1 gr1:S2:IDR1 gr1:S1:IDR2
grp1                                                                
S1                                                                  
S2                                                                  
IDR1                                                                
IDR2                                                                
IDL1                                                                
grp1:S1                                                             
grp1:S2                                                             
grp1:IDR1                                                           
grp1:IDR2                                                           
S1:IDR1                                                             
S2:IDR1                                                             
S1:IDR2                                                             
S2:IDR2                                                             
grp1:IDL1                                                           
S1:IDL1                                                             
S2:IDL1                                                             
IDR1:IDL1    0.000                                                  
IDR2:IDL1    0.000 -0.500                                           
gr1:S1:IDR1  0.000  0.000  0.000                                    
gr1:S2:IDR1  0.000  0.000  0.000 -0.500                             
gr1:S1:IDR2  0.000  0.000  0.000 -0.500       0.250                 
gr1:S2:IDR2  0.000  0.000  0.000  0.250      -0.500      -0.500     
gr1:S1:IDL1  0.000  0.000  0.000  0.000       0.000       0.000     
gr1:S2:IDL1  0.000  0.000  0.000  0.000       0.000       0.000     
g1:IDR1:IDL  0.000  0.000  0.000  0.000       0.000       0.000     
g1:IDR2:IDL  0.000  0.000  0.000  0.000       0.000       0.000     
S1:IDR1:IDL  0.000  0.000  0.000  0.000       0.000       0.000     
S2:IDR1:IDL  0.000  0.000  0.000  0.000       0.000       0.000     
S1:IDR2:IDL  0.000  0.000  0.000  0.000       0.000       0.000     
S2:IDR2:IDL  0.000  0.000  0.000  0.000       0.000       0.000     
g1:S1:IDR1:  0.000  0.000  0.000  0.000       0.000       0.000     
g1:S2:IDR1:  0.000  0.000  0.000  0.000       0.000       0.000     
g1:S1:IDR2:  0.000  0.000  0.000  0.000       0.000       0.000     
g1:S2:IDR2:  0.000  0.000  0.000  0.000       0.000       0.000     
            gr1:S2:IDR2 g1:S1:IDL g1:S2:IDL g1:IDR1: g1:IDR2: S1:IDR1: S2:IDR1:
grp1                                                                           
S1                                                                             
S2                                                                             
IDR1                                                                           
IDR2                                                                           
IDL1                                                                           
grp1:S1                                                                        
grp1:S2                                                                        
grp1:IDR1                                                                      
grp1:IDR2                                                                      
S1:IDR1                                                                        
S2:IDR1                                                                        
S1:IDR2                                                                        
S2:IDR2                                                                        
grp1:IDL1                                                                      
S1:IDL1                                                                        
S2:IDL1                                                                        
IDR1:IDL1                                                                      
IDR2:IDL1                                                                      
gr1:S1:IDR1                                                                    
gr1:S2:IDR1                                                                    
gr1:S1:IDR2                                                                    
gr1:S2:IDR2                                                                    
gr1:S1:IDL1  0.000                                                             
gr1:S2:IDL1  0.000      -0.500                                                 
g1:IDR1:IDL  0.000       0.000     0.000                                       
g1:IDR2:IDL  0.000       0.000     0.000    -0.500                             
S1:IDR1:IDL  0.000       0.000     0.000     0.000    0.000                    
S2:IDR1:IDL  0.000       0.000     0.000     0.000    0.000   -0.500           
S1:IDR2:IDL  0.000       0.000     0.000     0.000    0.000   -0.500    0.250  
S2:IDR2:IDL  0.000       0.000     0.000     0.000    0.000    0.250   -0.500  
g1:S1:IDR1:  0.000       0.000     0.000     0.000    0.000    0.000    0.000  
g1:S2:IDR1:  0.000       0.000     0.000     0.000    0.000    0.000    0.000  
g1:S1:IDR2:  0.000       0.000     0.000     0.000    0.000    0.000    0.000  
g1:S2:IDR2:  0.000       0.000     0.000     0.000    0.000    0.000    0.000  
            S1:IDR2: S2:IDR2: g1:S1:IDR1: g1:S2:IDR1: g1:S1:IDR2:
grp1                                                             
S1                                                               
S2                                                               
IDR1                                                             
IDR2                                                             
IDL1                                                             
grp1:S1                                                          
grp1:S2                                                          
grp1:IDR1                                                        
grp1:IDR2                                                        
S1:IDR1                                                          
S2:IDR1                                                          
S1:IDR2                                                          
S2:IDR2                                                          
grp1:IDL1                                                        
S1:IDL1                                                          
S2:IDL1                                                          
IDR1:IDL1                                                        
IDR2:IDL1                                                        
gr1:S1:IDR1                                                      
gr1:S2:IDR1                                                      
gr1:S1:IDR2                                                      
gr1:S2:IDR2                                                      
gr1:S1:IDL1                                                      
gr1:S2:IDL1                                                      
g1:IDR1:IDL                                                      
g1:IDR2:IDL                                                      
S1:IDR1:IDL                                                      
S2:IDR1:IDL                                                      
S1:IDR2:IDL                                                      
S2:IDR2:IDL -0.500                                               
g1:S1:IDR1:  0.000    0.000                                      
g1:S2:IDR1:  0.000    0.000   -0.500                             
g1:S1:IDR2:  0.000    0.000   -0.500       0.250                 
g1:S2:IDR2:  0.000    0.000    0.250      -0.500      -0.500     
