[1] "IPerf ~(S*ID*grp)+Error(pp/(S*ID))+grp"
$ANOVA
    Effect DFn DFd           F            p p<.05         ges
2      grp   1   8  0.08573263 7.771249e-01       0.005381350
3        S   2  16 20.45129083 3.907546e-05     * 0.161031001
5       ID   2  16 13.96064627 3.101408e-04     * 0.395818999
4    grp:S   2  16  0.44930108 6.458826e-01       0.004199067
6   grp:ID   2  16  0.04739404 9.538449e-01       0.002219131
7     S:ID   4  32  9.47109629 3.613317e-05     * 0.050188135
8 grp:S:ID   4  32  0.47588530 7.530971e-01       0.002647976

$`Mauchly's Test for Sphericity`
    Effect         W           p p<.05
3        S 0.3960245 0.039086540     *
4    grp:S 0.3960245 0.039086540     *
5       ID 0.1974436 0.003420195     *
6   grp:ID 0.1974436 0.003420195     *
7     S:ID 0.1178197 0.145072913      
8 grp:S:ID 0.1178197 0.145072913      

$`Sphericity Corrections`
    Effect       GGe       p[GG] p[GG]<.05       HFe        p[HF] p[HF]<.05
3        S 0.6234509 0.000732996         * 0.6828064 4.599699e-04         *
4    grp:S 0.6234509 0.560466404           0.6828064 5.767200e-01          
5       ID 0.5547677 0.004145828         * 0.5794833 3.582844e-03         *
6   grp:ID 0.5547677 0.856188409           0.5794833 8.654113e-01          
7     S:ID 0.6170841 0.000751562         * 0.9136053 7.126992e-05         *
8 grp:S:ID 0.6170841 0.667222613           0.9136053 7.371187e-01          

