[1] "Summary by group"
  grp  IPerf.m  IPerf.s
1   C 7.239979 3.068693
2   U 6.944547 2.702437
[1] "Summary by session\n"
  S  IPerf.m  IPerf.s
1 1 5.905494 2.015912
2 2 7.361929 2.917599
3 3 8.009366 3.211790
[1] "Summary by ID\n"
  ID  IPerf.m   IPerf.s
1  D 5.121323 0.8588162
2  M 7.053193 1.8825085
3  E 9.102272 3.5977023
[1] "Summary by group + Session\n"
  grp S  IPerf.m  IPerf.s
1   C 1 5.871827 2.196733
2   C 2 7.571460 2.966004
3   C 3 8.276649 3.453981
4   U 1 5.939162 1.841795
5   U 2 7.152398 2.886390
6   U 3 7.742082 2.964713
[1] "Summary by Session + ID\n"
  S ID   IPerf.m   IPerf.s
1 1  D  4.736817 0.7231719
2 1  M  5.836110 1.2239414
3 1  E  7.143557 2.7289965
4 2  D  5.116560 0.7714372
5 2  M  7.227067 1.8295611
6 2  E  9.742160 3.3296543
7 3  D  5.510593 0.9141913
8 3  M  8.096403 1.8278763
9 3  E 10.421100 3.8726346
[1] "Summary by group + ID\n"
  grp ID  IPerf.m   IPerf.s
1   C  D 5.289567 0.8987065
2   C  M 7.305267 2.2124096
3   C  E 9.125102 3.9302496
4   U  D 4.953080 0.7914048
5   U  M 6.801120 1.4640670
6   U  E 9.079442 3.2761510
[1] "Summary by group + Session + ID\n"
   grp S ID   IPerf.m   IPerf.s
1    C 1  D  4.741127 0.7601091
2    C 1  M  5.803893 1.2700716
3    C 1  E  7.070460 3.1719613
4    C 2  D  5.433953 0.8728132
5    C 2  M  7.646100 2.2787574
6    C 2  E  9.634327 3.4975868
7    C 3  D  5.693620 0.8241996
8    C 3  M  8.465807 2.1436067
9    C 3  E 10.670520 4.3466070
10   U 1  D  4.732507 0.7109889
11   U 1  M  5.868327 1.2197383
12   U 1  E  7.216653 2.3138743
13   U 2  D  4.799167 0.5050425
14   U 2  M  6.808033 1.1681964
15   U 2  E  9.849993 3.2721651
16   U 3  D  5.327567 0.9899998
17   U 3  M  7.727000 1.4259924
18   U 3  E 10.171680 3.4698030
