[1] "accQR ~S*IDR*IDL*grp + Error(pp/(S*IDR*IDL))"
$ANOVA
          Effect DFn DFd          F            p p<.05         ges
2            grp   1   8  0.1231915 7.346623e-01       0.007099821
3              S   2  16  5.7518033 1.311725e-02     * 0.102683197
5            IDR   2  16 80.8671214 4.313115e-09     * 0.344669598
7            IDL   1   8 48.6273257 1.156817e-04     * 0.323421827
4          grp:S   2  16  1.4260161 2.692120e-01       0.027588252
6        grp:IDR   2  16  3.8325860 4.365988e-02     * 0.024320350
8        grp:IDL   1   8  2.4146753 1.588089e-01       0.023186821
9          S:IDR   4  32  5.4002491 1.939411e-03     * 0.025772463
11         S:IDL   2  16  0.6265089 5.470655e-01       0.003165941
13       IDR:IDL   2  16 18.2376074 7.470094e-05     * 0.183948406
10     grp:S:IDR   4  32  0.7677492 5.541530e-01       0.003746889
12     grp:S:IDL   2  16  8.0199815 3.867442e-03     * 0.039067789
14   grp:IDR:IDL   2  16  2.4575027 1.172995e-01       0.029478786
15     S:IDR:IDL   4  32  1.1952014 3.318698e-01       0.009937741
16 grp:S:IDR:IDL   4  32  2.6876787 4.878877e-02     * 0.022073325

$`Mauchly's Test for Sphericity`
          Effect         W          p p<.05
3              S 0.3260997 0.01980280     *
4          grp:S 0.3260997 0.01980280     *
5            IDR 0.9988653 0.99603426      
6        grp:IDR 0.9988653 0.99603426      
9          S:IDR 0.2128011 0.37450053      
10     grp:S:IDR 0.2128011 0.37450053      
11         S:IDL 0.5566375 0.12867781      
12     grp:S:IDL 0.5566375 0.12867781      
13       IDR:IDL 0.3590193 0.02772761     *
14   grp:IDR:IDL 0.3590193 0.02772761     *
15     S:IDR:IDL 0.1114848 0.13282094      
16 grp:S:IDR:IDL 0.1114848 0.13282094      

$`Sphericity Corrections`
          Effect       GGe        p[GG] p[GG]<.05       HFe        p[HF]
3              S 0.5974072 3.421249e-02         * 0.6431367 3.064469e-02
4          grp:S 0.5974072 2.694379e-01           0.6431367 2.701870e-01
5            IDR 0.9988666 4.395167e-09         * 1.3311303 4.313115e-09
6        grp:IDR 0.9988666 4.372648e-02         * 1.3311303 4.365988e-02
9          S:IDR 0.6050409 1.025263e-02         * 0.8862927 3.115644e-03
10     grp:S:IDR 0.6050409 5.005717e-01           0.8862927 5.411525e-01
11         S:IDL 0.6928267 4.959986e-01           0.7915279 5.144113e-01
12     grp:S:IDL 0.6928267 1.119693e-02         * 0.7915279 7.938318e-03
13       IDR:IDL 0.6093917 1.227814e-03         * 0.6613157 8.432823e-04
14   grp:IDR:IDL 0.6093917 1.468908e-01           0.6613157 1.427317e-01
15     S:IDR:IDL 0.4648094 3.267821e-01           0.5998089 3.310669e-01
16 grp:S:IDR:IDL 0.4648094 1.036391e-01           0.5998089 8.544819e-02
   p[HF]<.05
3          *
4           
5          *
6          *
9          *
10          
11          
12         *
13         *
14          
15          
16          

