[1] "Summary by group"
  grp   accQR.m    accQR.s
1   C 0.3887764 0.07112046
2   U 0.3962386 0.07329788
[1] "Summary by session\n"
  S   accQR.m    accQR.s
1 1 0.3715374 0.06184207
2 2 0.4009032 0.07317711
3 3 0.4050820 0.07658828
[1] "Summary by IDR+IDR\n"
  IDL IDR   accQR.m    accQR.s
1   D   D 0.4877051 0.04374023
2   D   M 0.4230104 0.05565883
3   D   E 0.3583262 0.04552177
4   E   D 0.3781210 0.07806988
5   E   M 0.3568950 0.05215098
6   E   E 0.3509874 0.03451260
[1] "Summary by group + Session\n"
  grp S   accQR.m    accQR.s
1   C 1 0.3595702 0.04976319
2   C 2 0.3956354 0.07717336
3   C 3 0.4111237 0.07376145
4   U 1 0.3835046 0.07018429
5   U 2 0.4061710 0.06897897
6   U 3 0.3990403 0.07926449
[1] "Summary by Session + IDR + IDL \n"
   S IDL IDR   accQR.m    accQR.s
1  1   D   D 0.4621697 0.04857245
2  1   D   M 0.3860093 0.04813624
3  1   D   E 0.3497393 0.03904319
4  1   E   D 0.3485470 0.06040721
5  1   E   M 0.3375157 0.03861167
6  1   E   E 0.3452433 0.02450184
7  2   D   D 0.5008160 0.03214637
8  2   D   M 0.4466330 0.04464785
9  2   D   E 0.3566207 0.04340675
10 2   E   D 0.3831603 0.07926326
11 2   E   M 0.3636327 0.04746365
12 2   E   E 0.3545567 0.03320783
13 3   D   D 0.5001297 0.03829931
14 3   D   M 0.4363890 0.05493740
15 3   D   E 0.3686187 0.05255678
16 3   E   D 0.4026557 0.08496825
17 3   E   M 0.3695367 0.06326365
18 3   E   E 0.3531623 0.04359127
[1] "Summary by group + IDR + IDL\n"
   grp IDL IDR   accQR.m    accQR.s
1    C   D   D 0.4892231 0.04997229
2    C   D   M 0.4342144 0.05794245
3    C   D   E 0.3548049 0.04518522
4    C   E   D 0.3496280 0.05350929
5    C   E   M 0.3503529 0.03864089
6    C   E   E 0.3544353 0.02787008
7    U   D   D 0.4861871 0.03698586
8    U   D   M 0.4118064 0.05149878
9    U   D   E 0.3618476 0.04609221
10   U   E   D 0.4066140 0.08834300
11   U   E   M 0.3634371 0.06261469
12   U   E   E 0.3475396 0.04010301
[1] "Summary by group + Session + IDR + IDL\n"
   grp S IDL IDR   accQR.m    accQR.s
1    C 1   D   D 0.4391593 0.05410384
2    C 1   D   M 0.3658500 0.03651626
3    C 1   D   E 0.3401660 0.03251365
4    C 1   E   D 0.3307913 0.02062122
5    C 1   E   M 0.3395013 0.02581018
6    C 1   E   E 0.3419533 0.02120091
7    C 2   D   D 0.5125027 0.02168003
8    C 2   D   M 0.4640053 0.03214042
9    C 2   D   E 0.3454147 0.04395120
10   C 2   E   D 0.3459993 0.05647726
11   C 2   E   M 0.3521593 0.03988279
12   C 2   E   E 0.3537313 0.02749430
13   C 3   D   D 0.5160073 0.02040820
14   C 3   D   M 0.4727880 0.02515024
15   C 3   D   E 0.3788340 0.04985196
16   C 3   E   D 0.3720933 0.06669961
17   C 3   E   M 0.3593980 0.04710132
18   C 3   E   E 0.3676213 0.02969887
19   U 1   D   D 0.4851800 0.02872752
20   U 1   D   M 0.4061687 0.05094518
21   U 1   D   E 0.3593127 0.04363597
22   U 1   E   D 0.3663027 0.08036111
23   U 1   E   M 0.3355300 0.04912838
24   U 1   E   E 0.3485333 0.02776489
25   U 2   D   D 0.4891293 0.03712008
26   U 2   D   M 0.4292607 0.04949276
27   U 2   D   E 0.3678267 0.04125625
28   U 2   E   D 0.4203213 0.08285682
29   U 2   E   M 0.3751060 0.05285635
30   U 2   E   E 0.3553820 0.03907547
31   U 3   D   D 0.4842520 0.04562607
32   U 3   D   M 0.3999900 0.05272796
33   U 3   D   E 0.3584033 0.05488989
34   U 3   E   D 0.4332180 0.09221988
35   U 3   E   M 0.3796753 0.07649609
36   U 3   E   E 0.3387033 0.05105010
