            Estimate MCMCmean HPD95lower HPD95upper pMCMC Pr(>|t|)
(Intercept)   7.0947   7.1158     6.3708     7.7751 0.001   0.0000
grp1          0.1474   0.1300    -0.5948     0.8625 0.714   0.7706
S1           -1.1881  -1.1988    -1.5031    -0.8881 0.001   0.0000
S2            0.2735   0.2830    -0.0095     0.6023 0.072   0.1604
ID1          -1.9770  -1.9569    -2.4247    -1.5203 0.001   0.0000
ID2          -0.0370  -0.0532    -0.5216     0.3953 0.804   0.9322
grp1:S1      -0.1820  -0.1848    -0.4990     0.1288 0.244   0.3497
grp1:S2       0.0625   0.0657    -0.2610     0.3852 0.694   0.7480
grp1:ID1      0.0212   0.0208    -0.4368     0.4929 0.966   0.9612
grp1:ID2      0.1022   0.0930    -0.3312     0.6416 0.688   0.8145
S1:ID1        0.8032   0.8125     0.5168     1.0947 0.001   0.0000
S2:ID1       -0.2754  -0.2779    -0.5650     0.0098 0.060   0.0680
S1:ID2       -0.0320  -0.0326    -0.2909     0.2636 0.810   0.8316
S2:ID2       -0.0956  -0.0972    -0.3683     0.1887 0.504   0.5253
grp1:S1:ID1   0.0190   0.0177    -0.2844     0.2940 0.908   0.8994
grp1:S2:ID1   0.0860   0.0898    -0.1706     0.3624 0.516   0.5677
grp1:S1:ID2  -0.1018  -0.0956    -0.3546     0.1912 0.494   0.4987
grp1:S2:ID2   0.1052   0.0986    -0.1549     0.3843 0.476   0.4846
Analysis of Variance Table
         Df Sum Sq Mean Sq F value
grp       1  0.075  0.0753  0.0840
S         2 36.795 18.3973 20.5248
ID        2 25.163 12.5814 14.0364
grp:S     2  0.813  0.4064  0.4534
grp:ID    2  0.082  0.0412  0.0460
S:ID      4 33.839  8.4597  9.4379
grp:S:ID  4  1.682  0.4205  0.4692
Linear mixed model fit by REML 
Formula: IPerf ~ (1 | pp) + (1 | pp/S) + (1 | pp/ID) + (1 | pp/S:ID) +      grp * S * ID 
   Data: mdata 
   AIC  BIC logLik deviance REMLdev
 960.3 1054 -454.1    884.4   908.3
Random effects:
 Groups   Name        Variance Std.Dev.
 S:ID:pp  (Intercept) 0.20936  0.45756 
 ID:pp    (Intercept) 2.66822  1.63347 
 S:pp     (Intercept) 0.39647  0.62966 
 pp       (Intercept) 0.36792  0.60656 
 pp       (Intercept) 0.36791  0.60656 
 pp       (Intercept) 0.36791  0.60656 
 pp       (Intercept) 0.36791  0.60656 
 Residual             0.89635  0.94676 
Number of obs: 270, groups: S:ID:pp, 90; ID:pp, 30; S:pp, 30; pp, 10

Fixed effects:
            Estimate Std. Error t value
(Intercept)  7.09467    0.50490  14.052
grp1         0.14737    0.50490   0.292
S1          -1.18807    0.19423  -6.117
S2           0.27346    0.19423   1.408
ID1         -1.97696    0.43494  -4.545
ID2         -0.03703    0.43494  -0.085
grp1:S1     -0.18199    0.19423  -0.937
grp1:S2      0.06247    0.19423   0.322
grp1:ID1     0.02115    0.43494   0.049
grp1:ID2     0.10216    0.43494   0.235
S1:ID1       0.80316    0.15028   5.344
S2:ID1      -0.27543    0.15028  -1.833
S1:ID2      -0.03199    0.15028  -0.213
S2:ID2      -0.09560    0.15028  -0.636
grp1:S1:ID1  0.01902    0.15028   0.127
grp1:S2:ID1  0.08598    0.15028   0.572
grp1:S1:ID2 -0.10181    0.15028  -0.677
grp1:S2:ID2  0.10518    0.15028   0.700

Correlation of Fixed Effects:
            (Intr) grp1   S1     S2     ID1    ID2    gr1:S1 gr1:S2 g1:ID1
grp1         0.000                                                        
S1           0.000  0.000                                                 
S2           0.000  0.000 -0.500                                          
ID1          0.000  0.000  0.000  0.000                                   
ID2          0.000  0.000  0.000  0.000 -0.500                            
grp1:S1      0.000  0.000  0.000  0.000  0.000  0.000                     
grp1:S2      0.000  0.000  0.000  0.000  0.000  0.000 -0.500              
grp1:ID1     0.000  0.000  0.000  0.000  0.000  0.000  0.000  0.000       
grp1:ID2     0.000  0.000  0.000  0.000  0.000  0.000  0.000  0.000 -0.500
S1:ID1       0.000  0.000  0.000  0.000  0.000  0.000  0.000  0.000  0.000
S2:ID1       0.000  0.000  0.000  0.000  0.000  0.000  0.000  0.000  0.000
S1:ID2       0.000  0.000  0.000  0.000  0.000  0.000  0.000  0.000  0.000
S2:ID2       0.000  0.000  0.000  0.000  0.000  0.000  0.000  0.000  0.000
grp1:S1:ID1  0.000  0.000  0.000  0.000  0.000  0.000  0.000  0.000  0.000
grp1:S2:ID1  0.000  0.000  0.000  0.000  0.000  0.000  0.000  0.000  0.000
grp1:S1:ID2  0.000  0.000  0.000  0.000  0.000  0.000  0.000  0.000  0.000
grp1:S2:ID2  0.000  0.000  0.000  0.000  0.000  0.000  0.000  0.000  0.000
            g1:ID2 S1:ID1 S2:ID1 S1:ID2 S2:ID2 g1:S1:ID1 g1:S2:ID1 g1:S1:ID2
grp1                                                                        
S1                                                                          
S2                                                                          
ID1                                                                         
ID2                                                                         
grp1:S1                                                                     
grp1:S2                                                                     
grp1:ID1                                                                    
grp1:ID2                                                                    
S1:ID1       0.000                                                          
S2:ID1       0.000 -0.500                                                   
S1:ID2       0.000 -0.500  0.250                                            
S2:ID2       0.000  0.250 -0.500 -0.500                                     
grp1:S1:ID1  0.000  0.000  0.000  0.000  0.000                              
grp1:S2:ID1  0.000  0.000  0.000  0.000  0.000 -0.500                       
grp1:S1:ID2  0.000  0.000  0.000  0.000  0.000 -0.500     0.250             
grp1:S2:ID2  0.000  0.000  0.000  0.000  0.000  0.250    -0.500    -0.500   
Linear mixed model fit by REML 
Formula: IPerf ~ (1 | pp) + (1 | pp/S) + (1 | pp/ID) + (1 | pp/S:ID) +      grp * S * ID 
   Data: mdata 
   AIC  BIC logLik deviance REMLdev
 960.3 1054 -454.1    884.4   908.3
Random effects:
 Groups   Name        Variance Std.Dev.
 S:ID:pp  (Intercept) 0.20936  0.45756 
 ID:pp    (Intercept) 2.66822  1.63347 
 S:pp     (Intercept) 0.39647  0.62966 
 pp       (Intercept) 0.36792  0.60656 
 pp       (Intercept) 0.36791  0.60656 
 pp       (Intercept) 0.36791  0.60656 
 pp       (Intercept) 0.36791  0.60656 
 Residual             0.89635  0.94676 
Number of obs: 270, groups: S:ID:pp, 90; ID:pp, 30; S:pp, 30; pp, 10

Fixed effects:
            Estimate Std. Error t value
(Intercept)  7.09467    0.50490  14.052
grp1         0.14737    0.50490   0.292
S1          -1.18807    0.19423  -6.117
S2           0.27346    0.19423   1.408
ID1         -1.97696    0.43494  -4.545
ID2         -0.03703    0.43494  -0.085
grp1:S1     -0.18199    0.19423  -0.937
grp1:S2      0.06247    0.19423   0.322
grp1:ID1     0.02115    0.43494   0.049
grp1:ID2     0.10216    0.43494   0.235
S1:ID1       0.80316    0.15028   5.344
S2:ID1      -0.27543    0.15028  -1.833
S1:ID2      -0.03199    0.15028  -0.213
S2:ID2      -0.09560    0.15028  -0.636
grp1:S1:ID1  0.01902    0.15028   0.127
grp1:S2:ID1  0.08598    0.15028   0.572
grp1:S1:ID2 -0.10181    0.15028  -0.677
grp1:S2:ID2  0.10518    0.15028   0.700

Correlation of Fixed Effects:
            (Intr) grp1   S1     S2     ID1    ID2    gr1:S1 gr1:S2 g1:ID1
grp1         0.000                                                        
S1           0.000  0.000                                                 
S2           0.000  0.000 -0.500                                          
ID1          0.000  0.000  0.000  0.000                                   
ID2          0.000  0.000  0.000  0.000 -0.500                            
grp1:S1      0.000  0.000  0.000  0.000  0.000  0.000                     
grp1:S2      0.000  0.000  0.000  0.000  0.000  0.000 -0.500              
grp1:ID1     0.000  0.000  0.000  0.000  0.000  0.000  0.000  0.000       
grp1:ID2     0.000  0.000  0.000  0.000  0.000  0.000  0.000  0.000 -0.500
S1:ID1       0.000  0.000  0.000  0.000  0.000  0.000  0.000  0.000  0.000
S2:ID1       0.000  0.000  0.000  0.000  0.000  0.000  0.000  0.000  0.000
S1:ID2       0.000  0.000  0.000  0.000  0.000  0.000  0.000  0.000  0.000
S2:ID2       0.000  0.000  0.000  0.000  0.000  0.000  0.000  0.000  0.000
grp1:S1:ID1  0.000  0.000  0.000  0.000  0.000  0.000  0.000  0.000  0.000
grp1:S2:ID1  0.000  0.000  0.000  0.000  0.000  0.000  0.000  0.000  0.000
grp1:S1:ID2  0.000  0.000  0.000  0.000  0.000  0.000  0.000  0.000  0.000
grp1:S2:ID2  0.000  0.000  0.000  0.000  0.000  0.000  0.000  0.000  0.000
            g1:ID2 S1:ID1 S2:ID1 S1:ID2 S2:ID2 g1:S1:ID1 g1:S2:ID1 g1:S1:ID2
grp1                                                                        
S1                                                                          
S2                                                                          
ID1                                                                         
ID2                                                                         
grp1:S1                                                                     
grp1:S2                                                                     
grp1:ID1                                                                    
grp1:ID2                                                                    
S1:ID1       0.000                                                          
S2:ID1       0.000 -0.500                                                   
S1:ID2       0.000 -0.500  0.250                                            
S2:ID2       0.000  0.250 -0.500 -0.500                                     
grp1:S1:ID1  0.000  0.000  0.000  0.000  0.000                              
grp1:S2:ID1  0.000  0.000  0.000  0.000  0.000 -0.500                       
grp1:S1:ID2  0.000  0.000  0.000  0.000  0.000 -0.500     0.250             
grp1:S2:ID2  0.000  0.000  0.000  0.000  0.000  0.250    -0.500    -0.500   
