[1] "vfTrajCircularityLrel ~S*IDR*IDL*grp + Error(pp/(S*IDR*IDL))"
$ANOVA
          Effect DFn DFd          F            p p<.05          ges
2            grp   1   8  0.0132933 9.110515e-01       0.0008460397
3              S   2  16  1.5143559 2.498531e-01       0.0102517360
5            IDR   2  16 33.4191715 1.936906e-06     * 0.0871848148
7            IDL   1   8 29.4861215 6.232556e-04     * 0.4736043389
4          grp:S   2  16  4.5735887 2.685628e-02     * 0.0303336138
6        grp:IDR   2  16  1.2623033 3.097191e-01       0.0035946951
8        grp:IDL   1   8  1.4943168 2.563381e-01       0.0436078247
9          S:IDR   4  32  2.0931294 1.047899e-01       0.0105533232
11         S:IDL   2  16  0.6002695 5.605617e-01       0.0063660108
13       IDR:IDL   2  16 12.7408215 4.899054e-04     * 0.0359429749
10     grp:S:IDR   4  32  1.3007466 2.906609e-01       0.0065845238
12     grp:S:IDL   2  16  0.9484209 4.080831e-01       0.0100212453
14   grp:IDR:IDL   2  16  1.9280436 1.777504e-01       0.0056103160
15     S:IDR:IDL   4  32  0.9078192 4.711429e-01       0.0021704542
16 grp:S:IDR:IDL   4  32  0.3252290 8.589480e-01       0.0007786563

$`Mauchly's Test for Sphericity`
          Effect          W          p p<.05
3              S 0.92660867 0.76583860      
4          grp:S 0.92660867 0.76583860      
5            IDR 0.90482397 0.70465144      
6        grp:IDR 0.90482397 0.70465144      
9          S:IDR 0.03691761 0.01498797     *
10     grp:S:IDR 0.03691761 0.01498797     *
11         S:IDL 0.78714961 0.43271356      
12     grp:S:IDL 0.78714961 0.43271356      
13       IDR:IDL 0.99198532 0.97222851      
14   grp:IDR:IDL 0.99198532 0.97222851      
15     S:IDR:IDL 0.43487285 0.81210844      
16 grp:S:IDR:IDL 0.43487285 0.81210844      

$`Sphericity Corrections`
          Effect       GGe        p[GG] p[GG]<.05       HFe        p[HF]
3              S 0.9316267 2.513445e-01           1.2033477 2.498531e-01
4          grp:S 0.9316267 3.026222e-02         * 1.2033477 2.685628e-02
5            IDR 0.9130952 4.882656e-06         * 1.1691091 1.936906e-06
6        grp:IDR 0.9130952 3.087598e-01           1.1691091 3.097191e-01
9          S:IDR 0.4886463 1.571690e-01           0.6447559 1.388968e-01
10     grp:S:IDR 0.4886463 2.995426e-01           0.6447559 2.989230e-01
11         S:IDL 0.8245040 5.323355e-01           1.0109501 5.605617e-01
12     grp:S:IDL 0.8245040 3.952269e-01           1.0109501 4.080831e-01
13       IDR:IDL 0.9920490 5.110965e-04         * 1.3179140 4.899054e-04
14   grp:IDR:IDL 0.9920490 1.781794e-01           1.3179140 1.777504e-01
15     S:IDR:IDL 0.7972064 4.560452e-01           1.3873656 4.711429e-01
16 grp:S:IDR:IDL 0.7972064 8.185243e-01           1.3873656 8.589480e-01
   p[HF]<.05
3           
4          *
5          *
6           
9           
10          
11          
12          
13         *
14          
15          
16          

