Post-hoc Tukey comparisons[1] "grp Tukey test"

	Pairwise comparisons using paired t tests 

data:  mdata$vfTrajCircularityLrel and mdata$grp 

  C   
U 0.51

P value adjustment method: bonferroni 
[1] "S Tukey test"

	Pairwise comparisons using paired t tests 

data:  mdata$vfTrajCircularityLrel and mdata$S 

  1      2     
2 0.0042 -     
3 0.1721 0.7252

P value adjustment method: bonferroni 
[1] "IDR Tukey test"

	Pairwise comparisons using paired t tests 

data:  mdata$vfTrajCircularityLrel and mdata$IDR 

  D       M      
M 0.0027  -      
E < 2e-16 6.2e-13

P value adjustment method: bonferroni 
[1] "IDL Tukey test"
