Post-hoc Tukey comparisons[1] "grp Tukey test"

	Pairwise comparisons using paired t tests 

data:  mdata$q1Rrel and mdata$grp 

  C      
U 4.5e-09

P value adjustment method: bonferroni 
[1] "S Tukey test"

	Pairwise comparisons using paired t tests 

data:  mdata$q1Rrel and mdata$S 

  1      2     
2 0.0051 -     
3 0.0799 0.8941

P value adjustment method: bonferroni 
[1] "IDR Tukey test"

	Pairwise comparisons using paired t tests 

data:  mdata$q1Rrel and mdata$IDR 

  D M
M 1 -
E 1 1

P value adjustment method: bonferroni 
[1] "IDL Tukey test"
