                  Estimate MCMCmean HPD95lower HPD95upper pMCMC Pr(>|t|)
(Intercept)         0.0159   0.0161    -0.2662     0.2788 0.908   0.8571
grp1                0.0055   0.0054    -0.2681     0.2671 0.976   0.9500
S1                  0.0041   0.0044    -0.1438     0.1355 0.932   0.9574
S2                  0.0326   0.0323    -0.0971     0.1815 0.624   0.6701
IDR1                0.0054  -0.0002    -0.1480     0.1638 0.996   0.9484
IDR2                0.0357   0.0384    -0.1202     0.1814 0.622   0.6665
IDL1               -0.0586  -0.0571    -0.1989     0.0985 0.428   0.4622
grp1:S1             0.0161   0.0179    -0.1213     0.1617 0.800   0.8330
grp1:S2            -0.0412  -0.0425    -0.2020     0.0975 0.578   0.5900
grp1:IDR1          -0.0305  -0.0278    -0.1773     0.1322 0.756   0.7129
grp1:IDR2          -0.0337  -0.0377    -0.1904     0.1195 0.602   0.6840
S1:IDR1            -0.1060  -0.1067    -0.2474     0.0367 0.140   0.2869
S2:IDR1             0.0199   0.0224    -0.1323     0.1559 0.770   0.8410
S1:IDR2             0.0640   0.0628    -0.0783     0.2117 0.366   0.5199
S2:IDR2             0.0780   0.0787    -0.0677     0.2152 0.270   0.4333
grp1:IDL1           0.0644   0.0649    -0.0792     0.2221 0.360   0.4188
S1:IDL1             0.0868   0.0895    -0.0107     0.1946 0.070   0.2174
S2:IDL1            -0.1062  -0.1078    -0.2055    -0.0046 0.036   0.1314
IDR1:IDL1           0.0761   0.0756    -0.0301     0.1840 0.172   0.2791
IDR2:IDL1          -0.0888  -0.0866    -0.1850     0.0156 0.082   0.2071
grp1:S1:IDR1        0.1139   0.1146    -0.0190     0.2753 0.134   0.2522
grp1:S2:IDR1       -0.0326  -0.0328    -0.1869     0.1130 0.670   0.7429
grp1:S1:IDR2       -0.0619  -0.0621    -0.2074     0.0806 0.360   0.5337
grp1:S2:IDR2       -0.0798  -0.0792    -0.2175     0.0614 0.280   0.4223
grp1:S1:IDL1       -0.0883  -0.0889    -0.1851     0.0088 0.080   0.2095
grp1:S2:IDL1        0.0980   0.0961    -0.0080     0.1918 0.068   0.1640
grp1:IDR1:IDL1     -0.0751  -0.0735    -0.1789     0.0238 0.154   0.2861
grp1:IDR2:IDL1      0.0865   0.0856    -0.0346     0.1885 0.122   0.2189
S1:IDR1:IDL1        0.0100   0.0108    -0.1297     0.1446 0.894   0.9196
S2:IDR1:IDL1        0.0467   0.0433    -0.1018     0.1829 0.516   0.6386
S1:IDR2:IDL1        0.0303   0.0294    -0.1124     0.1815 0.684   0.7609
S2:IDR2:IDL1       -0.0316  -0.0280    -0.1830     0.1035 0.712   0.7505
grp1:S1:IDR1:IDL1  -0.0097  -0.0115    -0.1368     0.1466 0.872   0.9221
grp1:S2:IDR1:IDL1  -0.0452  -0.0464    -0.1888     0.0975 0.522   0.6498
grp1:S1:IDR2:IDL1  -0.0310  -0.0325    -0.1623     0.1078 0.686   0.7551
grp1:S2:IDR2:IDL1   0.0384   0.0399    -0.1041     0.1793 0.602   0.6997
NULL
       Length Class      Mode
fixed  6      data.frame list
random 7      data.frame list
Analysis of Variance Table
              Df  Sum Sq Mean Sq F value
grp            1 0.00168 0.00168  0.0039
S              2 0.11792 0.05896  0.1382
IDR            2 0.12399 0.06200  0.1453
IDL            1 0.23099 0.23099  0.5414
grp:S          2 0.12600 0.06300  0.1477
grp:IDR        2 0.25679 0.12840  0.3010
S:IDR          4 1.22505 0.30626  0.7179
grp:IDL        1 0.27936 0.27936  0.6548
S:IDL          2 1.10481 0.55241  1.2948
IDR:IDL        2 0.79681 0.39841  0.9339
grp:S:IDR      4 1.34238 0.33559  0.7866
grp:S:IDL      2 1.00695 0.50347  1.1801
grp:IDR:IDL    2 0.76302 0.38151  0.8943
S:IDR:IDL      4 0.23684 0.05921  0.1388
grp:S:IDR:IDL  4 0.22262 0.05565  0.1305
Linear mixed model fit by REML 
Formula: get(vname) ~ (1 | pp) + (1 | pp/S) + (1 | pp/IDR) + (1 | pp/IDL) +      (1 | pp/S:IDR:IDL) + grp * S * IDR * IDL 
   Data: mdata 
  AIC  BIC logLik deviance REMLdev
 1482 1679 -694.9     1271    1390
Random effects:
 Groups       Name        Variance   Std.Dev.  
 S:IDR:IDL:pp (Intercept) 3.0241e-01 5.4992e-01
 IDR:pp       (Intercept) 2.8779e-02 1.6964e-01
 S:pp         (Intercept) 1.3650e-02 1.1683e-01
 IDL:pp       (Intercept) 7.7400e-02 2.7821e-01
 pp           (Intercept) 0.0000e+00 0.0000e+00
 pp           (Intercept) 0.0000e+00 0.0000e+00
 pp           (Intercept) 5.1326e-14 2.2655e-07
 pp           (Intercept) 0.0000e+00 0.0000e+00
 pp           (Intercept) 0.0000e+00 0.0000e+00
 Residual                 4.2663e-01 6.5317e-01
Number of obs: 540, groups: S:IDR:IDL:pp, 180; IDR:pp, 30; S:pp, 30; IDL:pp, 20; pp, 10

Fixed effects:
                   Estimate Std. Error t value
(Intercept)        0.015865   0.088059   0.180
grp1               0.005528   0.088059   0.063
S1                 0.004092   0.076487   0.054
S2                 0.032598   0.076487   0.426
IDR1               0.005358   0.082818   0.065
IDR2               0.035707   0.082818   0.431
IDL1              -0.058590   0.079625  -0.736
grp1:S1            0.016138   0.076487   0.211
grp1:S2           -0.041243   0.076487  -0.539
grp1:IDR1         -0.030494   0.082818  -0.368
grp1:IDR2         -0.033731   0.082818  -0.407
S1:IDR1           -0.105979   0.099401  -1.066
S2:IDR1            0.019947   0.099401   0.201
S1:IDR2            0.064016   0.099401   0.644
S2:IDR2            0.077954   0.099401   0.784
grp1:IDL1          0.064432   0.079625   0.809
S1:IDL1            0.086814   0.070287   1.235
S2:IDL1           -0.106198   0.070287  -1.511
IDR1:IDL1          0.076150   0.070287   1.083
IDR2:IDL1         -0.088781   0.070287  -1.263
grp1:S1:IDR1       0.113940   0.099401   1.146
grp1:S2:IDR1      -0.032617   0.099401  -0.328
grp1:S1:IDR2      -0.061902   0.099401  -0.623
grp1:S2:IDR2      -0.079826   0.099401  -0.803
grp1:S1:IDL1      -0.088323   0.070287  -1.257
grp1:S2:IDL1       0.097962   0.070287   1.394
grp1:IDR1:IDL1    -0.075062   0.070287  -1.068
grp1:IDR2:IDL1     0.086531   0.070287   1.231
S1:IDR1:IDL1       0.010045   0.099401   0.101
S2:IDR1:IDL1       0.046713   0.099401   0.470
S1:IDR2:IDL1       0.030258   0.099401   0.304
S2:IDR2:IDL1      -0.031629   0.099401  -0.318
grp1:S1:IDR1:IDL1 -0.009720   0.099401  -0.098
grp1:S2:IDR1:IDL1 -0.045158   0.099401  -0.454
grp1:S1:IDR2:IDL1 -0.031027   0.099401  -0.312
grp1:S2:IDR2:IDL1  0.038365   0.099401   0.386

Correlation of Fixed Effects:
            (Intr) grp1   S1     S2     IDR1   IDR2   IDL1   gr1:S1 gr1:S2
grp1         0.000                                                        
S1           0.000  0.000                                                 
S2           0.000  0.000 -0.500                                          
IDR1         0.000  0.000  0.000  0.000                                   
IDR2         0.000  0.000  0.000  0.000 -0.500                            
IDL1         0.000  0.000  0.000  0.000  0.000  0.000                     
grp1:S1      0.000  0.000  0.000  0.000  0.000  0.000  0.000              
grp1:S2      0.000  0.000  0.000  0.000  0.000  0.000  0.000 -0.500       
grp1:IDR1    0.000  0.000  0.000  0.000  0.000  0.000  0.000  0.000  0.000
grp1:IDR2    0.000  0.000  0.000  0.000  0.000  0.000  0.000  0.000  0.000
S1:IDR1      0.000  0.000  0.000  0.000  0.000  0.000  0.000  0.000  0.000
S2:IDR1      0.000  0.000  0.000  0.000  0.000  0.000  0.000  0.000  0.000
S1:IDR2      0.000  0.000  0.000  0.000  0.000  0.000  0.000  0.000  0.000
S2:IDR2      0.000  0.000  0.000  0.000  0.000  0.000  0.000  0.000  0.000
grp1:IDL1    0.000  0.000  0.000  0.000  0.000  0.000  0.000  0.000  0.000
S1:IDL1      0.000  0.000  0.000  0.000  0.000  0.000  0.000  0.000  0.000
S2:IDL1      0.000  0.000  0.000  0.000  0.000  0.000  0.000  0.000  0.000
IDR1:IDL1    0.000  0.000  0.000  0.000  0.000  0.000  0.000  0.000  0.000
IDR2:IDL1    0.000  0.000  0.000  0.000  0.000  0.000  0.000  0.000  0.000
gr1:S1:IDR1  0.000  0.000  0.000  0.000  0.000  0.000  0.000  0.000  0.000
gr1:S2:IDR1  0.000  0.000  0.000  0.000  0.000  0.000  0.000  0.000  0.000
gr1:S1:IDR2  0.000  0.000  0.000  0.000  0.000  0.000  0.000  0.000  0.000
gr1:S2:IDR2  0.000  0.000  0.000  0.000  0.000  0.000  0.000  0.000  0.000
gr1:S1:IDL1  0.000  0.000  0.000  0.000  0.000  0.000  0.000  0.000  0.000
gr1:S2:IDL1  0.000  0.000  0.000  0.000  0.000  0.000  0.000  0.000  0.000
g1:IDR1:IDL  0.000  0.000  0.000  0.000  0.000  0.000  0.000  0.000  0.000
g1:IDR2:IDL  0.000  0.000  0.000  0.000  0.000  0.000  0.000  0.000  0.000
S1:IDR1:IDL  0.000  0.000  0.000  0.000  0.000  0.000  0.000  0.000  0.000
S2:IDR1:IDL  0.000  0.000  0.000  0.000  0.000  0.000  0.000  0.000  0.000
S1:IDR2:IDL  0.000  0.000  0.000  0.000  0.000  0.000  0.000  0.000  0.000
S2:IDR2:IDL  0.000  0.000  0.000  0.000  0.000  0.000  0.000  0.000  0.000
g1:S1:IDR1:  0.000  0.000  0.000  0.000  0.000  0.000  0.000  0.000  0.000
g1:S2:IDR1:  0.000  0.000  0.000  0.000  0.000  0.000  0.000  0.000  0.000
g1:S1:IDR2:  0.000  0.000  0.000  0.000  0.000  0.000  0.000  0.000  0.000
g1:S2:IDR2:  0.000  0.000  0.000  0.000  0.000  0.000  0.000  0.000  0.000
            gr1:IDR1 gr1:IDR2 S1:IDR1 S2:IDR1 S1:IDR2 S2:IDR2 g1:IDL S1:IDL
grp1                                                                       
S1                                                                         
S2                                                                         
IDR1                                                                       
IDR2                                                                       
IDL1                                                                       
grp1:S1                                                                    
grp1:S2                                                                    
grp1:IDR1                                                                  
grp1:IDR2   -0.500                                                         
S1:IDR1      0.000    0.000                                                
S2:IDR1      0.000    0.000   -0.500                                       
S1:IDR2      0.000    0.000   -0.500   0.250                               
S2:IDR2      0.000    0.000    0.250  -0.500  -0.500                       
grp1:IDL1    0.000    0.000    0.000   0.000   0.000   0.000               
S1:IDL1      0.000    0.000    0.000   0.000   0.000   0.000   0.000       
S2:IDL1      0.000    0.000    0.000   0.000   0.000   0.000   0.000 -0.500
IDR1:IDL1    0.000    0.000    0.000   0.000   0.000   0.000   0.000  0.000
IDR2:IDL1    0.000    0.000    0.000   0.000   0.000   0.000   0.000  0.000
gr1:S1:IDR1  0.000    0.000    0.000   0.000   0.000   0.000   0.000  0.000
gr1:S2:IDR1  0.000    0.000    0.000   0.000   0.000   0.000   0.000  0.000
gr1:S1:IDR2  0.000    0.000    0.000   0.000   0.000   0.000   0.000  0.000
gr1:S2:IDR2  0.000    0.000    0.000   0.000   0.000   0.000   0.000  0.000
gr1:S1:IDL1  0.000    0.000    0.000   0.000   0.000   0.000   0.000  0.000
gr1:S2:IDL1  0.000    0.000    0.000   0.000   0.000   0.000   0.000  0.000
g1:IDR1:IDL  0.000    0.000    0.000   0.000   0.000   0.000   0.000  0.000
g1:IDR2:IDL  0.000    0.000    0.000   0.000   0.000   0.000   0.000  0.000
S1:IDR1:IDL  0.000    0.000    0.000   0.000   0.000   0.000   0.000  0.000
S2:IDR1:IDL  0.000    0.000    0.000   0.000   0.000   0.000   0.000  0.000
S1:IDR2:IDL  0.000    0.000    0.000   0.000   0.000   0.000   0.000  0.000
S2:IDR2:IDL  0.000    0.000    0.000   0.000   0.000   0.000   0.000  0.000
g1:S1:IDR1:  0.000    0.000    0.000   0.000   0.000   0.000   0.000  0.000
g1:S2:IDR1:  0.000    0.000    0.000   0.000   0.000   0.000   0.000  0.000
g1:S1:IDR2:  0.000    0.000    0.000   0.000   0.000   0.000   0.000  0.000
g1:S2:IDR2:  0.000    0.000    0.000   0.000   0.000   0.000   0.000  0.000
            S2:IDL IDR1:I IDR2:I gr1:S1:IDR1 gr1:S2:IDR1 gr1:S1:IDR2
grp1                                                                
S1                                                                  
S2                                                                  
IDR1                                                                
IDR2                                                                
IDL1                                                                
grp1:S1                                                             
grp1:S2                                                             
grp1:IDR1                                                           
grp1:IDR2                                                           
S1:IDR1                                                             
S2:IDR1                                                             
S1:IDR2                                                             
S2:IDR2                                                             
grp1:IDL1                                                           
S1:IDL1                                                             
S2:IDL1                                                             
IDR1:IDL1    0.000                                                  
IDR2:IDL1    0.000 -0.500                                           
gr1:S1:IDR1  0.000  0.000  0.000                                    
gr1:S2:IDR1  0.000  0.000  0.000 -0.500                             
gr1:S1:IDR2  0.000  0.000  0.000 -0.500       0.250                 
gr1:S2:IDR2  0.000  0.000  0.000  0.250      -0.500      -0.500     
gr1:S1:IDL1  0.000  0.000  0.000  0.000       0.000       0.000     
gr1:S2:IDL1  0.000  0.000  0.000  0.000       0.000       0.000     
g1:IDR1:IDL  0.000  0.000  0.000  0.000       0.000       0.000     
g1:IDR2:IDL  0.000  0.000  0.000  0.000       0.000       0.000     
S1:IDR1:IDL  0.000  0.000  0.000  0.000       0.000       0.000     
S2:IDR1:IDL  0.000  0.000  0.000  0.000       0.000       0.000     
S1:IDR2:IDL  0.000  0.000  0.000  0.000       0.000       0.000     
S2:IDR2:IDL  0.000  0.000  0.000  0.000       0.000       0.000     
g1:S1:IDR1:  0.000  0.000  0.000  0.000       0.000       0.000     
g1:S2:IDR1:  0.000  0.000  0.000  0.000       0.000       0.000     
g1:S1:IDR2:  0.000  0.000  0.000  0.000       0.000       0.000     
g1:S2:IDR2:  0.000  0.000  0.000  0.000       0.000       0.000     
            gr1:S2:IDR2 g1:S1:IDL g1:S2:IDL g1:IDR1: g1:IDR2: S1:IDR1: S2:IDR1:
grp1                                                                           
S1                                                                             
S2                                                                             
IDR1                                                                           
IDR2                                                                           
IDL1                                                                           
grp1:S1                                                                        
grp1:S2                                                                        
grp1:IDR1                                                                      
grp1:IDR2                                                                      
S1:IDR1                                                                        
S2:IDR1                                                                        
S1:IDR2                                                                        
S2:IDR2                                                                        
grp1:IDL1                                                                      
S1:IDL1                                                                        
S2:IDL1                                                                        
IDR1:IDL1                                                                      
IDR2:IDL1                                                                      
gr1:S1:IDR1                                                                    
gr1:S2:IDR1                                                                    
gr1:S1:IDR2                                                                    
gr1:S2:IDR2                                                                    
gr1:S1:IDL1  0.000                                                             
gr1:S2:IDL1  0.000      -0.500                                                 
g1:IDR1:IDL  0.000       0.000     0.000                                       
g1:IDR2:IDL  0.000       0.000     0.000    -0.500                             
S1:IDR1:IDL  0.000       0.000     0.000     0.000    0.000                    
S2:IDR1:IDL  0.000       0.000     0.000     0.000    0.000   -0.500           
S1:IDR2:IDL  0.000       0.000     0.000     0.000    0.000   -0.500    0.250  
S2:IDR2:IDL  0.000       0.000     0.000     0.000    0.000    0.250   -0.500  
g1:S1:IDR1:  0.000       0.000     0.000     0.000    0.000    0.000    0.000  
g1:S2:IDR1:  0.000       0.000     0.000     0.000    0.000    0.000    0.000  
g1:S1:IDR2:  0.000       0.000     0.000     0.000    0.000    0.000    0.000  
g1:S2:IDR2:  0.000       0.000     0.000     0.000    0.000    0.000    0.000  
            S1:IDR2: S2:IDR2: g1:S1:IDR1: g1:S2:IDR1: g1:S1:IDR2:
grp1                                                             
S1                                                               
S2                                                               
IDR1                                                             
IDR2                                                             
IDL1                                                             
grp1:S1                                                          
grp1:S2                                                          
grp1:IDR1                                                        
grp1:IDR2                                                        
S1:IDR1                                                          
S2:IDR1                                                          
S1:IDR2                                                          
S2:IDR2                                                          
grp1:IDL1                                                        
S1:IDL1                                                          
S2:IDL1                                                          
IDR1:IDL1                                                        
IDR2:IDL1                                                        
gr1:S1:IDR1                                                      
gr1:S2:IDR1                                                      
gr1:S1:IDR2                                                      
gr1:S2:IDR2                                                      
gr1:S1:IDL1                                                      
gr1:S2:IDL1                                                      
g1:IDR1:IDL                                                      
g1:IDR2:IDL                                                      
S1:IDR1:IDL                                                      
S2:IDR1:IDL                                                      
S1:IDR2:IDL                                                      
S2:IDR2:IDL -0.500                                               
g1:S1:IDR1:  0.000    0.000                                      
g1:S2:IDR1:  0.000    0.000   -0.500                             
g1:S1:IDR2:  0.000    0.000   -0.500       0.250                 
g1:S2:IDR2:  0.000    0.000    0.250      -0.500      -0.500     
