[1] "Summary by group"
  grp phDiffMean.m phDiffMean.s
1   C   0.02139318   0.08245859
2   U   0.01033622   1.24910013
[1] "Summary by session\n"
  S phDiffMean.m phDiffMean.s
1 1   0.01995659    0.4715326
2 2   0.04846295    0.7740851
3 3  -0.02082543    1.2373582
[1] "Summary by IDR+IDR\n"
  IDL IDR phDiffMean.m phDiffMean.s
1   D   D   0.03878317    0.1163464
2   D   M  -0.09579852    0.8734450
3   D   E  -0.07115997    1.0457682
4   E   D   0.00366300    1.1276065
5   E   M   0.19894283    1.1843707
6   E   E   0.02075770    0.3706484
[1] "Summary by group + Session\n"
  grp S phDiffMean.m phDiffMean.s
1   C 1  0.041623186   0.05997029
2   C 2  0.012748767   0.10796526
3   C 3  0.009807601   0.06835910
4   U 1 -0.001710014   0.66531079
5   U 2  0.084177134   1.09128917
6   U 3 -0.051458460   1.75292405
[1] "Summary by Session + IDR + IDL \n"
   S IDL IDR  phDiffMean.m phDiffMean.s
1  1   D   D  0.0337540467   0.05711766
2  1   D   M  0.0893816100   0.53866328
3  1   D   E  0.0214053567   0.30268595
4  1   E   D -0.1950823000   0.74004083
5  1   E   M  0.1499793867   0.56238546
6  1   E   E  0.0203014133   0.23001227
7  2   D   D  0.0318436233   0.14298825
8  2   D   M -0.1230730367   0.66086994
9  2   D   E -0.2577440100   0.96621388
10 2   E   D  0.1156925667   1.01133105
11 2   E   M  0.4473224700   0.98691333
12 2   E   E  0.0767360897   0.11492478
13 3   D   D  0.0507518367   0.13270548
14 3   D   M -0.2537041333   1.24594862
15 3   D   E  0.0228587567   1.50900818
16 3   E   D  0.0903787333   1.50668638
17 3   E   M -0.0004733567   1.70505980
18 3   E   E -0.0347644133   0.59082233
[1] "Summary by group + IDR + IDL\n"
   grp IDL IDR phDiffMean.m phDiffMean.s
1    C   D   D  0.003188287   0.09009957
2    C   D   M  0.026962340   0.07524879
3    C   D   E  0.051556869   0.05273171
4    C   E   D -0.010673267   0.08556638
5    C   E   M  0.019776091   0.05705383
6    C   E   E  0.037548786   0.10866944
7    U   D   D  0.074378051   0.12911657
8    U   D   M -0.218559380   1.22746216
9    U   D   E -0.193876800   1.47598554
10   U   E   D  0.017999267   1.60129591
11   U   E   M  0.378109576   1.66386074
12   U   E   E  0.003966607   0.51526403
[1] "Summary by group + Session + IDR + IDL\n"
   grp S IDL IDR phDiffMean.m phDiffMean.s
1    C 1   D   D  0.030194133   0.06681057
2    C 1   D   M  0.047029200   0.05666622
3    C 1   D   E  0.060646560   0.04816801
4    C 1   E   D  0.018702000   0.05552856
5    C 1   E   M  0.044399060   0.05301513
6    C 1   E   E  0.048768160   0.07608745
7    C 2   D   D -0.024807033   0.12432871
8    C 2   D   M  0.014946687   0.10173682
9    C 2   D   E  0.040928153   0.06611973
10   C 2   E   D -0.025307067   0.11675396
11   C 2   E   M  0.010759927   0.06843743
12   C 2   E   E  0.059971933   0.13890507
13   C 3   D   D  0.004177760   0.06300828
14   C 3   D   M  0.018911133   0.05982498
15   C 3   D   E  0.053095893   0.04283757
16   C 3   E   D -0.025414733   0.07006450
17   C 3   E   M  0.004169287   0.04169518
18   C 3   E   E  0.003906267   0.10071736
19   U 1   D   D  0.037313960   0.04761382
20   U 1   D   M  0.131734020   0.77070557
21   U 1   D   E -0.017835847   0.42914086
22   U 1   E   D -0.408866600   1.01657242
23   U 1   E   M  0.255559713   0.79274750
24   U 1   E   E -0.008165333   0.31947532
25   U 2   D   D  0.088494280   0.14148141
26   U 2   D   M -0.261092760   0.92386357
27   U 2   D   E -0.556416173   1.31844474
28   U 2   E   D  0.256692200   1.43610725
29   U 2   E   M  0.883885013   1.26668190
30   U 2   E   E  0.093500247   0.08638274
31   U 3   D   D  0.097325913   0.16691671
32   U 3   D   M -0.526319400   1.74723398
33   U 3   D   E -0.007378380   2.17096005
34   U 3   E   D  0.206172200   2.16072146
35   U 3   E   M -0.005116000   2.45363656
36   U 3   E   E -0.073435093   0.84245310
