[1] "grp Tukey test"

	 Simultaneous Tests for General Linear Hypotheses

Multiple Comparisons of Means: Tukey Contrasts


Fit: lme.formula(fixed = peakVel ~ S + ID + grp, data = mdata, random = ~1 | 
    pp)

Linear Hypotheses:
           Estimate Std. Error z value Pr(>|z|)
U - C == 0 -0.02060    0.04281  -0.481     0.63
(Adjusted p values reported -- single-step method)

[1] "S Tukey test"

	 Simultaneous Tests for General Linear Hypotheses

Multiple Comparisons of Means: Tukey Contrasts


Fit: lme.formula(fixed = peakVel ~ S + ID + grp, data = mdata, random = ~1 | 
    pp)

Linear Hypotheses:
           Estimate Std. Error z value Pr(>|z|)    
2 - 1 == 0  0.06527    0.01212   5.386   <1e-04 ***
3 - 1 == 0  0.08630    0.01212   7.121   <1e-04 ***
3 - 2 == 0  0.02103    0.01212   1.735    0.192    
---
Signif. codes:  0 ‘***’ 0.001 ‘**’ 0.01 ‘*’ 0.05 ‘.’ 0.1 ‘ ’ 1 
(Adjusted p values reported -- single-step method)

[1] "ID Tukey test"

	 Simultaneous Tests for General Linear Hypotheses

Multiple Comparisons of Means: Tukey Contrasts


Fit: lme.formula(fixed = peakVel ~ S + ID + grp, data = mdata, random = ~1 | 
    pp)

Linear Hypotheses:
           Estimate Std. Error z value Pr(>|z|)    
M - D == 0  0.07588    0.01212   6.261   <1e-09 ***
E - D == 0  0.25895    0.01212  21.369   <1e-09 ***
E - M == 0  0.18308    0.01212  15.107   <1e-09 ***
---
Signif. codes:  0 ‘***’ 0.001 ‘**’ 0.01 ‘*’ 0.05 ‘.’ 0.1 ‘ ’ 1 
(Adjusted p values reported -- single-step method)

