[1] "IPerfRrel ~S*IDR*IDL*grp + Error(pp/(S*IDR*IDL))"
$ANOVA
          Effect DFn DFd           F            p p<.05         ges
2            grp   1   8  0.02458481 8.792909e-01       0.001657813
3              S   2  16  0.85822755 4.425326e-01       0.005666706
4          grp:S   2  16  2.54860602 1.094358e-01       0.016642193
5            IDR   2  16  0.61704096 5.518927e-01       0.017021370
6        grp:IDR   2  16  0.51300162 6.082165e-01       0.014192126
7            IDL   1   8 51.54481703 9.432572e-05     * 0.226937858
8        grp:IDL   1   8  8.69316845 1.847031e-02     * 0.047173641
9          S:IDR   4  32  1.23208212 3.169021e-01       0.005966446
10     grp:S:IDR   4  32  0.47723237 7.521343e-01       0.002319511
11         S:IDL   2  16  0.25602391 7.772350e-01       0.001377262
12     grp:S:IDL   2  16  1.67868054 2.178666e-01       0.008961754
13       IDR:IDL   2  16  7.15688971 6.023365e-03     * 0.030659140
14   grp:IDR:IDL   2  16  2.27215586 1.353403e-01       0.009941640
15     S:IDR:IDL   4  32  5.46264804 1.811182e-03     * 0.012828879
16 grp:S:IDR:IDL   4  32  0.79734790 5.358041e-01       0.001893293

$`Mauchly's Test for Sphericity`
          Effect          W           p p<.05
3              S 0.51464238 0.097784367      
4          grp:S 0.51464238 0.097784367      
5            IDR 0.08383628 0.000170613     *
6        grp:IDR 0.08383628 0.000170613     *
9          S:IDR 0.10016426 0.109551243      
10     grp:S:IDR 0.10016426 0.109551243      
11         S:IDL 0.63358647 0.202451332      
12     grp:S:IDL 0.63358647 0.202451332      
13       IDR:IDL 0.74885478 0.363405614      
14   grp:IDR:IDL 0.74885478 0.363405614      
15     S:IDR:IDL 0.24977098 0.464178216      
16 grp:S:IDR:IDL 0.24977098 0.464178216      

$`Sphericity Corrections`
          Effect       GGe       p[GG] p[GG]<.05       HFe       p[HF]
3              S 0.6732385 0.408246648           0.7603712 0.418976632
4          grp:S 0.6732385 0.134524939           0.7603712 0.127427920
5            IDR 0.5218761 0.460665622           0.5314481 0.463167845
6        grp:IDR 0.5218761 0.501074883           0.5314481 0.503994383
9          S:IDR 0.5142600 0.318276846           0.6946606 0.319982779
10     grp:S:IDR 0.5142600 0.634023481           0.6946606 0.687443140
11         S:IDL 0.7318429 0.710507098           0.8546997 0.744096923
12     grp:S:IDL 0.7318429 0.227064252           0.8546997 0.223152931
13       IDR:IDL 0.7992677 0.011112664         * 0.9674989 0.006647807
14   grp:IDR:IDL 0.7992677 0.149100166           0.9674989 0.137501565
15     S:IDR:IDL 0.6075329 0.009707244         * 0.8919055 0.002861180
16 grp:S:IDR:IDL 0.6075329 0.486797664           0.8919055 0.524493120
   p[HF]<.05
3           
4           
5           
6           
9           
10          
11          
12          
13         *
14          
15         *
16          

