[1] "grp Tukey test"

	 Simultaneous Tests for General Linear Hypotheses

Multiple Comparisons of Means: Tukey Contrasts


Fit: lme.formula(fixed = vfTrajCircularity ~ S + ID + grp, data = mdata, 
    random = ~1 | pp)

Linear Hypotheses:
           Estimate Std. Error z value Pr(>|z|)
U - C == 0 0.003066   0.024284   0.126      0.9
(Adjusted p values reported -- single-step method)

[1] "S Tukey test"

	 Simultaneous Tests for General Linear Hypotheses

Multiple Comparisons of Means: Tukey Contrasts


Fit: lme.formula(fixed = vfTrajCircularity ~ S + ID + grp, data = mdata, 
    random = ~1 | pp)

Linear Hypotheses:
           Estimate Std. Error z value Pr(>|z|)   
2 - 1 == 0 0.013857   0.008554   1.620  0.23714   
3 - 1 == 0 0.028219   0.008554   3.299  0.00272 **
3 - 2 == 0 0.014363   0.008554   1.679  0.21317   
---
Signif. codes:  0 ‘***’ 0.001 ‘**’ 0.01 ‘*’ 0.05 ‘.’ 0.1 ‘ ’ 1 
(Adjusted p values reported -- single-step method)

[1] "ID Tukey test"

	 Simultaneous Tests for General Linear Hypotheses

Multiple Comparisons of Means: Tukey Contrasts


Fit: lme.formula(fixed = vfTrajCircularity ~ S + ID + grp, data = mdata, 
    random = ~1 | pp)

Linear Hypotheses:
           Estimate Std. Error z value Pr(>|z|)    
E - D == 0 0.079086   0.006984   11.32   <2e-16 ***
---
Signif. codes:  0 ‘***’ 0.001 ‘**’ 0.01 ‘*’ 0.05 ‘.’ 0.1 ‘ ’ 1 
(Adjusted p values reported -- single-step method)

