                  Estimate MCMCmean HPD95lower HPD95upper pMCMC Pr(>|t|)
(Intercept)         0.9737   0.9746     0.9397     1.0102 0.001   0.0000
grp1                0.0036   0.0038    -0.0298     0.0372 0.830   0.8663
S1                 -0.0112  -0.0112    -0.0231     0.0005 0.056   0.1115
S2                  0.0084   0.0084    -0.0038     0.0200 0.182   0.2289
IDR1               -0.0338  -0.0338    -0.0423    -0.0255 0.001   0.0000
IDR2                0.0070   0.0067    -0.0023     0.0156 0.144   0.1602
IDL1                0.0197   0.0197     0.0034     0.0368 0.022   0.2020
grp1:S1            -0.0123  -0.0123    -0.0242    -0.0012 0.044   0.0800
grp1:S2            -0.0086  -0.0089    -0.0208     0.0026 0.130   0.2194
grp1:IDR1          -0.0015  -0.0015    -0.0103     0.0070 0.698   0.7662
grp1:IDR2           0.0067   0.0066    -0.0019     0.0153 0.136   0.1760
S1:IDR1            -0.0123  -0.0122    -0.0222    -0.0013 0.020   0.0814
S2:IDR1            -0.0011  -0.0010    -0.0109     0.0090 0.836   0.8813
S1:IDR2            -0.0003  -0.0001    -0.0098     0.0097 0.998   0.9634
S2:IDR2             0.0071   0.0068    -0.0028     0.0174 0.206   0.3151
grp1:IDL1          -0.0099  -0.0097    -0.0247     0.0082 0.260   0.5205
S1:IDL1             0.0006   0.0009    -0.0072     0.0073 0.826   0.8962
S2:IDL1             0.0060   0.0060    -0.0010     0.0128 0.090   0.2315
IDR1:IDL1           0.0198   0.0199     0.0139     0.0278 0.001   0.0001
IDR2:IDL1          -0.0079  -0.0079    -0.0147    -0.0010 0.030   0.1109
grp1:S1:IDR1        0.0063   0.0063    -0.0033     0.0164 0.206   0.3740
grp1:S2:IDR1       -0.0103  -0.0102    -0.0195     0.0006 0.054   0.1428
grp1:S1:IDR2       -0.0043  -0.0043    -0.0149     0.0048 0.390   0.5375
grp1:S2:IDR2       -0.0026  -0.0026    -0.0134     0.0069 0.634   0.7168
grp1:S1:IDL1       -0.0102  -0.0102    -0.0176    -0.0034 0.010   0.0413
grp1:S2:IDL1       -0.0056  -0.0056    -0.0128     0.0016 0.136   0.2591
grp1:IDR1:IDL1     -0.0038  -0.0038    -0.0114     0.0030 0.286   0.4450
grp1:IDR2:IDL1     -0.0033  -0.0032    -0.0112     0.0032 0.362   0.5125
S1:IDR1:IDL1       -0.0053  -0.0049    -0.0151     0.0050 0.358   0.4548
S2:IDR1:IDL1        0.0039   0.0038    -0.0068     0.0141 0.462   0.5757
S1:IDR2:IDL1        0.0076   0.0076    -0.0030     0.0178 0.152   0.2835
S2:IDR2:IDL1       -0.0004  -0.0005    -0.0118     0.0093 0.914   0.9546
grp1:S1:IDR1:IDL1   0.0010   0.0011    -0.0099     0.0103 0.842   0.8902
grp1:S2:IDR1:IDL1   0.0023   0.0024    -0.0082     0.0126 0.640   0.7436
grp1:S1:IDR2:IDL1  -0.0022  -0.0021    -0.0124     0.0087 0.700   0.7582
grp1:S2:IDR2:IDL1  -0.0014  -0.0016    -0.0112     0.0084 0.790   0.8434
NULL
       Length Class      Mode
fixed  6      data.frame list
random 7      data.frame list
Analysis of Variance Table
              Df   Sum Sq  Mean Sq F value
grp            1 0.000053 0.000053  0.0276
S              2 0.005296 0.002648  1.3816
IDR            2 0.098636 0.049318 25.7335
IDL            1 0.003128 0.003128  1.6323
grp:S          2 0.017242 0.008621  4.4983
grp:IDR        2 0.003889 0.001944  1.0146
S:IDR          4 0.011431 0.002858  1.4912
grp:IDL        1 0.000792 0.000792  0.4134
S:IDL          2 0.004110 0.002055  1.0723
IDR:IDL        2 0.030670 0.015335  8.0017
grp:S:IDR      4 0.009034 0.002259  1.1785
grp:S:IDL      2 0.019863 0.009931  5.1820
grp:IDR:IDL    2 0.003871 0.001936  1.0099
S:IDR:IDL      4 0.003530 0.000882  0.4604
grp:S:IDR:IDL  4 0.000664 0.000166  0.0866
Linear mixed model fit by REML 
Formula: get(vname) ~ (1 | pp) + (1 | pp/S) + (1 | pp/IDR) + (1 | pp/IDL) +      (1 | pp/S:IDR:IDL) + grp * S * IDR * IDL 
   Data: mdata 
   AIC    BIC logLik deviance REMLdev
 -1188 -990.4  639.9    -1579   -1280
Random effects:
 Groups       Name        Variance   Std.Dev.  
 S:IDR:IDL:pp (Intercept) 1.5890e-03 3.9862e-02
 IDR:pp       (Intercept) 1.5505e-13 3.9377e-07
 S:pp         (Intercept) 3.6273e-04 1.9046e-02
 IDL:pp       (Intercept) 4.4858e-03 6.6976e-02
 pp           (Intercept) 4.3576e-04 2.0875e-02
 pp           (Intercept) 4.3584e-04 2.0877e-02
 pp           (Intercept) 4.3597e-04 2.0880e-02
 pp           (Intercept) 4.3594e-04 2.0879e-02
 pp           (Intercept) 4.3597e-04 2.0880e-02
 Residual                 1.9165e-03 4.3778e-02
Number of obs: 540, groups: S:IDR:IDL:pp, 180; IDR:pp, 30; S:pp, 30; IDL:pp, 20; pp, 10

Fixed effects:
                    Estimate Std. Error t value
(Intercept)        0.9736951  0.0216011   45.08
grp1               0.0036383  0.0216011    0.17
S1                -0.0111531  0.0069954   -1.59
S2                 0.0084263  0.0069954    1.20
IDR1              -0.0338097  0.0049753   -6.80
IDR2               0.0069971  0.0049753    1.41
IDL1               0.0196548  0.0153840    1.28
grp1:S1           -0.0122730  0.0069954   -1.75
grp1:S2           -0.0086019  0.0069954   -1.23
grp1:IDR1         -0.0014802  0.0049753   -0.30
grp1:IDR2          0.0067424  0.0049753    1.36
S1:IDR1           -0.0122867  0.0070361   -1.75
S2:IDR1           -0.0010514  0.0070361   -0.15
S1:IDR2           -0.0003234  0.0070361   -0.05
S2:IDR2            0.0070749  0.0070361    1.01
grp1:IDL1         -0.0098916  0.0153840   -0.64
S1:IDL1            0.0006493  0.0049753    0.13
S2:IDL1            0.0059600  0.0049753    1.20
IDR1:IDL1          0.0197762  0.0049753    3.97
IDR2:IDL1         -0.0079448  0.0049753   -1.60
grp1:S1:IDR1       0.0062604  0.0070361    0.89
grp1:S2:IDR1      -0.0103279  0.0070361   -1.47
grp1:S1:IDR2      -0.0043411  0.0070361   -0.62
grp1:S2:IDR2      -0.0025533  0.0070361   -0.36
grp1:S1:IDL1      -0.0101783  0.0049753   -2.05
grp1:S2:IDL1      -0.0056211  0.0049753   -1.13
grp1:IDR1:IDL1    -0.0038034  0.0049753   -0.76
grp1:IDR2:IDL1    -0.0032606  0.0049753   -0.66
S1:IDR1:IDL1      -0.0052627  0.0070361   -0.75
S2:IDR1:IDL1       0.0039400  0.0070361    0.56
S1:IDR2:IDL1       0.0075540  0.0070361    1.07
S2:IDR2:IDL1      -0.0004006  0.0070361   -0.06
grp1:S1:IDR1:IDL1  0.0009717  0.0070361    0.14
grp1:S2:IDR1:IDL1  0.0023027  0.0070361    0.33
grp1:S1:IDR2:IDL1 -0.0021672  0.0070361   -0.31
grp1:S2:IDR2:IDL1 -0.0013904  0.0070361   -0.20

Correlation of Fixed Effects:
            (Intr) grp1   S1     S2     IDR1   IDR2   IDL1   gr1:S1 gr1:S2
grp1         0.000                                                        
S1           0.000  0.000                                                 
S2           0.000  0.000 -0.500                                          
IDR1         0.000  0.000  0.000  0.000                                   
IDR2         0.000  0.000  0.000  0.000 -0.500                            
IDL1         0.000  0.000  0.000  0.000  0.000  0.000                     
grp1:S1      0.000  0.000  0.000  0.000  0.000  0.000  0.000              
grp1:S2      0.000  0.000  0.000  0.000  0.000  0.000  0.000 -0.500       
grp1:IDR1    0.000  0.000  0.000  0.000  0.000  0.000  0.000  0.000  0.000
grp1:IDR2    0.000  0.000  0.000  0.000  0.000  0.000  0.000  0.000  0.000
S1:IDR1      0.000  0.000  0.000  0.000  0.000  0.000  0.000  0.000  0.000
S2:IDR1      0.000  0.000  0.000  0.000  0.000  0.000  0.000  0.000  0.000
S1:IDR2      0.000  0.000  0.000  0.000  0.000  0.000  0.000  0.000  0.000
S2:IDR2      0.000  0.000  0.000  0.000  0.000  0.000  0.000  0.000  0.000
grp1:IDL1    0.000  0.000  0.000  0.000  0.000  0.000  0.000  0.000  0.000
S1:IDL1      0.000  0.000  0.000  0.000  0.000  0.000  0.000  0.000  0.000
S2:IDL1      0.000  0.000  0.000  0.000  0.000  0.000  0.000  0.000  0.000
IDR1:IDL1    0.000  0.000  0.000  0.000  0.000  0.000  0.000  0.000  0.000
IDR2:IDL1    0.000  0.000  0.000  0.000  0.000  0.000  0.000  0.000  0.000
gr1:S1:IDR1  0.000  0.000  0.000  0.000  0.000  0.000  0.000  0.000  0.000
gr1:S2:IDR1  0.000  0.000  0.000  0.000  0.000  0.000  0.000  0.000  0.000
gr1:S1:IDR2  0.000  0.000  0.000  0.000  0.000  0.000  0.000  0.000  0.000
gr1:S2:IDR2  0.000  0.000  0.000  0.000  0.000  0.000  0.000  0.000  0.000
gr1:S1:IDL1  0.000  0.000  0.000  0.000  0.000  0.000  0.000  0.000  0.000
gr1:S2:IDL1  0.000  0.000  0.000  0.000  0.000  0.000  0.000  0.000  0.000
g1:IDR1:IDL  0.000  0.000  0.000  0.000  0.000  0.000  0.000  0.000  0.000
g1:IDR2:IDL  0.000  0.000  0.000  0.000  0.000  0.000  0.000  0.000  0.000
S1:IDR1:IDL  0.000  0.000  0.000  0.000  0.000  0.000  0.000  0.000  0.000
S2:IDR1:IDL  0.000  0.000  0.000  0.000  0.000  0.000  0.000  0.000  0.000
S1:IDR2:IDL  0.000  0.000  0.000  0.000  0.000  0.000  0.000  0.000  0.000
S2:IDR2:IDL  0.000  0.000  0.000  0.000  0.000  0.000  0.000  0.000  0.000
g1:S1:IDR1:  0.000  0.000  0.000  0.000  0.000  0.000  0.000  0.000  0.000
g1:S2:IDR1:  0.000  0.000  0.000  0.000  0.000  0.000  0.000  0.000  0.000
g1:S1:IDR2:  0.000  0.000  0.000  0.000  0.000  0.000  0.000  0.000  0.000
g1:S2:IDR2:  0.000  0.000  0.000  0.000  0.000  0.000  0.000  0.000  0.000
            gr1:IDR1 gr1:IDR2 S1:IDR1 S2:IDR1 S1:IDR2 S2:IDR2 g1:IDL S1:IDL
grp1                                                                       
S1                                                                         
S2                                                                         
IDR1                                                                       
IDR2                                                                       
IDL1                                                                       
grp1:S1                                                                    
grp1:S2                                                                    
grp1:IDR1                                                                  
grp1:IDR2   -0.500                                                         
S1:IDR1      0.000    0.000                                                
S2:IDR1      0.000    0.000   -0.500                                       
S1:IDR2      0.000    0.000   -0.500   0.250                               
S2:IDR2      0.000    0.000    0.250  -0.500  -0.500                       
grp1:IDL1    0.000    0.000    0.000   0.000   0.000   0.000               
S1:IDL1      0.000    0.000    0.000   0.000   0.000   0.000   0.000       
S2:IDL1      0.000    0.000    0.000   0.000   0.000   0.000   0.000 -0.500
IDR1:IDL1    0.000    0.000    0.000   0.000   0.000   0.000   0.000  0.000
IDR2:IDL1    0.000    0.000    0.000   0.000   0.000   0.000   0.000  0.000
gr1:S1:IDR1  0.000    0.000    0.000   0.000   0.000   0.000   0.000  0.000
gr1:S2:IDR1  0.000    0.000    0.000   0.000   0.000   0.000   0.000  0.000
gr1:S1:IDR2  0.000    0.000    0.000   0.000   0.000   0.000   0.000  0.000
gr1:S2:IDR2  0.000    0.000    0.000   0.000   0.000   0.000   0.000  0.000
gr1:S1:IDL1  0.000    0.000    0.000   0.000   0.000   0.000   0.000  0.000
gr1:S2:IDL1  0.000    0.000    0.000   0.000   0.000   0.000   0.000  0.000
g1:IDR1:IDL  0.000    0.000    0.000   0.000   0.000   0.000   0.000  0.000
g1:IDR2:IDL  0.000    0.000    0.000   0.000   0.000   0.000   0.000  0.000
S1:IDR1:IDL  0.000    0.000    0.000   0.000   0.000   0.000   0.000  0.000
S2:IDR1:IDL  0.000    0.000    0.000   0.000   0.000   0.000   0.000  0.000
S1:IDR2:IDL  0.000    0.000    0.000   0.000   0.000   0.000   0.000  0.000
S2:IDR2:IDL  0.000    0.000    0.000   0.000   0.000   0.000   0.000  0.000
g1:S1:IDR1:  0.000    0.000    0.000   0.000   0.000   0.000   0.000  0.000
g1:S2:IDR1:  0.000    0.000    0.000   0.000   0.000   0.000   0.000  0.000
g1:S1:IDR2:  0.000    0.000    0.000   0.000   0.000   0.000   0.000  0.000
g1:S2:IDR2:  0.000    0.000    0.000   0.000   0.000   0.000   0.000  0.000
            S2:IDL IDR1:I IDR2:I gr1:S1:IDR1 gr1:S2:IDR1 gr1:S1:IDR2
grp1                                                                
S1                                                                  
S2                                                                  
IDR1                                                                
IDR2                                                                
IDL1                                                                
grp1:S1                                                             
grp1:S2                                                             
grp1:IDR1                                                           
grp1:IDR2                                                           
S1:IDR1                                                             
S2:IDR1                                                             
S1:IDR2                                                             
S2:IDR2                                                             
grp1:IDL1                                                           
S1:IDL1                                                             
S2:IDL1                                                             
IDR1:IDL1    0.000                                                  
IDR2:IDL1    0.000 -0.500                                           
gr1:S1:IDR1  0.000  0.000  0.000                                    
gr1:S2:IDR1  0.000  0.000  0.000 -0.500                             
gr1:S1:IDR2  0.000  0.000  0.000 -0.500       0.250                 
gr1:S2:IDR2  0.000  0.000  0.000  0.250      -0.500      -0.500     
gr1:S1:IDL1  0.000  0.000  0.000  0.000       0.000       0.000     
gr1:S2:IDL1  0.000  0.000  0.000  0.000       0.000       0.000     
g1:IDR1:IDL  0.000  0.000  0.000  0.000       0.000       0.000     
g1:IDR2:IDL  0.000  0.000  0.000  0.000       0.000       0.000     
S1:IDR1:IDL  0.000  0.000  0.000  0.000       0.000       0.000     
S2:IDR1:IDL  0.000  0.000  0.000  0.000       0.000       0.000     
S1:IDR2:IDL  0.000  0.000  0.000  0.000       0.000       0.000     
S2:IDR2:IDL  0.000  0.000  0.000  0.000       0.000       0.000     
g1:S1:IDR1:  0.000  0.000  0.000  0.000       0.000       0.000     
g1:S2:IDR1:  0.000  0.000  0.000  0.000       0.000       0.000     
g1:S1:IDR2:  0.000  0.000  0.000  0.000       0.000       0.000     
g1:S2:IDR2:  0.000  0.000  0.000  0.000       0.000       0.000     
            gr1:S2:IDR2 g1:S1:IDL g1:S2:IDL g1:IDR1: g1:IDR2: S1:IDR1: S2:IDR1:
grp1                                                                           
S1                                                                             
S2                                                                             
IDR1                                                                           
IDR2                                                                           
IDL1                                                                           
grp1:S1                                                                        
grp1:S2                                                                        
grp1:IDR1                                                                      
grp1:IDR2                                                                      
S1:IDR1                                                                        
S2:IDR1                                                                        
S1:IDR2                                                                        
S2:IDR2                                                                        
grp1:IDL1                                                                      
S1:IDL1                                                                        
S2:IDL1                                                                        
IDR1:IDL1                                                                      
IDR2:IDL1                                                                      
gr1:S1:IDR1                                                                    
gr1:S2:IDR1                                                                    
gr1:S1:IDR2                                                                    
gr1:S2:IDR2                                                                    
gr1:S1:IDL1  0.000                                                             
gr1:S2:IDL1  0.000      -0.500                                                 
g1:IDR1:IDL  0.000       0.000     0.000                                       
g1:IDR2:IDL  0.000       0.000     0.000    -0.500                             
S1:IDR1:IDL  0.000       0.000     0.000     0.000    0.000                    
S2:IDR1:IDL  0.000       0.000     0.000     0.000    0.000   -0.500           
S1:IDR2:IDL  0.000       0.000     0.000     0.000    0.000   -0.500    0.250  
S2:IDR2:IDL  0.000       0.000     0.000     0.000    0.000    0.250   -0.500  
g1:S1:IDR1:  0.000       0.000     0.000     0.000    0.000    0.000    0.000  
g1:S2:IDR1:  0.000       0.000     0.000     0.000    0.000    0.000    0.000  
g1:S1:IDR2:  0.000       0.000     0.000     0.000    0.000    0.000    0.000  
g1:S2:IDR2:  0.000       0.000     0.000     0.000    0.000    0.000    0.000  
            S1:IDR2: S2:IDR2: g1:S1:IDR1: g1:S2:IDR1: g1:S1:IDR2:
grp1                                                             
S1                                                               
S2                                                               
IDR1                                                             
IDR2                                                             
IDL1                                                             
grp1:S1                                                          
grp1:S2                                                          
grp1:IDR1                                                        
grp1:IDR2                                                        
S1:IDR1                                                          
S2:IDR1                                                          
S1:IDR2                                                          
S2:IDR2                                                          
grp1:IDL1                                                        
S1:IDL1                                                          
S2:IDL1                                                          
IDR1:IDL1                                                        
IDR2:IDL1                                                        
gr1:S1:IDR1                                                      
gr1:S2:IDR1                                                      
gr1:S1:IDR2                                                      
gr1:S2:IDR2                                                      
gr1:S1:IDL1                                                      
gr1:S2:IDL1                                                      
g1:IDR1:IDL                                                      
g1:IDR2:IDL                                                      
S1:IDR1:IDL                                                      
S2:IDR1:IDL                                                      
S1:IDR2:IDL                                                      
S2:IDR2:IDL -0.500                                               
g1:S1:IDR1:  0.000    0.000                                      
g1:S2:IDR1:  0.000    0.000   -0.500                             
g1:S1:IDR2:  0.000    0.000   -0.500       0.250                 
g1:S2:IDR2:  0.000    0.000    0.250      -0.500      -0.500     
