[1] "Summary by group"
  grp     q2R.m      q2R.s
1   C 0.7329898 0.09302761
2   U 0.7631947 0.08726308
[1] "Summary by session\n"
  S     q2R.m      q2R.s
1 1 0.7174036 0.08149114
2 2 0.7608956 0.09438049
3 3 0.7659776 0.09030471
[1] "Summary by IDR+IDR\n"
  IDL IDR     q2R.m      q2R.s
1   D   D 0.6919398 0.07035567
2   D   M 0.7148574 0.07782327
3   D   E 0.7333689 0.09112062
4   E   D 0.7212738 0.06007484
5   E   M 0.7884563 0.07651566
6   E   E 0.8386572 0.08117691
[1] "Summary by group + Session\n"
  grp S     q2R.m      q2R.s
1   C 1 0.6967639 0.08315522
2   C 2 0.7409353 0.10082081
3   C 3 0.7612701 0.08293127
4   U 1 0.7380432 0.07469853
5   U 2 0.7808558 0.08333566
6   U 3 0.7706851 0.09736065
[1] "Summary by Session + IDR + IDL \n"
   S IDL IDR     q2R.m      q2R.s
1  1   D   D 0.6541457 0.05524649
2  1   D   M 0.6910520 0.07049070
3  1   D   E 0.7059263 0.06970950
4  1   E   D 0.7142083 0.05956948
5  1   E   M 0.7429043 0.07651252
6  1   E   E 0.7961847 0.08129369
7  2   D   D 0.7061293 0.07214681
8  2   D   M 0.7157590 0.07928913
9  2   D   E 0.7443093 0.09287505
10 2   E   D 0.7208540 0.06179791
11 2   E   M 0.8132343 0.06650710
12 2   E   E 0.8650873 0.07351452
13 3   D   D 0.7155443 0.06834818
14 3   D   M 0.7377613 0.07875031
15 3   D   E 0.7498710 0.10397951
16 3   E   D 0.7287590 0.05998805
17 3   E   M 0.8092303 0.06680008
18 3   E   E 0.8546997 0.07318120
[1] "Summary by group + IDR + IDL\n"
   grp IDL IDR     q2R.m      q2R.s
1    C   D   D 0.6809409 0.07088350
2    C   D   M 0.6848431 0.07655540
3    C   D   E 0.6948307 0.07677939
4    C   E   D 0.7136864 0.05873793
5    C   E   M 0.7966080 0.08532018
6    C   E   E 0.8270296 0.07213059
7    U   D   D 0.7029387 0.06885069
8    U   D   M 0.7448718 0.06743273
9    U   D   E 0.7719071 0.08866603
10   U   E   D 0.7288611 0.06109091
11   U   E   M 0.7803047 0.06653496
12   U   E   E 0.8502849 0.08859895
[1] "Summary by group + Session + IDR + IDL\n"
   grp S IDL IDR     q2R.m      q2R.s
1    C 1   D   D 0.6516240 0.06455775
2    C 1   D   M 0.6558100 0.07319002
3    C 1   D   E 0.6818233 0.06256593
4    C 1   E   D 0.6947780 0.06860855
5    C 1   E   M 0.7166080 0.09004307
6    C 1   E   E 0.7799400 0.07514347
7    C 2   D   D 0.6760267 0.07268841
8    C 2   D   M 0.6715940 0.06527403
9    C 2   D   E 0.6932733 0.09137696
10   C 2   E   D 0.7025660 0.04387049
11   C 2   E   M 0.8315793 0.04986867
12   C 2   E   E 0.8705727 0.04274635
13   C 3   D   D 0.7151720 0.06432475
14   C 3   D   M 0.7271253 0.07612665
15   C 3   D   E 0.7093953 0.07649822
16   C 3   E   D 0.7437153 0.05224798
17   C 3   E   M 0.8416367 0.04409071
18   C 3   E   E 0.8305760 0.06676237
19   U 1   D   D 0.6566673 0.04627130
20   U 1   D   M 0.7262940 0.04769273
21   U 1   D   E 0.7300293 0.07004663
22   U 1   E   D 0.7336387 0.04282953
23   U 1   E   M 0.7692007 0.05036817
24   U 1   E   E 0.8124293 0.08647171
25   U 2   D   D 0.7362320 0.05963825
26   U 2   D   M 0.7599240 0.06769153
27   U 2   D   E 0.7953453 0.06274142
28   U 2   E   D 0.7391420 0.07259097
29   U 2   E   M 0.7948893 0.07716406
30   U 2   E   E 0.8596020 0.09645243
31   U 3   D   D 0.7159167 0.07442213
32   U 3   D   M 0.7483973 0.08251374
33   U 3   D   E 0.7903467 0.11416290
34   U 3   E   D 0.7138027 0.06515352
35   U 3   E   M 0.7768240 0.07105546
36   U 3   E   E 0.8788233 0.07341157
