[1] "q3R ~(S*DID*grp)+Error(pp/(S*DID))+grp"
$ANOVA
     Effect DFn DFd         F           p p<.05         ges
2       grp   1   8 4.7067271 0.061866784       0.200904015
3         S   2  16 0.7471298 0.489548034       0.025499011
5       DID   2  16 9.3188822 0.002072817     * 0.111220048
4     grp:S   2  16 1.8700730 0.186276029       0.061468470
6   grp:DID   2  16 0.8231975 0.456785050       0.010933384
7     S:DID   4  32 2.0771389 0.106981453       0.045848106
8 grp:S:DID   4  32 0.3801573 0.821110253       0.008717644

$`Mauchly's Test for Sphericity`
     Effect         W         p p<.05
3         S 0.7883142 0.4349584      
4     grp:S 0.7883142 0.4349584      
5       DID 0.6072229 0.1744691      
6   grp:DID 0.6072229 0.1744691      
7     S:DID 0.2378915 0.4340298      
8 grp:S:DID 0.2378915 0.4340298      

$`Sphericity Corrections`
     Effect       GGe       p[GG] p[GG]<.05       HFe       p[HF] p[HF]<.05
3         S 0.8252965 0.468281079           1.0123257 0.489548034          
4     grp:S 0.8252965 0.195071764           1.0123257 0.186276029          
5       DID 0.7179900 0.006450947         * 0.8320983 0.004065095         *
6   grp:DID 0.7179900 0.425703282           0.8320983 0.439644184          
7     S:DID 0.5564265 0.151053300           0.7806736 0.126802203          
8 grp:S:DID 0.5564265 0.710678799           0.7806736 0.775726435          

