                  Estimate MCMCmean HPD95lower HPD95upper pMCMC Pr(>|t|)
(Intercept)         1.7340   1.7347     1.5045     1.9482 0.001   0.0000
grp1               -0.1036  -0.1043    -0.3391     0.1209 0.376   0.5651
S1                 -0.0801  -0.0798    -0.1782     0.0210 0.120   0.3382
S2                  0.0958   0.0948    -0.0024     0.1973 0.072   0.2521
IDR1                0.3688   0.3706     0.3071     0.4447 0.001   0.0000
IDR2               -0.0114  -0.0103    -0.0774     0.0571 0.742   0.7939
IDL1               -0.2275  -0.2262    -0.3183    -0.1269 0.001   0.0295
grp1:S1             0.0724   0.0752    -0.0253     0.1793 0.144   0.3864
grp1:S2            -0.1366  -0.1389    -0.2371    -0.0287 0.010   0.1028
grp1:IDR1           0.0659   0.0652    -0.0096     0.1372 0.106   0.1324
grp1:IDR2          -0.0217  -0.0200    -0.0957     0.0508 0.560   0.6194
S1:IDR1             0.0073   0.0066    -0.0517     0.0640 0.810   0.8740
S2:IDR1             0.0456   0.0473    -0.0090     0.1110 0.126   0.3246
S1:IDR2            -0.0222  -0.0222    -0.0815     0.0386 0.450   0.6309
S2:IDR2            -0.0418  -0.0429    -0.1077     0.0136 0.156   0.3665
grp1:IDL1          -0.0885  -0.0889    -0.1953     0.0010 0.070   0.3962
S1:IDL1             0.0879   0.0884     0.0489     0.1282 0.001   0.0074
S2:IDL1            -0.0863  -0.0875    -0.1268    -0.0471 0.001   0.0085
IDR1:IDL1          -0.2052  -0.2054    -0.2483    -0.1655 0.001   0.0000
IDR2:IDL1          -0.0013  -0.0016    -0.0392     0.0389 0.948   0.9671
grp1:S1:IDR1       -0.0712  -0.0716    -0.1231    -0.0102 0.012   0.1237
grp1:S2:IDR1       -0.0346  -0.0336    -0.0922     0.0210 0.256   0.4546
grp1:S1:IDR2        0.0017   0.0014    -0.0485     0.0621 0.980   0.9710
grp1:S2:IDR2        0.0444   0.0450    -0.0126     0.1014 0.128   0.3374
grp1:S1:IDL1        0.0299   0.0298    -0.0147     0.0670 0.152   0.3604
grp1:S2:IDL1        0.0764   0.0771     0.0330     0.1171 0.001   0.0197
grp1:IDR1:IDL1     -0.0140  -0.0149    -0.0557     0.0262 0.462   0.6689
grp1:IDR2:IDL1      0.0085   0.0095    -0.0292     0.0498 0.666   0.7947
S1:IDR1:IDL1        0.1176   0.1184     0.0624     0.1720 0.001   0.0112
S2:IDR1:IDL1       -0.0636  -0.0651    -0.1224    -0.0087 0.026   0.1693
S1:IDR2:IDL1        0.0117   0.0113    -0.0453     0.0658 0.650   0.8001
S2:IDR2:IDL1       -0.0148  -0.0136    -0.0675     0.0510 0.650   0.7489
grp1:S1:IDR1:IDL1  -0.0026  -0.0015    -0.0566     0.0620 0.936   0.9551
grp1:S2:IDR1:IDL1   0.0432   0.0422    -0.0133     0.1011 0.164   0.3506
grp1:S1:IDR2:IDL1   0.0107   0.0103    -0.0482     0.0693 0.734   0.8169
grp1:S2:IDR2:IDL1   0.0188   0.0202    -0.0450     0.0740 0.476   0.6834
NULL
       Length Class      Mode
fixed  6      data.frame list
random 7      data.frame list
Analysis of Variance Table
              Df  Sum Sq Mean Sq F value
grp            1 0.00800 0.00800  0.3188
S              2 0.03796 0.01898  0.7564
IDR            2 2.30845 1.15422 46.0044
IDL            1 0.11960 0.11960  4.7670
grp:S          2 0.06712 0.03356  1.3376
grp:IDR        2 0.05918 0.02959  1.1794
S:IDR          4 0.06067 0.01517  0.6045
grp:IDL        1 0.01809 0.01809  0.7212
S:IDL          2 0.23775 0.11887  4.7380
IDR:IDL        2 1.32901 0.66450 26.4854
grp:S:IDR      4 0.15704 0.03926  1.5648
grp:S:IDL      2 0.28281 0.14140  5.6360
grp:IDR:IDL    2 0.00466 0.00233  0.0930
S:IDR:IDL      4 0.24352 0.06088  2.4265
grp:S:IDR:IDL  4 0.07149 0.01787  0.7123
Linear mixed model fit by REML 
Formula: get(vname) ~ (1 | pp) + (1 | pp/S) + (1 | pp/IDR) + (1 | pp/IDL) +      (1 | pp/S:IDR:IDL) + grp * S * IDR * IDL 
   Data: mdata 
   AIC   BIC logLik deviance REMLdev
 312.9 510.3 -110.4    64.93   220.9
Random effects:
 Groups       Name        Variance Std.Dev.
 S:IDR:IDL:pp (Intercept) 0.087683 0.29611 
 IDR:pp       (Intercept) 0.012676 0.11259 
 S:pp         (Intercept) 0.088718 0.29786 
 IDL:pp       (Intercept) 0.206555 0.45448 
 pp           (Intercept) 0.036245 0.19038 
 pp           (Intercept) 0.036247 0.19039 
 pp           (Intercept) 0.036246 0.19038 
 pp           (Intercept) 0.036247 0.19039 
 pp           (Intercept) 0.036246 0.19038 
 Residual                 0.025089 0.15840 
Number of obs: 540, groups: S:IDR:IDL:pp, 180; IDR:pp, 30; S:pp, 30; IDL:pp, 20; pp, 10

Fixed effects:
                   Estimate Std. Error t value
(Intercept)        1.734021   0.179896   9.639
grp1              -0.103572   0.179896  -0.576
S1                -0.080107   0.083557  -0.959
S2                 0.095812   0.083557   1.147
IDR1               0.368838   0.043729   8.435
IDR2              -0.011430   0.043729  -0.261
IDL1              -0.227543   0.104218  -2.183
grp1:S1            0.072429   0.083557   0.867
grp1:S2           -0.136585   0.083557  -1.635
grp1:IDR1          0.065900   0.043729   1.507
grp1:IDR2         -0.021732   0.043729  -0.497
S1:IDR1            0.007327   0.046199   0.159
S2:IDR1            0.045550   0.046199   0.986
S1:IDR2           -0.022211   0.046199  -0.481
S2:IDR2           -0.041758   0.046199  -0.904
grp1:IDL1         -0.088505   0.104218  -0.849
S1:IDL1            0.087893   0.032668   2.691
S2:IDL1           -0.086263   0.032668  -2.641
IDR1:IDL1         -0.205229   0.032668  -6.282
IDR2:IDL1         -0.001347   0.032668  -0.041
grp1:S1:IDR1      -0.071232   0.046199  -1.542
grp1:S2:IDR1      -0.034570   0.046199  -0.748
grp1:S1:IDR2       0.001678   0.046199   0.036
grp1:S2:IDR2       0.044358   0.046199   0.960
grp1:S1:IDL1       0.029907   0.032668   0.915
grp1:S2:IDL1       0.076431   0.032668   2.340
grp1:IDR1:IDL1    -0.013977   0.032668  -0.428
grp1:IDR2:IDL1     0.008506   0.032668   0.260
S1:IDR1:IDL1       0.117597   0.046199   2.545
S2:IDR1:IDL1      -0.063589   0.046199  -1.376
S1:IDR2:IDL1       0.011706   0.046199   0.253
S2:IDR2:IDL1      -0.014798   0.046199  -0.320
grp1:S1:IDR1:IDL1 -0.002602   0.046199  -0.056
grp1:S2:IDR1:IDL1  0.043160   0.046199   0.934
grp1:S1:IDR2:IDL1  0.010700   0.046199   0.232
grp1:S2:IDR2:IDL1  0.018850   0.046199   0.408

Correlation of Fixed Effects:
            (Intr) grp1   S1     S2     IDR1   IDR2   IDL1   gr1:S1 gr1:S2
grp1         0.000                                                        
S1           0.000  0.000                                                 
S2           0.000  0.000 -0.500                                          
IDR1         0.000  0.000  0.000  0.000                                   
IDR2         0.000  0.000  0.000  0.000 -0.500                            
IDL1         0.000  0.000  0.000  0.000  0.000  0.000                     
grp1:S1      0.000  0.000  0.000  0.000  0.000  0.000  0.000              
grp1:S2      0.000  0.000  0.000  0.000  0.000  0.000  0.000 -0.500       
grp1:IDR1    0.000  0.000  0.000  0.000  0.000  0.000  0.000  0.000  0.000
grp1:IDR2    0.000  0.000  0.000  0.000  0.000  0.000  0.000  0.000  0.000
S1:IDR1      0.000  0.000  0.000  0.000  0.000  0.000  0.000  0.000  0.000
S2:IDR1      0.000  0.000  0.000  0.000  0.000  0.000  0.000  0.000  0.000
S1:IDR2      0.000  0.000  0.000  0.000  0.000  0.000  0.000  0.000  0.000
S2:IDR2      0.000  0.000  0.000  0.000  0.000  0.000  0.000  0.000  0.000
grp1:IDL1    0.000  0.000  0.000  0.000  0.000  0.000  0.000  0.000  0.000
S1:IDL1      0.000  0.000  0.000  0.000  0.000  0.000  0.000  0.000  0.000
S2:IDL1      0.000  0.000  0.000  0.000  0.000  0.000  0.000  0.000  0.000
IDR1:IDL1    0.000  0.000  0.000  0.000  0.000  0.000  0.000  0.000  0.000
IDR2:IDL1    0.000  0.000  0.000  0.000  0.000  0.000  0.000  0.000  0.000
gr1:S1:IDR1  0.000  0.000  0.000  0.000  0.000  0.000  0.000  0.000  0.000
gr1:S2:IDR1  0.000  0.000  0.000  0.000  0.000  0.000  0.000  0.000  0.000
gr1:S1:IDR2  0.000  0.000  0.000  0.000  0.000  0.000  0.000  0.000  0.000
gr1:S2:IDR2  0.000  0.000  0.000  0.000  0.000  0.000  0.000  0.000  0.000
gr1:S1:IDL1  0.000  0.000  0.000  0.000  0.000  0.000  0.000  0.000  0.000
gr1:S2:IDL1  0.000  0.000  0.000  0.000  0.000  0.000  0.000  0.000  0.000
g1:IDR1:IDL  0.000  0.000  0.000  0.000  0.000  0.000  0.000  0.000  0.000
g1:IDR2:IDL  0.000  0.000  0.000  0.000  0.000  0.000  0.000  0.000  0.000
S1:IDR1:IDL  0.000  0.000  0.000  0.000  0.000  0.000  0.000  0.000  0.000
S2:IDR1:IDL  0.000  0.000  0.000  0.000  0.000  0.000  0.000  0.000  0.000
S1:IDR2:IDL  0.000  0.000  0.000  0.000  0.000  0.000  0.000  0.000  0.000
S2:IDR2:IDL  0.000  0.000  0.000  0.000  0.000  0.000  0.000  0.000  0.000
g1:S1:IDR1:  0.000  0.000  0.000  0.000  0.000  0.000  0.000  0.000  0.000
g1:S2:IDR1:  0.000  0.000  0.000  0.000  0.000  0.000  0.000  0.000  0.000
g1:S1:IDR2:  0.000  0.000  0.000  0.000  0.000  0.000  0.000  0.000  0.000
g1:S2:IDR2:  0.000  0.000  0.000  0.000  0.000  0.000  0.000  0.000  0.000
            gr1:IDR1 gr1:IDR2 S1:IDR1 S2:IDR1 S1:IDR2 S2:IDR2 g1:IDL S1:IDL
grp1                                                                       
S1                                                                         
S2                                                                         
IDR1                                                                       
IDR2                                                                       
IDL1                                                                       
grp1:S1                                                                    
grp1:S2                                                                    
grp1:IDR1                                                                  
grp1:IDR2   -0.500                                                         
S1:IDR1      0.000    0.000                                                
S2:IDR1      0.000    0.000   -0.500                                       
S1:IDR2      0.000    0.000   -0.500   0.250                               
S2:IDR2      0.000    0.000    0.250  -0.500  -0.500                       
grp1:IDL1    0.000    0.000    0.000   0.000   0.000   0.000               
S1:IDL1      0.000    0.000    0.000   0.000   0.000   0.000   0.000       
S2:IDL1      0.000    0.000    0.000   0.000   0.000   0.000   0.000 -0.500
IDR1:IDL1    0.000    0.000    0.000   0.000   0.000   0.000   0.000  0.000
IDR2:IDL1    0.000    0.000    0.000   0.000   0.000   0.000   0.000  0.000
gr1:S1:IDR1  0.000    0.000    0.000   0.000   0.000   0.000   0.000  0.000
gr1:S2:IDR1  0.000    0.000    0.000   0.000   0.000   0.000   0.000  0.000
gr1:S1:IDR2  0.000    0.000    0.000   0.000   0.000   0.000   0.000  0.000
gr1:S2:IDR2  0.000    0.000    0.000   0.000   0.000   0.000   0.000  0.000
gr1:S1:IDL1  0.000    0.000    0.000   0.000   0.000   0.000   0.000  0.000
gr1:S2:IDL1  0.000    0.000    0.000   0.000   0.000   0.000   0.000  0.000
g1:IDR1:IDL  0.000    0.000    0.000   0.000   0.000   0.000   0.000  0.000
g1:IDR2:IDL  0.000    0.000    0.000   0.000   0.000   0.000   0.000  0.000
S1:IDR1:IDL  0.000    0.000    0.000   0.000   0.000   0.000   0.000  0.000
S2:IDR1:IDL  0.000    0.000    0.000   0.000   0.000   0.000   0.000  0.000
S1:IDR2:IDL  0.000    0.000    0.000   0.000   0.000   0.000   0.000  0.000
S2:IDR2:IDL  0.000    0.000    0.000   0.000   0.000   0.000   0.000  0.000
g1:S1:IDR1:  0.000    0.000    0.000   0.000   0.000   0.000   0.000  0.000
g1:S2:IDR1:  0.000    0.000    0.000   0.000   0.000   0.000   0.000  0.000
g1:S1:IDR2:  0.000    0.000    0.000   0.000   0.000   0.000   0.000  0.000
g1:S2:IDR2:  0.000    0.000    0.000   0.000   0.000   0.000   0.000  0.000
            S2:IDL IDR1:I IDR2:I gr1:S1:IDR1 gr1:S2:IDR1 gr1:S1:IDR2
grp1                                                                
S1                                                                  
S2                                                                  
IDR1                                                                
IDR2                                                                
IDL1                                                                
grp1:S1                                                             
grp1:S2                                                             
grp1:IDR1                                                           
grp1:IDR2                                                           
S1:IDR1                                                             
S2:IDR1                                                             
S1:IDR2                                                             
S2:IDR2                                                             
grp1:IDL1                                                           
S1:IDL1                                                             
S2:IDL1                                                             
IDR1:IDL1    0.000                                                  
IDR2:IDL1    0.000 -0.500                                           
gr1:S1:IDR1  0.000  0.000  0.000                                    
gr1:S2:IDR1  0.000  0.000  0.000 -0.500                             
gr1:S1:IDR2  0.000  0.000  0.000 -0.500       0.250                 
gr1:S2:IDR2  0.000  0.000  0.000  0.250      -0.500      -0.500     
gr1:S1:IDL1  0.000  0.000  0.000  0.000       0.000       0.000     
gr1:S2:IDL1  0.000  0.000  0.000  0.000       0.000       0.000     
g1:IDR1:IDL  0.000  0.000  0.000  0.000       0.000       0.000     
g1:IDR2:IDL  0.000  0.000  0.000  0.000       0.000       0.000     
S1:IDR1:IDL  0.000  0.000  0.000  0.000       0.000       0.000     
S2:IDR1:IDL  0.000  0.000  0.000  0.000       0.000       0.000     
S1:IDR2:IDL  0.000  0.000  0.000  0.000       0.000       0.000     
S2:IDR2:IDL  0.000  0.000  0.000  0.000       0.000       0.000     
g1:S1:IDR1:  0.000  0.000  0.000  0.000       0.000       0.000     
g1:S2:IDR1:  0.000  0.000  0.000  0.000       0.000       0.000     
g1:S1:IDR2:  0.000  0.000  0.000  0.000       0.000       0.000     
g1:S2:IDR2:  0.000  0.000  0.000  0.000       0.000       0.000     
            gr1:S2:IDR2 g1:S1:IDL g1:S2:IDL g1:IDR1: g1:IDR2: S1:IDR1: S2:IDR1:
grp1                                                                           
S1                                                                             
S2                                                                             
IDR1                                                                           
IDR2                                                                           
IDL1                                                                           
grp1:S1                                                                        
grp1:S2                                                                        
grp1:IDR1                                                                      
grp1:IDR2                                                                      
S1:IDR1                                                                        
S2:IDR1                                                                        
S1:IDR2                                                                        
S2:IDR2                                                                        
grp1:IDL1                                                                      
S1:IDL1                                                                        
S2:IDL1                                                                        
IDR1:IDL1                                                                      
IDR2:IDL1                                                                      
gr1:S1:IDR1                                                                    
gr1:S2:IDR1                                                                    
gr1:S1:IDR2                                                                    
gr1:S2:IDR2                                                                    
gr1:S1:IDL1  0.000                                                             
gr1:S2:IDL1  0.000      -0.500                                                 
g1:IDR1:IDL  0.000       0.000     0.000                                       
g1:IDR2:IDL  0.000       0.000     0.000    -0.500                             
S1:IDR1:IDL  0.000       0.000     0.000     0.000    0.000                    
S2:IDR1:IDL  0.000       0.000     0.000     0.000    0.000   -0.500           
S1:IDR2:IDL  0.000       0.000     0.000     0.000    0.000   -0.500    0.250  
S2:IDR2:IDL  0.000       0.000     0.000     0.000    0.000    0.250   -0.500  
g1:S1:IDR1:  0.000       0.000     0.000     0.000    0.000    0.000    0.000  
g1:S2:IDR1:  0.000       0.000     0.000     0.000    0.000    0.000    0.000  
g1:S1:IDR2:  0.000       0.000     0.000     0.000    0.000    0.000    0.000  
g1:S2:IDR2:  0.000       0.000     0.000     0.000    0.000    0.000    0.000  
            S1:IDR2: S2:IDR2: g1:S1:IDR1: g1:S2:IDR1: g1:S1:IDR2:
grp1                                                             
S1                                                               
S2                                                               
IDR1                                                             
IDR2                                                             
IDL1                                                             
grp1:S1                                                          
grp1:S2                                                          
grp1:IDR1                                                        
grp1:IDR2                                                        
S1:IDR1                                                          
S2:IDR1                                                          
S1:IDR2                                                          
S2:IDR2                                                          
grp1:IDL1                                                        
S1:IDL1                                                          
S2:IDL1                                                          
IDR1:IDL1                                                        
IDR2:IDL1                                                        
gr1:S1:IDR1                                                      
gr1:S2:IDR1                                                      
gr1:S1:IDR2                                                      
gr1:S2:IDR2                                                      
gr1:S1:IDL1                                                      
gr1:S2:IDL1                                                      
g1:IDR1:IDL                                                      
g1:IDR2:IDL                                                      
S1:IDR1:IDL                                                      
S2:IDR1:IDL                                                      
S1:IDR2:IDL                                                      
S2:IDR2:IDL -0.500                                               
g1:S1:IDR1:  0.000    0.000                                      
g1:S2:IDR1:  0.000    0.000   -0.500                             
g1:S1:IDR2:  0.000    0.000   -0.500       0.250                 
g1:S2:IDR2:  0.000    0.000    0.250      -0.500      -0.500     
