[1] "grp Tukey test"

	 Simultaneous Tests for General Linear Hypotheses

Multiple Comparisons of Means: Tukey Contrasts


Fit: lme.formula(fixed = decTime ~ S + ID + grp, data = mdata, random = ~1 | 
    pp)

Linear Hypotheses:
           Estimate Std. Error z value Pr(>|z|)  
U - C == 0  0.05797    0.03365   1.723    0.085 .
---
Signif. codes:  0 ‘***’ 0.001 ‘**’ 0.01 ‘*’ 0.05 ‘.’ 0.1 ‘ ’ 1 
(Adjusted p values reported -- single-step method)

[1] "S Tukey test"

	 Simultaneous Tests for General Linear Hypotheses

Multiple Comparisons of Means: Tukey Contrasts


Fit: lme.formula(fixed = decTime ~ S + ID + grp, data = mdata, random = ~1 | 
    pp)

Linear Hypotheses:
           Estimate Std. Error z value Pr(>|z|)    
2 - 1 == 0 -0.06683    0.01546  -4.324   <0.001 ***
3 - 1 == 0 -0.10888    0.01546  -7.045   <0.001 ***
3 - 2 == 0 -0.04205    0.01546  -2.721   0.0179 *  
---
Signif. codes:  0 ‘***’ 0.001 ‘**’ 0.01 ‘*’ 0.05 ‘.’ 0.1 ‘ ’ 1 
(Adjusted p values reported -- single-step method)

[1] "ID Tukey test"

	 Simultaneous Tests for General Linear Hypotheses

Multiple Comparisons of Means: Tukey Contrasts


Fit: lme.formula(fixed = decTime ~ S + ID + grp, data = mdata, random = ~1 | 
    pp)

Linear Hypotheses:
           Estimate Std. Error z value Pr(>|z|)    
E - D == 0 -0.55957    0.01262  -44.34   <2e-16 ***
---
Signif. codes:  0 ‘***’ 0.001 ‘**’ 0.01 ‘*’ 0.05 ‘.’ 0.1 ‘ ’ 1 
(Adjusted p values reported -- single-step method)

