[1] "Full vs no Session"
Data: mdata
Models:
noS.mod: get(vname) ~ (1 | pp) + (1 | pp/IDR) + (1 | pp/IDL) + (1 | pp/IDR:IDL) + 
noS.mod:     IDR * IDL * grp
full.mod: get(vname) ~ (1 | pp) + (1 | pp/S) + (1 | pp/IDR) + (1 | pp/IDL) + 
full.mod:     (1 | pp/IDR:IDL) + (1 | pp/S:IDR:IDL) + S * IDR * IDL * grp
         Df     AIC     BIC logLik  Chisq Chi Df Pr(>Chisq)    
noS.mod  20 -1696.4 -1610.5 868.19                             
full.mod 48 -1764.2 -1558.2 930.11 123.84     28  5.103e-14 ***
---
Signif. codes:  0 ‘***’ 0.001 ‘**’ 0.01 ‘*’ 0.05 ‘.’ 0.1 ‘ ’ 1 
[1] "Full vs no Group"
Data: mdata
Models:
nogrp.mod: get(vname) ~ (1 | pp) + (1 | pp/S) + (1 | pp/IDR) + (1 | pp/IDL) + 
nogrp.mod:     (1 | pp/IDR:IDL) + (1 | pp/S:IDR:IDL) + S * IDR * IDL
full.mod: get(vname) ~ (1 | pp) + (1 | pp/S) + (1 | pp/IDR) + (1 | pp/IDL) + 
full.mod:     (1 | pp/IDR:IDL) + (1 | pp/S:IDR:IDL) + S * IDR * IDL * grp
          Df     AIC     BIC logLik  Chisq Chi Df Pr(>Chisq)   
nogrp.mod 30 -1761.0 -1632.2 910.48                            
full.mod  48 -1764.2 -1558.2 930.11 39.251     18   0.002636 **
---
Signif. codes:  0 ‘***’ 0.001 ‘**’ 0.01 ‘*’ 0.05 ‘.’ 0.1 ‘ ’ 1 
[1] "Full vs no Session and no Group"
Data: mdata
Models:
noSgrp.mod: get(vname) ~ (1 | pp) + (1 | pp/IDR) + (1 | pp/IDL) + (1 | pp/IDR:IDL) + 
noSgrp.mod:     IDR * IDL
full.mod: get(vname) ~ (1 | pp) + (1 | pp/S) + (1 | pp/IDR) + (1 | pp/IDL) + 
full.mod:     (1 | pp/IDR:IDL) + (1 | pp/S:IDR:IDL) + S * IDR * IDL * grp
           Df     AIC     BIC logLik  Chisq Chi Df Pr(>Chisq)    
noSgrp.mod 14 -1697.0 -1636.9 862.48                             
full.mod   48 -1764.2 -1558.2 930.11 135.26     34  5.063e-14 ***
---
Signif. codes:  0 ‘***’ 0.001 ‘**’ 0.01 ‘*’ 0.05 ‘.’ 0.1 ‘ ’ 1 
[1] "No Group vs no Session and no Group"
Data: mdata
Models:
noSgrp.mod: get(vname) ~ (1 | pp) + (1 | pp/IDR) + (1 | pp/IDL) + (1 | pp/IDR:IDL) + 
noSgrp.mod:     IDR * IDL
nogrp.mod: get(vname) ~ (1 | pp) + (1 | pp/S) + (1 | pp/IDR) + (1 | pp/IDL) + 
nogrp.mod:     (1 | pp/IDR:IDL) + (1 | pp/S:IDR:IDL) + S * IDR * IDL
           Df   AIC     BIC logLik  Chisq Chi Df Pr(>Chisq)    
noSgrp.mod 14 -1697 -1636.9 862.48                             
nogrp.mod  30 -1761 -1632.2 910.48 96.013     16  1.925e-13 ***
---
Signif. codes:  0 ‘***’ 0.001 ‘**’ 0.01 ‘*’ 0.05 ‘.’ 0.1 ‘ ’ 1 
[1] "No Session vs no Session and no Group"
Data: mdata
Models:
noSgrp.mod: get(vname) ~ (1 | pp) + (1 | pp/IDR) + (1 | pp/IDL) + (1 | pp/IDR:IDL) + 
noSgrp.mod:     IDR * IDL
noS.mod: get(vname) ~ (1 | pp) + (1 | pp/IDR) + (1 | pp/IDL) + (1 | pp/IDR:IDL) + 
noS.mod:     IDR * IDL * grp
           Df     AIC     BIC logLik  Chisq Chi Df Pr(>Chisq)  
noSgrp.mod 14 -1697.0 -1636.9 862.48                           
noS.mod    20 -1696.4 -1610.5 868.19 11.422      6    0.07617 .
---
Signif. codes:  0 ‘***’ 0.001 ‘**’ 0.01 ‘*’ 0.05 ‘.’ 0.1 ‘ ’ 1 
