[1] "Summary by group"
  grp HarmonicityDownR.m HarmonicityDownR.s
1   C          0.3086669          0.3929143
2   U          0.4142141          0.4308390
[1] "Summary by session\n"
  S HarmonicityDownR.m HarmonicityDownR.s
1 1          0.2682092          0.3710894
2 2          0.3859655          0.4211999
3 3          0.4301468          0.4360600
[1] "Summary by IDR+IDR\n"
  IDL IDR HarmonicityDownR.m HarmonicityDownR.s
1   D   D         0.05671413         0.04657904
2   D   M         0.19728684         0.32332756
3   D   E         0.31483462         0.41780581
4   E   D         0.09829037         0.09200765
5   E   M         0.55276458         0.38418356
6   E   E         0.94875244         0.16737777
[1] "Summary by group + Session\n"
  grp S HarmonicityDownR.m HarmonicityDownR.s
1   C 1          0.2246350          0.3338502
2   C 2          0.3467862          0.4142307
3   C 3          0.3545796          0.4157276
4   U 1          0.3117834          0.4020769
5   U 2          0.4251448          0.4267556
6   U 3          0.5057140          0.4450333
[1] "Summary by Session + IDR + IDL \n"
   S IDL IDR HarmonicityDownR.m HarmonicityDownR.s
1  1   D   D         0.06118507         0.06450460
2  1   D   M         0.09642427         0.17926367
3  1   D   E         0.14537183         0.29140577
4  1   E   D         0.06469297         0.03656624
5  1   E   M         0.34025390         0.34961864
6  1   E   E         0.90132733         0.22770948
7  2   D   D         0.05785113         0.03646905
8  2   D   M         0.16212810         0.28940215
9  2   D   E         0.35208077         0.43501398
10 2   E   D         0.11118707         0.12143601
11 2   E   M         0.64686663         0.33889787
12 2   E   E         0.98567933         0.07843752
13 3   D   D         0.05110620         0.03336261
14 3   D   M         0.33330817         0.41713326
15 3   D   E         0.44705127         0.46080611
16 3   E   D         0.11899107         0.09007321
17 3   E   M         0.67117320         0.38144788
18 3   E   E         0.95925067         0.15531472
[1] "Summary by group + IDR + IDL\n"
   grp IDL IDR HarmonicityDownR.m HarmonicityDownR.s
1    C   D   D         0.06232264         0.05745466
2    C   D   M         0.06615133         0.04161132
3    C   D   E         0.07566564         0.05834734
4    C   E   D         0.07563676         0.04227341
5    C   E   M         0.62855489         0.38707825
6    C   E   E         0.94367022         0.18291108
7    U   D   D         0.05110562         0.03198661
8    U   D   M         0.32842236         0.41779319
9    U   D   E         0.55400360         0.48237185
10   U   E   D         0.12094398         0.11952602
11   U   E   M         0.47697427         0.37009388
12   U   E   E         0.95383467         0.15217770
[1] "Summary by group + Session + IDR + IDL\n"
   grp S IDL IDR HarmonicityDownR.m HarmonicityDownR.s
1    C 1   D   D         0.07402227         0.08771604
2    C 1   D   M         0.06018280         0.04316575
3    C 1   D   E         0.05490579         0.04014374
4    C 1   E   D         0.05575253         0.02532849
5    C 1   E   M         0.27193600         0.31768349
6    C 1   E   E         0.83101067         0.29111981
7    C 2   D   D         0.05914147         0.03781118
8    C 2   D   M         0.06886313         0.04980187
9    C 2   D   E         0.08903460         0.07384169
10   C 2   E   D         0.07048847         0.03650951
11   C 2   E   M         0.79318933         0.29163338
12   C 2   E   E         1.00000000         0.00000000
13   C 3   D   D         0.05380420         0.03186935
14   C 3   D   M         0.06940807         0.03226367
15   C 3   D   E         0.08305653         0.05407114
16   C 3   E   D         0.10066927         0.05018497
17   C 3   E   M         0.82053933         0.28306840
18   C 3   E   E         1.00000000         0.00000000
19   U 1   D   D         0.04834787         0.02390937
20   U 1   D   M         0.13266573         0.24877402
21   U 1   D   E         0.23583787         0.39591827
22   U 1   E   D         0.07363340         0.04423656
23   U 1   E   M         0.40857180         0.37719107
24   U 1   E   E         0.97164400         0.10982232
25   U 2   D   D         0.05656080         0.03635559
26   U 2   D   M         0.25539307         0.39034607
27   U 2   D   E         0.61512693         0.48812636
28   U 2   E   D         0.15188567         0.16020120
29   U 2   E   M         0.50054393         0.32707479
30   U 2   E   E         0.97135867         0.11092741
31   U 3   D   D         0.04840820         0.03569843
32   U 3   D   M         0.59720827         0.45842382
33   U 3   D   E         0.81104600         0.39117308
34   U 3   E   D         0.13731287         0.11648183
35   U 3   E   M         0.52180707         0.41648845
36   U 3   E   E         0.91850133         0.21543013
