[1] "IPerfR ~(S*IDR*IDL*grp)+Error(pp/(S*IDR*IDL))+grp"
$ANOVA
          Effect DFn DFd          F           p p<.05          ges
2            grp   1   8 0.97681091 0.351933462       0.0426656678
3              S   2  16 3.80176628 0.044580385     * 0.0265561862
4          grp:S   2  16 0.36022924 0.703030888       0.0025782629
5            IDR   2  16 9.25887965 0.002131175     * 0.2373795879
6        grp:IDR   2  16 1.01173199 0.385703660       0.0328939544
7            IDL   1   8 0.14882098 0.709720683       0.0013583267
8        grp:IDL   1   8 0.32446750 0.584570930       0.0029567569
9          S:IDR   4  32 1.67722451 0.179523473       0.0094841156
10     grp:S:IDR   4  32 0.40142666 0.806140847       0.0022864215
11         S:IDL   2  16 1.38191674 0.279503531       0.0054196641
12     grp:S:IDL   2  16 0.05187565 0.949605943       0.0002045151
13       IDR:IDL   2  16 3.55722519 0.052709791       0.0476641212
14   grp:IDR:IDL   2  16 0.16656947 0.848013192       0.0023381312
15     S:IDR:IDL   4  32 0.80807858 0.529256305       0.0046002618
16 grp:S:IDR:IDL   4  32 2.57655379 0.056225110       0.0145217082

$`Mauchly's Test for Sphericity`
          Effect         W            p p<.05
3              S 0.7509609 0.3669954979      
4          grp:S 0.7509609 0.3669954979      
5            IDR 0.1159607 0.0005309915     *
6        grp:IDR 0.1159607 0.0005309915     *
9          S:IDR 0.1583455 0.2402415778      
10     grp:S:IDR 0.1583455 0.2402415778      
11         S:IDL 0.7837643 0.4262350396      
12     grp:S:IDL 0.7837643 0.4262350396      
13       IDR:IDL 0.3266503 0.0199200622     *
14   grp:IDR:IDL 0.3266503 0.0199200622     *
15     S:IDR:IDL 0.0372804 0.0153037439     *
16 grp:S:IDR:IDL 0.0372804 0.0153037439     *

$`Sphericity Corrections`
          Effect       GGe      p[GG] p[GG]<.05       HFe      p[HF] p[HF]<.05
3              S 0.8006155 0.05817252           0.9698020 0.04640619         *
4          grp:S 0.8006155 0.65857511           0.9698020 0.69691998          
5            IDR 0.5307745 0.01409776         * 0.5443535 0.01333549         *
6        grp:IDR 0.5307745 0.34797610           0.5443535 0.34966060          
9          S:IDR 0.5136977 0.21708758           0.6935466 0.20291195          
10     grp:S:IDR 0.5136977 0.68111565           0.6935466 0.73848351          
11         S:IDL 0.8222090 0.28009223           1.0069702 0.27950353          
12     grp:S:IDL 0.8222090 0.92282288           1.0069702 0.94960594          
13       IDR:IDL 0.5976037 0.08547636           0.6434338 0.08090195          
14   grp:IDR:IDL 0.5976037 0.73602224           0.6434338 0.75314705          
15     S:IDR:IDL 0.4401569 0.45079379           0.5547693 0.47306594          
16 grp:S:IDR:IDL 0.4401569 0.11585992           0.5547693 0.09972996          

