                  Estimate MCMCmean HPD95lower HPD95upper pMCMC Pr(>|t|)
(Intercept)         1.9374   1.9287     1.6512     2.2796 0.001   0.0000
grp1               -0.1331  -0.1365    -0.4384     0.1521 0.400   0.5386
S1                 -0.0420  -0.0405    -0.1511     0.0799 0.492   0.6346
S2                  0.1026   0.1037    -0.0111     0.2294 0.090   0.2457
IDR1                0.6170   0.6151     0.5063     0.7133 0.001   0.0000
IDR2               -0.0594  -0.0578    -0.1621     0.0559 0.292   0.3966
IDL1               -0.5098  -0.5094    -0.6545    -0.3807 0.001   0.0045
grp1:S1             0.1178   0.1172     0.0031     0.2334 0.044   0.1826
grp1:S2            -0.1392  -0.1380    -0.2543    -0.0219 0.020   0.1153
grp1:IDR1           0.0738   0.0755    -0.0335     0.1767 0.170   0.2923
grp1:IDR2          -0.0430  -0.0442    -0.1368     0.0726 0.414   0.5389
S1:IDR1            -0.0328  -0.0345    -0.1116     0.0396 0.396   0.6172
S2:IDR1             0.1224   0.1237     0.0535     0.2082 0.001   0.0628
S1:IDR2             0.0188   0.0187    -0.0579     0.0956 0.650   0.7743
S2:IDR2            -0.0791  -0.0799    -0.1590    -0.0079 0.032   0.2289
grp1:IDL1          -0.0531  -0.0502    -0.1831     0.0847 0.500   0.7669
S1:IDL1             0.0871   0.0869     0.0305     0.1426 0.002   0.0610
S2:IDL1            -0.1438  -0.1420    -0.2001    -0.0889 0.001   0.0021
IDR1:IDL1          -0.4773  -0.4781    -0.5377    -0.4217 0.001   0.0000
IDR2:IDL1           0.0533   0.0532    -0.0021     0.1148 0.068   0.2514
grp1:S1:IDR1       -0.0902  -0.0905    -0.1674    -0.0157 0.020   0.1701
grp1:S2:IDR1       -0.0394  -0.0392    -0.1220     0.0404 0.340   0.5481
grp1:S1:IDR2        0.0214   0.0205    -0.0567     0.1033 0.594   0.7443
grp1:S2:IDR2        0.0341   0.0351    -0.0425     0.1213 0.418   0.6038
grp1:S1:IDL1       -0.0108  -0.0115    -0.0699     0.0412 0.682   0.8164
grp1:S2:IDL1        0.1118   0.1108     0.0553     0.1675 0.001   0.0164
grp1:IDR1:IDL1     -0.0234  -0.0238    -0.0827     0.0296 0.406   0.6142
grp1:IDR2:IDL1      0.0246   0.0239    -0.0290     0.0764 0.396   0.5959
S1:IDR1:IDL1        0.1308   0.1291     0.0516     0.2027 0.004   0.0467
S2:IDR1:IDL1       -0.1408  -0.1391    -0.2168    -0.0628 0.004   0.0324
S1:IDR2:IDL1       -0.0177  -0.0166    -0.0919     0.0681 0.656   0.7874
S2:IDR2:IDL1        0.0397   0.0391    -0.0343     0.1209 0.340   0.5459
grp1:S1:IDR1:IDL1   0.0469   0.0496    -0.0229     0.1229 0.186   0.4755
grp1:S2:IDR1:IDL1   0.0230   0.0240    -0.0484     0.1081 0.564   0.7258
grp1:S1:IDR2:IDL1  -0.0309  -0.0326    -0.1052     0.0540 0.446   0.6376
grp1:S2:IDR2:IDL1   0.0187   0.0200    -0.0540     0.1023 0.618   0.7755
NULL
       Length Class      Mode
fixed  6      data.frame list
random 7      data.frame list
Analysis of Variance Table
              Df Sum Sq Mean Sq F value
grp            1 0.0137 0.01365  0.3643
S              2 0.0512 0.02559  0.6829
IDR            2 3.5482 1.77409 47.3471
IDL            1 0.3044 0.30437  8.1230
grp:S          2 0.1081 0.05406  1.4428
grp:IDR        2 0.0420 0.02102  0.5609
S:IDR          4 0.1440 0.03600  0.9608
grp:IDL        1 0.0033 0.00330  0.0880
S:IDL          2 0.3652 0.18260  4.8732
IDR:IDL        2 4.7619 2.38096 63.5434
grp:S:IDR      4 0.1602 0.04005  1.0689
grp:S:IDL      2 0.2646 0.13232  3.5314
grp:IDR:IDL    2 0.0134 0.00670  0.1789
S:IDR:IDL      4 0.2419 0.06049  1.6142
grp:S:IDR:IDL  4 0.0557 0.01391  0.3713
Linear mixed model fit by REML 
Formula: get(vname) ~ (1 | pp) + (1 | pp/S) + (1 | pp/IDR) + (1 | pp/IDL) +      (1 | pp/S:IDR:IDL) + grp * S * IDR * IDL 
   Data: mdata 
 AIC   BIC logLik deviance REMLdev
 553 750.4 -230.5      329     461
Random effects:
 Groups       Name        Variance Std.Dev.
 S:IDR:IDL:pp (Intercept) 0.181311 0.42581 
 IDR:pp       (Intercept) 0.041123 0.20279 
 S:pp         (Intercept) 0.084532 0.29074 
 IDL:pp       (Intercept) 0.618462 0.78642 
 pp           (Intercept) 0.021254 0.14579 
 pp           (Intercept) 0.021254 0.14579 
 pp           (Intercept) 0.021254 0.14579 
 pp           (Intercept) 0.021254 0.14579 
 pp           (Intercept) 0.021254 0.14579 
 Residual                 0.037470 0.19357 
Number of obs: 540, groups: S:IDR:IDL:pp, 180; IDR:pp, 30; S:pp, 30; IDL:pp, 20; pp, 10

Fixed effects:
                  Estimate Std. Error t value
(Intercept)        1.93736    0.21636   8.954
grp1              -0.13313    0.21636  -0.615
S1                -0.04197    0.08825  -0.476
S2                 0.10257    0.08825   1.162
IDR1               0.61705    0.06996   8.820
IDR2              -0.05936    0.06996  -0.848
IDL1              -0.50984    0.17888  -2.850
grp1:S1            0.11779    0.08825   1.335
grp1:S2           -0.13922    0.08825  -1.577
grp1:IDR1          0.07376    0.06996   1.054
grp1:IDR2         -0.04302    0.06996  -0.615
S1:IDR1           -0.03282    0.06563  -0.500
S2:IDR1            0.12238    0.06563   1.865
S1:IDR2            0.01883    0.06563   0.287
S2:IDR2           -0.07906    0.06563  -1.205
grp1:IDL1         -0.05306    0.17888  -0.297
S1:IDL1            0.08715    0.04640   1.878
S2:IDL1           -0.14380    0.04640  -3.099
IDR1:IDL1         -0.47733    0.04640 -10.286
IDR2:IDL1          0.05329    0.04640   1.148
grp1:S1:IDR1      -0.09016    0.06563  -1.374
grp1:S2:IDR1      -0.03945    0.06563  -0.601
grp1:S1:IDR2       0.02142    0.06563   0.326
grp1:S2:IDR2       0.03408    0.06563   0.519
grp1:S1:IDL1      -0.01078    0.04640  -0.232
grp1:S2:IDL1       0.11178    0.04640   2.409
grp1:IDR1:IDL1    -0.02341    0.04640  -0.504
grp1:IDR2:IDL1     0.02462    0.04640   0.531
S1:IDR1:IDL1       0.13083    0.06563   1.994
S2:IDR1:IDL1      -0.14078    0.06563  -2.145
S1:IDR2:IDL1      -0.01771    0.06563  -0.270
S2:IDR2:IDL1       0.03966    0.06563   0.604
grp1:S1:IDR1:IDL1  0.04686    0.06563   0.714
grp1:S2:IDR1:IDL1  0.02303    0.06563   0.351
grp1:S1:IDR2:IDL1 -0.03093    0.06563  -0.471
grp1:S2:IDR2:IDL1  0.01872    0.06563   0.285

Correlation of Fixed Effects:
            (Intr) grp1   S1     S2     IDR1   IDR2   IDL1   gr1:S1 gr1:S2
grp1         0.000                                                        
S1           0.000  0.000                                                 
S2           0.000  0.000 -0.500                                          
IDR1         0.000  0.000  0.000  0.000                                   
IDR2         0.000  0.000  0.000  0.000 -0.500                            
IDL1         0.000  0.000  0.000  0.000  0.000  0.000                     
grp1:S1      0.000  0.000  0.000  0.000  0.000  0.000  0.000              
grp1:S2      0.000  0.000  0.000  0.000  0.000  0.000  0.000 -0.500       
grp1:IDR1    0.000  0.000  0.000  0.000  0.000  0.000  0.000  0.000  0.000
grp1:IDR2    0.000  0.000  0.000  0.000  0.000  0.000  0.000  0.000  0.000
S1:IDR1      0.000  0.000  0.000  0.000  0.000  0.000  0.000  0.000  0.000
S2:IDR1      0.000  0.000  0.000  0.000  0.000  0.000  0.000  0.000  0.000
S1:IDR2      0.000  0.000  0.000  0.000  0.000  0.000  0.000  0.000  0.000
S2:IDR2      0.000  0.000  0.000  0.000  0.000  0.000  0.000  0.000  0.000
grp1:IDL1    0.000  0.000  0.000  0.000  0.000  0.000  0.000  0.000  0.000
S1:IDL1      0.000  0.000  0.000  0.000  0.000  0.000  0.000  0.000  0.000
S2:IDL1      0.000  0.000  0.000  0.000  0.000  0.000  0.000  0.000  0.000
IDR1:IDL1    0.000  0.000  0.000  0.000  0.000  0.000  0.000  0.000  0.000
IDR2:IDL1    0.000  0.000  0.000  0.000  0.000  0.000  0.000  0.000  0.000
gr1:S1:IDR1  0.000  0.000  0.000  0.000  0.000  0.000  0.000  0.000  0.000
gr1:S2:IDR1  0.000  0.000  0.000  0.000  0.000  0.000  0.000  0.000  0.000
gr1:S1:IDR2  0.000  0.000  0.000  0.000  0.000  0.000  0.000  0.000  0.000
gr1:S2:IDR2  0.000  0.000  0.000  0.000  0.000  0.000  0.000  0.000  0.000
gr1:S1:IDL1  0.000  0.000  0.000  0.000  0.000  0.000  0.000  0.000  0.000
gr1:S2:IDL1  0.000  0.000  0.000  0.000  0.000  0.000  0.000  0.000  0.000
g1:IDR1:IDL  0.000  0.000  0.000  0.000  0.000  0.000  0.000  0.000  0.000
g1:IDR2:IDL  0.000  0.000  0.000  0.000  0.000  0.000  0.000  0.000  0.000
S1:IDR1:IDL  0.000  0.000  0.000  0.000  0.000  0.000  0.000  0.000  0.000
S2:IDR1:IDL  0.000  0.000  0.000  0.000  0.000  0.000  0.000  0.000  0.000
S1:IDR2:IDL  0.000  0.000  0.000  0.000  0.000  0.000  0.000  0.000  0.000
S2:IDR2:IDL  0.000  0.000  0.000  0.000  0.000  0.000  0.000  0.000  0.000
g1:S1:IDR1:  0.000  0.000  0.000  0.000  0.000  0.000  0.000  0.000  0.000
g1:S2:IDR1:  0.000  0.000  0.000  0.000  0.000  0.000  0.000  0.000  0.000
g1:S1:IDR2:  0.000  0.000  0.000  0.000  0.000  0.000  0.000  0.000  0.000
g1:S2:IDR2:  0.000  0.000  0.000  0.000  0.000  0.000  0.000  0.000  0.000
            gr1:IDR1 gr1:IDR2 S1:IDR1 S2:IDR1 S1:IDR2 S2:IDR2 g1:IDL S1:IDL
grp1                                                                       
S1                                                                         
S2                                                                         
IDR1                                                                       
IDR2                                                                       
IDL1                                                                       
grp1:S1                                                                    
grp1:S2                                                                    
grp1:IDR1                                                                  
grp1:IDR2   -0.500                                                         
S1:IDR1      0.000    0.000                                                
S2:IDR1      0.000    0.000   -0.500                                       
S1:IDR2      0.000    0.000   -0.500   0.250                               
S2:IDR2      0.000    0.000    0.250  -0.500  -0.500                       
grp1:IDL1    0.000    0.000    0.000   0.000   0.000   0.000               
S1:IDL1      0.000    0.000    0.000   0.000   0.000   0.000   0.000       
S2:IDL1      0.000    0.000    0.000   0.000   0.000   0.000   0.000 -0.500
IDR1:IDL1    0.000    0.000    0.000   0.000   0.000   0.000   0.000  0.000
IDR2:IDL1    0.000    0.000    0.000   0.000   0.000   0.000   0.000  0.000
gr1:S1:IDR1  0.000    0.000    0.000   0.000   0.000   0.000   0.000  0.000
gr1:S2:IDR1  0.000    0.000    0.000   0.000   0.000   0.000   0.000  0.000
gr1:S1:IDR2  0.000    0.000    0.000   0.000   0.000   0.000   0.000  0.000
gr1:S2:IDR2  0.000    0.000    0.000   0.000   0.000   0.000   0.000  0.000
gr1:S1:IDL1  0.000    0.000    0.000   0.000   0.000   0.000   0.000  0.000
gr1:S2:IDL1  0.000    0.000    0.000   0.000   0.000   0.000   0.000  0.000
g1:IDR1:IDL  0.000    0.000    0.000   0.000   0.000   0.000   0.000  0.000
g1:IDR2:IDL  0.000    0.000    0.000   0.000   0.000   0.000   0.000  0.000
S1:IDR1:IDL  0.000    0.000    0.000   0.000   0.000   0.000   0.000  0.000
S2:IDR1:IDL  0.000    0.000    0.000   0.000   0.000   0.000   0.000  0.000
S1:IDR2:IDL  0.000    0.000    0.000   0.000   0.000   0.000   0.000  0.000
S2:IDR2:IDL  0.000    0.000    0.000   0.000   0.000   0.000   0.000  0.000
g1:S1:IDR1:  0.000    0.000    0.000   0.000   0.000   0.000   0.000  0.000
g1:S2:IDR1:  0.000    0.000    0.000   0.000   0.000   0.000   0.000  0.000
g1:S1:IDR2:  0.000    0.000    0.000   0.000   0.000   0.000   0.000  0.000
g1:S2:IDR2:  0.000    0.000    0.000   0.000   0.000   0.000   0.000  0.000
            S2:IDL IDR1:I IDR2:I gr1:S1:IDR1 gr1:S2:IDR1 gr1:S1:IDR2
grp1                                                                
S1                                                                  
S2                                                                  
IDR1                                                                
IDR2                                                                
IDL1                                                                
grp1:S1                                                             
grp1:S2                                                             
grp1:IDR1                                                           
grp1:IDR2                                                           
S1:IDR1                                                             
S2:IDR1                                                             
S1:IDR2                                                             
S2:IDR2                                                             
grp1:IDL1                                                           
S1:IDL1                                                             
S2:IDL1                                                             
IDR1:IDL1    0.000                                                  
IDR2:IDL1    0.000 -0.500                                           
gr1:S1:IDR1  0.000  0.000  0.000                                    
gr1:S2:IDR1  0.000  0.000  0.000 -0.500                             
gr1:S1:IDR2  0.000  0.000  0.000 -0.500       0.250                 
gr1:S2:IDR2  0.000  0.000  0.000  0.250      -0.500      -0.500     
gr1:S1:IDL1  0.000  0.000  0.000  0.000       0.000       0.000     
gr1:S2:IDL1  0.000  0.000  0.000  0.000       0.000       0.000     
g1:IDR1:IDL  0.000  0.000  0.000  0.000       0.000       0.000     
g1:IDR2:IDL  0.000  0.000  0.000  0.000       0.000       0.000     
S1:IDR1:IDL  0.000  0.000  0.000  0.000       0.000       0.000     
S2:IDR1:IDL  0.000  0.000  0.000  0.000       0.000       0.000     
S1:IDR2:IDL  0.000  0.000  0.000  0.000       0.000       0.000     
S2:IDR2:IDL  0.000  0.000  0.000  0.000       0.000       0.000     
g1:S1:IDR1:  0.000  0.000  0.000  0.000       0.000       0.000     
g1:S2:IDR1:  0.000  0.000  0.000  0.000       0.000       0.000     
g1:S1:IDR2:  0.000  0.000  0.000  0.000       0.000       0.000     
g1:S2:IDR2:  0.000  0.000  0.000  0.000       0.000       0.000     
            gr1:S2:IDR2 g1:S1:IDL g1:S2:IDL g1:IDR1: g1:IDR2: S1:IDR1: S2:IDR1:
grp1                                                                           
S1                                                                             
S2                                                                             
IDR1                                                                           
IDR2                                                                           
IDL1                                                                           
grp1:S1                                                                        
grp1:S2                                                                        
grp1:IDR1                                                                      
grp1:IDR2                                                                      
S1:IDR1                                                                        
S2:IDR1                                                                        
S1:IDR2                                                                        
S2:IDR2                                                                        
grp1:IDL1                                                                      
S1:IDL1                                                                        
S2:IDL1                                                                        
IDR1:IDL1                                                                      
IDR2:IDL1                                                                      
gr1:S1:IDR1                                                                    
gr1:S2:IDR1                                                                    
gr1:S1:IDR2                                                                    
gr1:S2:IDR2                                                                    
gr1:S1:IDL1  0.000                                                             
gr1:S2:IDL1  0.000      -0.500                                                 
g1:IDR1:IDL  0.000       0.000     0.000                                       
g1:IDR2:IDL  0.000       0.000     0.000    -0.500                             
S1:IDR1:IDL  0.000       0.000     0.000     0.000    0.000                    
S2:IDR1:IDL  0.000       0.000     0.000     0.000    0.000   -0.500           
S1:IDR2:IDL  0.000       0.000     0.000     0.000    0.000   -0.500    0.250  
S2:IDR2:IDL  0.000       0.000     0.000     0.000    0.000    0.250   -0.500  
g1:S1:IDR1:  0.000       0.000     0.000     0.000    0.000    0.000    0.000  
g1:S2:IDR1:  0.000       0.000     0.000     0.000    0.000    0.000    0.000  
g1:S1:IDR2:  0.000       0.000     0.000     0.000    0.000    0.000    0.000  
g1:S2:IDR2:  0.000       0.000     0.000     0.000    0.000    0.000    0.000  
            S1:IDR2: S2:IDR2: g1:S1:IDR1: g1:S2:IDR1: g1:S1:IDR2:
grp1                                                             
S1                                                               
S2                                                               
IDR1                                                             
IDR2                                                             
IDL1                                                             
grp1:S1                                                          
grp1:S2                                                          
grp1:IDR1                                                        
grp1:IDR2                                                        
S1:IDR1                                                          
S2:IDR1                                                          
S1:IDR2                                                          
S2:IDR2                                                          
grp1:IDL1                                                        
S1:IDL1                                                          
S2:IDL1                                                          
IDR1:IDL1                                                        
IDR2:IDL1                                                        
gr1:S1:IDR1                                                      
gr1:S2:IDR1                                                      
gr1:S1:IDR2                                                      
gr1:S2:IDR2                                                      
gr1:S1:IDL1                                                      
gr1:S2:IDL1                                                      
g1:IDR1:IDL                                                      
g1:IDR2:IDL                                                      
S1:IDR1:IDL                                                      
S2:IDR1:IDL                                                      
S1:IDR2:IDL                                                      
S2:IDR2:IDL -0.500                                               
g1:S1:IDR1:  0.000    0.000                                      
g1:S2:IDR1:  0.000    0.000   -0.500                             
g1:S1:IDR2:  0.000    0.000   -0.500       0.250                 
g1:S2:IDR2:  0.000    0.000    0.250      -0.500      -0.500     
