[1] "Summary by group"
  grp  q4Rrel.m  q4Rrel.s
1   C 0.9486594 0.1383231
2   U 0.9314201 0.1164430
[1] "Summary by session\n"
  S  q4Rrel.m  q4Rrel.s
1 1 0.9191613 0.1235782
2 2 0.9541649 0.1307467
3 3 0.9467930 0.1276822
[1] "Summary by IDR+IDR\n"
  IDL IDR  q4Rrel.m   q4Rrel.s
1   D   D 0.9430577 0.12776099
2   D   M 0.8545087 0.10683153
3   D   E 0.8520045 0.10838604
4   E   D 1.0079525 0.12372804
5   E   M 0.9604841 0.10394681
6   E   E 1.0222310 0.08064188
[1] "Summary by group + Session\n"
  grp S  q4Rrel.m  q4Rrel.s
1   C 1 0.8933077 0.1182854
2   C 2 0.9750636 0.1400328
3   C 3 0.9776070 0.1399234
4   U 1 0.9450149 0.1239816
5   U 2 0.9332662 0.1178515
6   U 3 0.9159791 0.1062534
[1] "Summary by Session + IDR + IDL \n"
   S IDL IDR  q4Rrel.m   q4Rrel.s
1  1   D   D 0.9062227 0.09747253
2  1   D   M 0.8506844 0.09232243
3  1   D   E 0.8147663 0.10991976
4  1   E   D 1.0019219 0.11640988
5  1   E   M 0.9388194 0.10004850
6  1   E   E 1.0025532 0.09806857
7  2   D   D 0.9754047 0.13326619
8  2   D   M 0.8587396 0.12707160
9  2   D   E 0.8622066 0.10549194
10 2   E   D 1.0164724 0.11067260
11 2   E   M 0.9811335 0.11945022
12 2   E   E 1.0310329 0.06669088
13 3   D   D 0.9475456 0.14257175
14 3   D   M 0.8541022 0.10159521
15 3   D   E 0.8790405 0.10268177
16 3   E   D 1.0054634 0.14513042
17 3   E   M 0.9614995 0.08918641
18 3   E   E 1.0331071 0.07272986
[1] "Summary by group + IDR + IDL\n"
   grp IDL IDR  q4Rrel.m   q4Rrel.s
1    C   D   D 0.9412928 0.15312871
2    C   D   M 0.8481374 0.10424829
3    C   D   E 0.8377577 0.11285295
4    C   E   D 1.0162785 0.13095299
5    C   E   M 1.0092658 0.08800506
6    C   E   E 1.0392244 0.07237855
7    U   D   D 0.9448226 0.09778518
8    U   D   M 0.8608800 0.11015715
9    U   D   E 0.8662512 0.10301019
10   U   E   D 0.9996266 0.11693887
11   U   E   M 0.9117024 0.09614092
12   U   E   E 1.0052377 0.08558443
[1] "Summary by group + Session + IDR + IDL\n"
   grp S IDL IDR  q4Rrel.m   q4Rrel.s
1    C 1   D   D 0.8574581 0.09588981
2    C 1   D   M 0.8153960 0.08459136
3    C 1   D   E 0.7953906 0.08091599
4    C 1   E   D 0.9456646 0.10353504
5    C 1   E   M 0.9379093 0.11155440
6    C 1   E   E 1.0080277 0.07457339
7    C 2   D   D 0.9691209 0.17814058
8    C 2   D   M 0.8757272 0.11700202
9    C 2   D   E 0.8657045 0.12957759
10   C 2   E   D 1.0189302 0.12564525
11   C 2   E   M 1.0576229 0.04746152
12   C 2   E   E 1.0632762 0.05726459
13   C 3   D   D 0.9972994 0.14506992
14   C 3   D   M 0.8532892 0.10638561
15   C 3   D   E 0.8521780 0.11707356
16   C 3   E   D 1.0842408 0.13073187
17   C 3   E   M 1.0322653 0.03341338
18   C 3   E   E 1.0463693 0.07685484
19   U 1   D   D 0.9549872 0.07341590
20   U 1   D   M 0.8859729 0.08849594
21   U 1   D   E 0.8341420 0.13295063
22   U 1   E   D 1.0581791 0.10280602
23   U 1   E   M 0.9397295 0.09103969
24   U 1   E   E 0.9970786 0.11956770
25   U 2   D   D 0.9816886 0.07049564
26   U 2   D   M 0.8417519 0.13834701
27   U 2   D   E 0.8587087 0.07896470
28   U 2   E   D 1.0140146 0.09783692
29   U 2   E   M 0.9046441 0.12151630
30   U 2   E   E 0.9987896 0.06087711
31   U 3   D   D 0.8977919 0.12552104
32   U 3   D   M 0.8549152 0.10030510
33   U 3   D   E 0.9059030 0.08116471
34   U 3   E   D 0.9266861 0.11506977
35   U 3   E   M 0.8907337 0.06803774
36   U 3   E   E 1.0198448 0.06836320
