                  Estimate MCMCmean HPD95lower HPD95upper pMCMC Pr(>|t|)
(Intercept)         1.1552   1.1545     1.0613     1.2393 0.001   0.0000
grp1               -0.0614  -0.0608    -0.1520     0.0226 0.152   0.1523
S1                  0.2077   0.2074     0.1685     0.2558 0.001   0.0000
S2                 -0.0656  -0.0658    -0.1091    -0.0240 0.002   0.0145
IDR1                0.2415   0.2424     0.1997     0.2873 0.001   0.0000
IDR2               -0.0219  -0.0228    -0.0647     0.0171 0.276   0.3941
IDL1                0.4291   0.4286     0.3887     0.4715 0.001   0.0000
grp1:S1             0.0199   0.0209    -0.0172     0.0679 0.364   0.4579
grp1:S2             0.0001  -0.0014    -0.0477     0.0404 0.942   0.9965
grp1:IDR1           0.0638   0.0646     0.0252     0.1045 0.002   0.0132
grp1:IDR2          -0.0237  -0.0254    -0.0653     0.0109 0.210   0.3568
S1:IDR1             0.0868   0.0870     0.0553     0.1237 0.001   0.0019
S2:IDR1            -0.0033  -0.0038    -0.0405     0.0287 0.846   0.9051
S1:IDR2             0.0048   0.0048    -0.0273     0.0394 0.798   0.8631
S2:IDR2            -0.0341  -0.0341    -0.0681    -0.0009 0.040   0.2191
grp1:IDL1          -0.1001  -0.0999    -0.1413    -0.0612 0.001   0.0006
S1:IDL1             0.0201   0.0202    -0.0040     0.0447 0.122   0.3050
S2:IDL1            -0.0264  -0.0268    -0.0520    -0.0026 0.034   0.1791
IDR1:IDL1          -0.0791  -0.0786    -0.1056    -0.0540 0.001   0.0001
IDR2:IDL1           0.0114   0.0112    -0.0113     0.0390 0.374   0.5625
grp1:S1:IDR1       -0.0504  -0.0499    -0.0858    -0.0165 0.006   0.0698
grp1:S2:IDR1        0.0006   0.0008    -0.0325     0.0370 0.962   0.9829
grp1:S1:IDR2       -0.0005  -0.0009    -0.0346     0.0333 0.922   0.9850
grp1:S2:IDR2        0.0259   0.0261    -0.0070     0.0616 0.134   0.3507
grp1:S1:IDL1        0.0261   0.0266     0.0051     0.0530 0.016   0.1832
grp1:S2:IDL1        0.0196   0.0197    -0.0061     0.0417 0.114   0.3191
grp1:IDR1:IDL1     -0.0029  -0.0028    -0.0282     0.0196 0.860   0.8844
grp1:IDR2:IDL1      0.0027   0.0023    -0.0221     0.0267 0.860   0.8891
S1:IDR1:IDL1        0.0453   0.0450     0.0084     0.0778 0.018   0.1027
S2:IDR1:IDL1       -0.0273  -0.0276    -0.0624     0.0044 0.104   0.3251
S1:IDR2:IDL1       -0.0017  -0.0013    -0.0348     0.0326 0.936   0.9500
S2:IDR2:IDL1       -0.0066  -0.0071    -0.0429     0.0274 0.682   0.8129
grp1:S1:IDR1:IDL1   0.0043   0.0042    -0.0287     0.0395 0.830   0.8772
grp1:S2:IDR1:IDL1  -0.0131  -0.0128    -0.0470     0.0211 0.444   0.6366
grp1:S1:IDR2:IDL1  -0.0173  -0.0181    -0.0515     0.0165 0.322   0.5337
grp1:S2:IDR2:IDL1   0.0306   0.0315    -0.0044     0.0633 0.078   0.2703
NULL
       Length Class      Mode
fixed  6      data.frame list
random 7      data.frame list
Analysis of Variance Table
              Df  Sum Sq Mean Sq  F value
grp            1 0.02616 0.02616   2.0388
S              2 0.80916 0.40458  31.5358
IDR            2 1.38921 0.69461  54.1423
IDL            1 2.83186 2.83186 220.7346
grp:S          2 0.00950 0.00475   0.3701
grp:IDR        2 0.08110 0.04055   3.1607
S:IDR          4 0.21685 0.05421   4.2256
grp:IDL        1 0.15399 0.15399  12.0034
S:IDL          2 0.02537 0.01268   0.9887
IDR:IDL        2 0.24391 0.12195   9.5059
grp:S:IDR      4 0.07579 0.01895   1.4769
grp:S:IDL      2 0.07013 0.03507   2.7333
grp:IDR:IDL    2 0.00035 0.00017   0.0135
S:IDR:IDL      4 0.04733 0.01183   0.9223
grp:S:IDR:IDL  4 0.01613 0.00403   0.3144
Linear mixed model fit by REML 
Formula: get(vname) ~ (1 | pp) + (1 | pp/S) + (1 | pp/IDR) + (1 | pp/IDL) +      (1 | pp/S:IDR:IDL) + grp * S * IDR * IDL 
   Data: mdata 
    AIC   BIC logLik deviance REMLdev
 -123.6 73.86  107.8   -420.2  -215.6
Random effects:
 Groups       Name        Variance  Std.Dev.
 S:IDR:IDL:pp (Intercept) 0.0303501 0.174213
 IDR:pp       (Intercept) 0.0041106 0.064114
 S:pp         (Intercept) 0.0049495 0.070353
 IDL:pp       (Intercept) 0.0128350 0.113292
 pp           (Intercept) 0.0013940 0.037336
 pp           (Intercept) 0.0013940 0.037336
 pp           (Intercept) 0.0013941 0.037338
 pp           (Intercept) 0.0013940 0.037336
 pp           (Intercept) 0.0013940 0.037337
 Residual                 0.0128292 0.113266
Number of obs: 540, groups: S:IDR:IDL:pp, 180; IDR:pp, 30; S:pp, 30; IDL:pp, 20; pp, 10

Fixed effects:
                    Estimate Std. Error t value
(Intercept)        1.1552037  0.0428129  26.983
grp1              -0.0613741  0.0428129  -1.434
S1                 0.2076769  0.0267340   7.768
S2                -0.0656148  0.0267340  -2.454
IDR1               0.2414713  0.0256667   9.408
IDR2              -0.0218898  0.0256667  -0.853
IDL1               0.4290907  0.0288811  14.857
grp1:S1            0.0198602  0.0267340   0.743
grp1:S2            0.0001185  0.0267340   0.004
grp1:IDR1          0.0638269  0.0256667   2.487
grp1:IDR2         -0.0236731  0.0256667  -0.922
S1:IDR1            0.0867648  0.0277395   3.128
S2:IDR1           -0.0033102  0.0277395  -0.119
S1:IDR2            0.0047843  0.0277395   0.172
S2:IDR2           -0.0341324  0.0277395  -1.230
grp1:IDL1         -0.1000611  0.0288811  -3.465
S1:IDL1            0.0201398  0.0196148   1.027
S2:IDL1           -0.0263907  0.0196148  -1.345
IDR1:IDL1         -0.0790935  0.0196148  -4.032
IDR2:IDL1          0.0113676  0.0196148   0.580
grp1:S1:IDR1      -0.0503963  0.0277395  -1.817
grp1:S2:IDR1       0.0005954  0.0277395   0.021
grp1:S1:IDR2      -0.0005213  0.0277395  -0.019
grp1:S2:IDR2       0.0259120  0.0277395   0.934
grp1:S1:IDL1       0.0261417  0.0196148   1.333
grp1:S2:IDL1       0.0195611  0.0196148   0.997
grp1:IDR1:IDL1    -0.0028528  0.0196148  -0.145
grp1:IDR2:IDL1     0.0027361  0.0196148   0.139
S1:IDR1:IDL1       0.0453463  0.0277395   1.635
S2:IDR1:IDL1      -0.0273231  0.0277395  -0.985
S1:IDR2:IDL1      -0.0017398  0.0277395  -0.063
S2:IDR2:IDL1      -0.0065676  0.0277395  -0.237
grp1:S1:IDR1:IDL1  0.0042889  0.0277395   0.155
grp1:S2:IDR1:IDL1 -0.0131139  0.0277395  -0.473
grp1:S1:IDR2:IDL1 -0.0172750  0.0277395  -0.623
grp1:S2:IDR2:IDL1  0.0306139  0.0277395   1.104

Correlation of Fixed Effects:
            (Intr) grp1   S1     S2     IDR1   IDR2   IDL1   gr1:S1 gr1:S2
grp1         0.000                                                        
S1           0.000  0.000                                                 
S2           0.000  0.000 -0.500                                          
IDR1         0.000  0.000  0.000  0.000                                   
IDR2         0.000  0.000  0.000  0.000 -0.500                            
IDL1         0.000  0.000  0.000  0.000  0.000  0.000                     
grp1:S1      0.000  0.000  0.000  0.000  0.000  0.000  0.000              
grp1:S2      0.000  0.000  0.000  0.000  0.000  0.000  0.000 -0.500       
grp1:IDR1    0.000  0.000  0.000  0.000  0.000  0.000  0.000  0.000  0.000
grp1:IDR2    0.000  0.000  0.000  0.000  0.000  0.000  0.000  0.000  0.000
S1:IDR1      0.000  0.000  0.000  0.000  0.000  0.000  0.000  0.000  0.000
S2:IDR1      0.000  0.000  0.000  0.000  0.000  0.000  0.000  0.000  0.000
S1:IDR2      0.000  0.000  0.000  0.000  0.000  0.000  0.000  0.000  0.000
S2:IDR2      0.000  0.000  0.000  0.000  0.000  0.000  0.000  0.000  0.000
grp1:IDL1    0.000  0.000  0.000  0.000  0.000  0.000  0.000  0.000  0.000
S1:IDL1      0.000  0.000  0.000  0.000  0.000  0.000  0.000  0.000  0.000
S2:IDL1      0.000  0.000  0.000  0.000  0.000  0.000  0.000  0.000  0.000
IDR1:IDL1    0.000  0.000  0.000  0.000  0.000  0.000  0.000  0.000  0.000
IDR2:IDL1    0.000  0.000  0.000  0.000  0.000  0.000  0.000  0.000  0.000
gr1:S1:IDR1  0.000  0.000  0.000  0.000  0.000  0.000  0.000  0.000  0.000
gr1:S2:IDR1  0.000  0.000  0.000  0.000  0.000  0.000  0.000  0.000  0.000
gr1:S1:IDR2  0.000  0.000  0.000  0.000  0.000  0.000  0.000  0.000  0.000
gr1:S2:IDR2  0.000  0.000  0.000  0.000  0.000  0.000  0.000  0.000  0.000
gr1:S1:IDL1  0.000  0.000  0.000  0.000  0.000  0.000  0.000  0.000  0.000
gr1:S2:IDL1  0.000  0.000  0.000  0.000  0.000  0.000  0.000  0.000  0.000
g1:IDR1:IDL  0.000  0.000  0.000  0.000  0.000  0.000  0.000  0.000  0.000
g1:IDR2:IDL  0.000  0.000  0.000  0.000  0.000  0.000  0.000  0.000  0.000
S1:IDR1:IDL  0.000  0.000  0.000  0.000  0.000  0.000  0.000  0.000  0.000
S2:IDR1:IDL  0.000  0.000  0.000  0.000  0.000  0.000  0.000  0.000  0.000
S1:IDR2:IDL  0.000  0.000  0.000  0.000  0.000  0.000  0.000  0.000  0.000
S2:IDR2:IDL  0.000  0.000  0.000  0.000  0.000  0.000  0.000  0.000  0.000
g1:S1:IDR1:  0.000  0.000  0.000  0.000  0.000  0.000  0.000  0.000  0.000
g1:S2:IDR1:  0.000  0.000  0.000  0.000  0.000  0.000  0.000  0.000  0.000
g1:S1:IDR2:  0.000  0.000  0.000  0.000  0.000  0.000  0.000  0.000  0.000
g1:S2:IDR2:  0.000  0.000  0.000  0.000  0.000  0.000  0.000  0.000  0.000
            gr1:IDR1 gr1:IDR2 S1:IDR1 S2:IDR1 S1:IDR2 S2:IDR2 g1:IDL S1:IDL
grp1                                                                       
S1                                                                         
S2                                                                         
IDR1                                                                       
IDR2                                                                       
IDL1                                                                       
grp1:S1                                                                    
grp1:S2                                                                    
grp1:IDR1                                                                  
grp1:IDR2   -0.500                                                         
S1:IDR1      0.000    0.000                                                
S2:IDR1      0.000    0.000   -0.500                                       
S1:IDR2      0.000    0.000   -0.500   0.250                               
S2:IDR2      0.000    0.000    0.250  -0.500  -0.500                       
grp1:IDL1    0.000    0.000    0.000   0.000   0.000   0.000               
S1:IDL1      0.000    0.000    0.000   0.000   0.000   0.000   0.000       
S2:IDL1      0.000    0.000    0.000   0.000   0.000   0.000   0.000 -0.500
IDR1:IDL1    0.000    0.000    0.000   0.000   0.000   0.000   0.000  0.000
IDR2:IDL1    0.000    0.000    0.000   0.000   0.000   0.000   0.000  0.000
gr1:S1:IDR1  0.000    0.000    0.000   0.000   0.000   0.000   0.000  0.000
gr1:S2:IDR1  0.000    0.000    0.000   0.000   0.000   0.000   0.000  0.000
gr1:S1:IDR2  0.000    0.000    0.000   0.000   0.000   0.000   0.000  0.000
gr1:S2:IDR2  0.000    0.000    0.000   0.000   0.000   0.000   0.000  0.000
gr1:S1:IDL1  0.000    0.000    0.000   0.000   0.000   0.000   0.000  0.000
gr1:S2:IDL1  0.000    0.000    0.000   0.000   0.000   0.000   0.000  0.000
g1:IDR1:IDL  0.000    0.000    0.000   0.000   0.000   0.000   0.000  0.000
g1:IDR2:IDL  0.000    0.000    0.000   0.000   0.000   0.000   0.000  0.000
S1:IDR1:IDL  0.000    0.000    0.000   0.000   0.000   0.000   0.000  0.000
S2:IDR1:IDL  0.000    0.000    0.000   0.000   0.000   0.000   0.000  0.000
S1:IDR2:IDL  0.000    0.000    0.000   0.000   0.000   0.000   0.000  0.000
S2:IDR2:IDL  0.000    0.000    0.000   0.000   0.000   0.000   0.000  0.000
g1:S1:IDR1:  0.000    0.000    0.000   0.000   0.000   0.000   0.000  0.000
g1:S2:IDR1:  0.000    0.000    0.000   0.000   0.000   0.000   0.000  0.000
g1:S1:IDR2:  0.000    0.000    0.000   0.000   0.000   0.000   0.000  0.000
g1:S2:IDR2:  0.000    0.000    0.000   0.000   0.000   0.000   0.000  0.000
            S2:IDL IDR1:I IDR2:I gr1:S1:IDR1 gr1:S2:IDR1 gr1:S1:IDR2
grp1                                                                
S1                                                                  
S2                                                                  
IDR1                                                                
IDR2                                                                
IDL1                                                                
grp1:S1                                                             
grp1:S2                                                             
grp1:IDR1                                                           
grp1:IDR2                                                           
S1:IDR1                                                             
S2:IDR1                                                             
S1:IDR2                                                             
S2:IDR2                                                             
grp1:IDL1                                                           
S1:IDL1                                                             
S2:IDL1                                                             
IDR1:IDL1    0.000                                                  
IDR2:IDL1    0.000 -0.500                                           
gr1:S1:IDR1  0.000  0.000  0.000                                    
gr1:S2:IDR1  0.000  0.000  0.000 -0.500                             
gr1:S1:IDR2  0.000  0.000  0.000 -0.500       0.250                 
gr1:S2:IDR2  0.000  0.000  0.000  0.250      -0.500      -0.500     
gr1:S1:IDL1  0.000  0.000  0.000  0.000       0.000       0.000     
gr1:S2:IDL1  0.000  0.000  0.000  0.000       0.000       0.000     
g1:IDR1:IDL  0.000  0.000  0.000  0.000       0.000       0.000     
g1:IDR2:IDL  0.000  0.000  0.000  0.000       0.000       0.000     
S1:IDR1:IDL  0.000  0.000  0.000  0.000       0.000       0.000     
S2:IDR1:IDL  0.000  0.000  0.000  0.000       0.000       0.000     
S1:IDR2:IDL  0.000  0.000  0.000  0.000       0.000       0.000     
S2:IDR2:IDL  0.000  0.000  0.000  0.000       0.000       0.000     
g1:S1:IDR1:  0.000  0.000  0.000  0.000       0.000       0.000     
g1:S2:IDR1:  0.000  0.000  0.000  0.000       0.000       0.000     
g1:S1:IDR2:  0.000  0.000  0.000  0.000       0.000       0.000     
g1:S2:IDR2:  0.000  0.000  0.000  0.000       0.000       0.000     
            gr1:S2:IDR2 g1:S1:IDL g1:S2:IDL g1:IDR1: g1:IDR2: S1:IDR1: S2:IDR1:
grp1                                                                           
S1                                                                             
S2                                                                             
IDR1                                                                           
IDR2                                                                           
IDL1                                                                           
grp1:S1                                                                        
grp1:S2                                                                        
grp1:IDR1                                                                      
grp1:IDR2                                                                      
S1:IDR1                                                                        
S2:IDR1                                                                        
S1:IDR2                                                                        
S2:IDR2                                                                        
grp1:IDL1                                                                      
S1:IDL1                                                                        
S2:IDL1                                                                        
IDR1:IDL1                                                                      
IDR2:IDL1                                                                      
gr1:S1:IDR1                                                                    
gr1:S2:IDR1                                                                    
gr1:S1:IDR2                                                                    
gr1:S2:IDR2                                                                    
gr1:S1:IDL1  0.000                                                             
gr1:S2:IDL1  0.000      -0.500                                                 
g1:IDR1:IDL  0.000       0.000     0.000                                       
g1:IDR2:IDL  0.000       0.000     0.000    -0.500                             
S1:IDR1:IDL  0.000       0.000     0.000     0.000    0.000                    
S2:IDR1:IDL  0.000       0.000     0.000     0.000    0.000   -0.500           
S1:IDR2:IDL  0.000       0.000     0.000     0.000    0.000   -0.500    0.250  
S2:IDR2:IDL  0.000       0.000     0.000     0.000    0.000    0.250   -0.500  
g1:S1:IDR1:  0.000       0.000     0.000     0.000    0.000    0.000    0.000  
g1:S2:IDR1:  0.000       0.000     0.000     0.000    0.000    0.000    0.000  
g1:S1:IDR2:  0.000       0.000     0.000     0.000    0.000    0.000    0.000  
g1:S2:IDR2:  0.000       0.000     0.000     0.000    0.000    0.000    0.000  
            S1:IDR2: S2:IDR2: g1:S1:IDR1: g1:S2:IDR1: g1:S1:IDR2:
grp1                                                             
S1                                                               
S2                                                               
IDR1                                                             
IDR2                                                             
IDL1                                                             
grp1:S1                                                          
grp1:S2                                                          
grp1:IDR1                                                        
grp1:IDR2                                                        
S1:IDR1                                                          
S2:IDR1                                                          
S1:IDR2                                                          
S2:IDR2                                                          
grp1:IDL1                                                        
S1:IDL1                                                          
S2:IDL1                                                          
IDR1:IDL1                                                        
IDR2:IDL1                                                        
gr1:S1:IDR1                                                      
gr1:S2:IDR1                                                      
gr1:S1:IDR2                                                      
gr1:S2:IDR2                                                      
gr1:S1:IDL1                                                      
gr1:S2:IDL1                                                      
g1:IDR1:IDL                                                      
g1:IDR2:IDL                                                      
S1:IDR1:IDL                                                      
S2:IDR1:IDL                                                      
S1:IDR2:IDL                                                      
S2:IDR2:IDL -0.500                                               
g1:S1:IDR1:  0.000    0.000                                      
g1:S2:IDR1:  0.000    0.000   -0.500                             
g1:S1:IDR2:  0.000    0.000   -0.500       0.250                 
g1:S2:IDR2:  0.000    0.000    0.250      -0.500      -0.500     
