[1] "Summary by group"
  grp    accQ.m     accQ.s
1   C 0.4253716 0.08135433
2   U 0.4079461 0.08821108
[1] "Summary by session\n"
  S    accQ.m     accQ.s
1 1 0.4114158 0.07574429
2 2 0.4171135 0.09362146
3 3 0.4214472 0.08602063
[1] "Summary by ID\n"
  ID    accQ.m     accQ.s
1  D 0.3411419 0.04163969
2  E 0.4921758 0.03585547
[1] "Summary by group + Session\n"
  grp S    accQ.m     accQ.s
1   C 1 0.4145823 0.06745769
2   C 2 0.4257823 0.09206726
3   C 3 0.4357500 0.08398267
4   U 1 0.4082493 0.08426711
5   U 2 0.4084447 0.09591838
6   U 3 0.4071443 0.08705123
[1] "Summary by Session + ID\n"
  S ID    accQ.m     accQ.s
1 1  D 0.3469597 0.03726296
2 1  E 0.4758720 0.04108508
3 2  D 0.3303833 0.03882391
4 2  E 0.5038437 0.02760234
5 3  D 0.3460827 0.04738503
6 3  E 0.4968117 0.03252058
[1] "Summary by group + ID\n"
  grp ID    accQ.m     accQ.s
1   C  D 0.3557633 0.04468782
2   C  E 0.4949798 0.03846587
3   U  D 0.3265204 0.03275427
4   U  E 0.4893718 0.03323767
[1] "Summary by group + Session + ID\n"
   grp S ID    accQ.m     accQ.s
1    C 1  D 0.3602580 0.02624395
2    C 1  E 0.4689067 0.04912755
3    C 2  D 0.3427033 0.04575801
4    C 2  E 0.5088613 0.02596465
5    C 3  D 0.3643287 0.05666350
6    C 3  E 0.5071713 0.02164457
7    U 1  D 0.3336613 0.04252689
8    U 1  E 0.4828373 0.03128993
9    U 2  D 0.3180633 0.02651814
10   U 2  E 0.4988260 0.02915622
11   U 3  D 0.3278367 0.02696143
12   U 3  E 0.4864520 0.03862969
