[1] "maxangleL ~S*IDR*IDL*grp + Error(pp/(S*IDR*IDL))"
$ANOVA
          Effect DFn DFd            F            p p<.05          ges
2            grp   1   8  1.523261131 2.521504e-01       3.678683e-02
3              S   2  16  1.095277892 3.582549e-01       1.961502e-02
5            IDR   2  16  9.110012062 2.284112e-03     * 8.434324e-02
7            IDL   1   8 53.793899000 8.114585e-05     * 3.552578e-01
4          grp:S   2  16  0.575362306 5.737201e-01       1.040084e-02
6        grp:IDR   2  16  2.118052962 1.527370e-01       2.096683e-02
8        grp:IDL   1   8  0.004439871 9.485095e-01       4.547525e-05
9          S:IDR   4  32  4.770072988 3.926335e-03     * 6.684795e-02
11         S:IDL   2  16  0.175986823 8.402305e-01       2.309373e-03
13       IDR:IDL   2  16  2.877771619 8.558554e-02       2.720639e-02
10     grp:S:IDR   4  32  3.268412779 2.349512e-02     * 4.678826e-02
12     grp:S:IDL   2  16  0.697198602 5.124893e-01       9.086785e-03
14   grp:IDR:IDL   2  16  0.799170617 4.668593e-01       7.706787e-03
15     S:IDR:IDL   4  32  2.086595336 1.056799e-01       4.658637e-02
16 grp:S:IDR:IDL   4  32  0.247543935 9.090217e-01       5.763433e-03

$`Mauchly's Test for Sphericity`
          Effect          W           p p<.05
3              S 0.71627360 0.311011403      
4          grp:S 0.71627360 0.311011403      
5            IDR 0.20300809 0.003769612     *
6        grp:IDR 0.20300809 0.003769612     *
9          S:IDR 0.06950543 0.054862398      
10     grp:S:IDR 0.06950543 0.054862398      
11         S:IDL 0.65681304 0.229639281      
12     grp:S:IDL 0.65681304 0.229639281      
13       IDR:IDL 0.92342378 0.756665082      
14   grp:IDR:IDL 0.92342378 0.756665082      
15     S:IDR:IDL 0.16675018 0.260693786      
16 grp:S:IDR:IDL 0.16675018 0.260693786      

$`Sphericity Corrections`
          Effect       GGe      p[GG] p[GG]<.05       HFe       p[HF] p[HF]<.05
3              S 0.7789822 0.34827131           0.9330653 0.355682388          
4          grp:S 0.7789822 0.53573481           0.9330653 0.563120200          
5            IDR 0.5564855 0.01322150         * 0.5820173 0.011932229         *
6        grp:IDR 0.5564855 0.18052818           0.5820173 0.179032856          
9          S:IDR 0.6485845 0.01377164         * 0.9873464 0.004105316         *
10     grp:S:IDR 0.6485845 0.04753921         * 0.9873464 0.024089158         *
11         S:IDL 0.7444980 0.77789889           0.8755150 0.813006058          
12     grp:S:IDL 0.7444980 0.47635310           0.8755150 0.496170720          
13       IDR:IDL 0.9288706 0.09073166           1.1982295 0.085585542          
14   grp:IDR:IDL 0.9288706 0.45959709           1.1982295 0.466859269          
15     S:IDR:IDL 0.6078161 0.14389636           0.8925445 0.114933162          
16 grp:S:IDR:IDL 0.6078161 0.82302190           0.8925445 0.891621081          

