            Estimate MCMCmean HPD95lower HPD95upper pMCMC Pr(>|t|)
(Intercept)   8.2573   8.2691     7.3645     9.2111 0.001   0.0000
grp1          0.0952   0.0714    -0.9419     0.9712 0.868   0.8632
S1           -1.5193  -1.5252    -1.8324    -1.2365 0.001   0.0000
S2            0.4249   0.4262     0.1285     0.7224 0.012   0.0133
ID1          -2.9420  -2.9492    -3.5529    -2.3075 0.001   0.0000
ID2          -0.6914  -0.6817    -1.2944    -0.1089 0.030   0.1809
grp1:S1      -0.1559  -0.1528    -0.4629     0.1367 0.308   0.3613
grp1:S2       0.0720   0.0672    -0.2020     0.3749 0.632   0.6733
grp1:ID1      0.0357   0.0298    -0.5658     0.5799 0.946   0.9448
grp1:ID2      0.1705   0.1577    -0.4658     0.7714 0.634   0.7410
S1:ID1        1.0179   1.0274     0.6588     1.3767 0.001   0.0000
S2:ID1       -0.3253  -0.3403    -0.7276    -0.0074 0.070   0.0695
S1:ID2       -0.0610  -0.0519    -0.4389     0.2638 0.782   0.7326
S2:ID2       -0.0817  -0.0823    -0.4225     0.2263 0.674   0.6474
grp1:S1:ID1   0.1236   0.1277    -0.2099     0.5175 0.464   0.4892
grp1:S2:ID1   0.0156   0.0091    -0.3389     0.3841 0.936   0.9304
grp1:S1:ID2  -0.1923  -0.2020    -0.5678     0.1534 0.270   0.2823
grp1:S2:ID2   0.1463   0.1505    -0.2170     0.4750 0.388   0.4130
Analysis of Variance Table
         Df  Sum Sq Mean Sq F value
grp       1   0.053   0.053  0.0295
S         2 150.887  75.443 42.2685
ID        2 100.111  50.055 28.0443
grp:S     2   1.496   0.748  0.4190
grp:ID    2   0.326   0.163  0.0915
S:ID      4  75.613  18.903 10.5909
grp:S:ID  4   3.364   0.841  0.4711
Linear mixed model fit by REML 
Formula: IPerfEf ~ (1 | pp) + (1 | pp/S) + (1 | pp/ID) + (1 | pp/S:ID) +      grp * S * ID 
   Data: mdata 
  AIC  BIC logLik deviance REMLdev
 1098 1191   -523     1026    1046
Random effects:
 Groups   Name        Variance Std.Dev.
 S:ID:pp  (Intercept) 0.12172  0.34889 
 ID:pp    (Intercept) 3.74304  1.93469 
 S:pp     (Intercept) 0.19719  0.44406 
 pp       (Intercept) 0.41275  0.64245 
 pp       (Intercept) 0.41281  0.64250 
 pp       (Intercept) 0.41279  0.64248 
 pp       (Intercept) 0.41275  0.64246 
 Residual             1.78486  1.33599 
Number of obs: 270, groups: S:ID:pp, 90; ID:pp, 30; S:pp, 30; pp, 10

Fixed effects:
            Estimate Std. Error t value
(Intercept)  8.25726    0.55168  14.967
grp1         0.09518    0.55168   0.173
S1          -1.51929    0.17050  -8.911
S2           0.42488    0.17050   2.492
ID1         -2.94196    0.51523  -5.710
ID2         -0.69136    0.51523  -1.342
grp1:S1     -0.15592    0.17050  -0.914
grp1:S2      0.07196    0.17050   0.422
grp1:ID1     0.03569    0.51523   0.069
grp1:ID2     0.17048    0.51523   0.331
S1:ID1       1.01793    0.17847   5.704
S2:ID1      -0.32534    0.17847  -1.823
S1:ID2      -0.06104    0.17847  -0.342
S2:ID2      -0.08172    0.17847  -0.458
grp1:S1:ID1  0.12362    0.17847   0.693
grp1:S2:ID1  0.01560    0.17847   0.087
grp1:S1:ID2 -0.19230    0.17847  -1.077
grp1:S2:ID2  0.14635    0.17847   0.820

Correlation of Fixed Effects:
            (Intr) grp1   S1     S2     ID1    ID2    gr1:S1 gr1:S2 g1:ID1
grp1         0.000                                                        
S1           0.000  0.000                                                 
S2           0.000  0.000 -0.500                                          
ID1          0.000  0.000  0.000  0.000                                   
ID2          0.000  0.000  0.000  0.000 -0.500                            
grp1:S1      0.000  0.000  0.000  0.000  0.000  0.000                     
grp1:S2      0.000  0.000  0.000  0.000  0.000  0.000 -0.500              
grp1:ID1     0.000  0.000  0.000  0.000  0.000  0.000  0.000  0.000       
grp1:ID2     0.000  0.000  0.000  0.000  0.000  0.000  0.000  0.000 -0.500
S1:ID1       0.000  0.000  0.000  0.000  0.000  0.000  0.000  0.000  0.000
S2:ID1       0.000  0.000  0.000  0.000  0.000  0.000  0.000  0.000  0.000
S1:ID2       0.000  0.000  0.000  0.000  0.000  0.000  0.000  0.000  0.000
S2:ID2       0.000  0.000  0.000  0.000  0.000  0.000  0.000  0.000  0.000
grp1:S1:ID1  0.000  0.000  0.000  0.000  0.000  0.000  0.000  0.000  0.000
grp1:S2:ID1  0.000  0.000  0.000  0.000  0.000  0.000  0.000  0.000  0.000
grp1:S1:ID2  0.000  0.000  0.000  0.000  0.000  0.000  0.000  0.000  0.000
grp1:S2:ID2  0.000  0.000  0.000  0.000  0.000  0.000  0.000  0.000  0.000
            g1:ID2 S1:ID1 S2:ID1 S1:ID2 S2:ID2 g1:S1:ID1 g1:S2:ID1 g1:S1:ID2
grp1                                                                        
S1                                                                          
S2                                                                          
ID1                                                                         
ID2                                                                         
grp1:S1                                                                     
grp1:S2                                                                     
grp1:ID1                                                                    
grp1:ID2                                                                    
S1:ID1       0.000                                                          
S2:ID1       0.000 -0.500                                                   
S1:ID2       0.000 -0.500  0.250                                            
S2:ID2       0.000  0.250 -0.500 -0.500                                     
grp1:S1:ID1  0.000  0.000  0.000  0.000  0.000                              
grp1:S2:ID1  0.000  0.000  0.000  0.000  0.000 -0.500                       
grp1:S1:ID2  0.000  0.000  0.000  0.000  0.000 -0.500     0.250             
grp1:S2:ID2  0.000  0.000  0.000  0.000  0.000  0.250    -0.500    -0.500   
Linear mixed model fit by REML 
Formula: IPerfEf ~ (1 | pp) + (1 | pp/S) + (1 | pp/ID) + (1 | pp/S:ID) +      grp * S * ID 
   Data: mdata 
  AIC  BIC logLik deviance REMLdev
 1098 1191   -523     1026    1046
Random effects:
 Groups   Name        Variance Std.Dev.
 S:ID:pp  (Intercept) 0.12172  0.34889 
 ID:pp    (Intercept) 3.74304  1.93469 
 S:pp     (Intercept) 0.19719  0.44406 
 pp       (Intercept) 0.41275  0.64245 
 pp       (Intercept) 0.41281  0.64250 
 pp       (Intercept) 0.41279  0.64248 
 pp       (Intercept) 0.41275  0.64246 
 Residual             1.78486  1.33599 
Number of obs: 270, groups: S:ID:pp, 90; ID:pp, 30; S:pp, 30; pp, 10

Fixed effects:
            Estimate Std. Error t value
(Intercept)  8.25726    0.55168  14.967
grp1         0.09518    0.55168   0.173
S1          -1.51929    0.17050  -8.911
S2           0.42488    0.17050   2.492
ID1         -2.94196    0.51523  -5.710
ID2         -0.69136    0.51523  -1.342
grp1:S1     -0.15592    0.17050  -0.914
grp1:S2      0.07196    0.17050   0.422
grp1:ID1     0.03569    0.51523   0.069
grp1:ID2     0.17048    0.51523   0.331
S1:ID1       1.01793    0.17847   5.704
S2:ID1      -0.32534    0.17847  -1.823
S1:ID2      -0.06104    0.17847  -0.342
S2:ID2      -0.08172    0.17847  -0.458
grp1:S1:ID1  0.12362    0.17847   0.693
grp1:S2:ID1  0.01560    0.17847   0.087
grp1:S1:ID2 -0.19230    0.17847  -1.077
grp1:S2:ID2  0.14635    0.17847   0.820

Correlation of Fixed Effects:
            (Intr) grp1   S1     S2     ID1    ID2    gr1:S1 gr1:S2 g1:ID1
grp1         0.000                                                        
S1           0.000  0.000                                                 
S2           0.000  0.000 -0.500                                          
ID1          0.000  0.000  0.000  0.000                                   
ID2          0.000  0.000  0.000  0.000 -0.500                            
grp1:S1      0.000  0.000  0.000  0.000  0.000  0.000                     
grp1:S2      0.000  0.000  0.000  0.000  0.000  0.000 -0.500              
grp1:ID1     0.000  0.000  0.000  0.000  0.000  0.000  0.000  0.000       
grp1:ID2     0.000  0.000  0.000  0.000  0.000  0.000  0.000  0.000 -0.500
S1:ID1       0.000  0.000  0.000  0.000  0.000  0.000  0.000  0.000  0.000
S2:ID1       0.000  0.000  0.000  0.000  0.000  0.000  0.000  0.000  0.000
S1:ID2       0.000  0.000  0.000  0.000  0.000  0.000  0.000  0.000  0.000
S2:ID2       0.000  0.000  0.000  0.000  0.000  0.000  0.000  0.000  0.000
grp1:S1:ID1  0.000  0.000  0.000  0.000  0.000  0.000  0.000  0.000  0.000
grp1:S2:ID1  0.000  0.000  0.000  0.000  0.000  0.000  0.000  0.000  0.000
grp1:S1:ID2  0.000  0.000  0.000  0.000  0.000  0.000  0.000  0.000  0.000
grp1:S2:ID2  0.000  0.000  0.000  0.000  0.000  0.000  0.000  0.000  0.000
            g1:ID2 S1:ID1 S2:ID1 S1:ID2 S2:ID2 g1:S1:ID1 g1:S2:ID1 g1:S1:ID2
grp1                                                                        
S1                                                                          
S2                                                                          
ID1                                                                         
ID2                                                                         
grp1:S1                                                                     
grp1:S2                                                                     
grp1:ID1                                                                    
grp1:ID2                                                                    
S1:ID1       0.000                                                          
S2:ID1       0.000 -0.500                                                   
S1:ID2       0.000 -0.500  0.250                                            
S2:ID2       0.000  0.250 -0.500 -0.500                                     
grp1:S1:ID1  0.000  0.000  0.000  0.000  0.000                              
grp1:S2:ID1  0.000  0.000  0.000  0.000  0.000 -0.500                       
grp1:S1:ID2  0.000  0.000  0.000  0.000  0.000 -0.500     0.250             
grp1:S2:ID2  0.000  0.000  0.000  0.000  0.000  0.250    -0.500    -0.500   
