[1] "ID Tukey test"

	 Simultaneous Tests for General Linear Hypotheses

Multiple Comparisons of Means: Tukey Contrasts


Fit: lmer(formula = IPerfEf ~ (1 | pp) + (1 | pp/S) + (1 | pp/ID) + 
    (1 | pp/S:ID) + grp * S * ID, data = mdata)

Linear Hypotheses:
           Estimate Std. Error z value Pr(>|z|)    
M - D == 0    1.978      1.008   1.961 0.121797    
E - D == 0    5.963      1.008   5.913  < 1e-04 ***
E - M == 0    3.985      1.008   3.952 0.000213 ***
---
Signif. codes:  0 ‘***’ 0.001 ‘**’ 0.01 ‘*’ 0.05 ‘.’ 0.1 ‘ ’ 1 
(Adjusted p values reported -- single-step method)

[1] "S Tukey test"

	 Simultaneous Tests for General Linear Hypotheses

Multiple Comparisons of Means: Tukey Contrasts


Fit: lmer(formula = IPerfEf ~ (1 | pp) + (1 | pp/S) + (1 | pp/ID) + 
    (1 | pp/S:ID) + grp * S * ID, data = mdata)

Linear Hypotheses:
           Estimate Std. Error z value Pr(>|z|)    
2 - 1 == 0   1.5417     0.3609   4.272   <1e-04 ***
3 - 1 == 0   2.1539     0.3609   5.968   <1e-04 ***
3 - 2 == 0   0.6122     0.3609   1.696    0.207    
---
Signif. codes:  0 ‘***’ 0.001 ‘**’ 0.01 ‘*’ 0.05 ‘.’ 0.1 ‘ ’ 1 
(Adjusted p values reported -- single-step method)

[1] "grp Tukey test"

	 Simultaneous Tests for General Linear Hypotheses

Multiple Comparisons of Means: Tukey Contrasts


Fit: lmer(formula = IPerfEf ~ (1 | pp) + (1 | pp/S) + (1 | pp/ID) + 
    (1 | pp/S:ID) + grp * S * ID, data = mdata)

Linear Hypotheses:
           Estimate Std. Error z value Pr(>|z|)
U - C == 0  -0.3091     1.1634  -0.266     0.79
(Adjusted p values reported -- single-step method)

