                  Estimate MCMCmean HPD95lower HPD95upper pMCMC Pr(>|t|)
(Intercept)         0.5428   0.5411     0.4174     0.6629 0.001   0.0000
grp1                0.0485   0.0482    -0.0837     0.1720 0.410   0.2177
S1                  0.0385   0.0384    -0.0167     0.1005 0.206   0.2514
S2                  0.0079   0.0080    -0.0584     0.0688 0.802   0.8148
IDR1                0.0951   0.0957     0.0443     0.1489 0.001   0.0002
IDR2               -0.0059  -0.0061    -0.0686     0.0434 0.812   0.8153
IDL1                0.1843   0.1849     0.1384     0.2353 0.001   0.0000
grp1:S1            -0.0199  -0.0197    -0.0815     0.0388 0.536   0.5536
grp1:S2             0.0359   0.0356    -0.0268     0.0940 0.224   0.2848
grp1:IDR1           0.0456   0.0466    -0.0037     0.0941 0.068   0.0695
grp1:IDR2          -0.0023  -0.0024    -0.0523     0.0526 0.980   0.9263
S1:IDR1             0.0205   0.0215    -0.0422     0.0999 0.544   0.5642
S2:IDR1             0.0262   0.0244    -0.0442     0.0885 0.490   0.4602
S1:IDR2             0.0808   0.0814     0.0158     0.1491 0.018   0.0231
S2:IDR2            -0.1085  -0.1079    -0.1678    -0.0311 0.002   0.0023
grp1:IDL1           0.0017   0.0014    -0.0499     0.0423 0.920   0.9469
S1:IDL1            -0.0036  -0.0036    -0.0506     0.0485 0.890   0.8866
S2:IDL1             0.0161   0.0166    -0.0335     0.0639 0.512   0.5215
IDR1:IDL1          -0.0531  -0.0538    -0.1032    -0.0096 0.026   0.0348
IDR2:IDL1           0.0048   0.0047    -0.0464     0.0525 0.820   0.8495
grp1:S1:IDR1       -0.0657  -0.0654    -0.1386     0.0008 0.068   0.0648
grp1:S2:IDR1        0.0864   0.0864     0.0105     0.1513 0.010   0.0152
grp1:S1:IDR2        0.0858   0.0867     0.0173     0.1512 0.018   0.0159
grp1:S2:IDR2       -0.0810  -0.0828    -0.1490    -0.0116 0.020   0.0229
grp1:S1:IDL1       -0.0334  -0.0332    -0.0814     0.0140 0.176   0.1839
grp1:S2:IDL1        0.0131   0.0128    -0.0329     0.0564 0.584   0.6015
grp1:IDR1:IDL1     -0.0309  -0.0310    -0.0804     0.0209 0.212   0.2184
grp1:IDR2:IDL1      0.0168   0.0161    -0.0367     0.0597 0.492   0.5024
S1:IDR1:IDL1        0.0780   0.0759     0.0016     0.1414 0.036   0.0284
S2:IDR1:IDL1       -0.0319  -0.0310    -0.1051     0.0391 0.394   0.3683
S1:IDR2:IDL1       -0.0046  -0.0025    -0.0680     0.0699 0.940   0.8976
S2:IDR2:IDL1       -0.0506  -0.0515    -0.1185     0.0192 0.162   0.1545
grp1:S1:IDR1:IDL1   0.0319   0.0307    -0.0429     0.0963 0.370   0.3689
grp1:S2:IDR1:IDL1  -0.0131  -0.0140    -0.0849     0.0551 0.678   0.7115
grp1:S1:IDR2:IDL1  -0.0300  -0.0304    -0.1011     0.0335 0.404   0.3975
grp1:S2:IDR2:IDL1   0.0048   0.0049    -0.0637     0.0747 0.906   0.8917
NULL
       Length Class      Mode
fixed  6      data.frame list
random 7      data.frame list
Analysis of Variance Table
              Df Sum Sq Mean Sq F value
grp            1 0.2561  0.2561  1.5221
S              2 0.3686  0.1843  1.0953
IDR            2 3.0384  1.5192  9.0284
IDL            1 9.0518  9.0518 53.7939
grp:S          2 0.1936  0.0968  0.5754
grp:IDR        2 0.7064  0.3532  2.0991
S:IDR          4 2.3630  0.5907  3.5107
grp:IDL        1 0.0007  0.0007  0.0044
S:IDL          2 0.0764  0.0382  0.2269
IDR:IDL        2 0.9225  0.4613  2.7412
grp:S:IDR      4 1.6191  0.4048  2.4055
grp:S:IDL      2 0.3025  0.1512  0.8988
grp:IDR:IDL    2 0.2562  0.1281  0.7613
S:IDR:IDL      4 1.6118  0.4029  2.3946
grp:S:IDR:IDL  4 0.1912  0.0478  0.2841
Linear mixed model fit by REML 
Formula: get(vname) ~ (1 | pp) + (1 | pp/S) + (1 | pp/IDR) + (1 | pp/IDL) +      (1 | pp/S:IDR:IDL) + grp * S * IDR * IDL 
   Data: mdata 
   AIC  BIC logLik deviance REMLdev
 853.2 1051 -380.6    569.1   761.2
Random effects:
 Groups       Name        Variance   Std.Dev.
 S:IDR:IDL:pp (Intercept) 0.00053853 0.023206
 IDR:pp       (Intercept) 0.00000000 0.000000
 S:pp         (Intercept) 0.00746016 0.086372
 IDL:pp       (Intercept) 0.00634188 0.079636
 pp           (Intercept) 0.00133174 0.036493
 pp           (Intercept) 0.00133175 0.036493
 pp           (Intercept) 0.00133174 0.036493
 pp           (Intercept) 0.00133175 0.036493
 pp           (Intercept) 0.00133174 0.036493
 Residual                 0.16826780 0.410205
Number of obs: 540, groups: S:IDR:IDL:pp, 180; IDR:pp, 30; S:pp, 30; IDL:pp, 20; pp, 10

Fixed effects:
                   Estimate Std. Error t value
(Intercept)        0.542843   0.039318  13.806
grp1               0.048532   0.039318   1.234
S1                 0.038544   0.033564   1.148
S2                 0.007868   0.033564   0.234
IDR1               0.095100   0.025084   3.791
IDR2              -0.005861   0.025084  -0.234
IDL1               0.184340   0.025133   7.334
grp1:S1           -0.019898   0.033564  -0.593
grp1:S2            0.035936   0.033564   1.071
grp1:IDR1          0.045624   0.025084   1.819
grp1:IDR2         -0.002320   0.025084  -0.092
S1:IDR1            0.020466   0.035474   0.577
S2:IDR1            0.026216   0.035474   0.739
S1:IDR2            0.080816   0.035474   2.278
S2:IDR2           -0.108541   0.035474  -3.060
grp1:IDL1          0.001675   0.025133   0.067
S1:IDL1           -0.003579   0.025084  -0.143
S2:IDL1            0.016091   0.025084   0.641
IDR1:IDL1         -0.053077   0.025084  -2.116
IDR2:IDL1          0.004761   0.025084   0.190
grp1:S1:IDR1      -0.065659   0.035474  -1.851
grp1:S2:IDR1       0.086436   0.035474   2.437
grp1:S1:IDR2       0.085795   0.035474   2.419
grp1:S2:IDR2      -0.080960   0.035474  -2.282
grp1:S1:IDL1      -0.033376   0.025084  -1.331
grp1:S2:IDL1       0.013107   0.025084   0.523
grp1:IDR1:IDL1    -0.030910   0.025084  -1.232
grp1:IDR2:IDL1     0.016838   0.025084   0.671
S1:IDR1:IDL1       0.077965   0.035474   2.198
S2:IDR1:IDL1      -0.031944   0.035474  -0.900
S1:IDR2:IDL1      -0.004570   0.035474  -0.129
S2:IDR2:IDL1      -0.050587   0.035474  -1.426
grp1:S1:IDR1:IDL1  0.031905   0.035474   0.899
grp1:S2:IDR1:IDL1 -0.013125   0.035474  -0.370
grp1:S1:IDR2:IDL1 -0.030040   0.035474  -0.847
grp1:S2:IDR2:IDL1  0.004834   0.035474   0.136

Correlation of Fixed Effects:
            (Intr) grp1   S1     S2     IDR1   IDR2   IDL1   gr1:S1 gr1:S2
grp1         0.000                                                        
S1           0.000  0.000                                                 
S2           0.000  0.000 -0.500                                          
IDR1         0.000  0.000  0.000  0.000                                   
IDR2         0.000  0.000  0.000  0.000 -0.500                            
IDL1         0.000  0.000  0.000  0.000  0.000  0.000                     
grp1:S1      0.000  0.000  0.000  0.000  0.000  0.000  0.000              
grp1:S2      0.000  0.000  0.000  0.000  0.000  0.000  0.000 -0.500       
grp1:IDR1    0.000  0.000  0.000  0.000  0.000  0.000  0.000  0.000  0.000
grp1:IDR2    0.000  0.000  0.000  0.000  0.000  0.000  0.000  0.000  0.000
S1:IDR1      0.000  0.000  0.000  0.000  0.000  0.000  0.000  0.000  0.000
S2:IDR1      0.000  0.000  0.000  0.000  0.000  0.000  0.000  0.000  0.000
S1:IDR2      0.000  0.000  0.000  0.000  0.000  0.000  0.000  0.000  0.000
S2:IDR2      0.000  0.000  0.000  0.000  0.000  0.000  0.000  0.000  0.000
grp1:IDL1    0.000  0.000  0.000  0.000  0.000  0.000  0.000  0.000  0.000
S1:IDL1      0.000  0.000  0.000  0.000  0.000  0.000  0.000  0.000  0.000
S2:IDL1      0.000  0.000  0.000  0.000  0.000  0.000  0.000  0.000  0.000
IDR1:IDL1    0.000  0.000  0.000  0.000  0.000  0.000  0.000  0.000  0.000
IDR2:IDL1    0.000  0.000  0.000  0.000  0.000  0.000  0.000  0.000  0.000
gr1:S1:IDR1  0.000  0.000  0.000  0.000  0.000  0.000  0.000  0.000  0.000
gr1:S2:IDR1  0.000  0.000  0.000  0.000  0.000  0.000  0.000  0.000  0.000
gr1:S1:IDR2  0.000  0.000  0.000  0.000  0.000  0.000  0.000  0.000  0.000
gr1:S2:IDR2  0.000  0.000  0.000  0.000  0.000  0.000  0.000  0.000  0.000
gr1:S1:IDL1  0.000  0.000  0.000  0.000  0.000  0.000  0.000  0.000  0.000
gr1:S2:IDL1  0.000  0.000  0.000  0.000  0.000  0.000  0.000  0.000  0.000
g1:IDR1:IDL  0.000  0.000  0.000  0.000  0.000  0.000  0.000  0.000  0.000
g1:IDR2:IDL  0.000  0.000  0.000  0.000  0.000  0.000  0.000  0.000  0.000
S1:IDR1:IDL  0.000  0.000  0.000  0.000  0.000  0.000  0.000  0.000  0.000
S2:IDR1:IDL  0.000  0.000  0.000  0.000  0.000  0.000  0.000  0.000  0.000
S1:IDR2:IDL  0.000  0.000  0.000  0.000  0.000  0.000  0.000  0.000  0.000
S2:IDR2:IDL  0.000  0.000  0.000  0.000  0.000  0.000  0.000  0.000  0.000
g1:S1:IDR1:  0.000  0.000  0.000  0.000  0.000  0.000  0.000  0.000  0.000
g1:S2:IDR1:  0.000  0.000  0.000  0.000  0.000  0.000  0.000  0.000  0.000
g1:S1:IDR2:  0.000  0.000  0.000  0.000  0.000  0.000  0.000  0.000  0.000
g1:S2:IDR2:  0.000  0.000  0.000  0.000  0.000  0.000  0.000  0.000  0.000
            gr1:IDR1 gr1:IDR2 S1:IDR1 S2:IDR1 S1:IDR2 S2:IDR2 g1:IDL S1:IDL
grp1                                                                       
S1                                                                         
S2                                                                         
IDR1                                                                       
IDR2                                                                       
IDL1                                                                       
grp1:S1                                                                    
grp1:S2                                                                    
grp1:IDR1                                                                  
grp1:IDR2   -0.500                                                         
S1:IDR1      0.000    0.000                                                
S2:IDR1      0.000    0.000   -0.500                                       
S1:IDR2      0.000    0.000   -0.500   0.250                               
S2:IDR2      0.000    0.000    0.250  -0.500  -0.500                       
grp1:IDL1    0.000    0.000    0.000   0.000   0.000   0.000               
S1:IDL1      0.000    0.000    0.000   0.000   0.000   0.000   0.000       
S2:IDL1      0.000    0.000    0.000   0.000   0.000   0.000   0.000 -0.500
IDR1:IDL1    0.000    0.000    0.000   0.000   0.000   0.000   0.000  0.000
IDR2:IDL1    0.000    0.000    0.000   0.000   0.000   0.000   0.000  0.000
gr1:S1:IDR1  0.000    0.000    0.000   0.000   0.000   0.000   0.000  0.000
gr1:S2:IDR1  0.000    0.000    0.000   0.000   0.000   0.000   0.000  0.000
gr1:S1:IDR2  0.000    0.000    0.000   0.000   0.000   0.000   0.000  0.000
gr1:S2:IDR2  0.000    0.000    0.000   0.000   0.000   0.000   0.000  0.000
gr1:S1:IDL1  0.000    0.000    0.000   0.000   0.000   0.000   0.000  0.000
gr1:S2:IDL1  0.000    0.000    0.000   0.000   0.000   0.000   0.000  0.000
g1:IDR1:IDL  0.000    0.000    0.000   0.000   0.000   0.000   0.000  0.000
g1:IDR2:IDL  0.000    0.000    0.000   0.000   0.000   0.000   0.000  0.000
S1:IDR1:IDL  0.000    0.000    0.000   0.000   0.000   0.000   0.000  0.000
S2:IDR1:IDL  0.000    0.000    0.000   0.000   0.000   0.000   0.000  0.000
S1:IDR2:IDL  0.000    0.000    0.000   0.000   0.000   0.000   0.000  0.000
S2:IDR2:IDL  0.000    0.000    0.000   0.000   0.000   0.000   0.000  0.000
g1:S1:IDR1:  0.000    0.000    0.000   0.000   0.000   0.000   0.000  0.000
g1:S2:IDR1:  0.000    0.000    0.000   0.000   0.000   0.000   0.000  0.000
g1:S1:IDR2:  0.000    0.000    0.000   0.000   0.000   0.000   0.000  0.000
g1:S2:IDR2:  0.000    0.000    0.000   0.000   0.000   0.000   0.000  0.000
            S2:IDL IDR1:I IDR2:I gr1:S1:IDR1 gr1:S2:IDR1 gr1:S1:IDR2
grp1                                                                
S1                                                                  
S2                                                                  
IDR1                                                                
IDR2                                                                
IDL1                                                                
grp1:S1                                                             
grp1:S2                                                             
grp1:IDR1                                                           
grp1:IDR2                                                           
S1:IDR1                                                             
S2:IDR1                                                             
S1:IDR2                                                             
S2:IDR2                                                             
grp1:IDL1                                                           
S1:IDL1                                                             
S2:IDL1                                                             
IDR1:IDL1    0.000                                                  
IDR2:IDL1    0.000 -0.500                                           
gr1:S1:IDR1  0.000  0.000  0.000                                    
gr1:S2:IDR1  0.000  0.000  0.000 -0.500                             
gr1:S1:IDR2  0.000  0.000  0.000 -0.500       0.250                 
gr1:S2:IDR2  0.000  0.000  0.000  0.250      -0.500      -0.500     
gr1:S1:IDL1  0.000  0.000  0.000  0.000       0.000       0.000     
gr1:S2:IDL1  0.000  0.000  0.000  0.000       0.000       0.000     
g1:IDR1:IDL  0.000  0.000  0.000  0.000       0.000       0.000     
g1:IDR2:IDL  0.000  0.000  0.000  0.000       0.000       0.000     
S1:IDR1:IDL  0.000  0.000  0.000  0.000       0.000       0.000     
S2:IDR1:IDL  0.000  0.000  0.000  0.000       0.000       0.000     
S1:IDR2:IDL  0.000  0.000  0.000  0.000       0.000       0.000     
S2:IDR2:IDL  0.000  0.000  0.000  0.000       0.000       0.000     
g1:S1:IDR1:  0.000  0.000  0.000  0.000       0.000       0.000     
g1:S2:IDR1:  0.000  0.000  0.000  0.000       0.000       0.000     
g1:S1:IDR2:  0.000  0.000  0.000  0.000       0.000       0.000     
g1:S2:IDR2:  0.000  0.000  0.000  0.000       0.000       0.000     
            gr1:S2:IDR2 g1:S1:IDL g1:S2:IDL g1:IDR1: g1:IDR2: S1:IDR1: S2:IDR1:
grp1                                                                           
S1                                                                             
S2                                                                             
IDR1                                                                           
IDR2                                                                           
IDL1                                                                           
grp1:S1                                                                        
grp1:S2                                                                        
grp1:IDR1                                                                      
grp1:IDR2                                                                      
S1:IDR1                                                                        
S2:IDR1                                                                        
S1:IDR2                                                                        
S2:IDR2                                                                        
grp1:IDL1                                                                      
S1:IDL1                                                                        
S2:IDL1                                                                        
IDR1:IDL1                                                                      
IDR2:IDL1                                                                      
gr1:S1:IDR1                                                                    
gr1:S2:IDR1                                                                    
gr1:S1:IDR2                                                                    
gr1:S2:IDR2                                                                    
gr1:S1:IDL1  0.000                                                             
gr1:S2:IDL1  0.000      -0.500                                                 
g1:IDR1:IDL  0.000       0.000     0.000                                       
g1:IDR2:IDL  0.000       0.000     0.000    -0.500                             
S1:IDR1:IDL  0.000       0.000     0.000     0.000    0.000                    
S2:IDR1:IDL  0.000       0.000     0.000     0.000    0.000   -0.500           
S1:IDR2:IDL  0.000       0.000     0.000     0.000    0.000   -0.500    0.250  
S2:IDR2:IDL  0.000       0.000     0.000     0.000    0.000    0.250   -0.500  
g1:S1:IDR1:  0.000       0.000     0.000     0.000    0.000    0.000    0.000  
g1:S2:IDR1:  0.000       0.000     0.000     0.000    0.000    0.000    0.000  
g1:S1:IDR2:  0.000       0.000     0.000     0.000    0.000    0.000    0.000  
g1:S2:IDR2:  0.000       0.000     0.000     0.000    0.000    0.000    0.000  
            S1:IDR2: S2:IDR2: g1:S1:IDR1: g1:S2:IDR1: g1:S1:IDR2:
grp1                                                             
S1                                                               
S2                                                               
IDR1                                                             
IDR2                                                             
IDL1                                                             
grp1:S1                                                          
grp1:S2                                                          
grp1:IDR1                                                        
grp1:IDR2                                                        
S1:IDR1                                                          
S2:IDR1                                                          
S1:IDR2                                                          
S2:IDR2                                                          
grp1:IDL1                                                        
S1:IDL1                                                          
S2:IDL1                                                          
IDR1:IDL1                                                        
IDR2:IDL1                                                        
gr1:S1:IDR1                                                      
gr1:S2:IDR1                                                      
gr1:S1:IDR2                                                      
gr1:S2:IDR2                                                      
gr1:S1:IDL1                                                      
gr1:S2:IDL1                                                      
g1:IDR1:IDL                                                      
g1:IDR2:IDL                                                      
S1:IDR1:IDL                                                      
S2:IDR1:IDL                                                      
S1:IDR2:IDL                                                      
S2:IDR2:IDL -0.500                                               
g1:S1:IDR1:  0.000    0.000                                      
g1:S2:IDR1:  0.000    0.000   -0.500                             
g1:S1:IDR2:  0.000    0.000   -0.500       0.250                 
g1:S2:IDR2:  0.000    0.000    0.250      -0.500      -0.500     
