[1] "d2D ~(S*DID*grp)+Error(pp/(S*DID))+grp"
$ANOVA
     Effect DFn DFd           F            p p<.05         ges
2       grp   1   8  1.50701859 2.544884e-01       0.120138520
3         S   2  16  0.08858712 9.156691e-01       0.001821420
5       DID   2  16 58.24137521 4.525694e-08     * 0.296530627
4     grp:S   2  16  0.81454840 4.603831e-01       0.016501447
6   grp:DID   2  16  2.40158622 1.224400e-01       0.017084687
7     S:DID   4  32  2.76967132 4.395688e-02     * 0.017844056
8 grp:S:DID   4  32  0.56129963 6.923830e-01       0.003668458

$`Mauchly's Test for Sphericity`
     Effect         W          p p<.05
3         S 0.5221794 0.10288903      
4     grp:S 0.5221794 0.10288903      
5       DID 0.2714382 0.01041953     *
6   grp:DID 0.2714382 0.01041953     *
7     S:DID 0.1597706 0.24205431      
8 grp:S:DID 0.1597706 0.24205431      

$`Sphericity Corrections`
     Effect       GGe        p[GG] p[GG]<.05       HFe        p[HF] p[HF]<.05
3         S 0.6766721 8.428906e-01           0.7658060 0.8682990737          
4     grp:S 0.6766721 4.229211e-01           0.7658060 0.4349063631          
5       DID 0.5785156 1.953826e-05         * 0.6147391 0.0000115549         *
6   grp:DID 0.5785156 1.538231e-01           0.6147391 0.1510146584          
7     S:DID 0.5905826 8.078856e-02           0.8541194 0.0544516891          
8 grp:S:DID 0.5905826 6.075563e-01           0.8541194 0.6667284742          

