[1] "Summary by group"
  grp    d2D.m      d2D.s
1   C 1.102286 0.08275525
2   U 1.046335 0.10599239
[1] "Summary by session\n"
  S    d2D.m      d2D.s
1 1 1.076311 0.07853728
2 2 1.076872 0.09939138
3 3 1.069749 0.11628246
[1] "Summary by DID\n"
  DID    d2D.m      d2D.s
1   1 1.137399 0.07148086
2   2 1.068046 0.09162054
3   3 1.017488 0.09362976
[1] "Summary by group + Session\n"
  grp S    d2D.m      d2D.s
1   C 1 1.111001 0.06816435
2   C 2 1.090982 0.08543892
3   C 3 1.104876 0.09324786
4   U 1 1.041622 0.07327052
5   U 2 1.062763 0.11079174
6   U 3 1.034621 0.12700929
[1] "Summary by Session + DID\n"
  S DID    d2D.m      d2D.s
1 1   1 1.121547 0.05604578
2 1   2 1.077923 0.07607296
3 1   3 1.029464 0.07491109
4 2   1 1.143000 0.07219313
5 2   2 1.074922 0.08398065
6 2   3 1.012695 0.09625091
7 3   1 1.147651 0.08322739
8 3   2 1.051291 0.11172199
9 3   3 1.010304 0.10864040
[1] "Summary by group + DID\n"
  grp DID     d2D.m      d2D.s
1   C   1 1.1518911 0.06110843
2   C   2 1.0991458 0.07809687
3   C   3 1.0558222 0.07930070
4   U   1 1.1229073 0.07855784
5   U   2 1.0369456 0.09434992
6   U   3 0.9791529 0.09185757
[1] "Summary by group + Session + DID\n"
   grp S DID     d2D.m      d2D.s
1    C 1   1 1.1437733 0.05137265
2    C 1   2 1.1212533 0.06378820
3    C 1   3 1.0679767 0.06817731
4    C 2   1 1.1479200 0.05779424
5    C 2   2 1.0854633 0.08105976
6    C 2   3 1.0395613 0.08180657
7    C 3   1 1.1639800 0.07424809
8    C 3   2 1.0907207 0.08791336
9    C 3   3 1.0599287 0.08924159
10   U 1   1 1.0993200 0.05299860
11   U 1   2 1.0345933 0.06241338
12   U 1   3 0.9909520 0.06162585
13   U 2   1 1.1380800 0.08604607
14   U 2   2 1.0643813 0.08832034
15   U 2   3 0.9858280 0.10464769
16   U 3   1 1.1313220 0.09090778
17   U 3   2 1.0118620 0.12163456
18   U 3   3 0.9606787 0.10586490
