[1] "decTimeR ~S*IDR*IDL*grp + Error(pp/(S*IDR*IDL))"
$ANOVA
          Effect DFn DFd           F            p p<.05         ges
2            grp   1   8   0.1841895 6.791211e-01       0.010478751
3              S   2  16  83.9932569 3.270935e-09     * 0.301122218
5            IDR   2  16 144.0846563 5.861877e-11     * 0.602402958
7            IDL   1   8  76.0339305 2.336933e-05     * 0.559746515
4          grp:S   2  16   1.2790084 3.052863e-01       0.006518241
6        grp:IDR   2  16   8.8217479 2.616682e-03     * 0.084889575
8        grp:IDL   1   8   2.8837945 1.279059e-01       0.046003639
9          S:IDR   4  32   0.1211348 9.739193e-01       0.001269772
11         S:IDL   2  16   8.0302986 3.847574e-03     * 0.095955562
13       IDR:IDL   2  16   5.9659077 1.159222e-02     * 0.038547592
10     grp:S:IDR   4  32   1.6707323 1.810345e-01       0.017233203
12     grp:S:IDL   2  16   2.5957895 1.055974e-01       0.033171684
14   grp:IDR:IDL   2  16   2.3380500 1.285911e-01       0.015469487
15     S:IDR:IDL   4  32   1.1636854 3.451601e-01       0.005446490
16 grp:S:IDR:IDL   4  32   0.8054418 5.308600e-01       0.003776105

$`Mauchly's Test for Sphericity`
          Effect          W           p p<.05
3              S 0.64863955 0.219792053      
4          grp:S 0.64863955 0.219792053      
5            IDR 0.36089599 0.028238212     *
6        grp:IDR 0.36089599 0.028238212     *
9          S:IDR 0.02999726 0.009579417     *
10     grp:S:IDR 0.02999726 0.009579417     *
11         S:IDL 0.63932852 0.208946108      
12     grp:S:IDL 0.63932852 0.208946108      
13       IDR:IDL 0.73823613 0.345687388      
14   grp:IDR:IDL 0.73823613 0.345687388      
15     S:IDR:IDL 0.13138250 0.176656574      
16 grp:S:IDR:IDL 0.13138250 0.176656574      

$`Sphericity Corrections`
          Effect       GGe        p[GG] p[GG]<.05       HFe        p[HF]
3              S 0.7399950 2.684222e-07         * 0.8680900 3.049610e-08
4          grp:S 0.7399950 3.014603e-01           0.8680900 3.039772e-01
5            IDR 0.6100894 2.089007e-07         * 0.6623780 6.942668e-08
6        grp:IDR 0.6100894 1.163511e-02         * 0.6623780 9.502720e-03
9          S:IDR 0.4370110 8.615185e-01           0.5491240 9.027966e-01
10     grp:S:IDR 0.4370110 2.238328e-01           0.5491240 2.155729e-01
11         S:IDL 0.7349313 9.628317e-03         * 0.8597646 6.238781e-03
12     grp:S:IDL 0.7349313 1.258155e-01           0.8597646 1.159003e-01
13       IDR:IDL 0.7925413 1.936625e-02         * 0.9560329 1.291677e-02
14   grp:IDR:IDL 0.7925413 1.431998e-01           0.9560329 1.315835e-01
15     S:IDR:IDL 0.5665081 3.401340e-01           0.8019879 3.446482e-01
16 grp:S:IDR:IDL 0.5665081 4.762591e-01           0.8019879 5.096176e-01
   p[HF]<.05
3          *
4           
5          *
6          *
9           
10          
11         *
12          
13         *
14          
15          
16          

