[1] "Summary by group"
  grp decTimeR.m decTimeR.s
1   C  0.6938741  0.3365452
2   U  0.7291463  0.4057444
[1] "Summary by session\n"
  S decTimeR.m decTimeR.s
1 1  0.8665889  0.3967559
2 2  0.6647194  0.3426457
3 3  0.6032222  0.3248890
[1] "Summary by IDR+IDR\n"
  IDL IDR decTimeR.m decTimeR.s
1   D   D  0.2316000  0.1198720
2   D   M  0.4932889  0.2020971
3   D   E  0.8299111  0.1881850
4   E   D  0.7050833  0.3199697
5   E   M  0.8735500  0.2658558
6   E   E  1.1356278  0.2727552
[1] "Summary by group + Session\n"
  grp S decTimeR.m decTimeR.s
1   C 1  0.8662333  0.3580396
2   C 2  0.6465111  0.3077088
3   C 3  0.5688778  0.2671077
4   U 1  0.8669444  0.4340582
5   U 2  0.6829278  0.3752014
6   U 3  0.6375667  0.3722359
[1] "Summary by Session + IDR + IDL \n"
   S IDL IDR decTimeR.m decTimeR.s
1  1   D   D  0.3166500 0.12828834
2  1   D   M  0.5867500 0.13857083
3  1   D   E  0.8986667 0.15169333
4  1   E   D  0.9314167 0.27831891
5  1   E   M  1.0849000 0.22659330
6  1   E   E  1.3811500 0.24832474
7  2   D   D  0.2053500 0.09180274
8  2   D   M  0.4389833 0.22576283
9  2   D   E  0.7987500 0.17316798
10 2   E   D  0.6485500 0.29541451
11 2   E   M  0.8461000 0.20399026
12 2   E   E  1.0505833 0.16879002
13 3   D   D  0.1728000 0.08626029
14 3   D   M  0.4541333 0.20372238
15 3   D   E  0.7923167 0.21983660
16 3   E   D  0.5352833 0.25168575
17 3   E   M  0.6896500 0.20489451
18 3   E   E  0.9751500 0.20415373
[1] "Summary by group + IDR + IDL\n"
   grp IDL IDR decTimeR.m decTimeR.s
1    C   D   D  0.2340222 0.14110183
2    C   D   M  0.4098889 0.16372371
3    C   D   E  0.7450778 0.15584644
4    C   E   D  0.8027000 0.14463726
5    C   E   M  0.9051667 0.17410352
6    C   E   E  1.0663889 0.26284451
7    U   D   D  0.2291778 0.09562142
8    U   D   M  0.5766889 0.20391671
9    U   D   E  0.9147444 0.18061947
10   U   E   D  0.6074667 0.40826088
11   U   E   M  0.8419333 0.33257816
12   U   E   E  1.2048667 0.26756011
[1] "Summary by group + Session + IDR + IDL\n"
   grp S IDL IDR decTimeR.m decTimeR.s
1    C 1   D   D  0.3518000 0.15720287
2    C 1   D   M  0.5836667 0.12630175
3    C 1   D   E  0.8789333 0.13480036
4    C 1   E   D  0.9637000 0.09909768
5    C 1   E   M  1.0960667 0.12819278
6    C 1   E   E  1.3232333 0.26465340
7    C 2   D   D  0.1854667 0.08984738
8    C 2   D   M  0.3332667 0.11254775
9    C 2   D   E  0.7341667 0.13155290
10   C 2   E   D  0.7710667 0.08004705
11   C 2   E   M  0.8640333 0.08439035
12   C 2   E   E  0.9910667 0.12134556
13   C 3   D   D  0.1648000 0.08523891
14   C 3   D   M  0.3127333 0.08286777
15   C 3   D   E  0.6221333 0.07305538
16   C 3   E   D  0.6733333 0.05238991
17   C 3   E   M  0.7554000 0.08258571
18   C 3   E   E  0.8848667 0.14248301
19   U 1   D   D  0.2815000 0.08204311
20   U 1   D   M  0.5898333 0.15428159
21   U 1   D   E  0.9184000 0.16929203
22   U 1   E   D  0.8991333 0.38522996
23   U 1   E   M  1.0737333 0.29942599
24   U 1   E   E  1.4390667 0.22473475
25   U 2   D   D  0.2252333 0.09239992
26   U 2   D   M  0.5447000 0.26260758
27   U 2   D   E  0.8633333 0.18939958
28   U 2   E   D  0.5260333 0.37709479
29   U 2   E   M  0.8281667 0.27997402
30   U 2   E   E  1.1101000 0.19157218
31   U 3   D   D  0.1808000 0.08950056
32   U 3   D   M  0.5955333 0.19041754
33   U 3   D   E  0.9625000 0.18085620
34   U 3   E   D  0.3972333 0.29602919
35   U 3   E   M  0.6239000 0.26622944
36   U 3   E   E  1.0654333 0.22037815
