[1] "q4L ~S*IDR*IDL*grp + Error(pp/(S*IDR*IDL))"
$ANOVA
          Effect DFn DFd          F            p p<.05         ges
2            grp   1   8  3.3078224 1.064569e-01       0.139630811
3              S   2  16 11.6266668 7.619869e-04     * 0.187158494
5            IDR   2  16 42.0892114 4.234151e-07     * 0.219406502
7            IDL   1   8 56.2420474 6.931224e-05     * 0.406627650
4          grp:S   2  16  1.1484829 3.419222e-01       0.022238520
6        grp:IDR   2  16  2.3194428 1.304578e-01       0.015253236
8        grp:IDL   1   8  2.1216255 1.833312e-01       0.025199558
9          S:IDR   4  32  2.6437001 5.160275e-02       0.028533985
11         S:IDL   2  16  0.8165286 4.595565e-01       0.008448698
13       IDR:IDL   2  16 19.5620080 5.037709e-05     * 0.128918177
10     grp:S:IDR   4  32  1.3426058 2.756618e-01       0.014697409
12     grp:S:IDL   2  16  1.1150536 3.520838e-01       0.011502036
14   grp:IDR:IDL   2  16  1.5060567 2.516035e-01       0.011265816
15     S:IDR:IDL   4  32  1.2605962 3.057525e-01       0.010181121
16 grp:S:IDR:IDL   4  32  0.9177053 4.656580e-01       0.007432368

$`Mauchly's Test for Sphericity`
          Effect          W           p p<.05
3              S 0.24753858 0.007546579     *
4          grp:S 0.24753858 0.007546579     *
5            IDR 0.55832715 0.130050074      
6        grp:IDR 0.55832715 0.130050074      
9          S:IDR 0.19143799 0.321607622      
10     grp:S:IDR 0.19143799 0.321607622      
11         S:IDL 0.83363314 0.528947283      
12     grp:S:IDL 0.83363314 0.528947283      
13       IDR:IDL 0.82770363 0.515895817      
14   grp:IDR:IDL 0.82770363 0.515895817      
15     S:IDR:IDL 0.08283385 0.076941038      
16 grp:S:IDR:IDL 0.08283385 0.076941038      

$`Sphericity Corrections`
          Effect       GGe        p[GG] p[GG]<.05       HFe        p[HF]
3              S 0.5706260 6.451786e-03         * 0.6029721 5.480748e-03
4          grp:S 0.5706260 3.214588e-01           0.6029721 3.239395e-01
5            IDR 0.6936386 1.761063e-05         * 0.7928274 5.244412e-06
6        grp:IDR 0.6936386 1.522116e-01           0.7928274 1.449464e-01
9          S:IDR 0.6323992 8.484265e-02           0.9490329 5.522878e-02
10     grp:S:IDR 0.6323992 2.871096e-01           0.9490329 2.774834e-01
11         S:IDL 0.8573632 4.449897e-01           1.0685722 4.595565e-01
12     grp:S:IDL 0.8573632 3.466906e-01           1.0685722 3.520838e-01
13       IDR:IDL 0.8530266 1.516748e-04         * 1.0608986 5.037709e-05
14   grp:IDR:IDL 0.8530266 2.544487e-01           1.0608986 2.516035e-01
15     S:IDR:IDL 0.5047587 3.102579e-01           0.6759491 3.108625e-01
16 grp:S:IDR:IDL 0.5047587 4.201396e-01           0.6759491 4.403056e-01
   p[HF]<.05
3          *
4           
5          *
6           
9           
10          
11          
12          
13         *
14          
15          
16          

