Post-hoc Tukey comparisons[1] "grp Tukey test"

	Pairwise comparisons using paired t tests 

data:  mdata$q4L and mdata$grp 

  C      
U 2.5e-12

P value adjustment method: bonferroni 
[1] "S Tukey test"

	Pairwise comparisons using paired t tests 

data:  mdata$q4L and mdata$S 

  1       2    
2 1.2e-14 -    
3 2.7e-15 0.069

P value adjustment method: bonferroni 
[1] "IDR Tukey test"

	Pairwise comparisons using paired t tests 

data:  mdata$q4L and mdata$IDR 

  D      M    
M 0.0079 -    
E <2e-16 1e-14

P value adjustment method: bonferroni 
[1] "IDL Tukey test"
