[1] "Summary by group"
  grp     q4L.m      q4L.s
1   C 0.7450276 0.08211730
2   U 0.7059326 0.08281081
[1] "Summary by session\n"
  S     q4L.m      q4L.s
1 1 0.6932158 0.07391889
2 2 0.7359178 0.08113671
3 3 0.7473068 0.08893504
[1] "Summary by IDR+IDR\n"
  IDL IDR     q4L.m      q4L.s
1   D   D 0.8081328 0.05845969
2   D   M 0.7843691 0.07296534
3   D   E 0.7044417 0.07109517
4   E   D 0.6939768 0.06841214
5   E   M 0.6858322 0.07362676
6   E   E 0.6761281 0.06008862
[1] "Summary by group + Session\n"
  grp S     q4L.m      q4L.s
1   C 1 0.7048508 0.07102360
2   C 2 0.7536449 0.08560745
3   C 3 0.7765871 0.07275782
4   U 1 0.6815808 0.07530776
5   U 2 0.7181907 0.07263677
6   U 3 0.7180264 0.09423434
[1] "Summary by Session + IDR + IDL \n"
   S IDL IDR     q4L.m      q4L.s
1  1   D   D 0.7844080 0.05851143
2  1   D   M 0.7372493 0.06888508
3  1   D   E 0.6636803 0.04662276
4  1   E   D 0.6744043 0.04791867
5  1   E   M 0.6593397 0.05926046
6  1   E   E 0.6402130 0.04006543
7  2   D   D 0.8166123 0.06000358
8  2   D   M 0.8102727 0.04664195
9  2   D   E 0.6984697 0.06050384
10 2   E   D 0.6983587 0.07470414
11 2   E   M 0.7030710 0.06417201
12 2   E   E 0.6887223 0.05208482
13 3   D   D 0.8233780 0.05066748
14 3   D   M 0.8055853 0.07721237
15 3   D   E 0.7511750 0.07525141
16 3   E   D 0.7091673 0.07636533
17 3   E   M 0.6950860 0.08879549
18 3   E   E 0.6994490 0.06856961
[1] "Summary by group + IDR + IDL\n"
   grp IDL IDR     q4L.m      q4L.s
1    C   D   D 0.8101600 0.05958013
2    C   D   M 0.8112498 0.06857888
3    C   D   E 0.7107716 0.06848065
4    C   E   D 0.7236591 0.07293776
5    C   E   M 0.7150773 0.07134626
6    C   E   E 0.6992478 0.06573791
7    U   D   D 0.8061056 0.05791843
8    U   D   M 0.7574884 0.06773355
9    U   D   E 0.6981118 0.07384015
10   U   E   D 0.6642944 0.04842276
11   U   E   M 0.6565871 0.06422837
12   U   E   E 0.6530084 0.04345730
[1] "Summary by group + Session + IDR + IDL\n"
   grp S IDL IDR     q4L.m      q4L.s
1    C 1   D   D 0.7730527 0.06351682
2    C 1   D   M 0.7536773 0.08029863
3    C 1   D   E 0.6758813 0.04459820
4    C 1   E   D 0.6950180 0.04817167
5    C 1   E   M 0.6803067 0.05874750
6    C 1   E   E 0.6511687 0.03937949
7    C 2   D   D 0.8328353 0.04501259
8    C 2   D   M 0.8429440 0.02331714
9    C 2   D   E 0.6950353 0.07444193
10   C 2   E   D 0.7320920 0.08207151
11   C 2   E   M 0.7169533 0.06521249
12   C 2   E   E 0.7020093 0.06123000
13   C 3   D   D 0.8245920 0.05335357
14   C 3   D   M 0.8371280 0.04944048
15   C 3   D   E 0.7613980 0.05378136
16   C 3   E   D 0.7438673 0.07918872
17   C 3   E   M 0.7479720 0.07639134
18   C 3   E   E 0.7445653 0.05997211
19   U 1   D   D 0.7957633 0.05273539
20   U 1   D   M 0.7208213 0.05294399
21   U 1   D   E 0.6514793 0.04684690
22   U 1   E   D 0.6537907 0.03905577
23   U 1   E   M 0.6383727 0.05367632
24   U 1   E   E 0.6292573 0.03895117
25   U 2   D   D 0.8003893 0.06977056
26   U 2   D   M 0.7776013 0.04093072
27   U 2   D   E 0.7019040 0.04490026
28   U 2   E   D 0.6646253 0.04884535
29   U 2   E   M 0.6891887 0.06216591
30   U 2   E   E 0.6754353 0.03862652
31   U 3   D   D 0.8221640 0.04967893
32   U 3   D   M 0.7740427 0.08816442
33   U 3   D   E 0.7409520 0.09280975
34   U 3   E   D 0.6744673 0.05682279
35   U 3   E   M 0.6422000 0.06710746
36   U 3   E   E 0.6543327 0.04220215
