[1] "phDiffMean ~(S*DID*grp)+Error(pp/(S*DID))+grp"
$ANOVA
     Effect DFn DFd         F         p p<.05         ges
2       grp   1   8 0.1746749 0.6869826       0.005582508
3         S   2  16 0.6217865 0.5494672       0.015531024
5       DID   2  16 0.4135077 0.6681949       0.012458769
4     grp:S   2  16 0.6695226 0.5257247       0.016703464
6   grp:DID   2  16 0.3920657 0.6819757       0.011820371
7     S:DID   4  32 0.3981001 0.8084905       0.014507942
8 grp:S:DID   4  32 0.4427788 0.7767514       0.016109938

$`Mauchly's Test for Sphericity`
     Effect           W            p p<.05
3         S 0.582211077 0.1505849690      
4     grp:S 0.582211077 0.1505849690      
5       DID 0.954882025 0.8507932072      
6   grp:DID 0.954882025 0.8507932072      
7     S:DID 0.001528347 0.0000073474     *
8 grp:S:DID 0.001528347 0.0000073474     *

$`Sphericity Corrections`
     Effect       GGe     p[GG] p[GG]<.05       HFe     p[HF] p[HF]<.05
3         S 0.7053236 0.5004671           0.8115991 0.5200486          
4     grp:S 0.7053236 0.4807141           0.8115991 0.4987353          
5       DID 0.9568298 0.6598115           1.2505820 0.6681949          
6   grp:DID 0.9568298 0.6734142           1.2505820 0.6819757          
7     S:DID 0.3880444 0.6291980           0.4640946 0.6636892          
8 grp:S:DID 0.3880444 0.6034153           0.4640946 0.6361784          

