[1] "decTimeR ~S*IDR*IDL*grp + Error(pp/(S*IDR*IDL))"
$ANOVA
          Effect DFn DFd           F            p p<.05         ges
2            grp   1   8   0.1898730 6.745408e-01       0.010813540
3              S   2  16  84.0894939 3.243689e-09     * 0.299909096
5            IDR   2  16 145.9512186 5.316855e-11     * 0.603104111
7            IDL   1   8  75.8393562 2.358930e-05     * 0.560257199
4          grp:S   2  16   1.3082908 2.976873e-01       0.006620836
6        grp:IDR   2  16   9.0205704 2.381919e-03     * 0.085853457
8        grp:IDL   1   8   2.8661394 1.289172e-01       0.045937586
9          S:IDR   4  32   0.1315121 9.697176e-01       0.001372580
11         S:IDL   2  16   7.9875783 3.930596e-03     * 0.095696320
13       IDR:IDL   2  16   5.8701342 1.224827e-02     * 0.037919606
10     grp:S:IDR   4  32   1.6774428 1.794729e-01       0.017229320
12     grp:S:IDL   2  16   2.5409047 1.100771e-01       0.032566806
14   grp:IDR:IDL   2  16   2.3210823 1.302921e-01       0.015345423
15     S:IDR:IDL   4  32   1.1846795 3.362551e-01       0.005545038
16 grp:S:IDR:IDL   4  32   0.8495324 5.044950e-01       0.003982588

$`Mauchly's Test for Sphericity`
          Effect          W          p p<.05
3              S 0.65966300 0.23314571      
4          grp:S 0.65966300 0.23314571      
5            IDR 0.36990471 0.03078325     *
6        grp:IDR 0.36990471 0.03078325     *
9          S:IDR 0.02984493 0.00947372     *
10     grp:S:IDR 0.02984493 0.00947372     *
11         S:IDL 0.62912216 0.19750242      
12     grp:S:IDL 0.62912216 0.19750242      
13       IDR:IDL 0.72878552 0.33044491      
14   grp:IDR:IDL 0.72878552 0.33044491      
15     S:IDR:IDL 0.13700129 0.18957928      
16 grp:S:IDR:IDL 0.13700129 0.18957928      

$`Sphericity Corrections`
          Effect       GGe        p[GG] p[GG]<.05       HFe        p[HF]
3              S 0.7460810 2.405145e-07         * 0.8781302 2.553575e-08
4          grp:S 0.7460810 2.951699e-01           0.8781302 2.970446e-01
5            IDR 0.6134611 1.832200e-07         * 0.6675177 5.836768e-08
6        grp:IDR 0.6134611 1.080740e-02         * 0.6675177 8.725963e-03
9          S:IDR 0.4418926 8.541000e-01           0.5578938 8.969879e-01
10     grp:S:IDR 0.4418926 2.223491e-01           0.5578938 2.136233e-01
11         S:IDL 0.7294596 9.973595e-03         * 0.8507977 6.555544e-03
12     grp:S:IDL 0.7294596 1.305252e-01           0.8507977 1.209832e-01
13       IDR:IDL 0.7866493 2.055322e-02         * 0.9460287 1.395249e-02
14   grp:IDR:IDL 0.7866493 1.452381e-01           0.9460287 1.339552e-01
15     S:IDR:IDL 0.5735581 3.337615e-01           0.8170720 3.367515e-01
16 grp:S:IDR:IDL 0.5735581 4.578211e-01           0.8170720 4.876595e-01
   p[HF]<.05
3          *
4           
5          *
6          *
9           
10          
11         *
12          
13         *
14          
15          
16          

