[1] "grp Tukey test"

	 Simultaneous Tests for General Linear Hypotheses

Multiple Comparisons of Means: Tukey Contrasts


Fit: lme.formula(fixed = decTimeR ~ S + IDR + IDL + grp, data = mdata, 
    random = ~1 | pp)

Linear Hypotheses:
           Estimate Std. Error z value Pr(>|z|)
U - C == 0  0.03582    0.08220   0.436    0.663
(Adjusted p values reported -- single-step method)

[1] "S Tukey test"

	 Simultaneous Tests for General Linear Hypotheses

Multiple Comparisons of Means: Tukey Contrasts


Fit: lme.formula(fixed = decTimeR ~ S + IDR + IDL + grp, data = mdata, 
    random = ~1 | pp)

Linear Hypotheses:
           Estimate Std. Error z value Pr(>|z|)    
2 - 1 == 0 -0.20100    0.01866 -10.773   <0.001 ***
3 - 1 == 0 -0.26253    0.01866 -14.071   <0.001 ***
3 - 2 == 0 -0.06153    0.01866  -3.298   0.0028 ** 
---
Signif. codes:  0 ‘***’ 0.001 ‘**’ 0.01 ‘*’ 0.05 ‘.’ 0.1 ‘ ’ 1 
(Adjusted p values reported -- single-step method)

[1] "IDR Tukey test"

	 Simultaneous Tests for General Linear Hypotheses

Multiple Comparisons of Means: Tukey Contrasts


Fit: lme.formula(fixed = decTimeR ~ S + IDR + IDL + grp, data = mdata, 
    random = ~1 | pp)

Linear Hypotheses:
           Estimate Std. Error z value Pr(>|z|)    
E - D == 0 -0.38666    0.01523  -25.38   <2e-16 ***
---
Signif. codes:  0 ‘***’ 0.001 ‘**’ 0.01 ‘*’ 0.05 ‘.’ 0.1 ‘ ’ 1 
(Adjusted p values reported -- single-step method)

[1] "IDL Tukey test"

	 Simultaneous Tests for General Linear Hypotheses

Multiple Comparisons of Means: Tukey Contrasts


Fit: lme.formula(fixed = decTimeR ~ S + IDR + IDL + grp, data = mdata, 
    random = ~1 | pp)

Linear Hypotheses:
           Estimate Std. Error z value Pr(>|z|)    
M - D == 0 -0.29939    0.01866  -16.05   <2e-16 ***
E - D == 0 -0.51491    0.01866  -27.60   <2e-16 ***
E - M == 0 -0.21552    0.01866  -11.55   <2e-16 ***
---
Signif. codes:  0 ‘***’ 0.001 ‘**’ 0.01 ‘*’ 0.05 ‘.’ 0.1 ‘ ’ 1 
(Adjusted p values reported -- single-step method)

