                  Estimate MCMCmean HPD95lower HPD95upper pMCMC Pr(>|t|)
(Intercept)         0.9928   0.9928     0.9638     1.0180 0.001   0.0000
grp1                0.0219   0.0224    -0.0061     0.0501 0.098   0.2222
S1                  0.0024   0.0026    -0.0080     0.0152 0.652   0.7801
S2                  0.0003  -0.0001    -0.0127     0.0111 0.984   0.9724
IDR1                0.0797   0.0796     0.0706     0.0892 0.001   0.0000
IDR2               -0.0046  -0.0045    -0.0145     0.0036 0.342   0.3899
IDL1                0.0820   0.0818     0.0713     0.0911 0.001   0.0000
grp1:S1             0.0072   0.0069    -0.0048     0.0193 0.284   0.3940
grp1:S2            -0.0115  -0.0111    -0.0225     0.0008 0.070   0.1760
grp1:IDR1           0.0025   0.0023    -0.0073     0.0107 0.610   0.6400
grp1:IDR2           0.0030   0.0027    -0.0063     0.0119 0.518   0.5792
S1:IDR1            -0.0082  -0.0081    -0.0146    -0.0003 0.026   0.1166
S2:IDR1             0.0007   0.0006    -0.0076     0.0075 0.858   0.8923
S1:IDR2             0.0061   0.0063    -0.0006     0.0139 0.102   0.2372
S2:IDR2            -0.0003  -0.0003    -0.0077     0.0063 0.922   0.9498
grp1:IDL1           0.0062   0.0062    -0.0046     0.0158 0.224   0.3752
S1:IDL1            -0.0008  -0.0007    -0.0063     0.0043 0.784   0.8365
S2:IDL1             0.0022   0.0023    -0.0026     0.0077 0.376   0.5502
IDR1:IDL1          -0.0163  -0.0164    -0.0220    -0.0111 0.001   0.0000
IDR2:IDL1          -0.0020  -0.0020    -0.0065     0.0034 0.466   0.5897
grp1:S1:IDR1       -0.0039  -0.0038    -0.0115     0.0028 0.306   0.4588
grp1:S2:IDR1       -0.0037  -0.0038    -0.0106     0.0034 0.298   0.4824
grp1:S1:IDR2        0.0077   0.0076     0.0005     0.0148 0.032   0.1377
grp1:S2:IDR2       -0.0026  -0.0025    -0.0097     0.0049 0.508   0.6108
grp1:S1:IDL1       -0.0006  -0.0007    -0.0065     0.0037 0.838   0.8678
grp1:S2:IDL1       -0.0022  -0.0022    -0.0079     0.0026 0.396   0.5565
grp1:IDR1:IDL1     -0.0158  -0.0159    -0.0205    -0.0102 0.001   0.0000
grp1:IDR2:IDL1      0.0001   0.0001    -0.0058     0.0048 0.980   0.9710
S1:IDR1:IDL1       -0.0098  -0.0099    -0.0176    -0.0032 0.004   0.0597
S2:IDR1:IDL1        0.0024   0.0026    -0.0045     0.0102 0.498   0.6479
S1:IDR2:IDL1        0.0016   0.0016    -0.0052     0.0085 0.682   0.7610
S2:IDR2:IDL1        0.0048   0.0047    -0.0029     0.0109 0.192   0.3522
grp1:S1:IDR1:IDL1   0.0045   0.0045    -0.0034     0.0111 0.252   0.3816
grp1:S2:IDR1:IDL1   0.0081   0.0079     0.0010     0.0152 0.030   0.1215
grp1:S1:IDR2:IDL1  -0.0021  -0.0019    -0.0082     0.0056 0.616   0.6913
grp1:S2:IDR2:IDL1  -0.0042  -0.0043    -0.0116     0.0036 0.268   0.4190
NULL
       Length Class      Mode
fixed  6      data.frame list
random 7      data.frame list
Analysis of Variance Table
              Df   Sum Sq  Mean Sq  F value
grp            1 0.001204 0.001204   1.4273
S              2 0.000100 0.000050   0.0593
IDR            2 0.238174 0.119087 141.2281
IDL            1 0.114730 0.114730 136.0610
grp:S          2 0.001583 0.000792   0.9388
grp:IDR        2 0.000884 0.000442   0.5244
S:IDR          4 0.002799 0.000700   0.8298
grp:IDL        1 0.000664 0.000664   0.7877
S:IDL          2 0.000311 0.000156   0.1844
IDR:IDL        2 0.025298 0.012649  15.0007
grp:S:IDR      4 0.003297 0.000824   0.9775
grp:S:IDL      2 0.000531 0.000265   0.3147
grp:IDR:IDL    2 0.020685 0.010342  12.2653
S:IDR:IDL      4 0.004786 0.001197   1.4190
grp:S:IDR:IDL  4 0.005096 0.001274   1.5108
Linear mixed model fit by REML 
Formula: get(vname) ~ (1 | pp) + (1 | pp/S) + (1 | pp/IDR) + (1 | pp/IDL) +      (1 | pp/S:IDR:IDL) + grp * S * IDR * IDL 
   Data: mdata 
   AIC   BIC logLik deviance REMLdev
 -1549 -1351  820.4    -1957   -1641
Random effects:
 Groups       Name        Variance   Std.Dev.
 S:IDR:IDL:pp (Intercept) 0.00093328 0.030550
 IDR:pp       (Intercept) 0.00022274 0.014924
 S:pp         (Intercept) 0.00087803 0.029632
 IDL:pp       (Intercept) 0.00085342 0.029213
 pp           (Intercept) 0.00046797 0.021633
 pp           (Intercept) 0.00046787 0.021630
 pp           (Intercept) 0.00046769 0.021626
 pp           (Intercept) 0.00046785 0.021630
 pp           (Intercept) 0.00046760 0.021624
 Residual                 0.00084322 0.029038
Number of obs: 540, groups: S:IDR:IDL:pp, 180; IDR:pp, 30; S:pp, 30; IDL:pp, 20; pp, 10

Fixed effects:
                    Estimate Std. Error t value
(Intercept)        0.9927620  0.0178868   55.50
grp1               0.0218626  0.0178868    1.22
S1                 0.0023708  0.0084869    0.28
S2                 0.0002933  0.0084869    0.03
IDR1               0.0796744  0.0053237   14.97
IDR2              -0.0045809  0.0053237   -0.86
IDL1               0.0819985  0.0070297   11.66
grp1:S1            0.0072397  0.0084869    0.85
grp1:S2           -0.0115013  0.0084869   -1.36
grp1:IDR1          0.0024914  0.0053237    0.47
grp1:IDR2          0.0029539  0.0053237    0.55
S1:IDR1           -0.0081656  0.0051948   -1.57
S2:IDR1            0.0007035  0.0051948    0.14
S1:IDR2            0.0061475  0.0051948    1.18
S2:IDR2           -0.0003274  0.0051948   -0.06
grp1:IDL1          0.0062391  0.0070297    0.89
S1:IDL1           -0.0007586  0.0036733   -0.21
S2:IDL1            0.0021962  0.0036733    0.60
IDR1:IDL1         -0.0163483  0.0036733   -4.45
IDR2:IDL1         -0.0019823  0.0036733   -0.54
grp1:S1:IDR1      -0.0038516  0.0051948   -0.74
grp1:S2:IDR1      -0.0036519  0.0051948   -0.70
grp1:S1:IDR2       0.0077227  0.0051948    1.49
grp1:S2:IDR2      -0.0026452  0.0051948   -0.51
grp1:S1:IDL1      -0.0006116  0.0036733   -0.17
grp1:S2:IDL1      -0.0021617  0.0036733   -0.59
grp1:IDR1:IDL1    -0.0158220  0.0036733   -4.31
grp1:IDR2:IDL1     0.0001335  0.0036733    0.04
S1:IDR1:IDL1      -0.0098031  0.0051948   -1.89
S2:IDR1:IDL1       0.0023737  0.0051948    0.46
S1:IDR2:IDL1       0.0015808  0.0051948    0.30
S2:IDR2:IDL1       0.0048369  0.0051948    0.93
grp1:S1:IDR1:IDL1  0.0045491  0.0051948    0.88
grp1:S2:IDR1:IDL1  0.0080571  0.0051948    1.55
grp1:S1:IDR2:IDL1 -0.0020643  0.0051948   -0.40
grp1:S2:IDR2:IDL1 -0.0042012  0.0051948   -0.81

Correlation of Fixed Effects:
            (Intr) grp1   S1     S2     IDR1   IDR2   IDL1   gr1:S1 gr1:S2
grp1         0.000                                                        
S1           0.000  0.000                                                 
S2           0.000  0.000 -0.500                                          
IDR1         0.000  0.000  0.000  0.000                                   
IDR2         0.000  0.000  0.000  0.000 -0.500                            
IDL1         0.000  0.000  0.000  0.000  0.000  0.000                     
grp1:S1      0.000  0.000  0.000  0.000  0.000  0.000  0.000              
grp1:S2      0.000  0.000  0.000  0.000  0.000  0.000  0.000 -0.500       
grp1:IDR1    0.000  0.000  0.000  0.000  0.000  0.000  0.000  0.000  0.000
grp1:IDR2    0.000  0.000  0.000  0.000  0.000  0.000  0.000  0.000  0.000
S1:IDR1      0.000  0.000  0.000  0.000  0.000  0.000  0.000  0.000  0.000
S2:IDR1      0.000  0.000  0.000  0.000  0.000  0.000  0.000  0.000  0.000
S1:IDR2      0.000  0.000  0.000  0.000  0.000  0.000  0.000  0.000  0.000
S2:IDR2      0.000  0.000  0.000  0.000  0.000  0.000  0.000  0.000  0.000
grp1:IDL1    0.000  0.000  0.000  0.000  0.000  0.000  0.000  0.000  0.000
S1:IDL1      0.000  0.000  0.000  0.000  0.000  0.000  0.000  0.000  0.000
S2:IDL1      0.000  0.000  0.000  0.000  0.000  0.000  0.000  0.000  0.000
IDR1:IDL1    0.000  0.000  0.000  0.000  0.000  0.000  0.000  0.000  0.000
IDR2:IDL1    0.000  0.000  0.000  0.000  0.000  0.000  0.000  0.000  0.000
gr1:S1:IDR1  0.000  0.000  0.000  0.000  0.000  0.000  0.000  0.000  0.000
gr1:S2:IDR1  0.000  0.000  0.000  0.000  0.000  0.000  0.000  0.000  0.000
gr1:S1:IDR2  0.000  0.000  0.000  0.000  0.000  0.000  0.000  0.000  0.000
gr1:S2:IDR2  0.000  0.000  0.000  0.000  0.000  0.000  0.000  0.000  0.000
gr1:S1:IDL1  0.000  0.000  0.000  0.000  0.000  0.000  0.000  0.000  0.000
gr1:S2:IDL1  0.000  0.000  0.000  0.000  0.000  0.000  0.000  0.000  0.000
g1:IDR1:IDL  0.000  0.000  0.000  0.000  0.000  0.000  0.000  0.000  0.000
g1:IDR2:IDL  0.000  0.000  0.000  0.000  0.000  0.000  0.000  0.000  0.000
S1:IDR1:IDL  0.000  0.000  0.000  0.000  0.000  0.000  0.000  0.000  0.000
S2:IDR1:IDL  0.000  0.000  0.000  0.000  0.000  0.000  0.000  0.000  0.000
S1:IDR2:IDL  0.000  0.000  0.000  0.000  0.000  0.000  0.000  0.000  0.000
S2:IDR2:IDL  0.000  0.000  0.000  0.000  0.000  0.000  0.000  0.000  0.000
g1:S1:IDR1:  0.000  0.000  0.000  0.000  0.000  0.000  0.000  0.000  0.000
g1:S2:IDR1:  0.000  0.000  0.000  0.000  0.000  0.000  0.000  0.000  0.000
g1:S1:IDR2:  0.000  0.000  0.000  0.000  0.000  0.000  0.000  0.000  0.000
g1:S2:IDR2:  0.000  0.000  0.000  0.000  0.000  0.000  0.000  0.000  0.000
            gr1:IDR1 gr1:IDR2 S1:IDR1 S2:IDR1 S1:IDR2 S2:IDR2 g1:IDL S1:IDL
grp1                                                                       
S1                                                                         
S2                                                                         
IDR1                                                                       
IDR2                                                                       
IDL1                                                                       
grp1:S1                                                                    
grp1:S2                                                                    
grp1:IDR1                                                                  
grp1:IDR2   -0.500                                                         
S1:IDR1      0.000    0.000                                                
S2:IDR1      0.000    0.000   -0.500                                       
S1:IDR2      0.000    0.000   -0.500   0.250                               
S2:IDR2      0.000    0.000    0.250  -0.500  -0.500                       
grp1:IDL1    0.000    0.000    0.000   0.000   0.000   0.000               
S1:IDL1      0.000    0.000    0.000   0.000   0.000   0.000   0.000       
S2:IDL1      0.000    0.000    0.000   0.000   0.000   0.000   0.000 -0.500
IDR1:IDL1    0.000    0.000    0.000   0.000   0.000   0.000   0.000  0.000
IDR2:IDL1    0.000    0.000    0.000   0.000   0.000   0.000   0.000  0.000
gr1:S1:IDR1  0.000    0.000    0.000   0.000   0.000   0.000   0.000  0.000
gr1:S2:IDR1  0.000    0.000    0.000   0.000   0.000   0.000   0.000  0.000
gr1:S1:IDR2  0.000    0.000    0.000   0.000   0.000   0.000   0.000  0.000
gr1:S2:IDR2  0.000    0.000    0.000   0.000   0.000   0.000   0.000  0.000
gr1:S1:IDL1  0.000    0.000    0.000   0.000   0.000   0.000   0.000  0.000
gr1:S2:IDL1  0.000    0.000    0.000   0.000   0.000   0.000   0.000  0.000
g1:IDR1:IDL  0.000    0.000    0.000   0.000   0.000   0.000   0.000  0.000
g1:IDR2:IDL  0.000    0.000    0.000   0.000   0.000   0.000   0.000  0.000
S1:IDR1:IDL  0.000    0.000    0.000   0.000   0.000   0.000   0.000  0.000
S2:IDR1:IDL  0.000    0.000    0.000   0.000   0.000   0.000   0.000  0.000
S1:IDR2:IDL  0.000    0.000    0.000   0.000   0.000   0.000   0.000  0.000
S2:IDR2:IDL  0.000    0.000    0.000   0.000   0.000   0.000   0.000  0.000
g1:S1:IDR1:  0.000    0.000    0.000   0.000   0.000   0.000   0.000  0.000
g1:S2:IDR1:  0.000    0.000    0.000   0.000   0.000   0.000   0.000  0.000
g1:S1:IDR2:  0.000    0.000    0.000   0.000   0.000   0.000   0.000  0.000
g1:S2:IDR2:  0.000    0.000    0.000   0.000   0.000   0.000   0.000  0.000
            S2:IDL IDR1:I IDR2:I gr1:S1:IDR1 gr1:S2:IDR1 gr1:S1:IDR2
grp1                                                                
S1                                                                  
S2                                                                  
IDR1                                                                
IDR2                                                                
IDL1                                                                
grp1:S1                                                             
grp1:S2                                                             
grp1:IDR1                                                           
grp1:IDR2                                                           
S1:IDR1                                                             
S2:IDR1                                                             
S1:IDR2                                                             
S2:IDR2                                                             
grp1:IDL1                                                           
S1:IDL1                                                             
S2:IDL1                                                             
IDR1:IDL1    0.000                                                  
IDR2:IDL1    0.000 -0.500                                           
gr1:S1:IDR1  0.000  0.000  0.000                                    
gr1:S2:IDR1  0.000  0.000  0.000 -0.500                             
gr1:S1:IDR2  0.000  0.000  0.000 -0.500       0.250                 
gr1:S2:IDR2  0.000  0.000  0.000  0.250      -0.500      -0.500     
gr1:S1:IDL1  0.000  0.000  0.000  0.000       0.000       0.000     
gr1:S2:IDL1  0.000  0.000  0.000  0.000       0.000       0.000     
g1:IDR1:IDL  0.000  0.000  0.000  0.000       0.000       0.000     
g1:IDR2:IDL  0.000  0.000  0.000  0.000       0.000       0.000     
S1:IDR1:IDL  0.000  0.000  0.000  0.000       0.000       0.000     
S2:IDR1:IDL  0.000  0.000  0.000  0.000       0.000       0.000     
S1:IDR2:IDL  0.000  0.000  0.000  0.000       0.000       0.000     
S2:IDR2:IDL  0.000  0.000  0.000  0.000       0.000       0.000     
g1:S1:IDR1:  0.000  0.000  0.000  0.000       0.000       0.000     
g1:S2:IDR1:  0.000  0.000  0.000  0.000       0.000       0.000     
g1:S1:IDR2:  0.000  0.000  0.000  0.000       0.000       0.000     
g1:S2:IDR2:  0.000  0.000  0.000  0.000       0.000       0.000     
            gr1:S2:IDR2 g1:S1:IDL g1:S2:IDL g1:IDR1: g1:IDR2: S1:IDR1: S2:IDR1:
grp1                                                                           
S1                                                                             
S2                                                                             
IDR1                                                                           
IDR2                                                                           
IDL1                                                                           
grp1:S1                                                                        
grp1:S2                                                                        
grp1:IDR1                                                                      
grp1:IDR2                                                                      
S1:IDR1                                                                        
S2:IDR1                                                                        
S1:IDR2                                                                        
S2:IDR2                                                                        
grp1:IDL1                                                                      
S1:IDL1                                                                        
S2:IDL1                                                                        
IDR1:IDL1                                                                      
IDR2:IDL1                                                                      
gr1:S1:IDR1                                                                    
gr1:S2:IDR1                                                                    
gr1:S1:IDR2                                                                    
gr1:S2:IDR2                                                                    
gr1:S1:IDL1  0.000                                                             
gr1:S2:IDL1  0.000      -0.500                                                 
g1:IDR1:IDL  0.000       0.000     0.000                                       
g1:IDR2:IDL  0.000       0.000     0.000    -0.500                             
S1:IDR1:IDL  0.000       0.000     0.000     0.000    0.000                    
S2:IDR1:IDL  0.000       0.000     0.000     0.000    0.000   -0.500           
S1:IDR2:IDL  0.000       0.000     0.000     0.000    0.000   -0.500    0.250  
S2:IDR2:IDL  0.000       0.000     0.000     0.000    0.000    0.250   -0.500  
g1:S1:IDR1:  0.000       0.000     0.000     0.000    0.000    0.000    0.000  
g1:S2:IDR1:  0.000       0.000     0.000     0.000    0.000    0.000    0.000  
g1:S1:IDR2:  0.000       0.000     0.000     0.000    0.000    0.000    0.000  
g1:S2:IDR2:  0.000       0.000     0.000     0.000    0.000    0.000    0.000  
            S1:IDR2: S2:IDR2: g1:S1:IDR1: g1:S2:IDR1: g1:S1:IDR2:
grp1                                                             
S1                                                               
S2                                                               
IDR1                                                             
IDR2                                                             
IDL1                                                             
grp1:S1                                                          
grp1:S2                                                          
grp1:IDR1                                                        
grp1:IDR2                                                        
S1:IDR1                                                          
S2:IDR1                                                          
S1:IDR2                                                          
S2:IDR2                                                          
grp1:IDL1                                                        
S1:IDL1                                                          
S2:IDL1                                                          
IDR1:IDL1                                                        
IDR2:IDL1                                                        
gr1:S1:IDR1                                                      
gr1:S2:IDR1                                                      
gr1:S1:IDR2                                                      
gr1:S2:IDR2                                                      
gr1:S1:IDL1                                                      
gr1:S2:IDL1                                                      
g1:IDR1:IDL                                                      
g1:IDR2:IDL                                                      
S1:IDR1:IDL                                                      
S2:IDR1:IDL                                                      
S1:IDR2:IDL                                                      
S2:IDR2:IDL -0.500                                               
g1:S1:IDR1:  0.000    0.000                                      
g1:S2:IDR1:  0.000    0.000   -0.500                             
g1:S1:IDR2:  0.000    0.000   -0.500       0.250                 
g1:S2:IDR2:  0.000    0.000    0.250      -0.500      -0.500     
