[1] "Summary by group"
  grp     d2D.m     d2D.s
1   C 1.0146246 0.1308975
2   U 0.9708994 0.1250306
[1] "Summary by session\n"
  S     d2D.m     d2D.s
1 1 0.9951328 0.1207075
2 2 0.9930553 0.1299687
3 3 0.9900980 0.1385952
[1] "Summary by IDR+IDR\n"
  IDL IDR     d2D.m      d2D.s
1   D   D 1.1380867 0.07145267
2   D   M 1.0681973 0.09178043
3   D   E 1.0179977 0.09347403
4   E   D 1.0067861 0.08882207
5   E   M 0.9081649 0.05614682
6   E   E 0.8173394 0.04815314
[1] "Summary by group + Session\n"
  grp S     d2D.m     d2D.s
1   C 1 1.0242351 0.1242985
2   C 2 1.0034166 0.1275739
3   C 3 1.0162222 0.1408520
4   U 1 0.9660304 0.1101875
5   U 2 0.9826940 0.1322169
6   U 3 0.9639738 0.1319603
[1] "Summary by Session + IDR + IDL \n"
   S IDL IDR     d2D.m      d2D.s
1  1   D   D 1.1217300 0.05606382
2  1   D   M 1.0775377 0.07612360
3  1   D   E 1.0298503 0.07492218
4  1   E   D 1.0115530 0.06735844
5  1   E   M 0.9158610 0.05940054
6  1   E   E 0.8142647 0.04295419
7  2   D   D 1.1436533 0.07220228
8  2   D   M 1.0751963 0.08428051
9  2   D   E 1.0129003 0.09633170
10 2   E   D 1.0032130 0.08909143
11 2   E   M 0.9010977 0.05339067
12 2   E   E 0.8222710 0.04475474
13 3   D   D 1.1488767 0.08296369
14 3   D   M 1.0518580 0.11196774
15 3   D   E 1.0112423 0.10817678
16 3   E   D 1.0055923 0.10816442
17 3   E   M 0.9075360 0.05641339
18 3   E   E 0.8154827 0.05682898
[1] "Summary by group + IDR + IDL\n"
   grp IDL IDR     d2D.m      d2D.s
1    C   D   D 1.1528578 0.06112266
2    C   D   M 1.0993864 0.07805810
3    C   D   E 1.0563424 0.07899277
4    C   E   D 1.0407231 0.07010346
5    C   E   M 0.9266089 0.04691463
6    C   E   E 0.8118291 0.04708555
7    U   D   D 1.1233156 0.07838835
8    U   D   M 1.0370082 0.09463582
9    U   D   E 0.9796529 0.09179342
10   U   E   D 0.9728491 0.09320803
11   U   E   M 0.8897209 0.05898958
12   U   E   E 0.8228498 0.04910186
[1] "Summary by group + Session + IDR + IDL\n"
   grp S IDL IDR     d2D.m      d2D.s
1    C 1   D   D 1.1438267 0.05124406
2    C 1   D   M 1.1210133 0.06399576
3    C 1   D   E 1.0684673 0.06792641
4    C 1   E   D 1.0449407 0.05433891
5    C 1   E   M 0.9519433 0.04433105
6    C 1   E   E 0.8152193 0.04053879
7    C 2   D   D 1.1491667 0.05664710
8    C 2   D   M 1.0858760 0.08129756
9    C 2   D   E 1.0400233 0.08210490
10   C 2   E   D 1.0161013 0.07545676
11   C 2   E   M 0.9117580 0.04368099
12   C 2   E   E 0.8175740 0.04052568
13   C 3   D   D 1.1655800 0.07504267
14   C 3   D   M 1.0912700 0.08762193
15   C 3   D   E 1.0605367 0.08828404
16   C 3   E   D 1.0611273 0.07539531
17   C 3   E   M 0.9161253 0.04474781
18   C 3   E   E 0.8026940 0.05954038
19   U 1   D   D 1.0996333 0.05327836
20   U 1   D   M 1.0340620 0.06211099
21   U 1   D   E 0.9912333 0.06179026
22   U 1   E   D 0.9781653 0.06369431
23   U 1   E   M 0.8797787 0.05053491
24   U 1   E   E 0.8133100 0.04665371
25   U 2   D   D 1.1381400 0.08674490
26   U 2   D   M 1.0645167 0.08865711
27   U 2   D   E 0.9857773 0.10442612
28   U 2   E   D 0.9903247 0.10194039
29   U 2   E   M 0.8904373 0.06126328
30   U 2   E   E 0.8269680 0.04959273
31   U 3   D   D 1.1321733 0.08960093
32   U 3   D   M 1.0124460 0.12232300
33   U 3   D   E 0.9619480 0.10601527
34   U 3   E   D 0.9500573 0.10927694
35   U 3   E   M 0.8989467 0.06657178
36   U 3   E   E 0.8282713 0.05286043
