Linear mixed-effects model fit by REML
 Data: mdata 
        AIC       BIC   logLik
  -689.6994 -661.0918 352.8497

Random effects:
 Formula: ~1 | pp
        (Intercept)   Residual
StdDev:  0.01888266 0.05870991

Fixed effects: q2 ~ S + ID + grp 
                 Value   Std.Error  DF   t-value p-value
(Intercept)  0.8126556 0.006958562 256 116.78499  0.0000
S1          -0.0210635 0.005052945 256  -4.16856  0.0000
S2          -0.0006820 0.005052945 256  -0.13496  0.8927
ID1         -0.0837067 0.005052945 256 -16.56593  0.0000
ID2          0.0235008 0.005052945 256   4.65091  0.0000
grp1        -0.0123639 0.006958562   8  -1.77678  0.1135
 Correlation: 
     (Intr) S1   S2   ID1  ID2 
S1    0.0                      
S2    0.0   -0.5               
ID1   0.0    0.0  0.0          
ID2   0.0    0.0  0.0 -0.5     
grp1  0.0    0.0  0.0  0.0  0.0

Standardized Within-Group Residuals:
       Min         Q1        Med         Q3        Max 
-3.4548808 -0.5310896  0.1188366  0.6483397  2.4980241 

Number of Observations: 270
Number of Groups: 10 
            numDF denDF   F-value p-value
(Intercept)     1   256 13638.733  <.0001
S               2   256    11.972  <.0001
ID              2   256   146.010  <.0001
grp             1     8     3.157  0.1135
