            Estimate MCMCmean HPD95lower HPD95upper pMCMC Pr(>|t|)
(Intercept)   0.8127   0.8125     0.7934     0.8314 0.001   0.0000
grp1         -0.0124  -0.0126    -0.0306     0.0062 0.206   0.0768
S1           -0.0211  -0.0210    -0.0351    -0.0079 0.004   0.0135
S2           -0.0007  -0.0007    -0.0138     0.0128 0.950   0.9359
ID1          -0.0837  -0.0839    -0.0968    -0.0716 0.001   0.0000
ID2           0.0235   0.0237     0.0117     0.0367 0.001   0.0018
grp1:S1      -0.0073  -0.0073    -0.0216     0.0069 0.286   0.3875
grp1:S2       0.0049   0.0049    -0.0077     0.0194 0.496   0.5611
grp1:ID1     -0.0055  -0.0053    -0.0179     0.0080 0.380   0.4622
grp1:ID2     -0.0022  -0.0020    -0.0150     0.0096 0.750   0.7638
S1:ID1        0.0128   0.0131    -0.0011     0.0252 0.064   0.1496
S2:ID1       -0.0147  -0.0148    -0.0275    -0.0027 0.030   0.0975
S1:ID2       -0.0155  -0.0156    -0.0282    -0.0016 0.034   0.0808
S2:ID2        0.0066   0.0069    -0.0057     0.0188 0.296   0.4540
grp1:S1:ID1   0.0053   0.0051    -0.0070     0.0188 0.436   0.5475
grp1:S2:ID1  -0.0057  -0.0057    -0.0190     0.0076 0.398   0.5207
grp1:S1:ID2   0.0000   0.0001    -0.0125     0.0139 0.970   0.9956
grp1:S2:ID2  -0.0056  -0.0052    -0.0183     0.0075 0.442   0.5295
Analysis of Variance Table
         Df   Sum Sq  Mean Sq F value
grp       1 0.006776 0.006776  3.1545
S         2 0.018323 0.009162  4.2649
ID        2 0.289671 0.144835 67.4239
grp:S     2 0.001674 0.000837  0.3896
grp:ID    2 0.002447 0.001223  0.5695
S:ID      4 0.011425 0.002856  1.3296
grp:S:ID  4 0.003815 0.000954  0.4439
Linear mixed model fit by REML 
Formula: q2 ~ (1 | pp) + (1 | pp/S) + (1 | pp/ID) + (1 | pp/S:ID) + grp *      S * ID 
   Data: mdata 
    AIC    BIC logLik deviance REMLdev
 -606.3 -512.7  329.1   -802.2  -658.3
Random effects:
 Groups   Name        Variance   Std.Dev. 
 S:ID:pp  (Intercept) 1.0357e-03 0.0321828
 ID:pp    (Intercept) 2.4544e-04 0.0156667
 S:pp     (Intercept) 4.9114e-04 0.0221616
 pp       (Intercept) 1.1011e-05 0.0033184
 pp       (Intercept) 1.1008e-05 0.0033178
 pp       (Intercept) 1.1014e-05 0.0033188
 pp       (Intercept) 1.1013e-05 0.0033185
 Residual             2.1481e-03 0.0463479
Number of obs: 270, groups: S:ID:pp, 90; ID:pp, 30; S:pp, 30; pp, 10

Fixed effects:
              Estimate Std. Error t value
(Intercept)  8.127e-01  6.958e-03  116.79
grp1        -1.236e-02  6.958e-03   -1.78
S1          -2.106e-02  8.466e-03   -2.49
S2          -6.820e-04  8.466e-03   -0.08
ID1         -8.371e-02  7.436e-03  -11.26
ID2          2.350e-02  7.436e-03    3.16
grp1:S1     -7.329e-03  8.466e-03   -0.87
grp1:S2      4.926e-03  8.466e-03    0.58
grp1:ID1    -5.476e-03  7.436e-03   -0.74
grp1:ID2    -2.237e-03  7.436e-03   -0.30
S1:ID1       1.275e-02  8.824e-03    1.45
S2:ID1      -1.468e-02  8.824e-03   -1.66
S1:ID2      -1.547e-02  8.824e-03   -1.75
S2:ID2       6.617e-03  8.824e-03    0.75
grp1:S1:ID1  5.315e-03  8.824e-03    0.60
grp1:S2:ID1 -5.675e-03  8.824e-03   -0.64
grp1:S1:ID2  4.926e-05  8.824e-03    0.01
grp1:S2:ID2 -5.555e-03  8.824e-03   -0.63

Correlation of Fixed Effects:
            (Intr) grp1   S1     S2     ID1    ID2    gr1:S1 gr1:S2 g1:ID1
grp1         0.000                                                        
S1           0.000  0.000                                                 
S2           0.000  0.000 -0.500                                          
ID1          0.000  0.000  0.000  0.000                                   
ID2          0.000  0.000  0.000  0.000 -0.500                            
grp1:S1      0.000  0.000  0.000  0.000  0.000  0.000                     
grp1:S2      0.000  0.000  0.000  0.000  0.000  0.000 -0.500              
grp1:ID1     0.000  0.000  0.000  0.000  0.000  0.000  0.000  0.000       
grp1:ID2     0.000  0.000  0.000  0.000  0.000  0.000  0.000  0.000 -0.500
S1:ID1       0.000  0.000  0.000  0.000  0.000  0.000  0.000  0.000  0.000
S2:ID1       0.000  0.000  0.000  0.000  0.000  0.000  0.000  0.000  0.000
S1:ID2       0.000  0.000  0.000  0.000  0.000  0.000  0.000  0.000  0.000
S2:ID2       0.000  0.000  0.000  0.000  0.000  0.000  0.000  0.000  0.000
grp1:S1:ID1  0.000  0.000  0.000  0.000  0.000  0.000  0.000  0.000  0.000
grp1:S2:ID1  0.000  0.000  0.000  0.000  0.000  0.000  0.000  0.000  0.000
grp1:S1:ID2  0.000  0.000  0.000  0.000  0.000  0.000  0.000  0.000  0.000
grp1:S2:ID2  0.000  0.000  0.000  0.000  0.000  0.000  0.000  0.000  0.000
            g1:ID2 S1:ID1 S2:ID1 S1:ID2 S2:ID2 g1:S1:ID1 g1:S2:ID1 g1:S1:ID2
grp1                                                                        
S1                                                                          
S2                                                                          
ID1                                                                         
ID2                                                                         
grp1:S1                                                                     
grp1:S2                                                                     
grp1:ID1                                                                    
grp1:ID2                                                                    
S1:ID1       0.000                                                          
S2:ID1       0.000 -0.500                                                   
S1:ID2       0.000 -0.500  0.250                                            
S2:ID2       0.000  0.250 -0.500 -0.500                                     
grp1:S1:ID1  0.000  0.000  0.000  0.000  0.000                              
grp1:S2:ID1  0.000  0.000  0.000  0.000  0.000 -0.500                       
grp1:S1:ID2  0.000  0.000  0.000  0.000  0.000 -0.500     0.250             
grp1:S2:ID2  0.000  0.000  0.000  0.000  0.000  0.250    -0.500    -0.500   
Linear mixed model fit by REML 
Formula: q2 ~ (1 | pp) + (1 | pp/S) + (1 | pp/ID) + (1 | pp/S:ID) + grp *      S * ID 
   Data: mdata 
    AIC    BIC logLik deviance REMLdev
 -606.3 -512.7  329.1   -802.2  -658.3
Random effects:
 Groups   Name        Variance   Std.Dev. 
 S:ID:pp  (Intercept) 1.0357e-03 0.0321828
 ID:pp    (Intercept) 2.4544e-04 0.0156667
 S:pp     (Intercept) 4.9114e-04 0.0221616
 pp       (Intercept) 1.1011e-05 0.0033184
 pp       (Intercept) 1.1008e-05 0.0033178
 pp       (Intercept) 1.1014e-05 0.0033188
 pp       (Intercept) 1.1013e-05 0.0033185
 Residual             2.1481e-03 0.0463479
Number of obs: 270, groups: S:ID:pp, 90; ID:pp, 30; S:pp, 30; pp, 10

Fixed effects:
              Estimate Std. Error t value
(Intercept)  8.127e-01  6.958e-03  116.79
grp1        -1.236e-02  6.958e-03   -1.78
S1          -2.106e-02  8.466e-03   -2.49
S2          -6.820e-04  8.466e-03   -0.08
ID1         -8.371e-02  7.436e-03  -11.26
ID2          2.350e-02  7.436e-03    3.16
grp1:S1     -7.329e-03  8.466e-03   -0.87
grp1:S2      4.926e-03  8.466e-03    0.58
grp1:ID1    -5.476e-03  7.436e-03   -0.74
grp1:ID2    -2.237e-03  7.436e-03   -0.30
S1:ID1       1.275e-02  8.824e-03    1.45
S2:ID1      -1.468e-02  8.824e-03   -1.66
S1:ID2      -1.547e-02  8.824e-03   -1.75
S2:ID2       6.617e-03  8.824e-03    0.75
grp1:S1:ID1  5.315e-03  8.824e-03    0.60
grp1:S2:ID1 -5.675e-03  8.824e-03   -0.64
grp1:S1:ID2  4.926e-05  8.824e-03    0.01
grp1:S2:ID2 -5.555e-03  8.824e-03   -0.63

Correlation of Fixed Effects:
            (Intr) grp1   S1     S2     ID1    ID2    gr1:S1 gr1:S2 g1:ID1
grp1         0.000                                                        
S1           0.000  0.000                                                 
S2           0.000  0.000 -0.500                                          
ID1          0.000  0.000  0.000  0.000                                   
ID2          0.000  0.000  0.000  0.000 -0.500                            
grp1:S1      0.000  0.000  0.000  0.000  0.000  0.000                     
grp1:S2      0.000  0.000  0.000  0.000  0.000  0.000 -0.500              
grp1:ID1     0.000  0.000  0.000  0.000  0.000  0.000  0.000  0.000       
grp1:ID2     0.000  0.000  0.000  0.000  0.000  0.000  0.000  0.000 -0.500
S1:ID1       0.000  0.000  0.000  0.000  0.000  0.000  0.000  0.000  0.000
S2:ID1       0.000  0.000  0.000  0.000  0.000  0.000  0.000  0.000  0.000
S1:ID2       0.000  0.000  0.000  0.000  0.000  0.000  0.000  0.000  0.000
S2:ID2       0.000  0.000  0.000  0.000  0.000  0.000  0.000  0.000  0.000
grp1:S1:ID1  0.000  0.000  0.000  0.000  0.000  0.000  0.000  0.000  0.000
grp1:S2:ID1  0.000  0.000  0.000  0.000  0.000  0.000  0.000  0.000  0.000
grp1:S1:ID2  0.000  0.000  0.000  0.000  0.000  0.000  0.000  0.000  0.000
grp1:S2:ID2  0.000  0.000  0.000  0.000  0.000  0.000  0.000  0.000  0.000
            g1:ID2 S1:ID1 S2:ID1 S1:ID2 S2:ID2 g1:S1:ID1 g1:S2:ID1 g1:S1:ID2
grp1                                                                        
S1                                                                          
S2                                                                          
ID1                                                                         
ID2                                                                         
grp1:S1                                                                     
grp1:S2                                                                     
grp1:ID1                                                                    
grp1:ID2                                                                    
S1:ID1       0.000                                                          
S2:ID1       0.000 -0.500                                                   
S1:ID2       0.000 -0.500  0.250                                            
S2:ID2       0.000  0.250 -0.500 -0.500                                     
grp1:S1:ID1  0.000  0.000  0.000  0.000  0.000                              
grp1:S2:ID1  0.000  0.000  0.000  0.000  0.000 -0.500                       
grp1:S1:ID2  0.000  0.000  0.000  0.000  0.000 -0.500     0.250             
grp1:S2:ID2  0.000  0.000  0.000  0.000  0.000  0.250    -0.500    -0.500   
