                  Estimate MCMCmean HPD95lower HPD95upper pMCMC Pr(>|t|)
(Intercept)         0.6374   0.6335     0.4298     0.8168 0.001   0.0000
grp1                0.1017   0.1031    -0.0855     0.2944 0.256   0.1095
S1                  0.0096   0.0121    -0.0713     0.1087 0.806   0.8468
S2                 -0.0112  -0.0137    -0.1031     0.0855 0.768   0.8216
IDR1                0.2028   0.2037     0.1246     0.2705 0.001   0.0000
IDR2               -0.0492  -0.0517    -0.1211     0.0155 0.136   0.1683
IDL1                0.1822   0.1832     0.0999     0.2673 0.001   0.0000
grp1:S1             0.0280   0.0273    -0.0676     0.1204 0.582   0.5733
grp1:S2            -0.0160  -0.0143    -0.1059     0.0829 0.740   0.7473
grp1:IDR1           0.0006   0.0006    -0.0675     0.0765 0.974   0.9876
grp1:IDR2           0.0100   0.0105    -0.0526     0.0837 0.776   0.7786
S1:IDR1            -0.0526  -0.0528    -0.1487     0.0377 0.254   0.2980
S2:IDR1             0.0716   0.0712    -0.0228     0.1518 0.124   0.1567
S1:IDR2            -0.0600  -0.0614    -0.1606     0.0302 0.198   0.2348
S2:IDR2            -0.0044  -0.0047    -0.0987     0.0792 0.922   0.9311
grp1:IDL1           0.0843   0.0848     0.0031     0.1656 0.048   0.0581
S1:IDL1            -0.0105  -0.0100    -0.0731     0.0565 0.738   0.7680
S2:IDL1            -0.0194  -0.0205    -0.0776     0.0449 0.504   0.5868
IDR1:IDL1          -0.0992  -0.0980    -0.1629    -0.0304 0.004   0.0056
IDR2:IDL1           0.0229   0.0216    -0.0327     0.0887 0.522   0.5207
grp1:S1:IDR1       -0.0421  -0.0414    -0.1318     0.0454 0.402   0.4046
grp1:S2:IDR1        0.0552   0.0522    -0.0371     0.1380 0.228   0.2745
grp1:S1:IDR2        0.0138   0.0127    -0.0808     0.0988 0.776   0.7842
grp1:S2:IDR2       -0.0568  -0.0557    -0.1419     0.0348 0.222   0.2610
grp1:S1:IDL1        0.0196   0.0182    -0.0484     0.0777 0.586   0.5824
grp1:S2:IDL1       -0.0250  -0.0243    -0.0885     0.0393 0.476   0.4835
grp1:IDR1:IDL1     -0.0488  -0.0497    -0.1183     0.0199 0.146   0.1719
grp1:IDR2:IDL1      0.0423   0.0430    -0.0217     0.1037 0.188   0.2362
S1:IDR1:IDL1       -0.0548  -0.0561    -0.1505     0.0338 0.236   0.2776
S2:IDR1:IDL1       -0.0167  -0.0156    -0.1071     0.0612 0.738   0.7401
S1:IDR2:IDL1       -0.0741  -0.0734    -0.1637     0.0128 0.120   0.1425
S2:IDR2:IDL1        0.0613   0.0613    -0.0310     0.1510 0.190   0.2251
grp1:S1:IDR1:IDL1   0.0500   0.0511    -0.0388     0.1369 0.236   0.3220
grp1:S2:IDR1:IDL1   0.0090   0.0077    -0.0880     0.1011 0.856   0.8584
grp1:S1:IDR2:IDL1  -0.0837  -0.0851    -0.1764     0.0027 0.066   0.0977
grp1:S2:IDR2:IDL1  -0.0207  -0.0181    -0.1019     0.0735 0.666   0.6814
NULL
       Length Class      Mode
fixed  6      data.frame list
random 7      data.frame list
Analysis of Variance Table
              Df Sum Sq Mean Sq F value
grp            1 0.6893  0.6893  2.5652
S              2 0.0160  0.0080  0.0298
IDR            2 9.4460  4.7230 17.5768
IDL            1 4.5332  4.5332 16.8705
grp:S          2 0.0859  0.0430  0.1599
grp:IDR        2 0.0300  0.0150  0.0558
S:IDR          4 1.6542  0.4136  1.5390
grp:IDL        1 0.9690  0.9690  3.6063
S:IDL          2 0.1947  0.0974  0.3623
IDR:IDL        2 2.2779  1.1390  4.2387
grp:S:IDR      4 0.5602  0.1400  0.5212
grp:S:IDL      2 0.1464  0.0732  0.2724
grp:IDR:IDL    2 0.5932  0.2966  1.1037
S:IDR:IDL      4 2.0433  0.5108  1.9010
grp:S:IDR:IDL  4 1.3016  0.3254  1.2109
Linear mixed model fit by REML 
Formula: get(vname) ~ (1 | pp) + (1 | pp/S) + (1 | pp/IDR) + (1 | pp/IDL) +      (1 | pp/S:IDR:IDL) + grp * S * IDR * IDL 
   Data: mdata 
  AIC  BIC logLik deviance REMLdev
 1130 1327 -518.9    872.7    1038
Random effects:
 Groups       Name        Variance  Std.Dev.
 S:IDR:IDL:pp (Intercept) 0.0249613 0.157991
 IDR:pp       (Intercept) 0.0000000 0.000000
 S:pp         (Intercept) 0.0178225 0.133501
 IDL:pp       (Intercept) 0.0266406 0.163219
 pp           (Intercept) 0.0029282 0.054113
 pp           (Intercept) 0.0029282 0.054113
 pp           (Intercept) 0.0029282 0.054113
 pp           (Intercept) 0.0029282 0.054113
 pp           (Intercept) 0.0029282 0.054113
 Residual                 0.2687076 0.518370
Number of obs: 540, groups: S:IDR:IDL:pp, 180; IDR:pp, 30; S:pp, 30; IDL:pp, 20; pp, 10

Fixed effects:
                    Estimate Std. Error t value
(Intercept)        0.6373794  0.0634463  10.046
grp1               0.1017251  0.0634463   1.603
S1                 0.0095868  0.0496058   0.193
S2                -0.0111907  0.0496058  -0.226
IDR1               0.2027520  0.0356730   5.684
IDR2              -0.0492225  0.0356730  -1.380
IDL1               0.1822263  0.0443656   4.107
grp1:S1            0.0279563  0.0496058   0.564
grp1:S2           -0.0159897  0.0496058  -0.322
grp1:IDR1          0.0005558  0.0356730   0.016
grp1:IDR2          0.0100347  0.0356730   0.281
S1:IDR1           -0.0525599  0.0504492  -1.042
S2:IDR1            0.0715603  0.0504492   1.418
S1:IDR2           -0.0600084  0.0504492  -1.189
S2:IDR2           -0.0043615  0.0504492  -0.086
grp1:IDL1          0.0842519  0.0443656   1.899
S1:IDL1           -0.0105297  0.0356730  -0.295
S2:IDL1           -0.0194013  0.0356730  -0.544
IDR1:IDL1         -0.0991948  0.0356730  -2.781
IDR2:IDL1          0.0229269  0.0356730   0.643
grp1:S1:IDR1      -0.0420799  0.0504492  -0.834
grp1:S2:IDR1       0.0551878  0.0504492   1.094
grp1:S1:IDR2       0.0138222  0.0504492   0.274
grp1:S2:IDR2      -0.0567694  0.0504492  -1.125
grp1:S1:IDL1       0.0196307  0.0356730   0.550
grp1:S2:IDL1      -0.0250122  0.0356730  -0.701
grp1:IDR1:IDL1    -0.0488013  0.0356730  -1.368
grp1:IDR2:IDL1     0.0423078  0.0356730   1.186
S1:IDR1:IDL1      -0.0548328  0.0504492  -1.087
S2:IDR1:IDL1      -0.0167422  0.0504492  -0.332
S1:IDR2:IDL1      -0.0740926  0.0504492  -1.469
S2:IDR2:IDL1       0.0612687  0.0504492   1.214
grp1:S1:IDR1:IDL1  0.0500160  0.0504492   0.991
grp1:S2:IDR1:IDL1  0.0090069  0.0504492   0.179
grp1:S1:IDR2:IDL1 -0.0836957  0.0504492  -1.659
grp1:S2:IDR2:IDL1 -0.0207268  0.0504492  -0.411

Correlation of Fixed Effects:
            (Intr) grp1   S1     S2     IDR1   IDR2   IDL1   gr1:S1 gr1:S2
grp1         0.000                                                        
S1           0.000  0.000                                                 
S2           0.000  0.000 -0.500                                          
IDR1         0.000  0.000  0.000  0.000                                   
IDR2         0.000  0.000  0.000  0.000 -0.500                            
IDL1         0.000  0.000  0.000  0.000  0.000  0.000                     
grp1:S1      0.000  0.000  0.000  0.000  0.000  0.000  0.000              
grp1:S2      0.000  0.000  0.000  0.000  0.000  0.000  0.000 -0.500       
grp1:IDR1    0.000  0.000  0.000  0.000  0.000  0.000  0.000  0.000  0.000
grp1:IDR2    0.000  0.000  0.000  0.000  0.000  0.000  0.000  0.000  0.000
S1:IDR1      0.000  0.000  0.000  0.000  0.000  0.000  0.000  0.000  0.000
S2:IDR1      0.000  0.000  0.000  0.000  0.000  0.000  0.000  0.000  0.000
S1:IDR2      0.000  0.000  0.000  0.000  0.000  0.000  0.000  0.000  0.000
S2:IDR2      0.000  0.000  0.000  0.000  0.000  0.000  0.000  0.000  0.000
grp1:IDL1    0.000  0.000  0.000  0.000  0.000  0.000  0.000  0.000  0.000
S1:IDL1      0.000  0.000  0.000  0.000  0.000  0.000  0.000  0.000  0.000
S2:IDL1      0.000  0.000  0.000  0.000  0.000  0.000  0.000  0.000  0.000
IDR1:IDL1    0.000  0.000  0.000  0.000  0.000  0.000  0.000  0.000  0.000
IDR2:IDL1    0.000  0.000  0.000  0.000  0.000  0.000  0.000  0.000  0.000
gr1:S1:IDR1  0.000  0.000  0.000  0.000  0.000  0.000  0.000  0.000  0.000
gr1:S2:IDR1  0.000  0.000  0.000  0.000  0.000  0.000  0.000  0.000  0.000
gr1:S1:IDR2  0.000  0.000  0.000  0.000  0.000  0.000  0.000  0.000  0.000
gr1:S2:IDR2  0.000  0.000  0.000  0.000  0.000  0.000  0.000  0.000  0.000
gr1:S1:IDL1  0.000  0.000  0.000  0.000  0.000  0.000  0.000  0.000  0.000
gr1:S2:IDL1  0.000  0.000  0.000  0.000  0.000  0.000  0.000  0.000  0.000
g1:IDR1:IDL  0.000  0.000  0.000  0.000  0.000  0.000  0.000  0.000  0.000
g1:IDR2:IDL  0.000  0.000  0.000  0.000  0.000  0.000  0.000  0.000  0.000
S1:IDR1:IDL  0.000  0.000  0.000  0.000  0.000  0.000  0.000  0.000  0.000
S2:IDR1:IDL  0.000  0.000  0.000  0.000  0.000  0.000  0.000  0.000  0.000
S1:IDR2:IDL  0.000  0.000  0.000  0.000  0.000  0.000  0.000  0.000  0.000
S2:IDR2:IDL  0.000  0.000  0.000  0.000  0.000  0.000  0.000  0.000  0.000
g1:S1:IDR1:  0.000  0.000  0.000  0.000  0.000  0.000  0.000  0.000  0.000
g1:S2:IDR1:  0.000  0.000  0.000  0.000  0.000  0.000  0.000  0.000  0.000
g1:S1:IDR2:  0.000  0.000  0.000  0.000  0.000  0.000  0.000  0.000  0.000
g1:S2:IDR2:  0.000  0.000  0.000  0.000  0.000  0.000  0.000  0.000  0.000
            gr1:IDR1 gr1:IDR2 S1:IDR1 S2:IDR1 S1:IDR2 S2:IDR2 g1:IDL S1:IDL
grp1                                                                       
S1                                                                         
S2                                                                         
IDR1                                                                       
IDR2                                                                       
IDL1                                                                       
grp1:S1                                                                    
grp1:S2                                                                    
grp1:IDR1                                                                  
grp1:IDR2   -0.500                                                         
S1:IDR1      0.000    0.000                                                
S2:IDR1      0.000    0.000   -0.500                                       
S1:IDR2      0.000    0.000   -0.500   0.250                               
S2:IDR2      0.000    0.000    0.250  -0.500  -0.500                       
grp1:IDL1    0.000    0.000    0.000   0.000   0.000   0.000               
S1:IDL1      0.000    0.000    0.000   0.000   0.000   0.000   0.000       
S2:IDL1      0.000    0.000    0.000   0.000   0.000   0.000   0.000 -0.500
IDR1:IDL1    0.000    0.000    0.000   0.000   0.000   0.000   0.000  0.000
IDR2:IDL1    0.000    0.000    0.000   0.000   0.000   0.000   0.000  0.000
gr1:S1:IDR1  0.000    0.000    0.000   0.000   0.000   0.000   0.000  0.000
gr1:S2:IDR1  0.000    0.000    0.000   0.000   0.000   0.000   0.000  0.000
gr1:S1:IDR2  0.000    0.000    0.000   0.000   0.000   0.000   0.000  0.000
gr1:S2:IDR2  0.000    0.000    0.000   0.000   0.000   0.000   0.000  0.000
gr1:S1:IDL1  0.000    0.000    0.000   0.000   0.000   0.000   0.000  0.000
gr1:S2:IDL1  0.000    0.000    0.000   0.000   0.000   0.000   0.000  0.000
g1:IDR1:IDL  0.000    0.000    0.000   0.000   0.000   0.000   0.000  0.000
g1:IDR2:IDL  0.000    0.000    0.000   0.000   0.000   0.000   0.000  0.000
S1:IDR1:IDL  0.000    0.000    0.000   0.000   0.000   0.000   0.000  0.000
S2:IDR1:IDL  0.000    0.000    0.000   0.000   0.000   0.000   0.000  0.000
S1:IDR2:IDL  0.000    0.000    0.000   0.000   0.000   0.000   0.000  0.000
S2:IDR2:IDL  0.000    0.000    0.000   0.000   0.000   0.000   0.000  0.000
g1:S1:IDR1:  0.000    0.000    0.000   0.000   0.000   0.000   0.000  0.000
g1:S2:IDR1:  0.000    0.000    0.000   0.000   0.000   0.000   0.000  0.000
g1:S1:IDR2:  0.000    0.000    0.000   0.000   0.000   0.000   0.000  0.000
g1:S2:IDR2:  0.000    0.000    0.000   0.000   0.000   0.000   0.000  0.000
            S2:IDL IDR1:I IDR2:I gr1:S1:IDR1 gr1:S2:IDR1 gr1:S1:IDR2
grp1                                                                
S1                                                                  
S2                                                                  
IDR1                                                                
IDR2                                                                
IDL1                                                                
grp1:S1                                                             
grp1:S2                                                             
grp1:IDR1                                                           
grp1:IDR2                                                           
S1:IDR1                                                             
S2:IDR1                                                             
S1:IDR2                                                             
S2:IDR2                                                             
grp1:IDL1                                                           
S1:IDL1                                                             
S2:IDL1                                                             
IDR1:IDL1    0.000                                                  
IDR2:IDL1    0.000 -0.500                                           
gr1:S1:IDR1  0.000  0.000  0.000                                    
gr1:S2:IDR1  0.000  0.000  0.000 -0.500                             
gr1:S1:IDR2  0.000  0.000  0.000 -0.500       0.250                 
gr1:S2:IDR2  0.000  0.000  0.000  0.250      -0.500      -0.500     
gr1:S1:IDL1  0.000  0.000  0.000  0.000       0.000       0.000     
gr1:S2:IDL1  0.000  0.000  0.000  0.000       0.000       0.000     
g1:IDR1:IDL  0.000  0.000  0.000  0.000       0.000       0.000     
g1:IDR2:IDL  0.000  0.000  0.000  0.000       0.000       0.000     
S1:IDR1:IDL  0.000  0.000  0.000  0.000       0.000       0.000     
S2:IDR1:IDL  0.000  0.000  0.000  0.000       0.000       0.000     
S1:IDR2:IDL  0.000  0.000  0.000  0.000       0.000       0.000     
S2:IDR2:IDL  0.000  0.000  0.000  0.000       0.000       0.000     
g1:S1:IDR1:  0.000  0.000  0.000  0.000       0.000       0.000     
g1:S2:IDR1:  0.000  0.000  0.000  0.000       0.000       0.000     
g1:S1:IDR2:  0.000  0.000  0.000  0.000       0.000       0.000     
g1:S2:IDR2:  0.000  0.000  0.000  0.000       0.000       0.000     
            gr1:S2:IDR2 g1:S1:IDL g1:S2:IDL g1:IDR1: g1:IDR2: S1:IDR1: S2:IDR1:
grp1                                                                           
S1                                                                             
S2                                                                             
IDR1                                                                           
IDR2                                                                           
IDL1                                                                           
grp1:S1                                                                        
grp1:S2                                                                        
grp1:IDR1                                                                      
grp1:IDR2                                                                      
S1:IDR1                                                                        
S2:IDR1                                                                        
S1:IDR2                                                                        
S2:IDR2                                                                        
grp1:IDL1                                                                      
S1:IDL1                                                                        
S2:IDL1                                                                        
IDR1:IDL1                                                                      
IDR2:IDL1                                                                      
gr1:S1:IDR1                                                                    
gr1:S2:IDR1                                                                    
gr1:S1:IDR2                                                                    
gr1:S2:IDR2                                                                    
gr1:S1:IDL1  0.000                                                             
gr1:S2:IDL1  0.000      -0.500                                                 
g1:IDR1:IDL  0.000       0.000     0.000                                       
g1:IDR2:IDL  0.000       0.000     0.000    -0.500                             
S1:IDR1:IDL  0.000       0.000     0.000     0.000    0.000                    
S2:IDR1:IDL  0.000       0.000     0.000     0.000    0.000   -0.500           
S1:IDR2:IDL  0.000       0.000     0.000     0.000    0.000   -0.500    0.250  
S2:IDR2:IDL  0.000       0.000     0.000     0.000    0.000    0.250   -0.500  
g1:S1:IDR1:  0.000       0.000     0.000     0.000    0.000    0.000    0.000  
g1:S2:IDR1:  0.000       0.000     0.000     0.000    0.000    0.000    0.000  
g1:S1:IDR2:  0.000       0.000     0.000     0.000    0.000    0.000    0.000  
g1:S2:IDR2:  0.000       0.000     0.000     0.000    0.000    0.000    0.000  
            S1:IDR2: S2:IDR2: g1:S1:IDR1: g1:S2:IDR1: g1:S1:IDR2:
grp1                                                             
S1                                                               
S2                                                               
IDR1                                                             
IDR2                                                             
IDL1                                                             
grp1:S1                                                          
grp1:S2                                                          
grp1:IDR1                                                        
grp1:IDR2                                                        
S1:IDR1                                                          
S2:IDR1                                                          
S1:IDR2                                                          
S2:IDR2                                                          
grp1:IDL1                                                        
S1:IDL1                                                          
S2:IDL1                                                          
IDR1:IDL1                                                        
IDR2:IDL1                                                        
gr1:S1:IDR1                                                      
gr1:S2:IDR1                                                      
gr1:S1:IDR2                                                      
gr1:S2:IDR2                                                      
gr1:S1:IDL1                                                      
gr1:S2:IDL1                                                      
g1:IDR1:IDL                                                      
g1:IDR2:IDL                                                      
S1:IDR1:IDL                                                      
S2:IDR1:IDL                                                      
S1:IDR2:IDL                                                      
S2:IDR2:IDL -0.500                                               
g1:S1:IDR1:  0.000    0.000                                      
g1:S2:IDR1:  0.000    0.000   -0.500                             
g1:S1:IDR2:  0.000    0.000   -0.500       0.250                 
g1:S2:IDR2:  0.000    0.000    0.250      -0.500      -0.500     
