[1] "Summary by group"
  grp maxangleR.m maxangleR.s
1   C   0.7391045   0.7105317
2   U   0.5356543   0.5497144
[1] "Summary by session\n"
  S maxangleR.m maxangleR.s
1 1   0.6469662   0.6542276
2 2   0.6261887   0.6312202
3 3   0.6389833   0.6460341
[1] "Summary by IDR+IDR\n"
  IDL IDR maxangleR.m maxangleR.s
1   D   D   0.9231629   0.7617787
2   D   M   0.7933101   0.6810412
3   D   E   0.7423442   0.7740402
4   E   D   0.7570999   0.6535098
5   E   M   0.3830037   0.2268272
6   E   E   0.2253558   0.1016833
[1] "Summary by group + Session\n"
  grp S maxangleR.m maxangleR.s
1   C 1   0.7766477   0.7234622
2   C 2   0.7119241   0.7247441
3   C 3   0.7287419   0.6891868
4   U 1   0.5172848   0.5508418
5   U 2   0.5404533   0.5111110
6   U 3   0.5492248   0.5900312
[1] "Summary by Session + IDR + IDL \n"
   S IDL IDR maxangleR.m maxangleR.s
1  1   D   D   0.8148273   0.6550782
2  1   D   M   0.6582663   0.5276768
3  1   D   E   0.9828950   0.9330854
4  1   E   D   0.7794893   0.7942504
5  1   E   M   0.4172043   0.1654207
6  1   E   E   0.2291150   0.0777302
7  2   D   D   0.9473890   0.7874394
8  2   D   M   0.8196253   0.6493263
9  2   D   E   0.6000270   0.5683344
10 2   E   D   0.8536130   0.7733484
11 2   E   M   0.3255840   0.1480426
12 2   E   E   0.2108940   0.0557817
13 3   D   D   1.0072723   0.8436151
14 3   D   M   0.9020387   0.8316008
15 3   D   E   0.6441107   0.7445045
16 3   E   D   0.6381973   0.2387410
17 3   E   M   0.4062227   0.3216225
18 3   E   E   0.2360583   0.1490922
[1] "Summary by group + IDR + IDL\n"
   grp IDL IDR maxangleR.m maxangleR.s
1    C   D   D   1.0608944  0.82498708
2    C   D   M   1.0316296  0.78032562
3    C   D   E   0.9242242  0.82826623
4    C   E   D   0.8239302  0.64925859
5    C   E   M   0.3682038  0.17265004
6    C   E   E   0.2257451  0.11650751
7    U   D   D   0.7854313  0.67408934
8    U   D   M   0.5549907  0.46162057
9    U   D   E   0.5604642  0.67690762
10   U   E   D   0.6902696  0.65816721
11   U   E   M   0.3978036  0.27168818
12   U   E   E   0.2249664  0.08567173
[1] "Summary by group + Session + IDR + IDL\n"
   grp S IDL IDR maxangleR.m maxangleR.s
1    C 1   D   D   1.0080820  0.83593697
2    C 1   D   M   0.8742993  0.63899164
3    C 1   D   E   1.2742993  1.01106702
4    C 1   E   D   0.7625493  0.65907511
5    C 1   E   M   0.5082480  0.16967041
6    C 1   E   E   0.2324080  0.08417339
7    C 2   D   D   1.1083133  0.85671890
8    C 2   D   M   0.9394467  0.77563506
9    C 2   D   E   0.7542067  0.66027862
10   C 2   E   D   0.9756467  0.88251288
11   C 2   E   M   0.2837640  0.13581674
12   C 2   E   E   0.2101673  0.06238495
13   C 3   D   D   1.0662880  0.83716998
14   C 3   D   M   1.2811427  0.89524399
15   C 3   D   E   0.7441667  0.70770088
16   C 3   E   D   0.7335947  0.27235740
17   C 3   E   M   0.3125993  0.12034461
18   C 3   E   E   0.2346599  0.17689371
19   U 1   D   D   0.6215727  0.33179220
20   U 1   D   M   0.4422333  0.26164163
21   U 1   D   E   0.6914907  0.77412244
22   U 1   E   D   0.7964293  0.93366597
23   U 1   E   M   0.3261607  0.10066028
24   U 1   E   E   0.2258220  0.07353327
25   U 2   D   D   0.7864647  0.70352808
26   U 2   D   M   0.6998040  0.49090750
27   U 2   D   E   0.4458473  0.42681737
28   U 2   E   D   0.7315793  0.65430403
29   U 2   E   M   0.3674040  0.15233143
30   U 2   E   E   0.2116207  0.05052168
31   U 3   D   D   0.9482567  0.87515189
32   U 3   D   M   0.5229347  0.56840470
33   U 3   D   E   0.5440547  0.79112120
34   U 3   E   D   0.5428000  0.15615971
35   U 3   E   M   0.4998460  0.42544691
36   U 3   E   E   0.2374567  0.12144592
