[1] "accTimeL ~(S*IDR*IDL*grp)+Error(pp/(S*IDR*IDL))+grp"
$ANOVA
          Effect DFn DFd         F            p p<.05         ges
2            grp   1   8 0.1726638 0.6886768483       0.007581395
3              S   2  16 0.1868863 0.8313230266       0.003662028
4          grp:S   2  16 1.2440000 0.3146591670       0.023881434
5            IDR   2  16 0.7383050 0.4935172104       0.009631995
6        grp:IDR   2  16 1.8170819 0.1944735724       0.023376816
7            IDL   1   8 2.3050173 0.1674367935       0.024561437
8        grp:IDL   1   8 0.2267573 0.6466721660       0.002470964
9          S:IDR   4  32 1.8810335 0.1379163751       0.018579851
10     grp:S:IDR   4  32 0.8563809 0.5004868328       0.008545364
11         S:IDL   2  16 0.6274375 0.5465945891       0.006447002
12     grp:S:IDL   2  16 0.1789180 0.8378245279       0.001846917
13       IDR:IDL   2  16 2.4647013 0.1166554956       0.026385106
14   grp:IDR:IDL   2  16 1.9522266 0.1743242698       0.021014252
15     S:IDR:IDL   4  32 6.7125429 0.0004847422     * 0.036170250
16 grp:S:IDR:IDL   4  32 0.2647354 0.8984109142       0.001477862

$`Mauchly's Test for Sphericity`
          Effect         W         p p<.05
3              S 0.9989731 0.9964104      
4          grp:S 0.9989731 0.9964104      
5            IDR 0.7488104 0.3633302      
6        grp:IDR 0.7488104 0.3633302      
9          S:IDR 0.1539499 0.2296400      
10     grp:S:IDR 0.1539499 0.2296400      
11         S:IDL 0.6392150 0.2088163      
12     grp:S:IDL 0.6392150 0.2088163      
13       IDR:IDL 0.7684483 0.3977876      
14   grp:IDR:IDL 0.7684483 0.3977876      
15     S:IDR:IDL 0.3715316 0.7162319      
16 grp:S:IDR:IDL 0.3715316 0.7162319      

$`Sphericity Corrections`
          Effect       GGe       p[GG] p[GG]<.05       HFe        p[HF]
3              S 0.9989741 0.831116582           1.3313393 0.8313230266
4          grp:S 0.9989741 0.314647515           1.3313393 0.3146591670
5            IDR 0.7992394 0.468231216           0.9674504 0.4897816942
6        grp:IDR 0.7992394 0.203823636           0.9674504 0.1960235313
9          S:IDR 0.6098729 0.173412104           0.8971943 0.1464899863
10     grp:S:IDR 0.6098729 0.459974952           0.8971943 0.4916745080
11         S:IDL 0.7348699 0.503725371           0.8596640 0.5254584062
12     grp:S:IDL 0.7348699 0.772478607           0.8596640 0.8066585710
13       IDR:IDL 0.8119838 0.130337043           0.9893071 0.1173975942
14   grp:IDR:IDL 0.8119838 0.184700572           0.9893071 0.1749141878
15     S:IDR:IDL 0.7548962 0.001848012         * 1.2637632 0.0004847422
16 grp:S:IDR:IDL 0.7548962 0.851290026           1.2637632 0.8984109142
   p[HF]<.05
3           
4           
5           
6           
9           
10          
11          
12          
13          
14          
15         *
16          

