[1] "q1L ~(S*DID*grp)+Error(pp/(S*DID))+grp"
$ANOVA
     Effect DFn DFd          F          p p<.05         ges
2       grp   1   8 0.02512928 0.87797393       0.001187188
3         S   2  16 1.07834043 0.36363710       0.032078663
5       DID   2  16 1.49346643 0.25428535       0.034487178
4     grp:S   2  16 0.27965530 0.75966452       0.008521707
6   grp:DID   2  16 2.75397535 0.09379239       0.061796148
7     S:DID   4  32 0.27732918 0.89044787       0.006351753
8 grp:S:DID   4  32 1.20598828 0.32742738       0.027045860

$`Mauchly's Test for Sphericity`
     Effect         W         p p<.05
3         S 0.8674684 0.6079780      
4     grp:S 0.8674684 0.6079780      
5       DID 0.2657169 0.0096709     *
6   grp:DID 0.2657169 0.0096709     *
7     S:DID 0.1516824 0.2226037      
8 grp:S:DID 0.1516824 0.2226037      

$`Sphericity Corrections`
     Effect       GGe     p[GG] p[GG]<.05       HFe     p[HF] p[HF]<.05
3         S 0.8829776 0.3585327           1.1143324 0.3636371          
4     grp:S 0.8829776 0.7336123           1.1143324 0.7596645          
5       DID 0.5766071 0.2579372           0.6118877 0.2582699          
6   grp:DID 0.5766071 0.1284859           0.6118877 0.1252605          
7     S:DID 0.6627684 0.8178929           1.0216847 0.8904479          
8 grp:S:DID 0.6627684 0.3284649           1.0216847 0.3274274          

