[1] "Summary by group"
  grp     q1L.m      q1L.s
1   C 0.8398098 0.04846604
2   U 0.8427533 0.06063870
[1] "Summary by session\n"
  S     q1L.m      q1L.s
1 1 0.8517024 0.05600700
2 2 0.8390953 0.05637912
3 3 0.8330468 0.05080183
[1] "Summary by DID\n"
  DID     q1L.m      q1L.s
1   1 0.8328798 0.05174083
2   2 0.8521679 0.05248457
3   3 0.8387969 0.05873861
[1] "Summary by group + Session\n"
  grp S     q1L.m      q1L.s
1   C 1 0.8467164 0.05123273
2   C 2 0.8356082 0.04361762
3   C 3 0.8371047 0.05051760
4   U 1 0.8566884 0.06057406
5   U 2 0.8425824 0.06709756
6   U 3 0.8289889 0.05132832
[1] "Summary by Session + DID\n"
  S DID     q1L.m      q1L.s
1 1   1 0.8403140 0.05097471
2 1   2 0.8678047 0.05676886
3 1   3 0.8469887 0.05813932
4 2   1 0.8288597 0.04937922
5 2   2 0.8474573 0.05470972
6 2   3 0.8409690 0.06433679
7 3   1 0.8294657 0.05561736
8 3   2 0.8412417 0.04287905
9 3   3 0.8284330 0.05370104
[1] "Summary by group + DID\n"
  grp DID     q1L.m      q1L.s
1   C   1 0.8172722 0.05434617
2   C   2 0.8522704 0.04339421
3   C   3 0.8498867 0.03917835
4   U   1 0.8484873 0.04430914
5   U   2 0.8520653 0.06073538
6   U   3 0.8277071 0.07205805
[1] "Summary by group + Session + DID\n"
   grp S DID     q1L.m      q1L.s
1    C 1   1 0.8217233 0.05908579
2    C 1   2 0.8718387 0.03939460
3    C 1   3 0.8465873 0.04313680
4    C 2   1 0.8190427 0.04272474
5    C 2   2 0.8422980 0.04013359
6    C 2   3 0.8454840 0.04578973
7    C 3   1 0.8110507 0.06244882
8    C 3   2 0.8426747 0.04626084
9    C 3   3 0.8575887 0.02776031
10   U 1   1 0.8589047 0.03392219
11   U 1   2 0.8637707 0.07133579
12   U 1   3 0.8473900 0.07169850
13   U 2   1 0.8386767 0.05494416
14   U 2   2 0.8526167 0.06732280
15   U 2   3 0.8364540 0.08021048
16   U 3   1 0.8478807 0.04220196
17   U 3   2 0.8398087 0.04079326
18   U 3   3 0.7992773 0.05814991
