[1] "q3R ~(S*IDR*IDL*grp)+Error(pp/(S*IDR*IDL))+grp"
$ANOVA
          Effect DFn DFd          F          p p<.05          ges
2            grp   1   8 0.06070670 0.81158671       0.0024300756
3              S   2  16 3.00993546 0.07770370       0.0688419593
4          grp:S   2  16 1.26441963 0.30915349       0.0301218099
5            IDR   2  16 1.08484693 0.36155884       0.0089316015
6        grp:IDR   2  16 0.40890580 0.67112589       0.0033853827
7            IDL   1   8 4.72332647 0.06149933       0.0438075540
8        grp:IDL   1   8 0.14772725 0.71073194       0.0014308513
9          S:IDR   4  32 1.03594824 0.40393815       0.0099407086
10     grp:S:IDR   4  32 0.39936538 0.80759711       0.0038557664
11         S:IDL   2  16 2.15450173 0.14840583       0.0076004392
12     grp:S:IDL   2  16 2.92919309 0.08241668       0.0103051564
13       IDR:IDL   2  16 0.05235059 0.94915795       0.0007204945
14   grp:IDR:IDL   2  16 0.37120633 0.69568962       0.0050865431
15     S:IDR:IDL   4  32 1.43109341 0.24630416       0.0214042367
16 grp:S:IDR:IDL   4  32 0.73103733 0.57748207       0.0110494979

$`Mauchly's Test for Sphericity`
          Effect          W           p p<.05
3              S 0.92088346 0.749404592      
4          grp:S 0.92088346 0.749404592      
5            IDR 0.84233003 0.548514349      
6        grp:IDR 0.84233003 0.548514349      
9          S:IDR 0.02852183 0.008580244     *
10     grp:S:IDR 0.02852183 0.008580244     *
11         S:IDL 0.24830018 0.007628157     *
12     grp:S:IDL 0.24830018 0.007628157     *
13       IDR:IDL 0.74054733 0.349490087      
14   grp:IDR:IDL 0.74054733 0.349490087      
15     S:IDR:IDL 0.09310399 0.095786941      
16 grp:S:IDR:IDL 0.09310399 0.095786941      

$`Sphericity Corrections`
          Effect       GGe      p[GG] p[GG]<.05       HFe     p[HF] p[HF]<.05
3              S 0.9266840 0.08296867           1.1941752 0.0777037          
4          grp:S 0.9266840 0.30839771           1.1941752 0.3091535          
5            IDR 0.8638040 0.35567497           1.0800085 0.3615588          
6        grp:IDR 0.8638040 0.64319375           1.0800085 0.6711259          
9          S:IDR 0.5737047 0.38374126           0.8173873 0.3975062          
10     grp:S:IDR 0.5737047 0.70369789           0.8173873 0.7707717          
11         S:IDL 0.5708741 0.17615504           0.6033413 0.1741331          
12     grp:S:IDL 0.5708741 0.11836438           0.6033413 0.1152391          
13       IDR:IDL 0.7939957 0.91673465           0.9585080 0.9439220          
14   grp:IDR:IDL 0.7939957 0.65002331           0.9585080 0.6873158          
15     S:IDR:IDL 0.5599409 0.26617497           0.7880698 0.2565354          
16 grp:S:IDR:IDL 0.5599409 0.50981307           0.7880698 0.5493835          

