[1] "peakVelL ~(S*DID*grp)+Error(pp/(S*DID))+grp"
$ANOVA
     Effect DFn DFd          F            p p<.05          ges
2       grp   1   8  0.0078686 9.314967e-01       0.0004927934
3         S   2  16 27.3792205 6.834926e-06     * 0.2786785239
5       DID   2  16 25.3599749 1.093740e-05     * 0.4985731988
4     grp:S   2  16  1.3072561 2.979522e-01       0.0181124003
6   grp:DID   2  16  0.4167412 6.661440e-01       0.0160768230
7     S:DID   4  32  7.1610715 3.091003e-04     * 0.0606903076
8 grp:S:DID   4  32  2.1077716 1.028230e-01       0.0186626955

$`Mauchly's Test for Sphericity`
     Effect         W           p p<.05
3         S 0.6493637 0.220652029      
4     grp:S 0.6493637 0.220652029      
5       DID 0.1590365 0.001604128     *
6   grp:DID 0.1590365 0.001604128     *
7     S:DID 0.0377723 0.015429848     *
8 grp:S:DID 0.0377723 0.015429848     *

$`Sphericity Corrections`
     Effect       GGe        p[GG] p[GG]<.05       HFe        p[HF] p[HF]<.05
3         S 0.7403917 0.0000793656         * 0.8687433 2.353916e-05         *
4     grp:S 0.7403917 0.2952769166           0.8687433 2.972024e-01          
5       DID 0.5431938 0.0006777064         * 0.5624765 5.681734e-04         *
6   grp:DID 0.5431938 0.5518033222           0.5624765 5.582226e-01          
7     S:DID 0.3832233 0.0122711295         * 0.4560014 7.854863e-03         *
8 grp:S:DID 0.3832233 0.1686613377           0.4560014 1.594529e-01          

