[1] "fRrel ~S*IDR*IDL*grp + Error(pp/(S*IDR*IDL))"
$ANOVA
          Effect DFn DFd           F            p p<.05         ges
2            grp   1   8  0.01741817 8.982607e-01       0.001174111
3              S   2  16  0.64914115 5.357177e-01       0.004354021
5            IDR   2  16  0.53998024 5.930140e-01       0.015068725
7            IDL   1   8 51.55617215 9.425271e-05     * 0.218001880
4          grp:S   2  16  2.74626369 9.433220e-02       0.018164663
6        grp:IDR   2  16  0.60238415 5.594603e-01       0.016780950
8        grp:IDL   1   8  8.72227379 1.833158e-02     * 0.045039047
9          S:IDR   4  32  1.27402259 3.006275e-01       0.006985788
11         S:IDL   2  16  0.20625771 8.157530e-01       0.001065414
13       IDR:IDL   2  16  7.16066199 6.011385e-03     * 0.028918659
10     grp:S:IDR   4  32  0.57557881 6.823563e-01       0.003168177
12     grp:S:IDL   2  16  1.53148156 2.462842e-01       0.007857010
14   grp:IDR:IDL   2  16  2.18716116 1.446420e-01       0.009014002
15     S:IDR:IDL   4  32  5.16650705 2.511564e-03     * 0.011162837
16 grp:S:IDR:IDL   4  32  1.05826516 3.930873e-01       0.002306982

$`Mauchly's Test for Sphericity`
          Effect          W            p p<.05
3              S 0.45363871 0.0628760667      
4          grp:S 0.45363871 0.0628760667      
5            IDR 0.10288843 0.0003493678     *
6        grp:IDR 0.10288843 0.0003493678     *
9          S:IDR 0.09108531 0.0919679551      
10     grp:S:IDR 0.09108531 0.0919679551      
11         S:IDL 0.67416749 0.2515864886      
12     grp:S:IDL 0.67416749 0.2515864886      
13       IDR:IDL 0.80925307 0.4767549932      
14   grp:IDR:IDL 0.80925307 0.4767549932      
15     S:IDR:IDL 0.29388745 0.5647211948      
16 grp:S:IDR:IDL 0.29388745 0.5647211948      

$`Sphericity Corrections`
          Effect       GGe       p[GG] p[GG]<.05       HFe       p[HF]
3              S 0.6466794 0.477513551           0.7187077 0.491506374
4          grp:S 0.6466794 0.122638041           0.7187077 0.116332840
5            IDR 0.5271171 0.491564069           0.5390412 0.495024130
6        grp:IDR 0.5271171 0.467420568           0.5390412 0.470572815
9          S:IDR 0.5001357 0.306603663           0.6669305 0.306742960
10     grp:S:IDR 0.5001357 0.573645837           0.6669305 0.618200912
11         S:IDL 0.7542431 0.755489743           0.8916545 0.791845303
12     grp:S:IDL 0.7542431 0.251149292           0.8916545 0.248765999
13       IDR:IDL 0.8398090 0.009796687         * 1.0376400 0.006011385
14   grp:IDR:IDL 0.8398090 0.155133927           1.0376400 0.144642022
15     S:IDR:IDL 0.6473839 0.010196729         * 0.9844729 0.002669293
16 grp:S:IDR:IDL 0.6473839 0.380258671           0.9844729 0.392714671
   p[HF]<.05
3           
4           
5           
6           
9           
10          
11          
12          
13         *
14          
15         *
16          

