[1] "Summary by group"
  grp      MI.m       MI.s
1   C 0.7597096 0.03653906
2   U 0.5549238 0.30620164
[1] "Summary by session\n"
  S      MI.m      MI.s
1 1 0.7176114 0.1810149
2 2 0.6688141 0.2316622
3 3 0.5855245 0.2813018
[1] "Summary by IDR+IDR\n"
  IDL IDR      MI.m       MI.s
1   D   D 0.7645318 0.05521439
2   D   M 0.6100028 0.28086544
3   D   E 0.6060374 0.28578634
4   E   D 0.5827256 0.30518962
5   E   M 0.6429877 0.25228397
6   E   E 0.7376149 0.04166712
[1] "Summary by group + Session\n"
  grp S      MI.m       MI.s
1   C 1 0.7647113 0.03368963
2   C 2 0.7599501 0.04438933
3   C 3 0.7544673 0.02961014
4   U 1 0.6705115 0.24551847
5   U 2 0.5776781 0.29861204
6   U 3 0.4165817 0.31709468
[1] "Summary by Session + IDR + IDL \n"
   S IDL IDR      MI.m       MI.s
1  1   D   D 0.7766937 0.04331171
2  1   D   M 0.7080139 0.21847433
3  1   D   E 0.6937581 0.21643959
4  1   E   D 0.6972829 0.22684838
5  1   E   M 0.6830603 0.21549915
6  1   E   E 0.7468597 0.03243948
7  2   D   D 0.7614397 0.05018006
8  2   D   M 0.6402206 0.27099987
9  2   D   E 0.6284207 0.27933573
10 2   E   D 0.5690454 0.32325338
11 2   E   M 0.6852188 0.21242769
12 2   E   E 0.7285397 0.04446285
13 3   D   D 0.7554620 0.06866000
14 3   D   M 0.4817738 0.30501299
15 3   D   E 0.4959335 0.32366676
16 3   E   D 0.4818484 0.32495549
17 3   E   M 0.5606841 0.30537198
18 3   E   E 0.7374453 0.04610068
[1] "Summary by group + IDR + IDL\n"
   grp IDL IDR      MI.m       MI.s
1    C   D   D 0.7634144 0.02942198
2    C   D   M 0.7686207 0.03409423
3    C   D   E 0.7678913 0.04568752
4    C   E   D 0.7642776 0.02958545
5    C   E   M 0.7488680 0.03443294
6    C   E   E 0.7451856 0.03827509
7    U   D   D 0.7656491 0.07278969
8    U   D   M 0.4513848 0.32701425
9    U   D   E 0.4441835 0.33095681
10   U   E   D 0.4011736 0.34655803
11   U   E   M 0.5371074 0.32345705
12   U   E   E 0.7300442 0.04392650
[1] "Summary by group + Session + IDR + IDL\n"
   grp S IDL IDR      MI.m       MI.s
1    C 1   D   D 0.7775753 0.02523173
2    C 1   D   M 0.7693540 0.02860566
3    C 1   D   E 0.7658067 0.03615367
4    C 1   E   D 0.7735360 0.03955597
5    C 1   E   M 0.7479027 0.02538787
6    C 1   E   E 0.7540933 0.03918474
7    C 2   D   D 0.7577007 0.02937979
8    C 2   D   M 0.7797533 0.04588069
9    C 2   D   E 0.7777100 0.05661789
10   C 2   E   D 0.7606967 0.02150892
11   C 2   E   M 0.7492100 0.04954444
12   C 2   E   E 0.7346300 0.04313328
13   C 3   D   D 0.7549673 0.02990866
14   C 3   D   M 0.7567547 0.02111310
15   C 3   D   E 0.7601573 0.04330740
16   C 3   E   D 0.7586000 0.02415601
17   C 3   E   M 0.7494913 0.02501042
18   C 3   E   E 0.7468333 0.03163863
19   U 1   D   D 0.7758120 0.05698680
20   U 1   D   M 0.6466737 0.29998401
21   U 1   D   E 0.6217096 0.29087403
22   U 1   E   D 0.6210298 0.30425599
23   U 1   E   M 0.6182179 0.29418131
24   U 1   E   E 0.7396260 0.02307022
25   U 2   D   D 0.7651787 0.06574806
26   U 2   D   M 0.5006878 0.32909341
27   U 2   D   E 0.4791313 0.33266539
28   U 2   E   D 0.3773941 0.37051183
29   U 2   E   M 0.6212275 0.28678373
30   U 2   E   E 0.7224493 0.04642345
31   U 3   D   D 0.7559567 0.09418103
32   U 3   D   M 0.2067930 0.17388017
33   U 3   D   E 0.2317097 0.25597999
34   U 3   E   D 0.2050969 0.23243646
35   U 3   E   M 0.3718769 0.34080859
36   U 3   E   E 0.7280573 0.05667882
