[1] "HarmonicityDownL ~(S*DID*grp)+Error(pp/(S*DID))+grp"
$ANOVA
     Effect DFn DFd          F            p p<.05         ges
2       grp   1   8  2.3361336 1.649260e-01       0.131942150
3         S   2  16 10.1977489 1.395014e-03     * 0.138830986
5       DID   2  16 41.1455082 4.930027e-07     * 0.513298111
4     grp:S   2  16  0.1858898 8.321330e-01       0.002930049
6   grp:DID   2  16  4.2342091 3.342818e-02     * 0.097905795
7     S:DID   4  32  3.5833481 1.594358e-02     * 0.062157357
8 grp:S:DID   4  32  5.1722287 2.495613e-03     * 0.087311943

$`Mauchly's Test for Sphericity`
     Effect         W         p p<.05
3         S 0.8685846 0.6107205      
4     grp:S 0.8685846 0.6107205      
5       DID 0.9672353 0.8899437      
6   grp:DID 0.9672353 0.8899437      
7     S:DID 0.2181460 0.3859032      
8 grp:S:DID 0.2181460 0.3859032      

$`Sphericity Corrections`
     Effect       GGe        p[GG] p[GG]<.05      HFe        p[HF] p[HF]<.05
3         S 0.8838487 2.317084e-03         * 1.115902 1.395014e-03         *
4     grp:S 0.8838487 8.066786e-01           1.115902 8.321330e-01          
5       DID 0.9682748 7.206498e-07         * 1.272291 4.930027e-07         *
6   grp:DID 0.9682748 3.512784e-02         * 1.272291 3.342818e-02         *
7     S:DID 0.7457880 2.879721e-02         * 1.238246 1.594358e-02         *
8 grp:S:DID 0.7457880 6.833917e-03         * 1.238246 2.495613e-03         *

