[1] "Summary by group"
  grp HarmonicityDownL.m HarmonicityDownL.s
1   C          0.5333805          0.4290569
2   U          0.7344826          0.4086675
[1] "Summary by session\n"
  S HarmonicityDownL.m HarmonicityDownL.s
1 1          0.4898960          0.4394706
2 2          0.6830241          0.4211081
3 3          0.7288746          0.3953415
[1] "Summary by DID\n"
  DID HarmonicityDownL.m HarmonicityDownL.s
1   1          0.9311447          0.1950803
2   2          0.6827523          0.3867285
3   3          0.2878978          0.3985659
[1] "Summary by group + Session\n"
  grp S HarmonicityDownL.m HarmonicityDownL.s
1   C 1          0.3747892          0.4031876
2   C 2          0.6013400          0.4320175
3   C 3          0.6240123          0.4154404
4   U 1          0.6050028          0.4483264
5   U 2          0.7647082          0.3980042
6   U 3          0.8337369          0.3479355
[1] "Summary by Session + DID\n"
  S DID HarmonicityDownL.m HarmonicityDownL.s
1 1   1          0.8718093         0.26885539
2 1   2          0.4507736         0.40220685
3 1   3          0.1471051         0.29093116
4 2   1          0.9786933         0.08118357
5 2   2          0.8108750         0.31496122
6 2   3          0.2595039         0.38149143
7 3   1          0.9429313         0.17831114
8 3   2          0.7866083         0.33795124
9 3   3          0.4570843         0.45430391
[1] "Summary by group + DID\n"
  grp DID HarmonicityDownL.m HarmonicityDownL.s
1   C   1         0.92430089         0.21059254
2   C   2         0.60048707         0.37085416
3   C   3         0.07535353         0.05745383
4   U   1         0.93798844         0.18036770
5   U   2         0.76501749         0.38876905
6   U   3         0.50044200         0.47498999
[1] "Summary by group + Session + DID\n"
   grp S DID HarmonicityDownL.m HarmonicityDownL.s
1    C 1   1         0.81551600         0.32666768
2    C 1   2         0.25469853         0.26232394
3    C 1   3         0.05415300         0.04075044
4    C 2   1         0.95738667         0.11260334
5    C 2   2         0.78396000         0.29965608
6    C 2   3         0.06267333         0.04077723
7    C 3   1         1.00000000         0.00000000
8    C 3   2         0.76280267         0.28501394
9    C 3   3         0.10923427         0.07188375
10   U 1   1         0.92810267         0.19033437
11   U 1   2         0.64684867         0.42883425
12   U 1   3         0.24005720         0.39389412
13   U 2   1         1.00000000         0.00000000
14   U 2   2         0.83778993         0.33784731
15   U 2   3         0.45633453         0.46560162
16   U 3   1         0.88586267         0.24265584
17   U 3   2         0.81041387         0.39259737
18   U 3   3         0.80493427         0.40382446
