[1] "Summary by group"
  grp vfCircularity.m vfCircularity.s
1   C        1.413325       0.2146829
2   U        1.391869       0.1916275
[1] "Summary by session\n"
  S vfCircularity.m vfCircularity.s
1 1        1.387105       0.1840090
2 2        1.407179       0.2313965
3 3        1.413507       0.1929797
[1] "Summary by ID\n"
  ID vfCircularity.m vfCircularity.s
1  D        1.247006       0.1521868
2  M        1.447300       0.1252945
3  E        1.513484       0.2173342
[1] "Summary by group + Session\n"
  grp S vfCircularity.m vfCircularity.s
1   C 1        1.388806       0.1923012
2   C 2        1.429893       0.2461256
3   C 3        1.421275       0.2045565
4   U 1        1.385404       0.1774895
5   U 2        1.384465       0.2160381
6   U 3        1.405738       0.1826524
[1] "Summary by Session + ID\n"
  S ID vfCircularity.m vfCircularity.s
1 1  D        1.221408      0.15378781
2 1  M        1.400463      0.13044002
3 1  E        1.539443      0.10321773
4 2  D        1.232203      0.13364670
5 2  M        1.450140      0.13422036
6 2  E        1.539195      0.27719765
7 3  D        1.287408      0.16423936
8 3  M        1.491297      0.09417528
9 3  E        1.461815      0.23092172
[1] "Summary by group + ID\n"
  grp ID vfCircularity.m vfCircularity.s
1   C  D        1.267381       0.1535739
2   C  M        1.455444       0.1242277
3   C  E        1.517148       0.2583050
4   U  D        1.226632       0.1497130
5   U  M        1.439156       0.1272243
6   U  E        1.509821       0.1696846
[1] "Summary by group + Session + ID\n"
   grp S ID vfCircularity.m vfCircularity.s
1    C 1  D        1.230917      0.19051433
2    C 1  M        1.409333      0.13311454
3    C 1  E        1.526167      0.12177874
4    C 2  D        1.236587      0.12404622
5    C 2  M        1.447380      0.13090334
6    C 2  E        1.605713      0.29048119
7    C 3  D        1.334640      0.12309907
8    C 3  M        1.509620      0.09030283
9    C 3  E        1.419564      0.30297287
10   U 1  D        1.211900      0.11180910
11   U 1  M        1.391593      0.13174388
12   U 1  E        1.552720      0.08283121
13   U 2  D        1.227820      0.14686749
14   U 2  M        1.452900      0.14200351
15   U 2  E        1.472676      0.25554775
16   U 3  D        1.240175      0.18958381
17   U 3  M        1.472973      0.09745466
18   U 3  E        1.504067      0.12182227
