            Estimate MCMCmean HPD95lower HPD95upper pMCMC Pr(>|t|)
(Intercept)   1.0359   1.0310     0.8763     1.1537 0.001   0.0000
grp1          0.0206   0.0178    -0.1164     0.1334 0.778   0.8096
S1           -0.1949  -0.1960    -0.2474    -0.1516 0.001   0.0000
S2            0.0509   0.0510     0.0034     0.1013 0.048   0.0736
ID1          -0.5586  -0.5577    -0.6482    -0.4635 0.001   0.0000
ID2          -0.1566  -0.1562    -0.2471    -0.0683 0.001   0.0772
grp1:S1      -0.0195  -0.0194    -0.0684     0.0309 0.426   0.4926
grp1:S2      -0.0046  -0.0058    -0.0600     0.0389 0.844   0.8701
grp1:ID1     -0.0057  -0.0061    -0.0924     0.0804 0.904   0.9490
grp1:ID2      0.0085   0.0076    -0.0805     0.1040 0.902   0.9230
S1:ID1        0.1594   0.1582     0.1038     0.2028 0.001   0.0000
S2:ID1       -0.0502  -0.0486    -0.1011     0.0025 0.074   0.0474
S1:ID2        0.0398   0.0417    -0.0122     0.0899 0.126   0.1160
S2:ID2       -0.0310  -0.0319    -0.0783     0.0209 0.226   0.2197
grp1:S1:ID1   0.0054   0.0065    -0.0455     0.0596 0.832   0.8317
grp1:S2:ID1   0.0146   0.0138    -0.0347     0.0655 0.580   0.5639
grp1:S1:ID2  -0.0109  -0.0122    -0.0644     0.0372 0.648   0.6648
grp1:S2:ID2   0.0150   0.0150    -0.0353     0.0623 0.538   0.5521
Analysis of Variance Table
         Df  Sum Sq Mean Sq F value
grp       1 0.00181 0.00181  0.0582
S         2 1.58869 0.79435 25.4804
ID        2 2.26167 1.13083 36.2739
grp:S     2 0.02541 0.01271  0.4076
grp:ID    2 0.00030 0.00015  0.0048
S:ID      4 2.23799 0.55950 17.9471
grp:S:ID  4 0.05410 0.01353  0.4339
Linear mixed model fit by REML 
Formula: f ~ (1 | pp) + (1 | pp/S) + (1 | pp/ID) + (1 | pp/S:ID) + grp *      S * ID 
   Data: mdata 
   AIC   BIC logLik deviance REMLdev
 100.4 193.9 -24.19   -39.28   48.38
Random effects:
 Groups   Name        Variance  Std.Dev.
 S:ID:pp  (Intercept) 0.0039030 0.062474
 ID:pp    (Intercept) 0.1121454 0.334881
 S:pp     (Intercept) 0.0072703 0.085266
 pp       (Intercept) 0.0079206 0.088998
 pp       (Intercept) 0.0079207 0.088998
 pp       (Intercept) 0.0079206 0.088998
 pp       (Intercept) 0.0079207 0.088998
 Residual             0.0311749 0.176564
Number of obs: 270, groups: S:ID:pp, 90; ID:pp, 30; S:pp, 30; pp, 10

Fixed effects:
             Estimate Std. Error t value
(Intercept)  1.035860   0.085485  12.118
grp1         0.020618   0.085485   0.241
S1          -0.194927   0.028326  -6.882
S2           0.050893   0.028326   1.797
ID1         -0.558604   0.088284  -6.327
ID2         -0.156644   0.088284  -1.774
grp1:S1     -0.019464   0.028326  -0.687
grp1:S2     -0.004636   0.028326  -0.164
grp1:ID1    -0.005654   0.088284  -0.064
grp1:ID2     0.008541   0.088284   0.097
S1:ID1       0.159384   0.025205   6.323
S2:ID1      -0.050220   0.025205  -1.992
S1:ID2       0.039756   0.025205   1.577
S2:ID2      -0.031012   0.025205  -1.230
grp1:S1:ID1  0.005363   0.025205   0.213
grp1:S2:ID1  0.014564   0.025205   0.578
grp1:S1:ID2 -0.010934   0.025205  -0.434
grp1:S2:ID2  0.015007   0.025205   0.595

Correlation of Fixed Effects:
            (Intr) grp1   S1     S2     ID1    ID2    gr1:S1 gr1:S2 g1:ID1
grp1         0.000                                                        
S1           0.000  0.000                                                 
S2           0.000  0.000 -0.500                                          
ID1          0.000  0.000  0.000  0.000                                   
ID2          0.000  0.000  0.000  0.000 -0.500                            
grp1:S1      0.000  0.000  0.000  0.000  0.000  0.000                     
grp1:S2      0.000  0.000  0.000  0.000  0.000  0.000 -0.500              
grp1:ID1     0.000  0.000  0.000  0.000  0.000  0.000  0.000  0.000       
grp1:ID2     0.000  0.000  0.000  0.000  0.000  0.000  0.000  0.000 -0.500
S1:ID1       0.000  0.000  0.000  0.000  0.000  0.000  0.000  0.000  0.000
S2:ID1       0.000  0.000  0.000  0.000  0.000  0.000  0.000  0.000  0.000
S1:ID2       0.000  0.000  0.000  0.000  0.000  0.000  0.000  0.000  0.000
S2:ID2       0.000  0.000  0.000  0.000  0.000  0.000  0.000  0.000  0.000
grp1:S1:ID1  0.000  0.000  0.000  0.000  0.000  0.000  0.000  0.000  0.000
grp1:S2:ID1  0.000  0.000  0.000  0.000  0.000  0.000  0.000  0.000  0.000
grp1:S1:ID2  0.000  0.000  0.000  0.000  0.000  0.000  0.000  0.000  0.000
grp1:S2:ID2  0.000  0.000  0.000  0.000  0.000  0.000  0.000  0.000  0.000
            g1:ID2 S1:ID1 S2:ID1 S1:ID2 S2:ID2 g1:S1:ID1 g1:S2:ID1 g1:S1:ID2
grp1                                                                        
S1                                                                          
S2                                                                          
ID1                                                                         
ID2                                                                         
grp1:S1                                                                     
grp1:S2                                                                     
grp1:ID1                                                                    
grp1:ID2                                                                    
S1:ID1       0.000                                                          
S2:ID1       0.000 -0.500                                                   
S1:ID2       0.000 -0.500  0.250                                            
S2:ID2       0.000  0.250 -0.500 -0.500                                     
grp1:S1:ID1  0.000  0.000  0.000  0.000  0.000                              
grp1:S2:ID1  0.000  0.000  0.000  0.000  0.000 -0.500                       
grp1:S1:ID2  0.000  0.000  0.000  0.000  0.000 -0.500     0.250             
grp1:S2:ID2  0.000  0.000  0.000  0.000  0.000  0.250    -0.500    -0.500   
Linear mixed model fit by REML 
Formula: f ~ (1 | pp) + (1 | pp/S) + (1 | pp/ID) + (1 | pp/S:ID) + grp *      S * ID 
   Data: mdata 
   AIC   BIC logLik deviance REMLdev
 100.4 193.9 -24.19   -39.28   48.38
Random effects:
 Groups   Name        Variance  Std.Dev.
 S:ID:pp  (Intercept) 0.0039030 0.062474
 ID:pp    (Intercept) 0.1121454 0.334881
 S:pp     (Intercept) 0.0072703 0.085266
 pp       (Intercept) 0.0079206 0.088998
 pp       (Intercept) 0.0079207 0.088998
 pp       (Intercept) 0.0079206 0.088998
 pp       (Intercept) 0.0079207 0.088998
 Residual             0.0311749 0.176564
Number of obs: 270, groups: S:ID:pp, 90; ID:pp, 30; S:pp, 30; pp, 10

Fixed effects:
             Estimate Std. Error t value
(Intercept)  1.035860   0.085485  12.118
grp1         0.020618   0.085485   0.241
S1          -0.194927   0.028326  -6.882
S2           0.050893   0.028326   1.797
ID1         -0.558604   0.088284  -6.327
ID2         -0.156644   0.088284  -1.774
grp1:S1     -0.019464   0.028326  -0.687
grp1:S2     -0.004636   0.028326  -0.164
grp1:ID1    -0.005654   0.088284  -0.064
grp1:ID2     0.008541   0.088284   0.097
S1:ID1       0.159384   0.025205   6.323
S2:ID1      -0.050220   0.025205  -1.992
S1:ID2       0.039756   0.025205   1.577
S2:ID2      -0.031012   0.025205  -1.230
grp1:S1:ID1  0.005363   0.025205   0.213
grp1:S2:ID1  0.014564   0.025205   0.578
grp1:S1:ID2 -0.010934   0.025205  -0.434
grp1:S2:ID2  0.015007   0.025205   0.595

Correlation of Fixed Effects:
            (Intr) grp1   S1     S2     ID1    ID2    gr1:S1 gr1:S2 g1:ID1
grp1         0.000                                                        
S1           0.000  0.000                                                 
S2           0.000  0.000 -0.500                                          
ID1          0.000  0.000  0.000  0.000                                   
ID2          0.000  0.000  0.000  0.000 -0.500                            
grp1:S1      0.000  0.000  0.000  0.000  0.000  0.000                     
grp1:S2      0.000  0.000  0.000  0.000  0.000  0.000 -0.500              
grp1:ID1     0.000  0.000  0.000  0.000  0.000  0.000  0.000  0.000       
grp1:ID2     0.000  0.000  0.000  0.000  0.000  0.000  0.000  0.000 -0.500
S1:ID1       0.000  0.000  0.000  0.000  0.000  0.000  0.000  0.000  0.000
S2:ID1       0.000  0.000  0.000  0.000  0.000  0.000  0.000  0.000  0.000
S1:ID2       0.000  0.000  0.000  0.000  0.000  0.000  0.000  0.000  0.000
S2:ID2       0.000  0.000  0.000  0.000  0.000  0.000  0.000  0.000  0.000
grp1:S1:ID1  0.000  0.000  0.000  0.000  0.000  0.000  0.000  0.000  0.000
grp1:S2:ID1  0.000  0.000  0.000  0.000  0.000  0.000  0.000  0.000  0.000
grp1:S1:ID2  0.000  0.000  0.000  0.000  0.000  0.000  0.000  0.000  0.000
grp1:S2:ID2  0.000  0.000  0.000  0.000  0.000  0.000  0.000  0.000  0.000
            g1:ID2 S1:ID1 S2:ID1 S1:ID2 S2:ID2 g1:S1:ID1 g1:S2:ID1 g1:S1:ID2
grp1                                                                        
S1                                                                          
S2                                                                          
ID1                                                                         
ID2                                                                         
grp1:S1                                                                     
grp1:S2                                                                     
grp1:ID1                                                                    
grp1:ID2                                                                    
S1:ID1       0.000                                                          
S2:ID1       0.000 -0.500                                                   
S1:ID2       0.000 -0.500  0.250                                            
S2:ID2       0.000  0.250 -0.500 -0.500                                     
grp1:S1:ID1  0.000  0.000  0.000  0.000  0.000                              
grp1:S2:ID1  0.000  0.000  0.000  0.000  0.000 -0.500                       
grp1:S1:ID2  0.000  0.000  0.000  0.000  0.000 -0.500     0.250             
grp1:S2:ID2  0.000  0.000  0.000  0.000  0.000  0.250    -0.500    -0.500   
