[1] "q2L ~S*IDR*IDL*grp + Error(pp/(S*IDR*IDL))"
$ANOVA
          Effect DFn DFd           F            p p<.05         ges
2            grp   1   8  0.04439989 8.383795e-01       0.001694578
3              S   2  16  6.11706724 1.063565e-02     * 0.123419865
4          grp:S   2  16  0.92243347 4.176893e-01       0.020790309
5            IDR   2  16 51.50459327 1.067372e-07     * 0.296817809
6        grp:IDR   2  16  1.64271412 2.244531e-01       0.013284043
7            IDL   1   8 56.50096398 6.819075e-05     * 0.488249300
8        grp:IDL   1   8  0.44520466 5.233969e-01       0.007461641
9          S:IDR   4  32  1.26316722 3.047649e-01       0.017318947
10     grp:S:IDR   4  32  2.93808898 3.551975e-02     * 0.039379035
11         S:IDL   2  16  5.02577231 2.024380e-02     * 0.032474387
12     grp:S:IDL   2  16  2.61101113 1.043916e-01       0.017138652
13       IDR:IDL   2  16 18.67608026 6.542501e-05     * 0.166677693
14   grp:IDR:IDL   2  16  0.17000734 8.451627e-01       0.001817425
15     S:IDR:IDL   4  32  1.95856414 1.247381e-01       0.014152678
16 grp:S:IDR:IDL   4  32  0.70928969 5.915879e-01       0.005172051

$`Mauchly's Test for Sphericity`
          Effect         W         p p<.05
3              S 0.5544473 0.1269144      
4          grp:S 0.5544473 0.1269144      
5            IDR 0.8057282 0.4695263      
6        grp:IDR 0.8057282 0.4695263      
9          S:IDR 0.1670254 0.2613669      
10     grp:S:IDR 0.1670254 0.2613669      
11         S:IDL 0.5770323 0.1459488      
12     grp:S:IDL 0.5770323 0.1459488      
13       IDR:IDL 0.9575638 0.8591857      
14   grp:IDR:IDL 0.9575638 0.8591857      
15     S:IDR:IDL 0.3253496 0.6304234      
16 grp:S:IDR:IDL 0.3253496 0.6304234      

$`Sphericity Corrections`
          Effect       GGe        p[GG] p[GG]<.05       HFe        p[HF]
3              S 0.6917769 2.339518e-02         * 0.7898488 1.817306e-02
4          grp:S 0.6917769 3.906455e-01           0.7898488 4.006373e-01
5            IDR 0.8373303 9.581273e-07         * 1.0332999 1.067372e-07
6        grp:IDR 0.8373303 2.298096e-01           1.0332999 2.244531e-01
9          S:IDR 0.5838466 3.102772e-01           0.8393547 3.079773e-01
10     grp:S:IDR 0.5838466 7.098580e-02           0.8393547 4.624700e-02
11         S:IDL 0.7027567 3.666434e-02         * 0.8074639 2.970553e-02
12     grp:S:IDL 0.7027567 1.273325e-01           0.8074639 1.187971e-01
13       IDR:IDL 0.9592913 8.782643e-05         * 1.2552373 6.542501e-05
14   grp:IDR:IDL 0.9592913 8.368827e-01           1.2552373 8.451627e-01
15     S:IDR:IDL 0.6975460 1.523797e-01           1.1090438 1.247381e-01
16 grp:S:IDR:IDL 0.6975460 5.470646e-01           1.1090438 5.915879e-01
   p[HF]<.05
3          *
4           
5          *
6           
9           
10         *
11         *
12          
13         *
14          
15          
16          

