            Estimate MCMCmean HPD95lower HPD95upper pMCMC Pr(>|t|)
(Intercept)   1.0671   1.0665     0.9220     1.2058 0.001   0.0000
grp1          0.0445   0.0444    -0.1123     0.1752 0.508   0.6405
S1           -0.2462  -0.2445    -0.3108    -0.1843 0.001   0.0000
S2            0.0954   0.0946     0.0322     0.1567 0.002   0.0137
ID1          -0.6168  -0.6161    -0.6955    -0.5377 0.001   0.0000
grp1:S1      -0.0557  -0.0555    -0.1155     0.0072 0.082   0.1472
grp1:S2      -0.0010  -0.0014    -0.0621     0.0608 0.956   0.9798
grp1:ID1     -0.0168  -0.0177    -0.0941     0.0610 0.668   0.8478
S1:ID1        0.2018   0.2018     0.1575     0.2496 0.001   0.0000
S2:ID1       -0.0896  -0.0903    -0.1364    -0.0413 0.001   0.0062
grp1:S1:ID1   0.0346   0.0360    -0.0066     0.0846 0.128   0.2857
grp1:S2:ID1   0.0197   0.0186    -0.0284     0.0639 0.416   0.5424
Analysis of Variance Table
         Df  Sum Sq Mean Sq F value
grp       1 0.00459 0.00459  0.2188
S         2 0.88192 0.44096 21.0388
ID        1 1.03947 1.03947 49.5945
grp:S     2 0.06031 0.03015  1.4386
grp:ID    1 0.00077 0.00077  0.0369
S:ID      2 0.82299 0.41149 19.6329
grp:S:ID  2 0.06073 0.03037  1.4488
Linear mixed model fit by REML 
Formula: f ~ (1 | pp) + (1 | pp/S) + (1 | pp/ID) + (1 | pp/S:ID) + grp *      S * ID 
   Data: mdata 
   AIC   BIC logLik deviance REMLdev
 47.07 110.9 -3.537   -45.16   7.075
Random effects:
 Groups   Name        Variance  Std.Dev.
 S:ID:pp  (Intercept) 0.0242741 0.155801
 S:pp     (Intercept) 0.0063447 0.079653
 ID:pp    (Intercept) 0.1429895 0.378140
 pp       (Intercept) 0.0029537 0.054348
 pp       (Intercept) 0.0029538 0.054349
 pp       (Intercept) 0.0029537 0.054348
 pp       (Intercept) 0.0029537 0.054348
 Residual             0.0209595 0.144774
Number of obs: 180, groups: S:ID:pp, 60; S:pp, 30; ID:pp, 20; pp, 10

Fixed effects:
              Estimate Std. Error t value
(Intercept)  1.0670540  0.0952018  11.208
grp1         0.0445446  0.0952018   0.468
S1          -0.2462050  0.0382753  -6.432
S2           0.0953553  0.0382753   2.491
ID1         -0.6167771  0.0875813  -7.042
grp1:S1     -0.0557339  0.0382753  -1.456
grp1:S2     -0.0009726  0.0382753  -0.025
grp1:ID1    -0.0168299  0.0875813  -0.192
S1:ID1       0.2018498  0.0322803   6.253
S2:ID1      -0.0895572  0.0322803  -2.774
grp1:S1:ID1  0.0345696  0.0322803   1.071
grp1:S2:ID1  0.0197049  0.0322803   0.610

Correlation of Fixed Effects:
            (Intr) grp1   S1     S2     ID1    gr1:S1 gr1:S2 g1:ID1 S1:ID1
grp1         0.000                                                        
S1           0.000  0.000                                                 
S2           0.000  0.000 -0.500                                          
ID1          0.000  0.000  0.000  0.000                                   
grp1:S1      0.000  0.000  0.000  0.000  0.000                            
grp1:S2      0.000  0.000  0.000  0.000  0.000 -0.500                     
grp1:ID1     0.000  0.000  0.000  0.000  0.000  0.000  0.000              
S1:ID1       0.000  0.000  0.000  0.000  0.000  0.000  0.000  0.000       
S2:ID1       0.000  0.000  0.000  0.000  0.000  0.000  0.000  0.000 -0.500
grp1:S1:ID1  0.000  0.000  0.000  0.000  0.000  0.000  0.000  0.000  0.000
grp1:S2:ID1  0.000  0.000  0.000  0.000  0.000  0.000  0.000  0.000  0.000
            S2:ID1 g1:S1:
grp1                     
S1                       
S2                       
ID1                      
grp1:S1                  
grp1:S2                  
grp1:ID1                 
S1:ID1                   
S2:ID1                   
grp1:S1:ID1  0.000       
grp1:S2:ID1  0.000 -0.500
Linear mixed model fit by REML 
Formula: f ~ (1 | pp) + (1 | pp/S) + (1 | pp/ID) + (1 | pp/S:ID) + grp *      S * ID 
   Data: mdata 
   AIC   BIC logLik deviance REMLdev
 47.07 110.9 -3.537   -45.16   7.075
Random effects:
 Groups   Name        Variance  Std.Dev.
 S:ID:pp  (Intercept) 0.0242741 0.155801
 S:pp     (Intercept) 0.0063447 0.079653
 ID:pp    (Intercept) 0.1429895 0.378140
 pp       (Intercept) 0.0029537 0.054348
 pp       (Intercept) 0.0029538 0.054349
 pp       (Intercept) 0.0029537 0.054348
 pp       (Intercept) 0.0029537 0.054348
 Residual             0.0209595 0.144774
Number of obs: 180, groups: S:ID:pp, 60; S:pp, 30; ID:pp, 20; pp, 10

Fixed effects:
              Estimate Std. Error t value
(Intercept)  1.0670540  0.0952018  11.208
grp1         0.0445446  0.0952018   0.468
S1          -0.2462050  0.0382753  -6.432
S2           0.0953553  0.0382753   2.491
ID1         -0.6167771  0.0875813  -7.042
grp1:S1     -0.0557339  0.0382753  -1.456
grp1:S2     -0.0009726  0.0382753  -0.025
grp1:ID1    -0.0168299  0.0875813  -0.192
S1:ID1       0.2018498  0.0322803   6.253
S2:ID1      -0.0895572  0.0322803  -2.774
grp1:S1:ID1  0.0345696  0.0322803   1.071
grp1:S2:ID1  0.0197049  0.0322803   0.610

Correlation of Fixed Effects:
            (Intr) grp1   S1     S2     ID1    gr1:S1 gr1:S2 g1:ID1 S1:ID1
grp1         0.000                                                        
S1           0.000  0.000                                                 
S2           0.000  0.000 -0.500                                          
ID1          0.000  0.000  0.000  0.000                                   
grp1:S1      0.000  0.000  0.000  0.000  0.000                            
grp1:S2      0.000  0.000  0.000  0.000  0.000 -0.500                     
grp1:ID1     0.000  0.000  0.000  0.000  0.000  0.000  0.000              
S1:ID1       0.000  0.000  0.000  0.000  0.000  0.000  0.000  0.000       
S2:ID1       0.000  0.000  0.000  0.000  0.000  0.000  0.000  0.000 -0.500
grp1:S1:ID1  0.000  0.000  0.000  0.000  0.000  0.000  0.000  0.000  0.000
grp1:S2:ID1  0.000  0.000  0.000  0.000  0.000  0.000  0.000  0.000  0.000
            S2:ID1 g1:S1:
grp1                     
S1                       
S2                       
ID1                      
grp1:S1                  
grp1:S2                  
grp1:ID1                 
S1:ID1                   
S2:ID1                   
grp1:S1:ID1  0.000       
grp1:S2:ID1  0.000 -0.500
