[1] "Summary by group"
  grp phDiffMean.m phDiffMean.s
1   C   0.04189288     0.178465
2   U  -0.05694335     1.105976
[1] "Summary by session\n"
  S phDiffMean.m phDiffMean.s
1 1 -0.004430551    0.4335062
2 2 -0.029910064    0.7172382
3 3  0.011764917    1.0925924
[1] "Summary by DID\n"
  DID phDiffMean.m phDiffMean.s
1   1   0.03865764    0.1164763
2   2  -0.02554598    0.7560100
3   3  -0.03568736    1.1439423
[1] "Summary by group + Session\n"
  grp S phDiffMean.m phDiffMean.s
1   C 1   0.04643317   0.05847576
2   C 2   0.01017409   0.10206464
3   C 3   0.06907140   0.28522780
4   U 1  -0.05529427   0.60943837
5   U 2  -0.06999422   1.01333560
6   U 3  -0.04554156   1.52531142
[1] "Summary by Session + DID\n"
  S DID phDiffMean.m phDiffMean.s
1 1   1   0.03339478   0.05724092
2 1   2  -0.01685733   0.29959621
3 1   3  -0.02982910   0.69383130
4 2   1   0.03183692   0.14301398
5 2   2   0.01785393   0.40166825
6 2   3  -0.13942104   1.17399696
7 3   1   0.05074121   0.13296036
8 3   2  -0.07763453   1.22398612
9 3   3   0.06218808   1.46127087
[1] "Summary by group + DID\n"
  grp DID phDiffMean.m phDiffMean.s
1   C   1   0.00314012   0.09019213
2   C   2   0.07115349   0.28897105
3   C   3   0.05138504   0.05342664
4   U   1   0.07417515   0.12933225
5   U   2  -0.12224545   1.02638256
6   U   3  -0.12275976   1.62129168
[1] "Summary by group + Session + DID\n"
   grp S DID phDiffMean.m phDiffMean.s
1    C 1   1   0.03004660   0.06683302
2    C 1   2   0.04860033   0.05866338
3    C 1   3   0.06065257   0.04826304
4    C 2   1  -0.02490046   0.12429211
5    C 2   2   0.01460780   0.10162855
6    C 2   3   0.04081492   0.06795417
7    C 3   1   0.00427422   0.06349239
8    C 3   2   0.15025233   0.48785031
9    C 3   3   0.05268764   0.04254823
10   U 1   1   0.03674296   0.04792085
11   U 1   2  -0.08231499   0.41629815
12   U 1   3  -0.12031077   0.98859336
13   U 2   1   0.08857431   0.14149296
14   U 2   2   0.02110005   0.56907638
15   U 2   3  -0.31965701   1.66756019
16   U 3   1   0.09720819   0.16721711
17   U 3   2  -0.30552140   1.65952176
18   U 3   3   0.07168851   2.10265158
