[1] "rho ~(S*DID*grp)+Error(pp/(S*DID))+grp"
$ANOVA
     Effect DFn DFd        F           p p<.05        ges
2       grp   1   8 7.782760 0.023567036     * 0.22895604
3         S   2  16 2.221698 0.140778289       0.04806704
5       DID   2  16 8.788211 0.002658793     * 0.18123601
4     grp:S   2  16 2.197553 0.143467021       0.04756951
6   grp:DID   2  16 8.792650 0.002653175     * 0.18131096
7     S:DID   4  32 1.152723 0.349893011       0.04294905
8 grp:S:DID   4  32 1.149404 0.351336997       0.04283070

$`Mauchly's Test for Sphericity`
     Effect            W            p p<.05
3         S 0.5388513216 1.148527e-01      
4     grp:S 0.5388513216 1.148527e-01      
5       DID 0.5456298528 1.199896e-01      
6   grp:DID 0.5456298528 1.199896e-01      
7     S:DID 0.0001176511 8.616314e-09     *
8 grp:S:DID 0.0001176511 8.616314e-09     *

$`Sphericity Corrections`
     Effect       GGe       p[GG] p[GG]<.05       HFe       p[HF] p[HF]<.05
3         S 0.6843930 0.162153382           0.7780683 0.155682347          
4     grp:S 0.6843930 0.164545853           0.7780683 0.158185537          
5       DID 0.6875829 0.008720598         * 0.7831510 0.006048209         *
6   grp:DID 0.6875829 0.008707424         * 0.7831510 0.006037952         *
7     S:DID 0.4847559 0.339835772           0.6373235 0.345889170          
8 grp:S:DID 0.4847559 0.340808157           0.6373235 0.347022988          

