[1] "MTLrel ~(S*IDR*IDL*grp)+Error(pp/(S*IDR*IDL))+grp"
$ANOVA
          Effect DFn DFd          F            p p<.05         ges
2            grp   1   8  0.5168525 4.926491e-01       0.009015531
3              S   2  16  4.1577288 3.514797e-02     * 0.121455742
4          grp:S   2  16  0.2081928 8.142158e-01       0.006874924
5            IDR   2  16 18.5884232 6.717060e-05     * 0.048768744
6        grp:IDR   2  16  4.9261396 2.152629e-02     * 0.013404748
7            IDL   1   8 13.3546998 6.453124e-03     * 0.234650654
8        grp:IDL   1   8  1.7031678 2.281584e-01       0.037629434
9          S:IDR   4  32  0.6380402 6.391694e-01       0.006407981
10     grp:S:IDR   4  32  0.4886901 7.439467e-01       0.004915397
11         S:IDL   2  16  1.3445386 2.885739e-01       0.037012144
12     grp:S:IDL   2  16  0.9955126 3.913025e-01       0.027670090
13       IDR:IDL   2  16 20.8854186 3.461709e-05     * 0.082565349
14   grp:IDR:IDL   2  16  1.1778748 3.332597e-01       0.005049867
15     S:IDR:IDL   4  32  0.4388673 7.795420e-01       0.002376972
16 grp:S:IDR:IDL   4  32  0.4984147 7.370028e-01       0.002698620

$`Mauchly's Test for Sphericity`
          Effect         W         p p<.05
3              S 0.5484502 0.1221744      
4          grp:S 0.5484502 0.1221744      
5            IDR 0.7088135 0.2998209      
6        grp:IDR 0.7088135 0.2998209      
9          S:IDR 0.2631546 0.4955807      
10     grp:S:IDR 0.2631546 0.4955807      
11         S:IDL 0.6644252 0.2390900      
12     grp:S:IDL 0.6644252 0.2390900      
13       IDR:IDL 0.7092233 0.3004280      
14   grp:IDR:IDL 0.7092233 0.3004280      
15     S:IDR:IDL 0.4856877 0.8712103      
16 grp:S:IDR:IDL 0.4856877 0.8712103      

$`Sphericity Corrections`
          Effect       GGe        p[GG] p[GG]<.05       HFe        p[HF]
3              S 0.6889188 0.0566311330           0.7852827 4.881587e-02
4          grp:S 0.6889188 0.7336934593           0.7852827 7.628211e-01
5            IDR 0.7744815 0.0003435655         * 0.9254842 1.149762e-04
6        grp:IDR 0.7744815 0.0333521467         * 0.9254842 2.486020e-02
9          S:IDR 0.6741397 0.5828223753           1.0497442 6.391694e-01
10     grp:S:IDR 0.6741397 0.6746161635           1.0497442 7.439467e-01
11         S:IDL 0.7487413 0.2874638933           0.8825308 2.885720e-01
12     grp:S:IDL 0.7487413 0.3743871987           0.8825308 3.842356e-01
13       IDR:IDL 0.7747273 0.0002039328         * 0.9258978 6.192107e-05
14   grp:IDR:IDL 0.7747273 0.3264798935           0.9258978 3.314715e-01
15     S:IDR:IDL 0.7754982 0.7334026376           1.3228815 7.795420e-01
16 grp:S:IDR:IDL 0.7754982 0.6927062791           1.3228815 7.370028e-01
   p[HF]<.05
3          *
4           
5          *
6          *
9           
10          
11          
12          
13         *
14          
15          
16          

