[1] "CircularityRrel ~S*IDR*IDL*grp + Error(pp/(S*IDR*IDL))"
$ANOVA
          Effect DFn DFd           F            p p<.05          ges
2            grp   1   8  0.19515505 0.6703578966       0.0086099727
3              S   2  16  0.21427131 0.8094081125       0.0026353188
5            IDR   2  16  1.88909062 0.1834294405       0.0326048784
7            IDL   1   8  4.54555476 0.0655852769       0.0650990056
4          grp:S   2  16  1.63994310 0.2249697526       0.0198220637
6        grp:IDR   2  16  0.45441235 0.6427653948       0.0080420963
8        grp:IDL   1   8  1.22132079 0.3012269655       0.0183654437
9          S:IDR   4  32  0.63421017 0.6417816279       0.0148090616
11         S:IDL   2  16  0.07479106 0.9282598126       0.0002415475
13       IDR:IDL   2  16 14.95028262 0.0002179795     * 0.0442043336
10     grp:S:IDR   4  32  2.97503842 0.0339042465     * 0.0658680393
12     grp:S:IDL   2  16  1.06227726 0.3688256656       0.0034198562
14   grp:IDR:IDL   2  16  2.35678598 0.1267418036       0.0072379520
15     S:IDR:IDL   4  32  2.40908490 0.0696977155       0.0118584387
16 grp:S:IDR:IDL   4  32  0.52355469 0.7190924930       0.0026012800

$`Mauchly's Test for Sphericity`
          Effect         W          p p<.05
3              S 0.3929718 0.03804212     *
4          grp:S 0.3929718 0.03804212     *
5            IDR 0.9719833 0.90532784      
6        grp:IDR 0.9719833 0.90532784      
9          S:IDR 0.1661760 0.25929015      
10     grp:S:IDR 0.1661760 0.25929015      
11         S:IDL 0.3206194 0.01866227     *
12     grp:S:IDL 0.3206194 0.01866227     *
13       IDR:IDL 0.8924936 0.67161125      
14   grp:IDR:IDL 0.8924936 0.67161125      
15     S:IDR:IDL 0.0644085 0.04721742     *
16 grp:S:IDR:IDL 0.0644085 0.04721742     *

$`Sphericity Corrections`
          Effect       GGe       p[GG] p[GG]<.05       HFe        p[HF]
3              S 0.6222666 0.705857910           0.6809891 0.7262541713
4          grp:S 0.6222666 0.235388979           0.6809891 0.2343334853
5            IDR 0.9727469 0.184844213           1.2808182 0.1834294405
6        grp:IDR 0.9727469 0.637748219           1.2808182 0.6427653948
9          S:IDR 0.6972527 0.589818436           1.1082875 0.6417816279
10     grp:S:IDR 0.6972527 0.056604682           1.1082875 0.0339042465
11         S:IDL 0.5954576 0.831901636           0.6401916 0.8476869029
12     grp:S:IDL 0.5954576 0.343149910           0.6401916 0.3471885393
13       IDR:IDL 0.9029294 0.000394012         * 1.1505008 0.0002179795
14   grp:IDR:IDL 0.9029294 0.133463985           1.1505008 0.1267418036
15     S:IDR:IDL 0.5055922 0.120972224           0.6775811 0.0996591185
16 grp:S:IDR:IDL 0.5055922 0.604064353           0.6775811 0.6530750582
   p[HF]<.05
3           
4           
5           
6           
9           
10         *
11          
12          
13         *
14          
15          
16          

