            Estimate MCMCmean HPD95lower HPD95upper pMCMC Pr(>|t|)
(Intercept)   0.2387   0.2388     0.2203     0.2555 0.001   0.0000
grp1         -0.0046  -0.0049    -0.0240     0.0129 0.560   0.5934
S1            0.0102   0.0100     0.0009     0.0196 0.036   0.0725
S2            0.0023   0.0027    -0.0067     0.0118 0.552   0.6787
ID1           0.0899   0.0899     0.0787     0.1009 0.001   0.0000
grp1:S1      -0.0007  -0.0006    -0.0106     0.0084 0.892   0.8965
grp1:S2       0.0099   0.0097     0.0000     0.0184 0.034   0.0804
grp1:ID1     -0.0089  -0.0091    -0.0204     0.0020 0.100   0.2784
S1:ID1       -0.0040  -0.0042    -0.0120     0.0049 0.316   0.3399
S2:ID1        0.0070   0.0071    -0.0006     0.0156 0.072   0.0961
grp1:S1:ID1   0.0034   0.0035    -0.0047     0.0113 0.394   0.4208
grp1:S2:ID1  -0.0064  -0.0065    -0.0149     0.0011 0.122   0.1257
Analysis of Variance Table
         Df   Sum Sq  Mean Sq  F value
grp       1 0.000351 0.000351   0.2862
S         2 0.006840 0.003420   2.7927
ID        1 0.148419 0.148419 121.1939
grp:S     2 0.004704 0.002352   1.9207
grp:ID    1 0.001448 0.001448   1.1823
S:ID      2 0.003453 0.001727   1.4099
grp:S:ID  2 0.002903 0.001451   1.1851
Linear mixed model fit by REML 
Formula: vfCircularity ~ (1 | pp) + (1 | pp/S) + (1 | pp/ID) + (1 | pp/S:ID) +      grp * S * ID 
   Data: mdata 
    AIC    BIC logLik deviance REMLdev
 -496.9 -433.1  268.5   -639.9  -536.9
Random effects:
 Groups   Name        Variance   Std.Dev.  
 S:ID:pp  (Intercept) 1.1761e-04 1.0845e-02
 S:pp     (Intercept) 2.1126e-04 1.4535e-02
 ID:pp    (Intercept) 1.1585e-03 3.4036e-02
 pp       (Intercept) 0.0000e+00 0.0000e+00
 pp       (Intercept) 0.0000e+00 0.0000e+00
 pp       (Intercept) 2.6958e-15 5.1921e-08
 pp       (Intercept) 0.0000e+00 0.0000e+00
 Residual             1.2246e-03 3.4995e-02
Number of obs: 180, groups: S:ID:pp, 60; S:pp, 30; ID:pp, 20; pp, 10

Fixed effects:
              Estimate Std. Error t value
(Intercept)  0.2386831  0.0085865  27.797
grp1        -0.0045937  0.0085865  -0.535
S1           0.0101621  0.0056224   1.807
S2           0.0023332  0.0056224   0.415
ID1          0.0899000  0.0081662  11.009
grp1:S1     -0.0007328  0.0056224  -0.130
grp1:S2      0.0098884  0.0056224   1.759
grp1:ID1    -0.0088794  0.0081662  -1.087
S1:ID1      -0.0040069  0.0041866  -0.957
S2:ID1       0.0070060  0.0041866   1.673
grp1:S1:ID1  0.0033789  0.0041866   0.807
grp1:S2:ID1 -0.0064430  0.0041866  -1.539

Correlation of Fixed Effects:
            (Intr) grp1   S1     S2     ID1    gr1:S1 gr1:S2 g1:ID1 S1:ID1
grp1         0.000                                                        
S1           0.000  0.000                                                 
S2           0.000  0.000 -0.500                                          
ID1          0.000  0.000  0.000  0.000                                   
grp1:S1      0.000  0.000  0.000  0.000  0.000                            
grp1:S2      0.000  0.000  0.000  0.000  0.000 -0.500                     
grp1:ID1     0.000  0.000  0.000  0.000  0.000  0.000  0.000              
S1:ID1       0.000  0.000  0.000  0.000  0.000  0.000  0.000  0.000       
S2:ID1       0.000  0.000  0.000  0.000  0.000  0.000  0.000  0.000 -0.500
grp1:S1:ID1  0.000  0.000  0.000  0.000  0.000  0.000  0.000  0.000  0.000
grp1:S2:ID1  0.000  0.000  0.000  0.000  0.000  0.000  0.000  0.000  0.000
            S2:ID1 g1:S1:
grp1                     
S1                       
S2                       
ID1                      
grp1:S1                  
grp1:S2                  
grp1:ID1                 
S1:ID1                   
S2:ID1                   
grp1:S1:ID1  0.000       
grp1:S2:ID1  0.000 -0.500
Linear mixed model fit by REML 
Formula: vfCircularity ~ (1 | pp) + (1 | pp/S) + (1 | pp/ID) + (1 | pp/S:ID) +      grp * S * ID 
   Data: mdata 
    AIC    BIC logLik deviance REMLdev
 -496.9 -433.1  268.5   -639.9  -536.9
Random effects:
 Groups   Name        Variance   Std.Dev.  
 S:ID:pp  (Intercept) 1.1761e-04 1.0845e-02
 S:pp     (Intercept) 2.1126e-04 1.4535e-02
 ID:pp    (Intercept) 1.1585e-03 3.4036e-02
 pp       (Intercept) 0.0000e+00 0.0000e+00
 pp       (Intercept) 0.0000e+00 0.0000e+00
 pp       (Intercept) 2.6958e-15 5.1921e-08
 pp       (Intercept) 0.0000e+00 0.0000e+00
 Residual             1.2246e-03 3.4995e-02
Number of obs: 180, groups: S:ID:pp, 60; S:pp, 30; ID:pp, 20; pp, 10

Fixed effects:
              Estimate Std. Error t value
(Intercept)  0.2386831  0.0085865  27.797
grp1        -0.0045937  0.0085865  -0.535
S1           0.0101621  0.0056224   1.807
S2           0.0023332  0.0056224   0.415
ID1          0.0899000  0.0081662  11.009
grp1:S1     -0.0007328  0.0056224  -0.130
grp1:S2      0.0098884  0.0056224   1.759
grp1:ID1    -0.0088794  0.0081662  -1.087
S1:ID1      -0.0040069  0.0041866  -0.957
S2:ID1       0.0070060  0.0041866   1.673
grp1:S1:ID1  0.0033789  0.0041866   0.807
grp1:S2:ID1 -0.0064430  0.0041866  -1.539

Correlation of Fixed Effects:
            (Intr) grp1   S1     S2     ID1    gr1:S1 gr1:S2 g1:ID1 S1:ID1
grp1         0.000                                                        
S1           0.000  0.000                                                 
S2           0.000  0.000 -0.500                                          
ID1          0.000  0.000  0.000  0.000                                   
grp1:S1      0.000  0.000  0.000  0.000  0.000                            
grp1:S2      0.000  0.000  0.000  0.000  0.000 -0.500                     
grp1:ID1     0.000  0.000  0.000  0.000  0.000  0.000  0.000              
S1:ID1       0.000  0.000  0.000  0.000  0.000  0.000  0.000  0.000       
S2:ID1       0.000  0.000  0.000  0.000  0.000  0.000  0.000  0.000 -0.500
grp1:S1:ID1  0.000  0.000  0.000  0.000  0.000  0.000  0.000  0.000  0.000
grp1:S2:ID1  0.000  0.000  0.000  0.000  0.000  0.000  0.000  0.000  0.000
            S2:ID1 g1:S1:
grp1                     
S1                       
S2                       
ID1                      
grp1:S1                  
grp1:S2                  
grp1:ID1                 
S1:ID1                   
S2:ID1                   
grp1:S1:ID1  0.000       
grp1:S2:ID1  0.000 -0.500
