[1] "accQL ~(S*DID*grp)+Error(pp/(S*DID))+grp"
$ANOVA
     Effect DFn DFd           F            p p<.05         ges
2       grp   1   8  0.06125758 8.107530e-01       0.003701109
3         S   2  16  8.60265762 2.906023e-03     * 0.212195125
5       DID   2  16 35.80569593 1.237301e-06     * 0.468012021
4     grp:S   2  16  0.64908380 5.357461e-01       0.019918070
6   grp:DID   2  16  2.17591593 1.459257e-01       0.050748862
7     S:DID   4  32  4.09004829 8.662387e-03     * 0.033508779
8 grp:S:DID   4  32  2.93541982 3.563950e-02     * 0.024278854

$`Mauchly's Test for Sphericity`
     Effect         W          p p<.05
3         S 0.5039963 0.09088576      
4     grp:S 0.5039963 0.09088576      
5       DID 0.4026964 0.04144024     *
6   grp:DID 0.4026964 0.04144024     *
7     S:DID 0.1350651 0.18361709      
8 grp:S:DID 0.1350651 0.18361709      

$`Sphericity Corrections`
     Effect       GGe        p[GG] p[GG]<.05       HFe        p[HF] p[HF]<.05
3         S 0.6684476 9.986904e-03         * 0.7528064 7.276040e-03         *
4     grp:S 0.6684476 4.819163e-01           0.7528064 4.976935e-01          
5       DID 0.6260551 7.956873e-05         * 0.6868067 4.027587e-05         *
6   grp:DID 0.6260551 1.705748e-01           0.6868067 1.665664e-01          
7     S:DID 0.6926057 2.087952e-02         * 1.0963507 8.662387e-03         *
8 grp:S:DID 0.6926057 5.922045e-02           1.0963507 3.563950e-02         *

