[1] "Summary by group"
  grp   accQL.m    accQL.s
1   C 0.4307050 0.07695792
2   U 0.4367509 0.07667334
[1] "Summary by session\n"
  S   accQL.m    accQL.s
1 1 0.3985079 0.07096144
2 2 0.4433670 0.07343586
3 3 0.4593089 0.07319544
[1] "Summary by DID\n"
  DID   accQL.m    accQL.s
1   1 0.4907329 0.04647715
2   2 0.4336681 0.06506378
3   3 0.3767828 0.06955083
[1] "Summary by group + Session\n"
  grp S   accQL.m    accQL.s
1   C 1 0.3867876 0.06836642
2   C 2 0.4404200 0.07784041
3   C 3 0.4649073 0.06354671
4   U 1 0.4102282 0.07232255
5   U 2 0.4463140 0.06950771
6   U 3 0.4537104 0.08206469
[1] "Summary by Session + DID\n"
  S DID   accQL.m    accQL.s
1 1   1 0.4638937 0.04227851
2 1   2 0.3837957 0.05701022
3 1   3 0.3478343 0.05579628
4 2   1 0.5019827 0.03539104
5 2   2 0.4544453 0.04607286
6 2   3 0.3736730 0.06685196
7 3   1 0.5063223 0.04961691
8 3   2 0.4627633 0.06102160
9 3   3 0.4088410 0.07295937
[1] "Summary by group + DID\n"
  grp DID   accQL.m    accQL.s
1   C   1 0.4970800 0.04217402
2   C   2 0.4374240 0.06084519
3   C   3 0.3576109 0.05039713
4   U   1 0.4843858 0.05008288
5   U   2 0.4299122 0.06951123
6   U   3 0.3959547 0.08057837
[1] "Summary by group + Session + DID\n"
   grp S DID   accQL.m    accQL.s
1    C 1   1 0.4590000 0.04656523
2    C 1   2 0.3674793 0.04935540
3    C 1   3 0.3338833 0.03316644
4    C 2   1 0.5139747 0.02572161
5    C 2   2 0.4612833 0.02662703
6    C 2   3 0.3460020 0.04310154
7    C 3   1 0.5182653 0.02048794
8    C 3   2 0.4835093 0.01905614
9    C 3   3 0.3929473 0.05421474
10   U 1   1 0.4687873 0.03850953
11   U 1   2 0.4001120 0.06104139
12   U 1   3 0.3617853 0.07022639
13   U 2   1 0.4899907 0.04030825
14   U 2   2 0.4476073 0.05989861
15   U 2   3 0.4013440 0.07588874
16   U 3   1 0.4943793 0.06613712
17   U 3   2 0.4420173 0.08017375
18   U 3   3 0.4247347 0.08686667
