[1] "q3Lrel ~S*IDR*IDL*grp + Error(pp/(S*IDR*IDL))"
$ANOVA
          Effect DFn DFd         F          p p<.05         ges
2            grp   1   8 1.4631093 0.26096449       0.087092805
3              S   2  16 0.1604250 0.85313485       0.002199031
5            IDR   2  16 3.6122292 0.05074521       0.011371985
7            IDL   1   8 1.6068659 0.24058240       0.018357091
4          grp:S   2  16 0.9306788 0.41461418       0.012624025
6        grp:IDR   2  16 5.6090466 0.01425930     * 0.017548033
8        grp:IDL   1   8 0.1300452 0.72772156       0.001511152
9          S:IDR   4  32 0.7833420 0.54443442       0.005173800
11         S:IDL   2  16 0.9729381 0.39924780       0.014035662
13       IDR:IDL   2  16 0.9136439 0.42099568       0.002373196
10     grp:S:IDR   4  32 1.0077581 0.41800429       0.006646167
12     grp:S:IDL   2  16 0.3044963 0.74167478       0.004435453
14   grp:IDR:IDL   2  16 3.2903693 0.06354110       0.008494317
15     S:IDR:IDL   4  32 0.3238754 0.85986057       0.002378417
16 grp:S:IDR:IDL   4  32 0.4174267 0.79480421       0.003063318

$`Mauchly's Test for Sphericity`
          Effect         W         p p<.05
3              S 0.5210524 0.1021139      
4          grp:S 0.5210524 0.1021139      
5            IDR 0.8129916 0.4845083      
6        grp:IDR 0.8129916 0.4845083      
9          S:IDR 0.2178889 0.3870295      
10     grp:S:IDR 0.2178889 0.3870295      
11         S:IDL 0.9596607 0.8657889      
12     grp:S:IDL 0.9596607 0.8657889      
13       IDR:IDL 0.9072588 0.7113103      
14   grp:IDR:IDL 0.9072588 0.7113103      
15     S:IDR:IDL 0.2914468 0.5593988      
16 grp:S:IDR:IDL 0.2914468 0.5593988      

$`Sphericity Corrections`
          Effect       GGe      p[GG] p[GG]<.05       HFe      p[HF] p[HF]<.05
3              S 0.6761565 0.76998911           0.7649891 0.79755831          
4          grp:S 0.6761565 0.38645423           0.7649891 0.39562584          
5            IDR 0.8424540 0.06158810           1.0422788 0.05074521          
6        grp:IDR 0.8424540 0.02045423         * 1.0422788 0.01425930         *
9          S:IDR 0.6670988 0.50298541           1.0323137 0.54443442          
10     grp:S:IDR 0.6670988 0.40125971           1.0323137 0.41800429          
11         S:IDL 0.9612249 0.39687034           1.2588993 0.39924780          
12     grp:S:IDL 0.9612249 0.73352042           1.2588993 0.74167478          
13       IDR:IDL 0.9151297 0.41452781           1.1728479 0.42099568          
14   grp:IDR:IDL 0.9151297 0.06946194           1.1728479 0.06354110          
15     S:IDR:IDL 0.5921934 0.76210314           0.8576711 0.83288671          
16 grp:S:IDR:IDL 0.5921934 0.69771656           0.8576711 0.76692384          

