[1] "peakVel ~(S*ID*grp)+Error(pp/(S*ID))+grp"
$ANOVA
    Effect DFn DFd           F            p p<.05         ges
2      grp   1   8  0.49685092 0.5008900278       0.029560914
3        S   2  16 15.96757127 0.0001540734     * 0.151608287
5       ID   1   8 34.38010832 0.0003769885     * 0.611268783
4    grp:S   2  16  1.26811830 0.3081678641       0.013993527
6   grp:ID   1   8  0.07451499 0.7917871337       0.003396578
7     S:ID   2  16 13.10630508 0.0004260124     * 0.081407591
8 grp:S:ID   2  16  1.34969804 0.2873023741       0.009043839

$`Mauchly's Test for Sphericity`
    Effect         W         p p<.05
3        S 0.8037308 0.4654651      
4    grp:S 0.8037308 0.4654651      
7     S:ID 0.7161504 0.3108242      
8 grp:S:ID 0.7161504 0.3108242      

$`Sphericity Corrections`
    Effect       GGe        p[GG] p[GG]<.05       HFe        p[HF] p[HF]<.05
3        S 0.8359322 0.0004429634         * 1.0308550 0.0001540734         *
4    grp:S 0.8359322 0.3060872190           1.0308550 0.3081678641          
7     S:ID 0.7789074 0.0014327489         * 0.9329391 0.0006145543         *
8 grp:S:ID 0.7789074 0.2867349011           0.9329391 0.2874386921          

