[1] "Summary by group"
  grp peakVel.m peakVel.s
1   C 0.3637761 0.2025390
2   U 0.3255864 0.1730892
[1] "Summary by session\n"
  S peakVel.m peakVel.s
1 1 0.2810543 0.1308832
2 2 0.3633725 0.2098963
3 3 0.3896170 0.2011820
[1] "Summary by ID\n"
  ID peakVel.m  peakVel.s
1  D 0.2074881 0.05621978
2  E 0.4818744 0.17461896
[1] "Summary by group + Session\n"
  grp S peakVel.m peakVel.s
1   C 1 0.2823663 0.1248317
2   C 2 0.3871587 0.2222926
3   C 3 0.4218033 0.2235919
4   U 1 0.2797423 0.1387985
5   U 2 0.3395863 0.1976044
6   U 3 0.3574307 0.1738027
[1] "Summary by Session + ID\n"
  S ID peakVel.m  peakVel.s
1 1  D 0.1897563 0.03842172
2 1  E 0.3723523 0.12700319
3 2  D 0.1998567 0.05046815
4 2  E 0.5268883 0.17823086
5 3  D 0.2328513 0.06801267
6 3  E 0.5463827 0.16392842
[1] "Summary by group + ID\n"
  grp ID peakVel.m  peakVel.s
1   C  D 0.2329700 0.05888861
2   C  E 0.4945822 0.21097469
3   U  D 0.1820062 0.03996403
4   U  E 0.4691667 0.12975329
[1] "Summary by group + Session + ID\n"
   grp S ID peakVel.m  peakVel.s
1    C 1  D 0.2111353 0.03811493
2    C 1  E 0.3535973 0.14125757
3    C 2  D 0.2280380 0.05833492
4    C 2  E 0.5462793 0.21142083
5    C 3  D 0.2597367 0.06883899
6    C 3  E 0.5838700 0.20624102
7    U 1  D 0.1683773 0.02501474
8    U 1  E 0.3911073 0.11271335
9    U 2  D 0.1716753 0.01308454
10   U 2  E 0.5074973 0.14246751
11   U 3  D 0.2059660 0.05739467
12   U 3  E 0.5088953 0.10058730
