[1] "IPerfR ~S*IDR*IDL*grp + Error(pp/(S*IDR*IDL))"
$ANOVA
          Effect DFn DFd          F            p p<.05         ges
2            grp   1   8  0.2408746 6.367536e-01       0.010423152
3              S   2  16 30.6270284 3.385240e-06     * 0.226418553
5            IDR   2  16  9.3968836 1.999624e-03     * 0.146281652
7            IDL   1   8 57.2365987 6.512586e-05     * 0.489674689
4          grp:S   2  16  0.9682239 4.009298e-01       0.009168049
6        grp:IDR   2  16  2.1739048 1.461566e-01       0.038128437
8        grp:IDL   1   8  7.2852449 2.711098e-02     * 0.108839562
9          S:IDR   4  32  6.2520932 7.789223e-04     * 0.061593468
11         S:IDL   2  16  2.0790639 1.575282e-01       0.017775120
13       IDR:IDL   2  16 21.3373851 3.057375e-05     * 0.193305475
10     grp:S:IDR   4  32  0.8775580 4.882428e-01       0.009128749
12     grp:S:IDL   2  16  4.7122442 2.460040e-02     * 0.039400690
14   grp:IDR:IDL   2  16  2.4508333 1.178997e-01       0.026786487
15     S:IDR:IDL   4  32  9.0058250 5.449689e-05     * 0.053560377
16 grp:S:IDR:IDL   4  32  1.4160244 2.510861e-01       0.008819635

$`Mauchly's Test for Sphericity`
          Effect         W          p p<.05
3              S 0.3613975 0.02837579     *
4          grp:S 0.3613975 0.02837579     *
5            IDR 0.2806927 0.01171679     *
6        grp:IDR 0.2806927 0.01171679     *
9          S:IDR 0.0584001 0.03882723     *
10     grp:S:IDR 0.0584001 0.03882723     *
11         S:IDL 0.5753998 0.14450866      
12     grp:S:IDL 0.5753998 0.14450866      
13       IDR:IDL 0.6160672 0.18352632      
14   grp:IDR:IDL 0.6160672 0.18352632      
15     S:IDR:IDL 0.2980000 0.57361914      
16 grp:S:IDR:IDL 0.2980000 0.57361914      

$`Sphericity Corrections`
          Effect       GGe        p[GG] p[GG]<.05       HFe        p[HF]
3              S 0.6102761 0.0001772557         * 0.6626624 1.036932e-04
4          grp:S 0.6102761 0.3684429162           0.6626624 3.742092e-01
5            IDR 0.5816296 0.0110117393         * 0.6193984 9.420449e-03
6        grp:IDR 0.5816296 0.1736305687           0.6193984 1.712051e-01
9          S:IDR 0.5499050 0.0076099460         * 0.7670438 2.508430e-03
10     grp:S:IDR 0.5499050 0.4424609771           0.7670438 4.682581e-01
11         S:IDL 0.7019513 0.1758705880           0.8061679 1.694468e-01
12     grp:S:IDL 0.7019513 0.0424729411         * 0.8061679 3.505201e-02
13       IDR:IDL 0.7225784 0.0002814398         * 0.8395633 1.100030e-04
14   grp:IDR:IDL 0.7225784 0.1384366691           0.8395633 1.294567e-01
15     S:IDR:IDL 0.6291332 0.0008907666         * 0.9414113 8.441627e-05
16 grp:S:IDR:IDL 0.6291332 0.2674325974           0.9414113 2.538291e-01
   p[HF]<.05
3          *
4           
5          *
6           
9          *
10          
11          
12         *
13         *
14          
15         *
16          

