                  Estimate MCMCmean HPD95lower HPD95upper pMCMC Pr(>|t|)
(Intercept)         4.3621   4.3652     3.9214     4.8238 0.001   0.0000
grp1                0.1281   0.1182    -0.2938     0.6327 0.592   0.6238
S1                 -0.9168  -0.9162    -1.1333    -0.7386 0.001   0.0000
S2                  0.2265   0.2221     0.0294     0.4256 0.030   0.0640
IDR1               -0.6073  -0.6102    -0.8399    -0.3819 0.001   0.0003
IDR2               -0.0484  -0.0486    -0.2824     0.1807 0.646   0.7744
IDL1               -1.2228  -1.2229    -1.4491    -1.0209 0.001   0.0000
grp1:S1            -0.1698  -0.1706    -0.3664     0.0262 0.090   0.1647
grp1:S2             0.0824   0.0851    -0.1120     0.2864 0.372   0.4996
grp1:IDR1           0.2028   0.1966    -0.0363     0.4231 0.100   0.2295
grp1:IDR2           0.1472   0.1520    -0.0735     0.3802 0.196   0.3829
S1:IDR1             0.4325   0.4323     0.2823     0.5907 0.001   0.0018
S2:IDR1            -0.0753  -0.0777    -0.2175     0.0920 0.342   0.5858
S1:IDR2             0.0829   0.0842    -0.0906     0.2428 0.300   0.5485
S2:IDR2             0.0953   0.0987    -0.0617     0.2553 0.246   0.4907
grp1:IDL1          -0.4363  -0.4367    -0.6436    -0.2232 0.001   0.0072
S1:IDL1             0.2373   0.2370     0.1195     0.3396 0.001   0.0154
S2:IDL1            -0.1271  -0.1286    -0.2417    -0.0130 0.028   0.1938
IDR1:IDL1           0.6510   0.6507     0.5262     0.7616 0.001   0.0000
IDR2:IDL1           0.1667   0.1662     0.0559     0.2814 0.004   0.0884
grp1:S1:IDR1       -0.0291  -0.0343    -0.2129     0.1442 0.674   0.8332
grp1:S2:IDR1       -0.1168  -0.1127    -0.2679     0.0570 0.168   0.3979
grp1:S1:IDR2       -0.1253  -0.1270    -0.2969     0.0479 0.136   0.3648
grp1:S2:IDR2        0.0634   0.0613    -0.1102     0.2278 0.484   0.6464
grp1:S1:IDL1        0.3461   0.3459     0.2399     0.4711 0.001   0.0004
grp1:S2:IDL1       -0.0953  -0.0974    -0.2025     0.0277 0.108   0.3296
grp1:IDR1:IDL1      0.2927   0.2927     0.1872     0.4128 0.001   0.0029
grp1:IDR2:IDL1     -0.1366  -0.1348    -0.2453    -0.0104 0.010   0.1625
S1:IDR1:IDL1       -0.3361  -0.3379    -0.5042    -0.1820 0.001   0.0153
S2:IDR1:IDL1        0.1092   0.1099    -0.0599     0.2691 0.194   0.4295
S1:IDR2:IDL1       -0.0879  -0.0873    -0.2515     0.0849 0.314   0.5245
S2:IDR2:IDL1       -0.2149  -0.2150    -0.3775    -0.0382 0.008   0.1202
grp1:S1:IDR1:IDL1  -0.2019  -0.2014    -0.3547    -0.0422 0.012   0.1444
grp1:S2:IDR1:IDL1   0.1175   0.1205    -0.0412     0.2780 0.158   0.3951
grp1:S1:IDR2:IDL1   0.1003   0.1021    -0.0500     0.2836 0.196   0.4680
grp1:S2:IDR2:IDL1   0.0314   0.0272    -0.1235     0.2099 0.752   0.8205
NULL
       Length Class      Mode
fixed  6      data.frame list
random 7      data.frame list
Analysis of Variance Table
              Df  Sum Sq Mean Sq F value
grp            1  0.0501  0.0501  0.2331
S              2 13.1719  6.5859 30.6270
IDR            2  4.0414  2.0207  9.3969
IDL            1 12.3080 12.3080 57.2366
grp:S          2  0.4164  0.2082  0.9682
grp:IDR        2  0.9349  0.4675  2.1739
S:IDR          4  4.6129  1.1532  5.3629
grp:IDL        1  1.5666  1.5666  7.2852
S:IDL          2  1.2718  0.6359  2.9572
IDR:IDL        2 16.8409  8.4204 39.1581
grp:S:IDR      4  0.6475  0.1619  0.7527
grp:S:IDL      2  2.8826  1.4413  6.7027
grp:IDR:IDL    2  1.9344  0.9672  4.4977
S:IDR:IDL      4  3.9772  0.9943  4.6239
grp:S:IDR:IDL  4  0.6254  0.1563  0.7270
Linear mixed model fit by REML 
Formula: get(vname) ~ (1 | pp) + (1 | pp/S) + (1 | pp/IDR) + (1 | pp/IDL) +      (1 | pp/S:IDR:IDL) + grp * S * IDR * IDL 
   Data: mdata 
  AIC  BIC logLik deviance REMLdev
 1365 1562 -636.4     1186    1273
Random effects:
 Groups       Name        Variance Std.Dev.
 S:IDR:IDL:pp (Intercept) 0.786549 0.88688 
 IDR:pp       (Intercept) 0.283178 0.53214 
 S:pp         (Intercept) 0.080339 0.28344 
 IDL:pp       (Intercept) 0.427114 0.65354 
 pp           (Intercept) 0.059798 0.24454 
 pp           (Intercept) 0.059799 0.24454 
 pp           (Intercept) 0.059798 0.24454 
 pp           (Intercept) 0.059800 0.24454 
 pp           (Intercept) 0.059800 0.24454 
 Residual                 0.215037 0.46372 
Number of obs: 540, groups: S:IDR:IDL:pp, 180; IDR:pp, 30; S:pp, 30; IDL:pp, 20; pp, 10

Fixed effects:
                  Estimate Std. Error t value
(Intercept)        4.36206    0.26101  16.712
grp1               0.12811    0.26101   0.491
S1                -0.91679    0.12203  -7.513
S2                 0.22652    0.12203   1.856
IDR1              -0.60730    0.16857  -3.603
IDR2              -0.04835    0.16857  -0.287
IDL1              -1.22279    0.16163  -7.565
grp1:S1           -0.16979    0.12203  -1.391
grp1:S2            0.08244    0.12203   0.676
grp1:IDR1          0.20279    0.16857   1.203
grp1:IDR2          0.14723    0.16857   0.873
S1:IDR1            0.43246    0.13810   3.131
S2:IDR1           -0.07531    0.13810  -0.545
S1:IDR2            0.08292    0.13810   0.600
S2:IDR2            0.09526    0.13810   0.690
grp1:IDL1         -0.43625    0.16163  -2.699
S1:IDL1            0.23729    0.09765   2.430
S2:IDL1           -0.12706    0.09765  -1.301
IDR1:IDL1          0.65100    0.09765   6.667
IDR2:IDL1          0.16670    0.09765   1.707
grp1:S1:IDR1      -0.02910    0.13810  -0.211
grp1:S2:IDR1      -0.11685    0.13810  -0.846
grp1:S1:IDR2      -0.12526    0.13810  -0.907
grp1:S2:IDR2       0.06340    0.13810   0.459
grp1:S1:IDL1       0.34608    0.09765   3.544
grp1:S2:IDL1      -0.09530    0.09765  -0.976
grp1:IDR1:IDL1     0.29267    0.09765   2.997
grp1:IDR2:IDL1    -0.13660    0.09765  -1.399
S1:IDR1:IDL1      -0.33608    0.13810  -2.434
S2:IDR1:IDL1       0.10919    0.13810   0.791
S1:IDR2:IDL1      -0.08794    0.13810  -0.637
S2:IDR2:IDL1      -0.21494    0.13810  -1.556
grp1:S1:IDR1:IDL1 -0.20188    0.13810  -1.462
grp1:S2:IDR1:IDL1  0.11755    0.13810   0.851
grp1:S1:IDR2:IDL1  0.10031    0.13810   0.726
grp1:S2:IDR2:IDL1  0.03136    0.13810   0.227

Correlation of Fixed Effects:
            (Intr) grp1   S1     S2     IDR1   IDR2   IDL1   gr1:S1 gr1:S2
grp1         0.000                                                        
S1           0.000  0.000                                                 
S2           0.000  0.000 -0.500                                          
IDR1         0.000  0.000  0.000  0.000                                   
IDR2         0.000  0.000  0.000  0.000 -0.500                            
IDL1         0.000  0.000  0.000  0.000  0.000  0.000                     
grp1:S1      0.000  0.000  0.000  0.000  0.000  0.000  0.000              
grp1:S2      0.000  0.000  0.000  0.000  0.000  0.000  0.000 -0.500       
grp1:IDR1    0.000  0.000  0.000  0.000  0.000  0.000  0.000  0.000  0.000
grp1:IDR2    0.000  0.000  0.000  0.000  0.000  0.000  0.000  0.000  0.000
S1:IDR1      0.000  0.000  0.000  0.000  0.000  0.000  0.000  0.000  0.000
S2:IDR1      0.000  0.000  0.000  0.000  0.000  0.000  0.000  0.000  0.000
S1:IDR2      0.000  0.000  0.000  0.000  0.000  0.000  0.000  0.000  0.000
S2:IDR2      0.000  0.000  0.000  0.000  0.000  0.000  0.000  0.000  0.000
grp1:IDL1    0.000  0.000  0.000  0.000  0.000  0.000  0.000  0.000  0.000
S1:IDL1      0.000  0.000  0.000  0.000  0.000  0.000  0.000  0.000  0.000
S2:IDL1      0.000  0.000  0.000  0.000  0.000  0.000  0.000  0.000  0.000
IDR1:IDL1    0.000  0.000  0.000  0.000  0.000  0.000  0.000  0.000  0.000
IDR2:IDL1    0.000  0.000  0.000  0.000  0.000  0.000  0.000  0.000  0.000
gr1:S1:IDR1  0.000  0.000  0.000  0.000  0.000  0.000  0.000  0.000  0.000
gr1:S2:IDR1  0.000  0.000  0.000  0.000  0.000  0.000  0.000  0.000  0.000
gr1:S1:IDR2  0.000  0.000  0.000  0.000  0.000  0.000  0.000  0.000  0.000
gr1:S2:IDR2  0.000  0.000  0.000  0.000  0.000  0.000  0.000  0.000  0.000
gr1:S1:IDL1  0.000  0.000  0.000  0.000  0.000  0.000  0.000  0.000  0.000
gr1:S2:IDL1  0.000  0.000  0.000  0.000  0.000  0.000  0.000  0.000  0.000
g1:IDR1:IDL  0.000  0.000  0.000  0.000  0.000  0.000  0.000  0.000  0.000
g1:IDR2:IDL  0.000  0.000  0.000  0.000  0.000  0.000  0.000  0.000  0.000
S1:IDR1:IDL  0.000  0.000  0.000  0.000  0.000  0.000  0.000  0.000  0.000
S2:IDR1:IDL  0.000  0.000  0.000  0.000  0.000  0.000  0.000  0.000  0.000
S1:IDR2:IDL  0.000  0.000  0.000  0.000  0.000  0.000  0.000  0.000  0.000
S2:IDR2:IDL  0.000  0.000  0.000  0.000  0.000  0.000  0.000  0.000  0.000
g1:S1:IDR1:  0.000  0.000  0.000  0.000  0.000  0.000  0.000  0.000  0.000
g1:S2:IDR1:  0.000  0.000  0.000  0.000  0.000  0.000  0.000  0.000  0.000
g1:S1:IDR2:  0.000  0.000  0.000  0.000  0.000  0.000  0.000  0.000  0.000
g1:S2:IDR2:  0.000  0.000  0.000  0.000  0.000  0.000  0.000  0.000  0.000
            gr1:IDR1 gr1:IDR2 S1:IDR1 S2:IDR1 S1:IDR2 S2:IDR2 g1:IDL S1:IDL
grp1                                                                       
S1                                                                         
S2                                                                         
IDR1                                                                       
IDR2                                                                       
IDL1                                                                       
grp1:S1                                                                    
grp1:S2                                                                    
grp1:IDR1                                                                  
grp1:IDR2   -0.500                                                         
S1:IDR1      0.000    0.000                                                
S2:IDR1      0.000    0.000   -0.500                                       
S1:IDR2      0.000    0.000   -0.500   0.250                               
S2:IDR2      0.000    0.000    0.250  -0.500  -0.500                       
grp1:IDL1    0.000    0.000    0.000   0.000   0.000   0.000               
S1:IDL1      0.000    0.000    0.000   0.000   0.000   0.000   0.000       
S2:IDL1      0.000    0.000    0.000   0.000   0.000   0.000   0.000 -0.500
IDR1:IDL1    0.000    0.000    0.000   0.000   0.000   0.000   0.000  0.000
IDR2:IDL1    0.000    0.000    0.000   0.000   0.000   0.000   0.000  0.000
gr1:S1:IDR1  0.000    0.000    0.000   0.000   0.000   0.000   0.000  0.000
gr1:S2:IDR1  0.000    0.000    0.000   0.000   0.000   0.000   0.000  0.000
gr1:S1:IDR2  0.000    0.000    0.000   0.000   0.000   0.000   0.000  0.000
gr1:S2:IDR2  0.000    0.000    0.000   0.000   0.000   0.000   0.000  0.000
gr1:S1:IDL1  0.000    0.000    0.000   0.000   0.000   0.000   0.000  0.000
gr1:S2:IDL1  0.000    0.000    0.000   0.000   0.000   0.000   0.000  0.000
g1:IDR1:IDL  0.000    0.000    0.000   0.000   0.000   0.000   0.000  0.000
g1:IDR2:IDL  0.000    0.000    0.000   0.000   0.000   0.000   0.000  0.000
S1:IDR1:IDL  0.000    0.000    0.000   0.000   0.000   0.000   0.000  0.000
S2:IDR1:IDL  0.000    0.000    0.000   0.000   0.000   0.000   0.000  0.000
S1:IDR2:IDL  0.000    0.000    0.000   0.000   0.000   0.000   0.000  0.000
S2:IDR2:IDL  0.000    0.000    0.000   0.000   0.000   0.000   0.000  0.000
g1:S1:IDR1:  0.000    0.000    0.000   0.000   0.000   0.000   0.000  0.000
g1:S2:IDR1:  0.000    0.000    0.000   0.000   0.000   0.000   0.000  0.000
g1:S1:IDR2:  0.000    0.000    0.000   0.000   0.000   0.000   0.000  0.000
g1:S2:IDR2:  0.000    0.000    0.000   0.000   0.000   0.000   0.000  0.000
            S2:IDL IDR1:I IDR2:I gr1:S1:IDR1 gr1:S2:IDR1 gr1:S1:IDR2
grp1                                                                
S1                                                                  
S2                                                                  
IDR1                                                                
IDR2                                                                
IDL1                                                                
grp1:S1                                                             
grp1:S2                                                             
grp1:IDR1                                                           
grp1:IDR2                                                           
S1:IDR1                                                             
S2:IDR1                                                             
S1:IDR2                                                             
S2:IDR2                                                             
grp1:IDL1                                                           
S1:IDL1                                                             
S2:IDL1                                                             
IDR1:IDL1    0.000                                                  
IDR2:IDL1    0.000 -0.500                                           
gr1:S1:IDR1  0.000  0.000  0.000                                    
gr1:S2:IDR1  0.000  0.000  0.000 -0.500                             
gr1:S1:IDR2  0.000  0.000  0.000 -0.500       0.250                 
gr1:S2:IDR2  0.000  0.000  0.000  0.250      -0.500      -0.500     
gr1:S1:IDL1  0.000  0.000  0.000  0.000       0.000       0.000     
gr1:S2:IDL1  0.000  0.000  0.000  0.000       0.000       0.000     
g1:IDR1:IDL  0.000  0.000  0.000  0.000       0.000       0.000     
g1:IDR2:IDL  0.000  0.000  0.000  0.000       0.000       0.000     
S1:IDR1:IDL  0.000  0.000  0.000  0.000       0.000       0.000     
S2:IDR1:IDL  0.000  0.000  0.000  0.000       0.000       0.000     
S1:IDR2:IDL  0.000  0.000  0.000  0.000       0.000       0.000     
S2:IDR2:IDL  0.000  0.000  0.000  0.000       0.000       0.000     
g1:S1:IDR1:  0.000  0.000  0.000  0.000       0.000       0.000     
g1:S2:IDR1:  0.000  0.000  0.000  0.000       0.000       0.000     
g1:S1:IDR2:  0.000  0.000  0.000  0.000       0.000       0.000     
g1:S2:IDR2:  0.000  0.000  0.000  0.000       0.000       0.000     
            gr1:S2:IDR2 g1:S1:IDL g1:S2:IDL g1:IDR1: g1:IDR2: S1:IDR1: S2:IDR1:
grp1                                                                           
S1                                                                             
S2                                                                             
IDR1                                                                           
IDR2                                                                           
IDL1                                                                           
grp1:S1                                                                        
grp1:S2                                                                        
grp1:IDR1                                                                      
grp1:IDR2                                                                      
S1:IDR1                                                                        
S2:IDR1                                                                        
S1:IDR2                                                                        
S2:IDR2                                                                        
grp1:IDL1                                                                      
S1:IDL1                                                                        
S2:IDL1                                                                        
IDR1:IDL1                                                                      
IDR2:IDL1                                                                      
gr1:S1:IDR1                                                                    
gr1:S2:IDR1                                                                    
gr1:S1:IDR2                                                                    
gr1:S2:IDR2                                                                    
gr1:S1:IDL1  0.000                                                             
gr1:S2:IDL1  0.000      -0.500                                                 
g1:IDR1:IDL  0.000       0.000     0.000                                       
g1:IDR2:IDL  0.000       0.000     0.000    -0.500                             
S1:IDR1:IDL  0.000       0.000     0.000     0.000    0.000                    
S2:IDR1:IDL  0.000       0.000     0.000     0.000    0.000   -0.500           
S1:IDR2:IDL  0.000       0.000     0.000     0.000    0.000   -0.500    0.250  
S2:IDR2:IDL  0.000       0.000     0.000     0.000    0.000    0.250   -0.500  
g1:S1:IDR1:  0.000       0.000     0.000     0.000    0.000    0.000    0.000  
g1:S2:IDR1:  0.000       0.000     0.000     0.000    0.000    0.000    0.000  
g1:S1:IDR2:  0.000       0.000     0.000     0.000    0.000    0.000    0.000  
g1:S2:IDR2:  0.000       0.000     0.000     0.000    0.000    0.000    0.000  
            S1:IDR2: S2:IDR2: g1:S1:IDR1: g1:S2:IDR1: g1:S1:IDR2:
grp1                                                             
S1                                                               
S2                                                               
IDR1                                                             
IDR2                                                             
IDL1                                                             
grp1:S1                                                          
grp1:S2                                                          
grp1:IDR1                                                        
grp1:IDR2                                                        
S1:IDR1                                                          
S2:IDR1                                                          
S1:IDR2                                                          
S2:IDR2                                                          
grp1:IDL1                                                        
S1:IDL1                                                          
S2:IDL1                                                          
IDR1:IDL1                                                        
IDR2:IDL1                                                        
gr1:S1:IDR1                                                      
gr1:S2:IDR1                                                      
gr1:S1:IDR2                                                      
gr1:S2:IDR2                                                      
gr1:S1:IDL1                                                      
gr1:S2:IDL1                                                      
g1:IDR1:IDL                                                      
g1:IDR2:IDL                                                      
S1:IDR1:IDL                                                      
S2:IDR1:IDL                                                      
S1:IDR2:IDL                                                      
S2:IDR2:IDL -0.500                                               
g1:S1:IDR1:  0.000    0.000                                      
g1:S2:IDR1:  0.000    0.000   -0.500                             
g1:S1:IDR2:  0.000    0.000   -0.500       0.250                 
g1:S2:IDR2:  0.000    0.000    0.250      -0.500      -0.500     
