[1] "Summary by group"
  grp IPerfR.m IPerfR.s
1   C 4.490175 2.483996
2   U 4.233946 1.921833
[1] "Summary by session\n"
  S IPerfR.m IPerfR.s
1 1 3.445275 1.443116
2 2 4.588577 2.235609
3 3 5.052329 2.533009
[1] "Summary by IDR+IDR\n"
  IDL IDR IPerfR.m  IPerfR.s
1   D   D 3.182969 0.6625198
2   D   M 3.257613 1.1342951
3   D   E 2.977214 1.6265908
4   E   D 4.326559 0.9879630
5   E   M 5.369807 1.8779663
6   E   E 7.058200 2.8425826
[1] "Summary by group + Session\n"
  grp S IPerfR.m IPerfR.s
1   C 1 3.403598 1.416588
2   C 2 4.799134 2.581702
3   C 3 5.267792 2.841747
4   U 1 3.486952 1.475917
5   U 2 4.378019 1.815820
6   U 3 4.836867 2.175991
[1] "Summary by Session + IDR + IDL \n"
   S IDL IDR IPerfR.m  IPerfR.s
1  1   D   D 2.599847 0.4306804
2  1   D   M 2.573087 0.7385855
3  1   D   E 2.206370 1.4075806
4  1   E   D 3.941027 0.5504644
5  1   E   M 4.386593 0.9118191
6  1   E   E 4.964727 1.5279028
7  2   D   D 3.316303 0.4769683
8  2   D   M 3.237387 1.0352445
9  2   D   E 3.162470 1.6407351
10 2   E   D 4.495640 0.9876386
11 2   E   M 6.033580 2.2239805
12 2   E   E 7.286080 2.3607508
13 3   D   D 3.632757 0.5955259
14 3   D   M 3.962367 1.1542994
15 3   D   E 3.562803 1.5625729
16 3   E   D 4.543010 1.2187229
17 3   E   M 5.689247 1.8667088
18 3   E   E 8.923793 2.9500046
[1] "Summary by group + IDR + IDL\n"
   grp IDL IDR IPerfR.m  IPerfR.s
1    C   D   D 3.370284 0.6849738
2    C   D   M 2.960098 0.5483302
3    C   D   E 2.162998 0.3621626
4    C   E   D 4.801049 0.9718249
5    C   E   M 6.218007 1.9241456
6    C   E   E 7.428613 3.3130322
7    U   D   D 2.995653 0.5889673
8    U   D   M 3.555129 1.4562869
9    U   D   E 3.791431 1.9658417
10   U   E   D 3.852069 0.7545638
11   U   E   M 4.521607 1.3999083
12   U   E   E 6.687787 2.2555184
[1] "Summary by group + Session + IDR + IDL\n"
   grp S IDL IDR IPerfR.m  IPerfR.s
1    C 1   D   D 2.732473 0.4420514
2    C 1   D   M 2.426913 0.2823135
3    C 1   D   E 1.824373 0.1811698
4    C 1   E   D 4.072413 0.4725581
5    C 1   E   M 4.493353 0.7819103
6    C 1   E   E 4.872060 1.8372804
7    C 2   D   D 3.491460 0.4496927
8    C 2   D   M 3.021773 0.3380913
9    C 2   D   E 2.239940 0.3509244
10   C 2   E   D 4.913480 1.0193361
11   C 2   E   M 7.091567 2.0956936
12   C 2   E   E 8.036587 2.7188932
13   C 3   D   D 3.886920 0.5825728
14   C 3   D   M 3.431607 0.4517474
15   C 3   D   E 2.424680 0.2316968
16   C 3   E   D 5.417253 0.8465747
17   C 3   E   M 7.069100 1.3608806
18   C 3   E   E 9.377193 3.5016516
19   U 1   D   D 2.467220 0.3887393
20   U 1   D   M 2.719260 1.0022451
21   U 1   D   E 2.588367 1.9387045
22   U 1   E   D 3.809640 0.6061053
23   U 1   E   M 4.279833 1.0423087
24   U 1   E   E 5.057393 1.2007176
25   U 2   D   D 3.141147 0.4508673
26   U 2   D   M 3.453000 1.4163649
27   U 2   D   E 4.085000 1.9051138
28   U 2   E   D 4.077800 0.7793367
29   U 2   E   M 4.975593 1.8587527
30   U 2   E   E 6.535573 1.7161013
31   U 3   D   D 3.378593 0.5067712
32   U 3   D   M 4.493127 1.3972310
33   U 3   D   E 4.700927 1.4927463
34   U 3   E   D 3.668767 0.8498150
35   U 3   E   M 4.309393 1.1340712
36   U 3   E   E 8.470393 2.3075071
