[1] "ID Tukey test"

	 Simultaneous Tests for General Linear Hypotheses

Multiple Comparisons of Means: Tukey Contrasts


Fit: lmer(formula = q1 ~ (1 | pp) + (1 | pp/S) + (1 | pp/ID) + (1 | 
    pp/S:ID) + grp * S * ID, data = mdata)

Linear Hypotheses:
           Estimate Std. Error z value Pr(>|z|)    
M - D == 0 -0.01715    0.01127  -1.521   0.2809    
E - D == 0 -0.04069    0.01127  -3.609   <0.001 ***
E - M == 0 -0.02354    0.01127  -2.088   0.0922 .  
---
Signif. codes:  0 ‘***’ 0.001 ‘**’ 0.01 ‘*’ 0.05 ‘.’ 0.1 ‘ ’ 1 
(Adjusted p values reported -- single-step method)

[1] "S Tukey test"

	 Simultaneous Tests for General Linear Hypotheses

Multiple Comparisons of Means: Tukey Contrasts


Fit: lmer(formula = q1 ~ (1 | pp) + (1 | pp/S) + (1 | pp/ID) + (1 | 
    pp/S:ID) + grp * S * ID, data = mdata)

Linear Hypotheses:
            Estimate Std. Error z value Pr(>|z|)
2 - 1 == 0 -0.018952   0.010207  -1.857    0.151
3 - 1 == 0 -0.007499   0.010207  -0.735    0.743
3 - 2 == 0  0.011453   0.010207   1.122    0.500
(Adjusted p values reported -- single-step method)

[1] "grp Tukey test"

	 Simultaneous Tests for General Linear Hypotheses

Multiple Comparisons of Means: Tukey Contrasts


Fit: lmer(formula = q1 ~ (1 | pp) + (1 | pp/S) + (1 | pp/ID) + (1 | 
    pp/S:ID) + grp * S * ID, data = mdata)

Linear Hypotheses:
           Estimate Std. Error z value Pr(>|z|)
U - C == 0  0.01414    0.01109   1.275    0.202
(Adjusted p values reported -- single-step method)

