            Estimate MCMCmean HPD95lower HPD95upper pMCMC Pr(>|t|)
(Intercept)   0.8712   0.8712     0.8568     0.8834 0.001   0.0000
grp1         -0.0061  -0.0060    -0.0185     0.0072 0.334   0.2116
S1            0.0041   0.0043    -0.0043     0.0122 0.266   0.3710
S2           -0.0084  -0.0086    -0.0163    -0.0001 0.036   0.0640
ID1           0.0190   0.0192     0.0104     0.0288 0.001   0.0003
ID2           0.0049   0.0051    -0.0041     0.0140 0.262   0.3401
grp1:S1       0.0048   0.0049    -0.0030     0.0133 0.234   0.2872
grp1:S2      -0.0001  -0.0003    -0.0074     0.0090 0.956   0.9862
grp1:ID1     -0.0028  -0.0027    -0.0116     0.0067 0.532   0.5850
grp1:ID2     -0.0037  -0.0039    -0.0131     0.0059 0.382   0.4782
S1:ID1        0.0048   0.0047    -0.0059     0.0168 0.406   0.4520
S2:ID1       -0.0039  -0.0038    -0.0162     0.0058 0.504   0.5421
S1:ID2       -0.0018  -0.0017    -0.0130     0.0082 0.772   0.7798
S2:ID2        0.0048   0.0047    -0.0057     0.0157 0.426   0.4576
grp1:S1:ID1   0.0026   0.0029    -0.0081     0.0131 0.598   0.6802
grp1:S2:ID1   0.0014   0.0014    -0.0101     0.0104 0.782   0.8314
grp1:S1:ID2  -0.0006  -0.0006    -0.0105     0.0106 0.952   0.9316
grp1:S2:ID2  -0.0053  -0.0056    -0.0161     0.0048 0.306   0.4064
Analysis of Variance Table
         Df   Sum Sq   Mean Sq F value
grp       1 0.002815 0.0028147  1.5685
S         2 0.006213 0.0031067  1.7312
ID        2 0.043272 0.0216359 12.0567
grp:S     2 0.002678 0.0013390  0.7462
grp:ID    2 0.002852 0.0014261  0.7947
S:ID      4 0.001929 0.0004821  0.2687
grp:S:ID  4 0.002172 0.0005429  0.3025
Linear mixed model fit by REML 
Formula: q1 ~ (1 | pp) + (1 | pp/S) + (1 | pp/ID) + (1 | pp/S:ID) + grp *      S * ID 
   Data: mdata 
    AIC  BIC logLik deviance REMLdev
 -696.5 -603  374.3     -907  -748.5
Random effects:
 Groups   Name        Variance   Std.Dev. 
 S:ID:pp  (Intercept) 3.2414e-04 0.0180039
 ID:pp    (Intercept) 9.1621e-05 0.0095719
 S:pp     (Intercept) 0.0000e+00 0.0000000
 pp       (Intercept) 2.6442e-05 0.0051422
 pp       (Intercept) 2.6488e-05 0.0051467
 pp       (Intercept) 2.6450e-05 0.0051429
 pp       (Intercept) 2.6449e-05 0.0051429
 Residual             1.7945e-03 0.0423617
Number of obs: 270, groups: S:ID:pp, 90; ID:pp, 30; S:pp, 30; pp, 10

Fixed effects:
              Estimate Std. Error t value
(Intercept)  8.712e-01  4.887e-03  178.26
grp1        -6.121e-03  4.887e-03   -1.25
S1           4.057e-03  4.527e-03    0.90
S2          -8.422e-03  4.527e-03   -1.86
ID1          1.905e-02  5.158e-03    3.69
ID2          4.930e-03  5.158e-03    0.96
grp1:S1      4.828e-03  4.527e-03    1.07
grp1:S2     -7.822e-05  4.527e-03   -0.02
grp1:ID1    -2.820e-03  5.158e-03   -0.55
grp1:ID2    -3.664e-03  5.158e-03   -0.71
S1:ID1       4.823e-03  6.402e-03    0.75
S2:ID1      -3.909e-03  6.402e-03   -0.61
S1:ID2      -1.792e-03  6.402e-03   -0.28
S2:ID2       4.763e-03  6.402e-03    0.74
grp1:S1:ID1  2.642e-03  6.402e-03    0.41
grp1:S2:ID1  1.365e-03  6.402e-03    0.21
grp1:S1:ID2 -5.501e-04  6.402e-03   -0.09
grp1:S2:ID2 -5.325e-03  6.402e-03   -0.83

Correlation of Fixed Effects:
            (Intr) grp1   S1     S2     ID1    ID2    gr1:S1 gr1:S2 g1:ID1
grp1         0.000                                                        
S1           0.000  0.000                                                 
S2           0.000  0.000 -0.500                                          
ID1          0.000  0.000  0.000  0.000                                   
ID2          0.000  0.000  0.000  0.000 -0.500                            
grp1:S1      0.000  0.000  0.000  0.000  0.000  0.000                     
grp1:S2      0.000  0.000  0.000  0.000  0.000  0.000 -0.500              
grp1:ID1     0.000  0.000  0.000  0.000  0.000  0.000  0.000  0.000       
grp1:ID2     0.000  0.000  0.000  0.000  0.000  0.000  0.000  0.000 -0.500
S1:ID1       0.000  0.000  0.000  0.000  0.000  0.000  0.000  0.000  0.000
S2:ID1       0.000  0.000  0.000  0.000  0.000  0.000  0.000  0.000  0.000
S1:ID2       0.000  0.000  0.000  0.000  0.000  0.000  0.000  0.000  0.000
S2:ID2       0.000  0.000  0.000  0.000  0.000  0.000  0.000  0.000  0.000
grp1:S1:ID1  0.000  0.000  0.000  0.000  0.000  0.000  0.000  0.000  0.000
grp1:S2:ID1  0.000  0.000  0.000  0.000  0.000  0.000  0.000  0.000  0.000
grp1:S1:ID2  0.000  0.000  0.000  0.000  0.000  0.000  0.000  0.000  0.000
grp1:S2:ID2  0.000  0.000  0.000  0.000  0.000  0.000  0.000  0.000  0.000
            g1:ID2 S1:ID1 S2:ID1 S1:ID2 S2:ID2 g1:S1:ID1 g1:S2:ID1 g1:S1:ID2
grp1                                                                        
S1                                                                          
S2                                                                          
ID1                                                                         
ID2                                                                         
grp1:S1                                                                     
grp1:S2                                                                     
grp1:ID1                                                                    
grp1:ID2                                                                    
S1:ID1       0.000                                                          
S2:ID1       0.000 -0.500                                                   
S1:ID2       0.000 -0.500  0.250                                            
S2:ID2       0.000  0.250 -0.500 -0.500                                     
grp1:S1:ID1  0.000  0.000  0.000  0.000  0.000                              
grp1:S2:ID1  0.000  0.000  0.000  0.000  0.000 -0.500                       
grp1:S1:ID2  0.000  0.000  0.000  0.000  0.000 -0.500     0.250             
grp1:S2:ID2  0.000  0.000  0.000  0.000  0.000  0.250    -0.500    -0.500   
Linear mixed model fit by REML 
Formula: q1 ~ (1 | pp) + (1 | pp/S) + (1 | pp/ID) + (1 | pp/S:ID) + grp *      S * ID 
   Data: mdata 
    AIC  BIC logLik deviance REMLdev
 -696.5 -603  374.3     -907  -748.5
Random effects:
 Groups   Name        Variance   Std.Dev. 
 S:ID:pp  (Intercept) 3.2414e-04 0.0180039
 ID:pp    (Intercept) 9.1621e-05 0.0095719
 S:pp     (Intercept) 0.0000e+00 0.0000000
 pp       (Intercept) 2.6442e-05 0.0051422
 pp       (Intercept) 2.6488e-05 0.0051467
 pp       (Intercept) 2.6450e-05 0.0051429
 pp       (Intercept) 2.6449e-05 0.0051429
 Residual             1.7945e-03 0.0423617
Number of obs: 270, groups: S:ID:pp, 90; ID:pp, 30; S:pp, 30; pp, 10

Fixed effects:
              Estimate Std. Error t value
(Intercept)  8.712e-01  4.887e-03  178.26
grp1        -6.121e-03  4.887e-03   -1.25
S1           4.057e-03  4.527e-03    0.90
S2          -8.422e-03  4.527e-03   -1.86
ID1          1.905e-02  5.158e-03    3.69
ID2          4.930e-03  5.158e-03    0.96
grp1:S1      4.828e-03  4.527e-03    1.07
grp1:S2     -7.822e-05  4.527e-03   -0.02
grp1:ID1    -2.820e-03  5.158e-03   -0.55
grp1:ID2    -3.664e-03  5.158e-03   -0.71
S1:ID1       4.823e-03  6.402e-03    0.75
S2:ID1      -3.909e-03  6.402e-03   -0.61
S1:ID2      -1.792e-03  6.402e-03   -0.28
S2:ID2       4.763e-03  6.402e-03    0.74
grp1:S1:ID1  2.642e-03  6.402e-03    0.41
grp1:S2:ID1  1.365e-03  6.402e-03    0.21
grp1:S1:ID2 -5.501e-04  6.402e-03   -0.09
grp1:S2:ID2 -5.325e-03  6.402e-03   -0.83

Correlation of Fixed Effects:
            (Intr) grp1   S1     S2     ID1    ID2    gr1:S1 gr1:S2 g1:ID1
grp1         0.000                                                        
S1           0.000  0.000                                                 
S2           0.000  0.000 -0.500                                          
ID1          0.000  0.000  0.000  0.000                                   
ID2          0.000  0.000  0.000  0.000 -0.500                            
grp1:S1      0.000  0.000  0.000  0.000  0.000  0.000                     
grp1:S2      0.000  0.000  0.000  0.000  0.000  0.000 -0.500              
grp1:ID1     0.000  0.000  0.000  0.000  0.000  0.000  0.000  0.000       
grp1:ID2     0.000  0.000  0.000  0.000  0.000  0.000  0.000  0.000 -0.500
S1:ID1       0.000  0.000  0.000  0.000  0.000  0.000  0.000  0.000  0.000
S2:ID1       0.000  0.000  0.000  0.000  0.000  0.000  0.000  0.000  0.000
S1:ID2       0.000  0.000  0.000  0.000  0.000  0.000  0.000  0.000  0.000
S2:ID2       0.000  0.000  0.000  0.000  0.000  0.000  0.000  0.000  0.000
grp1:S1:ID1  0.000  0.000  0.000  0.000  0.000  0.000  0.000  0.000  0.000
grp1:S2:ID1  0.000  0.000  0.000  0.000  0.000  0.000  0.000  0.000  0.000
grp1:S1:ID2  0.000  0.000  0.000  0.000  0.000  0.000  0.000  0.000  0.000
grp1:S2:ID2  0.000  0.000  0.000  0.000  0.000  0.000  0.000  0.000  0.000
            g1:ID2 S1:ID1 S2:ID1 S1:ID2 S2:ID2 g1:S1:ID1 g1:S2:ID1 g1:S1:ID2
grp1                                                                        
S1                                                                          
S2                                                                          
ID1                                                                         
ID2                                                                         
grp1:S1                                                                     
grp1:S2                                                                     
grp1:ID1                                                                    
grp1:ID2                                                                    
S1:ID1       0.000                                                          
S2:ID1       0.000 -0.500                                                   
S1:ID2       0.000 -0.500  0.250                                            
S2:ID2       0.000  0.250 -0.500 -0.500                                     
grp1:S1:ID1  0.000  0.000  0.000  0.000  0.000                              
grp1:S2:ID1  0.000  0.000  0.000  0.000  0.000 -0.500                       
grp1:S1:ID2  0.000  0.000  0.000  0.000  0.000 -0.500     0.250             
grp1:S2:ID2  0.000  0.000  0.000  0.000  0.000  0.250    -0.500    -0.500   
