[1] "Summary by group"
  grp      q1.m       q1.s
1   C 0.8650896 0.04325475
2   U 0.8773309 0.05641729
[1] "Summary by session\n"
  S      q1.m       q1.s
1 1 0.8752671 0.05100141
2 2 0.8627880 0.05377840
3 3 0.8755756 0.04606479
[1] "Summary by ID\n"
  ID      q1.m       q1.s
1  D 0.8902598 0.05244971
2  M 0.8761404 0.03871799
3  E 0.8472304 0.04999780
[1] "Summary by group + Session\n"
  grp S      q1.m       q1.s
1   C 1 0.8739747 0.04905626
2   C 2 0.8565891 0.04209420
3   C 3 0.8647049 0.03694233
4   U 1 0.8765596 0.05339916
5   U 2 0.8689869 0.06324113
6   U 3 0.8864462 0.05182381
[1] "Summary by Session + ID\n"
  S ID      q1.m       q1.s
1 1  D 0.8991397 0.05025509
2 1  M 0.8784057 0.03774340
3 1  E 0.8482560 0.05175115
4 2  D 0.8779287 0.05714386
5 2  M 0.8724813 0.04634829
6 2  E 0.8379540 0.04989870
7 3  D 0.8937110 0.04899441
8 3  M 0.8775343 0.03172911
9 3  E 0.8554813 0.04840604
[1] "Summary by group + ID\n"
  grp ID      q1.m       q1.s
1   C  D 0.8813187 0.04785664
2   C  M 0.8663560 0.03096782
3   C  E 0.8475940 0.04318146
4   U  D 0.8992009 0.05577354
5   U  M 0.8859249 0.04332907
6   U  E 0.8468669 0.05649304
[1] "Summary by group + Session + ID\n"
   grp S ID      q1.m       q1.s
1    C 1  D 0.8976687 0.04802176
2    C 1  M 0.8728993 0.04045273
3    C 1  E 0.8513560 0.04969841
4    C 2  D 0.8702740 0.04532798
5    C 2  M 0.8572940 0.02723858
6    C 2  E 0.8421993 0.04846948
7    C 3  D 0.8760133 0.04888730
8    C 3  M 0.8688747 0.02224857
9    C 3  E 0.8492267 0.03149397
10   U 1  D 0.9006107 0.05404462
11   U 1  M 0.8839120 0.03534811
12   U 1  E 0.8451560 0.05529138
13   U 2  D 0.8855833 0.06770451
14   U 2  M 0.8876687 0.05668834
15   U 2  E 0.8337087 0.05262793
16   U 3  D 0.9114087 0.04371771
17   U 3  M 0.8861940 0.03781126
18   U 3  E 0.8617360 0.06146507
