            Estimate MCMCmean HPD95lower HPD95upper pMCMC Pr(>|t|)
(Intercept)   0.8021   0.8023     0.7801     0.8245 0.001   0.0000
grp1         -0.0015  -0.0013    -0.0205     0.0225 0.902   0.8997
S1           -0.0140  -0.0143    -0.0235    -0.0040 0.006   0.0201
S2           -0.0002  -0.0002    -0.0098     0.0102 0.954   0.9775
ID1          -0.0395  -0.0397    -0.0513    -0.0276 0.001   0.0001
grp1:S1       0.0020   0.0021    -0.0081     0.0116 0.656   0.7387
grp1:S2      -0.0025  -0.0026    -0.0124     0.0067 0.604   0.6814
grp1:ID1     -0.0056  -0.0057    -0.0183     0.0046 0.336   0.5576
S1:ID1        0.0047   0.0047    -0.0035     0.0133 0.274   0.3064
S2:ID1       -0.0053  -0.0054    -0.0136     0.0030 0.176   0.2497
grp1:S1:ID1  -0.0090  -0.0091    -0.0166    -0.0010 0.018   0.0510
grp1:S2:ID1   0.0018   0.0017    -0.0066     0.0095 0.694   0.6873
Analysis of Variance Table
         Df    Sum Sq   Mean Sq F value
grp       1 0.0000179 0.0000179  0.0159
S         2 0.0083954 0.0041977  3.7183
ID        1 0.0192724 0.0192724 17.0713
grp:S     2 0.0002158 0.0001079  0.0956
grp:ID    1 0.0003898 0.0003898  0.3453
S:ID      2 0.0018089 0.0009044  0.8012
grp:S:ID  2 0.0048661 0.0024331  2.1552
Linear mixed model fit by REML 
Formula: vfTrajCircularity ~ (1 | pp) + (1 | pp/S) + (1 | pp/ID) + (1 |      pp/S:ID) + grp * S * ID 
   Data: mdata 
    AIC    BIC logLik deviance REMLdev
 -493.7 -429.9  266.9   -633.5  -533.7
Random effects:
 Groups   Name        Variance   Std.Dev.
 S:ID:pp  (Intercept) 0.00025456 0.015955
 S:pp     (Intercept) 0.00022004 0.014834
 ID:pp    (Intercept) 0.00162162 0.040269
 pp       (Intercept) 0.00012133 0.011015
 pp       (Intercept) 0.00012125 0.011011
 pp       (Intercept) 0.00012119 0.011008
 pp       (Intercept) 0.00012125 0.011011
 Residual             0.00112893 0.033600
Number of obs: 180, groups: S:ID:pp, 60; S:pp, 30; ID:pp, 20; pp, 10

Fixed effects:
              Estimate Std. Error t value
(Intercept)  0.8021272  0.0121413   66.07
grp1        -0.0015332  0.0121413   -0.13
S1          -0.0140254  0.0059748   -2.35
S2          -0.0001687  0.0059748   -0.03
ID1         -0.0395431  0.0095706   -4.13
grp1:S1      0.0019961  0.0059748    0.33
grp1:S2     -0.0024576  0.0059748   -0.41
grp1:ID1    -0.0056238  0.0095706   -0.59
S1:ID1       0.0047049  0.0045857    1.03
S2:ID1      -0.0052967  0.0045857   -1.16
grp1:S1:ID1 -0.0090127  0.0045857   -1.97
grp1:S2:ID1  0.0018493  0.0045857    0.40

Correlation of Fixed Effects:
            (Intr) grp1   S1     S2     ID1    gr1:S1 gr1:S2 g1:ID1 S1:ID1
grp1         0.000                                                        
S1           0.000  0.000                                                 
S2           0.000  0.000 -0.500                                          
ID1          0.000  0.000  0.000  0.000                                   
grp1:S1      0.000  0.000  0.000  0.000  0.000                            
grp1:S2      0.000  0.000  0.000  0.000  0.000 -0.500                     
grp1:ID1     0.000  0.000  0.000  0.000  0.000  0.000  0.000              
S1:ID1       0.000  0.000  0.000  0.000  0.000  0.000  0.000  0.000       
S2:ID1       0.000  0.000  0.000  0.000  0.000  0.000  0.000  0.000 -0.500
grp1:S1:ID1  0.000  0.000  0.000  0.000  0.000  0.000  0.000  0.000  0.000
grp1:S2:ID1  0.000  0.000  0.000  0.000  0.000  0.000  0.000  0.000  0.000
            S2:ID1 g1:S1:
grp1                     
S1                       
S2                       
ID1                      
grp1:S1                  
grp1:S2                  
grp1:ID1                 
S1:ID1                   
S2:ID1                   
grp1:S1:ID1  0.000       
grp1:S2:ID1  0.000 -0.500
Linear mixed model fit by REML 
Formula: vfTrajCircularity ~ (1 | pp) + (1 | pp/S) + (1 | pp/ID) + (1 |      pp/S:ID) + grp * S * ID 
   Data: mdata 
    AIC    BIC logLik deviance REMLdev
 -493.7 -429.9  266.9   -633.5  -533.7
Random effects:
 Groups   Name        Variance   Std.Dev.
 S:ID:pp  (Intercept) 0.00025456 0.015955
 S:pp     (Intercept) 0.00022004 0.014834
 ID:pp    (Intercept) 0.00162162 0.040269
 pp       (Intercept) 0.00012133 0.011015
 pp       (Intercept) 0.00012125 0.011011
 pp       (Intercept) 0.00012119 0.011008
 pp       (Intercept) 0.00012125 0.011011
 Residual             0.00112893 0.033600
Number of obs: 180, groups: S:ID:pp, 60; S:pp, 30; ID:pp, 20; pp, 10

Fixed effects:
              Estimate Std. Error t value
(Intercept)  0.8021272  0.0121413   66.07
grp1        -0.0015332  0.0121413   -0.13
S1          -0.0140254  0.0059748   -2.35
S2          -0.0001687  0.0059748   -0.03
ID1         -0.0395431  0.0095706   -4.13
grp1:S1      0.0019961  0.0059748    0.33
grp1:S2     -0.0024576  0.0059748   -0.41
grp1:ID1    -0.0056238  0.0095706   -0.59
S1:ID1       0.0047049  0.0045857    1.03
S2:ID1      -0.0052967  0.0045857   -1.16
grp1:S1:ID1 -0.0090127  0.0045857   -1.97
grp1:S2:ID1  0.0018493  0.0045857    0.40

Correlation of Fixed Effects:
            (Intr) grp1   S1     S2     ID1    gr1:S1 gr1:S2 g1:ID1 S1:ID1
grp1         0.000                                                        
S1           0.000  0.000                                                 
S2           0.000  0.000 -0.500                                          
ID1          0.000  0.000  0.000  0.000                                   
grp1:S1      0.000  0.000  0.000  0.000  0.000                            
grp1:S2      0.000  0.000  0.000  0.000  0.000 -0.500                     
grp1:ID1     0.000  0.000  0.000  0.000  0.000  0.000  0.000              
S1:ID1       0.000  0.000  0.000  0.000  0.000  0.000  0.000  0.000       
S2:ID1       0.000  0.000  0.000  0.000  0.000  0.000  0.000  0.000 -0.500
grp1:S1:ID1  0.000  0.000  0.000  0.000  0.000  0.000  0.000  0.000  0.000
grp1:S2:ID1  0.000  0.000  0.000  0.000  0.000  0.000  0.000  0.000  0.000
            S2:ID1 g1:S1:
grp1                     
S1                       
S2                       
ID1                      
grp1:S1                  
grp1:S2                  
grp1:ID1                 
S1:ID1                   
S2:ID1                   
grp1:S1:ID1  0.000       
grp1:S2:ID1  0.000 -0.500
