[1] "accTime ~(S*ID*grp)+Error(pp/(S*ID))+grp"
$ANOVA
    Effect DFn DFd            F            p p<.05          ges
2      grp   1   8 4.901461e-04 9.828791e-01       4.487967e-05
3        S   2  16 1.220558e+01 6.038782e-04     * 1.249595e-01
5       ID   2  16 1.242985e+02 1.787647e-10     * 6.731093e-01
4    grp:S   2  16 4.989338e-01 6.163173e-01       5.803605e-03
6   grp:ID   2  16 3.767611e-01 6.920076e-01       6.202704e-03
7     S:ID   4  32 9.473438e-01 4.495148e-01       4.870253e-03
8 grp:S:ID   4  32 1.209358e+00 3.260507e-01       6.208892e-03

$`Mauchly's Test for Sphericity`
    Effect         W         p p<.05
3        S 0.6949941 0.2798555      
4    grp:S 0.6949941 0.2798555      
5       ID 0.7287501 0.3303888      
6   grp:ID 0.7287501 0.3303888      
7     S:ID 0.3029947 0.5827859      
8 grp:S:ID 0.3029947 0.5827859      

$`Sphericity Corrections`
    Effect       GGe        p[GG] p[GG]<.05       HFe        p[HF] p[HF]<.05
3        S 0.7662800 2.017489e-03         * 0.9117240 9.506871e-04         *
4    grp:S 0.7662800 5.709589e-01           0.9117240 6.004882e-01          
5       ID 0.7866274 1.228171e-08         * 0.9459916 5.206072e-10         *
6   grp:ID 0.7866274 6.447416e-01           0.9459916 6.810858e-01          
7     S:ID 0.6424229 4.242114e-01           0.9726531 4.480099e-01          
8 grp:S:ID 0.6424229 3.271704e-01           0.9726531 3.263579e-01          

