[1] "Full vs no Session"
Data: mdata
Models:
noS.mod: get(vname) ~ (1 | pp) + (1 | pp/ID) + ID + grp
full.mod: get(vname) ~ (1 | pp) + (1 | pp/ID) + (1 | pp/S) + (1 | pp/S:ID) + 
full.mod:     S + ID + grp
         Df      AIC      BIC logLik  Chisq Chi Df Pr(>Chisq)    
noS.mod   8  -903.16  -874.37 459.58                             
full.mod 14 -1066.09 -1015.71 547.05 174.93      6  < 2.2e-16 ***
---
Signif. codes:  0 ‘***’ 0.001 ‘**’ 0.01 ‘*’ 0.05 ‘.’ 0.1 ‘ ’ 1 
[1] "Full vs no Group"
Data: mdata
Models:
nogrp.mod: get(vname) ~ (1 | pp) + (1 | pp/ID) + (1 | pp/S) + (1 | pp/S:ID) + 
nogrp.mod:     S + ID
full.mod: get(vname) ~ (1 | pp) + (1 | pp/ID) + (1 | pp/S) + (1 | pp/S:ID) + 
full.mod:     S + ID + grp
          Df     AIC     BIC logLik Chisq Chi Df Pr(>Chisq)
nogrp.mod 13 -1068.2 -1021.5 547.12                        
full.mod  14 -1066.1 -1015.7 547.05     0      1          1
[1] "Full vs no Session and no Group"
Data: mdata
Models:
noSgrp.mod: get(vname) ~ (1 | pp) + (1 | pp/ID) + ID
full.mod: get(vname) ~ (1 | pp) + (1 | pp/ID) + (1 | pp/S) + (1 | pp/S:ID) + 
full.mod:     S + ID + grp
           Df      AIC      BIC logLik  Chisq Chi Df Pr(>Chisq)    
noSgrp.mod  7  -905.32  -880.13 459.66                             
full.mod   14 -1066.09 -1015.71 547.05 174.77      7  < 2.2e-16 ***
---
Signif. codes:  0 ‘***’ 0.001 ‘**’ 0.01 ‘*’ 0.05 ‘.’ 0.1 ‘ ’ 1 
[1] "No Group vs no Session and no Group"
Data: mdata
Models:
noSgrp.mod: get(vname) ~ (1 | pp) + (1 | pp/ID) + ID
nogrp.mod: get(vname) ~ (1 | pp) + (1 | pp/ID) + (1 | pp/S) + (1 | pp/S:ID) + 
nogrp.mod:     S + ID
           Df      AIC      BIC logLik  Chisq Chi Df Pr(>Chisq)    
noSgrp.mod  7  -905.32  -880.13 459.66                             
nogrp.mod  13 -1068.25 -1021.47 547.12 174.93      6  < 2.2e-16 ***
---
Signif. codes:  0 ‘***’ 0.001 ‘**’ 0.01 ‘*’ 0.05 ‘.’ 0.1 ‘ ’ 1 
[1] "No Session vs no Session and no Group"
Data: mdata
Models:
noSgrp.mod: get(vname) ~ (1 | pp) + (1 | pp/ID) + ID
noS.mod: get(vname) ~ (1 | pp) + (1 | pp/ID) + ID + grp
           Df     AIC     BIC logLik Chisq Chi Df Pr(>Chisq)
noSgrp.mod  7 -905.32 -880.13 459.66                        
noS.mod     8 -903.16 -874.37 459.58     0      1          1
