[1] "Summary by group"
  grp accTime.m accTime.s
1   C 0.2698667 0.1107271
2   U 0.2690889 0.1017793
[1] "Summary by session\n"
  S accTime.m accTime.s
1 1 0.2991278 0.1046885
2 2 0.2625556 0.1071306
3 3 0.2467500 0.1007984
[1] "Summary by ID\n"
  ID accTime.m  accTime.s
1  D 0.3726722 0.07217065
2  M 0.2670833 0.05339782
3  E 0.1686778 0.07033860
[1] "Summary by group + Session\n"
  grp S accTime.m  accTime.s
1   C 1 0.3028778 0.11234859
2   C 2 0.2566778 0.10863440
3   C 3 0.2500444 0.10592862
4   U 1 0.2953778 0.09755763
5   U 2 0.2684333 0.10650201
6   U 3 0.2434556 0.09648056
[1] "Summary by Session + ID\n"
  S ID accTime.m  accTime.s
1 1  D 0.3974000 0.07431044
2 1  M 0.2970500 0.05203436
3 1  E 0.2029333 0.07640632
4 2  D 0.3682667 0.07306867
5 2  M 0.2644500 0.05149060
6 2  E 0.1549500 0.06074528
7 3  D 0.3523500 0.06359315
8 3  M 0.2397500 0.04102139
9 3  E 0.1481500 0.06173388
[1] "Summary by group + ID\n"
  grp ID accTime.m  accTime.s
1   C  D 0.3720444 0.08302319
2   C  M 0.2624333 0.06176758
3   C  E 0.1751222 0.08195163
4   U  D 0.3733000 0.06034836
5   U  M 0.2717333 0.04368061
6   U  E 0.1622333 0.05662562
[1] "Summary by group + Session + ID\n"
   grp S ID accTime.m  accTime.s
1    C 1  D 0.4058000 0.08509675
2    C 1  M 0.2946333 0.05774002
3    C 1  E 0.2082000 0.08982101
4    C 2  D 0.3526333 0.09017710
5    C 2  M 0.2560667 0.06583092
6    C 2  E 0.1613333 0.07084608
7    C 3  D 0.3577000 0.06666998
8    C 3  M 0.2366000 0.04953541
9    C 3  E 0.1558333 0.07903179
10   U 1  D 0.3890000 0.06360705
11   U 1  M 0.2994667 0.04756179
12   U 1  E 0.1976667 0.06297297
13   U 2  D 0.3839000 0.04902849
14   U 2  M 0.2728333 0.03174320
15   U 2  E 0.1485667 0.05036930
16   U 3  D 0.3470000 0.06221593
17   U 3  M 0.2429000 0.03179128
18   U 3  E 0.1404667 0.03901074
