[1] "Summary by group"
  grp  q4Lrel.m  q4Lrel.s
1   C 0.9904482 0.1214363
2   U 0.9398644 0.1076997
[1] "Summary by session\n"
  S  q4Lrel.m  q4Lrel.s
1 1 0.9411269 0.1145373
2 2 0.9816073 0.1191124
3 3 0.9727346 0.1153485
[1] "Summary by IDR+IDR\n"
  IDL IDR  q4Lrel.m   q4Lrel.s
1   D   D 0.9724358 0.12239085
2   D   M 0.9864181 0.13889441
3   D   E 0.9985674 0.12533339
4   E   D 0.8679392 0.08574427
5   E   M 0.9674905 0.08517278
6   E   E 0.9980868 0.08140078
[1] "Summary by group + Session\n"
  grp S  q4Lrel.m   q4Lrel.s
1   C 1 0.9540138 0.08787075
2   C 2 0.9962547 0.13622185
3   C 3 1.0210760 0.12636834
4   U 1 0.9282401 0.13538030
5   U 2 0.9669599 0.09769654
6   U 3 0.9243933 0.07787691
[1] "Summary by Session + IDR + IDL \n"
   S IDL IDR  q4Lrel.m   q4Lrel.s
1  1   D   D 0.9422675 0.11971696
2  1   D   M 0.9693940 0.13772211
3  1   D   E 0.9913743 0.09121994
4  1   E   D 0.8331375 0.07981509
5  1   E   M 0.9258600 0.09183121
6  1   E   E 0.9847281 0.08269935
7  2   D   D 0.9920332 0.11566596
8  2   D   M 1.0120580 0.11521520
9  2   D   E 1.0079412 0.14863297
10 2   E   D 0.8637522 0.08457245
11 2   E   M 1.0012489 0.06377656
12 2   E   E 1.0126106 0.10028236
13 3   D   D 0.9830067 0.12963974
14 3   D   M 0.9778023 0.16095600
15 3   D   E 0.9963868 0.13284029
16 3   E   D 0.9069277 0.07871949
17 3   E   M 0.9753628 0.08201949
18 3   E   E 0.9969216 0.05509331
[1] "Summary by group + IDR + IDL\n"
   grp IDL IDR  q4Lrel.m   q4Lrel.s
1    C   D   D 0.9946918 0.13552569
2    C   D   M 1.0157380 0.13995328
3    C   D   E 1.0292794 0.14412187
4    C   E   D 0.8846608 0.08368278
5    C   E   M 1.0095918 0.07110873
6    C   E   E 1.0087274 0.07067804
7    U   D   D 0.9501798 0.10449450
8    U   D   M 0.9570982 0.13295282
9    U   D   E 0.9678555 0.09525489
10   U   E   D 0.8512175 0.08541962
11   U   E   M 0.9253893 0.07740563
12   U   E   E 0.9874462 0.09042008
[1] "Summary by group + Session + IDR + IDL\n"
   grp S IDL IDR  q4Lrel.m   q4Lrel.s
1    C 1   D   D 0.9285712 0.07900502
2    C 1   D   M 0.9679468 0.10008906
3    C 1   D   E 0.9914701 0.07354053
4    C 1   E   D 0.8694447 0.05419066
5    C 1   E   M 0.9694021 0.08236630
6    C 1   E   E 0.9972479 0.07329807
7    C 2   D   D 0.9997614 0.15041840
8    C 2   D   M 1.0194064 0.14048014
9    C 2   D   E 1.0431676 0.17692035
10   C 2   E   D 0.8549115 0.09682564
11   C 2   E   M 1.0354729 0.04114947
12   C 2   E   E 1.0248085 0.07977534
13   C 3   D   D 1.0557427 0.14196069
14   C 3   D   M 1.0598608 0.16510288
15   C 3   D   E 1.0532004 0.16192661
16   C 3   E   D 0.9296262 0.07958880
17   C 3   E   M 1.0239003 0.06889553
18   C 3   E   E 1.0041257 0.05934740
19   U 1   D   D 0.9559639 0.15180334
20   U 1   D   M 0.9708412 0.17107678
21   U 1   D   E 0.9912785 0.10875793
22   U 1   E   D 0.7968304 0.08622392
23   U 1   E   M 0.8823179 0.08137213
24   U 1   E   E 0.9722084 0.09196952
25   U 2   D   D 0.9843050 0.07042133
26   U 2   D   M 1.0047095 0.08744646
27   U 2   D   E 0.9727148 0.10863527
28   U 2   E   D 0.8725930 0.07261682
29   U 2   E   M 0.9670248 0.06497884
30   U 2   E   E 1.0004126 0.11894741
31   U 3   D   D 0.9102706 0.05765151
32   U 3   D   M 0.8957438 0.10943512
33   U 3   D   E 0.9395731 0.05845197
34   U 3   E   D 0.8842292 0.07346917
35   U 3   E   M 0.9268252 0.06434262
36   U 3   E   E 0.9897176 0.05151725
