                  Estimate MCMCmean HPD95lower HPD95upper pMCMC Pr(>|t|)
(Intercept)         0.9947   0.9944     0.9661     1.0235 0.001   0.0000
grp1               -0.0073  -0.0070    -0.0342     0.0210 0.602   0.5910
S1                  0.0136   0.0134    -0.0014     0.0276 0.072   0.1491
S2                 -0.0031  -0.0028    -0.0179     0.0108 0.688   0.7379
IDR1               -0.0014  -0.0012    -0.0102     0.0079 0.756   0.8046
IDR2                0.0030   0.0029    -0.0066     0.0113 0.498   0.5850
IDL1               -0.0074  -0.0074    -0.0181     0.0023 0.134   0.1681
grp1:S1            -0.0012  -0.0015    -0.0160     0.0135 0.826   0.9023
grp1:S2            -0.0136  -0.0134    -0.0279     0.0021 0.080   0.1486
grp1:IDR1           0.0030   0.0032    -0.0053     0.0123 0.474   0.5888
grp1:IDR2           0.0064   0.0061    -0.0032     0.0149 0.184   0.2419
S1:IDR1            -0.0104  -0.0105    -0.0224    -0.0008 0.054   0.1777
S2:IDR1             0.0046   0.0046    -0.0068     0.0147 0.430   0.5500
S1:IDR2             0.0084   0.0085    -0.0025     0.0190 0.118   0.2806
S2:IDR2            -0.0001  -0.0001    -0.0108     0.0103 0.970   0.9848
grp1:IDL1          -0.0107  -0.0106    -0.0205    -0.0013 0.030   0.0462
S1:IDL1            -0.0061  -0.0062    -0.0133     0.0014 0.114   0.2691
S2:IDL1            -0.0015  -0.0014    -0.0085     0.0062 0.694   0.7830
IDR1:IDL1           0.0015   0.0013    -0.0061     0.0091 0.722   0.7844
IDR2:IDL1          -0.0098  -0.0095    -0.0170    -0.0015 0.016   0.0743
grp1:S1:IDR1        0.0011   0.0009    -0.0086     0.0117 0.870   0.8904
grp1:S2:IDR1       -0.0068  -0.0069    -0.0173     0.0040 0.212   0.3786
grp1:S1:IDR2       -0.0002  -0.0004    -0.0108     0.0108 0.900   0.9743
grp1:S2:IDR2       -0.0051  -0.0051    -0.0165     0.0056 0.372   0.5082
grp1:S1:IDL1       -0.0002  -0.0002    -0.0075     0.0073 0.988   0.9716
grp1:S2:IDL1       -0.0091  -0.0091    -0.0161    -0.0005 0.014   0.0982
grp1:IDR1:IDL1     -0.0117  -0.0118    -0.0198    -0.0049 0.004   0.0333
grp1:IDR2:IDL1      0.0046   0.0049    -0.0031     0.0121 0.206   0.3988
S1:IDR1:IDL1       -0.0078  -0.0079    -0.0186     0.0022 0.150   0.3139
S2:IDR1:IDL1       -0.0005  -0.0005    -0.0102     0.0107 0.916   0.9529
S1:IDR2:IDL1        0.0017   0.0018    -0.0093     0.0117 0.752   0.8220
S2:IDR2:IDL1        0.0027   0.0027    -0.0075     0.0134 0.586   0.7263
grp1:S1:IDR1:IDL1   0.0107   0.0105    -0.0002     0.0208 0.068   0.1684
grp1:S2:IDR1:IDL1  -0.0024  -0.0024    -0.0128     0.0083 0.672   0.7598
grp1:S1:IDR2:IDL1  -0.0091  -0.0088    -0.0193     0.0015 0.114   0.2405
grp1:S2:IDR2:IDL1  -0.0013  -0.0016    -0.0127     0.0087 0.792   0.8683
NULL
       Length Class      Mode
fixed  6      data.frame list
random 7      data.frame list
Analysis of Variance Table
              Df    Sum Sq   Mean Sq F value
grp            1 0.0005119 0.0005119  0.2856
S              2 0.0041000 0.0020500  1.1438
IDR            2 0.0005369 0.0002684  0.1498
IDL            1 0.0034154 0.0034154  1.9056
grp:S          2 0.0054617 0.0027309  1.5237
grp:IDR        2 0.0054941 0.0027471  1.5328
S:IDR          4 0.0044148 0.0011037  0.6158
grp:IDL        1 0.0071553 0.0071553  3.9924
S:IDL          2 0.0038347 0.0019173  1.0698
IDR:IDL        2 0.0066518 0.0033259  1.8557
grp:S:IDR      4 0.0053613 0.0013403  0.7479
grp:S:IDL      2 0.0067024 0.0033512  1.8699
grp:IDR:IDL    2 0.0082833 0.0041417  2.3109
S:IDR:IDL      4 0.0028701 0.0007175  0.4003
grp:S:IDR:IDL  4 0.0053307 0.0013327  0.7436
Linear mixed model fit by REML 
Formula: get(vname) ~ (1 | pp) + (1 | pp/S) + (1 | pp/IDR) + (1 | pp/IDL) +      (1 | pp/S:IDR:IDL) + grp * S * IDR * IDL 
   Data: mdata 
   AIC   BIC logLik deviance REMLdev
 -1205 -1008  648.7    -1595   -1297
Random effects:
 Groups       Name        Variance   Std.Dev.  
 S:IDR:IDL:pp (Intercept) 2.0992e-03 4.5817e-02
 IDR:pp       (Intercept) 1.7552e-14 1.3248e-07
 S:pp         (Intercept) 8.7224e-04 2.9534e-02
 IDL:pp       (Intercept) 2.7575e-04 1.6606e-02
 pp           (Intercept) 2.5337e-04 1.5917e-02
 pp           (Intercept) 2.5317e-04 1.5911e-02
 pp           (Intercept) 2.5336e-04 1.5917e-02
 pp           (Intercept) 2.5327e-04 1.5914e-02
 pp           (Intercept) 2.5334e-04 1.5917e-02
 Residual                 1.7922e-03 4.2335e-02
Number of obs: 540, groups: S:IDR:IDL:pp, 180; IDR:pp, 30; S:pp, 30; IDL:pp, 20; pp, 10

Fixed effects:
                    Estimate Std. Error t value
(Intercept)        0.9947248  0.0135813   73.24
grp1              -0.0073035  0.0135813   -0.54
S1                 0.0135617  0.0093868    1.44
S2                -0.0031427  0.0093868   -0.33
IDR1              -0.0013546  0.0054738   -0.25
IDR2               0.0029914  0.0054738    0.55
IDL1              -0.0074042  0.0053636   -1.38
grp1:S1           -0.0011523  0.0093868   -0.12
grp1:S2           -0.0135798  0.0093868   -1.45
grp1:IDR1          0.0029608  0.0054738    0.54
grp1:IDR2          0.0064134  0.0054738    1.17
S1:IDR1           -0.0104497  0.0077411   -1.35
S2:IDR1            0.0046299  0.0077411    0.60
S1:IDR2            0.0083623  0.0077411    1.08
S2:IDR2           -0.0001472  0.0077411   -0.02
grp1:IDL1         -0.0107170  0.0053636   -2.00
S1:IDL1           -0.0060559  0.0054738   -1.11
S2:IDL1           -0.0015080  0.0054738   -0.28
IDR1:IDL1          0.0014981  0.0054738    0.27
IDR2:IDL1         -0.0097889  0.0054738   -1.79
grp1:S1:IDR1       0.0010675  0.0077411    0.14
grp1:S2:IDR1      -0.0068224  0.0077411   -0.88
grp1:S1:IDR2      -0.0002493  0.0077411   -0.03
grp1:S2:IDR2      -0.0051257  0.0077411   -0.66
grp1:S1:IDL1      -0.0001952  0.0054738   -0.04
grp1:S2:IDL1      -0.0090680  0.0054738   -1.66
grp1:IDR1:IDL1    -0.0116833  0.0054738   -2.13
grp1:IDR2:IDL1     0.0046230  0.0054738    0.84
S1:IDR1:IDL1      -0.0078043  0.0077411   -1.01
S2:IDR1:IDL1      -0.0004573  0.0077411   -0.06
S1:IDR2:IDL1       0.0017426  0.0077411    0.23
S2:IDR2:IDL1       0.0027109  0.0077411    0.35
grp1:S1:IDR1:IDL1  0.0106789  0.0077411    1.38
grp1:S2:IDR1:IDL1 -0.0023678  0.0077411   -0.31
grp1:S1:IDR2:IDL1 -0.0090974  0.0077411   -1.18
grp1:S2:IDR2:IDL1 -0.0012842  0.0077411   -0.17

Correlation of Fixed Effects:
            (Intr) grp1   S1     S2     IDR1   IDR2   IDL1   gr1:S1 gr1:S2
grp1         0.000                                                        
S1           0.000  0.000                                                 
S2           0.000  0.000 -0.500                                          
IDR1         0.000  0.000  0.000  0.000                                   
IDR2         0.000  0.000  0.000  0.000 -0.500                            
IDL1         0.000  0.000  0.000  0.000  0.000  0.000                     
grp1:S1      0.000  0.000  0.000  0.000  0.000  0.000  0.000              
grp1:S2      0.000  0.000  0.000  0.000  0.000  0.000  0.000 -0.500       
grp1:IDR1    0.000  0.000  0.000  0.000  0.000  0.000  0.000  0.000  0.000
grp1:IDR2    0.000  0.000  0.000  0.000  0.000  0.000  0.000  0.000  0.000
S1:IDR1      0.000  0.000  0.000  0.000  0.000  0.000  0.000  0.000  0.000
S2:IDR1      0.000  0.000  0.000  0.000  0.000  0.000  0.000  0.000  0.000
S1:IDR2      0.000  0.000  0.000  0.000  0.000  0.000  0.000  0.000  0.000
S2:IDR2      0.000  0.000  0.000  0.000  0.000  0.000  0.000  0.000  0.000
grp1:IDL1    0.000  0.000  0.000  0.000  0.000  0.000  0.000  0.000  0.000
S1:IDL1      0.000  0.000  0.000  0.000  0.000  0.000  0.000  0.000  0.000
S2:IDL1      0.000  0.000  0.000  0.000  0.000  0.000  0.000  0.000  0.000
IDR1:IDL1    0.000  0.000  0.000  0.000  0.000  0.000  0.000  0.000  0.000
IDR2:IDL1    0.000  0.000  0.000  0.000  0.000  0.000  0.000  0.000  0.000
gr1:S1:IDR1  0.000  0.000  0.000  0.000  0.000  0.000  0.000  0.000  0.000
gr1:S2:IDR1  0.000  0.000  0.000  0.000  0.000  0.000  0.000  0.000  0.000
gr1:S1:IDR2  0.000  0.000  0.000  0.000  0.000  0.000  0.000  0.000  0.000
gr1:S2:IDR2  0.000  0.000  0.000  0.000  0.000  0.000  0.000  0.000  0.000
gr1:S1:IDL1  0.000  0.000  0.000  0.000  0.000  0.000  0.000  0.000  0.000
gr1:S2:IDL1  0.000  0.000  0.000  0.000  0.000  0.000  0.000  0.000  0.000
g1:IDR1:IDL  0.000  0.000  0.000  0.000  0.000  0.000  0.000  0.000  0.000
g1:IDR2:IDL  0.000  0.000  0.000  0.000  0.000  0.000  0.000  0.000  0.000
S1:IDR1:IDL  0.000  0.000  0.000  0.000  0.000  0.000  0.000  0.000  0.000
S2:IDR1:IDL  0.000  0.000  0.000  0.000  0.000  0.000  0.000  0.000  0.000
S1:IDR2:IDL  0.000  0.000  0.000  0.000  0.000  0.000  0.000  0.000  0.000
S2:IDR2:IDL  0.000  0.000  0.000  0.000  0.000  0.000  0.000  0.000  0.000
g1:S1:IDR1:  0.000  0.000  0.000  0.000  0.000  0.000  0.000  0.000  0.000
g1:S2:IDR1:  0.000  0.000  0.000  0.000  0.000  0.000  0.000  0.000  0.000
g1:S1:IDR2:  0.000  0.000  0.000  0.000  0.000  0.000  0.000  0.000  0.000
g1:S2:IDR2:  0.000  0.000  0.000  0.000  0.000  0.000  0.000  0.000  0.000
            gr1:IDR1 gr1:IDR2 S1:IDR1 S2:IDR1 S1:IDR2 S2:IDR2 g1:IDL S1:IDL
grp1                                                                       
S1                                                                         
S2                                                                         
IDR1                                                                       
IDR2                                                                       
IDL1                                                                       
grp1:S1                                                                    
grp1:S2                                                                    
grp1:IDR1                                                                  
grp1:IDR2   -0.500                                                         
S1:IDR1      0.000    0.000                                                
S2:IDR1      0.000    0.000   -0.500                                       
S1:IDR2      0.000    0.000   -0.500   0.250                               
S2:IDR2      0.000    0.000    0.250  -0.500  -0.500                       
grp1:IDL1    0.000    0.000    0.000   0.000   0.000   0.000               
S1:IDL1      0.000    0.000    0.000   0.000   0.000   0.000   0.000       
S2:IDL1      0.000    0.000    0.000   0.000   0.000   0.000   0.000 -0.500
IDR1:IDL1    0.000    0.000    0.000   0.000   0.000   0.000   0.000  0.000
IDR2:IDL1    0.000    0.000    0.000   0.000   0.000   0.000   0.000  0.000
gr1:S1:IDR1  0.000    0.000    0.000   0.000   0.000   0.000   0.000  0.000
gr1:S2:IDR1  0.000    0.000    0.000   0.000   0.000   0.000   0.000  0.000
gr1:S1:IDR2  0.000    0.000    0.000   0.000   0.000   0.000   0.000  0.000
gr1:S2:IDR2  0.000    0.000    0.000   0.000   0.000   0.000   0.000  0.000
gr1:S1:IDL1  0.000    0.000    0.000   0.000   0.000   0.000   0.000  0.000
gr1:S2:IDL1  0.000    0.000    0.000   0.000   0.000   0.000   0.000  0.000
g1:IDR1:IDL  0.000    0.000    0.000   0.000   0.000   0.000   0.000  0.000
g1:IDR2:IDL  0.000    0.000    0.000   0.000   0.000   0.000   0.000  0.000
S1:IDR1:IDL  0.000    0.000    0.000   0.000   0.000   0.000   0.000  0.000
S2:IDR1:IDL  0.000    0.000    0.000   0.000   0.000   0.000   0.000  0.000
S1:IDR2:IDL  0.000    0.000    0.000   0.000   0.000   0.000   0.000  0.000
S2:IDR2:IDL  0.000    0.000    0.000   0.000   0.000   0.000   0.000  0.000
g1:S1:IDR1:  0.000    0.000    0.000   0.000   0.000   0.000   0.000  0.000
g1:S2:IDR1:  0.000    0.000    0.000   0.000   0.000   0.000   0.000  0.000
g1:S1:IDR2:  0.000    0.000    0.000   0.000   0.000   0.000   0.000  0.000
g1:S2:IDR2:  0.000    0.000    0.000   0.000   0.000   0.000   0.000  0.000
            S2:IDL IDR1:I IDR2:I gr1:S1:IDR1 gr1:S2:IDR1 gr1:S1:IDR2
grp1                                                                
S1                                                                  
S2                                                                  
IDR1                                                                
IDR2                                                                
IDL1                                                                
grp1:S1                                                             
grp1:S2                                                             
grp1:IDR1                                                           
grp1:IDR2                                                           
S1:IDR1                                                             
S2:IDR1                                                             
S1:IDR2                                                             
S2:IDR2                                                             
grp1:IDL1                                                           
S1:IDL1                                                             
S2:IDL1                                                             
IDR1:IDL1    0.000                                                  
IDR2:IDL1    0.000 -0.500                                           
gr1:S1:IDR1  0.000  0.000  0.000                                    
gr1:S2:IDR1  0.000  0.000  0.000 -0.500                             
gr1:S1:IDR2  0.000  0.000  0.000 -0.500       0.250                 
gr1:S2:IDR2  0.000  0.000  0.000  0.250      -0.500      -0.500     
gr1:S1:IDL1  0.000  0.000  0.000  0.000       0.000       0.000     
gr1:S2:IDL1  0.000  0.000  0.000  0.000       0.000       0.000     
g1:IDR1:IDL  0.000  0.000  0.000  0.000       0.000       0.000     
g1:IDR2:IDL  0.000  0.000  0.000  0.000       0.000       0.000     
S1:IDR1:IDL  0.000  0.000  0.000  0.000       0.000       0.000     
S2:IDR1:IDL  0.000  0.000  0.000  0.000       0.000       0.000     
S1:IDR2:IDL  0.000  0.000  0.000  0.000       0.000       0.000     
S2:IDR2:IDL  0.000  0.000  0.000  0.000       0.000       0.000     
g1:S1:IDR1:  0.000  0.000  0.000  0.000       0.000       0.000     
g1:S2:IDR1:  0.000  0.000  0.000  0.000       0.000       0.000     
g1:S1:IDR2:  0.000  0.000  0.000  0.000       0.000       0.000     
g1:S2:IDR2:  0.000  0.000  0.000  0.000       0.000       0.000     
            gr1:S2:IDR2 g1:S1:IDL g1:S2:IDL g1:IDR1: g1:IDR2: S1:IDR1: S2:IDR1:
grp1                                                                           
S1                                                                             
S2                                                                             
IDR1                                                                           
IDR2                                                                           
IDL1                                                                           
grp1:S1                                                                        
grp1:S2                                                                        
grp1:IDR1                                                                      
grp1:IDR2                                                                      
S1:IDR1                                                                        
S2:IDR1                                                                        
S1:IDR2                                                                        
S2:IDR2                                                                        
grp1:IDL1                                                                      
S1:IDL1                                                                        
S2:IDL1                                                                        
IDR1:IDL1                                                                      
IDR2:IDL1                                                                      
gr1:S1:IDR1                                                                    
gr1:S2:IDR1                                                                    
gr1:S1:IDR2                                                                    
gr1:S2:IDR2                                                                    
gr1:S1:IDL1  0.000                                                             
gr1:S2:IDL1  0.000      -0.500                                                 
g1:IDR1:IDL  0.000       0.000     0.000                                       
g1:IDR2:IDL  0.000       0.000     0.000    -0.500                             
S1:IDR1:IDL  0.000       0.000     0.000     0.000    0.000                    
S2:IDR1:IDL  0.000       0.000     0.000     0.000    0.000   -0.500           
S1:IDR2:IDL  0.000       0.000     0.000     0.000    0.000   -0.500    0.250  
S2:IDR2:IDL  0.000       0.000     0.000     0.000    0.000    0.250   -0.500  
g1:S1:IDR1:  0.000       0.000     0.000     0.000    0.000    0.000    0.000  
g1:S2:IDR1:  0.000       0.000     0.000     0.000    0.000    0.000    0.000  
g1:S1:IDR2:  0.000       0.000     0.000     0.000    0.000    0.000    0.000  
g1:S2:IDR2:  0.000       0.000     0.000     0.000    0.000    0.000    0.000  
            S1:IDR2: S2:IDR2: g1:S1:IDR1: g1:S2:IDR1: g1:S1:IDR2:
grp1                                                             
S1                                                               
S2                                                               
IDR1                                                             
IDR2                                                             
IDL1                                                             
grp1:S1                                                          
grp1:S2                                                          
grp1:IDR1                                                        
grp1:IDR2                                                        
S1:IDR1                                                          
S2:IDR1                                                          
S1:IDR2                                                          
S2:IDR2                                                          
grp1:IDL1                                                        
S1:IDL1                                                          
S2:IDL1                                                          
IDR1:IDL1                                                        
IDR2:IDL1                                                        
gr1:S1:IDR1                                                      
gr1:S2:IDR1                                                      
gr1:S1:IDR2                                                      
gr1:S2:IDR2                                                      
gr1:S1:IDL1                                                      
gr1:S2:IDL1                                                      
g1:IDR1:IDL                                                      
g1:IDR2:IDL                                                      
S1:IDR1:IDL                                                      
S2:IDR1:IDL                                                      
S1:IDR2:IDL                                                      
S2:IDR2:IDL -0.500                                               
g1:S1:IDR1:  0.000    0.000                                      
g1:S2:IDR1:  0.000    0.000   -0.500                             
g1:S1:IDR2:  0.000    0.000   -0.500       0.250                 
g1:S2:IDR2:  0.000    0.000    0.250      -0.500      -0.500     
