[1] "Summary by group"
  grp IPerfRrel.m IPerfRrel.s
1   C   0.7108343   0.4538706
2   U   0.7162915   0.4985656
[1] "Summary by session\n"
  S IPerfRrel.m IPerfRrel.s
1 1   0.6494467   0.3720300
2 2   0.7358185   0.4895398
3 3   0.7554235   0.5465272
[1] "Summary by IDR+IDR\n"
  IDL IDR IPerfRrel.m IPerfRrel.s
1   D   D   1.3885488   0.5313557
2   D   M   0.8035584   0.3172362
3   D   E   0.5651520   0.2821164
4   E   D   0.6105635   0.4034283
5   E   M   0.4951388   0.2419871
6   E   E   0.4184159   0.2276556
[1] "Summary by group + Session\n"
  grp S IPerfRrel.m IPerfRrel.s
1   C 1   0.6055031   0.2881728
2   C 2   0.7598187   0.5052818
3   C 3   0.7671810   0.5171221
4   U 1   0.6933903   0.4375144
5   U 2   0.7118184   0.4748858
6   U 3   0.7436659   0.5771006
[1] "Summary by Session + IDR + IDL \n"
   S IDL IDR IPerfRrel.m IPerfRrel.s
1  1   D   D   1.0651487   0.3536202
2  1   D   M   0.7696352   0.1831819
3  1   D   E   0.6368468   0.2695688
4  1   E   D   0.5065000   0.4462612
5  1   E   M   0.4763313   0.2550861
6  1   E   E   0.4422182   0.2614828
7  2   D   D   1.4411579   0.4535688
8  2   D   M   0.8969539   0.4137624
9  2   D   E   0.5348200   0.2709548
10 2   E   D   0.6466541   0.3821743
11 2   E   M   0.4931870   0.2657959
12 2   E   E   0.4021385   0.2110698
13 3   D   D   1.6593398   0.5905953
14 3   D   M   0.7440860   0.3003817
15 3   D   E   0.5237894   0.3002249
16 3   E   D   0.6785363   0.3700699
17 3   E   M   0.5158981   0.2077973
18 3   E   E   0.4108912   0.2126337
[1] "Summary by group + IDR + IDL\n"
   grp IDL IDR IPerfRrel.m IPerfRrel.s
1    C   D   D   1.4058575  0.53985650
2    C   D   M   0.9269027  0.30833539
3    C   D   E   0.6301129  0.22791519
4    C   E   D   0.4202124  0.06824997
5    C   E   M   0.4412882  0.09159931
6    C   E   E   0.4406319  0.15520506
7    U   D   D   1.3712400  0.52823925
8    U   D   M   0.6802141  0.27816351
9    U   D   E   0.5001912  0.31687718
10   U   E   D   0.8009146  0.50043549
11   U   E   M   0.5489894  0.32268307
12   U   E   E   0.3962000  0.28237197
[1] "Summary by group + Session + IDR + IDL\n"
   grp S IDL IDR IPerfRrel.m IPerfRrel.s
1    C 1   D   D   0.9883552  0.36212658
2    C 1   D   M   0.7728260  0.13267746
3    C 1   D   E   0.6439629  0.19839215
4    C 1   E   D   0.3735474  0.03936199
5    C 1   E   M   0.4201518  0.06371721
6    C 1   E   E   0.4341756  0.14028447
7    C 2   D   D   1.5370744  0.46736545
8    C 2   D   M   1.0685712  0.42719424
9    C 2   D   E   0.6229903  0.27300438
10   C 2   E   D   0.4388032  0.09055155
11   C 2   E   M   0.4514826  0.12804715
12   C 2   E   E   0.4399901  0.17788266
13   C 3   D   D   1.6921429  0.52286129
14   C 3   D   M   0.9393108  0.22713788
15   C 3   D   E   0.6233856  0.22148939
16   C 3   E   D   0.4482864  0.03664349
17   C 3   E   M   0.4522302  0.07208114
18   C 3   E   E   0.4477300  0.15583969
19   U 1   D   D   1.1419422  0.33949062
20   U 1   D   M   0.7664445  0.22777820
21   U 1   D   E   0.6297306  0.33325247
22   U 1   E   D   0.6394526  0.61081567
23   U 1   E   M   0.5325108  0.35208314
24   U 1   E   E   0.4502608  0.34901576
25   U 2   D   D   1.3452413  0.43358871
26   U 2   D   M   0.7253366  0.33018131
27   U 2   D   E   0.4466497  0.24675310
28   U 2   E   D   0.8545050  0.44919009
29   U 2   E   M   0.5348913  0.35527195
30   U 2   E   E   0.3642868  0.23993885
31   U 3   D   D   1.6265366  0.66845374
32   U 3   D   M   0.5488611  0.23160637
33   U 3   D   E   0.4241932  0.34116684
34   U 3   E   D   0.9087863  0.41077903
35   U 3   E   M   0.5795660  0.27488491
36   U 3   E   E   0.3740523  0.25780150
