                  Estimate MCMCmean HPD95lower HPD95upper pMCMC Pr(>|t|)
(Intercept)         0.0159   0.0130    -0.2534     0.3122 0.950   0.8571
grp1                0.0055   0.0015    -0.2572     0.3170 0.970   0.9500
S1                  0.0041   0.0014    -0.1375     0.1517 0.988   0.9574
S2                  0.0326   0.0368    -0.1063     0.1989 0.618   0.6701
IDR1                0.0054   0.0037    -0.1448     0.1499 0.974   0.9484
IDR2                0.0357   0.0348    -0.1092     0.1803 0.634   0.6665
IDL1               -0.0586  -0.0638    -0.2115     0.0879 0.366   0.4622
grp1:S1             0.0161   0.0149    -0.1315     0.1696 0.824   0.8330
grp1:S2            -0.0412  -0.0402    -0.1903     0.1023 0.560   0.5900
grp1:IDR1          -0.0305  -0.0350    -0.1760     0.1121 0.644   0.7129
grp1:IDR2          -0.0337  -0.0288    -0.1875     0.1145 0.718   0.6840
S1:IDR1            -0.1060  -0.1075    -0.2517     0.0251 0.128   0.2869
S2:IDR1             0.0199   0.0252    -0.1170     0.1810 0.716   0.8410
S1:IDR2             0.0640   0.0623    -0.0793     0.2102 0.382   0.5199
S2:IDR2             0.0780   0.0749    -0.0660     0.2076 0.292   0.4333
grp1:IDL1           0.0644   0.0639    -0.0777     0.2134 0.398   0.4188
S1:IDL1             0.0868   0.0822    -0.0189     0.1858 0.106   0.2174
S2:IDL1            -0.1062  -0.1041    -0.2116    -0.0141 0.044   0.1314
IDR1:IDL1           0.0761   0.0751    -0.0205     0.1744 0.142   0.2791
IDR2:IDL1          -0.0888  -0.0901    -0.1940     0.0029 0.080   0.2071
grp1:S1:IDR1        0.1139   0.1152    -0.0247     0.2560 0.122   0.2522
grp1:S2:IDR1       -0.0326  -0.0372    -0.1635     0.1235 0.614   0.7429
grp1:S1:IDR2       -0.0619  -0.0656    -0.2213     0.0677 0.388   0.5337
grp1:S2:IDR2       -0.0798  -0.0732    -0.2215     0.0598 0.334   0.4223
grp1:S1:IDL1       -0.0883  -0.0870    -0.1877     0.0174 0.102   0.2095
grp1:S2:IDL1        0.0980   0.0995     0.0016     0.2124 0.056   0.1640
grp1:IDR1:IDL1     -0.0751  -0.0713    -0.1762     0.0250 0.162   0.2861
grp1:IDR2:IDL1      0.0865   0.0819    -0.0154     0.1888 0.104   0.2189
S1:IDR1:IDL1        0.0100   0.0111    -0.1303     0.1494 0.884   0.9196
S2:IDR1:IDL1        0.0467   0.0459    -0.0993     0.1801 0.552   0.6386
S1:IDR2:IDL1        0.0303   0.0316    -0.1019     0.1765 0.666   0.7609
S2:IDR2:IDL1       -0.0316  -0.0303    -0.1715     0.1340 0.656   0.7505
grp1:S1:IDR1:IDL1  -0.0097  -0.0120    -0.1513     0.1259 0.898   0.9221
grp1:S2:IDR1:IDL1  -0.0452  -0.0430    -0.1911     0.1024 0.544   0.6498
grp1:S1:IDR2:IDL1  -0.0310  -0.0301    -0.1650     0.1143 0.692   0.7551
grp1:S2:IDR2:IDL1   0.0384   0.0375    -0.1098     0.1684 0.590   0.6997
NULL
       Length Class      Mode
fixed  6      data.frame list
random 7      data.frame list
Analysis of Variance Table
              Df  Sum Sq Mean Sq F value
grp            1 0.00168 0.00168  0.0039
S              2 0.11792 0.05896  0.1382
IDR            2 0.12399 0.06200  0.1453
IDL            1 0.23099 0.23099  0.5414
grp:S          2 0.12600 0.06300  0.1477
grp:IDR        2 0.25679 0.12840  0.3010
S:IDR          4 1.22505 0.30626  0.7179
grp:IDL        1 0.27936 0.27936  0.6548
S:IDL          2 1.10481 0.55241  1.2948
IDR:IDL        2 0.79681 0.39841  0.9339
grp:S:IDR      4 1.34238 0.33559  0.7866
grp:S:IDL      2 1.00695 0.50347  1.1801
grp:IDR:IDL    2 0.76302 0.38151  0.8943
S:IDR:IDL      4 0.23684 0.05921  0.1388
grp:S:IDR:IDL  4 0.22262 0.05565  0.1305
Linear mixed model fit by REML 
Formula: get(vname) ~ (1 | pp) + (1 | pp/S) + (1 | pp/IDR) + (1 | pp/IDL) +      (1 | pp/S:IDR:IDL) + grp * S * IDR * IDL 
   Data: mdata 
  AIC  BIC logLik deviance REMLdev
 1482 1679 -694.9     1271    1390
Random effects:
 Groups       Name        Variance   Std.Dev.  
 S:IDR:IDL:pp (Intercept) 3.0241e-01 5.4992e-01
 IDR:pp       (Intercept) 2.8779e-02 1.6964e-01
 S:pp         (Intercept) 1.3650e-02 1.1683e-01
 IDL:pp       (Intercept) 7.7400e-02 2.7821e-01
 pp           (Intercept) 0.0000e+00 0.0000e+00
 pp           (Intercept) 0.0000e+00 0.0000e+00
 pp           (Intercept) 5.1326e-14 2.2655e-07
 pp           (Intercept) 0.0000e+00 0.0000e+00
 pp           (Intercept) 0.0000e+00 0.0000e+00
 Residual                 4.2663e-01 6.5317e-01
Number of obs: 540, groups: S:IDR:IDL:pp, 180; IDR:pp, 30; S:pp, 30; IDL:pp, 20; pp, 10

Fixed effects:
                   Estimate Std. Error t value
(Intercept)        0.015865   0.088059   0.180
grp1               0.005528   0.088059   0.063
S1                 0.004092   0.076487   0.054
S2                 0.032598   0.076487   0.426
IDR1               0.005358   0.082818   0.065
IDR2               0.035707   0.082818   0.431
IDL1              -0.058590   0.079625  -0.736
grp1:S1            0.016138   0.076487   0.211
grp1:S2           -0.041243   0.076487  -0.539
grp1:IDR1         -0.030494   0.082818  -0.368
grp1:IDR2         -0.033731   0.082818  -0.407
S1:IDR1           -0.105979   0.099401  -1.066
S2:IDR1            0.019947   0.099401   0.201
S1:IDR2            0.064016   0.099401   0.644
S2:IDR2            0.077954   0.099401   0.784
grp1:IDL1          0.064432   0.079625   0.809
S1:IDL1            0.086814   0.070287   1.235
S2:IDL1           -0.106198   0.070287  -1.511
IDR1:IDL1          0.076150   0.070287   1.083
IDR2:IDL1         -0.088781   0.070287  -1.263
grp1:S1:IDR1       0.113940   0.099401   1.146
grp1:S2:IDR1      -0.032617   0.099401  -0.328
grp1:S1:IDR2      -0.061902   0.099401  -0.623
grp1:S2:IDR2      -0.079826   0.099401  -0.803
grp1:S1:IDL1      -0.088323   0.070287  -1.257
grp1:S2:IDL1       0.097962   0.070287   1.394
grp1:IDR1:IDL1    -0.075062   0.070287  -1.068
grp1:IDR2:IDL1     0.086531   0.070287   1.231
S1:IDR1:IDL1       0.010045   0.099401   0.101
S2:IDR1:IDL1       0.046713   0.099401   0.470
S1:IDR2:IDL1       0.030258   0.099401   0.304
S2:IDR2:IDL1      -0.031629   0.099401  -0.318
grp1:S1:IDR1:IDL1 -0.009720   0.099401  -0.098
grp1:S2:IDR1:IDL1 -0.045158   0.099401  -0.454
grp1:S1:IDR2:IDL1 -0.031027   0.099401  -0.312
grp1:S2:IDR2:IDL1  0.038365   0.099401   0.386

Correlation of Fixed Effects:
            (Intr) grp1   S1     S2     IDR1   IDR2   IDL1   gr1:S1 gr1:S2
grp1         0.000                                                        
S1           0.000  0.000                                                 
S2           0.000  0.000 -0.500                                          
IDR1         0.000  0.000  0.000  0.000                                   
IDR2         0.000  0.000  0.000  0.000 -0.500                            
IDL1         0.000  0.000  0.000  0.000  0.000  0.000                     
grp1:S1      0.000  0.000  0.000  0.000  0.000  0.000  0.000              
grp1:S2      0.000  0.000  0.000  0.000  0.000  0.000  0.000 -0.500       
grp1:IDR1    0.000  0.000  0.000  0.000  0.000  0.000  0.000  0.000  0.000
grp1:IDR2    0.000  0.000  0.000  0.000  0.000  0.000  0.000  0.000  0.000
S1:IDR1      0.000  0.000  0.000  0.000  0.000  0.000  0.000  0.000  0.000
S2:IDR1      0.000  0.000  0.000  0.000  0.000  0.000  0.000  0.000  0.000
S1:IDR2      0.000  0.000  0.000  0.000  0.000  0.000  0.000  0.000  0.000
S2:IDR2      0.000  0.000  0.000  0.000  0.000  0.000  0.000  0.000  0.000
grp1:IDL1    0.000  0.000  0.000  0.000  0.000  0.000  0.000  0.000  0.000
S1:IDL1      0.000  0.000  0.000  0.000  0.000  0.000  0.000  0.000  0.000
S2:IDL1      0.000  0.000  0.000  0.000  0.000  0.000  0.000  0.000  0.000
IDR1:IDL1    0.000  0.000  0.000  0.000  0.000  0.000  0.000  0.000  0.000
IDR2:IDL1    0.000  0.000  0.000  0.000  0.000  0.000  0.000  0.000  0.000
gr1:S1:IDR1  0.000  0.000  0.000  0.000  0.000  0.000  0.000  0.000  0.000
gr1:S2:IDR1  0.000  0.000  0.000  0.000  0.000  0.000  0.000  0.000  0.000
gr1:S1:IDR2  0.000  0.000  0.000  0.000  0.000  0.000  0.000  0.000  0.000
gr1:S2:IDR2  0.000  0.000  0.000  0.000  0.000  0.000  0.000  0.000  0.000
gr1:S1:IDL1  0.000  0.000  0.000  0.000  0.000  0.000  0.000  0.000  0.000
gr1:S2:IDL1  0.000  0.000  0.000  0.000  0.000  0.000  0.000  0.000  0.000
g1:IDR1:IDL  0.000  0.000  0.000  0.000  0.000  0.000  0.000  0.000  0.000
g1:IDR2:IDL  0.000  0.000  0.000  0.000  0.000  0.000  0.000  0.000  0.000
S1:IDR1:IDL  0.000  0.000  0.000  0.000  0.000  0.000  0.000  0.000  0.000
S2:IDR1:IDL  0.000  0.000  0.000  0.000  0.000  0.000  0.000  0.000  0.000
S1:IDR2:IDL  0.000  0.000  0.000  0.000  0.000  0.000  0.000  0.000  0.000
S2:IDR2:IDL  0.000  0.000  0.000  0.000  0.000  0.000  0.000  0.000  0.000
g1:S1:IDR1:  0.000  0.000  0.000  0.000  0.000  0.000  0.000  0.000  0.000
g1:S2:IDR1:  0.000  0.000  0.000  0.000  0.000  0.000  0.000  0.000  0.000
g1:S1:IDR2:  0.000  0.000  0.000  0.000  0.000  0.000  0.000  0.000  0.000
g1:S2:IDR2:  0.000  0.000  0.000  0.000  0.000  0.000  0.000  0.000  0.000
            gr1:IDR1 gr1:IDR2 S1:IDR1 S2:IDR1 S1:IDR2 S2:IDR2 g1:IDL S1:IDL
grp1                                                                       
S1                                                                         
S2                                                                         
IDR1                                                                       
IDR2                                                                       
IDL1                                                                       
grp1:S1                                                                    
grp1:S2                                                                    
grp1:IDR1                                                                  
grp1:IDR2   -0.500                                                         
S1:IDR1      0.000    0.000                                                
S2:IDR1      0.000    0.000   -0.500                                       
S1:IDR2      0.000    0.000   -0.500   0.250                               
S2:IDR2      0.000    0.000    0.250  -0.500  -0.500                       
grp1:IDL1    0.000    0.000    0.000   0.000   0.000   0.000               
S1:IDL1      0.000    0.000    0.000   0.000   0.000   0.000   0.000       
S2:IDL1      0.000    0.000    0.000   0.000   0.000   0.000   0.000 -0.500
IDR1:IDL1    0.000    0.000    0.000   0.000   0.000   0.000   0.000  0.000
IDR2:IDL1    0.000    0.000    0.000   0.000   0.000   0.000   0.000  0.000
gr1:S1:IDR1  0.000    0.000    0.000   0.000   0.000   0.000   0.000  0.000
gr1:S2:IDR1  0.000    0.000    0.000   0.000   0.000   0.000   0.000  0.000
gr1:S1:IDR2  0.000    0.000    0.000   0.000   0.000   0.000   0.000  0.000
gr1:S2:IDR2  0.000    0.000    0.000   0.000   0.000   0.000   0.000  0.000
gr1:S1:IDL1  0.000    0.000    0.000   0.000   0.000   0.000   0.000  0.000
gr1:S2:IDL1  0.000    0.000    0.000   0.000   0.000   0.000   0.000  0.000
g1:IDR1:IDL  0.000    0.000    0.000   0.000   0.000   0.000   0.000  0.000
g1:IDR2:IDL  0.000    0.000    0.000   0.000   0.000   0.000   0.000  0.000
S1:IDR1:IDL  0.000    0.000    0.000   0.000   0.000   0.000   0.000  0.000
S2:IDR1:IDL  0.000    0.000    0.000   0.000   0.000   0.000   0.000  0.000
S1:IDR2:IDL  0.000    0.000    0.000   0.000   0.000   0.000   0.000  0.000
S2:IDR2:IDL  0.000    0.000    0.000   0.000   0.000   0.000   0.000  0.000
g1:S1:IDR1:  0.000    0.000    0.000   0.000   0.000   0.000   0.000  0.000
g1:S2:IDR1:  0.000    0.000    0.000   0.000   0.000   0.000   0.000  0.000
g1:S1:IDR2:  0.000    0.000    0.000   0.000   0.000   0.000   0.000  0.000
g1:S2:IDR2:  0.000    0.000    0.000   0.000   0.000   0.000   0.000  0.000
            S2:IDL IDR1:I IDR2:I gr1:S1:IDR1 gr1:S2:IDR1 gr1:S1:IDR2
grp1                                                                
S1                                                                  
S2                                                                  
IDR1                                                                
IDR2                                                                
IDL1                                                                
grp1:S1                                                             
grp1:S2                                                             
grp1:IDR1                                                           
grp1:IDR2                                                           
S1:IDR1                                                             
S2:IDR1                                                             
S1:IDR2                                                             
S2:IDR2                                                             
grp1:IDL1                                                           
S1:IDL1                                                             
S2:IDL1                                                             
IDR1:IDL1    0.000                                                  
IDR2:IDL1    0.000 -0.500                                           
gr1:S1:IDR1  0.000  0.000  0.000                                    
gr1:S2:IDR1  0.000  0.000  0.000 -0.500                             
gr1:S1:IDR2  0.000  0.000  0.000 -0.500       0.250                 
gr1:S2:IDR2  0.000  0.000  0.000  0.250      -0.500      -0.500     
gr1:S1:IDL1  0.000  0.000  0.000  0.000       0.000       0.000     
gr1:S2:IDL1  0.000  0.000  0.000  0.000       0.000       0.000     
g1:IDR1:IDL  0.000  0.000  0.000  0.000       0.000       0.000     
g1:IDR2:IDL  0.000  0.000  0.000  0.000       0.000       0.000     
S1:IDR1:IDL  0.000  0.000  0.000  0.000       0.000       0.000     
S2:IDR1:IDL  0.000  0.000  0.000  0.000       0.000       0.000     
S1:IDR2:IDL  0.000  0.000  0.000  0.000       0.000       0.000     
S2:IDR2:IDL  0.000  0.000  0.000  0.000       0.000       0.000     
g1:S1:IDR1:  0.000  0.000  0.000  0.000       0.000       0.000     
g1:S2:IDR1:  0.000  0.000  0.000  0.000       0.000       0.000     
g1:S1:IDR2:  0.000  0.000  0.000  0.000       0.000       0.000     
g1:S2:IDR2:  0.000  0.000  0.000  0.000       0.000       0.000     
            gr1:S2:IDR2 g1:S1:IDL g1:S2:IDL g1:IDR1: g1:IDR2: S1:IDR1: S2:IDR1:
grp1                                                                           
S1                                                                             
S2                                                                             
IDR1                                                                           
IDR2                                                                           
IDL1                                                                           
grp1:S1                                                                        
grp1:S2                                                                        
grp1:IDR1                                                                      
grp1:IDR2                                                                      
S1:IDR1                                                                        
S2:IDR1                                                                        
S1:IDR2                                                                        
S2:IDR2                                                                        
grp1:IDL1                                                                      
S1:IDL1                                                                        
S2:IDL1                                                                        
IDR1:IDL1                                                                      
IDR2:IDL1                                                                      
gr1:S1:IDR1                                                                    
gr1:S2:IDR1                                                                    
gr1:S1:IDR2                                                                    
gr1:S2:IDR2                                                                    
gr1:S1:IDL1  0.000                                                             
gr1:S2:IDL1  0.000      -0.500                                                 
g1:IDR1:IDL  0.000       0.000     0.000                                       
g1:IDR2:IDL  0.000       0.000     0.000    -0.500                             
S1:IDR1:IDL  0.000       0.000     0.000     0.000    0.000                    
S2:IDR1:IDL  0.000       0.000     0.000     0.000    0.000   -0.500           
S1:IDR2:IDL  0.000       0.000     0.000     0.000    0.000   -0.500    0.250  
S2:IDR2:IDL  0.000       0.000     0.000     0.000    0.000    0.250   -0.500  
g1:S1:IDR1:  0.000       0.000     0.000     0.000    0.000    0.000    0.000  
g1:S2:IDR1:  0.000       0.000     0.000     0.000    0.000    0.000    0.000  
g1:S1:IDR2:  0.000       0.000     0.000     0.000    0.000    0.000    0.000  
g1:S2:IDR2:  0.000       0.000     0.000     0.000    0.000    0.000    0.000  
            S1:IDR2: S2:IDR2: g1:S1:IDR1: g1:S2:IDR1: g1:S1:IDR2:
grp1                                                             
S1                                                               
S2                                                               
IDR1                                                             
IDR2                                                             
IDL1                                                             
grp1:S1                                                          
grp1:S2                                                          
grp1:IDR1                                                        
grp1:IDR2                                                        
S1:IDR1                                                          
S2:IDR1                                                          
S1:IDR2                                                          
S2:IDR2                                                          
grp1:IDL1                                                        
S1:IDL1                                                          
S2:IDL1                                                          
IDR1:IDL1                                                        
IDR2:IDL1                                                        
gr1:S1:IDR1                                                      
gr1:S2:IDR1                                                      
gr1:S1:IDR2                                                      
gr1:S2:IDR2                                                      
gr1:S1:IDL1                                                      
gr1:S2:IDL1                                                      
g1:IDR1:IDL                                                      
g1:IDR2:IDL                                                      
S1:IDR1:IDL                                                      
S2:IDR1:IDL                                                      
S1:IDR2:IDL                                                      
S2:IDR2:IDL -0.500                                               
g1:S1:IDR1:  0.000    0.000                                      
g1:S2:IDR1:  0.000    0.000   -0.500                             
g1:S1:IDR2:  0.000    0.000   -0.500       0.250                 
g1:S2:IDR2:  0.000    0.000    0.250      -0.500      -0.500     
