[1] "IPerfL ~(S*IDR*IDL*grp)+Error(pp/(S*IDR*IDL))+grp"
$ANOVA
          Effect DFn DFd           F            p p<.05          ges
2            grp   1   8  4.36346005 7.013907e-02       0.1238371728
3              S   2  16  9.65320101 1.778821e-03     * 0.0900429861
4          grp:S   2  16  0.20703757 8.151331e-01       0.0021178056
5            IDR   2  16  2.04871589 1.613747e-01       0.0214872104
6        grp:IDR   2  16  0.57689519 5.729003e-01       0.0061454197
7            IDL   1   8  8.29375962 2.051504e-02     * 0.2526426872
8        grp:IDL   1   8  3.04209183 1.192877e-01       0.1103152303
9          S:IDR   4  32  1.48482892 2.299464e-01       0.0119568194
10     grp:S:IDR   4  32  0.98517892 4.295624e-01       0.0079653576
11         S:IDL   2  16  0.04025169 9.606446e-01       0.0004650896
12     grp:S:IDL   2  16  0.08234529 9.213416e-01       0.0009509989
13       IDR:IDL   2  16 20.72537382 3.619048e-05     * 0.1171374547
14   grp:IDR:IDL   2  16  2.96318983 8.039415e-02       0.0186165214
15     S:IDR:IDL   4  32  2.24025086 8.663878e-02       0.0105682546
16 grp:S:IDR:IDL   4  32  1.57637427 2.044465e-01       0.0074598176

$`Mauchly's Test for Sphericity`
          Effect          W           p p<.05
3              S 0.41182382 0.044821887     *
4          grp:S 0.41182382 0.044821887     *
5            IDR 0.24054218 0.006826049     *
6        grp:IDR 0.24054218 0.006826049     *
9          S:IDR 0.06147759 0.043038128     *
10     grp:S:IDR 0.06147759 0.043038128     *
11         S:IDL 0.33058602 0.020772832     *
12     grp:S:IDL 0.33058602 0.020772832     *
13       IDR:IDL 0.35926120 0.027793043     *
14   grp:IDR:IDL 0.35926120 0.027793043     *
15     S:IDR:IDL 0.31340909 0.606143114      
16 grp:S:IDR:IDL 0.31340909 0.606143114      

$`Sphericity Corrections`
          Effect       GGe        p[GG] p[GG]<.05       HFe        p[HF]
3              S 0.6296531 0.0083600356         * 0.6923438 0.0064159695
4          grp:S 0.6296531 0.7142361608           0.6923438 0.7357364280
5            IDR 0.5683569 0.1868079610           0.5995979 0.1851226449
6        grp:IDR 0.5683569 0.4880869651           0.5995979 0.4959784464
9          S:IDR 0.6178697 0.2507865308           0.9154034 0.2346592294
10     grp:S:IDR 0.6178697 0.4065368241           0.9154034 0.4256643418
11         S:IDL 0.5990126 0.8839357766           0.6455645 0.8981056691
12     grp:S:IDL 0.5990126 0.8236578789           0.6455645 0.8401563513
13       IDR:IDL 0.6094815 0.0007799068         * 0.6614525 0.0005163877
14   grp:IDR:IDL 0.6094815 0.1126910478           0.6614525 0.1078010032
15     S:IDR:IDL 0.6782747 0.1171819185           1.0600674 0.0866387790
16 grp:S:IDR:IDL 0.6782747 0.2258606144           1.0600674 0.2044465162
   p[HF]<.05
3          *
4           
5           
6           
9           
10          
11          
12          
13         *
14          
15          
16          

