[1] "Full vs no Session"
Data: mdata
Models:
noS.mod: get(vname) ~ (1 | pp) + (1 | pp/IDR) + (1 | pp/IDL) + (1 | pp/IDR:IDL) + 
noS.mod:     IDR * IDL * grp
full.mod: get(vname) ~ (1 | pp) + (1 | pp/S) + (1 | pp/IDR) + (1 | pp/IDL) + 
full.mod:     (1 | pp/IDR:IDL) + (1 | pp/S:IDR:IDL) + S * IDR * IDL * grp
         Df     AIC     BIC logLik  Chisq Chi Df Pr(>Chisq)    
noS.mod  20 -1059.2 -973.40 549.62                             
full.mod 48 -1203.0 -996.95 649.48 199.72     28  < 2.2e-16 ***
---
Signif. codes:  0 ‘***’ 0.001 ‘**’ 0.01 ‘*’ 0.05 ‘.’ 0.1 ‘ ’ 1 
[1] "Full vs no Group"
Data: mdata
Models:
nogrp.mod: get(vname) ~ (1 | pp) + (1 | pp/S) + (1 | pp/IDR) + (1 | pp/IDL) + 
nogrp.mod:     (1 | pp/IDR:IDL) + (1 | pp/S:IDR:IDL) + S * IDR * IDL
full.mod: get(vname) ~ (1 | pp) + (1 | pp/S) + (1 | pp/IDR) + (1 | pp/IDL) + 
full.mod:     (1 | pp/IDR:IDL) + (1 | pp/S:IDR:IDL) + S * IDR * IDL * grp
          Df     AIC      BIC logLik  Chisq Chi Df Pr(>Chisq)
nogrp.mod 30 -1215.1 -1086.33 637.54                         
full.mod  48 -1203.0  -996.95 649.48 23.876     18     0.1591
[1] "Full vs no Session and no Group"
Data: mdata
Models:
noSgrp.mod: get(vname) ~ (1 | pp) + (1 | pp/IDR) + (1 | pp/IDL) + (1 | pp/IDR:IDL) + 
noSgrp.mod:     IDR * IDL
full.mod: get(vname) ~ (1 | pp) + (1 | pp/S) + (1 | pp/IDR) + (1 | pp/IDL) + 
full.mod:     (1 | pp/IDR:IDL) + (1 | pp/S:IDR:IDL) + S * IDR * IDL * grp
           Df     AIC      BIC logLik  Chisq Chi Df Pr(>Chisq)    
noSgrp.mod 14 -1064.4 -1004.30 546.19                             
full.mod   48 -1203.0  -996.95 649.48 206.57     34  < 2.2e-16 ***
---
Signif. codes:  0 ‘***’ 0.001 ‘**’ 0.01 ‘*’ 0.05 ‘.’ 0.1 ‘ ’ 1 
[1] "No Group vs no Session and no Group"
Data: mdata
Models:
noSgrp.mod: get(vname) ~ (1 | pp) + (1 | pp/IDR) + (1 | pp/IDL) + (1 | pp/IDR:IDL) + 
noSgrp.mod:     IDR * IDL
nogrp.mod: get(vname) ~ (1 | pp) + (1 | pp/S) + (1 | pp/IDR) + (1 | pp/IDL) + 
nogrp.mod:     (1 | pp/IDR:IDL) + (1 | pp/S:IDR:IDL) + S * IDR * IDL
           Df     AIC     BIC logLik  Chisq Chi Df Pr(>Chisq)    
noSgrp.mod 14 -1064.4 -1004.3 546.19                             
nogrp.mod  30 -1215.1 -1086.3 637.54 182.69     16  < 2.2e-16 ***
---
Signif. codes:  0 ‘***’ 0.001 ‘**’ 0.01 ‘*’ 0.05 ‘.’ 0.1 ‘ ’ 1 
[1] "No Session vs no Session and no Group"
Data: mdata
Models:
noSgrp.mod: get(vname) ~ (1 | pp) + (1 | pp/IDR) + (1 | pp/IDL) + (1 | pp/IDR:IDL) + 
noSgrp.mod:     IDR * IDL
noS.mod: get(vname) ~ (1 | pp) + (1 | pp/IDR) + (1 | pp/IDL) + (1 | pp/IDR:IDL) + 
noS.mod:     IDR * IDL * grp
           Df     AIC     BIC logLik  Chisq Chi Df Pr(>Chisq)
noSgrp.mod 14 -1064.4 -1004.3 546.19                         
noS.mod    20 -1059.2  -973.4 549.62 6.8532      6     0.3346
