[1] "Summary by group"
  grp  q2Lrel.m  q2Lrel.s
1   C 0.9358786 0.1828602
2   U 0.9777607 0.2111061
[1] "Summary by session\n"
  S  q2Lrel.m  q2Lrel.s
1 1 0.9430034 0.1941239
2 2 0.9652512 0.2028155
3 3 0.9622044 0.1985837
[1] "Summary by IDR+IDR\n"
  IDL IDR  q2Lrel.m   q2Lrel.s
1   D   D 1.2058379 0.15417504
2   D   M 1.1121306 0.12896797
3   D   E 1.0088405 0.12414169
4   E   D 0.8219495 0.08879839
5   E   M 0.8021305 0.09781845
6   E   E 0.7900289 0.06780565
[1] "Summary by group + Session\n"
  grp S  q2Lrel.m  q2Lrel.s
1   C 1 0.9096898 0.1573858
2   C 2 0.9347299 0.2007398
3   C 3 0.9632162 0.1858699
4   U 1 0.9763170 0.2208547
5   U 2 0.9957725 0.2013701
6   U 3 0.9611926 0.2115760
[1] "Summary by Session + IDR + IDL \n"
   S IDL IDR  q2Lrel.m   q2Lrel.s
1  1   D   D 1.1858488 0.18185375
2  1   D   M 1.0613946 0.16861426
3  1   D   E 0.9706238 0.15279674
4  1   E   D 0.8441795 0.07730873
5  1   E   M 0.8140298 0.08663426
6  1   E   E 0.7819439 0.06188304
7  2   D   D 1.2231729 0.14695501
8  2   D   M 1.1413909 0.09269096
9  2   D   E 1.0207543 0.11130269
10 2   E   D 0.8054506 0.09755285
11 2   E   M 0.8104335 0.09137101
12 2   E   E 0.7903049 0.08051762
13 3   D   D 1.2084918 0.13248051
14 3   D   M 1.1336063 0.09998603
15 3   D   E 1.0351435 0.09585286
16 3   E   D 0.8162183 0.08876528
17 3   E   M 0.7819283 0.11345082
18 3   E   E 0.7978380 0.06055172
[1] "Summary by group + IDR + IDL\n"
   grp IDL IDR  q2Lrel.m   q2Lrel.s
1    C   D   D 1.1584123 0.13091721
2    C   D   M 1.0898944 0.13366278
3    C   D   E 0.9630541 0.10483948
4    C   E   D 0.8248059 0.10227006
5    C   E   M 0.8015274 0.09800740
6    C   E   E 0.7775774 0.07744109
7    U   D   D 1.2532634 0.16229665
8    U   D   M 1.1343668 0.12151699
9    U   D   E 1.0546269 0.12606815
10   U   E   D 0.8190930 0.07398419
11   U   E   M 0.8027336 0.09873282
12   U   E   E 0.8024804 0.05463931
[1] "Summary by group + Session + IDR + IDL\n"
   grp S IDL IDR  q2Lrel.m   q2Lrel.s
1    C 1   D   D 1.1138748 0.13013415
2    C 1   D   M 1.0028759 0.13045647
3    C 1   D   E 0.9193254 0.11818011
4    C 1   E   D 0.8355507 0.07587855
5    C 1   E   M 0.7977353 0.09573771
6    C 1   E   E 0.7887767 0.07462776
7    C 2   D   D 1.1981767 0.11907118
8    C 2   D   M 1.1242773 0.10197034
9    C 2   D   E 0.9615248 0.05756800
10   C 2   E   D 0.8011095 0.12316327
11   C 2   E   M 0.7805868 0.09923574
12   C 2   E   E 0.7427040 0.07445260
13   C 3   D   D 1.1631855 0.13751271
14   C 3   D   M 1.1425300 0.12800199
15   C 3   D   E 1.0083122 0.11409486
16   C 3   E   D 0.8377576 0.10507075
17   C 3   E   M 0.8262601 0.10017225
18   C 3   E   E 0.8012516 0.07548309
19   U 1   D   D 1.2578229 0.20116740
20   U 1   D   M 1.1199132 0.18583688
21   U 1   D   E 1.0219222 0.16957535
22   U 1   E   D 0.8528083 0.08039328
23   U 1   E   M 0.8303244 0.07623932
24   U 1   E   E 0.7751112 0.04757324
25   U 2   D   D 1.2481691 0.17093064
26   U 2   D   M 1.1585045 0.08228836
27   U 2   D   E 1.0799837 0.12177836
28   U 2   E   D 0.8097917 0.06710660
29   U 2   E   M 0.8402801 0.07441113
30   U 2   E   E 0.8379057 0.05505166
31   U 3   D   D 1.2537982 0.11422568
32   U 3   D   M 1.1246826 0.06444650
33   U 3   D   E 1.0619749 0.06686916
34   U 3   E   D 0.7946790 0.06547770
35   U 3   E   M 0.7375964 0.11142566
36   U 3   E   E 0.7944244 0.04326949
