[1] "HarmonicityR ~(S*DID*grp)+Error(pp/(S*DID))+grp"
$ANOVA
     Effect DFn DFd        F           p p<.05        ges
2       grp   1   8 6.125571 0.038410521     * 0.22789024
3         S   2  16 4.589777 0.026581255     * 0.07345482
5       DID   2  16 7.601395 0.004779830     * 0.15462775
4     grp:S   2  16 5.088408 0.019481627     * 0.08079019
6   grp:DID   2  16 9.351670 0.002041689     * 0.18369171
7     S:DID   4  32 1.870374 0.139833733       0.06223235
8 grp:S:DID   4  32 1.699097 0.174523153       0.05685755

$`Mauchly's Test for Sphericity`
     Effect          W           p p<.05
3         S 0.73502908 0.340459784      
4     grp:S 0.73502908 0.340459784      
5       DID 0.28605917 0.012519747     *
6   grp:DID 0.28605917 0.012519747     *
7     S:DID 0.01544715 0.002103275     *
8 grp:S:DID 0.01544715 0.002103275     *

$`Sphericity Corrections`
     Effect       GGe      p[GG] p[GG]<.05       HFe      p[HF] p[HF]<.05
3         S 0.7905320 0.03845019         * 0.9526171 0.02888449         *
4     grp:S 0.7905320 0.02977767         * 0.9526171 0.02143356         *
5       DID 0.5834507 0.01875658         * 0.6221272 0.01649256         *
6   grp:DID 0.5834507 0.01107024         * 0.6221272 0.00944239         *
7     S:DID 0.4839554 0.18786238           0.6357991 0.17255414          
8 grp:S:DID 0.4839554 0.21548475           0.6357991 0.20319134          

