[1] "vfTrajCircularityRrel ~S*IDR*IDL*grp + Error(pp/(S*IDR*IDL))"
$ANOVA
          Effect DFn DFd           F          p p<.05          ges
2            grp   1   8  0.28693391 0.60675882       1.114192e-02
3              S   2  16  1.34552401 0.28833053       2.387551e-02
5            IDR   2  16  4.41536476 0.02971967     * 7.554550e-02
7            IDL   1   8 17.95033064 0.00284992     * 1.578075e-01
4          grp:S   2  16  3.16284958 0.06958559       5.436959e-02
6        grp:IDR   2  16  0.44029526 0.65141654       8.083059e-03
8        grp:IDL   1   8  1.08068539 0.32894019       1.115504e-02
9          S:IDR   4  32  0.28920191 0.88280779       8.099654e-03
11         S:IDL   2  16  0.02550389 0.97485813       9.218261e-05
13       IDR:IDL   2  16  5.39802824 0.01615819     * 1.790601e-02
10     grp:S:IDR   4  32  2.45688830 0.06554509       6.487150e-02
12     grp:S:IDL   2  16  0.06571460 0.93664947       2.374878e-04
14   grp:IDR:IDL   2  16  1.71397957 0.21161303       5.755848e-03
15     S:IDR:IDL   4  32  2.62043879 0.05315813       8.775653e-03
16 grp:S:IDR:IDL   4  32  0.51344291 0.72628769       1.731701e-03

$`Mauchly's Test for Sphericity`
          Effect         W         p p<.05
3              S 0.6387204 0.2082513      
4          grp:S 0.6387204 0.2082513      
5            IDR 0.9391179 0.8026392      
6        grp:IDR 0.9391179 0.8026392      
9          S:IDR 0.1029498 0.1151465      
10     grp:S:IDR 0.1029498 0.1151465      
11         S:IDL 0.5910021 0.1586944      
12     grp:S:IDL 0.5910021 0.1586944      
13       IDR:IDL 0.7860685 0.4306370      
14   grp:IDR:IDL 0.7860685 0.4306370      
15     S:IDR:IDL 0.2753330 0.5235100      
16 grp:S:IDR:IDL 0.2753330 0.5235100      

$`Sphericity Corrections`
          Effect       GGe      p[GG] p[GG]<.05       HFe      p[HF] p[HF]<.05
3              S 0.7346029 0.28705039           0.8592258 0.28825252          
4          grp:S 0.7346029 0.09026141           0.8592258 0.07987673          
5            IDR 0.9426118 0.03269297         * 1.2238397 0.02971967         *
6        grp:IDR 0.9426118 0.64051241           1.2238397 0.65141654          
9          S:IDR 0.6056464 0.79159158           0.8876547 0.86292440          
10     grp:S:IDR 0.6056464 0.10361083           0.8876547 0.07455820          
11         S:IDL 0.7097243 0.93795271           0.8187032 0.95600079          
12     grp:S:IDL 0.7097243 0.88012282           0.8187032 0.90606617          
13       IDR:IDL 0.8237697 0.02374188         * 1.0096761 0.01615819         *
14   grp:IDR:IDL 0.8237697 0.21847573           1.0096761 0.21161303          
15     S:IDR:IDL 0.6896632 0.08019600           1.0888363 0.05315813          
16 grp:S:IDR:IDL 0.6896632 0.66254299           1.0888363 0.72628769          

