Post-hoc Tukey comparisons[1] "grp Tukey test"

	Pairwise comparisons using paired t tests 

data:  mdata$vfTrajCircularityRrel and mdata$grp 

  C    
U 0.052

P value adjustment method: bonferroni 
[1] "S Tukey test"

	Pairwise comparisons using paired t tests 

data:  mdata$vfTrajCircularityRrel and mdata$S 

  1       2      
2 0.00078 -      
3 0.60933 0.06017

P value adjustment method: bonferroni 
[1] "IDR Tukey test"

	Pairwise comparisons using paired t tests 

data:  mdata$vfTrajCircularityRrel and mdata$IDR 

  D      M     
M 1e-10  -     
E 0.0016 0.0411

P value adjustment method: bonferroni 
[1] "IDL Tukey test"
