[1] "d3D ~(S*DID*grp)+Error(pp/(S*DID))+grp"
$ANOVA
     Effect DFn DFd         F            p p<.05       ges
2       grp   1   8 13.869932 5.835809e-03     * 0.3501485
3         S   2  16 16.149157 1.450454e-04     * 0.2901195
5       DID   2  16 19.552371 5.051822e-05     * 0.4045347
4     grp:S   2  16  6.390759 9.121163e-03     * 0.1392158
6   grp:DID   2  16  6.316685 9.505613e-03     * 0.1799763
7     S:DID   4  32  3.644088 1.480578e-02     * 0.0868496
8 grp:S:DID   4  32  1.777646 1.576692e-01       0.0443390

$`Mauchly's Test for Sphericity`
     Effect         W          p p<.05
3         S 0.7885537 0.43542115      
4     grp:S 0.7885537 0.43542115      
5       DID 0.3139590 0.01734024     *
6   grp:DID 0.3139590 0.01734024     *
7     S:DID 0.1410163 0.19740426      
8 grp:S:DID 0.1410163 0.19740426      

$`Sphericity Corrections`
     Effect       GGe        p[GG] p[GG]<.05       HFe        p[HF] p[HF]<.05
3         S 0.8254596 0.0004506978         * 1.0126091 0.0001450454         *
4     grp:S 0.8254596 0.0145638146         * 1.0126091 0.0091211626         *
5       DID 0.5931054 0.0010884499         * 0.6366426 0.0007810611         *
6   grp:DID 0.5931054 0.0281185740         * 0.6366426 0.0250022534         *
7     S:DID 0.5364023 0.0453603766         * 0.7392095 0.0276142095         *
8 grp:S:DID 0.5364023 0.1975329458           0.7392095 0.1792454001          

