[1] "Summary by group"
  grp     d3D.m     d3D.s
1   C 0.6559443 0.2063177
2   U 0.8634087 0.2809093
[1] "Summary by session\n"
  S     d3D.m     d3D.s
1 1 0.6538999 0.2144184
2 2 0.7505081 0.2321571
3 3 0.8746216 0.3015119
[1] "Summary by DID\n"
  DID     d3D.m     d3D.s
1   1 0.8564658 0.1002474
2   2 0.8267141 0.2546053
3   3 0.5958497 0.3154514
[1] "Summary by group + Session\n"
  grp S     d3D.m     d3D.s
1   C 1 0.5804791 0.2007243
2   C 2 0.6960849 0.2092779
3   C 3 0.6912689 0.1918328
4   U 1 0.7273207 0.2041540
5   U 2 0.8049313 0.2432347
6   U 3 1.0579742 0.2798582
[1] "Summary by Session + DID\n"
  S DID     d3D.m      d3D.s
1 1   1 0.8054293 0.08102625
2 1   2 0.6629290 0.18403184
3 1   3 0.4933413 0.22396020
4 2   1 0.8700307 0.05415480
5 2   2 0.8203520 0.17697396
6 2   3 0.5611417 0.27245990
7 3   1 0.8939373 0.13040802
8 3   2 0.9968613 0.27570628
9 3   3 0.7330660 0.38652933
[1] "Summary by group + DID\n"
  grp DID     d3D.m      d3D.s
1   C   1 0.8434862 0.08315228
2   C   2 0.6975447 0.14156416
3   C   3 0.4268020 0.10602039
4   U   1 0.8694453 0.11431783
5   U   2 0.9558836 0.27740356
6   U   3 0.7648973 0.36274962
[1] "Summary by group + Session + DID\n"
   grp S DID     d3D.m      d3D.s
1    C 1   1 0.7821587 0.09828170
2    C 1   2 0.5668100 0.14841193
3    C 1   3 0.3924687 0.11527434
4    C 2   1 0.8922453 0.03293757
5    C 2   2 0.7624747 0.07427822
6    C 2   3 0.4335347 0.10601935
7    C 3   1 0.8560547 0.06511723
8    C 3   2 0.7633493 0.08928503
9    C 3   3 0.4544027 0.09311659
10   U 1   1 0.8287000 0.05272335
11   U 1   2 0.7590480 0.16831783
12   U 1   3 0.5942140 0.26231030
13   U 2   1 0.8478160 0.06271046
14   U 2   2 0.8782293 0.22843232
15   U 2   3 0.6887487 0.32808205
16   U 3   1 0.9318200 0.16706817
17   U 3   2 1.2303733 0.18066613
18   U 3   3 1.0117293 0.36662119
