Post-hoc Tukey comparisons[1] "grp Tukey test"

	Pairwise comparisons using paired t tests 

data:  mdata$maxangleRrel and mdata$grp 

  C    
U 0.012

P value adjustment method: bonferroni 
[1] "S Tukey test"

	Pairwise comparisons using paired t tests 

data:  mdata$maxangleRrel and mdata$S 

  1    2   
2 0.22 -   
3 1.00 0.28

P value adjustment method: bonferroni 
[1] "IDR Tukey test"

	Pairwise comparisons using paired t tests 

data:  mdata$maxangleRrel and mdata$IDR 

  D       M      
M 0.00064 -      
E 0.00210 1.00000

P value adjustment method: bonferroni 
[1] "IDL Tukey test"
