                  Estimate MCMCmean HPD95lower HPD95upper pMCMC Pr(>|t|)
(Intercept)         2.0124   2.0102     1.1814     2.8433 0.001   0.0000
grp1                0.2572   0.2593    -0.5504     1.0714 0.512   0.3730
S1                  0.1093   0.1053    -0.2301     0.4894 0.562   0.6076
S2                 -0.2222  -0.2294    -0.5907     0.1390 0.208   0.2968
IDR1               -0.5065  -0.5106    -0.7627    -0.2490 0.001   0.0002
IDR2                0.2507   0.2602    -0.0247     0.4826 0.054   0.0610
IDL1                0.7114   0.7261     0.3833     1.0468 0.001   0.0003
grp1:S1             0.3183   0.3184    -0.0686     0.6909 0.110   0.1353
grp1:S2            -0.1084  -0.1082    -0.4690     0.2824 0.564   0.6107
grp1:IDR1          -0.0841  -0.0871    -0.3358     0.1679 0.512   0.5292
grp1:IDR2           0.0675   0.0754    -0.1630     0.3326 0.518   0.6133
S1:IDR1             0.0254   0.0230    -0.2939     0.3140 0.864   0.8844
S2:IDR1             0.0565   0.0601    -0.2339     0.3635 0.674   0.7471
S1:IDR2            -0.4113  -0.4144    -0.7038    -0.0772 0.006   0.0192
S2:IDR2             0.0610   0.0534    -0.2408     0.3343 0.742   0.7276
grp1:IDL1           0.2876   0.2943    -0.0218     0.6651 0.064   0.1434
S1:IDL1             0.0207   0.0163    -0.2132     0.2294 0.894   0.8671
S2:IDL1            -0.1445  -0.1429    -0.3836     0.0771 0.206   0.2434
IDR1:IDL1          -0.5671  -0.5643    -0.7791    -0.3270 0.001   0.0000
IDR2:IDL1           0.1084   0.1092    -0.1288     0.3194 0.348   0.3813
grp1:S1:IDR1       -0.1232  -0.1295    -0.4616     0.2131 0.428   0.4819
grp1:S2:IDR1        0.1368   0.1388    -0.1746     0.4690 0.354   0.4349
grp1:S1:IDR2        0.0231   0.0252    -0.2763     0.3486 0.854   0.8949
grp1:S2:IDR2       -0.3264  -0.3241    -0.6522    -0.0533 0.034   0.0628
grp1:S1:IDL1        0.1341   0.1325    -0.0712     0.3605 0.236   0.2789
grp1:S2:IDL1       -0.1172  -0.1126    -0.3332     0.1173 0.340   0.3440
grp1:IDR1:IDL1     -0.2552  -0.2591    -0.4989    -0.0337 0.032   0.0397
grp1:IDR2:IDL1      0.1791   0.1784    -0.0145     0.4126 0.106   0.1486
S1:IDR1:IDL1       -0.1372  -0.1454    -0.4689     0.1563 0.354   0.4334
S2:IDR1:IDL1       -0.0498  -0.0523    -0.3367     0.2967 0.734   0.7761
S1:IDR2:IDL1       -0.3711  -0.3657    -0.6622    -0.0484 0.022   0.0344
S2:IDR2:IDL1        0.2473   0.2488    -0.0617     0.5528 0.104   0.1582
grp1:S1:IDR1:IDL1   0.1215   0.1126    -0.1968     0.4275 0.476   0.4880
grp1:S2:IDR1:IDL1   0.0730   0.0744    -0.2124     0.3826 0.626   0.6769
grp1:S1:IDR2:IDL1  -0.3211  -0.3165    -0.6617    -0.0197 0.056   0.0671
grp1:S2:IDR2:IDL1  -0.2101  -0.2142    -0.5074     0.1289 0.176   0.2305
NULL
       Length Class      Mode
fixed  6      data.frame list
random 7      data.frame list
Analysis of Variance Table
              Df Sum Sq Mean Sq F value
grp            1  2.530   2.530  0.7965
S              2  3.465   1.732  0.5455
IDR            2 45.712  22.856  7.1971
IDL            1 41.698  41.698 13.1302
grp:S          2  7.347   3.674  1.1568
grp:IDR        2  1.414   0.707  0.2226
S:IDR          4 24.920   6.230  1.9618
grp:IDL        1  6.817   6.817  2.1467
S:IDL          2  5.066   2.533  0.7976
IDR:IDL        2 75.159  37.580 11.8334
grp:S:IDR      4 16.726   4.181  1.3167
grp:S:IDL      2  4.427   2.213  0.6970
grp:IDR:IDL    2 14.236   7.118  2.2413
S:IDR:IDL      4 30.623   7.656  2.4107
grp:S:IDR:IDL  4 30.387   7.597  2.3921
Linear mixed model fit by REML 
Formula: get(vname) ~ (1 | pp) + (1 | pp/S) + (1 | pp/IDR) + (1 | pp/IDL) +      (1 | pp/S:IDR:IDL) + grp * S * IDR * IDL 
   Data: mdata 
  AIC  BIC logLik deviance REMLdev
 2395 2592  -1151     2231    2303
Random effects:
 Groups       Name        Variance Std.Dev.
 S:IDR:IDL:pp (Intercept) 0.319749 0.56546 
 IDR:pp       (Intercept) 0.037646 0.19402 
 S:pp         (Intercept) 0.449347 0.67033 
 IDL:pp       (Intercept) 0.617363 0.78572 
 pp           (Intercept) 0.056899 0.23853 
 pp           (Intercept) 0.056899 0.23853 
 pp           (Intercept) 0.056899 0.23854 
 pp           (Intercept) 0.056899 0.23853 
 pp           (Intercept) 0.056899 0.23853 
 Residual                 3.175711 1.78205 
Number of obs: 540, groups: S:IDR:IDL:pp, 180; IDR:pp, 30; S:pp, 30; IDL:pp, 20; pp, 10

Fixed effects:
                  Estimate Std. Error t value
(Intercept)        2.01238    0.28848   6.976
grp1               0.25722    0.28848   0.892
S1                 0.10932    0.21278   0.514
S2                -0.22221    0.21278  -1.044
IDR1              -0.50650    0.13352  -3.794
IDR2               0.25067    0.13352   1.877
IDL1               0.71136    0.19627   3.624
grp1:S1            0.31826    0.21278   1.496
grp1:S2           -0.10838    0.21278  -0.509
grp1:IDR1         -0.08407    0.13352  -0.630
grp1:IDR2          0.06752    0.13352   0.506
S1:IDR1            0.02545    0.17501   0.145
S2:IDR1            0.05646    0.17501   0.323
S1:IDR2           -0.41128    0.17501  -2.350
S2:IDR2            0.06100    0.17501   0.349
grp1:IDL1          0.28763    0.19627   1.465
S1:IDL1            0.02072    0.12375   0.167
S2:IDL1           -0.14453    0.12375  -1.168
IDR1:IDL1         -0.56707    0.12375  -4.582
IDR2:IDL1          0.10844    0.12375   0.876
grp1:S1:IDR1      -0.12316    0.17501  -0.704
grp1:S2:IDR1       0.13677    0.17501   0.781
grp1:S1:IDR2       0.02312    0.17501   0.132
grp1:S2:IDR2      -0.32639    0.17501  -1.865
grp1:S1:IDL1       0.13414    0.12375   1.084
grp1:S2:IDL1      -0.11722    0.12375  -0.947
grp1:IDR1:IDL1    -0.25519    0.12375  -2.062
grp1:IDR2:IDL1     0.17905    0.12375   1.447
S1:IDR1:IDL1      -0.13722    0.17501  -0.784
S2:IDR1:IDL1      -0.04980    0.17501  -0.285
S1:IDR2:IDL1      -0.37112    0.17501  -2.121
S2:IDR2:IDL1       0.24733    0.17501   1.413
grp1:S1:IDR1:IDL1  0.12146    0.17501   0.694
grp1:S2:IDR1:IDL1  0.07296    0.17501   0.417
grp1:S1:IDR2:IDL1 -0.32113    0.17501  -1.835
grp1:S2:IDR2:IDL1 -0.21009    0.17501  -1.200

Correlation of Fixed Effects:
            (Intr) grp1   S1     S2     IDR1   IDR2   IDL1   gr1:S1 gr1:S2
grp1         0.000                                                        
S1           0.000  0.000                                                 
S2           0.000  0.000 -0.500                                          
IDR1         0.000  0.000  0.000  0.000                                   
IDR2         0.000  0.000  0.000  0.000 -0.500                            
IDL1         0.000  0.000  0.000  0.000  0.000  0.000                     
grp1:S1      0.000  0.000  0.000  0.000  0.000  0.000  0.000              
grp1:S2      0.000  0.000  0.000  0.000  0.000  0.000  0.000 -0.500       
grp1:IDR1    0.000  0.000  0.000  0.000  0.000  0.000  0.000  0.000  0.000
grp1:IDR2    0.000  0.000  0.000  0.000  0.000  0.000  0.000  0.000  0.000
S1:IDR1      0.000  0.000  0.000  0.000  0.000  0.000  0.000  0.000  0.000
S2:IDR1      0.000  0.000  0.000  0.000  0.000  0.000  0.000  0.000  0.000
S1:IDR2      0.000  0.000  0.000  0.000  0.000  0.000  0.000  0.000  0.000
S2:IDR2      0.000  0.000  0.000  0.000  0.000  0.000  0.000  0.000  0.000
grp1:IDL1    0.000  0.000  0.000  0.000  0.000  0.000  0.000  0.000  0.000
S1:IDL1      0.000  0.000  0.000  0.000  0.000  0.000  0.000  0.000  0.000
S2:IDL1      0.000  0.000  0.000  0.000  0.000  0.000  0.000  0.000  0.000
IDR1:IDL1    0.000  0.000  0.000  0.000  0.000  0.000  0.000  0.000  0.000
IDR2:IDL1    0.000  0.000  0.000  0.000  0.000  0.000  0.000  0.000  0.000
gr1:S1:IDR1  0.000  0.000  0.000  0.000  0.000  0.000  0.000  0.000  0.000
gr1:S2:IDR1  0.000  0.000  0.000  0.000  0.000  0.000  0.000  0.000  0.000
gr1:S1:IDR2  0.000  0.000  0.000  0.000  0.000  0.000  0.000  0.000  0.000
gr1:S2:IDR2  0.000  0.000  0.000  0.000  0.000  0.000  0.000  0.000  0.000
gr1:S1:IDL1  0.000  0.000  0.000  0.000  0.000  0.000  0.000  0.000  0.000
gr1:S2:IDL1  0.000  0.000  0.000  0.000  0.000  0.000  0.000  0.000  0.000
g1:IDR1:IDL  0.000  0.000  0.000  0.000  0.000  0.000  0.000  0.000  0.000
g1:IDR2:IDL  0.000  0.000  0.000  0.000  0.000  0.000  0.000  0.000  0.000
S1:IDR1:IDL  0.000  0.000  0.000  0.000  0.000  0.000  0.000  0.000  0.000
S2:IDR1:IDL  0.000  0.000  0.000  0.000  0.000  0.000  0.000  0.000  0.000
S1:IDR2:IDL  0.000  0.000  0.000  0.000  0.000  0.000  0.000  0.000  0.000
S2:IDR2:IDL  0.000  0.000  0.000  0.000  0.000  0.000  0.000  0.000  0.000
g1:S1:IDR1:  0.000  0.000  0.000  0.000  0.000  0.000  0.000  0.000  0.000
g1:S2:IDR1:  0.000  0.000  0.000  0.000  0.000  0.000  0.000  0.000  0.000
g1:S1:IDR2:  0.000  0.000  0.000  0.000  0.000  0.000  0.000  0.000  0.000
g1:S2:IDR2:  0.000  0.000  0.000  0.000  0.000  0.000  0.000  0.000  0.000
            gr1:IDR1 gr1:IDR2 S1:IDR1 S2:IDR1 S1:IDR2 S2:IDR2 g1:IDL S1:IDL
grp1                                                                       
S1                                                                         
S2                                                                         
IDR1                                                                       
IDR2                                                                       
IDL1                                                                       
grp1:S1                                                                    
grp1:S2                                                                    
grp1:IDR1                                                                  
grp1:IDR2   -0.500                                                         
S1:IDR1      0.000    0.000                                                
S2:IDR1      0.000    0.000   -0.500                                       
S1:IDR2      0.000    0.000   -0.500   0.250                               
S2:IDR2      0.000    0.000    0.250  -0.500  -0.500                       
grp1:IDL1    0.000    0.000    0.000   0.000   0.000   0.000               
S1:IDL1      0.000    0.000    0.000   0.000   0.000   0.000   0.000       
S2:IDL1      0.000    0.000    0.000   0.000   0.000   0.000   0.000 -0.500
IDR1:IDL1    0.000    0.000    0.000   0.000   0.000   0.000   0.000  0.000
IDR2:IDL1    0.000    0.000    0.000   0.000   0.000   0.000   0.000  0.000
gr1:S1:IDR1  0.000    0.000    0.000   0.000   0.000   0.000   0.000  0.000
gr1:S2:IDR1  0.000    0.000    0.000   0.000   0.000   0.000   0.000  0.000
gr1:S1:IDR2  0.000    0.000    0.000   0.000   0.000   0.000   0.000  0.000
gr1:S2:IDR2  0.000    0.000    0.000   0.000   0.000   0.000   0.000  0.000
gr1:S1:IDL1  0.000    0.000    0.000   0.000   0.000   0.000   0.000  0.000
gr1:S2:IDL1  0.000    0.000    0.000   0.000   0.000   0.000   0.000  0.000
g1:IDR1:IDL  0.000    0.000    0.000   0.000   0.000   0.000   0.000  0.000
g1:IDR2:IDL  0.000    0.000    0.000   0.000   0.000   0.000   0.000  0.000
S1:IDR1:IDL  0.000    0.000    0.000   0.000   0.000   0.000   0.000  0.000
S2:IDR1:IDL  0.000    0.000    0.000   0.000   0.000   0.000   0.000  0.000
S1:IDR2:IDL  0.000    0.000    0.000   0.000   0.000   0.000   0.000  0.000
S2:IDR2:IDL  0.000    0.000    0.000   0.000   0.000   0.000   0.000  0.000
g1:S1:IDR1:  0.000    0.000    0.000   0.000   0.000   0.000   0.000  0.000
g1:S2:IDR1:  0.000    0.000    0.000   0.000   0.000   0.000   0.000  0.000
g1:S1:IDR2:  0.000    0.000    0.000   0.000   0.000   0.000   0.000  0.000
g1:S2:IDR2:  0.000    0.000    0.000   0.000   0.000   0.000   0.000  0.000
            S2:IDL IDR1:I IDR2:I gr1:S1:IDR1 gr1:S2:IDR1 gr1:S1:IDR2
grp1                                                                
S1                                                                  
S2                                                                  
IDR1                                                                
IDR2                                                                
IDL1                                                                
grp1:S1                                                             
grp1:S2                                                             
grp1:IDR1                                                           
grp1:IDR2                                                           
S1:IDR1                                                             
S2:IDR1                                                             
S1:IDR2                                                             
S2:IDR2                                                             
grp1:IDL1                                                           
S1:IDL1                                                             
S2:IDL1                                                             
IDR1:IDL1    0.000                                                  
IDR2:IDL1    0.000 -0.500                                           
gr1:S1:IDR1  0.000  0.000  0.000                                    
gr1:S2:IDR1  0.000  0.000  0.000 -0.500                             
gr1:S1:IDR2  0.000  0.000  0.000 -0.500       0.250                 
gr1:S2:IDR2  0.000  0.000  0.000  0.250      -0.500      -0.500     
gr1:S1:IDL1  0.000  0.000  0.000  0.000       0.000       0.000     
gr1:S2:IDL1  0.000  0.000  0.000  0.000       0.000       0.000     
g1:IDR1:IDL  0.000  0.000  0.000  0.000       0.000       0.000     
g1:IDR2:IDL  0.000  0.000  0.000  0.000       0.000       0.000     
S1:IDR1:IDL  0.000  0.000  0.000  0.000       0.000       0.000     
S2:IDR1:IDL  0.000  0.000  0.000  0.000       0.000       0.000     
S1:IDR2:IDL  0.000  0.000  0.000  0.000       0.000       0.000     
S2:IDR2:IDL  0.000  0.000  0.000  0.000       0.000       0.000     
g1:S1:IDR1:  0.000  0.000  0.000  0.000       0.000       0.000     
g1:S2:IDR1:  0.000  0.000  0.000  0.000       0.000       0.000     
g1:S1:IDR2:  0.000  0.000  0.000  0.000       0.000       0.000     
g1:S2:IDR2:  0.000  0.000  0.000  0.000       0.000       0.000     
            gr1:S2:IDR2 g1:S1:IDL g1:S2:IDL g1:IDR1: g1:IDR2: S1:IDR1: S2:IDR1:
grp1                                                                           
S1                                                                             
S2                                                                             
IDR1                                                                           
IDR2                                                                           
IDL1                                                                           
grp1:S1                                                                        
grp1:S2                                                                        
grp1:IDR1                                                                      
grp1:IDR2                                                                      
S1:IDR1                                                                        
S2:IDR1                                                                        
S1:IDR2                                                                        
S2:IDR2                                                                        
grp1:IDL1                                                                      
S1:IDL1                                                                        
S2:IDL1                                                                        
IDR1:IDL1                                                                      
IDR2:IDL1                                                                      
gr1:S1:IDR1                                                                    
gr1:S2:IDR1                                                                    
gr1:S1:IDR2                                                                    
gr1:S2:IDR2                                                                    
gr1:S1:IDL1  0.000                                                             
gr1:S2:IDL1  0.000      -0.500                                                 
g1:IDR1:IDL  0.000       0.000     0.000                                       
g1:IDR2:IDL  0.000       0.000     0.000    -0.500                             
S1:IDR1:IDL  0.000       0.000     0.000     0.000    0.000                    
S2:IDR1:IDL  0.000       0.000     0.000     0.000    0.000   -0.500           
S1:IDR2:IDL  0.000       0.000     0.000     0.000    0.000   -0.500    0.250  
S2:IDR2:IDL  0.000       0.000     0.000     0.000    0.000    0.250   -0.500  
g1:S1:IDR1:  0.000       0.000     0.000     0.000    0.000    0.000    0.000  
g1:S2:IDR1:  0.000       0.000     0.000     0.000    0.000    0.000    0.000  
g1:S1:IDR2:  0.000       0.000     0.000     0.000    0.000    0.000    0.000  
g1:S2:IDR2:  0.000       0.000     0.000     0.000    0.000    0.000    0.000  
            S1:IDR2: S2:IDR2: g1:S1:IDR1: g1:S2:IDR1: g1:S1:IDR2:
grp1                                                             
S1                                                               
S2                                                               
IDR1                                                             
IDR2                                                             
IDL1                                                             
grp1:S1                                                          
grp1:S2                                                          
grp1:IDR1                                                        
grp1:IDR2                                                        
S1:IDR1                                                          
S2:IDR1                                                          
S1:IDR2                                                          
S2:IDR2                                                          
grp1:IDL1                                                        
S1:IDL1                                                          
S2:IDL1                                                          
IDR1:IDL1                                                        
IDR2:IDL1                                                        
gr1:S1:IDR1                                                      
gr1:S2:IDR1                                                      
gr1:S1:IDR2                                                      
gr1:S2:IDR2                                                      
gr1:S1:IDL1                                                      
gr1:S2:IDL1                                                      
g1:IDR1:IDL                                                      
g1:IDR2:IDL                                                      
S1:IDR1:IDL                                                      
S2:IDR1:IDL                                                      
S1:IDR2:IDL                                                      
S2:IDR2:IDL -0.500                                               
g1:S1:IDR1:  0.000    0.000                                      
g1:S2:IDR1:  0.000    0.000   -0.500                             
g1:S1:IDR2:  0.000    0.000   -0.500       0.250                 
g1:S2:IDR2:  0.000    0.000    0.250      -0.500      -0.500     
