[1] "MTR ~(S*DID*grp)+Error(pp/(S*DID))+grp"
$ANOVA
     Effect DFn DFd          F            p p<.05         ges
2       grp   1   8  0.1737722 6.877416e-01       0.013190701
3         S   2  16 47.6263549 1.830101e-07     * 0.418620704
5       DID   2  16 50.9156091 1.155785e-07     * 0.484947587
4     grp:S   2  16  0.9165765 4.198893e-01       0.013668021
6   grp:DID   2  16  6.8157109 7.226698e-03     * 0.111930982
7     S:DID   4  32  0.6657910 6.204009e-01       0.009539642
8 grp:S:DID   4  32  1.1480316 3.519358e-01       0.016336445

$`Mauchly's Test for Sphericity`
     Effect          W          p p<.05
3         S 0.76678220 0.39477722      
4     grp:S 0.76678220 0.39477722      
5       DID 0.36483488 0.02933170     *
6   grp:DID 0.36483488 0.02933170     *
7     S:DID 0.03605736 0.01396739     *
8 grp:S:DID 0.03605736 0.01396739     *

$`Sphericity Corrections`
     Effect       GGe        p[GG] p[GG]<.05       HFe        p[HF] p[HF]<.05
3         S 0.8108868 2.125326e-06         * 0.9874188 2.153525e-07         *
4     grp:S 0.8108868 4.045301e-01           0.9874188 4.189814e-01          
5       DID 0.6115590 2.158566e-05         * 0.6646171 1.051921e-05         *
6   grp:DID 0.6115590 2.235811e-02         * 0.6646171 1.912762e-02         *
7     S:DID 0.4733139 5.203722e-01           0.6156841 5.549280e-01          
8 grp:S:DID 0.4733139 3.405353e-01           0.6156841 3.468490e-01          

