[1] "Summary by group"
  grp    MTR.m     MTR.s
1   C 1.428196 0.3350030
2   U 1.363989 0.5875824
[1] "Summary by session\n"
  S    MTR.m     MTR.s
1 1 1.714050 0.4593803
2 2 1.323456 0.4014368
3 3 1.150772 0.3889842
[1] "Summary by DID\n"
  DID    MTR.m     MTR.s
1   1 1.748578 0.3869754
2   2 1.345194 0.3641205
3   3 1.094506 0.4351380
[1] "Summary by group + Session\n"
  grp S    MTR.m     MTR.s
1   C 1 1.704756 0.3492708
2   C 2 1.358444 0.2260814
3   C 3 1.221389 0.2043009
4   U 1 1.723344 0.5519872
5   U 2 1.288467 0.5218703
6   U 3 1.080156 0.5041005
[1] "Summary by Session + DID\n"
  S DID     MTR.m     MTR.s
1 1   1 2.1031833 0.3626471
2 1   2 1.6381833 0.3171009
3 1   3 1.4007833 0.3891764
4 2   1 1.6357833 0.2296335
5 2   2 1.3188667 0.2812730
6 2   3 1.0157167 0.4047459
7 3   1 1.5067667 0.2675848
8 3   2 1.0785333 0.2532738
9 3   3 0.8670167 0.3298754
[1] "Summary by group + DID\n"
  grp DID     MTR.m     MTR.s
1   C   1 1.6508556 0.3774630
2   C   2 1.3982111 0.2599862
3   C   3 1.2355222 0.2052335
4   U   1 1.8463000 0.3753554
5   U   2 1.2921778 0.4414053
6   U   3 0.9534889 0.5479027
[1] "Summary by group + Session + DID\n"
   grp S DID     MTR.m     MTR.s
1    C 1   1 2.0048000 0.3884976
2    C 1   2 1.6706000 0.1913637
3    C 1   3 1.4388667 0.1496440
4    C 2   1 1.5485667 0.1943398
5    C 2   2 1.3409333 0.1545370
6    C 2   3 1.1858333 0.1673646
7    C 3   1 1.3992000 0.2140118
8    C 3   2 1.1831000 0.1390838
9    C 3   3 1.0818667 0.0986461
10   U 1   1 2.2015667 0.3174082
11   U 1   2 1.6057667 0.4116023
12   U 1   3 1.3627000 0.5368741
13   U 2   1 1.7230000 0.2348649
14   U 2   2 1.2968000 0.3727666
15   U 2   3 0.8456000 0.4993148
16   U 3   1 1.6143333 0.2787874
17   U 3   2 0.9739667 0.3001708
18   U 3   3 0.6521667 0.3417043
