                  Estimate MCMCmean HPD95lower HPD95upper pMCMC Pr(>|t|)
(Intercept)         0.3398   0.3410     0.2562     0.4161 0.001   0.0000
grp1               -0.0592  -0.0598    -0.1386     0.0255 0.150   0.1167
S1                 -0.0937  -0.0938    -0.1180    -0.0669 0.001   0.0000
S2                  0.0291   0.0289     0.0026     0.0552 0.026   0.1206
IDR1               -0.2548  -0.2547    -0.2941    -0.2074 0.001   0.0000
IDR2               -0.0229  -0.0226    -0.0606     0.0232 0.298   0.4190
IDL1               -0.1493  -0.1500    -0.1849    -0.1122 0.001   0.0000
grp1:S1            -0.0024  -0.0027    -0.0281     0.0246 0.846   0.8991
grp1:S2             0.0216   0.0218    -0.0060     0.0478 0.106   0.2491
grp1:IDR1           0.0459   0.0464     0.0041     0.0867 0.036   0.1051
grp1:IDR2           0.0347   0.0349    -0.0070     0.0776 0.112   0.2200
S1:IDR1             0.0867   0.0868     0.0545     0.1172 0.001   0.0011
S2:IDR1            -0.0279  -0.0278    -0.0606     0.0042 0.090   0.2923
S1:IDR2            -0.0420  -0.0417    -0.0736    -0.0093 0.016   0.1131
S2:IDR2             0.0092   0.0083    -0.0220     0.0427 0.626   0.7281
grp1:IDL1          -0.0639  -0.0651    -0.1032    -0.0316 0.001   0.0108
S1:IDL1             0.0081   0.0079    -0.0165     0.0306 0.522   0.6656
S2:IDL1            -0.0292  -0.0294    -0.0541    -0.0075 0.006   0.1193
IDR1:IDL1           0.1354   0.1362     0.1145     0.1613 0.001   0.0000
IDR2:IDL1           0.0211   0.0207    -0.0017     0.0444 0.076   0.2609
grp1:S1:IDR1        0.0091   0.0093    -0.0215     0.0400 0.548   0.7308
grp1:S2:IDR1       -0.0254  -0.0255    -0.0594     0.0081 0.138   0.3371
grp1:S1:IDR2       -0.0346  -0.0343    -0.0674    -0.0010 0.048   0.1919
grp1:S2:IDR2        0.0374   0.0381     0.0018     0.0691 0.024   0.1581
grp1:S1:IDL1        0.0878   0.0876     0.0638     0.1096 0.001   0.0000
grp1:S2:IDL1       -0.0203  -0.0196    -0.0419     0.0036 0.096   0.2777
grp1:IDR1:IDL1      0.0745   0.0748     0.0534     0.0960 0.001   0.0001
grp1:IDR2:IDL1     -0.0329  -0.0337    -0.0563    -0.0116 0.004   0.0791
S1:IDR1:IDL1        0.0083   0.0078    -0.0236     0.0400 0.662   0.7552
S2:IDR1:IDL1        0.0267   0.0270    -0.0041     0.0588 0.098   0.3127
S1:IDR2:IDL1        0.0215   0.0219    -0.0115     0.0530 0.196   0.4174
S2:IDR2:IDL1       -0.0393  -0.0397    -0.0713    -0.0075 0.020   0.1379
grp1:S1:IDR1:IDL1  -0.0959  -0.0958    -0.1303    -0.0668 0.001   0.0003
grp1:S2:IDR1:IDL1   0.0244   0.0243    -0.0077     0.0527 0.134   0.3561
grp1:S1:IDR2:IDL1   0.0554   0.0549     0.0226     0.0867 0.001   0.0367
grp1:S2:IDR2:IDL1  -0.0077  -0.0078    -0.0395     0.0260 0.660   0.7700
NULL
       Length Class      Mode
fixed  6      data.frame list
random 7      data.frame list
Analysis of Variance Table
              Df  Sum Sq Mean Sq F value
grp            1 0.02324 0.02324  2.4474
S              2 0.24978 0.12489 13.1518
IDR            2 1.13058 0.56529 59.5295
IDL            1 0.33931 0.33931 35.7323
grp:S          2 0.01521 0.00761  0.8009
grp:IDR        2 0.07772 0.03886  4.0921
S:IDR          4 0.10683 0.02671  2.8126
grp:IDL        1 0.06221 0.06221  6.5517
S:IDL          2 0.02465 0.01233  1.2980
IDR:IDL        2 0.78307 0.39153 41.2317
grp:S:IDR      4 0.02756 0.00689  0.7256
grp:S:IDL      2 0.22935 0.11467 12.0759
grp:IDR:IDL    2 0.15126 0.07563  7.9645
S:IDR:IDL      4 0.03417 0.00854  0.8996
grp:S:IDR:IDL  4 0.13741 0.03435  3.6177
Linear mixed model fit by REML 
Formula: get(vname) ~ (1 | pp) + (1 | pp/S) + (1 | pp/IDR) + (1 | pp/IDL) +      (1 | pp/S:IDR:IDL) + grp * S * IDR * IDL 
   Data: mdata 
    AIC    BIC logLik deviance REMLdev
 -253.7 -56.29  172.9   -555.8  -345.7
Random effects:
 Groups       Name        Variance   Std.Dev.  
 S:IDR:IDL:pp (Intercept) 2.8325e-02 0.16829961
 IDR:pp       (Intercept) 6.7270e-03 0.08201847
 S:pp         (Intercept) 6.0514e-12 0.00000246
 IDL:pp       (Intercept) 8.9769e-03 0.09474650
 pp           (Intercept) 1.1449e-03 0.03383614
 pp           (Intercept) 1.1449e-03 0.03383598
 pp           (Intercept) 1.1449e-03 0.03383599
 pp           (Intercept) 1.1449e-03 0.03383600
 pp           (Intercept) 1.1449e-03 0.03383578
 Residual                 9.4959e-03 0.09744716
Number of obs: 540, groups: S:IDR:IDL:pp, 180; IDR:pp, 30; S:pp, 30; IDL:pp, 20; pp, 10

Fixed effects:
                   Estimate Std. Error t value
(Intercept)        0.339788   0.037687   9.016
grp1              -0.059218   0.037687  -1.571
S1                -0.093713   0.018705  -5.010
S2                 0.029083   0.018705   1.555
IDR1              -0.254838   0.028255  -9.019
IDR2              -0.022854   0.028255  -0.809
IDL1              -0.149297   0.024976  -5.978
grp1:S1           -0.002372   0.018705  -0.127
grp1:S2            0.021585   0.018705   1.154
grp1:IDR1          0.045876   0.028255   1.624
grp1:IDR2          0.034699   0.028255   1.228
S1:IDR1            0.086727   0.026453   3.278
S2:IDR1           -0.027884   0.026453  -1.054
S1:IDR2           -0.041988   0.026453  -1.587
S2:IDR2            0.009202   0.026453   0.348
grp1:IDL1         -0.063929   0.024976  -2.560
S1:IDL1            0.008089   0.018705   0.432
S2:IDL1           -0.029188   0.018705  -1.560
IDR1:IDL1          0.135443   0.018705   7.241
IDR2:IDL1          0.021055   0.018705   1.126
grp1:S1:IDR1       0.009107   0.026453   0.344
grp1:S2:IDR1      -0.025419   0.026453  -0.961
grp1:S1:IDR2      -0.034567   0.026453  -1.307
grp1:S2:IDR2       0.037394   0.026453   1.414
grp1:S1:IDL1       0.087804   0.018705   4.694
grp1:S2:IDL1      -0.020328   0.018705  -1.087
grp1:IDR1:IDL1     0.074487   0.018705   3.982
grp1:IDR2:IDL1    -0.032909   0.018705  -1.759
S1:IDR1:IDL1       0.008251   0.026453   0.312
S2:IDR1:IDL1       0.026731   0.026453   1.010
S1:IDR2:IDL1       0.021467   0.026453   0.812
S2:IDR2:IDL1      -0.039309   0.026453  -1.486
grp1:S1:IDR1:IDL1 -0.095891   0.026453  -3.625
grp1:S2:IDR1:IDL1  0.024434   0.026453   0.924
grp1:S1:IDR2:IDL1  0.055408   0.026453   2.095
grp1:S2:IDR2:IDL1 -0.007737   0.026453  -0.292

Correlation of Fixed Effects:
            (Intr) grp1   S1     S2     IDR1   IDR2   IDL1   gr1:S1 gr1:S2
grp1         0.000                                                        
S1           0.000  0.000                                                 
S2           0.000  0.000 -0.500                                          
IDR1         0.000  0.000  0.000  0.000                                   
IDR2         0.000  0.000  0.000  0.000 -0.500                            
IDL1         0.000  0.000  0.000  0.000  0.000  0.000                     
grp1:S1      0.000  0.000  0.000  0.000  0.000  0.000  0.000              
grp1:S2      0.000  0.000  0.000  0.000  0.000  0.000  0.000 -0.500       
grp1:IDR1    0.000  0.000  0.000  0.000  0.000  0.000  0.000  0.000  0.000
grp1:IDR2    0.000  0.000  0.000  0.000  0.000  0.000  0.000  0.000  0.000
S1:IDR1      0.000  0.000  0.000  0.000  0.000  0.000  0.000  0.000  0.000
S2:IDR1      0.000  0.000  0.000  0.000  0.000  0.000  0.000  0.000  0.000
S1:IDR2      0.000  0.000  0.000  0.000  0.000  0.000  0.000  0.000  0.000
S2:IDR2      0.000  0.000  0.000  0.000  0.000  0.000  0.000  0.000  0.000
grp1:IDL1    0.000  0.000  0.000  0.000  0.000  0.000  0.000  0.000  0.000
S1:IDL1      0.000  0.000  0.000  0.000  0.000  0.000  0.000  0.000  0.000
S2:IDL1      0.000  0.000  0.000  0.000  0.000  0.000  0.000  0.000  0.000
IDR1:IDL1    0.000  0.000  0.000  0.000  0.000  0.000  0.000  0.000  0.000
IDR2:IDL1    0.000  0.000  0.000  0.000  0.000  0.000  0.000  0.000  0.000
gr1:S1:IDR1  0.000  0.000  0.000  0.000  0.000  0.000  0.000  0.000  0.000
gr1:S2:IDR1  0.000  0.000  0.000  0.000  0.000  0.000  0.000  0.000  0.000
gr1:S1:IDR2  0.000  0.000  0.000  0.000  0.000  0.000  0.000  0.000  0.000
gr1:S2:IDR2  0.000  0.000  0.000  0.000  0.000  0.000  0.000  0.000  0.000
gr1:S1:IDL1  0.000  0.000  0.000  0.000  0.000  0.000  0.000  0.000  0.000
gr1:S2:IDL1  0.000  0.000  0.000  0.000  0.000  0.000  0.000  0.000  0.000
g1:IDR1:IDL  0.000  0.000  0.000  0.000  0.000  0.000  0.000  0.000  0.000
g1:IDR2:IDL  0.000  0.000  0.000  0.000  0.000  0.000  0.000  0.000  0.000
S1:IDR1:IDL  0.000  0.000  0.000  0.000  0.000  0.000  0.000  0.000  0.000
S2:IDR1:IDL  0.000  0.000  0.000  0.000  0.000  0.000  0.000  0.000  0.000
S1:IDR2:IDL  0.000  0.000  0.000  0.000  0.000  0.000  0.000  0.000  0.000
S2:IDR2:IDL  0.000  0.000  0.000  0.000  0.000  0.000  0.000  0.000  0.000
g1:S1:IDR1:  0.000  0.000  0.000  0.000  0.000  0.000  0.000  0.000  0.000
g1:S2:IDR1:  0.000  0.000  0.000  0.000  0.000  0.000  0.000  0.000  0.000
g1:S1:IDR2:  0.000  0.000  0.000  0.000  0.000  0.000  0.000  0.000  0.000
g1:S2:IDR2:  0.000  0.000  0.000  0.000  0.000  0.000  0.000  0.000  0.000
            gr1:IDR1 gr1:IDR2 S1:IDR1 S2:IDR1 S1:IDR2 S2:IDR2 g1:IDL S1:IDL
grp1                                                                       
S1                                                                         
S2                                                                         
IDR1                                                                       
IDR2                                                                       
IDL1                                                                       
grp1:S1                                                                    
grp1:S2                                                                    
grp1:IDR1                                                                  
grp1:IDR2   -0.500                                                         
S1:IDR1      0.000    0.000                                                
S2:IDR1      0.000    0.000   -0.500                                       
S1:IDR2      0.000    0.000   -0.500   0.250                               
S2:IDR2      0.000    0.000    0.250  -0.500  -0.500                       
grp1:IDL1    0.000    0.000    0.000   0.000   0.000   0.000               
S1:IDL1      0.000    0.000    0.000   0.000   0.000   0.000   0.000       
S2:IDL1      0.000    0.000    0.000   0.000   0.000   0.000   0.000 -0.500
IDR1:IDL1    0.000    0.000    0.000   0.000   0.000   0.000   0.000  0.000
IDR2:IDL1    0.000    0.000    0.000   0.000   0.000   0.000   0.000  0.000
gr1:S1:IDR1  0.000    0.000    0.000   0.000   0.000   0.000   0.000  0.000
gr1:S2:IDR1  0.000    0.000    0.000   0.000   0.000   0.000   0.000  0.000
gr1:S1:IDR2  0.000    0.000    0.000   0.000   0.000   0.000   0.000  0.000
gr1:S2:IDR2  0.000    0.000    0.000   0.000   0.000   0.000   0.000  0.000
gr1:S1:IDL1  0.000    0.000    0.000   0.000   0.000   0.000   0.000  0.000
gr1:S2:IDL1  0.000    0.000    0.000   0.000   0.000   0.000   0.000  0.000
g1:IDR1:IDL  0.000    0.000    0.000   0.000   0.000   0.000   0.000  0.000
g1:IDR2:IDL  0.000    0.000    0.000   0.000   0.000   0.000   0.000  0.000
S1:IDR1:IDL  0.000    0.000    0.000   0.000   0.000   0.000   0.000  0.000
S2:IDR1:IDL  0.000    0.000    0.000   0.000   0.000   0.000   0.000  0.000
S1:IDR2:IDL  0.000    0.000    0.000   0.000   0.000   0.000   0.000  0.000
S2:IDR2:IDL  0.000    0.000    0.000   0.000   0.000   0.000   0.000  0.000
g1:S1:IDR1:  0.000    0.000    0.000   0.000   0.000   0.000   0.000  0.000
g1:S2:IDR1:  0.000    0.000    0.000   0.000   0.000   0.000   0.000  0.000
g1:S1:IDR2:  0.000    0.000    0.000   0.000   0.000   0.000   0.000  0.000
g1:S2:IDR2:  0.000    0.000    0.000   0.000   0.000   0.000   0.000  0.000
            S2:IDL IDR1:I IDR2:I gr1:S1:IDR1 gr1:S2:IDR1 gr1:S1:IDR2
grp1                                                                
S1                                                                  
S2                                                                  
IDR1                                                                
IDR2                                                                
IDL1                                                                
grp1:S1                                                             
grp1:S2                                                             
grp1:IDR1                                                           
grp1:IDR2                                                           
S1:IDR1                                                             
S2:IDR1                                                             
S1:IDR2                                                             
S2:IDR2                                                             
grp1:IDL1                                                           
S1:IDL1                                                             
S2:IDL1                                                             
IDR1:IDL1    0.000                                                  
IDR2:IDL1    0.000 -0.500                                           
gr1:S1:IDR1  0.000  0.000  0.000                                    
gr1:S2:IDR1  0.000  0.000  0.000 -0.500                             
gr1:S1:IDR2  0.000  0.000  0.000 -0.500       0.250                 
gr1:S2:IDR2  0.000  0.000  0.000  0.250      -0.500      -0.500     
gr1:S1:IDL1  0.000  0.000  0.000  0.000       0.000       0.000     
gr1:S2:IDL1  0.000  0.000  0.000  0.000       0.000       0.000     
g1:IDR1:IDL  0.000  0.000  0.000  0.000       0.000       0.000     
g1:IDR2:IDL  0.000  0.000  0.000  0.000       0.000       0.000     
S1:IDR1:IDL  0.000  0.000  0.000  0.000       0.000       0.000     
S2:IDR1:IDL  0.000  0.000  0.000  0.000       0.000       0.000     
S1:IDR2:IDL  0.000  0.000  0.000  0.000       0.000       0.000     
S2:IDR2:IDL  0.000  0.000  0.000  0.000       0.000       0.000     
g1:S1:IDR1:  0.000  0.000  0.000  0.000       0.000       0.000     
g1:S2:IDR1:  0.000  0.000  0.000  0.000       0.000       0.000     
g1:S1:IDR2:  0.000  0.000  0.000  0.000       0.000       0.000     
g1:S2:IDR2:  0.000  0.000  0.000  0.000       0.000       0.000     
            gr1:S2:IDR2 g1:S1:IDL g1:S2:IDL g1:IDR1: g1:IDR2: S1:IDR1: S2:IDR1:
grp1                                                                           
S1                                                                             
S2                                                                             
IDR1                                                                           
IDR2                                                                           
IDL1                                                                           
grp1:S1                                                                        
grp1:S2                                                                        
grp1:IDR1                                                                      
grp1:IDR2                                                                      
S1:IDR1                                                                        
S2:IDR1                                                                        
S1:IDR2                                                                        
S2:IDR2                                                                        
grp1:IDL1                                                                      
S1:IDL1                                                                        
S2:IDL1                                                                        
IDR1:IDL1                                                                      
IDR2:IDL1                                                                      
gr1:S1:IDR1                                                                    
gr1:S2:IDR1                                                                    
gr1:S1:IDR2                                                                    
gr1:S2:IDR2                                                                    
gr1:S1:IDL1  0.000                                                             
gr1:S2:IDL1  0.000      -0.500                                                 
g1:IDR1:IDL  0.000       0.000     0.000                                       
g1:IDR2:IDL  0.000       0.000     0.000    -0.500                             
S1:IDR1:IDL  0.000       0.000     0.000     0.000    0.000                    
S2:IDR1:IDL  0.000       0.000     0.000     0.000    0.000   -0.500           
S1:IDR2:IDL  0.000       0.000     0.000     0.000    0.000   -0.500    0.250  
S2:IDR2:IDL  0.000       0.000     0.000     0.000    0.000    0.250   -0.500  
g1:S1:IDR1:  0.000       0.000     0.000     0.000    0.000    0.000    0.000  
g1:S2:IDR1:  0.000       0.000     0.000     0.000    0.000    0.000    0.000  
g1:S1:IDR2:  0.000       0.000     0.000     0.000    0.000    0.000    0.000  
g1:S2:IDR2:  0.000       0.000     0.000     0.000    0.000    0.000    0.000  
            S1:IDR2: S2:IDR2: g1:S1:IDR1: g1:S2:IDR1: g1:S1:IDR2:
grp1                                                             
S1                                                               
S2                                                               
IDR1                                                             
IDR2                                                             
IDL1                                                             
grp1:S1                                                          
grp1:S2                                                          
grp1:IDR1                                                        
grp1:IDR2                                                        
S1:IDR1                                                          
S2:IDR1                                                          
S1:IDR2                                                          
S2:IDR2                                                          
grp1:IDL1                                                        
S1:IDL1                                                          
S2:IDL1                                                          
IDR1:IDL1                                                        
IDR2:IDL1                                                        
gr1:S1:IDR1                                                      
gr1:S2:IDR1                                                      
gr1:S1:IDR2                                                      
gr1:S2:IDR2                                                      
gr1:S1:IDL1                                                      
gr1:S2:IDL1                                                      
g1:IDR1:IDL                                                      
g1:IDR2:IDL                                                      
S1:IDR1:IDL                                                      
S2:IDR1:IDL                                                      
S1:IDR2:IDL                                                      
S2:IDR2:IDL -0.500                                               
g1:S1:IDR1:  0.000    0.000                                      
g1:S2:IDR1:  0.000    0.000   -0.500                             
g1:S1:IDR2:  0.000    0.000   -0.500       0.250                 
g1:S2:IDR2:  0.000    0.000    0.250      -0.500      -0.500     
