[1] "Summary by group"
  grp HarmonicityR.m HarmonicityR.s
1   C      0.2805697      0.3754361
2   U      0.3990059      0.4203762
[1] "Summary by session\n"
  S HarmonicityR.m HarmonicityR.s
1 1      0.2460746      0.3410493
2 2      0.3688707      0.4182337
3 3      0.4044181      0.4276129
[1] "Summary by IDR+IDR\n"
  IDL IDR HarmonicityR.m HarmonicityR.s
1   D   D     0.07109571     0.03757324
2   D   M     0.18869252     0.31021291
3   D   E     0.31168552     0.41815033
4   E   D     0.09880326     0.08061648
5   E   M     0.44517576     0.37754036
6   E   E     0.92327411     0.22081922
[1] "Summary by group + Session\n"
  grp S HarmonicityR.m HarmonicityR.s
1   C 1      0.1844842      0.2812655
2   C 2      0.3312379      0.4111748
3   C 3      0.3259870      0.4047605
4   U 1      0.3076649      0.3836064
5   U 2      0.4065036      0.4241171
6   U 3      0.4828493      0.4375934
[1] "Summary by Session + IDR + IDL \n"
   S IDL IDR HarmonicityR.m HarmonicityR.s
1  1   D   D     0.08044990     0.04550103
2  1   D   M     0.08254817     0.06683240
3  1   D   E     0.15160297     0.28857477
4  1   E   D     0.07547670     0.03285253
5  1   E   M     0.27991847     0.31543375
6  1   E   E     0.80645133     0.32578572
7  2   D   D     0.06983753     0.03399945
8  2   D   M     0.15848130     0.28811995
9  2   D   E     0.34284050     0.43824953
10 2   E   D     0.10245853     0.09642177
11 2   E   M     0.55195753     0.38260371
12 2   E   E     0.98764900     0.06764921
13 3   D   D     0.06299970     0.03076265
14 3   D   M     0.32504810     0.41954722
15 3   D   E     0.44061310     0.46536000
16 3   E   D     0.11847453     0.09269195
17 3   E   M     0.50365127     0.38467093
18 3   E   E     0.97572200     0.13297608
[1] "Summary by group + IDR + IDL\n"
   grp IDL IDR HarmonicityR.m HarmonicityR.s
1    C   D   D     0.06831198     0.04053868
2    C   D   M     0.06733551     0.03529731
3    C   D   E     0.06638593     0.03234543
4    C   E   D     0.07490227     0.02815439
5    C   E   M     0.51749362     0.40434178
6    C   E   E     0.88898889     0.27341830
7    U   D   D     0.07387944     0.03458825
8    U   D   M     0.31004953     0.40408020
9    U   D   E     0.55698511     0.47911184
10   U   E   D     0.12270424     0.10575722
11   U   E   M     0.37285789     0.33782122
12   U   E   E     0.95755933     0.14652138
[1] "Summary by group + Session + IDR + IDL\n"
   grp S IDL IDR HarmonicityR.m HarmonicityR.s
1    C 1   D   D     0.07631300     0.05496789
2    C 1   D   M     0.06746387     0.04445179
3    C 1   D   E     0.05767893     0.02960570
4    C 1   E   D     0.06639747     0.02622480
5    C 1   E   M     0.17208553     0.17794547
6    C 1   E   E     0.66696667     0.39462649
7    C 2   D   D     0.06732620     0.03419290
8    C 2   D   M     0.06803800     0.04127724
9    C 2   D   E     0.07012633     0.02842034
10   C 2   E   D     0.07061747     0.02466259
11   C 2   E   M     0.71131933     0.37661627
12   C 2   E   E     1.00000000     0.00000000
13   C 3   D   D     0.06129673     0.02918803
14   C 3   D   M     0.06650467     0.01531755
15   C 3   D   E     0.07135253     0.03848744
16   C 3   E   D     0.08769187     0.03037822
17   C 3   E   M     0.66907600     0.38422584
18   C 3   E   E     1.00000000     0.00000000
19   U 1   D   D     0.08458680     0.03507744
20   U 1   D   M     0.09763247     0.08239320
21   U 1   D   E     0.24552700     0.39079259
22   U 1   E   D     0.08455593     0.03703092
23   U 1   E   M     0.38775140     0.38668117
24   U 1   E   E     0.94593600     0.14977453
25   U 2   D   D     0.07234887     0.03481128
26   U 2   D   M     0.24892460     0.39079836
27   U 2   D   E     0.61555467     0.48750959
28   U 2   E   D     0.13429960     0.12836515
29   U 2   E   M     0.39259573     0.32705826
30   U 2   E   E     0.97529800     0.09567043
31   U 3   D   D     0.06470267     0.03319821
32   U 3   D   M     0.58359153     0.47025450
33   U 3   D   E     0.80987367     0.39360051
34   U 3   E   D     0.14925720     0.12183573
35   U 3   E   M     0.33822653     0.31661230
36   U 3   E   E     0.95144400     0.18805658
