[1] "Harmonicity ~(S*ID*grp)+Error(pp/(S*ID))+grp"
$ANOVA
    Effect DFn DFd          F            p p<.05         ges
2      grp   1   8  1.7481030 2.226657e-01       0.061059547
3        S   2  16  9.6907257 1.748859e-03     * 0.077407561
5       ID   2  16 69.0992911 1.343745e-08     * 0.785877252
4    grp:S   2  16  0.7086882 5.071051e-01       0.006098399
6   grp:ID   2  16  1.1002886 3.566798e-01       0.055215101
7     S:ID   4  32  2.6127175 5.368501e-02       0.063670068
8 grp:S:ID   4  32  0.5409622 7.067416e-01       0.013883821

$`Mauchly's Test for Sphericity`
    Effect           W            p p<.05
3        S 0.254561345 8.322879e-03     *
4    grp:S 0.254561345 8.322879e-03     *
5       ID 0.285190600 1.238720e-02     *
6   grp:ID 0.285190600 1.238720e-02     *
7     S:ID 0.002925862 3.792986e-05     *
8 grp:S:ID 0.002925862 3.792986e-05     *

$`Sphericity Corrections`
    Effect       GGe        p[GG] p[GG]<.05       HFe        p[HF] p[HF]<.05
3        S 0.5729219 1.052538e-02         * 0.6063908 9.126434e-03         *
4    grp:S 0.5729219 4.405253e-01           0.6063908 4.472891e-01          
5       ID 0.5831552 8.939221e-06         * 0.6216842 4.882471e-06         *
6   grp:ID 0.5831552 3.331581e-01           0.6216842 3.364132e-01          
7     S:ID 0.3752555 1.232542e-01           0.4427311 1.126198e-01          
8 grp:S:ID 0.3752555 5.464825e-01           0.4427311 5.728692e-01          

