[1] "ID Tukey test"

	 Simultaneous Tests for General Linear Hypotheses

Multiple Comparisons of Means: Tukey Contrasts


Fit: lmer(formula = Harmonicity ~ (1 | pp) + (1 | pp/S) + (1 | pp/ID) + 
    (1 | pp/S:ID) + grp * S * ID, data = mdata)

Linear Hypotheses:
           Estimate Std. Error z value Pr(>|z|)    
M - D == 0  0.46482    0.08806   5.278  < 1e-05 ***
E - D == 0  0.85440    0.08806   9.702  < 1e-05 ***
E - M == 0  0.38957    0.08806   4.424 2.55e-05 ***
---
Signif. codes:  0 ‘***’ 0.001 ‘**’ 0.01 ‘*’ 0.05 ‘.’ 0.1 ‘ ’ 1 
(Adjusted p values reported -- single-step method)

[1] "S Tukey test"

	 Simultaneous Tests for General Linear Hypotheses

Multiple Comparisons of Means: Tukey Contrasts


Fit: lmer(formula = Harmonicity ~ (1 | pp) + (1 | pp/S) + (1 | pp/ID) + 
    (1 | pp/S:ID) + grp * S * ID, data = mdata)

Linear Hypotheses:
           Estimate Std. Error z value Pr(>|z|)   
2 - 1 == 0  0.12166    0.04609   2.640   0.0228 * 
3 - 1 == 0  0.15028    0.04609   3.261   0.0032 **
3 - 2 == 0  0.02862    0.04609   0.621   0.8086   
---
Signif. codes:  0 ‘***’ 0.001 ‘**’ 0.01 ‘*’ 0.05 ‘.’ 0.1 ‘ ’ 1 
(Adjusted p values reported -- single-step method)

[1] "grp Tukey test"

	 Simultaneous Tests for General Linear Hypotheses

Multiple Comparisons of Means: Tukey Contrasts


Fit: lmer(formula = Harmonicity ~ (1 | pp) + (1 | pp/S) + (1 | pp/ID) + 
    (1 | pp/S:ID) + grp * S * ID, data = mdata)

Linear Hypotheses:
           Estimate Std. Error z value Pr(>|z|)
U - C == 0  0.10662    0.08093   1.317    0.188
(Adjusted p values reported -- single-step method)

