[1] "Summary by group"
  grp Harmonicity.m Harmonicity.s
1   C     0.5136588     0.4348645
2   U     0.6106146     0.4322946
[1] "Summary by session\n"
  S Harmonicity.m Harmonicity.s
1 1     0.4865511     0.4210609
2 2     0.5837034     0.4424456
3 3     0.6161555     0.4370028
[1] "Summary by ID\n"
  ID Harmonicity.m Harmonicity.s
1  D    0.08469108     0.0380606
2  M    0.63355882     0.3792672
3  E    0.96816013     0.1598339
[1] "Summary by group + Session\n"
  grp S Harmonicity.m Harmonicity.s
1   C 1     0.4170144     0.4018039
2   C 2     0.5456806     0.4552407
3   C 3     0.5782814     0.4385824
4   U 1     0.5560878     0.4327552
5   U 2     0.6217263     0.4310036
6   U 3     0.6540297     0.4370293
[1] "Summary by Session + ID\n"
  S ID Harmonicity.m Harmonicity.s
1 1  D    0.08478390    0.03456338
2 1  M    0.47038890    0.35051132
3 1  E    0.90448040    0.26853316
4 2  D    0.07625010    0.03859052
5 2  M    0.67486023    0.38081806
6 2  E    1.00000000    0.00000000
7 3  D    0.09303923    0.04020031
8 3  M    0.75542733    0.35902546
9 3  E    1.00000000    0.00000000
[1] "Summary by group + ID\n"
  grp ID Harmonicity.m Harmonicity.s
1   C  D    0.08230376    0.03418086
2   C  M    0.52235229    0.38996409
3   C  E    0.93632027    0.22271219
4   U  D    0.08707840    0.04183482
5   U  M    0.74476536    0.33702889
6   U  E    1.00000000    0.00000000
[1] "Summary by group + Session + ID\n"
   grp S ID Harmonicity.m Harmonicity.s
1    C 1  D    0.07955453    0.03342423
2    C 1  M    0.36252773    0.29440987
3    C 1  E    0.80896080    0.36030462
4    C 2  D    0.06440993    0.02934507
5    C 2  M    0.57263180    0.42471617
6    C 2  E    1.00000000    0.00000000
7    C 3  D    0.10294680    0.02976329
8    C 3  M    0.63189733    0.40981121
9    C 3  E    1.00000000    0.00000000
10   U 1  D    0.09001327    0.03603895
11   U 1  M    0.57825007    0.37800095
12   U 1  E    1.00000000    0.00000000
13   U 2  D    0.08809027    0.04385534
14   U 2  M    0.77708867    0.31245072
15   U 2  E    1.00000000    0.00000000
16   U 3  D    0.08313167    0.04744857
17   U 3  M    0.87895733    0.25760658
18   U 3  E    1.00000000    0.00000000
