[1] "q3R ~S*IDR*IDL*grp + Error(pp/(S*IDR*IDL))"
$ANOVA
          Effect DFn DFd           F            p p<.05          ges
2            grp   1   8  5.49247621 4.714973e-02     * 0.1410960036
3              S   2  16  1.59662252 2.332237e-01       0.0393509085
5            IDR   2  16 24.75166882 1.267221e-05     * 0.1318118606
7            IDL   1   8  0.00431843 9.492174e-01       0.0001025732
4          grp:S   2  16  0.13397659 8.755814e-01       0.0034255194
6        grp:IDR   2  16  0.03706202 9.636988e-01       0.0002272828
8        grp:IDL   1   8  0.36480998 5.625788e-01       0.0085915593
9          S:IDR   4  32  0.54846171 7.014370e-01       0.0042094189
11         S:IDL   2  16  0.22987051 7.972158e-01       0.0017870424
13       IDR:IDL   2  16  1.47283389 2.587501e-01       0.0101511053
10     grp:S:IDR   4  32  1.90550214 1.336138e-01       0.0144738942
12     grp:S:IDL   2  16  5.20440322 1.815389e-02     * 0.0389532633
14   grp:IDR:IDL   2  16  2.04220258 1.622139e-01       0.0140203047
15     S:IDR:IDL   4  32  1.78679183 1.558143e-01       0.0296280013
16 grp:S:IDR:IDL   4  32  1.24684514 3.110840e-01       0.0208615590

$`Mauchly's Test for Sphericity`
          Effect         W         p p<.05
3              S 0.9939944 0.9791377      
4          grp:S 0.9939944 0.9791377      
5            IDR 0.7594023 0.3816381      
6        grp:IDR 0.7594023 0.3816381      
9          S:IDR 0.1146388 0.1395399      
10     grp:S:IDR 0.1146388 0.1395399      
11         S:IDL 0.5959573 0.1634004      
12     grp:S:IDL 0.5959573 0.1634004      
13       IDR:IDL 0.9236301 0.7572570      
14   grp:IDR:IDL 0.9236301 0.7572570      
15     S:IDR:IDL 0.1229442 0.1576666      
16 grp:S:IDR:IDL 0.1229442 0.1576666      

$`Sphericity Corrections`
          Effect       GGe        p[GG] p[GG]<.05       HFe        p[HF]
3              S 0.9940302 2.334078e-01           1.3217485 2.332237e-01
4          grp:S 0.9940302 8.744747e-01           1.3217485 8.755814e-01
5            IDR 0.8060631 7.030515e-05         * 0.9791314 1.522886e-05
6        grp:IDR 0.8060631 9.384188e-01           0.9791314 9.616016e-01
9          S:IDR 0.4764915 5.806330e-01           0.6216610 6.233993e-01
10     grp:S:IDR 0.4764915 1.834951e-01           0.6216610 1.683401e-01
11         S:IDL 0.7122291 7.241369e-01           0.8227553 7.558277e-01
12     grp:S:IDL 0.7122291 3.313651e-02         * 0.8227553 2.626457e-02
13       IDR:IDL 0.9290486 2.599703e-01           1.1985598 2.587501e-01
14   grp:IDR:IDL 0.9290486 1.664317e-01           1.1985598 1.622139e-01
15     S:IDR:IDL 0.5274231 1.968218e-01           0.7209825 1.791432e-01
16 grp:S:IDR:IDL 0.5274231 3.144070e-01           0.7209825 3.150065e-01
   p[HF]<.05
3           
4           
5          *
6           
9           
10          
11          
12         *
13          
14          
15          
16          

