[1] "Summary by group"
  grp     q3R.m      q3R.s
1   C 0.8769667 0.04553145
2   U 0.8458763 0.06374080
[1] "Summary by session\n"
  S     q3R.m      q3R.s
1 1 0.8507007 0.05921052
2 2 0.8688274 0.05796494
3 3 0.8647364 0.05387529
[1] "Summary by IDR+IDR\n"
  IDL IDR     q3R.m      q3R.s
1   D   D 0.8383504 0.05960932
2   D   M 0.8648523 0.05644661
3   D   E 0.8798963 0.05252502
4   E   D 0.8428104 0.06064613
5   E   M 0.8727510 0.04770021
6   E   E 0.8698684 0.05579372
[1] "Summary by group + Session\n"
  grp S     q3R.m      q3R.s
1   C 1 0.8652930 0.04348983
2   C 2 0.8874764 0.04368404
3   C 3 0.8781306 0.04706797
4   U 1 0.8361083 0.06876876
5   U 2 0.8501783 0.06438894
6   U 3 0.8513423 0.05709182
[1] "Summary by Session + IDR + IDL \n"
   S IDL IDR     q3R.m      q3R.s
1  1   D   D 0.8184913 0.06273432
2  1   D   M 0.8485337 0.06875576
3  1   D   E 0.8770367 0.04900722
4  1   E   D 0.8435620 0.06001795
5  1   E   M 0.8715167 0.04123242
6  1   E   E 0.8450637 0.05425352
7  2   D   D 0.8469303 0.05585791
8  2   D   M 0.8750637 0.03656819
9  2   D   E 0.8870820 0.04284733
10 2   E   D 0.8427460 0.07024687
11 2   E   M 0.8742303 0.06572819
12 2   E   E 0.8869120 0.05690047
13 3   D   D 0.8496297 0.05686318
14 3   D   M 0.8709597 0.05737488
15 3   D   E 0.8755703 0.06440549
16 3   E   D 0.8421233 0.05243718
17 3   E   M 0.8725060 0.03096190
18 3   E   E 0.8776297 0.04871435
[1] "Summary by group + IDR + IDL\n"
   grp IDL IDR     q3R.m      q3R.s
1    C   D   D 0.8430882 0.04442870
2    C   D   M 0.8810589 0.03886024
3    C   D   E 0.8948762 0.03924097
4    C   E   D 0.8675324 0.04907182
5    C   E   M 0.8883384 0.03784925
6    C   E   E 0.8869058 0.04434469
7    U   D   D 0.8336127 0.07188515
8    U   D   M 0.8486458 0.06631358
9    U   D   E 0.8649164 0.05984655
10   U   E   D 0.8180884 0.06149242
11   U   E   M 0.8571636 0.05169899
12   U   E   E 0.8528311 0.06112642
[1] "Summary by group + Session + IDR + IDL\n"
   grp S IDL IDR     q3R.m      q3R.s
1    C 1   D   D 0.8354400 0.03461995
2    C 1   D   M 0.8823587 0.04653528
3    C 1   D   E 0.8828807 0.04661077
4    C 1   E   D 0.8611720 0.03311591
5    C 1   E   M 0.8729260 0.03656244
6    C 1   E   E 0.8569807 0.04796452
7    C 2   D   D 0.8504100 0.03806416
8    C 2   D   M 0.8729287 0.02693523
9    C 2   D   E 0.8994767 0.03935454
10   C 2   E   D 0.8833967 0.05356306
11   C 2   E   M 0.9065767 0.04318489
12   C 2   E   E 0.9120700 0.02764675
13   C 3   D   D 0.8434147 0.05861799
14   C 3   D   M 0.8878893 0.04162243
15   C 3   D   E 0.9022713 0.02971120
16   C 3   E   D 0.8580287 0.05650401
17   C 3   E   M 0.8855127 0.02609873
18   C 3   E   E 0.8916667 0.03811964
19   U 1   D   D 0.8015427 0.07961288
20   U 1   D   M 0.8147087 0.07193842
21   U 1   D   E 0.8711927 0.05224192
22   U 1   E   D 0.8259520 0.07550111
23   U 1   E   M 0.8701073 0.04669682
24   U 1   E   E 0.8331467 0.05909503
25   U 2   D   D 0.8434507 0.07062755
26   U 2   D   M 0.8771987 0.04510774
27   U 2   D   E 0.8746873 0.04387414
28   U 2   E   D 0.8020953 0.06173893
29   U 2   E   M 0.8418840 0.06958449
30   U 2   E   E 0.8617540 0.06771985
31   U 3   D   D 0.8558447 0.05638228
32   U 3   D   M 0.8540300 0.06687517
33   U 3   D   E 0.8488693 0.07862527
34   U 3   E   D 0.8262180 0.04428224
35   U 3   E   M 0.8594993 0.03069355
36   U 3   E   E 0.8635927 0.05513938
