Linear mixed-effects model fit by REML
 Data: mdata 
        AIC       BIC   logLik
  -193.1036 -170.9501 103.5518

Random effects:
 Formula: ~1 | pp
        (Intercept)  Residual
StdDev:  0.04398962 0.1213035

Fixed effects: Harmonicity ~ S + ID + grp 
                 Value   Std.Error  DF   t-value p-value
(Intercept)  0.5211177 0.016590845 167  31.40996  0.0000
S1          -0.0165866 0.012786512 167  -1.29719  0.1964
S2           0.0112954 0.012786512 167   0.88339  0.3783
ID1         -0.4302487 0.009041429 167 -47.58636  0.0000
grp1        -0.0026491 0.016590845   8  -0.15967  0.8771
 Correlation: 
     (Intr) S1   S2   ID1 
S1    0.0                 
S2    0.0   -0.5          
ID1   0.0    0.0  0.0     
grp1  0.0    0.0  0.0  0.0

Standardized Within-Group Residuals:
       Min         Q1        Med         Q3        Max 
-5.5938408 -0.1587365  0.1843168  0.3622144  2.3152507 

Number of Observations: 180
Number of Groups: 10 
            numDF denDF   F-value p-value
(Intercept)     1   167  986.5853  <.0001
S               2   167    0.8781  0.4175
ID              1   167 2264.4620  <.0001
grp             1     8    0.0255  0.8771
