            Estimate MCMCmean HPD95lower HPD95upper pMCMC Pr(>|t|)
(Intercept)   0.5211   0.5221     0.4852     0.5633 0.001   0.0000
grp1         -0.0026  -0.0027    -0.0405     0.0374 0.854   0.8733
S1           -0.0166  -0.0169    -0.0430     0.0076 0.180   0.2330
S2            0.0113   0.0116    -0.0173     0.0345 0.388   0.4162
ID1          -0.4302  -0.4300    -0.4526    -0.4072 0.001   0.0000
grp1:S1      -0.0309  -0.0320    -0.0570    -0.0039 0.028   0.0272
grp1:S2       0.0079   0.0087    -0.0159     0.0351 0.528   0.5674
grp1:ID1     -0.0022  -0.0020    -0.0278     0.0192 0.886   0.8748
S1:ID1        0.0330   0.0315     0.0067     0.0570 0.018   0.0182
S2:ID1       -0.0259  -0.0251    -0.0534    -0.0034 0.056   0.0639
grp1:S1:ID1   0.0177   0.0173    -0.0041     0.0436 0.164   0.2038
grp1:S2:ID1  -0.0040  -0.0037    -0.0277     0.0213 0.744   0.7728
Analysis of Variance Table
         Df  Sum Sq Mean Sq  F value
grp       1  0.0003  0.0003   0.0255
S         2  0.0174  0.0087   0.7476
ID        1 11.2015 11.2015 963.8450
grp:S     2  0.0623  0.0311   2.6788
grp:ID    1  0.0003  0.0003   0.0249
S:ID      2  0.0731  0.0365   3.1446
grp:S:ID  2  0.0208  0.0104   0.8950
Linear mixed model fit by REML 
Formula: Harmonicity ~ (1 | pp) + (1 | pp/S) + (1 | pp/ID) + (1 | pp/S:ID) +      grp * S * ID 
   Data: mdata 
    AIC    BIC logLik deviance REMLdev
 -140.7 -76.86  90.36   -262.2  -180.7
Random effects:
 Groups   Name        Variance   Std.Dev.  
 S:ID:pp  (Intercept) 1.8874e-03 4.3444e-02
 S:pp     (Intercept) 3.8735e-13 6.2237e-07
 ID:pp    (Intercept) 1.9205e-03 4.3823e-02
 pp       (Intercept) 2.0802e-04 1.4423e-02
 pp       (Intercept) 2.0802e-04 1.4423e-02
 pp       (Intercept) 2.0802e-04 1.4423e-02
 pp       (Intercept) 2.0802e-04 1.4423e-02
 Residual             1.1622e-02 1.0780e-01
Number of obs: 180, groups: S:ID:pp, 60; S:pp, 30; ID:pp, 20; pp, 10

Fixed effects:
             Estimate Std. Error t value
(Intercept)  0.521118   0.016591  31.410
grp1        -0.002649   0.016591  -0.160
S1          -0.016587   0.013858  -1.197
S2           0.011295   0.013858   0.815
ID1         -0.430249   0.013858 -31.047
grp1:S1     -0.030884   0.013858  -2.229
grp1:S2      0.007941   0.013858   0.573
grp1:ID1    -0.002187   0.013858  -0.158
S1:ID1       0.033040   0.013858   2.384
S2:ID1      -0.025852   0.013858  -1.866
grp1:S1:ID1  0.017681   0.013858   1.276
grp1:S2:ID1 -0.004007   0.013858  -0.289

Correlation of Fixed Effects:
            (Intr) grp1   S1     S2     ID1    gr1:S1 gr1:S2 g1:ID1 S1:ID1
grp1         0.000                                                        
S1           0.000  0.000                                                 
S2           0.000  0.000 -0.500                                          
ID1          0.000  0.000  0.000  0.000                                   
grp1:S1      0.000  0.000  0.000  0.000  0.000                            
grp1:S2      0.000  0.000  0.000  0.000  0.000 -0.500                     
grp1:ID1     0.000  0.000  0.000  0.000  0.000  0.000  0.000              
S1:ID1       0.000  0.000  0.000  0.000  0.000  0.000  0.000  0.000       
S2:ID1       0.000  0.000  0.000  0.000  0.000  0.000  0.000  0.000 -0.500
grp1:S1:ID1  0.000  0.000  0.000  0.000  0.000  0.000  0.000  0.000  0.000
grp1:S2:ID1  0.000  0.000  0.000  0.000  0.000  0.000  0.000  0.000  0.000
            S2:ID1 g1:S1:
grp1                     
S1                       
S2                       
ID1                      
grp1:S1                  
grp1:S2                  
grp1:ID1                 
S1:ID1                   
S2:ID1                   
grp1:S1:ID1  0.000       
grp1:S2:ID1  0.000 -0.500
Linear mixed model fit by REML 
Formula: Harmonicity ~ (1 | pp) + (1 | pp/S) + (1 | pp/ID) + (1 | pp/S:ID) +      grp * S * ID 
   Data: mdata 
    AIC    BIC logLik deviance REMLdev
 -140.7 -76.86  90.36   -262.2  -180.7
Random effects:
 Groups   Name        Variance   Std.Dev.  
 S:ID:pp  (Intercept) 1.8874e-03 4.3444e-02
 S:pp     (Intercept) 3.8735e-13 6.2237e-07
 ID:pp    (Intercept) 1.9205e-03 4.3823e-02
 pp       (Intercept) 2.0802e-04 1.4423e-02
 pp       (Intercept) 2.0802e-04 1.4423e-02
 pp       (Intercept) 2.0802e-04 1.4423e-02
 pp       (Intercept) 2.0802e-04 1.4423e-02
 Residual             1.1622e-02 1.0780e-01
Number of obs: 180, groups: S:ID:pp, 60; S:pp, 30; ID:pp, 20; pp, 10

Fixed effects:
             Estimate Std. Error t value
(Intercept)  0.521118   0.016591  31.410
grp1        -0.002649   0.016591  -0.160
S1          -0.016587   0.013858  -1.197
S2           0.011295   0.013858   0.815
ID1         -0.430249   0.013858 -31.047
grp1:S1     -0.030884   0.013858  -2.229
grp1:S2      0.007941   0.013858   0.573
grp1:ID1    -0.002187   0.013858  -0.158
S1:ID1       0.033040   0.013858   2.384
S2:ID1      -0.025852   0.013858  -1.866
grp1:S1:ID1  0.017681   0.013858   1.276
grp1:S2:ID1 -0.004007   0.013858  -0.289

Correlation of Fixed Effects:
            (Intr) grp1   S1     S2     ID1    gr1:S1 gr1:S2 g1:ID1 S1:ID1
grp1         0.000                                                        
S1           0.000  0.000                                                 
S2           0.000  0.000 -0.500                                          
ID1          0.000  0.000  0.000  0.000                                   
grp1:S1      0.000  0.000  0.000  0.000  0.000                            
grp1:S2      0.000  0.000  0.000  0.000  0.000 -0.500                     
grp1:ID1     0.000  0.000  0.000  0.000  0.000  0.000  0.000              
S1:ID1       0.000  0.000  0.000  0.000  0.000  0.000  0.000  0.000       
S2:ID1       0.000  0.000  0.000  0.000  0.000  0.000  0.000  0.000 -0.500
grp1:S1:ID1  0.000  0.000  0.000  0.000  0.000  0.000  0.000  0.000  0.000
grp1:S2:ID1  0.000  0.000  0.000  0.000  0.000  0.000  0.000  0.000  0.000
            S2:ID1 g1:S1:
grp1                     
S1                       
S2                       
ID1                      
grp1:S1                  
grp1:S2                  
grp1:ID1                 
S1:ID1                   
S2:ID1                   
grp1:S1:ID1  0.000       
grp1:S2:ID1  0.000 -0.500
