[1] "Summary by group"
  grp Harmonicity.m Harmonicity.s
1   C     0.5184686     0.4547737
2   U     0.5237668     0.4471276
[1] "Summary by session\n"
  S Harmonicity.m Harmonicity.s
1 1     0.5045311     0.4412103
2 2     0.5324131     0.4624153
3 3     0.5264089     0.4523817
[1] "Summary by ID\n"
  ID Harmonicity.m Harmonicity.s
1  D    0.09086896    0.04860624
2  E    0.95136644    0.17322236
[1] "Summary by group + Session\n"
  grp S Harmonicity.m Harmonicity.s
1   C 1     0.4709977     0.4429582
2   C 2     0.5377050     0.4704872
3   C 3     0.5467032     0.4621817
4   U 1     0.5380645     0.4444179
5   U 2     0.5271213     0.4621829
6   U 3     0.5061145     0.4493232
[1] "Summary by Session + ID\n"
  S ID Harmonicity.m Harmonicity.s
1 1  D     0.1073226    0.06751516
2 1  E     0.9017397    0.25506305
3 2  D     0.0763119    0.02584804
4 2  E     0.9885143    0.06290959
5 3  D     0.0889724    0.03900289
6 3  E     0.9638453    0.13760876
[1] "Summary by group + ID\n"
  grp ID Harmonicity.m Harmonicity.s
1   C  D    0.08603324    0.03516024
2   C  E    0.95090400    0.18601529
3   U  D    0.09570467    0.05911645
4   U  E    0.95182889    0.16152956
[1] "Summary by group + Session + ID\n"
   grp S ID Harmonicity.m Harmonicity.s
1    C 1  D    0.08928340    0.03097828
2    C 1  E    0.85271200    0.30537292
3    C 2  D    0.07540993    0.02373600
4    C 2  E    1.00000000    0.00000000
5    C 3  D    0.09340640    0.04660260
6    C 3  E    1.00000000    0.00000000
7    U 1  D    0.12536173    0.08823390
8    U 1  E    0.95076733    0.19067730
9    U 2  D    0.07721387    0.02861510
10   U 2  E    0.97702867    0.08896759
11   U 3  D    0.08453840    0.03061338
12   U 3  E    0.92769067    0.19085038
