[1] "Full vs no Session"
Data: mdata
Models:
noS.mod: get(vname) ~ (1 | pp) + IDR + IDL + grp
full.mod: get(vname) ~ (1 | pp) + (1 | pp/S) + (1 | pp/IDR) + (1 | pp/IDL) + 
full.mod:     (1 | pp/S:IDR:IDL) + S + IDR + IDL + grp
         Df     AIC     BIC logLik  Chisq Chi Df Pr(>Chisq)    
noS.mod   7 -1605.6 -1575.5 809.79                             
full.mod 17 -1875.5 -1802.6 954.76 289.93     10  < 2.2e-16 ***
---
Signif. codes:  0 ‘***’ 0.001 ‘**’ 0.01 ‘*’ 0.05 ‘.’ 0.1 ‘ ’ 1 
[1] "Full vs no Group"
Data: mdata
Models:
nogrp.mod: get(vname) ~ (1 | pp) + S + IDR + IDL
full.mod: get(vname) ~ (1 | pp) + (1 | pp/S) + (1 | pp/IDR) + (1 | pp/IDL) + 
full.mod:     (1 | pp/S:IDR:IDL) + S + IDR + IDL + grp
          Df     AIC     BIC logLik  Chisq Chi Df Pr(>Chisq)    
nogrp.mod  8 -1604.1 -1569.8 810.05                             
full.mod  17 -1875.5 -1802.6 954.76 289.41      9  < 2.2e-16 ***
---
Signif. codes:  0 ‘***’ 0.001 ‘**’ 0.01 ‘*’ 0.05 ‘.’ 0.1 ‘ ’ 1 
[1] "Full vs no Session and no Group"
Data: mdata
Models:
noSgrp.mod: get(vname) ~ (1 | pp) + IDR + IDL
full.mod: get(vname) ~ (1 | pp) + (1 | pp/S) + (1 | pp/IDR) + (1 | pp/IDL) + 
full.mod:     (1 | pp/S:IDR:IDL) + S + IDR + IDL + grp
           Df     AIC     BIC logLik  Chisq Chi Df Pr(>Chisq)    
noSgrp.mod  6 -1607.4 -1581.7 809.72                             
full.mod   17 -1875.5 -1802.6 954.76 290.07     11  < 2.2e-16 ***
---
Signif. codes:  0 ‘***’ 0.001 ‘**’ 0.01 ‘*’ 0.05 ‘.’ 0.1 ‘ ’ 1 
[1] "No Group vs no Session and no Group"
Data: mdata
Models:
noSgrp.mod: get(vname) ~ (1 | pp) + IDR + IDL
nogrp.mod: get(vname) ~ (1 | pp) + S + IDR + IDL
           Df     AIC     BIC logLik  Chisq Chi Df Pr(>Chisq)
noSgrp.mod  6 -1607.4 -1581.7 809.72                         
nogrp.mod   8 -1604.1 -1569.8 810.05 0.6647      2     0.7173
[1] "No Session vs no Session and no Group"
Data: mdata
Models:
noSgrp.mod: get(vname) ~ (1 | pp) + IDR + IDL
noS.mod: get(vname) ~ (1 | pp) + IDR + IDL + grp
           Df     AIC     BIC logLik  Chisq Chi Df Pr(>Chisq)
noSgrp.mod  6 -1607.4 -1581.7 809.72                         
noS.mod     7 -1605.6 -1575.5 809.79 0.1429      1     0.7054
