[1] "Summary by group"
  grp decTimeR.m decTimeR.s
1   C  0.9247519  0.2266631
2   U  0.8847556  0.4188129
[1] "Summary by session\n"
  S decTimeR.m decTimeR.s
1 1  1.1324889  0.3119254
2 2  0.8484111  0.2802183
3 3  0.7333611  0.2854407
[1] "Summary by DID\n"
  DID decTimeR.m decTimeR.s
1   1  1.1356278  0.2727552
2   2  0.8735500  0.2658558
3   3  0.7050833  0.3199697
[1] "Summary by group + Session\n"
  grp S decTimeR.m decTimeR.s
1   C 1  1.1276667  0.2306159
2   C 2  0.8753889  0.1315517
3   C 3  0.7712000  0.1313692
4   U 1  1.1373111  0.3789129
5   U 2  0.8214333  0.3742121
6   U 3  0.6955222  0.3802868
[1] "Summary by Session + DID\n"
  S DID decTimeR.m decTimeR.s
1 1   1  1.3811500  0.2483247
2 1   2  1.0849000  0.2265933
3 1   3  0.9314167  0.2783189
4 2   1  1.0505833  0.1687900
5 2   2  0.8461000  0.2039903
6 2   3  0.6485500  0.2954145
7 3   1  0.9751500  0.2041537
8 3   2  0.6896500  0.2048945
9 3   3  0.5352833  0.2516858
[1] "Summary by group + DID\n"
  grp DID decTimeR.m decTimeR.s
1   C   1  1.0663889  0.2628445
2   C   2  0.9051667  0.1741035
3   C   3  0.8027000  0.1446373
4   U   1  1.2048667  0.2675601
5   U   2  0.8419333  0.3325782
6   U   3  0.6074667  0.4082609
[1] "Summary by group + Session + DID\n"
   grp S DID decTimeR.m decTimeR.s
1    C 1   1  1.3232333 0.26465340
2    C 1   2  1.0960667 0.12819278
3    C 1   3  0.9637000 0.09909768
4    C 2   1  0.9910667 0.12134556
5    C 2   2  0.8640333 0.08439035
6    C 2   3  0.7710667 0.08004705
7    C 3   1  0.8848667 0.14248301
8    C 3   2  0.7554000 0.08258571
9    C 3   3  0.6733333 0.05238991
10   U 1   1  1.4390667 0.22473475
11   U 1   2  1.0737333 0.29942599
12   U 1   3  0.8991333 0.38522996
13   U 2   1  1.1101000 0.19157218
14   U 2   2  0.8281667 0.27997402
15   U 2   3  0.5260333 0.37709479
16   U 3   1  1.0654333 0.22037815
17   U 3   2  0.6239000 0.26622944
18   U 3   3  0.3972333 0.29602919
