[1] "Summary by group"
  grp   accQL.m    accQL.s
1   C 0.3945003 0.07145510
2   U 0.3892671 0.07623723
[1] "Summary by session\n"
  S   accQL.m    accQL.s
1 1 0.3733459 0.06030256
2 2 0.3963981 0.07423834
3 3 0.4059072 0.08195442
[1] "Summary by IDR+IDR\n"
  IDL IDR   accQL.m    accQL.s
1   D   D 0.3550463 0.02884497
2   D   M 0.3478478 0.03994339
3   D   E 0.3472244 0.04642555
4   E   D 0.3767828 0.06955083
5   E   M 0.4336681 0.06506378
6   E   E 0.4907329 0.04647715
[1] "Summary by group + Session\n"
  grp S   accQL.m    accQL.s
1   C 1 0.3669751 0.05407329
2   C 2 0.3969309 0.07539669
3   C 3 0.4195950 0.07358470
4   U 1 0.3797168 0.06563267
5   U 2 0.3958652 0.07348028
6   U 3 0.3922193 0.08783443
[1] "Summary by Session + IDR + IDL \n"
   S IDL IDR   accQL.m    accQL.s
1  1   D   D 0.3556333 0.01554631
2  1   D   M 0.3443690 0.03732814
3  1   D   E 0.3445497 0.03661372
4  1   E   D 0.3478343 0.05579628
5  1   E   M 0.3837957 0.05701022
6  1   E   E 0.4638937 0.04227851
7  2   D   D 0.3560367 0.02509965
8  2   D   M 0.3456803 0.03238143
9  2   D   E 0.3465703 0.04503542
10 2   E   D 0.3736730 0.06685196
11 2   E   M 0.4544453 0.04607286
12 2   E   E 0.5019827 0.03539104
13 3   D   D 0.3534690 0.04096161
14 3   D   M 0.3534940 0.04903214
15 3   D   E 0.3505533 0.05680297
16 3   E   D 0.4088410 0.07295937
17 3   E   M 0.4627633 0.06102160
18 3   E   E 0.5063223 0.04961691
[1] "Summary by group + IDR + IDL\n"
   grp IDL IDR   accQL.m    accQL.s
1    C   D   D 0.3656096 0.02835313
2    C   D   M 0.3563967 0.04267754
3    C   D   E 0.3528809 0.04920750
4    C   E   D 0.3576109 0.05039713
5    C   E   M 0.4374240 0.06084519
6    C   E   E 0.4970800 0.04217402
7    U   D   D 0.3444831 0.02551156
8    U   D   M 0.3392989 0.03544501
9    U   D   E 0.3415680 0.04327614
10   U   E   D 0.3959547 0.08057837
11   U   E   M 0.4299122 0.06951123
12   U   E   E 0.4843858 0.05008288
[1] "Summary by group + Session + IDR + IDL\n"
   grp S IDL IDR   accQL.m    accQL.s
1    C 1   D   D 0.3526460 0.01785448
2    C 1   D   M 0.3462227 0.02567051
3    C 1   D   E 0.3426193 0.01848535
4    C 1   E   D 0.3338833 0.03316644
5    C 1   E   M 0.3674793 0.04935540
6    C 1   E   E 0.4590000 0.04656523
7    C 2   D   D 0.3674713 0.02415600
8    C 2   D   M 0.3508487 0.03513284
9    C 2   D   E 0.3420053 0.05254321
10   C 2   E   D 0.3460020 0.04310154
11   C 2   E   M 0.4612833 0.02662703
12   C 2   E   E 0.5139747 0.02572161
13   C 3   D   D 0.3767113 0.03617213
14   C 3   D   M 0.3721187 0.05850045
15   C 3   D   E 0.3740180 0.06155739
16   C 3   E   D 0.3929473 0.05421474
17   C 3   E   M 0.4835093 0.01905614
18   C 3   E   E 0.5182653 0.02048794
19   U 1   D   D 0.3586207 0.01275670
20   U 1   D   M 0.3425153 0.04711657
21   U 1   D   E 0.3464800 0.04926653
22   U 1   E   D 0.3617853 0.07022639
23   U 1   E   M 0.4001120 0.06104139
24   U 1   E   E 0.4687873 0.03850953
25   U 2   D   D 0.3446020 0.02100691
26   U 2   D   M 0.3405120 0.02967248
27   U 2   D   E 0.3511353 0.03736047
28   U 2   E   D 0.4013440 0.07588874
29   U 2   E   M 0.4476073 0.05989861
30   U 2   E   E 0.4899907 0.04030825
31   U 3   D   D 0.3302267 0.03177336
32   U 3   D   M 0.3348693 0.02853793
33   U 3   D   E 0.3270887 0.04140623
34   U 3   E   D 0.4247347 0.08686667
35   U 3   E   M 0.4420173 0.08017375
36   U 3   E   E 0.4943793 0.06613712
