[1] "Summary by group"
  grp     q1R.m      q1R.s
1   C 0.8711382 0.04767539
2   U 0.8867879 0.05434340
[1] "Summary by session\n"
  S     q1R.m      q1R.s
1 1 0.8726251 0.05602856
2 2 0.8782991 0.05248924
3 3 0.8859649 0.04532188
[1] "Summary by IDR+IDR\n"
  IDL IDR     q1R.m      q1R.s
1   D   D 0.8993797 0.04957570
2   D   M 0.8843034 0.04766092
3   D   E 0.8523458 0.05130240
4   E   D 0.8991400 0.04380084
5   E   M 0.8811350 0.03745059
6   E   E 0.8574742 0.05860767
[1] "Summary by group + Session\n"
  grp S     q1R.m      q1R.s
1   C 1 0.8679006 0.05410665
2   C 2 0.8651192 0.04590530
3   C 3 0.8803948 0.04124558
4   U 1 0.8773496 0.05780137
5   U 2 0.8914789 0.05552099
6   U 3 0.8915351 0.04865466
[1] "Summary by Session + IDR + IDL \n"
   S IDL IDR     q1R.m      q1R.s
1  1   D   D 0.8833187 0.05994241
2  1   D   M 0.8809297 0.05159055
3  1   D   E 0.8530357 0.05845432
4  1   E   D 0.9011423 0.04175999
5  1   E   M 0.8769690 0.04227295
6  1   E   E 0.8403550 0.06040922
7  2   D   D 0.9012727 0.04541104
8  2   D   M 0.8798103 0.04918128
9  2   D   E 0.8519117 0.05095863
10 2   E   D 0.8996920 0.04061003
11 2   E   M 0.8771357 0.03901848
12 2   E   E 0.8599720 0.06830392
13 3   D   D 0.9135477 0.03754041
14 3   D   M 0.8921703 0.04235899
15 3   D   E 0.8520900 0.04541890
16 3   E   D 0.8965857 0.04983540
17 3   E   M 0.8893003 0.02985718
18 3   E   E 0.8720957 0.04118226
[1] "Summary by group + IDR + IDL\n"
   grp IDL IDR     q1R.m      q1R.s
1    C   D   D 0.8871327 0.04772609
2    C   D   M 0.8735273 0.04515511
3    C   D   E 0.8439349 0.05269912
4    C   E   D 0.8913658 0.04015000
5    C   E   M 0.8761284 0.03347635
6    C   E   E 0.8547400 0.04822913
7    U   D   D 0.9116267 0.04885471
8    U   D   M 0.8950796 0.04814811
9    U   D   E 0.8607567 0.04900806
10   U   E   D 0.9069142 0.04631395
11   U   E   M 0.8861416 0.04080481
12   U   E   E 0.8602084 0.06787078
[1] "Summary by group + Session + IDR + IDL\n"
   grp S IDL IDR     q1R.m      q1R.s
1    C 1   D   D 0.8795100 0.06336171
2    C 1   D   M 0.8641353 0.04866986
3    C 1   D   E 0.8418553 0.05975762
4    C 1   E   D 0.8990580 0.04145505
5    C 1   E   M 0.8805793 0.03901645
6    C 1   E   E 0.8422653 0.05111371
7    C 2   D   D 0.8776327 0.04393209
8    C 2   D   M 0.8588787 0.04904520
9    C 2   D   E 0.8427380 0.05367920
10   C 2   E   D 0.8810993 0.03694662
11   C 2   E   M 0.8694300 0.03450079
12   C 2   E   E 0.8609367 0.05065231
13   C 3   D   D 0.9042553 0.02721985
14   C 3   D   M 0.8975680 0.02627531
15   C 3   D   E 0.8472113 0.04752087
16   C 3   E   D 0.8939400 0.04241883
17   C 3   E   M 0.8783760 0.02710710
18   C 3   E   E 0.8610180 0.04338280
19   U 1   D   D 0.8871273 0.05828417
20   U 1   D   M 0.8977240 0.05039976
21   U 1   D   E 0.8642160 0.05691264
22   U 1   E   D 0.9032267 0.04341114
23   U 1   E   M 0.8733587 0.04638354
24   U 1   E   E 0.8384447 0.07027645
25   U 2   D   D 0.9249127 0.03382395
26   U 2   D   M 0.9007420 0.04081759
27   U 2   D   E 0.8610853 0.04813789
28   U 2   E   D 0.9182847 0.03619857
29   U 2   E   M 0.8848413 0.04284961
30   U 2   E   E 0.8590073 0.08424040
31   U 3   D   D 0.9228400 0.04464613
32   U 3   D   M 0.8867727 0.05444179
33   U 3   D   E 0.8569687 0.04431553
34   U 3   E   D 0.8992313 0.05770767
35   U 3   E   M 0.9002247 0.02925837
36   U 3   E   E 0.8831733 0.03698744
