                  Estimate MCMCmean HPD95lower HPD95upper pMCMC Pr(>|t|)
(Intercept)         4.1315   4.1279     3.7000     4.5385 0.001   0.0000
grp1                0.1275   0.1319    -0.2983     0.5212 0.542   0.5783
S1                 -0.8922  -0.8942    -1.0553    -0.7259 0.001   0.0000
S2                  0.1671   0.1654    -0.0324     0.3350 0.084   0.1422
IDR1               -1.0905  -1.0837    -1.2691    -0.8920 0.001   0.0000
IDR2               -0.2503  -0.2545    -0.4656    -0.0695 0.012   0.0658
IDL1               -0.5778  -0.5774    -0.7724    -0.3583 0.001   0.0013
grp1:S1            -0.1069  -0.1064    -0.2780     0.0766 0.266   0.3474
grp1:S2             0.0934   0.0938    -0.0906     0.2734 0.294   0.4117
grp1:IDR1          -0.3095  -0.3066    -0.5093    -0.0906 0.006   0.0231
grp1:IDR2          -0.0164  -0.0189    -0.2297     0.1796 0.876   0.9040
S1:IDR1             0.2540   0.2514     0.0909     0.3838 0.001   0.0305
S2:IDR1            -0.0965  -0.0940    -0.2375     0.0492 0.218   0.4105
S1:IDR2             0.0747   0.0771    -0.0642     0.2113 0.282   0.5237
S2:IDR2             0.1142   0.1140    -0.0181     0.2686 0.116   0.3301
grp1:IDL1           0.2392   0.2347     0.0193     0.4257 0.026   0.1823
S1:IDL1             0.3993   0.4010     0.3017     0.4976 0.001   0.0000
S2:IDL1            -0.0237  -0.0248    -0.1203     0.0733 0.622   0.7747
IDR1:IDL1           0.7238   0.7218     0.6179     0.8261 0.001   0.0000
IDR2:IDL1           0.2771   0.2772     0.1802     0.3801 0.001   0.0009
grp1:S1:IDR1        0.2514   0.2545     0.1045     0.3857 0.001   0.0323
grp1:S2:IDR1       -0.0670  -0.0655    -0.2241     0.0572 0.360   0.5672
grp1:S1:IDR2        0.0369   0.0355    -0.0845     0.1839 0.586   0.7525
grp1:S2:IDR2       -0.0588  -0.0603    -0.2015     0.0834 0.412   0.6155
grp1:S1:IDL1       -0.0753  -0.0749    -0.1770     0.0162 0.132   0.3636
grp1:S2:IDL1       -0.1124  -0.1156    -0.2167    -0.0068 0.028   0.1750
grp1:IDR1:IDL1      0.1360   0.1375     0.0378     0.2299 0.004   0.1012
grp1:IDR2:IDL1      0.0142   0.0139    -0.0861     0.1105 0.792   0.8638
S1:IDR1:IDL1       -0.3530  -0.3533    -0.4928    -0.1984 0.001   0.0027
S2:IDR1:IDL1        0.1071   0.1064    -0.0462     0.2424 0.158   0.3608
S1:IDR2:IDL1       -0.1146  -0.1117    -0.2619     0.0216 0.134   0.3282
S2:IDR2:IDL1       -0.0581  -0.0588    -0.2163     0.0748 0.468   0.6198
grp1:S1:IDR1:IDL1  -0.1228  -0.1228    -0.2610     0.0266 0.104   0.2949
grp1:S2:IDR1:IDL1   0.0824   0.0826    -0.0737     0.2006 0.256   0.4817
grp1:S1:IDR2:IDL1  -0.0031  -0.0018    -0.1345     0.1440 0.998   0.9792
grp1:S2:IDR2:IDL1  -0.0348  -0.0354    -0.1824     0.1005 0.614   0.7668
NULL
       Length Class      Mode
fixed  6      data.frame list
random 7      data.frame list
Analysis of Variance Table
              Df  Sum Sq Mean Sq F value
grp            1  0.0540  0.0540  0.3036
S              2 12.3928  6.1964 34.8358
IDR            2 19.6148  9.8074 55.1365
IDL            1  1.8525  1.8525 10.4145
grp:S          2  0.1866  0.0933  0.5245
grp:IDR        2  1.3004  0.6502  3.6555
S:IDR          4  2.1989  0.5497  3.0906
grp:IDL        1  0.3173  0.3173  1.7840
S:IDL          2  5.2076  2.6038 14.6383
IDR:IDL        2 27.7184 13.8592 77.9155
grp:S:IDR      4  1.3397  0.3349  1.8829
grp:S:IDL      2  0.9264  0.4632  2.6042
grp:IDR:IDL    2  0.7134  0.3567  2.0054
S:IDR:IDL      4  3.6849  0.9212  5.1790
grp:S:IDR:IDL  4  0.2904  0.0726  0.4081
Linear mixed model fit by REML 
Formula: get(vname) ~ (1 | pp) + (1 | pp/S) + (1 | pp/IDR) + (1 | pp/IDL) +      (1 | pp/S:IDR:IDL) + grp * S * IDR * IDL 
   Data: mdata 
  AIC  BIC logLik deviance REMLdev
 1255 1453 -581.6     1067    1163
Random effects:
 Groups       Name        Variance Std.Dev.
 S:IDR:IDL:pp (Intercept) 0.557688 0.74679 
 IDR:pp       (Intercept) 0.173742 0.41682 
 S:pp         (Intercept) 0.090920 0.30153 
 IDL:pp       (Intercept) 0.572681 0.75676 
 pp           (Intercept) 0.023329 0.15274 
 pp           (Intercept) 0.023329 0.15274 
 pp           (Intercept) 0.023329 0.15274 
 pp           (Intercept) 0.023330 0.15274 
 pp           (Intercept) 0.023330 0.15274 
 Residual                 0.177874 0.42175 
Number of obs: 540, groups: S:IDR:IDL:pp, 180; IDR:pp, 30; S:pp, 30; IDL:pp, 20; pp, 10

Fixed effects:
                   Estimate Std. Error t value
(Intercept)        4.131503   0.229221  18.024
grp1               0.127489   0.229221   0.556
S1                -0.892237   0.113651  -7.851
S2                 0.167051   0.113651   1.470
IDR1              -1.090527   0.135787  -8.031
IDR2              -0.250339   0.135787  -1.844
IDL1              -0.577846   0.179058  -3.227
grp1:S1           -0.106886   0.113651  -0.940
grp1:S2            0.093369   0.113651   0.822
grp1:IDR1         -0.309454   0.135787  -2.279
grp1:IDR2         -0.016389   0.135787  -0.121
S1:IDR1            0.254027   0.117093   2.169
S2:IDR1           -0.096454   0.117093  -0.824
S1:IDR2            0.074717   0.117093   0.638
S2:IDR2            0.114159   0.117093   0.975
grp1:IDL1          0.239158   0.179058   1.336
S1:IDL1            0.399291   0.082797   4.823
S2:IDL1           -0.023716   0.082797  -0.286
IDR1:IDL1          0.723795   0.082797   8.742
IDR2:IDL1          0.277083   0.082797   3.347
grp1:S1:IDR1       0.251385   0.117093   2.147
grp1:S2:IDR1      -0.067044   0.117093  -0.573
grp1:S1:IDR2       0.036941   0.117093   0.315
grp1:S2:IDR2      -0.058848   0.117093  -0.503
grp1:S1:IDL1      -0.075287   0.082797  -0.909
grp1:S2:IDL1      -0.112448   0.082797  -1.358
grp1:IDR1:IDL1     0.135967   0.082797   1.642
grp1:IDR2:IDL1     0.014212   0.082797   0.172
S1:IDR1:IDL1      -0.352952   0.117093  -3.014
S2:IDR1:IDL1       0.107094   0.117093   0.915
S1:IDR2:IDL1      -0.114602   0.117093  -0.979
S2:IDR2:IDL1      -0.058136   0.117093  -0.496
grp1:S1:IDR1:IDL1 -0.122778   0.117093  -1.049
grp1:S2:IDR1:IDL1  0.082450   0.117093   0.704
grp1:S1:IDR2:IDL1 -0.003061   0.117093  -0.026
grp1:S2:IDR2:IDL1 -0.034750   0.117093  -0.297

Correlation of Fixed Effects:
            (Intr) grp1   S1     S2     IDR1   IDR2   IDL1   gr1:S1 gr1:S2
grp1         0.000                                                        
S1           0.000  0.000                                                 
S2           0.000  0.000 -0.500                                          
IDR1         0.000  0.000  0.000  0.000                                   
IDR2         0.000  0.000  0.000  0.000 -0.500                            
IDL1         0.000  0.000  0.000  0.000  0.000  0.000                     
grp1:S1      0.000  0.000  0.000  0.000  0.000  0.000  0.000              
grp1:S2      0.000  0.000  0.000  0.000  0.000  0.000  0.000 -0.500       
grp1:IDR1    0.000  0.000  0.000  0.000  0.000  0.000  0.000  0.000  0.000
grp1:IDR2    0.000  0.000  0.000  0.000  0.000  0.000  0.000  0.000  0.000
S1:IDR1      0.000  0.000  0.000  0.000  0.000  0.000  0.000  0.000  0.000
S2:IDR1      0.000  0.000  0.000  0.000  0.000  0.000  0.000  0.000  0.000
S1:IDR2      0.000  0.000  0.000  0.000  0.000  0.000  0.000  0.000  0.000
S2:IDR2      0.000  0.000  0.000  0.000  0.000  0.000  0.000  0.000  0.000
grp1:IDL1    0.000  0.000  0.000  0.000  0.000  0.000  0.000  0.000  0.000
S1:IDL1      0.000  0.000  0.000  0.000  0.000  0.000  0.000  0.000  0.000
S2:IDL1      0.000  0.000  0.000  0.000  0.000  0.000  0.000  0.000  0.000
IDR1:IDL1    0.000  0.000  0.000  0.000  0.000  0.000  0.000  0.000  0.000
IDR2:IDL1    0.000  0.000  0.000  0.000  0.000  0.000  0.000  0.000  0.000
gr1:S1:IDR1  0.000  0.000  0.000  0.000  0.000  0.000  0.000  0.000  0.000
gr1:S2:IDR1  0.000  0.000  0.000  0.000  0.000  0.000  0.000  0.000  0.000
gr1:S1:IDR2  0.000  0.000  0.000  0.000  0.000  0.000  0.000  0.000  0.000
gr1:S2:IDR2  0.000  0.000  0.000  0.000  0.000  0.000  0.000  0.000  0.000
gr1:S1:IDL1  0.000  0.000  0.000  0.000  0.000  0.000  0.000  0.000  0.000
gr1:S2:IDL1  0.000  0.000  0.000  0.000  0.000  0.000  0.000  0.000  0.000
g1:IDR1:IDL  0.000  0.000  0.000  0.000  0.000  0.000  0.000  0.000  0.000
g1:IDR2:IDL  0.000  0.000  0.000  0.000  0.000  0.000  0.000  0.000  0.000
S1:IDR1:IDL  0.000  0.000  0.000  0.000  0.000  0.000  0.000  0.000  0.000
S2:IDR1:IDL  0.000  0.000  0.000  0.000  0.000  0.000  0.000  0.000  0.000
S1:IDR2:IDL  0.000  0.000  0.000  0.000  0.000  0.000  0.000  0.000  0.000
S2:IDR2:IDL  0.000  0.000  0.000  0.000  0.000  0.000  0.000  0.000  0.000
g1:S1:IDR1:  0.000  0.000  0.000  0.000  0.000  0.000  0.000  0.000  0.000
g1:S2:IDR1:  0.000  0.000  0.000  0.000  0.000  0.000  0.000  0.000  0.000
g1:S1:IDR2:  0.000  0.000  0.000  0.000  0.000  0.000  0.000  0.000  0.000
g1:S2:IDR2:  0.000  0.000  0.000  0.000  0.000  0.000  0.000  0.000  0.000
            gr1:IDR1 gr1:IDR2 S1:IDR1 S2:IDR1 S1:IDR2 S2:IDR2 g1:IDL S1:IDL
grp1                                                                       
S1                                                                         
S2                                                                         
IDR1                                                                       
IDR2                                                                       
IDL1                                                                       
grp1:S1                                                                    
grp1:S2                                                                    
grp1:IDR1                                                                  
grp1:IDR2   -0.500                                                         
S1:IDR1      0.000    0.000                                                
S2:IDR1      0.000    0.000   -0.500                                       
S1:IDR2      0.000    0.000   -0.500   0.250                               
S2:IDR2      0.000    0.000    0.250  -0.500  -0.500                       
grp1:IDL1    0.000    0.000    0.000   0.000   0.000   0.000               
S1:IDL1      0.000    0.000    0.000   0.000   0.000   0.000   0.000       
S2:IDL1      0.000    0.000    0.000   0.000   0.000   0.000   0.000 -0.500
IDR1:IDL1    0.000    0.000    0.000   0.000   0.000   0.000   0.000  0.000
IDR2:IDL1    0.000    0.000    0.000   0.000   0.000   0.000   0.000  0.000
gr1:S1:IDR1  0.000    0.000    0.000   0.000   0.000   0.000   0.000  0.000
gr1:S2:IDR1  0.000    0.000    0.000   0.000   0.000   0.000   0.000  0.000
gr1:S1:IDR2  0.000    0.000    0.000   0.000   0.000   0.000   0.000  0.000
gr1:S2:IDR2  0.000    0.000    0.000   0.000   0.000   0.000   0.000  0.000
gr1:S1:IDL1  0.000    0.000    0.000   0.000   0.000   0.000   0.000  0.000
gr1:S2:IDL1  0.000    0.000    0.000   0.000   0.000   0.000   0.000  0.000
g1:IDR1:IDL  0.000    0.000    0.000   0.000   0.000   0.000   0.000  0.000
g1:IDR2:IDL  0.000    0.000    0.000   0.000   0.000   0.000   0.000  0.000
S1:IDR1:IDL  0.000    0.000    0.000   0.000   0.000   0.000   0.000  0.000
S2:IDR1:IDL  0.000    0.000    0.000   0.000   0.000   0.000   0.000  0.000
S1:IDR2:IDL  0.000    0.000    0.000   0.000   0.000   0.000   0.000  0.000
S2:IDR2:IDL  0.000    0.000    0.000   0.000   0.000   0.000   0.000  0.000
g1:S1:IDR1:  0.000    0.000    0.000   0.000   0.000   0.000   0.000  0.000
g1:S2:IDR1:  0.000    0.000    0.000   0.000   0.000   0.000   0.000  0.000
g1:S1:IDR2:  0.000    0.000    0.000   0.000   0.000   0.000   0.000  0.000
g1:S2:IDR2:  0.000    0.000    0.000   0.000   0.000   0.000   0.000  0.000
            S2:IDL IDR1:I IDR2:I gr1:S1:IDR1 gr1:S2:IDR1 gr1:S1:IDR2
grp1                                                                
S1                                                                  
S2                                                                  
IDR1                                                                
IDR2                                                                
IDL1                                                                
grp1:S1                                                             
grp1:S2                                                             
grp1:IDR1                                                           
grp1:IDR2                                                           
S1:IDR1                                                             
S2:IDR1                                                             
S1:IDR2                                                             
S2:IDR2                                                             
grp1:IDL1                                                           
S1:IDL1                                                             
S2:IDL1                                                             
IDR1:IDL1    0.000                                                  
IDR2:IDL1    0.000 -0.500                                           
gr1:S1:IDR1  0.000  0.000  0.000                                    
gr1:S2:IDR1  0.000  0.000  0.000 -0.500                             
gr1:S1:IDR2  0.000  0.000  0.000 -0.500       0.250                 
gr1:S2:IDR2  0.000  0.000  0.000  0.250      -0.500      -0.500     
gr1:S1:IDL1  0.000  0.000  0.000  0.000       0.000       0.000     
gr1:S2:IDL1  0.000  0.000  0.000  0.000       0.000       0.000     
g1:IDR1:IDL  0.000  0.000  0.000  0.000       0.000       0.000     
g1:IDR2:IDL  0.000  0.000  0.000  0.000       0.000       0.000     
S1:IDR1:IDL  0.000  0.000  0.000  0.000       0.000       0.000     
S2:IDR1:IDL  0.000  0.000  0.000  0.000       0.000       0.000     
S1:IDR2:IDL  0.000  0.000  0.000  0.000       0.000       0.000     
S2:IDR2:IDL  0.000  0.000  0.000  0.000       0.000       0.000     
g1:S1:IDR1:  0.000  0.000  0.000  0.000       0.000       0.000     
g1:S2:IDR1:  0.000  0.000  0.000  0.000       0.000       0.000     
g1:S1:IDR2:  0.000  0.000  0.000  0.000       0.000       0.000     
g1:S2:IDR2:  0.000  0.000  0.000  0.000       0.000       0.000     
            gr1:S2:IDR2 g1:S1:IDL g1:S2:IDL g1:IDR1: g1:IDR2: S1:IDR1: S2:IDR1:
grp1                                                                           
S1                                                                             
S2                                                                             
IDR1                                                                           
IDR2                                                                           
IDL1                                                                           
grp1:S1                                                                        
grp1:S2                                                                        
grp1:IDR1                                                                      
grp1:IDR2                                                                      
S1:IDR1                                                                        
S2:IDR1                                                                        
S1:IDR2                                                                        
S2:IDR2                                                                        
grp1:IDL1                                                                      
S1:IDL1                                                                        
S2:IDL1                                                                        
IDR1:IDL1                                                                      
IDR2:IDL1                                                                      
gr1:S1:IDR1                                                                    
gr1:S2:IDR1                                                                    
gr1:S1:IDR2                                                                    
gr1:S2:IDR2                                                                    
gr1:S1:IDL1  0.000                                                             
gr1:S2:IDL1  0.000      -0.500                                                 
g1:IDR1:IDL  0.000       0.000     0.000                                       
g1:IDR2:IDL  0.000       0.000     0.000    -0.500                             
S1:IDR1:IDL  0.000       0.000     0.000     0.000    0.000                    
S2:IDR1:IDL  0.000       0.000     0.000     0.000    0.000   -0.500           
S1:IDR2:IDL  0.000       0.000     0.000     0.000    0.000   -0.500    0.250  
S2:IDR2:IDL  0.000       0.000     0.000     0.000    0.000    0.250   -0.500  
g1:S1:IDR1:  0.000       0.000     0.000     0.000    0.000    0.000    0.000  
g1:S2:IDR1:  0.000       0.000     0.000     0.000    0.000    0.000    0.000  
g1:S1:IDR2:  0.000       0.000     0.000     0.000    0.000    0.000    0.000  
g1:S2:IDR2:  0.000       0.000     0.000     0.000    0.000    0.000    0.000  
            S1:IDR2: S2:IDR2: g1:S1:IDR1: g1:S2:IDR1: g1:S1:IDR2:
grp1                                                             
S1                                                               
S2                                                               
IDR1                                                             
IDR2                                                             
IDL1                                                             
grp1:S1                                                          
grp1:S2                                                          
grp1:IDR1                                                        
grp1:IDR2                                                        
S1:IDR1                                                          
S2:IDR1                                                          
S1:IDR2                                                          
S2:IDR2                                                          
grp1:IDL1                                                        
S1:IDL1                                                          
S2:IDL1                                                          
IDR1:IDL1                                                        
IDR2:IDL1                                                        
gr1:S1:IDR1                                                      
gr1:S2:IDR1                                                      
gr1:S1:IDR2                                                      
gr1:S2:IDR2                                                      
gr1:S1:IDL1                                                      
gr1:S2:IDL1                                                      
g1:IDR1:IDL                                                      
g1:IDR2:IDL                                                      
S1:IDR1:IDL                                                      
S2:IDR1:IDL                                                      
S1:IDR2:IDL                                                      
S2:IDR2:IDL -0.500                                               
g1:S1:IDR1:  0.000    0.000                                      
g1:S2:IDR1:  0.000    0.000   -0.500                             
g1:S1:IDR2:  0.000    0.000   -0.500       0.250                 
g1:S2:IDR2:  0.000    0.000    0.250      -0.500      -0.500     
