[1] "Summary by group"
  grp IPerfL.m IPerfL.s
1   C 4.258992 2.173668
2   U 4.004015 1.882008
[1] "Summary by session\n"
  S IPerfL.m IPerfL.s
1 1 3.239267 1.196240
2 2 4.298554 1.936054
3 3 4.856689 2.436306
[1] "Summary by IDR+IDR\n"
  IDL IDR IPerfL.m  IPerfL.s
1   D   D 3.186924 0.6611819
2   D   M 3.580401 0.8058619
3   D   E 3.893646 0.8555043
4   E   D 2.895028 1.3739372
5   E   M 4.181928 1.4013263
6   E   E 7.051093 2.8248676
[1] "Summary by group + Session\n"
  grp S IPerfL.m IPerfL.s
1   C 1 3.259869 1.209930
2   C 2 4.519412 2.152523
3   C 3 4.997694 2.559988
4   U 1 3.218664 1.188810
5   U 2 4.077697 1.675327
6   U 3 4.715683 2.311734
[1] "Summary by Session + IDR + IDL \n"
   S IDL IDR IPerfL.m  IPerfL.s
1  1   D   D 2.595053 0.4221026
2  1   D   M 3.047570 0.4950643
3  1   D   E 3.539510 0.4056792
4  1   E   D 2.210480 0.8279359
5  1   E   M 3.079720 0.6852067
6  1   E   E 4.963267 1.5275300
7  2   D   D 3.340900 0.4788456
8  2   D   M 3.779760 0.5688435
9  2   D   E 3.970317 0.9200153
10 2   E   D 2.882247 1.3222432
11 2   E   M 4.544990 1.3626587
12 2   E   E 7.273113 2.3456320
13 3   D   D 3.624820 0.5906675
14 3   D   M 3.913873 0.9871696
15 3   D   E 4.171110 1.0097897
16 3   E   D 3.592357 1.5399750
17 3   E   M 4.921073 1.3198255
18 3   E   E 8.916900 2.9142800
[1] "Summary by group + IDR + IDL\n"
   grp IDL IDR IPerfL.m  IPerfL.s
1    C   D   D 3.380084 0.6813710
2    C   D   M 3.944871 0.7019559
3    C   D   E 4.435956 0.7290651
4    C   E   D 2.337938 0.4581343
5    C   E   M 4.039658 1.2349508
6    C   E   E 7.415444 3.2750956
7    U   D   D 2.993764 0.5862376
8    U   D   M 3.215931 0.7410325
9    U   D   E 3.351336 0.5893256
10   U   E   D 3.452118 1.7244179
11   U   E   M 4.324198 1.5509854
12   U   E   E 6.686742 2.2678901
[1] "Summary by group + Session + IDR + IDL\n"
   grp S IDL IDR IPerfL.m  IPerfL.s
1    C 1   D   D 2.734647 0.4494239
2    C 1   D   M 3.263747 0.3662649
3    C 1   D   E 3.737160 0.3052831
4    C 1   E   D 1.995953 0.2331947
5    C 1   E   M 2.945853 0.5110416
6    C 1   E   E 4.881853 1.8400789
7    C 2   D   D 3.530387 0.4520862
8    C 2   D   M 4.031553 0.4416143
9    C 2   D   E 4.571740 0.6808920
10   C 2   E   D 2.381480 0.4727950
11   C 2   E   M 4.584440 1.3466122
12   C 2   E   E 8.016873 2.6909599
13   C 3   D   D 3.875220 0.5652771
14   C 3   D   M 4.539313 0.5794171
15   C 3   D   E 4.998967 0.4807882
16   C 3   E   D 2.636380 0.3987001
17   C 3   E   M 4.588680 0.8921022
18   C 3   E   E 9.347607 3.4378576
19   U 1   D   D 2.455460 0.3540192
20   U 1   D   M 2.831393 0.5228699
21   U 1   D   E 3.341860 0.4049653
22   U 1   E   D 2.425007 1.1255758
23   U 1   E   M 3.213587 0.8203589
24   U 1   E   E 5.044680 1.1971926
25   U 2   D   D 3.151413 0.4400484
26   U 2   D   M 3.527967 0.5825796
27   U 2   D   E 3.368893 0.7173623
28   U 2   E   D 3.383013 1.6913430
29   U 2   E   M 4.505540 1.4246436
30   U 2   E   E 6.529353 1.7234645
31   U 3   D   D 3.374420 0.5184602
32   U 3   D   M 3.288433 0.9190529
33   U 3   D   E 3.343253 0.6422049
34   U 3   E   D 4.548333 1.6718673
35   U 3   E   M 5.253467 1.6048996
36   U 3   E   E 8.486193 2.3186891
