[1] "IPerfEfR ~(S*DID*grp)+Error(pp/(S*DID))+grp"
$ANOVA
     Effect DFn DFd          F            p p<.05        ges
2       grp   1   8  2.6138943 1.445934e-01       0.11008172
3         S   2  16 20.2447575 4.142067e-05     * 0.30522905
5       DID   2  16 43.9147768 3.179743e-07     * 0.61991169
4     grp:S   2  16  1.3763661 2.808300e-01       0.02900174
6   grp:DID   2  16  0.7229360 5.005165e-01       0.02614735
7     S:DID   4  32 14.0797507 9.882368e-07     * 0.20961945
8 grp:S:DID   4  32  0.8770407 4.885393e-01       0.01625189

$`Mauchly's Test for Sphericity`
     Effect          W           p p<.05
3         S 0.64329485 0.213518380      
4     grp:S 0.64329485 0.213518380      
5       DID 0.24852045 0.007651868     *
6   grp:DID 0.24852045 0.007651868     *
7     S:DID 0.06036968 0.040875955     *
8 grp:S:DID 0.06036968 0.040875955     *

$`Sphericity Corrections`
     Effect       GGe        p[GG] p[GG]<.05       HFe        p[HF] p[HF]<.05
3         S 0.7370798 3.142259e-04         * 0.8632939 1.184384e-04         *
4     grp:S 0.7370798 2.807464e-01           0.8632939 2.813441e-01          
5       DID 0.5709459 6.726876e-05         * 0.6034482 4.468590e-05         *
6   grp:DID 0.5709459 4.353144e-01           0.6034482 4.417491e-01          
7     S:DID 0.5392726 1.885616e-04         * 0.7450832 1.779324e-05         *
8 grp:S:DID 0.5392726 4.411256e-01           0.7450832 4.662973e-01          

