[1] "peakVelR ~S*IDR*IDL*grp + Error(pp/(S*IDR*IDL))"
$ANOVA
          Effect DFn DFd          F            p p<.05         ges
2            grp   1   8  0.5899245 4.645137e-01       0.022026086
3              S   2  16 21.6006877 2.846463e-05     * 0.188376378
4          grp:S   2  16  0.1905467 8.283555e-01       0.002043230
5            IDR   2  16 31.6792379 2.730319e-06     * 0.456486320
6        grp:IDR   2  16  1.8653813 1.869859e-01       0.047124457
7            IDL   1   8 45.7901359 1.425725e-04     * 0.311188184
8        grp:IDL   1   8  4.6347635 6.349275e-02       0.043727998
9          S:IDR   4  32  9.4003402 3.843839e-05     * 0.095025703
10     grp:S:IDR   4  32  0.6501792 6.309246e-01       0.007210271
11         S:IDL   2  16  2.1316941 1.510996e-01       0.012694734
12     grp:S:IDL   2  16  3.7553399 4.600853e-02     * 0.022149752
13       IDR:IDL   2  16 20.3602417 4.009041e-05     * 0.241839675
14   grp:IDR:IDL   2  16  0.4337535 6.554698e-01       0.006749712
15     S:IDR:IDL   4  32  7.5926197 2.026619e-04     * 0.049300036
16 grp:S:IDR:IDL   4  32  1.0952544 3.756508e-01       0.007424898

$`Mauchly's Test for Sphericity`
          Effect         W            p p<.05
3              S 0.8542898 0.5762598504      
4          grp:S 0.8542898 0.5762598504      
5            IDR 0.1278386 0.0007469931     *
6        grp:IDR 0.1278386 0.0007469931     *
9          S:IDR 0.0117840 0.0011554595     *
10     grp:S:IDR 0.0117840 0.0011554595     *
11         S:IDL 0.2405380 0.0068256374     *
12     grp:S:IDL 0.2405380 0.0068256374     *
13       IDR:IDL 0.2839309 0.0121967497     *
14   grp:IDR:IDL 0.2839309 0.0121967497     *
15     S:IDR:IDL 0.1194754 0.1500229325      
16 grp:S:IDR:IDL 0.1194754 0.1500229325      

$`Sphericity Corrections`
          Effect       GGe        p[GG] p[GG]<.05       HFe        p[HF]
3              S 0.8728211 7.917427e-05         * 1.0960981 2.846463e-05
4          grp:S 0.8728211 8.001493e-01           1.0960981 8.283555e-01
5            IDR 0.5341420 3.446344e-04         * 0.5492547 2.940395e-04
6        grp:IDR 0.5341420 2.081682e-01           0.5492547 2.076778e-01
9          S:IDR 0.4201458 3.808962e-03         * 0.5192430 1.710101e-03
10     grp:S:IDR 0.4201458 5.118678e-01           0.5192430 5.402972e-01
11         S:IDL 0.5683556 1.785069e-01           0.5995959 1.766183e-01
12     grp:S:IDL 0.5683556 8.107358e-02           0.5995959 7.781805e-02
13       IDR:IDL 0.5827271 1.025832e-03         * 0.6210426 7.592929e-04
14   grp:IDR:IDL 0.5827271 5.561388e-01           0.6210426 5.676829e-01
15     S:IDR:IDL 0.5260266 4.058501e-03         * 0.7181676 1.189069e-03
16 grp:S:IDR:IDL 0.5260266 3.600502e-01           0.7181676 3.692319e-01
   p[HF]<.05
3          *
4           
5          *
6           
9          *
10          
11          
12          
13         *
14          
15         *
16          

