                  Estimate MCMCmean HPD95lower HPD95upper pMCMC Pr(>|t|)
(Intercept)         0.2372   0.2377     0.2167     0.2573 0.001   0.0000
grp1                0.0094   0.0091    -0.0111     0.0308 0.418   0.4428
S1                 -0.0399  -0.0399    -0.0504    -0.0296 0.001   0.0000
S2                  0.0069   0.0070    -0.0038     0.0166 0.174   0.2870
IDR1               -0.0575  -0.0574    -0.0695    -0.0436 0.001   0.0000
IDR2               -0.0209  -0.0209    -0.0343    -0.0079 0.002   0.0413
IDL1               -0.0421  -0.0423    -0.0514    -0.0316 0.001   0.0000
grp1:S1             0.0035   0.0035    -0.0066     0.0157 0.512   0.5936
grp1:S2             0.0000  -0.0001    -0.0103     0.0106 0.976   0.9989
grp1:IDR1           0.0100   0.0100    -0.0019     0.0239 0.106   0.3270
grp1:IDR2           0.0097   0.0097    -0.0034     0.0226 0.136   0.3424
S1:IDR1             0.0224   0.0224     0.0135     0.0303 0.001   0.0020
S2:IDR1            -0.0034  -0.0034    -0.0111     0.0066 0.418   0.6408
S1:IDR2             0.0137   0.0138     0.0051     0.0220 0.002   0.0587
S2:IDR2             0.0008   0.0007    -0.0084     0.0087 0.888   0.9102
grp1:IDL1          -0.0134  -0.0136    -0.0224    -0.0034 0.010   0.0318
S1:IDL1             0.0100   0.0099     0.0031     0.0156 0.004   0.0501
S2:IDL1            -0.0042  -0.0042    -0.0105     0.0016 0.156   0.4084
IDR1:IDL1           0.0332   0.0332     0.0276     0.0394 0.001   0.0000
IDR2:IDL1           0.0159   0.0160     0.0098     0.0219 0.001   0.0019
grp1:S1:IDR1       -0.0035  -0.0036    -0.0111     0.0054 0.400   0.6284
grp1:S2:IDR1       -0.0030  -0.0031    -0.0117     0.0057 0.490   0.6749
grp1:S1:IDR2       -0.0025  -0.0023    -0.0109     0.0067 0.612   0.7330
grp1:S2:IDR2       -0.0016  -0.0015    -0.0107     0.0064 0.776   0.8267
grp1:S1:IDL1        0.0131   0.0132     0.0073     0.0189 0.001   0.0103
grp1:S2:IDL1       -0.0046  -0.0046    -0.0111     0.0009 0.126   0.3721
grp1:IDR1:IDL1      0.0073   0.0072     0.0019     0.0131 0.018   0.1529
grp1:IDR2:IDL1     -0.0033  -0.0032    -0.0090     0.0027 0.304   0.5145
S1:IDR1:IDL1       -0.0154  -0.0154    -0.0240    -0.0074 0.001   0.0336
S2:IDR1:IDL1        0.0036   0.0036    -0.0048     0.0124 0.438   0.6213
S1:IDR2:IDL1       -0.0085  -0.0084    -0.0165     0.0004 0.050   0.2380
S2:IDR2:IDL1       -0.0045  -0.0045    -0.0129     0.0038 0.320   0.5361
grp1:S1:IDR1:IDL1  -0.0084  -0.0082    -0.0155     0.0016 0.060   0.2454
grp1:S2:IDR1:IDL1   0.0063   0.0063    -0.0027     0.0147 0.162   0.3813
grp1:S1:IDR2:IDL1   0.0018   0.0018    -0.0066     0.0103 0.676   0.8036
grp1:S2:IDR2:IDL1   0.0024   0.0024    -0.0057     0.0120 0.582   0.7410
NULL
       Length Class      Mode
fixed  6      data.frame list
random 7      data.frame list
Analysis of Variance Table
              Df   Sum Sq   Mean Sq F value
grp            1 0.000310 0.0003098  0.5702
S              2 0.023472 0.0117360 21.6007
IDR            2 0.034424 0.0172118 31.6792
IDL            1 0.024878 0.0248784 45.7901
grp:S          2 0.000207 0.0001035  0.1905
grp:IDR        2 0.002027 0.0010135  1.8654
S:IDR          4 0.017245 0.0043112  7.9350
grp:IDL        1 0.002518 0.0025181  4.6348
S:IDL          2 0.002112 0.0010558  1.9433
IDR:IDL        2 0.052387 0.0261934 48.2104
grp:S:IDR      4 0.001193 0.0002982  0.5488
grp:S:IDL      2 0.003720 0.0018600  3.4235
grp:IDR:IDL    2 0.001116 0.0005580  1.0271
S:IDR:IDL      4 0.008516 0.0021291  3.9188
grp:S:IDR:IDL  4 0.001229 0.0003071  0.5653
Linear mixed model fit by REML 
Formula: get(vname) ~ (1 | pp) + (1 | pp/S) + (1 | pp/IDR) + (1 | pp/IDL) +      (1 | pp/S:IDR:IDL) + grp * S * IDR * IDL 
   Data: mdata 
   AIC   BIC logLik deviance REMLdev
 -1640 -1443    866    -2031   -1732
Random effects:
 Groups       Name        Variance   Std.Dev.
 S:IDR:IDL:pp (Intercept) 0.00215688 0.046442
 IDR:pp       (Intercept) 0.00117171 0.034230
 S:pp         (Intercept) 0.00024314 0.015593
 IDL:pp       (Intercept) 0.00051496 0.022693
 pp           (Intercept) 0.00012799 0.011313
 pp           (Intercept) 0.00012799 0.011313
 pp           (Intercept) 0.00012799 0.011313
 pp           (Intercept) 0.00012800 0.011313
 pp           (Intercept) 0.00012799 0.011313
 Residual                 0.00054331 0.023309
Number of obs: 540, groups: S:IDR:IDL:pp, 180; IDR:pp, 30; S:pp, 30; IDL:pp, 20; pp, 10

Fixed effects:
                    Estimate Std. Error t value
(Intercept)        2.372e-01  1.224e-02  19.379
grp1               9.404e-03  1.224e-02   0.768
S1                -3.994e-02  6.495e-03  -6.150
S2                 6.923e-03  6.495e-03   1.066
IDR1              -5.753e-02  1.020e-02  -5.639
IDR2              -2.088e-02  1.020e-02  -2.046
IDL1              -4.212e-02  6.224e-03  -6.767
grp1:S1            3.468e-03  6.495e-03   0.534
grp1:S2            8.733e-06  6.495e-03   0.001
grp1:IDR1          1.001e-02  1.020e-02   0.981
grp1:IDR2          9.697e-03  1.020e-02   0.950
S1:IDR1            2.244e-02  7.208e-03   3.113
S2:IDR1           -3.365e-03  7.208e-03  -0.467
S1:IDR2            1.366e-02  7.208e-03   1.895
S2:IDR2            8.135e-04  7.208e-03   0.113
grp1:IDL1         -1.340e-02  6.224e-03  -2.153
S1:IDL1            1.001e-02  5.097e-03   1.963
S2:IDL1           -4.217e-03  5.097e-03  -0.827
IDR1:IDL1          3.315e-02  5.097e-03   6.504
IDR2:IDL1          1.589e-02  5.097e-03   3.118
grp1:S1:IDR1      -3.491e-03  7.208e-03  -0.484
grp1:S2:IDR1      -3.025e-03  7.208e-03  -0.420
grp1:S1:IDR2      -2.460e-03  7.208e-03  -0.341
grp1:S2:IDR2      -1.579e-03  7.208e-03  -0.219
grp1:S1:IDL1       1.313e-02  5.097e-03   2.577
grp1:S2:IDL1      -4.553e-03  5.097e-03  -0.893
grp1:IDR1:IDL1     7.295e-03  5.097e-03   1.431
grp1:IDR2:IDL1    -3.325e-03  5.097e-03  -0.652
S1:IDR1:IDL1      -1.535e-02  7.208e-03  -2.130
S2:IDR1:IDL1       3.563e-03  7.208e-03   0.494
S1:IDR2:IDL1      -8.515e-03  7.208e-03  -1.181
S2:IDR2:IDL1      -4.463e-03  7.208e-03  -0.619
grp1:S1:IDR1:IDL1 -8.383e-03  7.208e-03  -1.163
grp1:S2:IDR1:IDL1  6.316e-03  7.208e-03   0.876
grp1:S1:IDR2:IDL1  1.793e-03  7.208e-03   0.249
grp1:S2:IDR2:IDL1  2.384e-03  7.208e-03   0.331

Correlation of Fixed Effects:
            (Intr) grp1   S1     S2     IDR1   IDR2   IDL1   gr1:S1 gr1:S2
grp1         0.000                                                        
S1           0.000  0.000                                                 
S2           0.000  0.000 -0.500                                          
IDR1         0.000  0.000  0.000  0.000                                   
IDR2         0.000  0.000  0.000  0.000 -0.500                            
IDL1         0.000  0.000  0.000  0.000  0.000  0.000                     
grp1:S1      0.000  0.000  0.000  0.000  0.000  0.000  0.000              
grp1:S2      0.000  0.000  0.000  0.000  0.000  0.000  0.000 -0.500       
grp1:IDR1    0.000  0.000  0.000  0.000  0.000  0.000  0.000  0.000  0.000
grp1:IDR2    0.000  0.000  0.000  0.000  0.000  0.000  0.000  0.000  0.000
S1:IDR1      0.000  0.000  0.000  0.000  0.000  0.000  0.000  0.000  0.000
S2:IDR1      0.000  0.000  0.000  0.000  0.000  0.000  0.000  0.000  0.000
S1:IDR2      0.000  0.000  0.000  0.000  0.000  0.000  0.000  0.000  0.000
S2:IDR2      0.000  0.000  0.000  0.000  0.000  0.000  0.000  0.000  0.000
grp1:IDL1    0.000  0.000  0.000  0.000  0.000  0.000  0.000  0.000  0.000
S1:IDL1      0.000  0.000  0.000  0.000  0.000  0.000  0.000  0.000  0.000
S2:IDL1      0.000  0.000  0.000  0.000  0.000  0.000  0.000  0.000  0.000
IDR1:IDL1    0.000  0.000  0.000  0.000  0.000  0.000  0.000  0.000  0.000
IDR2:IDL1    0.000  0.000  0.000  0.000  0.000  0.000  0.000  0.000  0.000
gr1:S1:IDR1  0.000  0.000  0.000  0.000  0.000  0.000  0.000  0.000  0.000
gr1:S2:IDR1  0.000  0.000  0.000  0.000  0.000  0.000  0.000  0.000  0.000
gr1:S1:IDR2  0.000  0.000  0.000  0.000  0.000  0.000  0.000  0.000  0.000
gr1:S2:IDR2  0.000  0.000  0.000  0.000  0.000  0.000  0.000  0.000  0.000
gr1:S1:IDL1  0.000  0.000  0.000  0.000  0.000  0.000  0.000  0.000  0.000
gr1:S2:IDL1  0.000  0.000  0.000  0.000  0.000  0.000  0.000  0.000  0.000
g1:IDR1:IDL  0.000  0.000  0.000  0.000  0.000  0.000  0.000  0.000  0.000
g1:IDR2:IDL  0.000  0.000  0.000  0.000  0.000  0.000  0.000  0.000  0.000
S1:IDR1:IDL  0.000  0.000  0.000  0.000  0.000  0.000  0.000  0.000  0.000
S2:IDR1:IDL  0.000  0.000  0.000  0.000  0.000  0.000  0.000  0.000  0.000
S1:IDR2:IDL  0.000  0.000  0.000  0.000  0.000  0.000  0.000  0.000  0.000
S2:IDR2:IDL  0.000  0.000  0.000  0.000  0.000  0.000  0.000  0.000  0.000
g1:S1:IDR1:  0.000  0.000  0.000  0.000  0.000  0.000  0.000  0.000  0.000
g1:S2:IDR1:  0.000  0.000  0.000  0.000  0.000  0.000  0.000  0.000  0.000
g1:S1:IDR2:  0.000  0.000  0.000  0.000  0.000  0.000  0.000  0.000  0.000
g1:S2:IDR2:  0.000  0.000  0.000  0.000  0.000  0.000  0.000  0.000  0.000
            gr1:IDR1 gr1:IDR2 S1:IDR1 S2:IDR1 S1:IDR2 S2:IDR2 g1:IDL S1:IDL
grp1                                                                       
S1                                                                         
S2                                                                         
IDR1                                                                       
IDR2                                                                       
IDL1                                                                       
grp1:S1                                                                    
grp1:S2                                                                    
grp1:IDR1                                                                  
grp1:IDR2   -0.500                                                         
S1:IDR1      0.000    0.000                                                
S2:IDR1      0.000    0.000   -0.500                                       
S1:IDR2      0.000    0.000   -0.500   0.250                               
S2:IDR2      0.000    0.000    0.250  -0.500  -0.500                       
grp1:IDL1    0.000    0.000    0.000   0.000   0.000   0.000               
S1:IDL1      0.000    0.000    0.000   0.000   0.000   0.000   0.000       
S2:IDL1      0.000    0.000    0.000   0.000   0.000   0.000   0.000 -0.500
IDR1:IDL1    0.000    0.000    0.000   0.000   0.000   0.000   0.000  0.000
IDR2:IDL1    0.000    0.000    0.000   0.000   0.000   0.000   0.000  0.000
gr1:S1:IDR1  0.000    0.000    0.000   0.000   0.000   0.000   0.000  0.000
gr1:S2:IDR1  0.000    0.000    0.000   0.000   0.000   0.000   0.000  0.000
gr1:S1:IDR2  0.000    0.000    0.000   0.000   0.000   0.000   0.000  0.000
gr1:S2:IDR2  0.000    0.000    0.000   0.000   0.000   0.000   0.000  0.000
gr1:S1:IDL1  0.000    0.000    0.000   0.000   0.000   0.000   0.000  0.000
gr1:S2:IDL1  0.000    0.000    0.000   0.000   0.000   0.000   0.000  0.000
g1:IDR1:IDL  0.000    0.000    0.000   0.000   0.000   0.000   0.000  0.000
g1:IDR2:IDL  0.000    0.000    0.000   0.000   0.000   0.000   0.000  0.000
S1:IDR1:IDL  0.000    0.000    0.000   0.000   0.000   0.000   0.000  0.000
S2:IDR1:IDL  0.000    0.000    0.000   0.000   0.000   0.000   0.000  0.000
S1:IDR2:IDL  0.000    0.000    0.000   0.000   0.000   0.000   0.000  0.000
S2:IDR2:IDL  0.000    0.000    0.000   0.000   0.000   0.000   0.000  0.000
g1:S1:IDR1:  0.000    0.000    0.000   0.000   0.000   0.000   0.000  0.000
g1:S2:IDR1:  0.000    0.000    0.000   0.000   0.000   0.000   0.000  0.000
g1:S1:IDR2:  0.000    0.000    0.000   0.000   0.000   0.000   0.000  0.000
g1:S2:IDR2:  0.000    0.000    0.000   0.000   0.000   0.000   0.000  0.000
            S2:IDL IDR1:I IDR2:I gr1:S1:IDR1 gr1:S2:IDR1 gr1:S1:IDR2
grp1                                                                
S1                                                                  
S2                                                                  
IDR1                                                                
IDR2                                                                
IDL1                                                                
grp1:S1                                                             
grp1:S2                                                             
grp1:IDR1                                                           
grp1:IDR2                                                           
S1:IDR1                                                             
S2:IDR1                                                             
S1:IDR2                                                             
S2:IDR2                                                             
grp1:IDL1                                                           
S1:IDL1                                                             
S2:IDL1                                                             
IDR1:IDL1    0.000                                                  
IDR2:IDL1    0.000 -0.500                                           
gr1:S1:IDR1  0.000  0.000  0.000                                    
gr1:S2:IDR1  0.000  0.000  0.000 -0.500                             
gr1:S1:IDR2  0.000  0.000  0.000 -0.500       0.250                 
gr1:S2:IDR2  0.000  0.000  0.000  0.250      -0.500      -0.500     
gr1:S1:IDL1  0.000  0.000  0.000  0.000       0.000       0.000     
gr1:S2:IDL1  0.000  0.000  0.000  0.000       0.000       0.000     
g1:IDR1:IDL  0.000  0.000  0.000  0.000       0.000       0.000     
g1:IDR2:IDL  0.000  0.000  0.000  0.000       0.000       0.000     
S1:IDR1:IDL  0.000  0.000  0.000  0.000       0.000       0.000     
S2:IDR1:IDL  0.000  0.000  0.000  0.000       0.000       0.000     
S1:IDR2:IDL  0.000  0.000  0.000  0.000       0.000       0.000     
S2:IDR2:IDL  0.000  0.000  0.000  0.000       0.000       0.000     
g1:S1:IDR1:  0.000  0.000  0.000  0.000       0.000       0.000     
g1:S2:IDR1:  0.000  0.000  0.000  0.000       0.000       0.000     
g1:S1:IDR2:  0.000  0.000  0.000  0.000       0.000       0.000     
g1:S2:IDR2:  0.000  0.000  0.000  0.000       0.000       0.000     
            gr1:S2:IDR2 g1:S1:IDL g1:S2:IDL g1:IDR1: g1:IDR2: S1:IDR1: S2:IDR1:
grp1                                                                           
S1                                                                             
S2                                                                             
IDR1                                                                           
IDR2                                                                           
IDL1                                                                           
grp1:S1                                                                        
grp1:S2                                                                        
grp1:IDR1                                                                      
grp1:IDR2                                                                      
S1:IDR1                                                                        
S2:IDR1                                                                        
S1:IDR2                                                                        
S2:IDR2                                                                        
grp1:IDL1                                                                      
S1:IDL1                                                                        
S2:IDL1                                                                        
IDR1:IDL1                                                                      
IDR2:IDL1                                                                      
gr1:S1:IDR1                                                                    
gr1:S2:IDR1                                                                    
gr1:S1:IDR2                                                                    
gr1:S2:IDR2                                                                    
gr1:S1:IDL1  0.000                                                             
gr1:S2:IDL1  0.000      -0.500                                                 
g1:IDR1:IDL  0.000       0.000     0.000                                       
g1:IDR2:IDL  0.000       0.000     0.000    -0.500                             
S1:IDR1:IDL  0.000       0.000     0.000     0.000    0.000                    
S2:IDR1:IDL  0.000       0.000     0.000     0.000    0.000   -0.500           
S1:IDR2:IDL  0.000       0.000     0.000     0.000    0.000   -0.500    0.250  
S2:IDR2:IDL  0.000       0.000     0.000     0.000    0.000    0.250   -0.500  
g1:S1:IDR1:  0.000       0.000     0.000     0.000    0.000    0.000    0.000  
g1:S2:IDR1:  0.000       0.000     0.000     0.000    0.000    0.000    0.000  
g1:S1:IDR2:  0.000       0.000     0.000     0.000    0.000    0.000    0.000  
g1:S2:IDR2:  0.000       0.000     0.000     0.000    0.000    0.000    0.000  
            S1:IDR2: S2:IDR2: g1:S1:IDR1: g1:S2:IDR1: g1:S1:IDR2:
grp1                                                             
S1                                                               
S2                                                               
IDR1                                                             
IDR2                                                             
IDL1                                                             
grp1:S1                                                          
grp1:S2                                                          
grp1:IDR1                                                        
grp1:IDR2                                                        
S1:IDR1                                                          
S2:IDR1                                                          
S1:IDR2                                                          
S2:IDR2                                                          
grp1:IDL1                                                        
S1:IDL1                                                          
S2:IDL1                                                          
IDR1:IDL1                                                        
IDR2:IDL1                                                        
gr1:S1:IDR1                                                      
gr1:S2:IDR1                                                      
gr1:S1:IDR2                                                      
gr1:S2:IDR2                                                      
gr1:S1:IDL1                                                      
gr1:S2:IDL1                                                      
g1:IDR1:IDL                                                      
g1:IDR2:IDL                                                      
S1:IDR1:IDL                                                      
S2:IDR1:IDL                                                      
S1:IDR2:IDL                                                      
S2:IDR2:IDL -0.500                                               
g1:S1:IDR1:  0.000    0.000                                      
g1:S2:IDR1:  0.000    0.000   -0.500                             
g1:S1:IDR2:  0.000    0.000   -0.500       0.250                 
g1:S2:IDR2:  0.000    0.000    0.250      -0.500      -0.500     
