            Estimate MCMCmean HPD95lower HPD95upper pMCMC Pr(>|t|)
(Intercept)   0.3294   0.3295     0.2975     0.3618 0.001   0.0000
grp1          0.0103   0.0102    -0.0203     0.0430 0.522   0.6309
S1           -0.0505  -0.0508    -0.0621    -0.0385 0.001   0.0000
S2            0.0147   0.0150     0.0022     0.0276 0.020   0.0454
ID1          -0.1116  -0.1119    -0.1328    -0.0900 0.001   0.0000
ID2          -0.0357  -0.0356    -0.0575    -0.0160 0.002   0.0991
grp1:S1      -0.0047  -0.0047    -0.0183     0.0068 0.456   0.5263
grp1:S2       0.0052   0.0055    -0.0061     0.0182 0.376   0.4769
grp1:ID1      0.0063   0.0056    -0.0170     0.0260 0.610   0.7691
grp1:ID2      0.0059   0.0065    -0.0144     0.0295 0.546   0.7833
S1:ID1        0.0360   0.0359     0.0242     0.0480 0.001   0.0000
S2:ID1       -0.0122  -0.0124    -0.0257    -0.0008 0.054   0.1239
S1:ID2        0.0072   0.0073    -0.0053     0.0200 0.272   0.3652
S2:ID2       -0.0074  -0.0074    -0.0206     0.0049 0.248   0.3516
grp1:S1:ID1   0.0077   0.0076    -0.0055     0.0193 0.232   0.3311
grp1:S2:ID1   0.0027   0.0028    -0.0103     0.0151 0.686   0.7300
grp1:S1:ID2  -0.0039  -0.0037    -0.0149     0.0090 0.510   0.6238
grp1:S2:ID2   0.0029   0.0031    -0.0096     0.0145 0.608   0.7130
Analysis of Variance Table
         Df   Sum Sq  Mean Sq F value
grp       1 0.000318 0.000318  0.2284
S         2 0.069872 0.034936 25.0974
ID        2 0.070591 0.035295 25.3555
grp:S     2 0.000850 0.000425  0.3054
grp:ID    2 0.000451 0.000225  0.1620
S:ID      4 0.048503 0.012126  8.7109
grp:S:ID  4 0.003325 0.000831  0.5972
Linear mixed model fit by REML 
Formula: peakVel ~ (1 | pp) + (1 | pp/S) + (1 | pp/ID) + (1 | pp/S:ID) +      grp * S * ID 
   Data: mdata 
    AIC    BIC logLik deviance REMLdev
 -643.7 -550.1  347.9   -829.5  -695.7
Random effects:
 Groups   Name        Variance   Std.Dev.
 S:ID:pp  (Intercept) 0.00095021 0.030826
 ID:pp    (Intercept) 0.00651795 0.080734
 S:pp     (Intercept) 0.00033548 0.018316
 pp       (Intercept) 0.00053516 0.023134
 pp       (Intercept) 0.00053516 0.023134
 pp       (Intercept) 0.00053514 0.023133
 pp       (Intercept) 0.00053514 0.023133
 Residual             0.00139202 0.037310
Number of obs: 270, groups: S:ID:pp, 90; ID:pp, 30; S:pp, 30; pp, 10

Fixed effects:
             Estimate Std. Error t value
(Intercept)  0.329406   0.021405  15.390
grp1         0.010298   0.021405   0.481
S1          -0.050524   0.007334  -6.889
S2           0.014747   0.007334   2.011
ID1         -0.111610   0.021586  -5.170
ID2         -0.035733   0.021586  -1.655
grp1:S1     -0.004654   0.007334  -0.635
grp1:S2      0.005225   0.007334   0.712
grp1:ID1     0.006342   0.021586   0.294
grp1:ID2     0.005942   0.021586   0.275
S1:ID1       0.036019   0.007928   4.543
S2:ID1      -0.012240   0.007928  -1.544
S1:ID2       0.007192   0.007928   0.907
S2:ID2      -0.007399   0.007928  -0.933
grp1:S1:ID1  0.007721   0.007928   0.974
grp1:S2:ID1  0.002740   0.007928   0.346
grp1:S1:ID2 -0.003894   0.007928  -0.491
grp1:S2:ID2  0.002920   0.007928   0.368

Correlation of Fixed Effects:
            (Intr) grp1   S1     S2     ID1    ID2    gr1:S1 gr1:S2 g1:ID1
grp1         0.000                                                        
S1           0.000  0.000                                                 
S2           0.000  0.000 -0.500                                          
ID1          0.000  0.000  0.000  0.000                                   
ID2          0.000  0.000  0.000  0.000 -0.500                            
grp1:S1      0.000  0.000  0.000  0.000  0.000  0.000                     
grp1:S2      0.000  0.000  0.000  0.000  0.000  0.000 -0.500              
grp1:ID1     0.000  0.000  0.000  0.000  0.000  0.000  0.000  0.000       
grp1:ID2     0.000  0.000  0.000  0.000  0.000  0.000  0.000  0.000 -0.500
S1:ID1       0.000  0.000  0.000  0.000  0.000  0.000  0.000  0.000  0.000
S2:ID1       0.000  0.000  0.000  0.000  0.000  0.000  0.000  0.000  0.000
S1:ID2       0.000  0.000  0.000  0.000  0.000  0.000  0.000  0.000  0.000
S2:ID2       0.000  0.000  0.000  0.000  0.000  0.000  0.000  0.000  0.000
grp1:S1:ID1  0.000  0.000  0.000  0.000  0.000  0.000  0.000  0.000  0.000
grp1:S2:ID1  0.000  0.000  0.000  0.000  0.000  0.000  0.000  0.000  0.000
grp1:S1:ID2  0.000  0.000  0.000  0.000  0.000  0.000  0.000  0.000  0.000
grp1:S2:ID2  0.000  0.000  0.000  0.000  0.000  0.000  0.000  0.000  0.000
            g1:ID2 S1:ID1 S2:ID1 S1:ID2 S2:ID2 g1:S1:ID1 g1:S2:ID1 g1:S1:ID2
grp1                                                                        
S1                                                                          
S2                                                                          
ID1                                                                         
ID2                                                                         
grp1:S1                                                                     
grp1:S2                                                                     
grp1:ID1                                                                    
grp1:ID2                                                                    
S1:ID1       0.000                                                          
S2:ID1       0.000 -0.500                                                   
S1:ID2       0.000 -0.500  0.250                                            
S2:ID2       0.000  0.250 -0.500 -0.500                                     
grp1:S1:ID1  0.000  0.000  0.000  0.000  0.000                              
grp1:S2:ID1  0.000  0.000  0.000  0.000  0.000 -0.500                       
grp1:S1:ID2  0.000  0.000  0.000  0.000  0.000 -0.500     0.250             
grp1:S2:ID2  0.000  0.000  0.000  0.000  0.000  0.250    -0.500    -0.500   
Linear mixed model fit by REML 
Formula: peakVel ~ (1 | pp) + (1 | pp/S) + (1 | pp/ID) + (1 | pp/S:ID) +      grp * S * ID 
   Data: mdata 
    AIC    BIC logLik deviance REMLdev
 -643.7 -550.1  347.9   -829.5  -695.7
Random effects:
 Groups   Name        Variance   Std.Dev.
 S:ID:pp  (Intercept) 0.00095021 0.030826
 ID:pp    (Intercept) 0.00651795 0.080734
 S:pp     (Intercept) 0.00033548 0.018316
 pp       (Intercept) 0.00053516 0.023134
 pp       (Intercept) 0.00053516 0.023134
 pp       (Intercept) 0.00053514 0.023133
 pp       (Intercept) 0.00053514 0.023133
 Residual             0.00139202 0.037310
Number of obs: 270, groups: S:ID:pp, 90; ID:pp, 30; S:pp, 30; pp, 10

Fixed effects:
             Estimate Std. Error t value
(Intercept)  0.329406   0.021405  15.390
grp1         0.010298   0.021405   0.481
S1          -0.050524   0.007334  -6.889
S2           0.014747   0.007334   2.011
ID1         -0.111610   0.021586  -5.170
ID2         -0.035733   0.021586  -1.655
grp1:S1     -0.004654   0.007334  -0.635
grp1:S2      0.005225   0.007334   0.712
grp1:ID1     0.006342   0.021586   0.294
grp1:ID2     0.005942   0.021586   0.275
S1:ID1       0.036019   0.007928   4.543
S2:ID1      -0.012240   0.007928  -1.544
S1:ID2       0.007192   0.007928   0.907
S2:ID2      -0.007399   0.007928  -0.933
grp1:S1:ID1  0.007721   0.007928   0.974
grp1:S2:ID1  0.002740   0.007928   0.346
grp1:S1:ID2 -0.003894   0.007928  -0.491
grp1:S2:ID2  0.002920   0.007928   0.368

Correlation of Fixed Effects:
            (Intr) grp1   S1     S2     ID1    ID2    gr1:S1 gr1:S2 g1:ID1
grp1         0.000                                                        
S1           0.000  0.000                                                 
S2           0.000  0.000 -0.500                                          
ID1          0.000  0.000  0.000  0.000                                   
ID2          0.000  0.000  0.000  0.000 -0.500                            
grp1:S1      0.000  0.000  0.000  0.000  0.000  0.000                     
grp1:S2      0.000  0.000  0.000  0.000  0.000  0.000 -0.500              
grp1:ID1     0.000  0.000  0.000  0.000  0.000  0.000  0.000  0.000       
grp1:ID2     0.000  0.000  0.000  0.000  0.000  0.000  0.000  0.000 -0.500
S1:ID1       0.000  0.000  0.000  0.000  0.000  0.000  0.000  0.000  0.000
S2:ID1       0.000  0.000  0.000  0.000  0.000  0.000  0.000  0.000  0.000
S1:ID2       0.000  0.000  0.000  0.000  0.000  0.000  0.000  0.000  0.000
S2:ID2       0.000  0.000  0.000  0.000  0.000  0.000  0.000  0.000  0.000
grp1:S1:ID1  0.000  0.000  0.000  0.000  0.000  0.000  0.000  0.000  0.000
grp1:S2:ID1  0.000  0.000  0.000  0.000  0.000  0.000  0.000  0.000  0.000
grp1:S1:ID2  0.000  0.000  0.000  0.000  0.000  0.000  0.000  0.000  0.000
grp1:S2:ID2  0.000  0.000  0.000  0.000  0.000  0.000  0.000  0.000  0.000
            g1:ID2 S1:ID1 S2:ID1 S1:ID2 S2:ID2 g1:S1:ID1 g1:S2:ID1 g1:S1:ID2
grp1                                                                        
S1                                                                          
S2                                                                          
ID1                                                                         
ID2                                                                         
grp1:S1                                                                     
grp1:S2                                                                     
grp1:ID1                                                                    
grp1:ID2                                                                    
S1:ID1       0.000                                                          
S2:ID1       0.000 -0.500                                                   
S1:ID2       0.000 -0.500  0.250                                            
S2:ID2       0.000  0.250 -0.500 -0.500                                     
grp1:S1:ID1  0.000  0.000  0.000  0.000  0.000                              
grp1:S2:ID1  0.000  0.000  0.000  0.000  0.000 -0.500                       
grp1:S1:ID2  0.000  0.000  0.000  0.000  0.000 -0.500     0.250             
grp1:S2:ID2  0.000  0.000  0.000  0.000  0.000  0.250    -0.500    -0.500   
