[1] "Summary by group"
  grp vfCircularity.m vfCircularity.s
1   C       0.2121301      0.07777685
2   U       0.2202018      0.07997177
[1] "Summary by session\n"
  S vfCircularity.m vfCircularity.s
1 1       0.2250379      0.07714710
2 2       0.2150043      0.08483221
3 3       0.2084556      0.07414279
[1] "Summary by ID\n"
  ID vfCircularity.m vfCircularity.s
1  D       0.3059632      0.05204287
2  M       0.1936619      0.03616260
3  E       0.1488727      0.03904718
[1] "Summary by group + Session\n"
  grp S vfCircularity.m vfCircularity.s
1   C 1       0.2296568      0.08222202
2   C 2       0.2106292      0.08422455
3   C 3       0.1961042      0.06316096
4   U 1       0.2204191      0.07234995
5   U 2       0.2193794      0.08616052
6   U 3       0.2208069      0.08257052
[1] "Summary by Session + ID\n"
  S ID vfCircularity.m vfCircularity.s
1 1  D       0.3131693      0.05182780
2 1  M       0.2057577      0.02978833
3 1  E       0.1561868      0.03699394
4 2  D       0.3129337      0.04787154
5 2  M       0.1963677      0.03821142
6 2  E       0.1357117      0.03936673
7 3  D       0.2917867      0.05497708
8 3  M       0.1788603      0.03578219
9 3  E       0.1547197      0.03861363
[1] "Summary by group + ID\n"
  grp ID vfCircularity.m vfCircularity.s
1   C  D       0.2989098      0.05490942
2   C  M       0.1873147      0.03596847
3   C  E       0.1501658      0.04307439
4   U  D       0.3130167      0.04859700
5   U  M       0.2000091      0.03562376
6   U  E       0.1475796      0.03500275
[1] "Summary by group + Session + ID\n"
   grp S ID vfCircularity.m vfCircularity.s
1    C 1  D       0.3172827      0.06788343
2    C 1  M       0.2088173      0.03255919
3    C 1  E       0.1628703      0.04591104
4    C 2  D       0.3089560      0.05323910
5    C 2  M       0.1860607      0.03563369
6    C 2  E       0.1368711      0.03682715
7    C 3  D       0.2704907      0.02642246
8    C 3  M       0.1670660      0.02828039
9    C 3  E       0.1507561      0.04477188
10   U 1  D       0.3090560      0.03032641
11   U 1  M       0.2026980      0.02753017
12   U 1  E       0.1495033      0.02512594
13   U 2  D       0.3169113      0.04334462
14   U 2  M       0.2066747      0.03907830
15   U 2  E       0.1345523      0.04302390
16   U 3  D       0.3130827      0.06775601
17   U 3  M       0.1906547      0.03942486
18   U 3  E       0.1586833      0.03240893
