[1] "accTimeR ~S*IDR*IDL*grp + Error(pp/(S*IDR*IDL))"
$ANOVA
          Effect DFn DFd           F            p p<.05         ges
2            grp   1   8  0.41503292 5.374550e-01       0.015821474
3              S   2  16 10.74636175 1.099978e-03     * 0.182573830
5            IDR   2  16 85.05154321 2.984910e-09     * 0.523747696
7            IDL   1   8 51.50388569 9.458947e-05     * 0.378144264
4          grp:S   2  16  0.08870114 9.155658e-01       0.001840169
6        grp:IDR   2  16  5.73196556 1.326961e-02     * 0.069001035
8        grp:IDL   1   8  6.45927098 3.462930e-02     * 0.070858695
9          S:IDR   4  32  0.73210417 5.767955e-01       0.007686799
11         S:IDL   2  16  4.37815837 3.044189e-02     * 0.063338059
13       IDR:IDL   2  16  2.52283902 1.115980e-01       0.016572782
10     grp:S:IDR   4  32  1.04255578 4.006994e-01       0.010910851
12     grp:S:IDL   2  16  1.36434190 2.837277e-01       0.020637501
14   grp:IDR:IDL   2  16  1.07749137 3.639093e-01       0.007145997
15     S:IDR:IDL   4  32  2.41858401 6.885164e-02       0.019073474
16 grp:S:IDR:IDL   4  32  0.39811784 8.084779e-01       0.003190480

$`Mauchly's Test for Sphericity`
          Effect          W          p p<.05
3              S 0.68278983 0.26302962      
4          grp:S 0.68278983 0.26302962      
5            IDR 0.40878866 0.04367631     *
6        grp:IDR 0.40878866 0.04367631     *
9          S:IDR 0.09159325 0.09292382      
10     grp:S:IDR 0.09159325 0.09292382      
11         S:IDL 0.40789324 0.04334238     *
12     grp:S:IDL 0.40789324 0.04334238     *
13       IDR:IDL 0.99308785 0.97601578      
14   grp:IDR:IDL 0.99308785 0.97601578      
15     S:IDR:IDL 0.38625492 0.74078232      
16 grp:S:IDR:IDL 0.38625492 0.74078232      

$`Sphericity Corrections`
          Effect       GGe        p[GG] p[GG]<.05       HFe        p[HF]
3              S 0.7591803 3.333612e-03         * 0.8998684 1.740998e-03
4          grp:S 0.7591803 8.664557e-01           0.8998684 8.981244e-01
5            IDR 0.6284520 1.695578e-06         * 0.6904941 5.851273e-07
6        grp:IDR 0.6284520 3.199531e-02         * 0.6904941 2.758166e-02
9          S:IDR 0.5434803 5.058764e-01           0.7537356 5.435852e-01
10     grp:S:IDR 0.5434803 3.790399e-01           0.7537356 3.918618e-01
11         S:IDL 0.6280986 5.634615e-02           0.6899501 5.082606e-02
12     grp:S:IDL 0.6280986 2.811973e-01           0.6899501 2.825115e-01
13       IDR:IDL 0.9931353 1.120778e-01           1.3200158 1.115980e-01
14   grp:IDR:IDL 0.9931353 3.636379e-01           1.3200158 3.639093e-01
15     S:IDR:IDL 0.7097375 9.522540e-02           1.1407828 6.885164e-02
16 grp:S:IDR:IDL 0.7097375 7.451468e-01           1.1407828 8.084779e-01
   p[HF]<.05
3          *
4           
5          *
6          *
9           
10          
11          
12          
13          
14          
15          
16          

