[1] "vfCircularityLrel ~S*IDR*IDL*grp + Error(pp/(S*IDR*IDL))"
$ANOVA
          Effect DFn DFd          F            p p<.05          ges
2            grp   1   8  1.2358667 2.985588e-01       0.0210580839
3              S   2  16  0.1043604 9.015088e-01       0.0036514072
4          grp:S   2  16  0.3405945 7.163806e-01       0.0118191840
5            IDR   2  16 24.9299472 1.213365e-05     * 0.0562138536
6        grp:IDR   2  16  0.9477372 4.083327e-01       0.0022591969
7            IDL   1   8  3.5763983 9.525909e-02       0.0936297042
8        grp:IDL   1   8  0.2045399 6.630924e-01       0.0058732966
9          S:IDR   4  32  1.0342514 4.047734e-01       0.0043434044
10     grp:S:IDR   4  32  0.7039393 5.950897e-01       0.0029603441
11         S:IDL   2  16  0.6189745 5.509030e-01       0.0184522649
12     grp:S:IDL   2  16  0.3910310 6.826487e-01       0.0117367903
13       IDR:IDL   2  16 22.3843472 2.309514e-05     * 0.0515018724
14   grp:IDR:IDL   2  16  0.1877475 8.306238e-01       0.0004552172
15     S:IDR:IDL   4  32  1.6133851 1.949320e-01       0.0067132875
16 grp:S:IDR:IDL   4  32  0.5597701 6.934598e-01       0.0023394570

$`Mauchly's Test for Sphericity`
          Effect          W            p p<.05
3              S 0.21280864 4.445928e-03     *
4          grp:S 0.21280864 4.445928e-03     *
5            IDR 0.06551537 7.197822e-05     *
6        grp:IDR 0.06551537 7.197822e-05     *
9          S:IDR 0.05491454 3.428487e-02     *
10     grp:S:IDR 0.05491454 3.428487e-02     *
11         S:IDL 0.22355670 5.282712e-03     *
12     grp:S:IDL 0.22355670 5.282712e-03     *
13       IDR:IDL 0.75766757 3.785955e-01      
14   grp:IDR:IDL 0.75766757 3.785955e-01      
15     S:IDR:IDL 0.01473200 1.940463e-03     *
16 grp:S:IDR:IDL 0.01473200 1.940463e-03     *

$`Sphericity Corrections`
          Effect       GGe        p[GG] p[GG]<.05       HFe        p[HF]
3              S 0.5595372 0.7819541537           0.5865249 7.929918e-01
4          grp:S 0.5595372 0.5982380543           0.5865249 6.077815e-01
5            IDR 0.5169335 0.0009108559         * 0.5243084 8.519675e-04
6        grp:IDR 0.5169335 0.3613872204           0.5243084 3.624784e-01
9          S:IDR 0.4684638 0.3749304659           0.6066089 3.867592e-01
10     grp:S:IDR 0.4684638 0.5014246983           0.6066089 5.328668e-01
11         S:IDL 0.5629226 0.4703788077           0.5915350 4.772224e-01
12     grp:S:IDL 0.5629226 0.5716350593           0.5915350 5.810958e-01
13       IDR:IDL 0.8049375 0.0001155970         * 0.9772012 2.786086e-05
14   grp:IDR:IDL 0.8049375 0.7850578405           0.9772012 8.259587e-01
15     S:IDR:IDL 0.4144765 0.2351260478           0.5093410 2.293806e-01
16 grp:S:IDR:IDL 0.4144765 0.5528315751           0.5093410 5.850454e-01
   p[HF]<.05
3           
4           
5          *
6           
9           
10          
11          
12          
13         *
14          
15          
16          

