                  Estimate MCMCmean HPD95lower HPD95upper pMCMC Pr(>|t|)
(Intercept)         1.2811   1.2844     1.1005     1.4467 0.001   0.0000
grp1               -0.0834  -0.0858    -0.2843     0.0622 0.336   0.4308
S1                 -0.0132  -0.0133    -0.1322     0.1126 0.830   0.8959
S2                  0.0472   0.0476    -0.0741     0.1693 0.446   0.6405
IDR1                0.1653   0.1670     0.1094     0.2209 0.001   0.0003
IDR2                0.0090   0.0081    -0.0411     0.0683 0.770   0.8416
IDL1               -0.1828  -0.1829    -0.2821    -0.0799 0.002   0.0306
grp1:S1             0.0750   0.0734    -0.0610     0.1900 0.244   0.4580
grp1:S2            -0.0773  -0.0775    -0.2088     0.0423 0.200   0.4445
grp1:IDR1           0.0368   0.0379    -0.0201     0.0939 0.164   0.4129
grp1:IDR2          -0.0274  -0.0282    -0.0876     0.0262 0.326   0.5423
S1:IDR1             0.0058   0.0057    -0.0726     0.0810 0.892   0.9268
S2:IDR1             0.0617   0.0620    -0.0079     0.1462 0.088   0.3326
S1:IDR2             0.0022   0.0019    -0.0728     0.0706 0.946   0.9725
S2:IDR2            -0.0306  -0.0309    -0.1001     0.0452 0.394   0.6310
grp1:IDL1           0.0437   0.0431    -0.0568     0.1392 0.408   0.6042
S1:IDL1             0.0496   0.0488    -0.0010     0.1018 0.066   0.2705
S2:IDL1            -0.1101  -0.1091    -0.1605    -0.0537 0.001   0.0147
IDR1:IDL1          -0.1775  -0.1763    -0.2320    -0.1287 0.001   0.0001
IDR2:IDL1           0.0366   0.0346    -0.0186     0.0867 0.218   0.4157
grp1:S1:IDR1       -0.0322  -0.0307    -0.1098     0.0390 0.412   0.6123
grp1:S2:IDR1       -0.0243  -0.0235    -0.1043     0.0414 0.570   0.7022
grp1:S1:IDR2        0.0362   0.0343    -0.0373     0.1105 0.392   0.5697
grp1:S2:IDR2        0.0091   0.0108    -0.0603     0.0879 0.786   0.8867
grp1:S1:IDL1       -0.0555  -0.0553    -0.1054    -0.0045 0.046   0.2177
grp1:S2:IDL1        0.0865   0.0869     0.0364     0.1414 0.002   0.0549
grp1:IDR1:IDL1     -0.0171  -0.0173    -0.0658     0.0401 0.500   0.7030
grp1:IDR2:IDL1      0.0079   0.0089    -0.0434     0.0599 0.754   0.8605
S1:IDR1:IDL1        0.0427   0.0434    -0.0348     0.1096 0.272   0.5023
S2:IDR1:IDL1       -0.0819  -0.0825    -0.1539    -0.0119 0.024   0.1982
S1:IDR2:IDL1       -0.0243  -0.0233    -0.0929     0.0495 0.568   0.7028
S2:IDR2:IDL1        0.0087   0.0088    -0.0669     0.0780 0.788   0.8910
grp1:S1:IDR1:IDL1   0.0250   0.0242    -0.0533     0.0873 0.480   0.6944
grp1:S2:IDR1:IDL1   0.0037   0.0030    -0.0792     0.0693 0.954   0.9537
grp1:S1:IDR2:IDL1  -0.0237  -0.0248    -0.1011     0.0451 0.516   0.7095
grp1:S2:IDR2:IDL1   0.0364   0.0367    -0.0404     0.1108 0.330   0.5674
NULL
       Length Class      Mode
fixed  6      data.frame list
random 7      data.frame list
Analysis of Variance Table
              Df  Sum Sq  Mean Sq F value
grp            1 0.01546 0.015460  0.6216
S              2 0.00578 0.002890  0.1162
IDR            2 0.47425 0.237126  9.5336
IDL            1 0.11701 0.117008  4.7043
grp:S          2 0.01886 0.009431  0.3792
grp:IDR        2 0.01803 0.009015  0.3624
S:IDR          4 0.03473 0.008684  0.3491
grp:IDL        1 0.00669 0.006692  0.2690
S:IDL          2 0.14968 0.074842  3.0090
IDR:IDL        2 0.43234 0.216170  8.6911
grp:S:IDR      4 0.02364 0.005910  0.2376
grp:S:IDL      2 0.09456 0.047281  1.9009
grp:IDR:IDL    2 0.00363 0.001813  0.0729
S:IDR:IDL      4 0.05381 0.013454  0.5409
grp:S:IDR:IDL  4 0.01867 0.004668  0.1877
Linear mixed model fit by REML 
Formula: get(vname) ~ (1 | pp) + (1 | pp/S) + (1 | pp/IDR) + (1 | pp/IDL) +      (1 | pp/S:IDR:IDL) + grp * S * IDR * IDL 
   Data: mdata 
   AIC   BIC logLik deviance REMLdev
 366.1 563.5   -137    132.2   274.1
Random effects:
 Groups       Name        Variance   Std.Dev.  
 S:IDR:IDL:pp (Intercept) 1.7355e-01 4.1660e-01
 IDR:pp       (Intercept) 7.1842e-12 2.6803e-06
 S:pp         (Intercept) 1.2271e-01 3.5031e-01
 IDL:pp       (Intercept) 1.2183e-01 3.4904e-01
 pp           (Intercept) 1.2828e-10 1.1326e-05
 pp           (Intercept) 7.3156e-11 8.5531e-06
 pp           (Intercept) 0.0000e+00 0.0000e+00
 pp           (Intercept) 7.0938e-13 8.4225e-07
 pp           (Intercept) 7.4469e-12 2.7289e-06
 Residual                 2.4873e-02 1.5771e-01
Number of obs: 540, groups: S:IDR:IDL:pp, 180; IDR:pp, 30; S:pp, 30; IDL:pp, 20; pp, 10

Fixed effects:
                   Estimate Std. Error t value
(Intercept)        1.281090   0.105792  12.109
grp1              -0.083407   0.105792  -0.788
S1                -0.013226   0.101002  -0.131
S2                 0.047191   0.101002   0.467
IDR1               0.165309   0.044950   3.678
IDR2               0.008989   0.044950   0.200
IDL1              -0.182778   0.084271  -2.169
grp1:S1            0.075009   0.101002   0.743
grp1:S2           -0.077283   0.101002  -0.765
grp1:IDR1          0.036834   0.044950   0.819
grp1:IDR2         -0.027410   0.044950  -0.610
S1:IDR1            0.005843   0.063568   0.092
S2:IDR1            0.061653   0.063568   0.970
S1:IDR2            0.002196   0.063568   0.035
S2:IDR2           -0.030555   0.063568  -0.481
grp1:IDL1          0.043711   0.084271   0.519
S1:IDL1            0.049587   0.044950   1.103
S2:IDL1           -0.110089   0.044950  -2.449
IDR1:IDL1         -0.177477   0.044950  -3.948
IDR2:IDL1          0.036617   0.044950   0.815
grp1:S1:IDR1      -0.032234   0.063568  -0.507
grp1:S2:IDR1      -0.024323   0.063568  -0.383
grp1:S1:IDR2       0.036166   0.063568   0.569
grp1:S2:IDR2       0.009066   0.063568   0.143
grp1:S1:IDL1      -0.055482   0.044950  -1.234
grp1:S2:IDL1       0.086499   0.044950   1.924
grp1:IDR1:IDL1    -0.017146   0.044950  -0.381
grp1:IDR2:IDL1     0.007902   0.044950   0.176
S1:IDR1:IDL1       0.042673   0.063568   0.671
S2:IDR1:IDL1      -0.081907   0.063568  -1.288
S1:IDR2:IDL1      -0.024266   0.063568  -0.382
S2:IDR2:IDL1       0.008719   0.063568   0.137
grp1:S1:IDR1:IDL1  0.024991   0.063568   0.393
grp1:S2:IDR1:IDL1  0.003694   0.063568   0.058
grp1:S1:IDR2:IDL1 -0.023692   0.063568  -0.373
grp1:S2:IDR2:IDL1  0.036377   0.063568   0.572

Correlation of Fixed Effects:
            (Intr) grp1   S1     S2     IDR1   IDR2   IDL1   gr1:S1 gr1:S2
grp1         0.000                                                        
S1           0.000  0.000                                                 
S2           0.000  0.000 -0.500                                          
IDR1         0.000  0.000  0.000  0.000                                   
IDR2         0.000  0.000  0.000  0.000 -0.500                            
IDL1         0.000  0.000  0.000  0.000  0.000  0.000                     
grp1:S1      0.000  0.000  0.000  0.000  0.000  0.000  0.000              
grp1:S2      0.000  0.000  0.000  0.000  0.000  0.000  0.000 -0.500       
grp1:IDR1    0.000  0.000  0.000  0.000  0.000  0.000  0.000  0.000  0.000
grp1:IDR2    0.000  0.000  0.000  0.000  0.000  0.000  0.000  0.000  0.000
S1:IDR1      0.000  0.000  0.000  0.000  0.000  0.000  0.000  0.000  0.000
S2:IDR1      0.000  0.000  0.000  0.000  0.000  0.000  0.000  0.000  0.000
S1:IDR2      0.000  0.000  0.000  0.000  0.000  0.000  0.000  0.000  0.000
S2:IDR2      0.000  0.000  0.000  0.000  0.000  0.000  0.000  0.000  0.000
grp1:IDL1    0.000  0.000  0.000  0.000  0.000  0.000  0.000  0.000  0.000
S1:IDL1      0.000  0.000  0.000  0.000  0.000  0.000  0.000  0.000  0.000
S2:IDL1      0.000  0.000  0.000  0.000  0.000  0.000  0.000  0.000  0.000
IDR1:IDL1    0.000  0.000  0.000  0.000  0.000  0.000  0.000  0.000  0.000
IDR2:IDL1    0.000  0.000  0.000  0.000  0.000  0.000  0.000  0.000  0.000
gr1:S1:IDR1  0.000  0.000  0.000  0.000  0.000  0.000  0.000  0.000  0.000
gr1:S2:IDR1  0.000  0.000  0.000  0.000  0.000  0.000  0.000  0.000  0.000
gr1:S1:IDR2  0.000  0.000  0.000  0.000  0.000  0.000  0.000  0.000  0.000
gr1:S2:IDR2  0.000  0.000  0.000  0.000  0.000  0.000  0.000  0.000  0.000
gr1:S1:IDL1  0.000  0.000  0.000  0.000  0.000  0.000  0.000  0.000  0.000
gr1:S2:IDL1  0.000  0.000  0.000  0.000  0.000  0.000  0.000  0.000  0.000
g1:IDR1:IDL  0.000  0.000  0.000  0.000  0.000  0.000  0.000  0.000  0.000
g1:IDR2:IDL  0.000  0.000  0.000  0.000  0.000  0.000  0.000  0.000  0.000
S1:IDR1:IDL  0.000  0.000  0.000  0.000  0.000  0.000  0.000  0.000  0.000
S2:IDR1:IDL  0.000  0.000  0.000  0.000  0.000  0.000  0.000  0.000  0.000
S1:IDR2:IDL  0.000  0.000  0.000  0.000  0.000  0.000  0.000  0.000  0.000
S2:IDR2:IDL  0.000  0.000  0.000  0.000  0.000  0.000  0.000  0.000  0.000
g1:S1:IDR1:  0.000  0.000  0.000  0.000  0.000  0.000  0.000  0.000  0.000
g1:S2:IDR1:  0.000  0.000  0.000  0.000  0.000  0.000  0.000  0.000  0.000
g1:S1:IDR2:  0.000  0.000  0.000  0.000  0.000  0.000  0.000  0.000  0.000
g1:S2:IDR2:  0.000  0.000  0.000  0.000  0.000  0.000  0.000  0.000  0.000
            gr1:IDR1 gr1:IDR2 S1:IDR1 S2:IDR1 S1:IDR2 S2:IDR2 g1:IDL S1:IDL
grp1                                                                       
S1                                                                         
S2                                                                         
IDR1                                                                       
IDR2                                                                       
IDL1                                                                       
grp1:S1                                                                    
grp1:S2                                                                    
grp1:IDR1                                                                  
grp1:IDR2   -0.500                                                         
S1:IDR1      0.000    0.000                                                
S2:IDR1      0.000    0.000   -0.500                                       
S1:IDR2      0.000    0.000   -0.500   0.250                               
S2:IDR2      0.000    0.000    0.250  -0.500  -0.500                       
grp1:IDL1    0.000    0.000    0.000   0.000   0.000   0.000               
S1:IDL1      0.000    0.000    0.000   0.000   0.000   0.000   0.000       
S2:IDL1      0.000    0.000    0.000   0.000   0.000   0.000   0.000 -0.500
IDR1:IDL1    0.000    0.000    0.000   0.000   0.000   0.000   0.000  0.000
IDR2:IDL1    0.000    0.000    0.000   0.000   0.000   0.000   0.000  0.000
gr1:S1:IDR1  0.000    0.000    0.000   0.000   0.000   0.000   0.000  0.000
gr1:S2:IDR1  0.000    0.000    0.000   0.000   0.000   0.000   0.000  0.000
gr1:S1:IDR2  0.000    0.000    0.000   0.000   0.000   0.000   0.000  0.000
gr1:S2:IDR2  0.000    0.000    0.000   0.000   0.000   0.000   0.000  0.000
gr1:S1:IDL1  0.000    0.000    0.000   0.000   0.000   0.000   0.000  0.000
gr1:S2:IDL1  0.000    0.000    0.000   0.000   0.000   0.000   0.000  0.000
g1:IDR1:IDL  0.000    0.000    0.000   0.000   0.000   0.000   0.000  0.000
g1:IDR2:IDL  0.000    0.000    0.000   0.000   0.000   0.000   0.000  0.000
S1:IDR1:IDL  0.000    0.000    0.000   0.000   0.000   0.000   0.000  0.000
S2:IDR1:IDL  0.000    0.000    0.000   0.000   0.000   0.000   0.000  0.000
S1:IDR2:IDL  0.000    0.000    0.000   0.000   0.000   0.000   0.000  0.000
S2:IDR2:IDL  0.000    0.000    0.000   0.000   0.000   0.000   0.000  0.000
g1:S1:IDR1:  0.000    0.000    0.000   0.000   0.000   0.000   0.000  0.000
g1:S2:IDR1:  0.000    0.000    0.000   0.000   0.000   0.000   0.000  0.000
g1:S1:IDR2:  0.000    0.000    0.000   0.000   0.000   0.000   0.000  0.000
g1:S2:IDR2:  0.000    0.000    0.000   0.000   0.000   0.000   0.000  0.000
            S2:IDL IDR1:I IDR2:I gr1:S1:IDR1 gr1:S2:IDR1 gr1:S1:IDR2
grp1                                                                
S1                                                                  
S2                                                                  
IDR1                                                                
IDR2                                                                
IDL1                                                                
grp1:S1                                                             
grp1:S2                                                             
grp1:IDR1                                                           
grp1:IDR2                                                           
S1:IDR1                                                             
S2:IDR1                                                             
S1:IDR2                                                             
S2:IDR2                                                             
grp1:IDL1                                                           
S1:IDL1                                                             
S2:IDL1                                                             
IDR1:IDL1    0.000                                                  
IDR2:IDL1    0.000 -0.500                                           
gr1:S1:IDR1  0.000  0.000  0.000                                    
gr1:S2:IDR1  0.000  0.000  0.000 -0.500                             
gr1:S1:IDR2  0.000  0.000  0.000 -0.500       0.250                 
gr1:S2:IDR2  0.000  0.000  0.000  0.250      -0.500      -0.500     
gr1:S1:IDL1  0.000  0.000  0.000  0.000       0.000       0.000     
gr1:S2:IDL1  0.000  0.000  0.000  0.000       0.000       0.000     
g1:IDR1:IDL  0.000  0.000  0.000  0.000       0.000       0.000     
g1:IDR2:IDL  0.000  0.000  0.000  0.000       0.000       0.000     
S1:IDR1:IDL  0.000  0.000  0.000  0.000       0.000       0.000     
S2:IDR1:IDL  0.000  0.000  0.000  0.000       0.000       0.000     
S1:IDR2:IDL  0.000  0.000  0.000  0.000       0.000       0.000     
S2:IDR2:IDL  0.000  0.000  0.000  0.000       0.000       0.000     
g1:S1:IDR1:  0.000  0.000  0.000  0.000       0.000       0.000     
g1:S2:IDR1:  0.000  0.000  0.000  0.000       0.000       0.000     
g1:S1:IDR2:  0.000  0.000  0.000  0.000       0.000       0.000     
g1:S2:IDR2:  0.000  0.000  0.000  0.000       0.000       0.000     
            gr1:S2:IDR2 g1:S1:IDL g1:S2:IDL g1:IDR1: g1:IDR2: S1:IDR1: S2:IDR1:
grp1                                                                           
S1                                                                             
S2                                                                             
IDR1                                                                           
IDR2                                                                           
IDL1                                                                           
grp1:S1                                                                        
grp1:S2                                                                        
grp1:IDR1                                                                      
grp1:IDR2                                                                      
S1:IDR1                                                                        
S2:IDR1                                                                        
S1:IDR2                                                                        
S2:IDR2                                                                        
grp1:IDL1                                                                      
S1:IDL1                                                                        
S2:IDL1                                                                        
IDR1:IDL1                                                                      
IDR2:IDL1                                                                      
gr1:S1:IDR1                                                                    
gr1:S2:IDR1                                                                    
gr1:S1:IDR2                                                                    
gr1:S2:IDR2                                                                    
gr1:S1:IDL1  0.000                                                             
gr1:S2:IDL1  0.000      -0.500                                                 
g1:IDR1:IDL  0.000       0.000     0.000                                       
g1:IDR2:IDL  0.000       0.000     0.000    -0.500                             
S1:IDR1:IDL  0.000       0.000     0.000     0.000    0.000                    
S2:IDR1:IDL  0.000       0.000     0.000     0.000    0.000   -0.500           
S1:IDR2:IDL  0.000       0.000     0.000     0.000    0.000   -0.500    0.250  
S2:IDR2:IDL  0.000       0.000     0.000     0.000    0.000    0.250   -0.500  
g1:S1:IDR1:  0.000       0.000     0.000     0.000    0.000    0.000    0.000  
g1:S2:IDR1:  0.000       0.000     0.000     0.000    0.000    0.000    0.000  
g1:S1:IDR2:  0.000       0.000     0.000     0.000    0.000    0.000    0.000  
g1:S2:IDR2:  0.000       0.000     0.000     0.000    0.000    0.000    0.000  
            S1:IDR2: S2:IDR2: g1:S1:IDR1: g1:S2:IDR1: g1:S1:IDR2:
grp1                                                             
S1                                                               
S2                                                               
IDR1                                                             
IDR2                                                             
IDL1                                                             
grp1:S1                                                          
grp1:S2                                                          
grp1:IDR1                                                        
grp1:IDR2                                                        
S1:IDR1                                                          
S2:IDR1                                                          
S1:IDR2                                                          
S2:IDR2                                                          
grp1:IDL1                                                        
S1:IDL1                                                          
S2:IDL1                                                          
IDR1:IDL1                                                        
IDR2:IDL1                                                        
gr1:S1:IDR1                                                      
gr1:S2:IDR1                                                      
gr1:S1:IDR2                                                      
gr1:S2:IDR2                                                      
gr1:S1:IDL1                                                      
gr1:S2:IDL1                                                      
g1:IDR1:IDL                                                      
g1:IDR2:IDL                                                      
S1:IDR1:IDL                                                      
S2:IDR1:IDL                                                      
S1:IDR2:IDL                                                      
S2:IDR2:IDL -0.500                                               
g1:S1:IDR1:  0.000    0.000                                      
g1:S2:IDR1:  0.000    0.000   -0.500                             
g1:S1:IDR2:  0.000    0.000   -0.500       0.250                 
g1:S2:IDR2:  0.000    0.000    0.250      -0.500      -0.500     
