[1] "Summary by group"
  grp vfCircularityLrel.m vfCircularityLrel.s
1   C            1.197683           0.3834870
2   U            1.364497           0.8501437
[1] "Summary by session\n"
  S vfCircularityLrel.m vfCircularityLrel.s
1 1            1.267864           0.3598060
2 2            1.328282           0.9841742
3 3            1.247125           0.4759115
[1] "Summary by IDR+IDR\n"
  IDL IDR vfCircularityLrel.m vfCircularityLrel.s
1   D   D            1.086143           0.2066687
2   D   M            1.143918           0.3108612
3   D   E            1.064874           0.2520582
4   E   D            1.806654           1.0439165
5   E   M            1.436241           0.8243855
6   E   E            1.148711           0.5223067
[1] "Summary by group + Session\n"
  grp S vfCircularityLrel.m vfCircularityLrel.s
1   C 1            1.259466           0.3235210
2   C 2            1.167592           0.4424557
3   C 3            1.165992           0.3718434
4   U 1            1.276262           0.3944197
5   U 2            1.488971           1.3038754
6   U 3            1.328259           0.5513145
[1] "Summary by Session + IDR + IDL \n"
   S IDL IDR vfCircularityLrel.m vfCircularityLrel.s
1  1   D   D            1.171021           0.2018310
2  1   D   M            1.158208           0.2433372
3  1   D   E            1.074789           0.2305413
4  1   E   D            1.707011           0.4400547
5  1   E   M            1.399889           0.3211826
6  1   E   E            1.096266           0.2011988
7  2   D   D            1.002992           0.1862405
8  2   D   M            1.059184           0.2461555
9  2   D   E            1.044066           0.2647594
10 2   E   D            2.107495           1.6228556
11 2   E   M            1.554248           1.2722882
12 2   E   E            1.201706           0.7716201
13 3   D   D            1.084418           0.2026131
14 3   D   M            1.214362           0.4049579
15 3   D   E            1.075768           0.2665754
16 3   E   D            1.605457           0.6093928
17 3   E   M            1.354585           0.5840875
18 3   E   E            1.148162           0.4422641
[1] "Summary by group + IDR + IDL\n"
   grp IDL IDR vfCircularityLrel.m vfCircularityLrel.s
1    C   D   D            1.066136           0.2395989
2    C   D   M            1.084714           0.2929957
3    C   D   E            1.024998           0.2848428
4    C   E   D            1.733516           0.2994977
5    C   E   M            1.273810           0.3236018
6    C   E   E            1.002927           0.2840248
7    U   D   D            1.106151           0.1678339
8    U   D   M            1.203122           0.3200777
9    U   D   E            1.104750           0.2100540
10   U   E   D            1.879793           1.4503966
11   U   E   M            1.598671           1.1027166
12   U   E   E            1.294496           0.6539621
[1] "Summary by group + Session + IDR + IDL\n"
   grp S IDL IDR vfCircularityLrel.m vfCircularityLrel.s
1    C 1   D   D           1.1632974           0.2179448
2    C 1   D   M           1.1310055           0.2247385
3    C 1   D   E           1.0492096           0.2028560
4    C 1   E   D           1.7071383           0.2345123
5    C 1   E   M           1.4278074           0.2839044
6    C 1   E   E           1.0783399           0.1882180
7    C 2   D   D           0.9715705           0.2010451
8    C 2   D   M           1.0546389           0.2939292
9    C 2   D   E           0.9885939           0.2987237
10   C 2   E   D           1.8425577           0.3683813
11   C 2   E   M           1.2007244           0.3949982
12   C 2   E   E           0.9474680           0.3261318
13   C 3   D   D           1.0635390           0.2698177
14   C 3   D   M           1.0684990           0.3596590
15   C 3   D   E           1.0371910           0.3498620
16   C 3   E   D           1.6508512           0.2653367
17   C 3   E   M           1.1928978           0.2331142
18   C 3   E   E           0.9829728           0.3192667
19   U 1   D   D           1.1787438           0.1917118
20   U 1   D   M           1.1854106           0.2656359
21   U 1   D   E           1.1003685           0.2598890
22   U 1   E   D           1.7068838           0.5883301
23   U 1   E   M           1.3719704           0.3625094
24   U 1   E   E           1.1141923           0.2184920
25   U 2   D   D           1.0344135           0.1712126
26   U 2   D   M           1.0637296           0.1976727
27   U 2   D   E           1.0995388           0.2221987
28   U 2   E   D           2.3724318           2.2736147
29   U 2   E   M           1.9077708           1.7114970
30   U 2   E   E           1.4559433           0.9942103
31   U 3   D   D           1.1052960           0.1063049
32   U 3   D   M           1.3602253           0.4058932
33   U 3   D   E           1.1143441           0.1469983
34   U 3   E   D           1.5600634           0.8333221
35   U 3   E   M           1.5162723           0.7722192
36   U 3   E   E           1.3133515           0.4947342
