[1] "phDiffMean ~S*IDR*IDL*grp + Error(pp/(S*IDR*IDL))"
$ANOVA
          Effect DFn DFd           F         p p<.05          ges
2            grp   1   8 0.008377896 0.9293212       0.0000686626
3              S   2  16 0.125652848 0.8827826       0.0018131759
4          grp:S   2  16 0.134256396 0.8753405       0.0019370849
5            IDR   2  16 0.130085374 0.8789396       0.0022342754
6        grp:IDR   2  16 0.269408285 0.7672280       0.0046161635
7            IDL   1   8 0.377845364 0.5558340       0.0076532485
8        grp:IDL   1   8 0.456961186 0.5181084       0.0092409290
9          S:IDR   4  32 0.686165295 0.6068090       0.0156854563
10     grp:S:IDR   4  32 0.751882159 0.5641599       0.0171619351
11         S:IDL   2  16 1.132622758 0.3467015       0.0141677556
12     grp:S:IDL   2  16 1.032295790 0.3787343       0.0129290108
13       IDR:IDL   2  16 0.793344110 0.4693398       0.0102585752
14   grp:IDR:IDL   2  16 0.759702630 0.4839550       0.0098278391
15     S:IDR:IDL   4  32 0.195671122 0.9388477       0.0030714049
16 grp:S:IDR:IDL   4  32 0.183916566 0.9450641       0.0028874290

$`Mauchly's Test for Sphericity`
          Effect            W            p p<.05
3              S 0.4286048631 5.154658e-02      
4          grp:S 0.4286048631 5.154658e-02      
5            IDR 0.6187304102 1.863181e-01      
6        grp:IDR 0.6187304102 1.863181e-01      
9          S:IDR 0.0013124341 5.232692e-06     *
10     grp:S:IDR 0.0013124341 5.232692e-06     *
11         S:IDL 0.3083961743 1.628851e-02     *
12     grp:S:IDL 0.3083961743 1.628851e-02     *
13       IDR:IDL 0.4182981594 4.733701e-02     *
14   grp:IDR:IDL 0.4182981594 4.733701e-02     *
15     S:IDR:IDL 0.0008647702 1.790255e-06     *
16 grp:S:IDR:IDL 0.0008647702 1.790255e-06     *

$`Sphericity Corrections`
          Effect       GGe     p[GG] p[GG]<.05       HFe     p[HF] p[HF]<.05
3              S 0.6363772 0.7892573           0.7027236 0.8115624          
4          grp:S 0.6363772 0.7806951           0.7027236 0.8031210          
5            IDR 0.7239716 0.8137446           0.8418341 0.8456404          
6        grp:IDR 0.7239716 0.6984715           0.8418341 0.7309462          
9          S:IDR 0.4467578 0.5035922           0.5666888 0.5335112          
10     grp:S:IDR 0.4467578 0.4750841           0.5666888 0.5011526          
11         S:IDL 0.5911550 0.3265604           0.6337036 0.3297447          
12     grp:S:IDL 0.5911550 0.3499741           0.6337036 0.3541827          
13       IDR:IDL 0.6322304 0.4231585           0.6963175 0.4329768          
14   grp:IDR:IDL 0.6322304 0.4343898           0.6963175 0.4448699          
15     S:IDR:IDL 0.5072627 0.8271356           0.6808573 0.8822690          
16 grp:S:IDR:IDL 0.5072627 0.8366210           0.6808573 0.8907233          

