[1] "peakVelR ~(S*IDR*IDL*grp)+Error(pp/(S*IDR*IDL))+grp"
$ANOVA
          Effect DFn DFd          F            p p<.05          ges
2            grp   1   8  0.1968548 6.690265e-01       0.0077863799
3              S   2  16 35.8426071 1.228992e-06     * 0.2116197578
4          grp:S   2  16  0.1217916 8.861457e-01       0.0009112603
5            IDR   2  16 45.3190757 2.568378e-07     * 0.5443738239
6        grp:IDR   2  16  2.0196064 1.651637e-01       0.0505527859
7            IDL   1   8 64.7875529 4.178658e-05     * 0.3900834896
8        grp:IDL   1   8  5.1374359 5.317257e-02       0.0482677235
9          S:IDR   4  32  9.3284234 4.094182e-05     * 0.1029523283
10     grp:S:IDR   4  32  0.7595243 5.593256e-01       0.0092579472
11         S:IDL   2  16  1.7538319 2.047943e-01       0.0119687714
12     grp:S:IDL   2  16  3.8697122 4.257929e-02     * 0.0260323948
13       IDR:IDL   2  16 23.3401860 1.802633e-05     * 0.2627571752
14   grp:IDR:IDL   2  16  0.5921479 5.648146e-01       0.0089610854
15     S:IDR:IDL   4  32  7.6137110 1.985760e-04     * 0.0501260545
16 grp:S:IDR:IDL   4  32  1.1822733 3.372652e-01       0.0081278324

$`Mauchly's Test for Sphericity`
          Effect          W            p p<.05
3              S 0.73202460 0.3356138370      
4          grp:S 0.73202460 0.3356138370      
5            IDR 0.12544253 0.0006991282     *
6        grp:IDR 0.12544253 0.0006991282     *
9          S:IDR 0.01383931 0.0016795453     *
10     grp:S:IDR 0.01383931 0.0016795453     *
11         S:IDL 0.41468768 0.0459223341     *
12     grp:S:IDL 0.41468768 0.0459223341     *
13       IDR:IDL 0.47916474 0.0761547486      
14   grp:IDR:IDL 0.47916474 0.0761547486      
15     S:IDR:IDL 0.17806453 0.2885047294      
16 grp:S:IDR:IDL 0.17806453 0.2885047294      

$`Sphericity Corrections`
          Effect       GGe        p[GG] p[GG]<.05       HFe        p[HF]
3              S 0.7886588 1.284894e-05         * 0.9494366 2.151729e-06
4          grp:S 0.7886588 8.401243e-01           0.9494366 8.767002e-01
5            IDR 0.5334592 9.613342e-05         * 0.5482603 7.950765e-05
6        grp:IDR 0.5334592 1.915445e-01           0.5482603 1.908345e-01
9          S:IDR 0.4397259 3.346400e-03         * 0.5539946 1.341930e-03
10     grp:S:IDR 0.4397259 4.701853e-01           0.5539946 4.950824e-01
11         S:IDL 0.6307905 2.190994e-01           0.6940968 2.170793e-01
12     grp:S:IDL 0.6307905 7.076784e-02           0.6940968 6.484181e-02
13       IDR:IDL 0.6575334 3.339194e-04         * 0.7356544 1.708607e-04
14   grp:IDR:IDL 0.6575334 5.031045e-01           0.7356544 5.194660e-01
15     S:IDR:IDL 0.6310181 2.042143e-03         * 0.9458056 2.787179e-04
16 grp:S:IDR:IDL 0.6310181 3.358414e-01           0.9458056 3.375340e-01
   p[HF]<.05
3          *
4           
5          *
6           
9          *
10          
11          
12          
13         *
14          
15         *
16          

