[1] "Summary by group"
  grp MTLrel.m MTLrel.s
1   C 1.804231 1.110125
2   U 2.070494 1.368436
[1] "Summary by session\n"
  S MTLrel.m MTLrel.s
1 1 1.895394 1.003354
2 2 2.039937 1.504461
3 3 1.876756 1.197275
[1] "Summary by IDR+IDR\n"
  IDL IDR MTLrel.m  MTLrel.s
1   D   D 1.567242 0.3627581
2   D   M 1.421451 0.4279529
3   D   E 1.293884 0.3411462
4   E   D 3.541574 1.7554603
5   E   M 2.334547 1.1749960
6   E   E 1.465478 0.8862329
[1] "Summary by group + Session\n"
  grp S MTLrel.m  MTLrel.s
1   C 1 1.880049 0.9786973
2   C 2 1.767589 1.2034886
3   C 3 1.765055 1.1444945
4   U 1 1.910739 1.0326785
5   U 2 2.312284 1.7186731
6   U 3 1.988458 1.2441625
[1] "Summary by Session + IDR + IDL \n"
   S IDL IDR MTLrel.m  MTLrel.s
1  1   D   D 1.710430 0.2460548
2  1   D   M 1.467747 0.2912460
3  1   D   E 1.239938 0.1283557
4  1   E   D 3.248806 1.3178742
5  1   E   M 2.241967 0.9277630
6  1   E   E 1.463477 0.7572091
7  2   D   D 1.507623 0.4494521
8  2   D   M 1.340826 0.4211311
9  2   D   E 1.310462 0.4470369
10 2   E   D 4.051105 2.1180607
11 2   E   M 2.462204 1.4075845
12 2   E   E 1.567401 0.9874386
13 3   D   D 1.483673 0.3304455
14 3   D   M 1.455779 0.5382612
15 3   D   E 1.331251 0.3689335
16 3   E   D 3.324810 1.6818519
17 3   E   M 2.299469 1.1696264
18 3   E   E 1.365556 0.9170127
[1] "Summary by group + IDR + IDL\n"
   grp IDL IDR MTLrel.m  MTLrel.s
1    C   D   D 1.431403 0.2640729
2    C   D   M 1.216858 0.2101370
3    C   D   E 1.075729 0.1629108
4    C   E   D 3.558674 1.1784574
5    C   E   M 2.186838 0.9026329
6    C   E   E 1.355883 0.8057610
7    U   D   D 1.703082 0.3983712
8    U   D   M 1.626044 0.4905842
9    U   D   E 1.512038 0.3339469
10   U   E   D 3.524473 2.2008995
11   U   E   M 2.482255 1.3904085
12   U   E   E 1.575072 0.9564775
[1] "Summary by group + Session + IDR + IDL\n"
   grp S IDL IDR MTLrel.m   MTLrel.s
1    C 1   D   D 1.638299 0.18823005
2    C 1   D   M 1.360649 0.15602433
3    C 1   D   E 1.181600 0.08913377
4    C 1   E   D 3.257448 1.08300106
5    C 1   E   M 2.275168 0.90914507
6    C 1   E   E 1.567128 0.91801734
7    C 2   D   D 1.327935 0.24763741
8    C 2   D   M 1.161598 0.21606281
9    C 2   D   E 1.028489 0.19791703
10   C 2   E   D 3.754731 1.36487819
11   C 2   E   M 2.078850 0.95667306
12   C 2   E   E 1.253932 0.69221956
13   C 3   D   D 1.327974 0.23154990
14   C 3   D   M 1.128327 0.18420691
15   C 3   D   E 1.017099 0.13495151
16   C 3   E   D 3.663843 1.08565362
17   C 3   E   M 2.206497 0.89308164
18   C 3   E   E 1.246590 0.80425859
19   U 1   D   D 1.782561 0.28076826
20   U 1   D   M 1.574846 0.35606896
21   U 1   D   E 1.298276 0.13743900
22   U 1   E   D 3.240163 1.55710947
23   U 1   E   M 2.208766 0.97676155
24   U 1   E   E 1.359825 0.56736944
25   U 2   D   D 1.687311 0.53659216
26   U 2   D   M 1.520055 0.50184967
27   U 2   D   E 1.592435 0.45211923
28   U 2   E   D 4.347478 2.69103863
29   U 2   E   M 2.845558 1.69527903
30   U 2   E   E 1.880870 1.15324944
31   U 3   D   D 1.639373 0.34731094
32   U 3   D   M 1.783231 0.58003882
33   U 3   D   E 1.645404 0.22858638
34   U 3   E   D 2.985778 2.10578874
35   U 3   E   M 2.392440 1.42044029
36   U 3   E   E 1.484521 1.03185781
