                  Estimate MCMCmean HPD95lower HPD95upper pMCMC Pr(>|t|)
(Intercept)         0.7287   0.7303     0.6733     0.7841 0.001   0.0000
grp1               -0.0440  -0.0441    -0.0982     0.0090 0.106   0.0889
S1                  0.1425   0.1423     0.1151     0.1672 0.001   0.0000
S2                 -0.0448  -0.0439    -0.0718    -0.0190 0.001   0.0054
IDR1                0.1664   0.1668     0.1366     0.1926 0.001   0.0000
IDR2               -0.0170  -0.0169    -0.0451     0.0106 0.236   0.3255
IDL1                0.2969   0.2972     0.2691     0.3259 0.001   0.0000
grp1:S1             0.0253   0.0248    -0.0048     0.0472 0.066   0.1148
grp1:S2             0.0033   0.0044    -0.0216     0.0327 0.732   0.8385
grp1:IDR1           0.0433   0.0427     0.0160     0.0713 0.006   0.0122
grp1:IDR2          -0.0186  -0.0185    -0.0459     0.0075 0.180   0.2816
S1:IDR1             0.0592   0.0590     0.0384     0.0814 0.001   0.0004
S2:IDR1             0.0010   0.0012    -0.0207     0.0233 0.956   0.9531
S1:IDR2             0.0059   0.0060    -0.0162     0.0270 0.596   0.7218
S2:IDR2            -0.0236  -0.0243    -0.0458    -0.0010 0.030   0.1579
grp1:IDL1          -0.0695  -0.0698    -0.0968    -0.0430 0.001   0.0006
S1:IDL1             0.0084   0.0084    -0.0071     0.0236 0.276   0.4761
S2:IDL1            -0.0150  -0.0149    -0.0320    -0.0006 0.058   0.2033
IDR1:IDL1          -0.0658  -0.0662    -0.0817    -0.0516 0.001   0.0000
IDR2:IDL1           0.0137   0.0140    -0.0014     0.0297 0.074   0.2479
grp1:S1:IDR1       -0.0303  -0.0305    -0.0518    -0.0085 0.004   0.0704
grp1:S2:IDR1       -0.0002   0.0000    -0.0206     0.0216 0.974   0.9925
grp1:S1:IDR2        0.0042   0.0040    -0.0175     0.0255 0.706   0.8004
grp1:S2:IDR2        0.0145   0.0145    -0.0073     0.0355 0.188   0.3845
grp1:S1:IDL1        0.0194   0.0194     0.0060     0.0355 0.012   0.1014
grp1:S2:IDL1        0.0147   0.0146    -0.0011     0.0282 0.054   0.2151
grp1:IDR1:IDL1     -0.0055  -0.0055    -0.0207     0.0096 0.494   0.6413
grp1:IDR2:IDL1      0.0025   0.0027    -0.0113     0.0197 0.772   0.8333
S1:IDR1:IDL1        0.0215   0.0214    -0.0002     0.0417 0.048   0.1993
S2:IDR1:IDL1       -0.0187  -0.0185    -0.0397     0.0025 0.086   0.2641
S1:IDR2:IDL1       -0.0066  -0.0069    -0.0291     0.0141 0.532   0.6929
S2:IDR2:IDL1        0.0007   0.0007    -0.0212     0.0206 0.944   0.9673
grp1:S1:IDR1:IDL1   0.0081   0.0084    -0.0152     0.0303 0.462   0.6264
grp1:S2:IDR1:IDL1  -0.0135  -0.0133    -0.0363     0.0082 0.234   0.4204
grp1:S1:IDR2:IDL1  -0.0146  -0.0150    -0.0378     0.0076 0.190   0.3809
grp1:S2:IDR2:IDL1   0.0209   0.0213     0.0004     0.0433 0.048   0.2115
NULL
       Length Class      Mode
fixed  6      data.frame list
random 7      data.frame list
Analysis of Variance Table
              Df  Sum Sq Mean Sq  F value
grp            1 0.01843 0.01843   2.8870
S              2 0.52699 0.26349  41.2780
IDR            2 0.72140 0.36070  56.5059
IDL            1 1.37511 1.37511 215.4199
grp:S          2 0.02433 0.01217   1.9058
grp:IDR        2 0.04068 0.02034   3.1863
S:IDR          4 0.14841 0.03710   5.8122
grp:IDL        1 0.07527 0.07527  11.7920
S:IDL          2 0.01041 0.00520   0.8153
IDR:IDL        2 0.22128 0.11064  17.3327
grp:S:IDR      4 0.03505 0.00876   1.3729
grp:S:IDL      2 0.05337 0.02668   4.1802
grp:IDR:IDL    2 0.00139 0.00070   0.1090
S:IDR:IDL      4 0.01475 0.00369   0.5778
grp:S:IDR:IDL  4 0.01083 0.00271   0.4240
Linear mixed model fit by REML 
Formula: get(vname) ~ (1 | pp) + (1 | pp/S) + (1 | pp/IDR) + (1 | pp/IDL) +      (1 | pp/S:IDR:IDL) + grp * S * IDR * IDL 
   Data: mdata 
    AIC    BIC logLik deviance REMLdev
 -515.2 -317.8  303.6     -847  -607.2
Random effects:
 Groups       Name        Variance   Std.Dev.
 S:IDR:IDL:pp (Intercept) 0.01041273 0.102043
 IDR:pp       (Intercept) 0.00236331 0.048614
 S:pp         (Intercept) 0.00176974 0.042068
 IDL:pp       (Intercept) 0.00678855 0.082393
 pp           (Intercept) 0.00024181 0.015550
 pp           (Intercept) 0.00024181 0.015550
 pp           (Intercept) 0.00024180 0.015550
 pp           (Intercept) 0.00024182 0.015551
 pp           (Intercept) 0.00024185 0.015552
 Residual                 0.00638337 0.079896
Number of obs: 540, groups: S:IDR:IDL:pp, 180; IDR:pp, 30; S:pp, 30; IDL:pp, 20; pp, 10

Fixed effects:
                    Estimate Std. Error t value
(Intercept)        0.7286611  0.0258399  28.199
grp1              -0.0440463  0.0258399  -1.705
S1                 0.1425083  0.0160413   8.884
S2                -0.0447750  0.0160413  -2.791
IDR1               0.1664306  0.0172306   9.659
IDR2              -0.0169583  0.0172306  -0.984
IDL1               0.2968630  0.0202261  14.677
grp1:S1            0.0253380  0.0160413   1.580
grp1:S2            0.0032713  0.0160413   0.204
grp1:IDR1          0.0433491  0.0172306   2.516
grp1:IDR2         -0.0185731  0.0172306  -1.078
S1:IDR1            0.0591583  0.0166937   3.544
S2:IDR1            0.0009833  0.0166937   0.059
S1:IDR2            0.0059472  0.0166937   0.356
S2:IDR2           -0.0236111  0.0166937  -1.414
grp1:IDL1         -0.0694556  0.0202261  -3.434
S1:IDL1            0.0084176  0.0118042   0.713
S2:IDL1           -0.0150380  0.0118042  -1.274
IDR1:IDL1         -0.0658435  0.0118042  -5.578
IDR2:IDL1          0.0136565  0.0118042   1.157
grp1:S1:IDR1      -0.0302657  0.0166937  -1.813
grp1:S2:IDR1      -0.0001574  0.0166937  -0.009
grp1:S1:IDR2       0.0042231  0.0166937   0.253
grp1:S2:IDR2       0.0145315  0.0166937   0.870
grp1:S1:IDL1       0.0193694  0.0118042   1.641
grp1:S2:IDL1       0.0146528  0.0118042   1.241
grp1:IDR1:IDL1    -0.0055028  0.0118042  -0.466
grp1:IDR2:IDL1     0.0024861  0.0118042   0.211
S1:IDR1:IDL1       0.0214546  0.0166937   1.285
S2:IDR1:IDL1      -0.0186648  0.0166937  -1.118
S1:IDR2:IDL1      -0.0065954  0.0166937  -0.395
S2:IDR2:IDL1       0.0006852  0.0166937   0.041
grp1:S1:IDR1:IDL1  0.0081306  0.0166937   0.487
grp1:S2:IDR1:IDL1 -0.0134611  0.0166937  -0.806
grp1:S1:IDR2:IDL1 -0.0146417  0.0166937  -0.877
grp1:S2:IDR2:IDL1  0.0208833  0.0166937   1.251

Correlation of Fixed Effects:
            (Intr) grp1   S1     S2     IDR1   IDR2   IDL1   gr1:S1 gr1:S2
grp1         0.000                                                        
S1           0.000  0.000                                                 
S2           0.000  0.000 -0.500                                          
IDR1         0.000  0.000  0.000  0.000                                   
IDR2         0.000  0.000  0.000  0.000 -0.500                            
IDL1         0.000  0.000  0.000  0.000  0.000  0.000                     
grp1:S1      0.000  0.000  0.000  0.000  0.000  0.000  0.000              
grp1:S2      0.000  0.000  0.000  0.000  0.000  0.000  0.000 -0.500       
grp1:IDR1    0.000  0.000  0.000  0.000  0.000  0.000  0.000  0.000  0.000
grp1:IDR2    0.000  0.000  0.000  0.000  0.000  0.000  0.000  0.000  0.000
S1:IDR1      0.000  0.000  0.000  0.000  0.000  0.000  0.000  0.000  0.000
S2:IDR1      0.000  0.000  0.000  0.000  0.000  0.000  0.000  0.000  0.000
S1:IDR2      0.000  0.000  0.000  0.000  0.000  0.000  0.000  0.000  0.000
S2:IDR2      0.000  0.000  0.000  0.000  0.000  0.000  0.000  0.000  0.000
grp1:IDL1    0.000  0.000  0.000  0.000  0.000  0.000  0.000  0.000  0.000
S1:IDL1      0.000  0.000  0.000  0.000  0.000  0.000  0.000  0.000  0.000
S2:IDL1      0.000  0.000  0.000  0.000  0.000  0.000  0.000  0.000  0.000
IDR1:IDL1    0.000  0.000  0.000  0.000  0.000  0.000  0.000  0.000  0.000
IDR2:IDL1    0.000  0.000  0.000  0.000  0.000  0.000  0.000  0.000  0.000
gr1:S1:IDR1  0.000  0.000  0.000  0.000  0.000  0.000  0.000  0.000  0.000
gr1:S2:IDR1  0.000  0.000  0.000  0.000  0.000  0.000  0.000  0.000  0.000
gr1:S1:IDR2  0.000  0.000  0.000  0.000  0.000  0.000  0.000  0.000  0.000
gr1:S2:IDR2  0.000  0.000  0.000  0.000  0.000  0.000  0.000  0.000  0.000
gr1:S1:IDL1  0.000  0.000  0.000  0.000  0.000  0.000  0.000  0.000  0.000
gr1:S2:IDL1  0.000  0.000  0.000  0.000  0.000  0.000  0.000  0.000  0.000
g1:IDR1:IDL  0.000  0.000  0.000  0.000  0.000  0.000  0.000  0.000  0.000
g1:IDR2:IDL  0.000  0.000  0.000  0.000  0.000  0.000  0.000  0.000  0.000
S1:IDR1:IDL  0.000  0.000  0.000  0.000  0.000  0.000  0.000  0.000  0.000
S2:IDR1:IDL  0.000  0.000  0.000  0.000  0.000  0.000  0.000  0.000  0.000
S1:IDR2:IDL  0.000  0.000  0.000  0.000  0.000  0.000  0.000  0.000  0.000
S2:IDR2:IDL  0.000  0.000  0.000  0.000  0.000  0.000  0.000  0.000  0.000
g1:S1:IDR1:  0.000  0.000  0.000  0.000  0.000  0.000  0.000  0.000  0.000
g1:S2:IDR1:  0.000  0.000  0.000  0.000  0.000  0.000  0.000  0.000  0.000
g1:S1:IDR2:  0.000  0.000  0.000  0.000  0.000  0.000  0.000  0.000  0.000
g1:S2:IDR2:  0.000  0.000  0.000  0.000  0.000  0.000  0.000  0.000  0.000
            gr1:IDR1 gr1:IDR2 S1:IDR1 S2:IDR1 S1:IDR2 S2:IDR2 g1:IDL S1:IDL
grp1                                                                       
S1                                                                         
S2                                                                         
IDR1                                                                       
IDR2                                                                       
IDL1                                                                       
grp1:S1                                                                    
grp1:S2                                                                    
grp1:IDR1                                                                  
grp1:IDR2   -0.500                                                         
S1:IDR1      0.000    0.000                                                
S2:IDR1      0.000    0.000   -0.500                                       
S1:IDR2      0.000    0.000   -0.500   0.250                               
S2:IDR2      0.000    0.000    0.250  -0.500  -0.500                       
grp1:IDL1    0.000    0.000    0.000   0.000   0.000   0.000               
S1:IDL1      0.000    0.000    0.000   0.000   0.000   0.000   0.000       
S2:IDL1      0.000    0.000    0.000   0.000   0.000   0.000   0.000 -0.500
IDR1:IDL1    0.000    0.000    0.000   0.000   0.000   0.000   0.000  0.000
IDR2:IDL1    0.000    0.000    0.000   0.000   0.000   0.000   0.000  0.000
gr1:S1:IDR1  0.000    0.000    0.000   0.000   0.000   0.000   0.000  0.000
gr1:S2:IDR1  0.000    0.000    0.000   0.000   0.000   0.000   0.000  0.000
gr1:S1:IDR2  0.000    0.000    0.000   0.000   0.000   0.000   0.000  0.000
gr1:S2:IDR2  0.000    0.000    0.000   0.000   0.000   0.000   0.000  0.000
gr1:S1:IDL1  0.000    0.000    0.000   0.000   0.000   0.000   0.000  0.000
gr1:S2:IDL1  0.000    0.000    0.000   0.000   0.000   0.000   0.000  0.000
g1:IDR1:IDL  0.000    0.000    0.000   0.000   0.000   0.000   0.000  0.000
g1:IDR2:IDL  0.000    0.000    0.000   0.000   0.000   0.000   0.000  0.000
S1:IDR1:IDL  0.000    0.000    0.000   0.000   0.000   0.000   0.000  0.000
S2:IDR1:IDL  0.000    0.000    0.000   0.000   0.000   0.000   0.000  0.000
S1:IDR2:IDL  0.000    0.000    0.000   0.000   0.000   0.000   0.000  0.000
S2:IDR2:IDL  0.000    0.000    0.000   0.000   0.000   0.000   0.000  0.000
g1:S1:IDR1:  0.000    0.000    0.000   0.000   0.000   0.000   0.000  0.000
g1:S2:IDR1:  0.000    0.000    0.000   0.000   0.000   0.000   0.000  0.000
g1:S1:IDR2:  0.000    0.000    0.000   0.000   0.000   0.000   0.000  0.000
g1:S2:IDR2:  0.000    0.000    0.000   0.000   0.000   0.000   0.000  0.000
            S2:IDL IDR1:I IDR2:I gr1:S1:IDR1 gr1:S2:IDR1 gr1:S1:IDR2
grp1                                                                
S1                                                                  
S2                                                                  
IDR1                                                                
IDR2                                                                
IDL1                                                                
grp1:S1                                                             
grp1:S2                                                             
grp1:IDR1                                                           
grp1:IDR2                                                           
S1:IDR1                                                             
S2:IDR1                                                             
S1:IDR2                                                             
S2:IDR2                                                             
grp1:IDL1                                                           
S1:IDL1                                                             
S2:IDL1                                                             
IDR1:IDL1    0.000                                                  
IDR2:IDL1    0.000 -0.500                                           
gr1:S1:IDR1  0.000  0.000  0.000                                    
gr1:S2:IDR1  0.000  0.000  0.000 -0.500                             
gr1:S1:IDR2  0.000  0.000  0.000 -0.500       0.250                 
gr1:S2:IDR2  0.000  0.000  0.000  0.250      -0.500      -0.500     
gr1:S1:IDL1  0.000  0.000  0.000  0.000       0.000       0.000     
gr1:S2:IDL1  0.000  0.000  0.000  0.000       0.000       0.000     
g1:IDR1:IDL  0.000  0.000  0.000  0.000       0.000       0.000     
g1:IDR2:IDL  0.000  0.000  0.000  0.000       0.000       0.000     
S1:IDR1:IDL  0.000  0.000  0.000  0.000       0.000       0.000     
S2:IDR1:IDL  0.000  0.000  0.000  0.000       0.000       0.000     
S1:IDR2:IDL  0.000  0.000  0.000  0.000       0.000       0.000     
S2:IDR2:IDL  0.000  0.000  0.000  0.000       0.000       0.000     
g1:S1:IDR1:  0.000  0.000  0.000  0.000       0.000       0.000     
g1:S2:IDR1:  0.000  0.000  0.000  0.000       0.000       0.000     
g1:S1:IDR2:  0.000  0.000  0.000  0.000       0.000       0.000     
g1:S2:IDR2:  0.000  0.000  0.000  0.000       0.000       0.000     
            gr1:S2:IDR2 g1:S1:IDL g1:S2:IDL g1:IDR1: g1:IDR2: S1:IDR1: S2:IDR1:
grp1                                                                           
S1                                                                             
S2                                                                             
IDR1                                                                           
IDR2                                                                           
IDL1                                                                           
grp1:S1                                                                        
grp1:S2                                                                        
grp1:IDR1                                                                      
grp1:IDR2                                                                      
S1:IDR1                                                                        
S2:IDR1                                                                        
S1:IDR2                                                                        
S2:IDR2                                                                        
grp1:IDL1                                                                      
S1:IDL1                                                                        
S2:IDL1                                                                        
IDR1:IDL1                                                                      
IDR2:IDL1                                                                      
gr1:S1:IDR1                                                                    
gr1:S2:IDR1                                                                    
gr1:S1:IDR2                                                                    
gr1:S2:IDR2                                                                    
gr1:S1:IDL1  0.000                                                             
gr1:S2:IDL1  0.000      -0.500                                                 
g1:IDR1:IDL  0.000       0.000     0.000                                       
g1:IDR2:IDL  0.000       0.000     0.000    -0.500                             
S1:IDR1:IDL  0.000       0.000     0.000     0.000    0.000                    
S2:IDR1:IDL  0.000       0.000     0.000     0.000    0.000   -0.500           
S1:IDR2:IDL  0.000       0.000     0.000     0.000    0.000   -0.500    0.250  
S2:IDR2:IDL  0.000       0.000     0.000     0.000    0.000    0.250   -0.500  
g1:S1:IDR1:  0.000       0.000     0.000     0.000    0.000    0.000    0.000  
g1:S2:IDR1:  0.000       0.000     0.000     0.000    0.000    0.000    0.000  
g1:S1:IDR2:  0.000       0.000     0.000     0.000    0.000    0.000    0.000  
g1:S2:IDR2:  0.000       0.000     0.000     0.000    0.000    0.000    0.000  
            S1:IDR2: S2:IDR2: g1:S1:IDR1: g1:S2:IDR1: g1:S1:IDR2:
grp1                                                             
S1                                                               
S2                                                               
IDR1                                                             
IDR2                                                             
IDL1                                                             
grp1:S1                                                          
grp1:S2                                                          
grp1:IDR1                                                        
grp1:IDR2                                                        
S1:IDR1                                                          
S2:IDR1                                                          
S1:IDR2                                                          
S2:IDR2                                                          
grp1:IDL1                                                        
S1:IDL1                                                          
S2:IDL1                                                          
IDR1:IDL1                                                        
IDR2:IDL1                                                        
gr1:S1:IDR1                                                      
gr1:S2:IDR1                                                      
gr1:S1:IDR2                                                      
gr1:S2:IDR2                                                      
gr1:S1:IDL1                                                      
gr1:S2:IDL1                                                      
g1:IDR1:IDL                                                      
g1:IDR2:IDL                                                      
S1:IDR1:IDL                                                      
S2:IDR1:IDL                                                      
S1:IDR2:IDL                                                      
S2:IDR2:IDL -0.500                                               
g1:S1:IDR1:  0.000    0.000                                      
g1:S2:IDR1:  0.000    0.000   -0.500                             
g1:S1:IDR2:  0.000    0.000   -0.500       0.250                 
g1:S2:IDR2:  0.000    0.000    0.250      -0.500      -0.500     
