[1] "q3R ~(S*DID*grp)+Error(pp/(S*DID))+grp"
$ANOVA
     Effect DFn DFd          F            p p<.05        ges
2       grp   1   8  1.8582200 0.2099561282       0.08912952
3         S   2  16  2.1121643 0.1534500241       0.06455432
5       DID   2  16 13.6869938 0.0003428665     * 0.14943258
4     grp:S   2  16  0.6344664 0.5430450539       0.02030846
6   grp:DID   2  16  1.1546159 0.3400939347       0.01460417
7     S:DID   4  32  0.9384003 0.4543385438       0.02456196
8 grp:S:DID   4  32  2.3062146 0.0795696918       0.05827711

$`Mauchly's Test for Sphericity`
     Effect          W          p p<.05
3         S 0.90216690 0.69743561      
4     grp:S 0.90216690 0.69743561      
5       DID 0.99138591 0.97017394      
6   grp:DID 0.99138591 0.97017394      
7     S:DID 0.07711953 0.06626371      
8 grp:S:DID 0.07711953 0.06626371      

$`Sphericity Corrections`
     Effect       GGe       p[GG] p[GG]<.05       HFe        p[HF] p[HF]<.05
3         S 0.9108853 0.159003254           1.1650534 0.1534500241          
4     grp:S 0.9108853 0.530138637           1.1650534 0.5430450539          
5       DID 0.9914595 0.000359848         * 1.3167739 0.0003428665         *
6   grp:DID 0.9914595 0.339872616           1.3167739 0.3400939347          
7     S:DID 0.5348047 0.416221639           0.7359501 0.4363767391          
8 grp:S:DID 0.5348047 0.127228060           0.7359501 0.1036879276          

