[1] "Summary by group"
  grp     q3R.m      q3R.s
1   C 0.8741679 0.04447145
2   U 0.8502343 0.06679749
[1] "Summary by session\n"
  S     q3R.m      q3R.s
1 1 0.8482060 0.06392137
2 2 0.8713422 0.04696993
3 3 0.8670551 0.05942673
[1] "Summary by DID\n"
  DID     q3R.m      q3R.s
1   1 0.8409693 0.05924406
2   2 0.8659190 0.05602594
3   3 0.8797150 0.05197366
[1] "Summary by group + Session\n"
  grp S     q3R.m      q3R.s
1   C 1 0.8665976 0.04780244
2   C 2 0.8762824 0.03829273
3   C 3 0.8796238 0.04666895
4   U 1 0.8298144 0.07271725
5   U 2 0.8664020 0.05427923
6   U 3 0.8544864 0.06813383
[1] "Summary by Session + DID\n"
  S DID     q3R.m      q3R.s
1 1   1 0.8184007 0.06261017
2 1   2 0.8500440 0.06775335
3 1   3 0.8761733 0.04793155
4 2   1 0.8506877 0.05630944
5 2   2 0.8762033 0.03352235
6 2   3 0.8871357 0.04186134
7 3   1 0.8538197 0.05371602
8 3   2 0.8715097 0.05929989
9 3   3 0.8758360 0.06445748
[1] "Summary by group + DID\n"
  grp DID     q3R.m      q3R.s
1   C   1 0.8463620 0.04176058
2   C   2 0.8815198 0.03890606
3   C   3 0.8946220 0.03861996
4   U   1 0.8355767 0.07277401
5   U   2 0.8503182 0.06586075
6   U   3 0.8648080 0.05931168
[1] "Summary by group + Session + DID\n"
   grp S DID     q3R.m      q3R.s
1    C 1   1 0.8337960 0.03327337
2    C 1   2 0.8831687 0.04768042
3    C 1   3 0.8828280 0.04551774
4    C 2   1 0.8568060 0.03660424
5    C 2   2 0.8725287 0.02705637
6    C 2   3 0.8995127 0.03920261
7    C 3   1 0.8484840 0.05237471
8    C 3   2 0.8888620 0.04005657
9    C 3   3 0.9015253 0.02920865
10   U 1   1 0.8030053 0.08065396
11   U 1   2 0.8169193 0.06988755
12   U 1   3 0.8695187 0.05091374
13   U 2   1 0.8445693 0.07174889
14   U 2   2 0.8798780 0.03958259
15   U 2   3 0.8747587 0.04200956
16   U 3   1 0.8591553 0.05632767
17   U 3   2 0.8541573 0.07095336
18   U 3   3 0.8501467 0.07961781
