[1] "maxangleRrel ~(S*IDR*IDL*grp)+Error(pp/(S*IDR*IDL))+grp"
$ANOVA
          Effect DFn DFd           F            p p<.05          ges
2            grp   1   8  0.02942255 8.680665e-01       0.0009149735
3              S   2  16  0.07327053 9.296594e-01       0.0011668471
4          grp:S   2  16  0.05433653 9.472873e-01       0.0008655806
5            IDR   2  16  9.36409763 2.030029e-03     * 0.1275788408
6        grp:IDR   2  16  0.14714606 8.643226e-01       0.0022926531
7            IDL   1   8  9.35280416 1.562440e-02     * 0.0374043821
8        grp:IDL   1   8  1.70519578 2.279065e-01       0.0070346920
9          S:IDR   4  32 10.34460333 1.715068e-05     * 0.1214149903
10     grp:S:IDR   4  32  0.79935817 5.345732e-01       0.0105658151
11         S:IDL   2  16  4.25556427 3.296502e-02     * 0.0276461284
12     grp:S:IDL   2  16  1.15452889 3.401198e-01       0.0076545647
13       IDR:IDL   2  16 22.14591954 2.459754e-05     * 0.2774709396
14   grp:IDR:IDL   2  16  0.33413225 7.208365e-01       0.0057607333
15     S:IDR:IDL   4  32  3.49482931 1.776784e-02     * 0.0676988830
16 grp:S:IDR:IDL   4  32  0.63214614 6.431915e-01       0.0129643179

$`Mauchly's Test for Sphericity`
          Effect         W         p p<.05
3              S 0.7782157 0.4157670      
4          grp:S 0.7782157 0.4157670      
5            IDR 0.8704070 0.6152170      
6        grp:IDR 0.8704070 0.6152170      
9          S:IDR 0.2996036 0.5770644      
10     grp:S:IDR 0.2996036 0.5770644      
11         S:IDL 0.9951493 0.9831252      
12     grp:S:IDL 0.9951493 0.9831252      
13       IDR:IDL 0.2861281 0.0125303     *
14   grp:IDR:IDL 0.2861281 0.0125303     *
15     S:IDR:IDL 0.1500406 0.2202758      
16 grp:S:IDR:IDL 0.1500406 0.2202758      

$`Sphericity Corrections`
          Effect       GGe        p[GG] p[GG]<.05       HFe        p[HF]
3              S 0.8184751 0.8975781506           1.0005070 9.296594e-01
4          grp:S 0.8184751 0.9191880088           1.0005070 9.472873e-01
5            IDR 0.8852746 0.0032211264         * 1.1184728 2.030029e-03
6        grp:IDR 0.8852746 0.8403441773           1.1184728 8.643226e-01
9          S:IDR 0.6265334 0.0004308633         * 0.9353705 2.983263e-05
10     grp:S:IDR 0.6265334 0.4888530099           0.9353705 5.279993e-01
11         S:IDL 0.9951727 0.0332163689         * 1.3239620 3.296502e-02
12     grp:S:IDL 0.9951727 0.3399951836           1.3239620 3.401198e-01
13       IDR:IDL 0.5834742 0.0007611606         * 0.6221624 5.515758e-04
14   grp:IDR:IDL 0.5834742 0.6105324987           0.6221624 6.236675e-01
15     S:IDR:IDL 0.5541444 0.0485594554         * 0.7758900 2.928527e-02
16 grp:S:IDR:IDL 0.5541444 0.5585763921           0.7758900 6.063268e-01
   p[HF]<.05
3           
4           
5          *
6           
9          *
10          
11         *
12          
13         *
14          
15         *
16          

