[1] "Full vs no Session"
Data: mdata
Models:
noS.mod: get(vname) ~ (1 | pp) + IDR + IDL + grp
full.mod: get(vname) ~ (1 | pp) + (1 | pp/S) + (1 | pp/IDR) + (1 | pp/IDL) + 
full.mod:     (1 | pp/S:IDR:IDL) + S + IDR + IDL + grp
         Df    AIC    BIC  logLik Chisq Chi Df Pr(>Chisq)    
noS.mod   7 301.85 331.89 -143.92                            
full.mod 17 250.84 323.79 -108.42 71.01     10  2.829e-11 ***
---
Signif. codes:  0 ‘***’ 0.001 ‘**’ 0.01 ‘*’ 0.05 ‘.’ 0.1 ‘ ’ 1 
[1] "Full vs no Group"
Data: mdata
Models:
nogrp.mod: get(vname) ~ (1 | pp) + S + IDR + IDL
full.mod: get(vname) ~ (1 | pp) + (1 | pp/S) + (1 | pp/IDR) + (1 | pp/IDL) + 
full.mod:     (1 | pp/S:IDR:IDL) + S + IDR + IDL + grp
          Df    AIC    BIC  logLik  Chisq Chi Df Pr(>Chisq)    
nogrp.mod  8 303.46 337.79 -143.73                             
full.mod  17 250.84 323.79 -108.42 70.623      9  1.149e-11 ***
---
Signif. codes:  0 ‘***’ 0.001 ‘**’ 0.01 ‘*’ 0.05 ‘.’ 0.1 ‘ ’ 1 
[1] "Full vs no Session and no Group"
Data: mdata
Models:
noSgrp.mod: get(vname) ~ (1 | pp) + IDR + IDL
full.mod: get(vname) ~ (1 | pp) + (1 | pp/S) + (1 | pp/IDR) + (1 | pp/IDL) + 
full.mod:     (1 | pp/S:IDR:IDL) + S + IDR + IDL + grp
           Df    AIC    BIC  logLik  Chisq Chi Df Pr(>Chisq)    
noSgrp.mod  6 299.71 325.46 -143.86                             
full.mod   17 250.84 323.79 -108.42 70.877     11  8.319e-11 ***
---
Signif. codes:  0 ‘***’ 0.001 ‘**’ 0.01 ‘*’ 0.05 ‘.’ 0.1 ‘ ’ 1 
[1] "No Group vs no Session and no Group"
Data: mdata
Models:
noSgrp.mod: get(vname) ~ (1 | pp) + IDR + IDL
nogrp.mod: get(vname) ~ (1 | pp) + S + IDR + IDL
           Df    AIC    BIC  logLik  Chisq Chi Df Pr(>Chisq)
noSgrp.mod  6 299.71 325.46 -143.86                         
nogrp.mod   8 303.46 337.79 -143.73 0.2548      2     0.8804
[1] "No Session vs no Session and no Group"
Data: mdata
Models:
noSgrp.mod: get(vname) ~ (1 | pp) + IDR + IDL
noS.mod: get(vname) ~ (1 | pp) + IDR + IDL + grp
           Df    AIC    BIC  logLik Chisq Chi Df Pr(>Chisq)
noSgrp.mod  6 299.71 325.46 -143.86                        
noS.mod     7 301.85 331.89 -143.92     0      1          1
