[1] "vfCircularity ~(S*ID*grp)+Error(pp/(S*ID))+grp"
$ANOVA
    Effect DFn DFd          F            p p<.05         ges
2      grp   1   8  1.4781482 2.587204e-01       0.010299728
3        S   2  16  0.6284180 5.460979e-01       0.011325491
5       ID   2  16 54.5008851 7.204943e-08     * 0.537170792
4    grp:S   2  16  0.3868221 6.853942e-01       0.007001883
6   grp:ID   2  16  0.2118151 8.113469e-01       0.004490456
7     S:ID   4  32  1.2181029 3.225021e-01       0.087210029
8 grp:S:ID   4  32  0.8919101 4.800745e-01       0.065383211

$`Mauchly's Test for Sphericity`
    Effect          W          p p<.05
3        S 0.87484813 0.62627394      
4    grp:S 0.87484813 0.62627394      
5       ID 0.77610873 0.41184044      
6   grp:ID 0.77610873 0.41184044      
7     S:ID 0.07420201 0.06149084      
8 grp:S:ID 0.07420201 0.06149084      

$`Sphericity Corrections`
    Effect       GGe        p[GG] p[GG]<.05       HFe        p[HF] p[HF]<.05
3        S 0.8887689 5.296281e-01           1.1247831 5.460979e-01          
4    grp:S 0.8887689 6.623963e-01           1.1247831 6.853942e-01          
5       ID 0.8170660 9.130758e-07         * 0.9980720 7.399918e-08         *
6   grp:ID 0.8170660 7.685795e-01           0.9980720 8.109511e-01          
7     S:ID 0.4838751 3.212772e-01           0.6356461 3.242993e-01          
8 grp:S:ID 0.4838751 4.267670e-01           0.6356461 4.474254e-01          

