[1] "accTimeR ~S*IDR*IDL*grp + Error(pp/(S*IDR*IDL))"
$ANOVA
          Effect DFn DFd           F            p p<.05         ges
2            grp   1   8  0.41657498 5.367188e-01       0.015789797
3              S   2  16 10.91940378 1.022022e-03     * 0.184562291
5            IDR   2  16 84.08874969 3.243899e-09     * 0.525288570
7            IDL   1   8 51.13480721 9.700991e-05     * 0.379609879
4          grp:S   2  16  0.08748761 9.166655e-01       0.001810143
6        grp:IDR   2  16  5.64976803 1.392252e-02     * 0.069201671
8        grp:IDL   1   8  6.35876753 3.571633e-02     * 0.070709907
9          S:IDR   4  32  0.76387367 5.565864e-01       0.008127947
11         S:IDL   2  16  4.36232181 3.075527e-02     * 0.062539866
13       IDR:IDL   2  16  2.52114001 1.117423e-01       0.016279515
10     grp:S:IDR   4  32  1.05356735 3.953507e-01       0.011175964
12     grp:S:IDL   2  16  1.32510837 2.934194e-01       0.019862093
14   grp:IDR:IDL   2  16  1.11970599 3.506495e-01       0.007296196
15     S:IDR:IDL   4  32  2.33967915 7.621076e-02       0.018487045
16 grp:S:IDR:IDL   4  32  0.37307554 8.260626e-01       0.002994398

$`Mauchly's Test for Sphericity`
          Effect         W          p p<.05
3              S 0.6791865 0.25820322      
4          grp:S 0.6791865 0.25820322      
5            IDR 0.4192192 0.04770282     *
6        grp:IDR 0.4192192 0.04770282     *
9          S:IDR 0.0864973 0.08349351      
10     grp:S:IDR 0.0864973 0.08349351      
11         S:IDL 0.4096810 0.04401090     *
12     grp:S:IDL 0.4096810 0.04401090     *
13       IDR:IDL 0.9930194 0.97578028      
14   grp:IDR:IDL 0.9930194 0.97578028      
15     S:IDR:IDL 0.3712089 0.71567845      
16 grp:S:IDR:IDL 0.3712089 0.71567845      

$`Sphericity Corrections`
          Effect       GGe        p[GG] p[GG]<.05       HFe        p[HF]
3              S 0.7571092 3.179431e-03         * 0.8964197 1.655082e-03
4          grp:S 0.7571092 8.672466e-01           0.8964197 8.986579e-01
5            IDR 0.6325988 1.664905e-06         * 0.6968859 5.559003e-07
6        grp:IDR 0.6325988 3.272919e-02         * 0.6968859 2.814144e-02
9          S:IDR 0.5320613 4.887455e-01           0.7303697 5.225938e-01
10     grp:S:IDR 0.5320613 3.743393e-01           0.7303697 3.862457e-01
11         S:IDL 0.6288047 5.667766e-02           0.6910371 5.112071e-02
12     grp:S:IDL 0.6288047 2.886814e-01           0.6910371 2.904188e-01
13       IDR:IDL 0.9930678 1.122267e-01           1.3198851 1.117423e-01
14   grp:IDR:IDL 0.9930678 3.504283e-01           1.3198851 3.506495e-01
15     S:IDR:IDL 0.7084059 1.031324e-01           1.1372870 7.621076e-02
16 grp:S:IDR:IDL 0.7084059 7.622974e-01           1.1372870 8.260626e-01
   p[HF]<.05
3          *
4           
5          *
6          *
9           
10          
11          
12          
13          
14          
15          
16          

