[1] "IDef ~(S*ID*grp)+Error(pp/(S*ID))+grp"
$ANOVA
    Effect DFn DFd            F            p p<.05          ges
2      grp   1   8    0.2749143 6.142672e-01       0.0172203062
3        S   2  16    3.3649846 6.027942e-02       0.0908274115
5       ID   1   8 1063.9503186 8.507853e-10     * 0.9472538938
4    grp:S   2  16    3.2088821 6.733200e-02       0.0869803974
6   grp:ID   1   8    0.2998884 5.988939e-01       0.0050364151
7     S:ID   2  16    1.6652463 2.203010e-01       0.0238876616
8 grp:S:ID   2  16    0.0473012 9.539329e-01       0.0006946494

$`Mauchly's Test for Sphericity`
    Effect         W         p p<.05
3        S 0.7302928 0.3328431      
4    grp:S 0.7302928 0.3328431      
7     S:ID 0.7725388 0.4052481      
8 grp:S:ID 0.7725388 0.4052481      

$`Sphericity Corrections`
    Effect       GGe      p[GG] p[GG]<.05       HFe      p[HF] p[HF]<.05
3        S 0.7875832 0.07603419           0.9476118 0.06382277          
4    grp:S 0.7875832 0.08337283           0.9476118 0.07096872          
7     S:ID 0.8146897 0.22671394           0.9939702 0.22052281          
8 grp:S:ID 0.8146897 0.92695511           0.9939702 0.95324636          

