[1] "Summary by group"
  grp   flsPC.m    flsPC.s
1   C 0.9867776 0.02098499
2   U 0.8849342 0.19455265
[1] "Summary by session\n"
  S   flsPC.m    flsPC.s
1 1 0.9653940 0.09614735
2 2 0.9352145 0.15483236
3 3 0.9069592 0.17444565
[1] "Summary by IDR+IDR\n"
  IDL IDR   flsPC.m     flsPC.s
1   D   D 0.9901264 0.013248628
2   D   M 0.9298382 0.117238526
3   D   E 0.8831414 0.182554069
4   E   D 0.8576476 0.242416444
5   E   M 0.9591640 0.096175618
6   E   E 0.9952178 0.009040444
[1] "Summary by group + Session\n"
  grp S   flsPC.m    flsPC.s
1   C 1 0.9871369 0.01672522
2   C 2 0.9873078 0.01708627
3   C 3 0.9858881 0.02753391
4   U 1 0.9436511 0.13174457
5   U 2 0.8831212 0.20599791
6   U 3 0.8280303 0.21873921
[1] "Summary by Session + IDR + IDL \n"
   S IDL IDR   flsPC.m     flsPC.s
1  1   D   D 0.9928480 0.008164929
2  1   D   M 0.9572140 0.103760542
3  1   D   E 0.9205890 0.158217903
4  1   E   D 0.9497743 0.110341107
5  1   E   M 0.9774237 0.068524140
6  1   E   E 0.9945150 0.010870982
7  2   D   D 0.9891770 0.015060595
8  2   D   M 0.9298317 0.120247594
9  2   D   E 0.8897420 0.184776290
10 2   E   D 0.8331941 0.271687299
11 2   E   M 0.9747763 0.063294579
12 2   E   E 0.9945660 0.010546335
13 3   D   D 0.9883543 0.015275884
14 3   D   M 0.9024690 0.124123421
15 3   D   E 0.8390933 0.198993066
16 3   E   D 0.7899743 0.283239599
17 3   E   M 0.9252920 0.133796350
18 3   E   E 0.9965723 0.004309695
[1] "Summary by group + IDR + IDL\n"
   grp IDL IDR   flsPC.m     flsPC.s
1    C   D   D 0.9906684 0.011935143
2    C   D   M 0.9882407 0.013642534
3    C   D   E 0.9758802 0.032192515
4    C   E   D 0.9815524 0.019610089
5    C   E   M 0.9895429 0.024754672
6    C   E   E 0.9947809 0.009466287
7    U   D   D 0.9895844 0.014559979
8    U   D   M 0.8714358 0.143663771
9    U   D   E 0.7904027 0.220864515
10   U   E   D 0.7337427 0.295092909
11   U   E   M 0.9287851 0.127315450
12   U   E   E 0.9956547 0.008678464
[1] "Summary by group + Session + IDR + IDL\n"
   grp S IDL IDR   flsPC.m     flsPC.s
1    C 1   D   D 0.9920653 0.008295951
2    C 1   D   M 0.9885940 0.009845781
3    C 1   D   E 0.9724800 0.023183624
4    C 1   E   D 0.9797440 0.023121606
5    C 1   E   M 0.9935873 0.007681102
6    C 1   E   E 0.9963507 0.005374695
7    C 2   D   D 0.9899780 0.011597864
8    C 2   D   M 0.9932347 0.007274159
9    C 2   D   E 0.9775807 0.021508534
10   C 2   E   D 0.9807707 0.021819289
11   C 2   E   M 0.9907693 0.017330591
12   C 2   E   E 0.9915133 0.014325205
13   C 3   D   D 0.9899620 0.015531361
14   C 3   D   M 0.9828933 0.019431937
15   C 3   D   E 0.9775800 0.047312226
16   C 3   E   D 0.9841427 0.013658909
17   C 3   E   M 0.9842720 0.038957289
18   C 3   E   E 0.9964787 0.005510561
19   U 1   D   D 0.9936307 0.008243698
20   U 1   D   M 0.9258340 0.141755062
21   U 1   D   E 0.8686980 0.213415964
22   U 1   E   D 0.9198047 0.150866471
23   U 1   E   M 0.9612600 0.095434069
24   U 1   E   E 0.9926793 0.014446098
25   U 2   D   D 0.9883760 0.018274552
26   U 2   D   M 0.8664287 0.145892827
27   U 2   D   E 0.8019033 0.231791233
28   U 2   E   D 0.6856175 0.325200481
29   U 2   E   M 0.9587833 0.086314100
30   U 2   E   E 0.9976187 0.002283578
31   U 3   D   D 0.9867467 0.015382189
32   U 3   D   M 0.8220447 0.132950979
33   U 3   D   E 0.7006067 0.196696649
34   U 3   E   D 0.5958060 0.291898131
35   U 3   E   M 0.8663120 0.167659484
36   U 3   E   E 0.9966660 0.002844033
