[1] "rho ~(S*IDR*IDL*grp)+Error(pp/(S*IDR*IDL))+grp"
$ANOVA
          Effect DFn DFd          F           p p<.05          ges
2            grp   1   8 7.88493383 0.022913127     * 0.2356597224
3              S   2  16 3.24296618 0.065716233       0.0596467135
4          grp:S   2  16 3.26686246 0.064609437       0.0600598319
5            IDR   2  16 1.61561320 0.229564124       0.0091960780
6        grp:IDR   2  16 1.63382069 0.226116069       0.0092987514
7            IDL   1   8 1.31726154 0.284245293       0.0061996117
8        grp:IDL   1   8 1.33431439 0.281372803       0.0062793659
9          S:IDR   4  32 0.48380756 0.747435084       0.0044560572
10     grp:S:IDR   4  32 0.47495119 0.753764813       0.0043748434
11         S:IDL   2  16 0.04390776 0.957157135       0.0001883194
12     grp:S:IDL   2  16 0.04554066 0.955604140       0.0001953216
13       IDR:IDL   2  16 9.11456032 0.002279260     * 0.1706281808
14   grp:IDR:IDL   2  16 9.09062245 0.002304925     * 0.1702563507
15     S:IDR:IDL   4  32 2.31309557 0.078866923       0.0436767182
16 grp:S:IDR:IDL   4  32 2.30432105 0.079764200       0.0435182448

$`Mauchly's Test for Sphericity`
          Effect            W            p p<.05
3              S 0.5995374269 1.668618e-01      
4          grp:S 0.5995374269 1.668618e-01      
5            IDR 0.7764629711 4.124987e-01      
6        grp:IDR 0.7764629711 4.124987e-01      
9          S:IDR 0.0043908302 1.081670e-04     *
10     grp:S:IDR 0.0043908302 1.081670e-04     *
11         S:IDL 0.8726157440 6.206984e-01      
12     grp:S:IDL 0.8726157440 6.206984e-01      
13       IDR:IDL 0.2330671117 6.112002e-03     *
14   grp:IDR:IDL 0.2330671117 6.112002e-03     *
15     S:IDR:IDL 0.0002475689 6.732376e-08     *
16 grp:S:IDR:IDL 0.0002475689 6.732376e-08     *

$`Sphericity Corrections`
          Effect       GGe      p[GG] p[GG]<.05       HFe      p[HF] p[HF]<.05
3              S 0.7140498 0.08810230           0.8257045 0.07856667          
4          grp:S 0.7140498 0.08695158           0.8257045 0.07742282          
5            IDR 0.8173026 0.23505020           0.9984806 0.22961367          
6        grp:IDR 0.8173026 0.23191925           0.9984806 0.22616803          
9          S:IDR 0.5262330 0.63413102           0.7185832 0.68909275          
10     grp:S:IDR 0.5262330 0.63947743           0.7185832 0.69499886          
11         S:IDL 0.8870090 0.94288564           1.1216032 0.95715714          
12     grp:S:IDL 0.8870090 0.94105013           1.1216032 0.95560414          
13       IDR:IDL 0.5659525 0.01271139         * 0.5960273 0.01126491         *
14   grp:IDR:IDL 0.5659525 0.01279724         * 0.5960273 0.01134455         *
15     S:IDR:IDL 0.5004376 0.13104292           0.6675179 0.11042128          
16 grp:S:IDR:IDL 0.5004376 0.13193884           0.6675179 0.11134931          

