[1] "accQLrel ~S*IDR*IDL*grp + Error(pp/(S*IDR*IDL))"
$ANOVA
          Effect DFn DFd            F            p p<.05         ges
2            grp   1   8   0.03479983 8.566595e-01       0.001521275
3              S   2  16   2.83038575 8.862750e-02       0.071616204
5            IDR   2  16  39.39398555 6.590738e-07     * 0.204247794
7            IDL   1   8 207.57020407 5.265188e-07     * 0.827782453
4          grp:S   2  16   0.53207062 5.974263e-01       0.014294033
6        grp:IDR   2  16   1.29536389 3.010154e-01       0.008369342
8        grp:IDL   1   8   1.77812809 2.190972e-01       0.039546949
9          S:IDR   4  32   3.60751445 1.548032e-02     * 0.010689135
11         S:IDL   2  16  24.87452303 1.229828e-05     * 0.138236773
13       IDR:IDL   2  16  29.40282645 4.380105e-06     * 0.232965536
10     grp:S:IDR   4  32   1.44224805 2.428201e-01       0.004301003
12     grp:S:IDL   2  16   0.78515718 4.728502e-01       0.005037836
14   grp:IDR:IDL   2  16   1.41351600 2.720852e-01       0.014391070
15     S:IDR:IDL   4  32   2.77730868 4.353269e-02     * 0.012393039
16 grp:S:IDR:IDL   4  32   2.83643818 4.038824e-02     * 0.012653551

$`Mauchly's Test for Sphericity`
          Effect         W           p p<.05
3              S 0.5362386 0.112915430      
4          grp:S 0.5362386 0.112915430      
5            IDR 0.6988756 0.285364246      
6        grp:IDR 0.6988756 0.285364246      
9          S:IDR 0.5832843 0.946073000      
10     grp:S:IDR 0.5832843 0.946073000      
11         S:IDL 0.6744851 0.252001600      
12     grp:S:IDL 0.6744851 0.252001600      
13       IDR:IDL 0.2309763 0.005922241     *
14   grp:IDR:IDL 0.2309763 0.005922241     *
15     S:IDR:IDL 0.3594163 0.695001424      
16 grp:S:IDR:IDL 0.3594163 0.695001424      

$`Sphericity Corrections`
          Effect       GGe        p[GG] p[GG]<.05       HFe        p[HF]
3              S 0.6831715 1.138986e-01           0.7761244 1.058638e-01
4          grp:S 0.6831715 5.357616e-01           0.7761244 5.562275e-01
5            IDR 0.7685660 9.926454e-06         * 0.9155524 1.768933e-06
6        grp:IDR 0.7685660 2.984715e-01           0.9155524 3.005048e-01
9          S:IDR 0.8151845 2.387058e-02         * 1.4425580 1.548032e-02
10     grp:S:IDR 0.8151845 2.520659e-01           1.4425580 2.428201e-01
11         S:IDL 0.7544238 1.086998e-04         * 0.8919548 3.199469e-05
12     grp:S:IDL 0.7544238 4.440779e-01           0.8919548 4.612136e-01
13       IDR:IDL 0.5652836 3.263607e-04         * 0.5950349 2.422511e-04
14   grp:IDR:IDL 0.5652836 2.708068e-01           0.5950349 2.715479e-01
15     S:IDR:IDL 0.7360305 6.440954e-02           1.2113176 4.353269e-02
16 grp:S:IDR:IDL 0.7360305 6.073266e-02           1.2113176 4.038824e-02
   p[HF]<.05
3           
4           
5          *
6           
9          *
10          
11         *
12          
13         *
14          
15         *
16         *

