Post-hoc Tukey comparisons[1] "grp Tukey test"

	Pairwise comparisons using paired t tests 

data:  mdata$accQLrel and mdata$grp 

  C   
U 0.42

P value adjustment method: bonferroni 
[1] "S Tukey test"

	Pairwise comparisons using paired t tests 

data:  mdata$accQLrel and mdata$S 

  1       2
2 1.6e-07 -
3 3.6e-06 1

P value adjustment method: bonferroni 
[1] "IDR Tukey test"

	Pairwise comparisons using paired t tests 

data:  mdata$accQLrel and mdata$IDR 

  D       M      
M 2.7e-14 -      
E < 2e-16 7.1e-10

P value adjustment method: bonferroni 
[1] "IDL Tukey test"
