            Estimate MCMCmean HPD95lower HPD95upper pMCMC Pr(>|t|)
(Intercept)   0.7871   0.7873     0.7732     0.8016 0.001   0.0000
grp1          0.0067   0.0065    -0.0067     0.0206 0.320   0.2303
S1           -0.0242  -0.0242    -0.0342    -0.0135 0.001   0.0005
S2            0.0045   0.0043    -0.0065     0.0150 0.426   0.5089
ID1          -0.0683  -0.0685    -0.0829    -0.0553 0.001   0.0000
ID2           0.0335   0.0337     0.0206     0.0467 0.001   0.0000
grp1:S1      -0.0069  -0.0070    -0.0178     0.0034 0.192   0.3147
grp1:S2       0.0036   0.0037    -0.0077     0.0139 0.456   0.5999
grp1:ID1      0.0025   0.0026    -0.0119     0.0160 0.716   0.7487
grp1:ID2     -0.0062  -0.0062    -0.0218     0.0078 0.380   0.4307
S1:ID1        0.0036   0.0036    -0.0090     0.0171 0.634   0.7060
S2:ID1       -0.0099  -0.0099    -0.0234     0.0028 0.152   0.3068
S1:ID2       -0.0122  -0.0124    -0.0265     0.0005 0.066   0.2058
S2:ID2        0.0032   0.0034    -0.0087     0.0176 0.632   0.7398
grp1:S1:ID1  -0.0001  -0.0001    -0.0136     0.0127 0.996   0.9897
grp1:S2:ID1  -0.0092  -0.0094    -0.0220     0.0055 0.182   0.3414
grp1:S1:ID2   0.0039   0.0038    -0.0100     0.0174 0.566   0.6889
grp1:S2:ID2  -0.0006  -0.0005    -0.0127     0.0145 0.964   0.9495
Analysis of Variance Table
         Df   Sum Sq  Mean Sq F value
grp       1 0.002392 0.002392  1.4455
S         2 0.023663 0.011831  7.1497
ID        2 0.125320 0.062660 37.8655
grp:S     2 0.001681 0.000840  0.5078
grp:ID    2 0.001043 0.000521  0.3150
S:ID      4 0.005870 0.001467  0.8868
grp:S:ID  4 0.002722 0.000680  0.4112
Linear mixed model fit by REML 
Formula: q4 ~ (1 | pp) + (1 | pp/S) + (1 | pp/ID) + (1 | pp/S:ID) + grp *      S * ID 
   Data: mdata 
    AIC    BIC logLik deviance REMLdev
 -656.4 -562.8  354.2   -853.1  -708.4
Random effects:
 Groups   Name        Variance   Std.Dev.  
 S:ID:pp  (Intercept) 1.5402e-03 3.9245e-02
 ID:pp    (Intercept) 2.2722e-04 1.5074e-02
 S:pp     (Intercept) 1.8806e-12 1.3714e-06
 pp       (Intercept) 3.5079e-23 5.9228e-12
 pp       (Intercept) 0.0000e+00 0.0000e+00
 pp       (Intercept) 3.6141e-21 6.0118e-11
 pp       (Intercept) 3.5716e-24 1.8899e-12
 Residual             1.6548e-03 4.0679e-02
Number of obs: 270, groups: S:ID:pp, 90; ID:pp, 30; S:pp, 30; pp, 10

Fixed effects:
              Estimate Std. Error t value
(Intercept)  0.7870840  0.0055510  141.79
grp1         0.0066749  0.0055510    1.20
S1          -0.0242379  0.0068179   -3.56
S2           0.0045099  0.0068179    0.66
ID1         -0.0683228  0.0078504   -8.70
ID2          0.0335077  0.0078504    4.27
grp1:S1     -0.0068690  0.0068179   -1.01
grp1:S2      0.0035808  0.0068179    0.53
grp1:ID1     0.0025173  0.0078504    0.32
grp1:ID2    -0.0061962  0.0078504   -0.79
S1:ID1       0.0036414  0.0096420    0.38
S2:ID1      -0.0098744  0.0096420   -1.02
S1:ID2      -0.0122302  0.0096420   -1.27
S2:ID2       0.0032054  0.0096420    0.33
grp1:S1:ID1 -0.0001245  0.0096420   -0.01
grp1:S2:ID1 -0.0091916  0.0096420   -0.95
grp1:S1:ID2  0.0038640  0.0096420    0.40
grp1:S2:ID2 -0.0006111  0.0096420   -0.06

Correlation of Fixed Effects:
            (Intr) grp1   S1     S2     ID1    ID2    gr1:S1 gr1:S2 g1:ID1
grp1         0.000                                                        
S1           0.000  0.000                                                 
S2           0.000  0.000 -0.500                                          
ID1          0.000  0.000  0.000  0.000                                   
ID2          0.000  0.000  0.000  0.000 -0.500                            
grp1:S1      0.000  0.000  0.000  0.000  0.000  0.000                     
grp1:S2      0.000  0.000  0.000  0.000  0.000  0.000 -0.500              
grp1:ID1     0.000  0.000  0.000  0.000  0.000  0.000  0.000  0.000       
grp1:ID2     0.000  0.000  0.000  0.000  0.000  0.000  0.000  0.000 -0.500
S1:ID1       0.000  0.000  0.000  0.000  0.000  0.000  0.000  0.000  0.000
S2:ID1       0.000  0.000  0.000  0.000  0.000  0.000  0.000  0.000  0.000
S1:ID2       0.000  0.000  0.000  0.000  0.000  0.000  0.000  0.000  0.000
S2:ID2       0.000  0.000  0.000  0.000  0.000  0.000  0.000  0.000  0.000
grp1:S1:ID1  0.000  0.000  0.000  0.000  0.000  0.000  0.000  0.000  0.000
grp1:S2:ID1  0.000  0.000  0.000  0.000  0.000  0.000  0.000  0.000  0.000
grp1:S1:ID2  0.000  0.000  0.000  0.000  0.000  0.000  0.000  0.000  0.000
grp1:S2:ID2  0.000  0.000  0.000  0.000  0.000  0.000  0.000  0.000  0.000
            g1:ID2 S1:ID1 S2:ID1 S1:ID2 S2:ID2 g1:S1:ID1 g1:S2:ID1 g1:S1:ID2
grp1                                                                        
S1                                                                          
S2                                                                          
ID1                                                                         
ID2                                                                         
grp1:S1                                                                     
grp1:S2                                                                     
grp1:ID1                                                                    
grp1:ID2                                                                    
S1:ID1       0.000                                                          
S2:ID1       0.000 -0.500                                                   
S1:ID2       0.000 -0.500  0.250                                            
S2:ID2       0.000  0.250 -0.500 -0.500                                     
grp1:S1:ID1  0.000  0.000  0.000  0.000  0.000                              
grp1:S2:ID1  0.000  0.000  0.000  0.000  0.000 -0.500                       
grp1:S1:ID2  0.000  0.000  0.000  0.000  0.000 -0.500     0.250             
grp1:S2:ID2  0.000  0.000  0.000  0.000  0.000  0.250    -0.500    -0.500   
Linear mixed model fit by REML 
Formula: q4 ~ (1 | pp) + (1 | pp/S) + (1 | pp/ID) + (1 | pp/S:ID) + grp *      S * ID 
   Data: mdata 
    AIC    BIC logLik deviance REMLdev
 -656.4 -562.8  354.2   -853.1  -708.4
Random effects:
 Groups   Name        Variance   Std.Dev.  
 S:ID:pp  (Intercept) 1.5402e-03 3.9245e-02
 ID:pp    (Intercept) 2.2722e-04 1.5074e-02
 S:pp     (Intercept) 1.8806e-12 1.3714e-06
 pp       (Intercept) 3.5079e-23 5.9228e-12
 pp       (Intercept) 0.0000e+00 0.0000e+00
 pp       (Intercept) 3.6141e-21 6.0118e-11
 pp       (Intercept) 3.5716e-24 1.8899e-12
 Residual             1.6548e-03 4.0679e-02
Number of obs: 270, groups: S:ID:pp, 90; ID:pp, 30; S:pp, 30; pp, 10

Fixed effects:
              Estimate Std. Error t value
(Intercept)  0.7870840  0.0055510  141.79
grp1         0.0066749  0.0055510    1.20
S1          -0.0242379  0.0068179   -3.56
S2           0.0045099  0.0068179    0.66
ID1         -0.0683228  0.0078504   -8.70
ID2          0.0335077  0.0078504    4.27
grp1:S1     -0.0068690  0.0068179   -1.01
grp1:S2      0.0035808  0.0068179    0.53
grp1:ID1     0.0025173  0.0078504    0.32
grp1:ID2    -0.0061962  0.0078504   -0.79
S1:ID1       0.0036414  0.0096420    0.38
S2:ID1      -0.0098744  0.0096420   -1.02
S1:ID2      -0.0122302  0.0096420   -1.27
S2:ID2       0.0032054  0.0096420    0.33
grp1:S1:ID1 -0.0001245  0.0096420   -0.01
grp1:S2:ID1 -0.0091916  0.0096420   -0.95
grp1:S1:ID2  0.0038640  0.0096420    0.40
grp1:S2:ID2 -0.0006111  0.0096420   -0.06

Correlation of Fixed Effects:
            (Intr) grp1   S1     S2     ID1    ID2    gr1:S1 gr1:S2 g1:ID1
grp1         0.000                                                        
S1           0.000  0.000                                                 
S2           0.000  0.000 -0.500                                          
ID1          0.000  0.000  0.000  0.000                                   
ID2          0.000  0.000  0.000  0.000 -0.500                            
grp1:S1      0.000  0.000  0.000  0.000  0.000  0.000                     
grp1:S2      0.000  0.000  0.000  0.000  0.000  0.000 -0.500              
grp1:ID1     0.000  0.000  0.000  0.000  0.000  0.000  0.000  0.000       
grp1:ID2     0.000  0.000  0.000  0.000  0.000  0.000  0.000  0.000 -0.500
S1:ID1       0.000  0.000  0.000  0.000  0.000  0.000  0.000  0.000  0.000
S2:ID1       0.000  0.000  0.000  0.000  0.000  0.000  0.000  0.000  0.000
S1:ID2       0.000  0.000  0.000  0.000  0.000  0.000  0.000  0.000  0.000
S2:ID2       0.000  0.000  0.000  0.000  0.000  0.000  0.000  0.000  0.000
grp1:S1:ID1  0.000  0.000  0.000  0.000  0.000  0.000  0.000  0.000  0.000
grp1:S2:ID1  0.000  0.000  0.000  0.000  0.000  0.000  0.000  0.000  0.000
grp1:S1:ID2  0.000  0.000  0.000  0.000  0.000  0.000  0.000  0.000  0.000
grp1:S2:ID2  0.000  0.000  0.000  0.000  0.000  0.000  0.000  0.000  0.000
            g1:ID2 S1:ID1 S2:ID1 S1:ID2 S2:ID2 g1:S1:ID1 g1:S2:ID1 g1:S1:ID2
grp1                                                                        
S1                                                                          
S2                                                                          
ID1                                                                         
ID2                                                                         
grp1:S1                                                                     
grp1:S2                                                                     
grp1:ID1                                                                    
grp1:ID2                                                                    
S1:ID1       0.000                                                          
S2:ID1       0.000 -0.500                                                   
S1:ID2       0.000 -0.500  0.250                                            
S2:ID2       0.000  0.250 -0.500 -0.500                                     
grp1:S1:ID1  0.000  0.000  0.000  0.000  0.000                              
grp1:S2:ID1  0.000  0.000  0.000  0.000  0.000 -0.500                       
grp1:S1:ID2  0.000  0.000  0.000  0.000  0.000 -0.500     0.250             
grp1:S2:ID2  0.000  0.000  0.000  0.000  0.000  0.250    -0.500    -0.500   
