[1] "Summary by group"
  grp   accQR.m    accQR.s
1   C 0.3514721 0.04110971
2   U 0.3725302 0.07075121
[1] "Summary by session\n"
  S   accQR.m    accQR.s
1 1 0.3437687 0.04349738
2 2 0.3671166 0.05731121
3 3 0.3751182 0.06858821
[1] "Summary by DID\n"
  DID   accQR.m    accQR.s
1   1 0.3509874 0.03451260
2   2 0.3568950 0.05215098
3   3 0.3781210 0.07806988
[1] "Summary by group + Session\n"
  grp S   accQR.m    accQR.s
1   C 1 0.3374153 0.02266587
2   C 2 0.3506300 0.04210608
3   C 3 0.3663709 0.04929860
4   U 1 0.3501220 0.05683959
5   U 2 0.3836031 0.06568797
6   U 3 0.3838656 0.08323905
[1] "Summary by Session + DID\n"
  S DID   accQR.m    accQR.s
1 1   1 0.3452433 0.02450184
2 1   2 0.3375157 0.03861167
3 1   3 0.3485470 0.06040721
4 2   1 0.3545567 0.03320783
5 2   2 0.3636327 0.04746365
6 2   3 0.3831603 0.07926326
7 3   1 0.3531623 0.04359127
8 3   2 0.3695367 0.06326365
9 3   3 0.4026557 0.08496825
[1] "Summary by group + DID\n"
  grp DID   accQR.m    accQR.s
1   C   1 0.3544353 0.02787008
2   C   2 0.3503529 0.03864089
3   C   3 0.3496280 0.05350929
4   U   1 0.3475396 0.04010301
5   U   2 0.3634371 0.06261469
6   U   3 0.4066140 0.08834300
[1] "Summary by group + Session + DID\n"
   grp S DID   accQR.m    accQR.s
1    C 1   1 0.3419533 0.02120091
2    C 1   2 0.3395013 0.02581018
3    C 1   3 0.3307913 0.02062122
4    C 2   1 0.3537313 0.02749430
5    C 2   2 0.3521593 0.03988279
6    C 2   3 0.3459993 0.05647726
7    C 3   1 0.3676213 0.02969887
8    C 3   2 0.3593980 0.04710132
9    C 3   3 0.3720933 0.06669961
10   U 1   1 0.3485333 0.02776489
11   U 1   2 0.3355300 0.04912838
12   U 1   3 0.3663027 0.08036111
13   U 2   1 0.3553820 0.03907547
14   U 2   2 0.3751060 0.05285635
15   U 2   3 0.4203213 0.08285682
16   U 3   1 0.3387033 0.05105010
17   U 3   2 0.3796753 0.07649609
18   U 3   3 0.4332180 0.09221988
