[1] "q2Lrel ~(S*IDR*IDL*grp)+Error(pp/(S*IDR*IDL))+grp"
$ANOVA
          Effect DFn DFd          F            p p<.05         ges
2            grp   1   8  1.3160321 0.2844540262       0.015438194
3              S   2  16  1.2345435 0.3172462052       0.028656872
4          grp:S   2  16  1.2764654 0.3059564876       0.029601179
5            IDR   2  16 11.2211739 0.0009004936     * 0.116131221
6        grp:IDR   2  16  0.6465864 0.5369853356       0.007514045
7            IDL   1   8 34.7515507 0.0003637721     * 0.275469789
8        grp:IDL   1   8  0.4508556 0.5208421579       0.004908444
9          S:IDR   4  32  0.1219757 0.9735881272       0.002491020
10     grp:S:IDR   4  32  0.3535536 0.8396130931       0.007186377
11         S:IDL   2  16  0.5574982 0.5833717307       0.014658634
12     grp:S:IDL   2  16  0.6133202 0.5538028357       0.016102760
13       IDR:IDL   2  16  3.7729922 0.0454595420     * 0.027063847
14   grp:IDR:IDL   2  16  2.8888445 0.0848917589       0.020854072
15     S:IDR:IDL   4  32  0.3318504 0.8544677425       0.003968881
16 grp:S:IDR:IDL   4  32  0.4919827 0.7415949078       0.005872792

$`Mauchly's Test for Sphericity`
          Effect         W         p p<.05
3              S 0.9963543 0.9872980      
4          grp:S 0.9963543 0.9872980      
5            IDR 0.8544134 0.5765517      
6        grp:IDR 0.8544134 0.5765517      
9          S:IDR 0.5722630 0.9398293      
10     grp:S:IDR 0.5722630 0.9398293      
11         S:IDL 0.9862337 0.9526414      
12     grp:S:IDL 0.9862337 0.9526414      
13       IDR:IDL 0.5623758 0.1333807      
14   grp:IDR:IDL 0.5623758 0.1333807      
15     S:IDR:IDL 0.3576614 0.6918496      
16 grp:S:IDR:IDL 0.3576614 0.6918496      

$`Sphericity Corrections`
          Effect       GGe       p[GG] p[GG]<.05       HFe        p[HF]
3              S 0.9963675 0.317199454           1.3262787 0.3172462052
4          grp:S 0.9963675 0.305932479           1.3262787 0.3059564876
5            IDR 0.8729153 0.001651903         * 1.0962666 0.0009004936
6        grp:IDR 0.8729153 0.518619808           1.0962666 0.5369853356
9          S:IDR 0.7891148 0.952005727           1.3630594 0.9735881272
10     grp:S:IDR 0.7891148 0.796561254           1.3630594 0.8396130931
11         S:IDL 0.9864207 0.581216010           1.3070480 0.5833717307
12     grp:S:IDL 0.9864207 0.551835735           1.3070480 0.5538028357
13       IDR:IDL 0.6955921 0.067968577           0.7959563 0.0594988110
14   grp:IDR:IDL 0.6955921 0.109134929           0.7959563 0.1004924021
15     S:IDR:IDL 0.6668729 0.779806502           1.0317577 0.8544677425
16 grp:S:IDR:IDL 0.6668729 0.670577443           1.0317577 0.7415949078
   p[HF]<.05
3           
4           
5          *
6           
9           
10          
11          
12          
13          
14          
15          
16          

