[1] "d3D ~(S*DID*grp)+Error(pp/(S*DID))+grp"
$ANOVA
     Effect DFn DFd         F            p p<.05        ges
2       grp   1   8  7.410915 2.615549e-02     * 0.35619484
3         S   2  16 10.747894 1.099259e-03     * 0.15918638
5       DID   2  16 48.492624 1.617283e-07     * 0.32433918
4     grp:S   2  16  5.406585 1.607587e-02     * 0.08695564
6   grp:DID   2  16 18.410139 7.088500e-05     * 0.15415057
7     S:DID   4  32  3.351121 2.120742e-02     * 0.07107032
8 grp:S:DID   4  32  3.131418 2.786603e-02     * 0.06672176

$`Mauchly's Test for Sphericity`
     Effect          W          p p<.05
3         S 0.85004620 0.56630300      
4     grp:S 0.85004620 0.56630300      
5       DID 0.65996042 0.23351384      
6   grp:DID 0.65996042 0.23351384      
7     S:DID 0.04797116 0.02554035     *
8 grp:S:DID 0.04797116 0.02554035     *

$`Sphericity Corrections`
     Effect       GGe        p[GG] p[GG]<.05       HFe        p[HF] p[HF]<.05
3         S 0.8696002 2.000061e-03         * 1.0903402 1.099259e-03         *
4     grp:S 0.8696002 2.137475e-02         * 1.0903402 1.607587e-02         *
5       DID 0.7462466 4.493677e-06         * 0.8784039 7.929744e-07         *
6   grp:DID 0.7462466 4.395496e-04         * 0.8784039 1.694847e-04         *
7     S:DID 0.5661757 5.277632e-02           0.8012803 3.204139e-02         *
8 grp:S:DID 0.5661757 6.269784e-02           0.8012803 4.022434e-02         *

