[1] "Summary by group"
  grp    accQ.m     accQ.s
1   C 0.4230414 0.07863215
2   U 0.4068569 0.08720450
[1] "Summary by session\n"
  S    accQ.m     accQ.s
1 1 0.4108652 0.07532045
2 2 0.4147282 0.09079826
3 3 0.4192542 0.08393292
[1] "Summary by ID\n"
  ID    accQ.m     accQ.s
1  D 0.3410670 0.04143877
2  E 0.4888313 0.03410420
[1] "Summary by group + Session\n"
  grp S    accQ.m     accQ.s
1   C 1 0.4134570 0.06688571
2   C 2 0.4222777 0.08768950
3   C 3 0.4333897 0.08127670
4   U 1 0.4082733 0.08399030
5   U 2 0.4071787 0.09468668
6   U 3 0.4051187 0.08551658
[1] "Summary by Session + ID\n"
  S ID    accQ.m     accQ.s
1 1  D 0.3464207 0.03709313
2 1  E 0.4753097 0.03966687
3 2  D 0.3306563 0.03894879
4 2  E 0.4988000 0.02514613
5 3  D 0.3461240 0.04699794
6 3  E 0.4923843 0.03253790
[1] "Summary by group + ID\n"
  grp ID    accQ.m     accQ.s
1   C  D 0.3556953 0.04416527
2   C  E 0.4903876 0.03576067
3   U  D 0.3264387 0.03294078
4   U  E 0.4872751 0.03269324
[1] "Summary by group + Session + ID\n"
   grp S ID    accQ.m     accQ.s
1    C 1  D 0.3587553 0.02634331
2    C 1  E 0.4681587 0.04648618
3    C 2  D 0.3433573 0.04578477
4    C 2  E 0.5011980 0.02202917
5    C 3  D 0.3649733 0.05545078
6    C 3  E 0.5018060 0.02405394
7    U 1  D 0.3340860 0.04277950
8    U 1  E 0.4824607 0.03144466
9    U 2  D 0.3179553 0.02646608
10   U 2  E 0.4964020 0.02849939
11   U 3  D 0.3272747 0.02718906
12   U 3  E 0.4829627 0.03773916
