Post-hoc Tukey comparisons[1] "grp Tukey test"

	Pairwise comparisons using paired t tests 

data:  mdata$q1L and mdata$grp 

  C    
U 0.012

P value adjustment method: bonferroni 
[1] "S Tukey test"

	Pairwise comparisons using paired t tests 

data:  mdata$q1L and mdata$S 

  1    2   
2 0.36 -   
3 0.12 1.00

P value adjustment method: bonferroni 
[1] "IDR Tukey test"

	Pairwise comparisons using paired t tests 

data:  mdata$q1L and mdata$IDR 

  D M
M 1 -
E 1 1

P value adjustment method: bonferroni 
[1] "IDL Tukey test"
