[1] "peakVelR ~(S*DID*grp)+Error(pp/(S*DID))+grp"
$ANOVA
     Effect DFn DFd          F            p p<.05         ges
2       grp   1   8  1.9065838 2.046888e-01       0.080334846
3         S   2  16 15.9331808 1.558535e-04     * 0.187667035
5       DID   2  16 31.2534297 2.976453e-06     * 0.591139922
4     grp:S   2  16  0.5416728 5.920746e-01       0.007792753
6   grp:DID   2  16  0.5138679 6.077215e-01       0.023220207
7     S:DID   4  32 10.8431050 1.137368e-05     * 0.166502648
8 grp:S:DID   4  32  0.5775387 6.809840e-01       0.010528047

$`Mauchly's Test for Sphericity`
     Effect          W            p p<.05
3         S 0.58924421 0.1570484392      
4     grp:S 0.58924421 0.1570484392      
5       DID 0.11812171 0.0005664401     *
6   grp:DID 0.11812171 0.0005664401     *
7     S:DID 0.02244484 0.0049254996     *
8 grp:S:DID 0.02244484 0.0049254996     *

$`Sphericity Corrections`
     Effect       GGe        p[GG] p[GG]<.05       HFe        p[HF] p[HF]<.05
3         S 0.7088399 0.0010183874         * 0.8172740 0.0005045234         *
4     grp:S 0.7088399 0.5371024720           0.8172740 0.5596845102          
5       DID 0.5313840 0.0003717967         * 0.5452399 0.0003217962         *
6   grp:DID 0.5313840 0.5036096099           0.5452399 0.5077476858          
7     S:DID 0.4118852 0.0023885038         * 0.5048387 0.0010095368         *
8 grp:S:DID 0.4118852 0.5431215616           0.5048387 0.5740288526          

