[1] "MT ~(S*ID*grp)+Error(pp/(S*ID))+grp"
$ANOVA
    Effect DFn DFd           F            p p<.05         ges
2      grp   1   8   0.0323117 8.618149e-01       0.002656434
3        S   2  16  10.9578249 1.005569e-03     * 0.188397141
4    grp:S   2  16   0.6636963 5.285598e-01       0.013864756
5       ID   2  16 294.2078369 2.411427e-13     * 0.809631927
6   grp:ID   2  16   1.0704361 3.661799e-01       0.015238115
7     S:ID   4  32   1.2295172 3.179229e-01       0.008446947
8 grp:S:ID   4  32   0.4617178 7.632241e-01       0.003188884

$`Mauchly's Test for Sphericity`
    Effect         W          p p<.05
3        S 0.5137734 0.09720768      
4    grp:S 0.5137734 0.09720768      
5       ID 0.6377393 0.20713387      
6   grp:ID 0.6377393 0.20713387      
7     S:ID 0.1976777 0.33532896      
8 grp:S:ID 0.1976777 0.33532896      

$`Sphericity Corrections`
    Effect       GGe        p[GG] p[GG]<.05       HFe        p[HF] p[HF]<.05
3        S 0.6728449 4.679397e-03         * 0.7597488 3.100817e-03         *
4    grp:S 0.6728449 4.769708e-01           0.7597488 4.926973e-01          
5       ID 0.7340739 2.708922e-10         * 0.8583576 1.012511e-11         *
6   grp:ID 0.7340739 3.522210e-01           0.8583576 3.596344e-01          
7     S:ID 0.5835846 3.202285e-01           0.8387831 3.200313e-01          
8 grp:S:ID 0.5835846 6.662384e-01           0.8387831 7.317866e-01          

