            Estimate MCMCmean HPD95lower HPD95upper pMCMC Pr(>|t|)
(Intercept)   0.6739   0.6734     0.6111     0.7369 0.001   0.0000
grp1         -0.0075  -0.0071    -0.0679     0.0477 0.788   0.8575
S1            0.0949   0.0951     0.0663     0.1218 0.001   0.0000
S2           -0.0223  -0.0221    -0.0526     0.0067 0.148   0.2949
ID1           0.3971   0.3970     0.3679     0.4226 0.001   0.0000
ID2          -0.0676  -0.0673    -0.0965    -0.0425 0.001   0.0001
grp1:S1       0.0241   0.0239    -0.0058     0.0522 0.106   0.2566
grp1:S2      -0.0155  -0.0146    -0.0460     0.0128 0.300   0.4661
grp1:ID1     -0.0214  -0.0213    -0.0487     0.0083 0.124   0.2237
grp1:ID2     -0.0016  -0.0017    -0.0275     0.0247 0.870   0.9284
S1:ID1       -0.0095  -0.0099    -0.0316     0.0114 0.366   0.4321
S2:ID1        0.0134   0.0135    -0.0073     0.0352 0.218   0.2713
S1:ID2        0.0173   0.0174    -0.0051     0.0396 0.124   0.1551
S2:ID2        0.0006   0.0004    -0.0216     0.0215 0.974   0.9626
grp1:S1:ID1   0.0139   0.0138    -0.0079     0.0347 0.216   0.2525
grp1:S2:ID1  -0.0144  -0.0148    -0.0345     0.0073 0.162   0.2365
grp1:S1:ID2  -0.0057  -0.0056    -0.0280     0.0143 0.594   0.6360
grp1:S2:ID2   0.0054   0.0054    -0.0167     0.0243 0.590   0.6553
Analysis of Variance Table
         Df Sum Sq Mean Sq  F value
grp       1 0.0002 0.00019   0.0320
S         2 0.1311 0.06553  10.9578
ID        2 3.5188 1.75942 294.2077
grp:S     2 0.0079 0.00397   0.6637
grp:ID    2 0.0128 0.00640   1.0704
S:ID      4 0.0294 0.00735   1.2295
grp:S:ID  4 0.0110 0.00276   0.4617
Linear mixed model fit by REML 
Formula: MT ~ (1 | pp) + (1 | pp/S) + (1 | pp/ID) + (1 | pp/S:ID) + grp *      S * ID 
   Data: mdata 
    AIC    BIC logLik deviance REMLdev
 -316.1 -222.6  184.1   -485.6  -368.1
Random effects:
 Groups   Name        Variance  Std.Dev.
 S:ID:pp  (Intercept) 0.0013152 0.036265
 ID:pp    (Intercept) 0.0034991 0.059153
 S:pp     (Intercept) 0.0056410 0.075107
 pp       (Intercept) 0.0035200 0.059330
 pp       (Intercept) 0.0035201 0.059331
 pp       (Intercept) 0.0035200 0.059330
 pp       (Intercept) 0.0035202 0.059331
 Residual             0.0059802 0.077332
Number of obs: 270, groups: S:ID:pp, 90; ID:pp, 30; S:pp, 30; pp, 10

Fixed effects:
              Estimate Std. Error t value
(Intercept)  0.6739185  0.0418240  16.113
grp1        -0.0075185  0.0418240  -0.180
S1           0.0949037  0.0212035   4.476
S2          -0.0222574  0.0212035  -1.050
ID1          0.3970870  0.0175156  22.670
ID2         -0.0676463  0.0175156  -3.862
grp1:S1      0.0241074  0.0212035   1.137
grp1:S2     -0.0154759  0.0212035  -0.730
grp1:ID1    -0.0213648  0.0175156  -1.220
grp1:ID2    -0.0015759  0.0175156  -0.090
S1:ID1      -0.0095426  0.0121263  -0.787
S2:ID1       0.0133685  0.0121263   1.102
S1:ID2       0.0172907  0.0121263   1.426
S2:ID2       0.0005685  0.0121263   0.047
grp1:S1:ID1  0.0139093  0.0121263   1.147
grp1:S2:ID1 -0.0143907  0.0121263  -1.187
grp1:S1:ID2 -0.0057463  0.0121263  -0.474
grp1:S2:ID2  0.0054204  0.0121263   0.447

Correlation of Fixed Effects:
            (Intr) grp1   S1     S2     ID1    ID2    gr1:S1 gr1:S2 g1:ID1
grp1         0.000                                                        
S1           0.000  0.000                                                 
S2           0.000  0.000 -0.500                                          
ID1          0.000  0.000  0.000  0.000                                   
ID2          0.000  0.000  0.000  0.000 -0.500                            
grp1:S1      0.000  0.000  0.000  0.000  0.000  0.000                     
grp1:S2      0.000  0.000  0.000  0.000  0.000  0.000 -0.500              
grp1:ID1     0.000  0.000  0.000  0.000  0.000  0.000  0.000  0.000       
grp1:ID2     0.000  0.000  0.000  0.000  0.000  0.000  0.000  0.000 -0.500
S1:ID1       0.000  0.000  0.000  0.000  0.000  0.000  0.000  0.000  0.000
S2:ID1       0.000  0.000  0.000  0.000  0.000  0.000  0.000  0.000  0.000
S1:ID2       0.000  0.000  0.000  0.000  0.000  0.000  0.000  0.000  0.000
S2:ID2       0.000  0.000  0.000  0.000  0.000  0.000  0.000  0.000  0.000
grp1:S1:ID1  0.000  0.000  0.000  0.000  0.000  0.000  0.000  0.000  0.000
grp1:S2:ID1  0.000  0.000  0.000  0.000  0.000  0.000  0.000  0.000  0.000
grp1:S1:ID2  0.000  0.000  0.000  0.000  0.000  0.000  0.000  0.000  0.000
grp1:S2:ID2  0.000  0.000  0.000  0.000  0.000  0.000  0.000  0.000  0.000
            g1:ID2 S1:ID1 S2:ID1 S1:ID2 S2:ID2 g1:S1:ID1 g1:S2:ID1 g1:S1:ID2
grp1                                                                        
S1                                                                          
S2                                                                          
ID1                                                                         
ID2                                                                         
grp1:S1                                                                     
grp1:S2                                                                     
grp1:ID1                                                                    
grp1:ID2                                                                    
S1:ID1       0.000                                                          
S2:ID1       0.000 -0.500                                                   
S1:ID2       0.000 -0.500  0.250                                            
S2:ID2       0.000  0.250 -0.500 -0.500                                     
grp1:S1:ID1  0.000  0.000  0.000  0.000  0.000                              
grp1:S2:ID1  0.000  0.000  0.000  0.000  0.000 -0.500                       
grp1:S1:ID2  0.000  0.000  0.000  0.000  0.000 -0.500     0.250             
grp1:S2:ID2  0.000  0.000  0.000  0.000  0.000  0.250    -0.500    -0.500   
Linear mixed model fit by REML 
Formula: MT ~ (1 | pp) + (1 | pp/S) + (1 | pp/ID) + (1 | pp/S:ID) + grp *      S * ID 
   Data: mdata 
    AIC    BIC logLik deviance REMLdev
 -316.1 -222.6  184.1   -485.6  -368.1
Random effects:
 Groups   Name        Variance  Std.Dev.
 S:ID:pp  (Intercept) 0.0013152 0.036265
 ID:pp    (Intercept) 0.0034991 0.059153
 S:pp     (Intercept) 0.0056410 0.075107
 pp       (Intercept) 0.0035200 0.059330
 pp       (Intercept) 0.0035201 0.059331
 pp       (Intercept) 0.0035200 0.059330
 pp       (Intercept) 0.0035202 0.059331
 Residual             0.0059802 0.077332
Number of obs: 270, groups: S:ID:pp, 90; ID:pp, 30; S:pp, 30; pp, 10

Fixed effects:
              Estimate Std. Error t value
(Intercept)  0.6739185  0.0418240  16.113
grp1        -0.0075185  0.0418240  -0.180
S1           0.0949037  0.0212035   4.476
S2          -0.0222574  0.0212035  -1.050
ID1          0.3970870  0.0175156  22.670
ID2         -0.0676463  0.0175156  -3.862
grp1:S1      0.0241074  0.0212035   1.137
grp1:S2     -0.0154759  0.0212035  -0.730
grp1:ID1    -0.0213648  0.0175156  -1.220
grp1:ID2    -0.0015759  0.0175156  -0.090
S1:ID1      -0.0095426  0.0121263  -0.787
S2:ID1       0.0133685  0.0121263   1.102
S1:ID2       0.0172907  0.0121263   1.426
S2:ID2       0.0005685  0.0121263   0.047
grp1:S1:ID1  0.0139093  0.0121263   1.147
grp1:S2:ID1 -0.0143907  0.0121263  -1.187
grp1:S1:ID2 -0.0057463  0.0121263  -0.474
grp1:S2:ID2  0.0054204  0.0121263   0.447

Correlation of Fixed Effects:
            (Intr) grp1   S1     S2     ID1    ID2    gr1:S1 gr1:S2 g1:ID1
grp1         0.000                                                        
S1           0.000  0.000                                                 
S2           0.000  0.000 -0.500                                          
ID1          0.000  0.000  0.000  0.000                                   
ID2          0.000  0.000  0.000  0.000 -0.500                            
grp1:S1      0.000  0.000  0.000  0.000  0.000  0.000                     
grp1:S2      0.000  0.000  0.000  0.000  0.000  0.000 -0.500              
grp1:ID1     0.000  0.000  0.000  0.000  0.000  0.000  0.000  0.000       
grp1:ID2     0.000  0.000  0.000  0.000  0.000  0.000  0.000  0.000 -0.500
S1:ID1       0.000  0.000  0.000  0.000  0.000  0.000  0.000  0.000  0.000
S2:ID1       0.000  0.000  0.000  0.000  0.000  0.000  0.000  0.000  0.000
S1:ID2       0.000  0.000  0.000  0.000  0.000  0.000  0.000  0.000  0.000
S2:ID2       0.000  0.000  0.000  0.000  0.000  0.000  0.000  0.000  0.000
grp1:S1:ID1  0.000  0.000  0.000  0.000  0.000  0.000  0.000  0.000  0.000
grp1:S2:ID1  0.000  0.000  0.000  0.000  0.000  0.000  0.000  0.000  0.000
grp1:S1:ID2  0.000  0.000  0.000  0.000  0.000  0.000  0.000  0.000  0.000
grp1:S2:ID2  0.000  0.000  0.000  0.000  0.000  0.000  0.000  0.000  0.000
            g1:ID2 S1:ID1 S2:ID1 S1:ID2 S2:ID2 g1:S1:ID1 g1:S2:ID1 g1:S1:ID2
grp1                                                                        
S1                                                                          
S2                                                                          
ID1                                                                         
ID2                                                                         
grp1:S1                                                                     
grp1:S2                                                                     
grp1:ID1                                                                    
grp1:ID2                                                                    
S1:ID1       0.000                                                          
S2:ID1       0.000 -0.500                                                   
S1:ID2       0.000 -0.500  0.250                                            
S2:ID2       0.000  0.250 -0.500 -0.500                                     
grp1:S1:ID1  0.000  0.000  0.000  0.000  0.000                              
grp1:S2:ID1  0.000  0.000  0.000  0.000  0.000 -0.500                       
grp1:S1:ID2  0.000  0.000  0.000  0.000  0.000 -0.500     0.250             
grp1:S2:ID2  0.000  0.000  0.000  0.000  0.000  0.250    -0.500    -0.500   
