[1] "Summary by group"
  grp     MT.m      MT.s
1   C 0.666400 0.3493413
2   U 0.681437 0.3497403
[1] "Summary by session\n"
  S      MT.m      MT.s
1 1 0.7688222 0.3598081
2 2 0.6516611 0.3428856
3 3 0.6012722 0.3257340
[1] "Summary by ID\n"
  ID      MT.m      MT.s
1  D 1.0710056 0.1973892
2  M 0.6062722 0.1607859
3  E 0.3444778 0.1715757
[1] "Summary by group + Session\n"
  grp S      MT.m      MT.s
1   C 1 0.7854111 0.3802393
2   C 2 0.6286667 0.3256208
3   C 3 0.5851222 0.3136185
4   U 1 0.7522333 0.3416449
5   U 2 0.6746556 0.3615284
6   U 3 0.6174222 0.3401862
[1] "Summary by Session + ID\n"
  S ID      MT.m      MT.s
1 1  D 1.1563667 0.2264894
2 1  M 0.7184667 0.1679323
3 1  E 0.4316333 0.2054400
4 2  D 1.0621167 0.1523649
5 2  M 0.5845833 0.1358994
6 2  E 0.3082833 0.1349977
7 3  D 0.9945333 0.1771805
8 3  M 0.5157667 0.1033794
9 3  E 0.2935167 0.1342203
[1] "Summary by group + ID\n"
  grp ID      MT.m      MT.s
1   C  D 1.0421222 0.2259340
2   C  M 0.5971778 0.1828320
3   C  E 0.3599000 0.2045437
4   U  D 1.0998889 0.1614247
5   U  M 0.6153667 0.1367298
6   U  E 0.3290556 0.1312283
[1] "Summary by group + Session + ID\n"
   grp S ID      MT.m       MT.s
1    C 1  D 1.1655000 0.28605613
2    C 1  M 0.7277333 0.19169552
3    C 1  E 0.4630000 0.25709976
4    C 2  D 1.0033667 0.16174290
5    C 2  M 0.5654333 0.16084474
6    C 2  E 0.3172000 0.15016060
7    C 3  D 0.9575000 0.16386253
8    C 3  M 0.4983667 0.11241337
9    C 3  E 0.2995000 0.15997399
10   U 1  D 1.1472333 0.15573098
11   U 1  M 0.7092000 0.14658004
12   U 1  E 0.4002667 0.13862654
13   U 2  D 1.1208667 0.12054615
14   U 2  M 0.6037333 0.10770162
15   U 2  E 0.2993667 0.12260483
16   U 3  D 1.0315667 0.18771891
17   U 3  M 0.5331667 0.09408747
18   U 3  E 0.2875333 0.10792863
