[1] "IPerfEfLrel ~(S*IDR*IDL*grp)+Error(pp/(S*IDR*IDL))+grp"
$ANOVA
          Effect DFn DFd           F            p p<.05         ges
2            grp   1   8  3.78087972 8.774144e-02       0.099967982
3              S   2  16  5.01520439 2.037567e-02     * 0.058572850
4          grp:S   2  16  0.30081890 7.443075e-01       0.003717992
5            IDR   2  16  7.70351653 4.536747e-03     * 0.072438896
6        grp:IDR   2  16  0.62482415 5.479209e-01       0.006294421
7            IDL   1   8  9.44193839 1.528347e-02     * 0.229954709
8        grp:IDL   1   8  2.64752280 1.423628e-01       0.077264798
9          S:IDR   4  32  0.77517217 5.495121e-01       0.007461916
10     grp:S:IDR   4  32  0.66131527 6.234085e-01       0.006372898
11         S:IDL   2  16  0.07764893 9.256357e-01       0.001589349
12     grp:S:IDL   2  16  0.15222363 8.600253e-01       0.003111024
13       IDR:IDL   2  16 17.33395954 9.887701e-05     * 0.052072190
14   grp:IDR:IDL   2  16  2.74569807 9.437193e-02       0.008626269
15     S:IDR:IDL   4  32  0.80779399 5.294292e-01       0.006487319
16 grp:S:IDR:IDL   4  32  0.88043312 4.865981e-01       0.007066555

$`Mauchly's Test for Sphericity`
          Effect          W           p p<.05
3              S 0.56244868 0.133441270      
4          grp:S 0.56244868 0.133441270      
5            IDR 0.17604630 0.002289255     *
6        grp:IDR 0.17604630 0.002289255     *
9          S:IDR 0.12519810 0.162685983      
10     grp:S:IDR 0.12519810 0.162685983      
11         S:IDL 0.81876173 0.496651073      
12     grp:S:IDL 0.81876173 0.496651073      
13       IDR:IDL 0.49572991 0.085774447      
14   grp:IDR:IDL 0.49572991 0.085774447      
15     S:IDR:IDL 0.03418918 0.012715086     *
16 grp:S:IDR:IDL 0.03418918 0.012715086     *

$`Sphericity Corrections`
          Effect       GGe        p[GG] p[GG]<.05       HFe        p[HF]
3              S 0.6956273 0.0373742650         * 0.7960128 0.0305587781
4          grp:S 0.6956273 0.6682028016           0.7960128 0.6967036122
5            IDR 0.5482595 0.0204517484         * 0.5699061 0.0190068866
6        grp:IDR 0.5482595 0.4645822186           0.5699061 0.4698682423
9          S:IDR 0.5819953 0.4929460357           0.8353212 0.5305658791
10     grp:S:IDR 0.5819953 0.5498464717           0.8353212 0.5985804753
11         S:IDL 0.8465693 0.8987766178           1.0495114 0.9256357186
12     grp:S:IDL 0.8465693 0.8265999744           1.0495114 0.8600252870
13       IDR:IDL 0.6647742 0.0009951907         * 0.7470211 0.0005626222
14   grp:IDR:IDL 0.6647742 0.1210691920           0.7470211 0.1139632663
15     S:IDR:IDL 0.4631974 0.4558429500           0.5968197 0.4801807801
16 grp:S:IDR:IDL 0.4631974 0.4276389626           0.5968197 0.4476603955
   p[HF]<.05
3          *
4           
5          *
6           
9           
10          
11          
12          
13         *
14          
15          
16          

