[1] "grp Tukey test"

	 Simultaneous Tests for General Linear Hypotheses

Multiple Comparisons of Means: Tukey Contrasts


Fit: lme.formula(fixed = q1 ~ S + ID + grp, data = mdata, random = ~1 | 
    pp)

Linear Hypotheses:
           Estimate Std. Error z value Pr(>|z|)
U - C == 0 0.012241   0.009774   1.252     0.21
(Adjusted p values reported -- single-step method)

[1] "S Tukey test"

	 Simultaneous Tests for General Linear Hypotheses

Multiple Comparisons of Means: Tukey Contrasts


Fit: lme.formula(fixed = q1 ~ S + ID + grp, data = mdata, random = ~1 | 
    pp)

Linear Hypotheses:
             Estimate Std. Error z value Pr(>|z|)
2 - 1 == 0 -0.0124791  0.0067793  -1.841    0.156
3 - 1 == 0  0.0003084  0.0067793   0.045    0.999
3 - 2 == 0  0.0127876  0.0067793   1.886    0.143
(Adjusted p values reported -- single-step method)

[1] "ID Tukey test"

	 Simultaneous Tests for General Linear Hypotheses

Multiple Comparisons of Means: Tukey Contrasts


Fit: lme.formula(fixed = q1 ~ S + ID + grp, data = mdata, random = ~1 | 
    pp)

Linear Hypotheses:
            Estimate Std. Error z value Pr(>|z|)    
M - D == 0 -0.014119   0.006779  -2.083   0.0934 .  
E - D == 0 -0.043029   0.006779  -6.347   <1e-04 ***
E - M == 0 -0.028910   0.006779  -4.264   <1e-04 ***
---
Signif. codes:  0 ‘***’ 0.001 ‘**’ 0.01 ‘*’ 0.05 ‘.’ 0.1 ‘ ’ 1 
(Adjusted p values reported -- single-step method)

