[1] "q4L ~(S*DID*grp)+Error(pp/(S*DID))+grp"
$ANOVA
     Effect DFn DFd         F          p p<.05         ges
2       grp   1   8 3.8948397 0.08388370       0.232344835
3         S   2  16 5.8636260 0.01229434     * 0.132293158
5       DID   2  16 3.0100513 0.07769716       0.021085869
4     grp:S   2  16 2.2386786 0.13892123       0.055007057
6   grp:DID   2  16 0.5075462 0.61134362       0.003618879
7     S:DID   4  32 1.0151986 0.41425252       0.014144273
8 grp:S:DID   4  32 1.3397621 0.27665755       0.018582231

$`Mauchly's Test for Sphericity`
     Effect         W          p p<.05
3         S 0.7638641 0.38954378      
4     grp:S 0.7638641 0.38954378      
5       DID 0.5055379 0.09186242      
6   grp:DID 0.5055379 0.09186242      
7     S:DID 0.3545546 0.68496260      
8 grp:S:DID 0.3545546 0.68496260      

$`Sphericity Corrections`
     Effect       GGe      p[GG] p[GG]<.05       HFe      p[HF] p[HF]<.05
3         S 0.8089725 0.01952405         * 0.9841270 0.01277328         *
4     grp:S 0.8089725 0.15180412           0.9841270 0.13996062          
5       DID 0.6691371 0.10441328           0.7538937 0.09683013          
6   grp:DID 0.6691371 0.54401427           0.7538937 0.56380957          
7     S:DID 0.6248884 0.39531951           0.9315600 0.41171493          
8 grp:S:DID 0.6248884 0.28806456           0.9315600 0.27906215          

