                  Estimate MCMCmean HPD95lower HPD95upper pMCMC Pr(>|t|)
(Intercept)         0.9813   0.9816     0.9633     1.0017 0.001   0.0000
grp1               -0.0044  -0.0043    -0.0250     0.0143 0.658   0.6589
S1                 -0.0028  -0.0029    -0.0115     0.0060 0.516   0.5856
S2                  0.0031   0.0032    -0.0054     0.0117 0.462   0.5581
IDR1                0.0116   0.0121     0.0021     0.0228 0.020   0.0658
IDR2               -0.0091  -0.0092    -0.0198     0.0005 0.068   0.1464
IDL1               -0.0124  -0.0125    -0.0205    -0.0039 0.004   0.0335
grp1:S1            -0.0084  -0.0085    -0.0169    -0.0003 0.046   0.1103
grp1:S2             0.0003   0.0006    -0.0083     0.0089 0.914   0.9490
grp1:IDR1          -0.0058  -0.0057    -0.0154     0.0037 0.228   0.3523
grp1:IDR2           0.0040   0.0041    -0.0046     0.0148 0.400   0.5207
S1:IDR1            -0.0005  -0.0005    -0.0074     0.0061 0.880   0.9168
S2:IDR1             0.0043   0.0043    -0.0031     0.0110 0.230   0.4022
S1:IDR2             0.0087   0.0087     0.0021     0.0162 0.010   0.0858
S2:IDR2            -0.0034  -0.0035    -0.0102     0.0039 0.348   0.5027
grp1:IDL1          -0.0064  -0.0066    -0.0152     0.0019 0.124   0.2696
S1:IDL1            -0.0002  -0.0003    -0.0051     0.0045 0.934   0.9496
S2:IDL1            -0.0008  -0.0007    -0.0054     0.0045 0.784   0.8326
IDR1:IDL1           0.0113   0.0114     0.0064     0.0160 0.001   0.0017
IDR2:IDL1           0.0019   0.0018    -0.0032     0.0065 0.500   0.5969
grp1:S1:IDR1       -0.0061  -0.0061    -0.0132     0.0003 0.074   0.2269
grp1:S2:IDR1       -0.0110  -0.0111    -0.0181    -0.0047 0.002   0.0309
grp1:S1:IDR2       -0.0115  -0.0117    -0.0178    -0.0044 0.001   0.0234
grp1:S2:IDR2        0.0082   0.0084     0.0016     0.0150 0.022   0.1051
grp1:S1:IDL1        0.0035   0.0036    -0.0011     0.0085 0.148   0.3282
grp1:S2:IDL1       -0.0032  -0.0033    -0.0082     0.0017 0.188   0.3717
grp1:IDR1:IDL1      0.0022   0.0022    -0.0026     0.0076 0.368   0.5395
grp1:IDR2:IDL1     -0.0056  -0.0057    -0.0106    -0.0007 0.018   0.1174
S1:IDR1:IDL1       -0.0098  -0.0098    -0.0164    -0.0030 0.006   0.0549
S2:IDR1:IDL1        0.0066   0.0067    -0.0004     0.0133 0.066   0.1928
S1:IDR2:IDL1        0.0062   0.0063    -0.0007     0.0130 0.068   0.2251
S2:IDR2:IDL1       -0.0024  -0.0025    -0.0095     0.0045 0.480   0.6388
grp1:S1:IDR1:IDL1   0.0012   0.0011    -0.0049     0.0075 0.764   0.8058
grp1:S2:IDR1:IDL1   0.0029   0.0031    -0.0029     0.0108 0.368   0.5660
grp1:S1:IDR2:IDL1   0.0007   0.0006    -0.0065     0.0068 0.846   0.8949
grp1:S2:IDR2:IDL1  -0.0009  -0.0009    -0.0075     0.0053 0.760   0.8576
NULL
       Length Class      Mode
fixed  6      data.frame list
random 7      data.frame list
Analysis of Variance Table
              Df    Sum Sq   Mean Sq F value
grp            1 0.0001417 0.0001417  0.1943
S              2 0.0003123 0.0001562  0.2141
IDR            2 0.0027606 0.0013803  1.8927
IDL            1 0.0033256 0.0033256  4.5602
grp:S          2 0.0023904 0.0011952  1.6389
grp:IDR        2 0.0006640 0.0003320  0.4553
S:IDR          4 0.0037575 0.0009394  1.2881
grp:IDL        1 0.0008935 0.0008935  1.2253
S:IDL          2 0.0000604 0.0000302  0.0414
IDR:IDL        2 0.0115608 0.0057804  7.9264
grp:S:IDR      4 0.0176261 0.0044065  6.0425
grp:S:IDL      2 0.0008578 0.0004289  0.5881
grp:IDR:IDL    2 0.0018225 0.0009112  1.2495
S:IDR:IDL      4 0.0029998 0.0007500  1.0284
grp:S:IDR:IDL  4 0.0006519 0.0001630  0.2235
Linear mixed model fit by REML 
Formula: get(vname) ~ (1 | pp) + (1 | pp/S) + (1 | pp/IDR) + (1 | pp/IDL) +      (1 | pp/S:IDR:IDL) + grp * S * IDR * IDL 
   Data: mdata 
   AIC   BIC logLik deviance REMLdev
 -1628 -1431    860    -2043   -1720
Random effects:
 Groups       Name        Variance   Std.Dev. 
 S:IDR:IDL:pp (Intercept) 9.1821e-04 0.0303020
 IDR:pp       (Intercept) 3.9828e-04 0.0199569
 S:pp         (Intercept) 2.1554e-04 0.0146814
 IDL:pp       (Intercept) 5.4847e-04 0.0234195
 pp           (Intercept) 8.7940e-05 0.0093776
 pp           (Intercept) 8.8141e-05 0.0093883
 pp           (Intercept) 8.8140e-05 0.0093883
 pp           (Intercept) 8.8292e-05 0.0093964
 pp           (Intercept) 8.8391e-05 0.0094016
 Residual                 7.2926e-04 0.0270048
Number of obs: 540, groups: S:IDR:IDL:pp, 180; IDR:pp, 30; S:pp, 30; IDL:pp, 20; pp, 10

Fixed effects:
                    Estimate Std. Error t value
(Intercept)        0.9812582  0.0099207   98.91
grp1              -0.0043826  0.0099207   -0.44
S1                -0.0028492  0.0052222   -0.55
S2                 0.0030607  0.0052222    0.59
IDR1               0.0115817  0.0062818    1.84
IDR2              -0.0091383  0.0062818   -1.45
IDL1              -0.0124095  0.0058206   -2.13
grp1:S1           -0.0083528  0.0052222   -1.60
grp1:S2            0.0003345  0.0052222    0.06
grp1:IDR1         -0.0058486  0.0062818   -0.93
grp1:IDR2          0.0040378  0.0062818    0.64
S1:IDR1           -0.0005312  0.0050800   -0.10
S2:IDR1            0.0042594  0.0050800    0.84
S1:IDR2            0.0087436  0.0050800    1.72
S2:IDR2           -0.0034076  0.0050800   -0.67
grp1:IDL1         -0.0064324  0.0058206   -1.11
S1:IDL1           -0.0002271  0.0035921   -0.06
S2:IDL1           -0.0007598  0.0035921   -0.21
IDR1:IDL1          0.0113261  0.0035921    3.15
IDR2:IDL1          0.0019009  0.0035921    0.53
grp1:S1:IDR1      -0.0061464  0.0050800   -1.21
grp1:S2:IDR1      -0.0109953  0.0050800   -2.16
grp1:S1:IDR2      -0.0115499  0.0050800   -2.27
grp1:S2:IDR2       0.0082483  0.0050800    1.62
grp1:S1:IDL1       0.0035158  0.0035921    0.98
grp1:S2:IDL1      -0.0032115  0.0035921   -0.89
grp1:IDR1:IDL1     0.0022057  0.0035921    0.61
grp1:IDR2:IDL1    -0.0056346  0.0035921   -1.57
S1:IDR1:IDL1      -0.0097766  0.0050800   -1.92
S2:IDR1:IDL1       0.0066250  0.0050800    1.30
S1:IDR2:IDL1       0.0061699  0.0050800    1.21
S2:IDR2:IDL1      -0.0023857  0.0050800   -0.47
grp1:S1:IDR1:IDL1  0.0012496  0.0050800    0.25
grp1:S2:IDR1:IDL1  0.0029176  0.0050800    0.57
grp1:S1:IDR2:IDL1  0.0006712  0.0050800    0.13
grp1:S2:IDR2:IDL1 -0.0009118  0.0050800   -0.18

Correlation of Fixed Effects:
            (Intr) grp1   S1     S2     IDR1   IDR2   IDL1   gr1:S1 gr1:S2
grp1         0.000                                                        
S1           0.000  0.000                                                 
S2           0.000  0.000 -0.500                                          
IDR1         0.000  0.000  0.000  0.000                                   
IDR2         0.000  0.000  0.000  0.000 -0.500                            
IDL1         0.000  0.000  0.000  0.000  0.000  0.000                     
grp1:S1      0.000  0.000  0.000  0.000  0.000  0.000  0.000              
grp1:S2      0.000  0.000  0.000  0.000  0.000  0.000  0.000 -0.500       
grp1:IDR1    0.000  0.000  0.000  0.000  0.000  0.000  0.000  0.000  0.000
grp1:IDR2    0.000  0.000  0.000  0.000  0.000  0.000  0.000  0.000  0.000
S1:IDR1      0.000  0.000  0.000  0.000  0.000  0.000  0.000  0.000  0.000
S2:IDR1      0.000  0.000  0.000  0.000  0.000  0.000  0.000  0.000  0.000
S1:IDR2      0.000  0.000  0.000  0.000  0.000  0.000  0.000  0.000  0.000
S2:IDR2      0.000  0.000  0.000  0.000  0.000  0.000  0.000  0.000  0.000
grp1:IDL1    0.000  0.000  0.000  0.000  0.000  0.000  0.000  0.000  0.000
S1:IDL1      0.000  0.000  0.000  0.000  0.000  0.000  0.000  0.000  0.000
S2:IDL1      0.000  0.000  0.000  0.000  0.000  0.000  0.000  0.000  0.000
IDR1:IDL1    0.000  0.000  0.000  0.000  0.000  0.000  0.000  0.000  0.000
IDR2:IDL1    0.000  0.000  0.000  0.000  0.000  0.000  0.000  0.000  0.000
gr1:S1:IDR1  0.000  0.000  0.000  0.000  0.000  0.000  0.000  0.000  0.000
gr1:S2:IDR1  0.000  0.000  0.000  0.000  0.000  0.000  0.000  0.000  0.000
gr1:S1:IDR2  0.000  0.000  0.000  0.000  0.000  0.000  0.000  0.000  0.000
gr1:S2:IDR2  0.000  0.000  0.000  0.000  0.000  0.000  0.000  0.000  0.000
gr1:S1:IDL1  0.000  0.000  0.000  0.000  0.000  0.000  0.000  0.000  0.000
gr1:S2:IDL1  0.000  0.000  0.000  0.000  0.000  0.000  0.000  0.000  0.000
g1:IDR1:IDL  0.000  0.000  0.000  0.000  0.000  0.000  0.000  0.000  0.000
g1:IDR2:IDL  0.000  0.000  0.000  0.000  0.000  0.000  0.000  0.000  0.000
S1:IDR1:IDL  0.000  0.000  0.000  0.000  0.000  0.000  0.000  0.000  0.000
S2:IDR1:IDL  0.000  0.000  0.000  0.000  0.000  0.000  0.000  0.000  0.000
S1:IDR2:IDL  0.000  0.000  0.000  0.000  0.000  0.000  0.000  0.000  0.000
S2:IDR2:IDL  0.000  0.000  0.000  0.000  0.000  0.000  0.000  0.000  0.000
g1:S1:IDR1:  0.000  0.000  0.000  0.000  0.000  0.000  0.000  0.000  0.000
g1:S2:IDR1:  0.000  0.000  0.000  0.000  0.000  0.000  0.000  0.000  0.000
g1:S1:IDR2:  0.000  0.000  0.000  0.000  0.000  0.000  0.000  0.000  0.000
g1:S2:IDR2:  0.000  0.000  0.000  0.000  0.000  0.000  0.000  0.000  0.000
            gr1:IDR1 gr1:IDR2 S1:IDR1 S2:IDR1 S1:IDR2 S2:IDR2 g1:IDL S1:IDL
grp1                                                                       
S1                                                                         
S2                                                                         
IDR1                                                                       
IDR2                                                                       
IDL1                                                                       
grp1:S1                                                                    
grp1:S2                                                                    
grp1:IDR1                                                                  
grp1:IDR2   -0.500                                                         
S1:IDR1      0.000    0.000                                                
S2:IDR1      0.000    0.000   -0.500                                       
S1:IDR2      0.000    0.000   -0.500   0.250                               
S2:IDR2      0.000    0.000    0.250  -0.500  -0.500                       
grp1:IDL1    0.000    0.000    0.000   0.000   0.000   0.000               
S1:IDL1      0.000    0.000    0.000   0.000   0.000   0.000   0.000       
S2:IDL1      0.000    0.000    0.000   0.000   0.000   0.000   0.000 -0.500
IDR1:IDL1    0.000    0.000    0.000   0.000   0.000   0.000   0.000  0.000
IDR2:IDL1    0.000    0.000    0.000   0.000   0.000   0.000   0.000  0.000
gr1:S1:IDR1  0.000    0.000    0.000   0.000   0.000   0.000   0.000  0.000
gr1:S2:IDR1  0.000    0.000    0.000   0.000   0.000   0.000   0.000  0.000
gr1:S1:IDR2  0.000    0.000    0.000   0.000   0.000   0.000   0.000  0.000
gr1:S2:IDR2  0.000    0.000    0.000   0.000   0.000   0.000   0.000  0.000
gr1:S1:IDL1  0.000    0.000    0.000   0.000   0.000   0.000   0.000  0.000
gr1:S2:IDL1  0.000    0.000    0.000   0.000   0.000   0.000   0.000  0.000
g1:IDR1:IDL  0.000    0.000    0.000   0.000   0.000   0.000   0.000  0.000
g1:IDR2:IDL  0.000    0.000    0.000   0.000   0.000   0.000   0.000  0.000
S1:IDR1:IDL  0.000    0.000    0.000   0.000   0.000   0.000   0.000  0.000
S2:IDR1:IDL  0.000    0.000    0.000   0.000   0.000   0.000   0.000  0.000
S1:IDR2:IDL  0.000    0.000    0.000   0.000   0.000   0.000   0.000  0.000
S2:IDR2:IDL  0.000    0.000    0.000   0.000   0.000   0.000   0.000  0.000
g1:S1:IDR1:  0.000    0.000    0.000   0.000   0.000   0.000   0.000  0.000
g1:S2:IDR1:  0.000    0.000    0.000   0.000   0.000   0.000   0.000  0.000
g1:S1:IDR2:  0.000    0.000    0.000   0.000   0.000   0.000   0.000  0.000
g1:S2:IDR2:  0.000    0.000    0.000   0.000   0.000   0.000   0.000  0.000
            S2:IDL IDR1:I IDR2:I gr1:S1:IDR1 gr1:S2:IDR1 gr1:S1:IDR2
grp1                                                                
S1                                                                  
S2                                                                  
IDR1                                                                
IDR2                                                                
IDL1                                                                
grp1:S1                                                             
grp1:S2                                                             
grp1:IDR1                                                           
grp1:IDR2                                                           
S1:IDR1                                                             
S2:IDR1                                                             
S1:IDR2                                                             
S2:IDR2                                                             
grp1:IDL1                                                           
S1:IDL1                                                             
S2:IDL1                                                             
IDR1:IDL1    0.000                                                  
IDR2:IDL1    0.000 -0.500                                           
gr1:S1:IDR1  0.000  0.000  0.000                                    
gr1:S2:IDR1  0.000  0.000  0.000 -0.500                             
gr1:S1:IDR2  0.000  0.000  0.000 -0.500       0.250                 
gr1:S2:IDR2  0.000  0.000  0.000  0.250      -0.500      -0.500     
gr1:S1:IDL1  0.000  0.000  0.000  0.000       0.000       0.000     
gr1:S2:IDL1  0.000  0.000  0.000  0.000       0.000       0.000     
g1:IDR1:IDL  0.000  0.000  0.000  0.000       0.000       0.000     
g1:IDR2:IDL  0.000  0.000  0.000  0.000       0.000       0.000     
S1:IDR1:IDL  0.000  0.000  0.000  0.000       0.000       0.000     
S2:IDR1:IDL  0.000  0.000  0.000  0.000       0.000       0.000     
S1:IDR2:IDL  0.000  0.000  0.000  0.000       0.000       0.000     
S2:IDR2:IDL  0.000  0.000  0.000  0.000       0.000       0.000     
g1:S1:IDR1:  0.000  0.000  0.000  0.000       0.000       0.000     
g1:S2:IDR1:  0.000  0.000  0.000  0.000       0.000       0.000     
g1:S1:IDR2:  0.000  0.000  0.000  0.000       0.000       0.000     
g1:S2:IDR2:  0.000  0.000  0.000  0.000       0.000       0.000     
            gr1:S2:IDR2 g1:S1:IDL g1:S2:IDL g1:IDR1: g1:IDR2: S1:IDR1: S2:IDR1:
grp1                                                                           
S1                                                                             
S2                                                                             
IDR1                                                                           
IDR2                                                                           
IDL1                                                                           
grp1:S1                                                                        
grp1:S2                                                                        
grp1:IDR1                                                                      
grp1:IDR2                                                                      
S1:IDR1                                                                        
S2:IDR1                                                                        
S1:IDR2                                                                        
S2:IDR2                                                                        
grp1:IDL1                                                                      
S1:IDL1                                                                        
S2:IDL1                                                                        
IDR1:IDL1                                                                      
IDR2:IDL1                                                                      
gr1:S1:IDR1                                                                    
gr1:S2:IDR1                                                                    
gr1:S1:IDR2                                                                    
gr1:S2:IDR2                                                                    
gr1:S1:IDL1  0.000                                                             
gr1:S2:IDL1  0.000      -0.500                                                 
g1:IDR1:IDL  0.000       0.000     0.000                                       
g1:IDR2:IDL  0.000       0.000     0.000    -0.500                             
S1:IDR1:IDL  0.000       0.000     0.000     0.000    0.000                    
S2:IDR1:IDL  0.000       0.000     0.000     0.000    0.000   -0.500           
S1:IDR2:IDL  0.000       0.000     0.000     0.000    0.000   -0.500    0.250  
S2:IDR2:IDL  0.000       0.000     0.000     0.000    0.000    0.250   -0.500  
g1:S1:IDR1:  0.000       0.000     0.000     0.000    0.000    0.000    0.000  
g1:S2:IDR1:  0.000       0.000     0.000     0.000    0.000    0.000    0.000  
g1:S1:IDR2:  0.000       0.000     0.000     0.000    0.000    0.000    0.000  
g1:S2:IDR2:  0.000       0.000     0.000     0.000    0.000    0.000    0.000  
            S1:IDR2: S2:IDR2: g1:S1:IDR1: g1:S2:IDR1: g1:S1:IDR2:
grp1                                                             
S1                                                               
S2                                                               
IDR1                                                             
IDR2                                                             
IDL1                                                             
grp1:S1                                                          
grp1:S2                                                          
grp1:IDR1                                                        
grp1:IDR2                                                        
S1:IDR1                                                          
S2:IDR1                                                          
S1:IDR2                                                          
S2:IDR2                                                          
grp1:IDL1                                                        
S1:IDL1                                                          
S2:IDL1                                                          
IDR1:IDL1                                                        
IDR2:IDL1                                                        
gr1:S1:IDR1                                                      
gr1:S2:IDR1                                                      
gr1:S1:IDR2                                                      
gr1:S2:IDR2                                                      
gr1:S1:IDL1                                                      
gr1:S2:IDL1                                                      
g1:IDR1:IDL                                                      
g1:IDR2:IDL                                                      
S1:IDR1:IDL                                                      
S2:IDR1:IDL                                                      
S1:IDR2:IDL                                                      
S2:IDR2:IDL -0.500                                               
g1:S1:IDR1:  0.000    0.000                                      
g1:S2:IDR1:  0.000    0.000   -0.500                             
g1:S1:IDR2:  0.000    0.000   -0.500       0.250                 
g1:S2:IDR2:  0.000    0.000    0.250      -0.500      -0.500     
