                  Estimate MCMCmean HPD95lower HPD95upper pMCMC Pr(>|t|)
(Intercept)         2.0124   2.0305     1.2588     2.7126 0.001   0.0000
grp1                0.2572   0.2508    -0.5174     0.9712 0.458   0.3730
S1                  0.1093   0.1062    -0.2544     0.5341 0.578   0.6076
S2                 -0.2222  -0.2144    -0.6020     0.1437 0.224   0.2968
IDR1               -0.5065  -0.5042    -0.7721    -0.2477 0.001   0.0002
IDR2                0.2507   0.2484    -0.0228     0.5063 0.064   0.0610
IDL1                0.7114   0.7094     0.4063     1.0643 0.001   0.0003
grp1:S1             0.3183   0.3257    -0.0730     0.6800 0.098   0.1353
grp1:S2            -0.1084  -0.1161    -0.4902     0.2745 0.530   0.6107
grp1:IDR1          -0.0841  -0.0826    -0.3413     0.1766 0.526   0.5292
grp1:IDR2           0.0675   0.0681    -0.1854     0.3224 0.618   0.6133
S1:IDR1             0.0254   0.0211    -0.2926     0.3288 0.918   0.8844
S2:IDR1             0.0565   0.0630    -0.2632     0.3532 0.694   0.7471
S1:IDR2            -0.4113  -0.4108    -0.7010    -0.0961 0.010   0.0192
S2:IDR2             0.0610   0.0539    -0.2327     0.3973 0.716   0.7276
grp1:IDL1           0.2876   0.2873    -0.0693     0.6034 0.104   0.1434
S1:IDL1             0.0207   0.0168    -0.2018     0.2260 0.866   0.8671
S2:IDL1            -0.1445  -0.1468    -0.3782     0.0767 0.188   0.2434
IDR1:IDL1          -0.5671  -0.5638    -0.7725    -0.3298 0.001   0.0000
IDR2:IDL1           0.1084   0.1078    -0.0947     0.3481 0.338   0.3813
grp1:S1:IDR1       -0.1232  -0.1290    -0.4510     0.1659 0.416   0.4819
grp1:S2:IDR1        0.1368   0.1436    -0.1613     0.4501 0.360   0.4349
grp1:S1:IDR2        0.0231   0.0243    -0.3161     0.3223 0.886   0.8949
grp1:S2:IDR2       -0.3264  -0.3267    -0.6373     0.0157 0.064   0.0628
grp1:S1:IDL1        0.1341   0.1314    -0.1145     0.3383 0.264   0.2789
grp1:S2:IDL1       -0.1172  -0.1166    -0.3346     0.1017 0.318   0.3440
grp1:IDR1:IDL1     -0.2552  -0.2586    -0.4743    -0.0309 0.018   0.0397
grp1:IDR2:IDL1      0.1791   0.1840    -0.0427     0.3969 0.114   0.1486
S1:IDR1:IDL1       -0.1372  -0.1340    -0.4353     0.1958 0.438   0.4334
S2:IDR1:IDL1       -0.0498  -0.0528    -0.3648     0.2669 0.738   0.7761
S1:IDR2:IDL1       -0.3711  -0.3775    -0.6968    -0.0774 0.016   0.0344
S2:IDR2:IDL1        0.2473   0.2506    -0.0496     0.5936 0.140   0.1582
grp1:S1:IDR1:IDL1   0.1215   0.1160    -0.2025     0.4092 0.432   0.4880
grp1:S2:IDR1:IDL1   0.0730   0.0718    -0.2323     0.3983 0.630   0.6769
grp1:S1:IDR2:IDL1  -0.3211  -0.3132    -0.6384    -0.0092 0.050   0.0671
grp1:S2:IDR2:IDL1  -0.2101  -0.2048    -0.4940     0.1200 0.200   0.2305
NULL
       Length Class      Mode
fixed  6      data.frame list
random 7      data.frame list
Analysis of Variance Table
              Df Sum Sq Mean Sq F value
grp            1  2.530   2.530  0.7965
S              2  3.465   1.732  0.5455
IDR            2 45.712  22.856  7.1971
IDL            1 41.698  41.698 13.1302
grp:S          2  7.347   3.674  1.1568
grp:IDR        2  1.414   0.707  0.2226
S:IDR          4 24.920   6.230  1.9618
grp:IDL        1  6.817   6.817  2.1467
S:IDL          2  5.066   2.533  0.7976
IDR:IDL        2 75.159  37.580 11.8334
grp:S:IDR      4 16.726   4.181  1.3167
grp:S:IDL      2  4.427   2.213  0.6970
grp:IDR:IDL    2 14.236   7.118  2.2413
S:IDR:IDL      4 30.623   7.656  2.4107
grp:S:IDR:IDL  4 30.387   7.597  2.3921
Linear mixed model fit by REML 
Formula: get(vname) ~ (1 | pp) + (1 | pp/S) + (1 | pp/IDR) + (1 | pp/IDL) +      (1 | pp/S:IDR:IDL) + grp * S * IDR * IDL 
   Data: mdata 
  AIC  BIC logLik deviance REMLdev
 2395 2592  -1151     2231    2303
Random effects:
 Groups       Name        Variance Std.Dev.
 S:IDR:IDL:pp (Intercept) 0.319749 0.56546 
 IDR:pp       (Intercept) 0.037646 0.19402 
 S:pp         (Intercept) 0.449347 0.67033 
 IDL:pp       (Intercept) 0.617363 0.78572 
 pp           (Intercept) 0.056899 0.23853 
 pp           (Intercept) 0.056899 0.23853 
 pp           (Intercept) 0.056899 0.23854 
 pp           (Intercept) 0.056899 0.23853 
 pp           (Intercept) 0.056899 0.23853 
 Residual                 3.175711 1.78205 
Number of obs: 540, groups: S:IDR:IDL:pp, 180; IDR:pp, 30; S:pp, 30; IDL:pp, 20; pp, 10

Fixed effects:
                  Estimate Std. Error t value
(Intercept)        2.01238    0.28848   6.976
grp1               0.25722    0.28848   0.892
S1                 0.10932    0.21278   0.514
S2                -0.22221    0.21278  -1.044
IDR1              -0.50650    0.13352  -3.794
IDR2               0.25067    0.13352   1.877
IDL1               0.71136    0.19627   3.624
grp1:S1            0.31826    0.21278   1.496
grp1:S2           -0.10838    0.21278  -0.509
grp1:IDR1         -0.08407    0.13352  -0.630
grp1:IDR2          0.06752    0.13352   0.506
S1:IDR1            0.02545    0.17501   0.145
S2:IDR1            0.05646    0.17501   0.323
S1:IDR2           -0.41128    0.17501  -2.350
S2:IDR2            0.06100    0.17501   0.349
grp1:IDL1          0.28763    0.19627   1.465
S1:IDL1            0.02072    0.12375   0.167
S2:IDL1           -0.14453    0.12375  -1.168
IDR1:IDL1         -0.56707    0.12375  -4.582
IDR2:IDL1          0.10844    0.12375   0.876
grp1:S1:IDR1      -0.12316    0.17501  -0.704
grp1:S2:IDR1       0.13677    0.17501   0.781
grp1:S1:IDR2       0.02312    0.17501   0.132
grp1:S2:IDR2      -0.32639    0.17501  -1.865
grp1:S1:IDL1       0.13414    0.12375   1.084
grp1:S2:IDL1      -0.11722    0.12375  -0.947
grp1:IDR1:IDL1    -0.25519    0.12375  -2.062
grp1:IDR2:IDL1     0.17905    0.12375   1.447
S1:IDR1:IDL1      -0.13722    0.17501  -0.784
S2:IDR1:IDL1      -0.04980    0.17501  -0.285
S1:IDR2:IDL1      -0.37112    0.17501  -2.121
S2:IDR2:IDL1       0.24733    0.17501   1.413
grp1:S1:IDR1:IDL1  0.12146    0.17501   0.694
grp1:S2:IDR1:IDL1  0.07296    0.17501   0.417
grp1:S1:IDR2:IDL1 -0.32113    0.17501  -1.835
grp1:S2:IDR2:IDL1 -0.21009    0.17501  -1.200

Correlation of Fixed Effects:
            (Intr) grp1   S1     S2     IDR1   IDR2   IDL1   gr1:S1 gr1:S2
grp1         0.000                                                        
S1           0.000  0.000                                                 
S2           0.000  0.000 -0.500                                          
IDR1         0.000  0.000  0.000  0.000                                   
IDR2         0.000  0.000  0.000  0.000 -0.500                            
IDL1         0.000  0.000  0.000  0.000  0.000  0.000                     
grp1:S1      0.000  0.000  0.000  0.000  0.000  0.000  0.000              
grp1:S2      0.000  0.000  0.000  0.000  0.000  0.000  0.000 -0.500       
grp1:IDR1    0.000  0.000  0.000  0.000  0.000  0.000  0.000  0.000  0.000
grp1:IDR2    0.000  0.000  0.000  0.000  0.000  0.000  0.000  0.000  0.000
S1:IDR1      0.000  0.000  0.000  0.000  0.000  0.000  0.000  0.000  0.000
S2:IDR1      0.000  0.000  0.000  0.000  0.000  0.000  0.000  0.000  0.000
S1:IDR2      0.000  0.000  0.000  0.000  0.000  0.000  0.000  0.000  0.000
S2:IDR2      0.000  0.000  0.000  0.000  0.000  0.000  0.000  0.000  0.000
grp1:IDL1    0.000  0.000  0.000  0.000  0.000  0.000  0.000  0.000  0.000
S1:IDL1      0.000  0.000  0.000  0.000  0.000  0.000  0.000  0.000  0.000
S2:IDL1      0.000  0.000  0.000  0.000  0.000  0.000  0.000  0.000  0.000
IDR1:IDL1    0.000  0.000  0.000  0.000  0.000  0.000  0.000  0.000  0.000
IDR2:IDL1    0.000  0.000  0.000  0.000  0.000  0.000  0.000  0.000  0.000
gr1:S1:IDR1  0.000  0.000  0.000  0.000  0.000  0.000  0.000  0.000  0.000
gr1:S2:IDR1  0.000  0.000  0.000  0.000  0.000  0.000  0.000  0.000  0.000
gr1:S1:IDR2  0.000  0.000  0.000  0.000  0.000  0.000  0.000  0.000  0.000
gr1:S2:IDR2  0.000  0.000  0.000  0.000  0.000  0.000  0.000  0.000  0.000
gr1:S1:IDL1  0.000  0.000  0.000  0.000  0.000  0.000  0.000  0.000  0.000
gr1:S2:IDL1  0.000  0.000  0.000  0.000  0.000  0.000  0.000  0.000  0.000
g1:IDR1:IDL  0.000  0.000  0.000  0.000  0.000  0.000  0.000  0.000  0.000
g1:IDR2:IDL  0.000  0.000  0.000  0.000  0.000  0.000  0.000  0.000  0.000
S1:IDR1:IDL  0.000  0.000  0.000  0.000  0.000  0.000  0.000  0.000  0.000
S2:IDR1:IDL  0.000  0.000  0.000  0.000  0.000  0.000  0.000  0.000  0.000
S1:IDR2:IDL  0.000  0.000  0.000  0.000  0.000  0.000  0.000  0.000  0.000
S2:IDR2:IDL  0.000  0.000  0.000  0.000  0.000  0.000  0.000  0.000  0.000
g1:S1:IDR1:  0.000  0.000  0.000  0.000  0.000  0.000  0.000  0.000  0.000
g1:S2:IDR1:  0.000  0.000  0.000  0.000  0.000  0.000  0.000  0.000  0.000
g1:S1:IDR2:  0.000  0.000  0.000  0.000  0.000  0.000  0.000  0.000  0.000
g1:S2:IDR2:  0.000  0.000  0.000  0.000  0.000  0.000  0.000  0.000  0.000
            gr1:IDR1 gr1:IDR2 S1:IDR1 S2:IDR1 S1:IDR2 S2:IDR2 g1:IDL S1:IDL
grp1                                                                       
S1                                                                         
S2                                                                         
IDR1                                                                       
IDR2                                                                       
IDL1                                                                       
grp1:S1                                                                    
grp1:S2                                                                    
grp1:IDR1                                                                  
grp1:IDR2   -0.500                                                         
S1:IDR1      0.000    0.000                                                
S2:IDR1      0.000    0.000   -0.500                                       
S1:IDR2      0.000    0.000   -0.500   0.250                               
S2:IDR2      0.000    0.000    0.250  -0.500  -0.500                       
grp1:IDL1    0.000    0.000    0.000   0.000   0.000   0.000               
S1:IDL1      0.000    0.000    0.000   0.000   0.000   0.000   0.000       
S2:IDL1      0.000    0.000    0.000   0.000   0.000   0.000   0.000 -0.500
IDR1:IDL1    0.000    0.000    0.000   0.000   0.000   0.000   0.000  0.000
IDR2:IDL1    0.000    0.000    0.000   0.000   0.000   0.000   0.000  0.000
gr1:S1:IDR1  0.000    0.000    0.000   0.000   0.000   0.000   0.000  0.000
gr1:S2:IDR1  0.000    0.000    0.000   0.000   0.000   0.000   0.000  0.000
gr1:S1:IDR2  0.000    0.000    0.000   0.000   0.000   0.000   0.000  0.000
gr1:S2:IDR2  0.000    0.000    0.000   0.000   0.000   0.000   0.000  0.000
gr1:S1:IDL1  0.000    0.000    0.000   0.000   0.000   0.000   0.000  0.000
gr1:S2:IDL1  0.000    0.000    0.000   0.000   0.000   0.000   0.000  0.000
g1:IDR1:IDL  0.000    0.000    0.000   0.000   0.000   0.000   0.000  0.000
g1:IDR2:IDL  0.000    0.000    0.000   0.000   0.000   0.000   0.000  0.000
S1:IDR1:IDL  0.000    0.000    0.000   0.000   0.000   0.000   0.000  0.000
S2:IDR1:IDL  0.000    0.000    0.000   0.000   0.000   0.000   0.000  0.000
S1:IDR2:IDL  0.000    0.000    0.000   0.000   0.000   0.000   0.000  0.000
S2:IDR2:IDL  0.000    0.000    0.000   0.000   0.000   0.000   0.000  0.000
g1:S1:IDR1:  0.000    0.000    0.000   0.000   0.000   0.000   0.000  0.000
g1:S2:IDR1:  0.000    0.000    0.000   0.000   0.000   0.000   0.000  0.000
g1:S1:IDR2:  0.000    0.000    0.000   0.000   0.000   0.000   0.000  0.000
g1:S2:IDR2:  0.000    0.000    0.000   0.000   0.000   0.000   0.000  0.000
            S2:IDL IDR1:I IDR2:I gr1:S1:IDR1 gr1:S2:IDR1 gr1:S1:IDR2
grp1                                                                
S1                                                                  
S2                                                                  
IDR1                                                                
IDR2                                                                
IDL1                                                                
grp1:S1                                                             
grp1:S2                                                             
grp1:IDR1                                                           
grp1:IDR2                                                           
S1:IDR1                                                             
S2:IDR1                                                             
S1:IDR2                                                             
S2:IDR2                                                             
grp1:IDL1                                                           
S1:IDL1                                                             
S2:IDL1                                                             
IDR1:IDL1    0.000                                                  
IDR2:IDL1    0.000 -0.500                                           
gr1:S1:IDR1  0.000  0.000  0.000                                    
gr1:S2:IDR1  0.000  0.000  0.000 -0.500                             
gr1:S1:IDR2  0.000  0.000  0.000 -0.500       0.250                 
gr1:S2:IDR2  0.000  0.000  0.000  0.250      -0.500      -0.500     
gr1:S1:IDL1  0.000  0.000  0.000  0.000       0.000       0.000     
gr1:S2:IDL1  0.000  0.000  0.000  0.000       0.000       0.000     
g1:IDR1:IDL  0.000  0.000  0.000  0.000       0.000       0.000     
g1:IDR2:IDL  0.000  0.000  0.000  0.000       0.000       0.000     
S1:IDR1:IDL  0.000  0.000  0.000  0.000       0.000       0.000     
S2:IDR1:IDL  0.000  0.000  0.000  0.000       0.000       0.000     
S1:IDR2:IDL  0.000  0.000  0.000  0.000       0.000       0.000     
S2:IDR2:IDL  0.000  0.000  0.000  0.000       0.000       0.000     
g1:S1:IDR1:  0.000  0.000  0.000  0.000       0.000       0.000     
g1:S2:IDR1:  0.000  0.000  0.000  0.000       0.000       0.000     
g1:S1:IDR2:  0.000  0.000  0.000  0.000       0.000       0.000     
g1:S2:IDR2:  0.000  0.000  0.000  0.000       0.000       0.000     
            gr1:S2:IDR2 g1:S1:IDL g1:S2:IDL g1:IDR1: g1:IDR2: S1:IDR1: S2:IDR1:
grp1                                                                           
S1                                                                             
S2                                                                             
IDR1                                                                           
IDR2                                                                           
IDL1                                                                           
grp1:S1                                                                        
grp1:S2                                                                        
grp1:IDR1                                                                      
grp1:IDR2                                                                      
S1:IDR1                                                                        
S2:IDR1                                                                        
S1:IDR2                                                                        
S2:IDR2                                                                        
grp1:IDL1                                                                      
S1:IDL1                                                                        
S2:IDL1                                                                        
IDR1:IDL1                                                                      
IDR2:IDL1                                                                      
gr1:S1:IDR1                                                                    
gr1:S2:IDR1                                                                    
gr1:S1:IDR2                                                                    
gr1:S2:IDR2                                                                    
gr1:S1:IDL1  0.000                                                             
gr1:S2:IDL1  0.000      -0.500                                                 
g1:IDR1:IDL  0.000       0.000     0.000                                       
g1:IDR2:IDL  0.000       0.000     0.000    -0.500                             
S1:IDR1:IDL  0.000       0.000     0.000     0.000    0.000                    
S2:IDR1:IDL  0.000       0.000     0.000     0.000    0.000   -0.500           
S1:IDR2:IDL  0.000       0.000     0.000     0.000    0.000   -0.500    0.250  
S2:IDR2:IDL  0.000       0.000     0.000     0.000    0.000    0.250   -0.500  
g1:S1:IDR1:  0.000       0.000     0.000     0.000    0.000    0.000    0.000  
g1:S2:IDR1:  0.000       0.000     0.000     0.000    0.000    0.000    0.000  
g1:S1:IDR2:  0.000       0.000     0.000     0.000    0.000    0.000    0.000  
g1:S2:IDR2:  0.000       0.000     0.000     0.000    0.000    0.000    0.000  
            S1:IDR2: S2:IDR2: g1:S1:IDR1: g1:S2:IDR1: g1:S1:IDR2:
grp1                                                             
S1                                                               
S2                                                               
IDR1                                                             
IDR2                                                             
IDL1                                                             
grp1:S1                                                          
grp1:S2                                                          
grp1:IDR1                                                        
grp1:IDR2                                                        
S1:IDR1                                                          
S2:IDR1                                                          
S1:IDR2                                                          
S2:IDR2                                                          
grp1:IDL1                                                        
S1:IDL1                                                          
S2:IDL1                                                          
IDR1:IDL1                                                        
IDR2:IDL1                                                        
gr1:S1:IDR1                                                      
gr1:S2:IDR1                                                      
gr1:S1:IDR2                                                      
gr1:S2:IDR2                                                      
gr1:S1:IDL1                                                      
gr1:S2:IDL1                                                      
g1:IDR1:IDL                                                      
g1:IDR2:IDL                                                      
S1:IDR1:IDL                                                      
S2:IDR1:IDL                                                      
S1:IDR2:IDL                                                      
S2:IDR2:IDL -0.500                                               
g1:S1:IDR1:  0.000    0.000                                      
g1:S2:IDR1:  0.000    0.000   -0.500                             
g1:S1:IDR2:  0.000    0.000   -0.500       0.250                 
g1:S2:IDR2:  0.000    0.000    0.250      -0.500      -0.500     
