[1] "Summary by group"
  grp     q3L.m      q3L.s
1   C 0.8982045 0.05361261
2   U 0.8705176 0.06797853
[1] "Summary by session\n"
  S     q3L.m      q3L.s
1 1 0.8695018 0.06149110
2 2 0.8907298 0.06190468
3 3 0.8928517 0.06257827
[1] "Summary by DID\n"
  DID     q3L.m      q3L.s
1   1 0.8775047 0.05767333
2   2 0.8837748 0.06811477
3   3 0.8918038 0.06161854
[1] "Summary by group + Session\n"
  grp S     q3L.m      q3L.s
1   C 1 0.8941738 0.04774914
2   C 2 0.9066962 0.05857034
3   C 3 0.8937436 0.05415168
4   U 1 0.8448298 0.06421202
5   U 2 0.8747633 0.06164047
6   U 3 0.8919598 0.07061904
[1] "Summary by Session + DID\n"
  S DID     q3L.m      q3L.s
1 1   1 0.8584307 0.05921100
2 1   2 0.8709887 0.06122985
3 1   3 0.8790860 0.06422688
4 2   1 0.8827443 0.05737198
5 2   2 0.8947640 0.05981167
6 2   3 0.8946810 0.06923095
7 3   1 0.8913390 0.05298860
8 3   2 0.8855717 0.08133216
9 3   3 0.9016443 0.04958133
[1] "Summary by group + DID\n"
  grp DID     q3L.m      q3L.s
1   C   1 0.8925178 0.05696907
2   C   2 0.8998393 0.04820468
3   C   3 0.9022564 0.05596268
4   U   1 0.8624916 0.05496830
5   U   2 0.8677102 0.08082777
6   U   3 0.8813511 0.06576227
[1] "Summary by group + Session + DID\n"
   grp S DID     q3L.m      q3L.s
1    C 1   1 0.8800987 0.04630269
2    C 1   2 0.8999807 0.05266860
3    C 1   3 0.9024420 0.04388733
4    C 2   1 0.9000967 0.05714901
5    C 2   2 0.9052753 0.05266724
6    C 2   3 0.9147167 0.06799945
7    C 3   1 0.8973580 0.06736632
8    C 3   2 0.8942620 0.04111203
9    C 3   3 0.8896107 0.05436104
10   U 1   1 0.8367627 0.06412718
11   U 1   2 0.8419967 0.05648763
12   U 1   3 0.8557300 0.07382277
13   U 2   1 0.8653920 0.05391631
14   U 2   2 0.8842527 0.06633102
15   U 2   3 0.8746453 0.06666389
16   U 3   1 0.8853200 0.03464516
17   U 3   2 0.8768813 0.10885910
18   U 3   3 0.9136780 0.04274087
