[1] "peakVelL ~S*IDR*IDL*grp + Error(pp/(S*IDR*IDL))"
$ANOVA
          Effect DFn DFd           F            p p<.05          ges
2            grp   1   8  1.00752180 3.448879e-01       0.0394942588
3              S   2  16  5.23273964 1.784521e-02     * 0.0741432626
5            IDR   2  16 19.75159635 4.768877e-05     * 0.0794031420
7            IDL   1   8 16.43678910 3.662637e-03     * 0.1264936138
4          grp:S   2  16  0.38108904 6.891540e-01       0.0057982875
6        grp:IDR   2  16  3.04577324 7.570959e-02       0.0131257874
8        grp:IDL   1   8  0.02858123 8.699460e-01       0.0002517429
9          S:IDR   4  32  0.89132130 4.804075e-01       0.0162844732
11         S:IDL   2  16  0.54294226 5.913711e-01       0.0081121113
13       IDR:IDL   2  16  4.72932345 2.433758e-02     * 0.0355056702
10     grp:S:IDR   4  32  1.06541053 3.896660e-01       0.0194033752
12     grp:S:IDL   2  16  0.78745744 4.718609e-01       0.0117225913
14   grp:IDR:IDL   2  16  1.32017504 2.946642e-01       0.0101716272
15     S:IDR:IDL   4  32  0.49999894 7.358723e-01       0.0070934836
16 grp:S:IDR:IDL   4  32  0.33484784 8.524311e-01       0.0047616419

$`Mauchly's Test for Sphericity`
          Effect         W          p p<.05
3              S 0.7299981 0.33237331      
4          grp:S 0.7299981 0.33237331      
5            IDR 0.7176877 0.31316568      
6        grp:IDR 0.7176877 0.31316568      
9          S:IDR 0.1728944 0.27576484      
10     grp:S:IDR 0.1728944 0.27576484      
11         S:IDL 0.7116448 0.30403356      
12     grp:S:IDL 0.7116448 0.30403356      
13       IDR:IDL 0.3823322 0.03455755     *
14   grp:IDR:IDL 0.3823322 0.03455755     *
15     S:IDR:IDL 0.2329218 0.42374999      
16 grp:S:IDR:IDL 0.2329218 0.42374999      

$`Sphericity Corrections`
          Effect       GGe        p[GG] p[GG]<.05       HFe        p[HF]
3              S 0.7874004 0.0278927662         * 0.9473020 1.992314e-02
4          grp:S 0.7874004 0.6422765264           0.9473020 6.785448e-01
5            IDR 0.7798412 0.0002521483         * 0.9345146 7.813215e-05
6        grp:IDR 0.7798412 0.0925991899           0.9345146 8.037949e-02
9          S:IDR 0.5584933 0.4379824029           0.7850189 4.631356e-01
10     grp:S:IDR 0.5584933 0.3722233120           0.7850189 3.835869e-01
11         S:IDL 0.7761835 0.5508488516           0.9283486 5.794092e-01
12     grp:S:IDL 0.7761835 0.4461393310           0.9283486 4.643396e-01
13       IDR:IDL 0.6181739 0.0492379485         * 0.6747190 4.431999e-02
14   grp:IDR:IDL 0.6181739 0.2892745761           0.6747190 2.910128e-01
15     S:IDR:IDL 0.6515225 0.6613665057           0.9943996 7.348976e-01
16 grp:S:IDR:IDL 0.6515225 0.7731293475           0.9943996 8.514636e-01
   p[HF]<.05
3          *
4           
5          *
6           
9           
10          
11          
12          
13         *
14          
15          
16          

