Post-hoc Tukey comparisons[1] "grp Tukey test"

	Pairwise comparisons using paired t tests 

data:  mdata$peakVelL and mdata$grp 

  C      
U 0.00055

P value adjustment method: bonferroni 
[1] "S Tukey test"

	Pairwise comparisons using paired t tests 

data:  mdata$peakVelL and mdata$S 

  1       2      
2 0.00046 -      
3 1.8e-06 0.25307

P value adjustment method: bonferroni 
[1] "IDR Tukey test"

	Pairwise comparisons using paired t tests 

data:  mdata$peakVelL and mdata$IDR 

  D       M     
M 0.0675  -     
E 4.8e-10 0.0014

P value adjustment method: bonferroni 
[1] "IDL Tukey test"
