[1] "vfCircularityL ~(S*DID*grp)+Error(pp/(S*DID))+grp"
$ANOVA
     Effect DFn DFd          F            p p<.05         ges
2       grp   1   8  0.6403138 4.467061e-01       0.034091796
3         S   2  16  7.1340994 6.096313e-03     * 0.191275309
5       DID   2  16 54.1934341 7.494861e-08     * 0.462453537
4     grp:S   2  16  0.2097628 8.129710e-01       0.006906178
6   grp:DID   2  16  5.3215631 1.691525e-02     * 0.077897552
7     S:DID   4  32  1.9416623 1.274994e-01       0.038910428
8 grp:S:DID   4  32  1.3668200 2.673175e-01       0.027709942

$`Mauchly's Test for Sphericity`
     Effect         W         p p<.05
3         S 0.9799739 0.9316457      
4     grp:S 0.9799739 0.9316457      
5       DID 0.6382256 0.2076872      
6   grp:DID 0.6382256 0.2076872      
7     S:DID 0.4657010 0.8490847      
8 grp:S:DID 0.4657010 0.8490847      

$`Sphericity Corrections`
     Effect       GGe        p[GG] p[GG]<.05       HFe        p[HF] p[HF]<.05
3         S 0.9803671 6.469103e-03         * 1.2954064 6.096313e-03         *
4     grp:S 0.9803671 8.088962e-01           1.2954064 8.129710e-01          
5       DID 0.7343360 2.978056e-06         * 0.8587877 5.287222e-07         *
6   grp:DID 0.7343360 2.994918e-02         * 0.8587877 2.288929e-02         *
7     S:DID 0.7718101 1.477179e-01           1.3121528 1.274994e-01          
8 grp:S:DID 0.7718101 2.759927e-01           1.3121528 2.673175e-01          

