[1] "Summary by group"
  grp vfCircularityL.m vfCircularityL.s
1   C        0.2062915       0.06239936
2   U        0.1918785       0.06091383
[1] "Summary by session\n"
  S vfCircularityL.m vfCircularityL.s
1 1        0.2245434       0.06072548
2 2        0.1923490       0.06349994
3 3        0.1803626       0.05320661
[1] "Summary by DID\n"
  DID vfCircularityL.m vfCircularityL.s
1   1        0.1581481       0.03637881
2   2        0.1942173       0.05021850
3   3        0.2448897       0.06261754
[1] "Summary by group + Session\n"
  grp S vfCircularityL.m vfCircularityL.s
1   C 1        0.2347373       0.05898830
2   C 2        0.1951198       0.06677638
3   C 3        0.1890174       0.05156501
4   U 1        0.2143496       0.06137429
5   U 2        0.1895782       0.06067404
6   U 3        0.1717078       0.05398204
[1] "Summary by Session + DID\n"
  S DID vfCircularityL.m vfCircularityL.s
1 1   1        0.1763537       0.02683158
2 1   2        0.2250563       0.04874381
3 1   3        0.2722203       0.05888211
4 2   1        0.1480284       0.04028088
5 2   2        0.1802163       0.04246536
6 2   3        0.2488023       0.05888765
7 3   1        0.1500621       0.03467841
8 3   2        0.1773793       0.04561173
9 3   3        0.2136463       0.05744611
[1] "Summary by group + DID\n"
  grp DID vfCircularityL.m vfCircularityL.s
1   C   1        0.1543895       0.03928654
2   C   2        0.1970942       0.04964917
3   C   3        0.2673909       0.03449666
4   U   1        0.1619067       0.03323530
5   U   2        0.1913404       0.05117755
6   U   3        0.2223884       0.07553398
[1] "Summary by group + Session + DID\n"
   grp S DID vfCircularityL.m vfCircularityL.s
1    C 1   1        0.1797713       0.02903319
2    C 1   2        0.2393580       0.05223751
3    C 1   3        0.2850827       0.03726422
4    C 2   1        0.1389195       0.03929171
5    C 2   2        0.1743487       0.03539998
6    C 2   3        0.2720913       0.03198632
7    C 3   1        0.1444776       0.03757776
8    C 3   2        0.1775760       0.02981694
9    C 3   3        0.2449987       0.02078606
10   U 1   1        0.1729360       0.02496669
11   U 1   2        0.2107547       0.04188768
12   U 1   3        0.2593580       0.07374768
13   U 2   1        0.1571373       0.04048900
14   U 2   2        0.1860840       0.04907631
15   U 2   3        0.2255133       0.07069544
16   U 3   1        0.1556467       0.03181456
17   U 3   2        0.1771827       0.05848358
18   U 3   3        0.1822940       0.06555462
