                  Estimate MCMCmean HPD95lower HPD95upper pMCMC Pr(>|t|)
(Intercept)         2.2991   2.3080     1.8192     2.7258 0.001   0.0000
grp1               -0.1337  -0.1457    -0.6010     0.2746 0.518   0.6563
S1                  0.0895   0.0897    -0.1059     0.2857 0.360   0.5215
S2                  0.0159   0.0150    -0.1984     0.1917 0.858   0.9092
IDR1               -0.8429  -0.8423    -1.1113    -0.6048 0.001   0.0004
IDR2               -0.0836  -0.0833    -0.3604     0.1374 0.478   0.7221
IDL1                0.8181   0.8143     0.6399     0.9914 0.001   0.0000
grp1:S1             0.0788   0.0753    -0.1228     0.2755 0.460   0.5724
grp1:S2            -0.0243  -0.0224    -0.2244     0.1659 0.830   0.8620
grp1:IDR1           0.0391   0.0392    -0.2169     0.2666 0.736   0.8677
grp1:IDR2          -0.1127  -0.1116    -0.3467     0.1256 0.370   0.6316
S1:IDR1             0.0037   0.0043    -0.1356     0.1454 0.994   0.9754
S2:IDR1            -0.1118  -0.1090    -0.2368     0.0296 0.118   0.3563
S1:IDR2            -0.1850  -0.1865    -0.3155    -0.0531 0.008   0.1272
S2:IDR2             0.0239   0.0226    -0.1165     0.1621 0.702   0.8439
grp1:IDL1           0.0828   0.0855    -0.1211     0.2511 0.364   0.5671
S1:IDL1             0.1043   0.1052     0.0164     0.1970 0.024   0.2237
S2:IDL1             0.0472   0.0477    -0.0454     0.1418 0.320   0.5820
IDR1:IDL1          -0.5953  -0.5963    -0.6936    -0.5001 0.001   0.0000
IDR2:IDL1          -0.2116  -0.2119    -0.3097    -0.1184 0.001   0.0138
grp1:S1:IDR1        0.0559   0.0560    -0.0797     0.1923 0.436   0.6444
grp1:S2:IDR1        0.0726   0.0737    -0.0636     0.2061 0.296   0.5489
grp1:S1:IDR2        0.1570   0.1597     0.0328     0.3066 0.022   0.1955
grp1:S2:IDR2       -0.0500  -0.0563    -0.1925     0.0826 0.472   0.6800
grp1:S1:IDL1       -0.1863  -0.1866    -0.2881    -0.0885 0.001   0.0300
grp1:S2:IDL1        0.0342   0.0365    -0.0605     0.1315 0.480   0.6899
grp1:IDR1:IDL1     -0.0682  -0.0680    -0.1744     0.0191 0.166   0.4265
grp1:IDR2:IDL1      0.0603   0.0591    -0.0431     0.1543 0.228   0.4818
S1:IDR1:IDL1        0.0015  -0.0018    -0.1412     0.1293 0.976   0.9904
S2:IDR1:IDL1       -0.0860  -0.0858    -0.2161     0.0568 0.238   0.4781
S1:IDR2:IDL1       -0.0437  -0.0390    -0.1869     0.0958 0.594   0.7184
S2:IDR2:IDL1        0.0590   0.0566    -0.0818     0.1869 0.420   0.6264
grp1:S1:IDR1:IDL1   0.1567   0.1547     0.0260     0.3010 0.030   0.1962
grp1:S2:IDR1:IDL1  -0.0389  -0.0376    -0.1737     0.0962 0.556   0.7485
grp1:S1:IDR2:IDL1   0.0314   0.0304    -0.1105     0.1642 0.640   0.7956
grp1:S2:IDR2:IDL1  -0.0534  -0.0505    -0.1976     0.0793 0.478   0.6596
NULL
       Length Class      Mode
fixed  6      data.frame list
random 7      data.frame list
Analysis of Variance Table
              Df Sum Sq Mean Sq F value
grp            1 0.0116 0.01159  0.1854
S              2 0.0415 0.02074  0.3318
IDR            2 1.1909 0.59545  9.5279
IDL            1 2.0006 2.00059 32.0121
grp:S          2 0.0209 0.01046  0.1674
grp:IDR        2 0.0148 0.00742  0.1187
S:IDR          4 0.3751 0.09379  1.5007
grp:IDL        1 0.0205 0.02050  0.3281
S:IDL          2 0.2049 0.10243  1.6390
IDR:IDL        2 5.9670 2.98350 47.7400
grp:S:IDR      4 0.3123 0.07807  1.2492
grp:S:IDL      2 0.3354 0.16772  2.6837
grp:IDR:IDL    2 0.0474 0.02370  0.3792
S:IDR:IDL      4 0.0520 0.01300  0.2081
grp:S:IDR:IDL  4 0.1844 0.04610  0.7376
Linear mixed model fit by REML 
Formula: get(vname) ~ (1 | pp) + (1 | pp/S) + (1 | pp/IDR) + (1 | pp/IDL) +      (1 | pp/S:IDR:IDL) + grp * S * IDR * IDL 
   Data: mdata 
   AIC  BIC logLik deviance REMLdev
 910.1 1107   -409    729.3   818.1
Random effects:
 Groups       Name        Variance Std.Dev.
 S:IDR:IDL:pp (Intercept) 0.639129 0.79946 
 IDR:pp       (Intercept) 0.716935 0.84672 
 S:pp         (Intercept) 0.182056 0.42668 
 IDL:pp       (Intercept) 0.344768 0.58717 
 pp           (Intercept) 0.078593 0.28035 
 pp           (Intercept) 0.078592 0.28034 
 pp           (Intercept) 0.078589 0.28034 
 pp           (Intercept) 0.078588 0.28034 
 pp           (Intercept) 0.078590 0.28034 
 Residual                 0.062495 0.24999 
Number of obs: 540, groups: S:IDR:IDL:pp, 180; IDR:pp, 30; S:pp, 30; IDL:pp, 20; pp, 10

Fixed effects:
                   Estimate Std. Error t value
(Intercept)        2.299057   0.300265   7.657
grp1              -0.133704   0.300265  -0.445
S1                 0.089517   0.139535   0.642
S2                 0.015918   0.139535   0.114
IDR1              -0.842901   0.234795  -3.590
IDR2              -0.083553   0.234795  -0.356
IDL1               0.818051   0.144585   5.658
grp1:S1            0.078814   0.139535   0.565
grp1:S2           -0.024259   0.139535  -0.174
grp1:IDR1          0.039146   0.234795   0.167
grp1:IDR2         -0.112662   0.234795  -0.480
S1:IDR1            0.003730   0.121102   0.031
S2:IDR1           -0.111814   0.121102  -0.923
S1:IDR2           -0.185028   0.121102  -1.528
S2:IDR2            0.023860   0.121102   0.197
grp1:IDL1          0.082813   0.144585   0.573
S1:IDL1            0.104325   0.085632   1.218
S2:IDL1            0.047163   0.085632   0.551
IDR1:IDL1         -0.595325   0.085632  -6.952
IDR2:IDL1         -0.211553   0.085632  -2.470
grp1:S1:IDR1       0.055934   0.121102   0.462
grp1:S2:IDR1       0.072648   0.121102   0.600
grp1:S1:IDR2       0.156987   0.121102   1.296
grp1:S2:IDR2      -0.049986   0.121102  -0.413
grp1:S1:IDL1      -0.186335   0.085632  -2.176
grp1:S2:IDL1       0.034188   0.085632   0.399
grp1:IDR1:IDL1    -0.068154   0.085632  -0.796
grp1:IDR2:IDL1     0.060283   0.085632   0.704
S1:IDR1:IDL1       0.001462   0.121102   0.012
S2:IDR1:IDL1      -0.085973   0.121102  -0.710
S1:IDR2:IDL1      -0.043695   0.121102  -0.361
S2:IDR2:IDL1       0.058990   0.121102   0.487
grp1:S1:IDR1:IDL1  0.156720   0.121102   1.294
grp1:S2:IDR1:IDL1 -0.038855   0.121102  -0.321
grp1:S1:IDR2:IDL1  0.031387   0.121102   0.259
grp1:S2:IDR2:IDL1 -0.053372   0.121102  -0.441

Correlation of Fixed Effects:
            (Intr) grp1   S1     S2     IDR1   IDR2   IDL1   gr1:S1 gr1:S2
grp1         0.000                                                        
S1           0.000  0.000                                                 
S2           0.000  0.000 -0.500                                          
IDR1         0.000  0.000  0.000  0.000                                   
IDR2         0.000  0.000  0.000  0.000 -0.500                            
IDL1         0.000  0.000  0.000  0.000  0.000  0.000                     
grp1:S1      0.000  0.000  0.000  0.000  0.000  0.000  0.000              
grp1:S2      0.000  0.000  0.000  0.000  0.000  0.000  0.000 -0.500       
grp1:IDR1    0.000  0.000  0.000  0.000  0.000  0.000  0.000  0.000  0.000
grp1:IDR2    0.000  0.000  0.000  0.000  0.000  0.000  0.000  0.000  0.000
S1:IDR1      0.000  0.000  0.000  0.000  0.000  0.000  0.000  0.000  0.000
S2:IDR1      0.000  0.000  0.000  0.000  0.000  0.000  0.000  0.000  0.000
S1:IDR2      0.000  0.000  0.000  0.000  0.000  0.000  0.000  0.000  0.000
S2:IDR2      0.000  0.000  0.000  0.000  0.000  0.000  0.000  0.000  0.000
grp1:IDL1    0.000  0.000  0.000  0.000  0.000  0.000  0.000  0.000  0.000
S1:IDL1      0.000  0.000  0.000  0.000  0.000  0.000  0.000  0.000  0.000
S2:IDL1      0.000  0.000  0.000  0.000  0.000  0.000  0.000  0.000  0.000
IDR1:IDL1    0.000  0.000  0.000  0.000  0.000  0.000  0.000  0.000  0.000
IDR2:IDL1    0.000  0.000  0.000  0.000  0.000  0.000  0.000  0.000  0.000
gr1:S1:IDR1  0.000  0.000  0.000  0.000  0.000  0.000  0.000  0.000  0.000
gr1:S2:IDR1  0.000  0.000  0.000  0.000  0.000  0.000  0.000  0.000  0.000
gr1:S1:IDR2  0.000  0.000  0.000  0.000  0.000  0.000  0.000  0.000  0.000
gr1:S2:IDR2  0.000  0.000  0.000  0.000  0.000  0.000  0.000  0.000  0.000
gr1:S1:IDL1  0.000  0.000  0.000  0.000  0.000  0.000  0.000  0.000  0.000
gr1:S2:IDL1  0.000  0.000  0.000  0.000  0.000  0.000  0.000  0.000  0.000
g1:IDR1:IDL  0.000  0.000  0.000  0.000  0.000  0.000  0.000  0.000  0.000
g1:IDR2:IDL  0.000  0.000  0.000  0.000  0.000  0.000  0.000  0.000  0.000
S1:IDR1:IDL  0.000  0.000  0.000  0.000  0.000  0.000  0.000  0.000  0.000
S2:IDR1:IDL  0.000  0.000  0.000  0.000  0.000  0.000  0.000  0.000  0.000
S1:IDR2:IDL  0.000  0.000  0.000  0.000  0.000  0.000  0.000  0.000  0.000
S2:IDR2:IDL  0.000  0.000  0.000  0.000  0.000  0.000  0.000  0.000  0.000
g1:S1:IDR1:  0.000  0.000  0.000  0.000  0.000  0.000  0.000  0.000  0.000
g1:S2:IDR1:  0.000  0.000  0.000  0.000  0.000  0.000  0.000  0.000  0.000
g1:S1:IDR2:  0.000  0.000  0.000  0.000  0.000  0.000  0.000  0.000  0.000
g1:S2:IDR2:  0.000  0.000  0.000  0.000  0.000  0.000  0.000  0.000  0.000
            gr1:IDR1 gr1:IDR2 S1:IDR1 S2:IDR1 S1:IDR2 S2:IDR2 g1:IDL S1:IDL
grp1                                                                       
S1                                                                         
S2                                                                         
IDR1                                                                       
IDR2                                                                       
IDL1                                                                       
grp1:S1                                                                    
grp1:S2                                                                    
grp1:IDR1                                                                  
grp1:IDR2   -0.500                                                         
S1:IDR1      0.000    0.000                                                
S2:IDR1      0.000    0.000   -0.500                                       
S1:IDR2      0.000    0.000   -0.500   0.250                               
S2:IDR2      0.000    0.000    0.250  -0.500  -0.500                       
grp1:IDL1    0.000    0.000    0.000   0.000   0.000   0.000               
S1:IDL1      0.000    0.000    0.000   0.000   0.000   0.000   0.000       
S2:IDL1      0.000    0.000    0.000   0.000   0.000   0.000   0.000 -0.500
IDR1:IDL1    0.000    0.000    0.000   0.000   0.000   0.000   0.000  0.000
IDR2:IDL1    0.000    0.000    0.000   0.000   0.000   0.000   0.000  0.000
gr1:S1:IDR1  0.000    0.000    0.000   0.000   0.000   0.000   0.000  0.000
gr1:S2:IDR1  0.000    0.000    0.000   0.000   0.000   0.000   0.000  0.000
gr1:S1:IDR2  0.000    0.000    0.000   0.000   0.000   0.000   0.000  0.000
gr1:S2:IDR2  0.000    0.000    0.000   0.000   0.000   0.000   0.000  0.000
gr1:S1:IDL1  0.000    0.000    0.000   0.000   0.000   0.000   0.000  0.000
gr1:S2:IDL1  0.000    0.000    0.000   0.000   0.000   0.000   0.000  0.000
g1:IDR1:IDL  0.000    0.000    0.000   0.000   0.000   0.000   0.000  0.000
g1:IDR2:IDL  0.000    0.000    0.000   0.000   0.000   0.000   0.000  0.000
S1:IDR1:IDL  0.000    0.000    0.000   0.000   0.000   0.000   0.000  0.000
S2:IDR1:IDL  0.000    0.000    0.000   0.000   0.000   0.000   0.000  0.000
S1:IDR2:IDL  0.000    0.000    0.000   0.000   0.000   0.000   0.000  0.000
S2:IDR2:IDL  0.000    0.000    0.000   0.000   0.000   0.000   0.000  0.000
g1:S1:IDR1:  0.000    0.000    0.000   0.000   0.000   0.000   0.000  0.000
g1:S2:IDR1:  0.000    0.000    0.000   0.000   0.000   0.000   0.000  0.000
g1:S1:IDR2:  0.000    0.000    0.000   0.000   0.000   0.000   0.000  0.000
g1:S2:IDR2:  0.000    0.000    0.000   0.000   0.000   0.000   0.000  0.000
            S2:IDL IDR1:I IDR2:I gr1:S1:IDR1 gr1:S2:IDR1 gr1:S1:IDR2
grp1                                                                
S1                                                                  
S2                                                                  
IDR1                                                                
IDR2                                                                
IDL1                                                                
grp1:S1                                                             
grp1:S2                                                             
grp1:IDR1                                                           
grp1:IDR2                                                           
S1:IDR1                                                             
S2:IDR1                                                             
S1:IDR2                                                             
S2:IDR2                                                             
grp1:IDL1                                                           
S1:IDL1                                                             
S2:IDL1                                                             
IDR1:IDL1    0.000                                                  
IDR2:IDL1    0.000 -0.500                                           
gr1:S1:IDR1  0.000  0.000  0.000                                    
gr1:S2:IDR1  0.000  0.000  0.000 -0.500                             
gr1:S1:IDR2  0.000  0.000  0.000 -0.500       0.250                 
gr1:S2:IDR2  0.000  0.000  0.000  0.250      -0.500      -0.500     
gr1:S1:IDL1  0.000  0.000  0.000  0.000       0.000       0.000     
gr1:S2:IDL1  0.000  0.000  0.000  0.000       0.000       0.000     
g1:IDR1:IDL  0.000  0.000  0.000  0.000       0.000       0.000     
g1:IDR2:IDL  0.000  0.000  0.000  0.000       0.000       0.000     
S1:IDR1:IDL  0.000  0.000  0.000  0.000       0.000       0.000     
S2:IDR1:IDL  0.000  0.000  0.000  0.000       0.000       0.000     
S1:IDR2:IDL  0.000  0.000  0.000  0.000       0.000       0.000     
S2:IDR2:IDL  0.000  0.000  0.000  0.000       0.000       0.000     
g1:S1:IDR1:  0.000  0.000  0.000  0.000       0.000       0.000     
g1:S2:IDR1:  0.000  0.000  0.000  0.000       0.000       0.000     
g1:S1:IDR2:  0.000  0.000  0.000  0.000       0.000       0.000     
g1:S2:IDR2:  0.000  0.000  0.000  0.000       0.000       0.000     
            gr1:S2:IDR2 g1:S1:IDL g1:S2:IDL g1:IDR1: g1:IDR2: S1:IDR1: S2:IDR1:
grp1                                                                           
S1                                                                             
S2                                                                             
IDR1                                                                           
IDR2                                                                           
IDL1                                                                           
grp1:S1                                                                        
grp1:S2                                                                        
grp1:IDR1                                                                      
grp1:IDR2                                                                      
S1:IDR1                                                                        
S2:IDR1                                                                        
S1:IDR2                                                                        
S2:IDR2                                                                        
grp1:IDL1                                                                      
S1:IDL1                                                                        
S2:IDL1                                                                        
IDR1:IDL1                                                                      
IDR2:IDL1                                                                      
gr1:S1:IDR1                                                                    
gr1:S2:IDR1                                                                    
gr1:S1:IDR2                                                                    
gr1:S2:IDR2                                                                    
gr1:S1:IDL1  0.000                                                             
gr1:S2:IDL1  0.000      -0.500                                                 
g1:IDR1:IDL  0.000       0.000     0.000                                       
g1:IDR2:IDL  0.000       0.000     0.000    -0.500                             
S1:IDR1:IDL  0.000       0.000     0.000     0.000    0.000                    
S2:IDR1:IDL  0.000       0.000     0.000     0.000    0.000   -0.500           
S1:IDR2:IDL  0.000       0.000     0.000     0.000    0.000   -0.500    0.250  
S2:IDR2:IDL  0.000       0.000     0.000     0.000    0.000    0.250   -0.500  
g1:S1:IDR1:  0.000       0.000     0.000     0.000    0.000    0.000    0.000  
g1:S2:IDR1:  0.000       0.000     0.000     0.000    0.000    0.000    0.000  
g1:S1:IDR2:  0.000       0.000     0.000     0.000    0.000    0.000    0.000  
g1:S2:IDR2:  0.000       0.000     0.000     0.000    0.000    0.000    0.000  
            S1:IDR2: S2:IDR2: g1:S1:IDR1: g1:S2:IDR1: g1:S1:IDR2:
grp1                                                             
S1                                                               
S2                                                               
IDR1                                                             
IDR2                                                             
IDL1                                                             
grp1:S1                                                          
grp1:S2                                                          
grp1:IDR1                                                        
grp1:IDR2                                                        
S1:IDR1                                                          
S2:IDR1                                                          
S1:IDR2                                                          
S2:IDR2                                                          
grp1:IDL1                                                        
S1:IDL1                                                          
S2:IDL1                                                          
IDR1:IDL1                                                        
IDR2:IDL1                                                        
gr1:S1:IDR1                                                      
gr1:S2:IDR1                                                      
gr1:S1:IDR2                                                      
gr1:S2:IDR2                                                      
gr1:S1:IDL1                                                      
gr1:S2:IDL1                                                      
g1:IDR1:IDL                                                      
g1:IDR2:IDL                                                      
S1:IDR1:IDL                                                      
S2:IDR1:IDL                                                      
S1:IDR2:IDL                                                      
S2:IDR2:IDL -0.500                                               
g1:S1:IDR1:  0.000    0.000                                      
g1:S2:IDR1:  0.000    0.000   -0.500                             
g1:S1:IDR2:  0.000    0.000   -0.500       0.250                 
g1:S2:IDR2:  0.000    0.000    0.250      -0.500      -0.500     
