[1] "q4 ~(S*ID*grp)+Error(pp/(S*ID))+grp"
$ANOVA
    Effect DFn DFd            F            p p<.05          ges
2      grp   1   8  0.220179152 0.6514259518       0.0097715863
3        S   2  16  3.053597482 0.0752819276       0.0613446675
5       ID   1   8 34.135462363 0.0003860224     * 0.5796274892
4    grp:S   2  16  0.052845798 0.9486911129       0.0011297398
6   grp:ID   1   8  0.021804880 0.8862611878       0.0008799951
7     S:ID   2  16  0.007839477 0.9921949797       0.0001441191
8 grp:S:ID   2  16  2.608135192 0.1046182689       0.0457598745

$`Mauchly's Test for Sphericity`
    Effect         W         p p<.05
3        S 0.7240068 0.3229233      
4    grp:S 0.7240068 0.3229233      
7     S:ID 0.9119758 0.7243386      
8 grp:S:ID 0.9119758 0.7243386      

$`Sphericity Corrections`
    Effect       GGe     p[GG] p[GG]<.05       HFe      p[HF] p[HF]<.05
3        S 0.7837033 0.0918387           0.9410402 0.07947013          
4    grp:S 0.7837033 0.9139993           0.9410402 0.94104333          
7     S:ID 0.9190972 0.9890086           1.1801533 0.99219498          
8 grp:S:ID 0.9190972 0.1104583           1.1801533 0.10461827          

