                  Estimate MCMCmean HPD95lower HPD95upper pMCMC Pr(>|t|)
(Intercept)         0.8623   0.8622     0.8446     0.8807 0.001   0.0000
grp1                0.0154   0.0153    -0.0027     0.0339 0.084   0.0252
S1                 -0.0116  -0.0115    -0.0224    -0.0011 0.038   0.0572
S2                  0.0077   0.0078    -0.0033     0.0180 0.174   0.2051
IDR1                0.0124   0.0124     0.0070     0.0184 0.002   0.0001
IDR2                0.0075   0.0074     0.0013     0.0127 0.014   0.0160
IDL1                0.0001   0.0002    -0.0102     0.0091 0.968   0.9879
grp1:S1            -0.0010  -0.0010    -0.0113     0.0089 0.832   0.8727
grp1:S2             0.0026   0.0025    -0.0086     0.0130 0.664   0.6683
grp1:IDR1           0.0003   0.0003    -0.0056     0.0059 0.922   0.9182
grp1:IDR2           0.0004   0.0004    -0.0056     0.0062 0.900   0.9036
S1:IDR1            -0.0031  -0.0030    -0.0108     0.0048 0.438   0.4800
S2:IDR1             0.0046   0.0046    -0.0029     0.0112 0.216   0.2987
S1:IDR2             0.0027   0.0027    -0.0055     0.0092 0.470   0.5391
S2:IDR2            -0.0021  -0.0023    -0.0095     0.0049 0.532   0.6250
grp1:IDL1           0.0034   0.0034    -0.0056     0.0126 0.462   0.5521
S1:IDL1             0.0024   0.0025    -0.0027     0.0073 0.346   0.4308
S2:IDL1            -0.0014  -0.0015    -0.0066     0.0033 0.566   0.6401
IDR1:IDL1          -0.0051  -0.0052    -0.0100     0.0004 0.058   0.0990
IDR2:IDL1           0.0038   0.0038    -0.0015     0.0088 0.148   0.2243
grp1:S1:IDR1       -0.0053  -0.0053    -0.0122     0.0023 0.162   0.2292
grp1:S2:IDR1       -0.0011  -0.0011    -0.0080     0.0055 0.750   0.7945
grp1:S1:IDR2        0.0028   0.0029    -0.0049     0.0102 0.434   0.5158
grp1:S2:IDR2       -0.0042  -0.0044    -0.0115     0.0028 0.256   0.3353
grp1:S1:IDL1       -0.0074  -0.0075    -0.0124    -0.0023 0.006   0.0173
grp1:S2:IDL1        0.0096   0.0096     0.0045     0.0148 0.002   0.0020
grp1:IDR1:IDL1     -0.0026  -0.0026    -0.0078     0.0026 0.330   0.3979
grp1:IDR2:IDL1     -0.0033  -0.0032    -0.0086     0.0016 0.246   0.2935
S1:IDR1:IDL1       -0.0136  -0.0136    -0.0209    -0.0068 0.001   0.0021
S2:IDR1:IDL1        0.0063   0.0063    -0.0012     0.0130 0.094   0.1525
S1:IDR2:IDL1        0.0046   0.0045    -0.0032     0.0118 0.230   0.2972
S2:IDR2:IDL1       -0.0033  -0.0033    -0.0101     0.0043 0.414   0.4536
grp1:S1:IDR1:IDL1   0.0094   0.0095     0.0029     0.0167 0.004   0.0324
grp1:S2:IDR1:IDL1  -0.0056  -0.0055    -0.0130     0.0014 0.150   0.1987
grp1:S1:IDR2:IDL1  -0.0083  -0.0085    -0.0152    -0.0017 0.014   0.0603
grp1:S2:IDR2:IDL1   0.0080   0.0080     0.0013     0.0161 0.036   0.0677
NULL
       Length Class      Mode
fixed  6      data.frame list
random 7      data.frame list
Analysis of Variance Table
              Df   Sum Sq  Mean Sq F value
grp            1 0.008046 0.008046  5.0390
S              2 0.006011 0.003006  1.8824
IDR            2 0.067050 0.033525 20.9959
IDL            1 0.000000 0.000000  0.0002
grp:S          2 0.000300 0.000150  0.0938
grp:IDR        2 0.000080 0.000040  0.0251
S:IDR          4 0.002021 0.000505  0.3165
grp:IDL        1 0.000565 0.000565  0.3538
S:IDL          2 0.001004 0.000502  0.3144
IDR:IDL        2 0.004686 0.002343  1.4673
grp:S:IDR      4 0.007156 0.001789  1.1205
grp:S:IDL      2 0.016888 0.008444  5.2884
grp:IDR:IDL    2 0.005772 0.002886  1.8073
S:IDR:IDL      4 0.016064 0.004016  2.5152
grp:S:IDR:IDL  4 0.010580 0.002645  1.6566
Linear mixed model fit by REML 
Formula: get(vname) ~ (1 | pp) + (1 | pp/S) + (1 | pp/IDR) + (1 | pp/IDL) +      (1 | pp/S:IDR:IDL) + grp * S * IDR * IDL 
   Data: mdata 
   AIC   BIC logLik deviance REMLdev
 -1398 -1201  745.1    -1826   -1490
Random effects:
 Groups       Name        Variance   Std.Dev.  
 S:IDR:IDL:pp (Intercept) 3.3185e-04 1.8217e-02
 IDR:pp       (Intercept) 0.0000e+00 0.0000e+00
 S:pp         (Intercept) 4.0717e-04 2.0178e-02
 IDL:pp       (Intercept) 5.7535e-04 2.3986e-02
 pp           (Intercept) 1.9341e-11 4.3978e-06
 pp           (Intercept) 2.6133e-12 1.6166e-06
 pp           (Intercept) 1.4884e-12 1.2200e-06
 pp           (Intercept) 4.3057e-12 2.0750e-06
 pp           (Intercept) 3.4854e-12 1.8669e-06
 Residual                 1.5967e-03 3.9959e-02
Number of obs: 540, groups: S:IDR:IDL:pp, 180; IDR:pp, 30; S:pp, 30; IDL:pp, 20; pp, 10

Fixed effects:
                    Estimate Std. Error t value
(Intercept)        8.623e-01  6.866e-03  125.59
grp1               1.541e-02  6.866e-03    2.25
S1                -1.155e-02  6.062e-03   -1.91
S2                 7.691e-03  6.062e-03    1.27
IDR1               1.239e-02  3.098e-03    4.00
IDR2               7.487e-03  3.098e-03    2.42
IDL1               8.794e-05  5.794e-03    0.02
grp1:S1           -9.720e-04  6.062e-03   -0.16
grp1:S2            2.599e-03  6.062e-03    0.43
grp1:IDR1          3.184e-04  3.098e-03    0.10
grp1:IDR2          3.753e-04  3.098e-03    0.12
S1:IDR1           -3.097e-03  4.382e-03   -0.71
S2:IDR1            4.558e-03  4.382e-03    1.04
S1:IDR2            2.693e-03  4.382e-03    0.61
S2:IDR2           -2.143e-03  4.382e-03   -0.49
grp1:IDL1          3.447e-03  5.794e-03    0.59
S1:IDL1            2.443e-03  3.098e-03    0.79
S2:IDL1           -1.450e-03  3.098e-03   -0.47
IDR1:IDL1         -5.121e-03  3.098e-03   -1.65
IDR2:IDL1          3.769e-03  3.098e-03    1.22
grp1:S1:IDR1      -5.275e-03  4.382e-03   -1.20
grp1:S2:IDR1      -1.142e-03  4.382e-03   -0.26
grp1:S1:IDR2       2.849e-03  4.382e-03    0.65
grp1:S2:IDR2      -4.226e-03  4.382e-03   -0.96
grp1:S1:IDL1      -7.396e-03  3.098e-03   -2.39
grp1:S2:IDL1       9.626e-03  3.098e-03    3.11
grp1:IDR1:IDL1    -2.621e-03  3.098e-03   -0.85
grp1:IDR2:IDL1    -3.258e-03  3.098e-03   -1.05
S1:IDR1:IDL1      -1.355e-02  4.382e-03   -3.09
S2:IDR1:IDL1       6.279e-03  4.382e-03    1.43
S1:IDR2:IDL1       4.572e-03  4.382e-03    1.04
S2:IDR2:IDL1      -3.287e-03  4.382e-03   -0.75
grp1:S1:IDR1:IDL1  9.401e-03  4.382e-03    2.15
grp1:S2:IDR1:IDL1 -5.639e-03  4.382e-03   -1.29
grp1:S1:IDR2:IDL1 -8.250e-03  4.382e-03   -1.88
grp1:S2:IDR2:IDL1  8.022e-03  4.382e-03    1.83

Correlation of Fixed Effects:
            (Intr) grp1   S1     S2     IDR1   IDR2   IDL1   gr1:S1 gr1:S2
grp1         0.000                                                        
S1           0.000  0.000                                                 
S2           0.000  0.000 -0.500                                          
IDR1         0.000  0.000  0.000  0.000                                   
IDR2         0.000  0.000  0.000  0.000 -0.500                            
IDL1         0.000  0.000  0.000  0.000  0.000  0.000                     
grp1:S1      0.000  0.000  0.000  0.000  0.000  0.000  0.000              
grp1:S2      0.000  0.000  0.000  0.000  0.000  0.000  0.000 -0.500       
grp1:IDR1    0.000  0.000  0.000  0.000  0.000  0.000  0.000  0.000  0.000
grp1:IDR2    0.000  0.000  0.000  0.000  0.000  0.000  0.000  0.000  0.000
S1:IDR1      0.000  0.000  0.000  0.000  0.000  0.000  0.000  0.000  0.000
S2:IDR1      0.000  0.000  0.000  0.000  0.000  0.000  0.000  0.000  0.000
S1:IDR2      0.000  0.000  0.000  0.000  0.000  0.000  0.000  0.000  0.000
S2:IDR2      0.000  0.000  0.000  0.000  0.000  0.000  0.000  0.000  0.000
grp1:IDL1    0.000  0.000  0.000  0.000  0.000  0.000  0.000  0.000  0.000
S1:IDL1      0.000  0.000  0.000  0.000  0.000  0.000  0.000  0.000  0.000
S2:IDL1      0.000  0.000  0.000  0.000  0.000  0.000  0.000  0.000  0.000
IDR1:IDL1    0.000  0.000  0.000  0.000  0.000  0.000  0.000  0.000  0.000
IDR2:IDL1    0.000  0.000  0.000  0.000  0.000  0.000  0.000  0.000  0.000
gr1:S1:IDR1  0.000  0.000  0.000  0.000  0.000  0.000  0.000  0.000  0.000
gr1:S2:IDR1  0.000  0.000  0.000  0.000  0.000  0.000  0.000  0.000  0.000
gr1:S1:IDR2  0.000  0.000  0.000  0.000  0.000  0.000  0.000  0.000  0.000
gr1:S2:IDR2  0.000  0.000  0.000  0.000  0.000  0.000  0.000  0.000  0.000
gr1:S1:IDL1  0.000  0.000  0.000  0.000  0.000  0.000  0.000  0.000  0.000
gr1:S2:IDL1  0.000  0.000  0.000  0.000  0.000  0.000  0.000  0.000  0.000
g1:IDR1:IDL  0.000  0.000  0.000  0.000  0.000  0.000  0.000  0.000  0.000
g1:IDR2:IDL  0.000  0.000  0.000  0.000  0.000  0.000  0.000  0.000  0.000
S1:IDR1:IDL  0.000  0.000  0.000  0.000  0.000  0.000  0.000  0.000  0.000
S2:IDR1:IDL  0.000  0.000  0.000  0.000  0.000  0.000  0.000  0.000  0.000
S1:IDR2:IDL  0.000  0.000  0.000  0.000  0.000  0.000  0.000  0.000  0.000
S2:IDR2:IDL  0.000  0.000  0.000  0.000  0.000  0.000  0.000  0.000  0.000
g1:S1:IDR1:  0.000  0.000  0.000  0.000  0.000  0.000  0.000  0.000  0.000
g1:S2:IDR1:  0.000  0.000  0.000  0.000  0.000  0.000  0.000  0.000  0.000
g1:S1:IDR2:  0.000  0.000  0.000  0.000  0.000  0.000  0.000  0.000  0.000
g1:S2:IDR2:  0.000  0.000  0.000  0.000  0.000  0.000  0.000  0.000  0.000
            gr1:IDR1 gr1:IDR2 S1:IDR1 S2:IDR1 S1:IDR2 S2:IDR2 g1:IDL S1:IDL
grp1                                                                       
S1                                                                         
S2                                                                         
IDR1                                                                       
IDR2                                                                       
IDL1                                                                       
grp1:S1                                                                    
grp1:S2                                                                    
grp1:IDR1                                                                  
grp1:IDR2   -0.500                                                         
S1:IDR1      0.000    0.000                                                
S2:IDR1      0.000    0.000   -0.500                                       
S1:IDR2      0.000    0.000   -0.500   0.250                               
S2:IDR2      0.000    0.000    0.250  -0.500  -0.500                       
grp1:IDL1    0.000    0.000    0.000   0.000   0.000   0.000               
S1:IDL1      0.000    0.000    0.000   0.000   0.000   0.000   0.000       
S2:IDL1      0.000    0.000    0.000   0.000   0.000   0.000   0.000 -0.500
IDR1:IDL1    0.000    0.000    0.000   0.000   0.000   0.000   0.000  0.000
IDR2:IDL1    0.000    0.000    0.000   0.000   0.000   0.000   0.000  0.000
gr1:S1:IDR1  0.000    0.000    0.000   0.000   0.000   0.000   0.000  0.000
gr1:S2:IDR1  0.000    0.000    0.000   0.000   0.000   0.000   0.000  0.000
gr1:S1:IDR2  0.000    0.000    0.000   0.000   0.000   0.000   0.000  0.000
gr1:S2:IDR2  0.000    0.000    0.000   0.000   0.000   0.000   0.000  0.000
gr1:S1:IDL1  0.000    0.000    0.000   0.000   0.000   0.000   0.000  0.000
gr1:S2:IDL1  0.000    0.000    0.000   0.000   0.000   0.000   0.000  0.000
g1:IDR1:IDL  0.000    0.000    0.000   0.000   0.000   0.000   0.000  0.000
g1:IDR2:IDL  0.000    0.000    0.000   0.000   0.000   0.000   0.000  0.000
S1:IDR1:IDL  0.000    0.000    0.000   0.000   0.000   0.000   0.000  0.000
S2:IDR1:IDL  0.000    0.000    0.000   0.000   0.000   0.000   0.000  0.000
S1:IDR2:IDL  0.000    0.000    0.000   0.000   0.000   0.000   0.000  0.000
S2:IDR2:IDL  0.000    0.000    0.000   0.000   0.000   0.000   0.000  0.000
g1:S1:IDR1:  0.000    0.000    0.000   0.000   0.000   0.000   0.000  0.000
g1:S2:IDR1:  0.000    0.000    0.000   0.000   0.000   0.000   0.000  0.000
g1:S1:IDR2:  0.000    0.000    0.000   0.000   0.000   0.000   0.000  0.000
g1:S2:IDR2:  0.000    0.000    0.000   0.000   0.000   0.000   0.000  0.000
            S2:IDL IDR1:I IDR2:I gr1:S1:IDR1 gr1:S2:IDR1 gr1:S1:IDR2
grp1                                                                
S1                                                                  
S2                                                                  
IDR1                                                                
IDR2                                                                
IDL1                                                                
grp1:S1                                                             
grp1:S2                                                             
grp1:IDR1                                                           
grp1:IDR2                                                           
S1:IDR1                                                             
S2:IDR1                                                             
S1:IDR2                                                             
S2:IDR2                                                             
grp1:IDL1                                                           
S1:IDL1                                                             
S2:IDL1                                                             
IDR1:IDL1    0.000                                                  
IDR2:IDL1    0.000 -0.500                                           
gr1:S1:IDR1  0.000  0.000  0.000                                    
gr1:S2:IDR1  0.000  0.000  0.000 -0.500                             
gr1:S1:IDR2  0.000  0.000  0.000 -0.500       0.250                 
gr1:S2:IDR2  0.000  0.000  0.000  0.250      -0.500      -0.500     
gr1:S1:IDL1  0.000  0.000  0.000  0.000       0.000       0.000     
gr1:S2:IDL1  0.000  0.000  0.000  0.000       0.000       0.000     
g1:IDR1:IDL  0.000  0.000  0.000  0.000       0.000       0.000     
g1:IDR2:IDL  0.000  0.000  0.000  0.000       0.000       0.000     
S1:IDR1:IDL  0.000  0.000  0.000  0.000       0.000       0.000     
S2:IDR1:IDL  0.000  0.000  0.000  0.000       0.000       0.000     
S1:IDR2:IDL  0.000  0.000  0.000  0.000       0.000       0.000     
S2:IDR2:IDL  0.000  0.000  0.000  0.000       0.000       0.000     
g1:S1:IDR1:  0.000  0.000  0.000  0.000       0.000       0.000     
g1:S2:IDR1:  0.000  0.000  0.000  0.000       0.000       0.000     
g1:S1:IDR2:  0.000  0.000  0.000  0.000       0.000       0.000     
g1:S2:IDR2:  0.000  0.000  0.000  0.000       0.000       0.000     
            gr1:S2:IDR2 g1:S1:IDL g1:S2:IDL g1:IDR1: g1:IDR2: S1:IDR1: S2:IDR1:
grp1                                                                           
S1                                                                             
S2                                                                             
IDR1                                                                           
IDR2                                                                           
IDL1                                                                           
grp1:S1                                                                        
grp1:S2                                                                        
grp1:IDR1                                                                      
grp1:IDR2                                                                      
S1:IDR1                                                                        
S2:IDR1                                                                        
S1:IDR2                                                                        
S2:IDR2                                                                        
grp1:IDL1                                                                      
S1:IDL1                                                                        
S2:IDL1                                                                        
IDR1:IDL1                                                                      
IDR2:IDL1                                                                      
gr1:S1:IDR1                                                                    
gr1:S2:IDR1                                                                    
gr1:S1:IDR2                                                                    
gr1:S2:IDR2                                                                    
gr1:S1:IDL1  0.000                                                             
gr1:S2:IDL1  0.000      -0.500                                                 
g1:IDR1:IDL  0.000       0.000     0.000                                       
g1:IDR2:IDL  0.000       0.000     0.000    -0.500                             
S1:IDR1:IDL  0.000       0.000     0.000     0.000    0.000                    
S2:IDR1:IDL  0.000       0.000     0.000     0.000    0.000   -0.500           
S1:IDR2:IDL  0.000       0.000     0.000     0.000    0.000   -0.500    0.250  
S2:IDR2:IDL  0.000       0.000     0.000     0.000    0.000    0.250   -0.500  
g1:S1:IDR1:  0.000       0.000     0.000     0.000    0.000    0.000    0.000  
g1:S2:IDR1:  0.000       0.000     0.000     0.000    0.000    0.000    0.000  
g1:S1:IDR2:  0.000       0.000     0.000     0.000    0.000    0.000    0.000  
g1:S2:IDR2:  0.000       0.000     0.000     0.000    0.000    0.000    0.000  
            S1:IDR2: S2:IDR2: g1:S1:IDR1: g1:S2:IDR1: g1:S1:IDR2:
grp1                                                             
S1                                                               
S2                                                               
IDR1                                                             
IDR2                                                             
IDL1                                                             
grp1:S1                                                          
grp1:S2                                                          
grp1:IDR1                                                        
grp1:IDR2                                                        
S1:IDR1                                                          
S2:IDR1                                                          
S1:IDR2                                                          
S2:IDR2                                                          
grp1:IDL1                                                        
S1:IDL1                                                          
S2:IDL1                                                          
IDR1:IDL1                                                        
IDR2:IDL1                                                        
gr1:S1:IDR1                                                      
gr1:S2:IDR1                                                      
gr1:S1:IDR2                                                      
gr1:S2:IDR2                                                      
gr1:S1:IDL1                                                      
gr1:S2:IDL1                                                      
g1:IDR1:IDL                                                      
g1:IDR2:IDL                                                      
S1:IDR1:IDL                                                      
S2:IDR1:IDL                                                      
S1:IDR2:IDL                                                      
S2:IDR2:IDL -0.500                                               
g1:S1:IDR1:  0.000    0.000                                      
g1:S2:IDR1:  0.000    0.000   -0.500                             
g1:S1:IDR2:  0.000    0.000   -0.500       0.250                 
g1:S2:IDR2:  0.000    0.000    0.250      -0.500      -0.500     
