[1] "IPerfL ~S*IDR*IDL*grp + Error(pp/(S*IDR*IDL))"
$ANOVA
          Effect DFn DFd          F            p p<.05         ges
2            grp   1   8  0.3096922 5.930901e-01       0.012746367
3              S   2  16 35.0626793 1.418768e-06     * 0.264208555
5            IDR   2  16 54.5787059 7.133576e-08     * 0.446382675
7            IDL   1   8 10.4345646 1.205233e-02     * 0.211082144
4          grp:S   2  16  0.5164813 6.062312e-01       0.005261512
6        grp:IDR   2  16  3.6657227 4.891327e-02     * 0.051372393
8        grp:IDL   1   8  1.7437127 2.231942e-01       0.042798040
9          S:IDR   4  32  7.8218714 1.626255e-04     * 0.032140534
11         S:IDL   2  16 12.0167222 6.509928e-04     * 0.073489328
13       IDR:IDL   2  16 26.4705984 8.416457e-06     * 0.298863546
10     grp:S:IDR   4  32  4.7731466 3.912598e-03     * 0.019861961
12     grp:S:IDL   2  16  2.1825603 1.451657e-01       0.014201759
14   grp:IDR:IDL   2  16  0.6751673 5.229944e-01       0.010755282
15     S:IDR:IDL   4  32  9.8351789 2.637862e-05     * 0.053131613
16 grp:S:IDR:IDL   4  32  0.7931517 5.383799e-01       0.004504811

$`Mauchly's Test for Sphericity`
          Effect          W           p p<.05
3              S 0.70576708 0.295334984      
4          grp:S 0.70576708 0.295334984      
5            IDR 0.20423746 0.003850117     *
6        grp:IDR 0.20423746 0.003850117     *
9          S:IDR 0.17338695 0.276976428      
10     grp:S:IDR 0.17338695 0.276976428      
11         S:IDL 0.82609249 0.512389657      
12     grp:S:IDL 0.82609249 0.512389657      
13       IDR:IDL 0.25757313 0.008672652     *
14   grp:IDR:IDL 0.25757313 0.008672652     *
15     S:IDR:IDL 0.06436886 0.047159824     *
16 grp:S:IDR:IDL 0.06436886 0.047159824     *

$`Sphericity Corrections`
          Effect       GGe        p[GG] p[GG]<.05       HFe        p[HF]
3              S 0.7726584 1.717405e-05         * 0.9224196 3.315490e-06
4          grp:S 0.7726584 5.633477e-01           0.9224196 5.927286e-01
5            IDR 0.5568665 3.457120e-05         * 0.5825796 2.407604e-05
6        grp:IDR 0.5568665 8.556728e-02           0.5825796 8.284369e-02
9          S:IDR 0.5092031 4.017761e-03         * 0.6846721 1.259292e-03
10     grp:S:IDR 0.5092031 2.288620e-02         * 0.6846721 1.205364e-02
11         S:IDL 0.8518559 1.381448e-03         * 1.0588306 6.509928e-04
12     grp:S:IDL 0.8518559 1.548310e-01           1.0588306 1.451657e-01
13       IDR:IDL 0.5739122 4.388813e-04         * 0.6078667 3.192437e-04
14   grp:IDR:IDL 0.5739122 4.523881e-01           0.6078667 4.596371e-01
15     S:IDR:IDL 0.4329833 2.886032e-03         * 0.5419294 1.152380e-03
16 grp:S:IDR:IDL 0.4329833 4.550345e-01           0.5419294 4.774390e-01
   p[HF]<.05
3          *
4           
5          *
6           
9          *
10         *
11         *
12          
13         *
14          
15         *
16          

