Post-hoc Tukey comparisons[1] "grp Tukey test"

	Pairwise comparisons using paired t tests 

data:  mdata$IPerfL and mdata$grp 

  C    
U 0.033

P value adjustment method: bonferroni 
[1] "S Tukey test"

	Pairwise comparisons using paired t tests 

data:  mdata$IPerfL and mdata$S 

  1       2      
2 < 2e-16 -      
3 < 2e-16 2.5e-10

P value adjustment method: bonferroni 
[1] "IDR Tukey test"

	Pairwise comparisons using paired t tests 

data:  mdata$IPerfL and mdata$IDR 

  D      M     
M <2e-16 -     
E <2e-16 <2e-16

P value adjustment method: bonferroni 
[1] "IDL Tukey test"
