Post-hoc Tukey comparisons[1] "grp Tukey test"

	Pairwise comparisons using paired t tests 

data:  mdata$IDefRrel and mdata$grp 

  C   
U 0.14

P value adjustment method: bonferroni 
[1] "S Tukey test"

	Pairwise comparisons using paired t tests 

data:  mdata$IDefRrel and mdata$S 

  1    2   
2 0.20 -   
3 0.94 1.00

P value adjustment method: bonferroni 
[1] "IDR Tukey test"

	Pairwise comparisons using paired t tests 

data:  mdata$IDefRrel and mdata$IDR 

  D       M
M 3.4e-10 -
E 6.8e-05 1

P value adjustment method: bonferroni 
[1] "IDL Tukey test"
