                  Estimate MCMCmean HPD95lower HPD95upper pMCMC Pr(>|t|)
(Intercept)         1.0541   1.0546     1.0061     1.1067 0.001   0.0000
grp1                0.0092   0.0085    -0.0453     0.0525 0.704   0.6861
S1                  0.0110   0.0114    -0.0142     0.0365 0.398   0.5019
S2                 -0.0098  -0.0102    -0.0340     0.0158 0.398   0.5493
IDR1               -0.0380  -0.0379    -0.0610    -0.0148 0.001   0.0117
IDR2                0.0176   0.0171    -0.0054     0.0415 0.162   0.2405
IDL1                0.0286   0.0281     0.0090     0.0432 0.001   0.0023
grp1:S1             0.0213   0.0214    -0.0035     0.0473 0.094   0.1926
grp1:S2            -0.0025  -0.0026    -0.0254     0.0231 0.842   0.8806
grp1:IDR1          -0.0185  -0.0185    -0.0438     0.0033 0.102   0.2184
grp1:IDR2          -0.0057  -0.0057    -0.0275     0.0168 0.612   0.7040
S1:IDR1             0.0018   0.0017    -0.0159     0.0173 0.802   0.8731
S2:IDR1            -0.0131  -0.0132    -0.0309     0.0018 0.096   0.2472
S1:IDR2             0.0290   0.0291     0.0137     0.0463 0.002   0.0106
S2:IDR2            -0.0150  -0.0150    -0.0304     0.0023 0.078   0.1862
grp1:IDL1           0.0132   0.0130    -0.0024     0.0282 0.096   0.1579
S1:IDL1            -0.0036  -0.0037    -0.0142     0.0083 0.516   0.6496
S2:IDL1             0.0110   0.0105    -0.0010     0.0217 0.076   0.1696
IDR1:IDL1          -0.0140  -0.0141    -0.0253    -0.0032 0.014   0.0799
IDR2:IDL1          -0.0029  -0.0029    -0.0159     0.0083 0.620   0.7213
grp1:S1:IDR1        0.0255   0.0250     0.0087     0.0400 0.008   0.0244
grp1:S2:IDR1       -0.0111  -0.0106    -0.0271     0.0055 0.190   0.3250
grp1:S1:IDR2       -0.0069  -0.0066    -0.0242     0.0094 0.432   0.5438
grp1:S2:IDR2        0.0045   0.0044    -0.0102     0.0214 0.602   0.6919
grp1:S1:IDL1       -0.0172  -0.0169    -0.0268    -0.0043 0.004   0.0322
grp1:S2:IDL1        0.0026   0.0024    -0.0095     0.0135 0.694   0.7456
grp1:IDR1:IDL1     -0.0105  -0.0105    -0.0229     0.0008 0.074   0.1881
grp1:IDR2:IDL1     -0.0052  -0.0054    -0.0163     0.0049 0.350   0.5170
S1:IDR1:IDL1       -0.0044  -0.0042    -0.0201     0.0120 0.624   0.6987
S2:IDR1:IDL1       -0.0026  -0.0030    -0.0184     0.0136 0.704   0.8200
S1:IDR2:IDL1        0.0041   0.0040    -0.0128     0.0193 0.616   0.7190
S2:IDR2:IDL1        0.0066   0.0064    -0.0091     0.0219 0.464   0.5590
grp1:S1:IDR1:IDL1   0.0161   0.0161     0.0008     0.0327 0.032   0.1545
grp1:S2:IDR1:IDL1   0.0005   0.0007    -0.0153     0.0178 0.884   0.9635
grp1:S1:IDR2:IDL1  -0.0088  -0.0086    -0.0249     0.0079 0.272   0.4372
grp1:S2:IDR2:IDL1  -0.0011  -0.0013    -0.0162     0.0163 0.872   0.9236
NULL
       Length Class      Mode
fixed  6      data.frame list
random 7      data.frame list
Analysis of Variance Table
              Df   Sum Sq  Mean Sq F value
grp            1 0.000790 0.000790  0.1620
S              2 0.002651 0.001326  0.2720
IDR            2 0.031230 0.015615  3.2036
IDL            1 0.045862 0.045862  9.4092
grp:S          2 0.009935 0.004967  1.0191
grp:IDR        2 0.013852 0.006926  1.4209
S:IDR          4 0.056031 0.014008  2.8739
grp:IDL        1 0.009751 0.009751  2.0005
S:IDL          2 0.009576 0.004788  0.9823
IDR:IDL        2 0.024911 0.012456  2.5554
grp:S:IDR      4 0.026985 0.006746  1.3841
grp:S:IDL      2 0.026147 0.013073  2.6822
grp:IDR:IDL    2 0.019576 0.009788  2.0082
S:IDR:IDL      4 0.004724 0.001181  0.2423
grp:S:IDR:IDL  4 0.013777 0.003444  0.7066
Linear mixed model fit by REML 
Formula: get(vname) ~ (1 | pp) + (1 | pp/S) + (1 | pp/IDR) + (1 | pp/IDL) +      (1 | pp/S:IDR:IDL) + grp * S * IDR * IDL 
   Data: mdata 
    AIC  BIC logLik deviance REMLdev
 -705.4 -508  398.7    -1060  -797.4
Random effects:
 Groups       Name        Variance   Std.Dev.
 S:IDR:IDL:pp (Intercept) 0.00412940 0.064260
 IDR:pp       (Intercept) 0.00242008 0.049194
 S:pp         (Intercept) 0.00304045 0.055140
 IDL:pp       (Intercept) 0.00109781 0.033133
 pp           (Intercept) 0.00050320 0.022432
 pp           (Intercept) 0.00050321 0.022432
 pp           (Intercept) 0.00050347 0.022438
 pp           (Intercept) 0.00050346 0.022438
 pp           (Intercept) 0.00050389 0.022448
 Residual                 0.00487415 0.069815
Number of obs: 540, groups: S:IDR:IDL:pp, 180; IDR:pp, 30; S:pp, 30; IDL:pp, 20; pp, 10

Fixed effects:
                    Estimate Std. Error t value
(Intercept)        1.0541477  0.0228148   46.20
grp1               0.0092267  0.0228148    0.40
S1                 0.0109730  0.0163289    0.67
S2                -0.0097847  0.0163289   -0.60
IDR1              -0.0379602  0.0150091   -2.53
IDR2               0.0176372  0.0150091    1.18
IDL1               0.0285877  0.0093198    3.07
grp1:S1            0.0213039  0.0163289    1.30
grp1:S2           -0.0024542  0.0163289   -0.15
grp1:IDR1         -0.0184958  0.0150091   -1.23
grp1:IDR2         -0.0057047  0.0150091   -0.38
S1:IDR1            0.0018074  0.0113079    0.16
S2:IDR1           -0.0130996  0.0113079   -1.16
S1:IDR2            0.0289906  0.0113079    2.56
S2:IDR2           -0.0149692  0.0113079   -1.32
grp1:IDL1          0.0131819  0.0093198    1.41
S1:IDL1           -0.0036351  0.0079959   -0.45
S2:IDL1            0.0109989  0.0079959    1.38
IDR1:IDL1         -0.0140315  0.0079959   -1.75
IDR2:IDL1         -0.0028538  0.0079959   -0.36
grp1:S1:IDR1       0.0255323  0.0113079    2.26
grp1:S2:IDR1      -0.0111411  0.0113079   -0.99
grp1:S1:IDR2      -0.0068699  0.0113079   -0.61
grp1:S2:IDR2       0.0044835  0.0113079    0.40
grp1:S1:IDL1      -0.0171777  0.0079959   -2.15
grp1:S2:IDL1       0.0025953  0.0079959    0.32
grp1:IDR1:IDL1    -0.0105387  0.0079959   -1.32
grp1:IDR2:IDL1    -0.0051848  0.0079959   -0.65
S1:IDR1:IDL1      -0.0043796  0.0113079   -0.39
S2:IDR1:IDL1      -0.0025739  0.0113079   -0.23
S1:IDR2:IDL1       0.0040711  0.0113079    0.36
S2:IDR2:IDL1       0.0066116  0.0113079    0.58
grp1:S1:IDR1:IDL1  0.0161252  0.0113079    1.43
grp1:S2:IDR1:IDL1  0.0005183  0.0113079    0.05
grp1:S1:IDR2:IDL1 -0.0087916  0.0113079   -0.78
grp1:S2:IDR2:IDL1 -0.0010846  0.0113079   -0.10

Correlation of Fixed Effects:
            (Intr) grp1   S1     S2     IDR1   IDR2   IDL1   gr1:S1 gr1:S2
grp1         0.000                                                        
S1           0.000  0.000                                                 
S2           0.000  0.000 -0.500                                          
IDR1         0.000  0.000  0.000  0.000                                   
IDR2         0.000  0.000  0.000  0.000 -0.500                            
IDL1         0.000  0.000  0.000  0.000  0.000  0.000                     
grp1:S1      0.000  0.000  0.000  0.000  0.000  0.000  0.000              
grp1:S2      0.000  0.000  0.000  0.000  0.000  0.000  0.000 -0.500       
grp1:IDR1    0.000  0.000  0.000  0.000  0.000  0.000  0.000  0.000  0.000
grp1:IDR2    0.000  0.000  0.000  0.000  0.000  0.000  0.000  0.000  0.000
S1:IDR1      0.000  0.000  0.000  0.000  0.000  0.000  0.000  0.000  0.000
S2:IDR1      0.000  0.000  0.000  0.000  0.000  0.000  0.000  0.000  0.000
S1:IDR2      0.000  0.000  0.000  0.000  0.000  0.000  0.000  0.000  0.000
S2:IDR2      0.000  0.000  0.000  0.000  0.000  0.000  0.000  0.000  0.000
grp1:IDL1    0.000  0.000  0.000  0.000  0.000  0.000  0.000  0.000  0.000
S1:IDL1      0.000  0.000  0.000  0.000  0.000  0.000  0.000  0.000  0.000
S2:IDL1      0.000  0.000  0.000  0.000  0.000  0.000  0.000  0.000  0.000
IDR1:IDL1    0.000  0.000  0.000  0.000  0.000  0.000  0.000  0.000  0.000
IDR2:IDL1    0.000  0.000  0.000  0.000  0.000  0.000  0.000  0.000  0.000
gr1:S1:IDR1  0.000  0.000  0.000  0.000  0.000  0.000  0.000  0.000  0.000
gr1:S2:IDR1  0.000  0.000  0.000  0.000  0.000  0.000  0.000  0.000  0.000
gr1:S1:IDR2  0.000  0.000  0.000  0.000  0.000  0.000  0.000  0.000  0.000
gr1:S2:IDR2  0.000  0.000  0.000  0.000  0.000  0.000  0.000  0.000  0.000
gr1:S1:IDL1  0.000  0.000  0.000  0.000  0.000  0.000  0.000  0.000  0.000
gr1:S2:IDL1  0.000  0.000  0.000  0.000  0.000  0.000  0.000  0.000  0.000
g1:IDR1:IDL  0.000  0.000  0.000  0.000  0.000  0.000  0.000  0.000  0.000
g1:IDR2:IDL  0.000  0.000  0.000  0.000  0.000  0.000  0.000  0.000  0.000
S1:IDR1:IDL  0.000  0.000  0.000  0.000  0.000  0.000  0.000  0.000  0.000
S2:IDR1:IDL  0.000  0.000  0.000  0.000  0.000  0.000  0.000  0.000  0.000
S1:IDR2:IDL  0.000  0.000  0.000  0.000  0.000  0.000  0.000  0.000  0.000
S2:IDR2:IDL  0.000  0.000  0.000  0.000  0.000  0.000  0.000  0.000  0.000
g1:S1:IDR1:  0.000  0.000  0.000  0.000  0.000  0.000  0.000  0.000  0.000
g1:S2:IDR1:  0.000  0.000  0.000  0.000  0.000  0.000  0.000  0.000  0.000
g1:S1:IDR2:  0.000  0.000  0.000  0.000  0.000  0.000  0.000  0.000  0.000
g1:S2:IDR2:  0.000  0.000  0.000  0.000  0.000  0.000  0.000  0.000  0.000
            gr1:IDR1 gr1:IDR2 S1:IDR1 S2:IDR1 S1:IDR2 S2:IDR2 g1:IDL S1:IDL
grp1                                                                       
S1                                                                         
S2                                                                         
IDR1                                                                       
IDR2                                                                       
IDL1                                                                       
grp1:S1                                                                    
grp1:S2                                                                    
grp1:IDR1                                                                  
grp1:IDR2   -0.500                                                         
S1:IDR1      0.000    0.000                                                
S2:IDR1      0.000    0.000   -0.500                                       
S1:IDR2      0.000    0.000   -0.500   0.250                               
S2:IDR2      0.000    0.000    0.250  -0.500  -0.500                       
grp1:IDL1    0.000    0.000    0.000   0.000   0.000   0.000               
S1:IDL1      0.000    0.000    0.000   0.000   0.000   0.000   0.000       
S2:IDL1      0.000    0.000    0.000   0.000   0.000   0.000   0.000 -0.500
IDR1:IDL1    0.000    0.000    0.000   0.000   0.000   0.000   0.000  0.000
IDR2:IDL1    0.000    0.000    0.000   0.000   0.000   0.000   0.000  0.000
gr1:S1:IDR1  0.000    0.000    0.000   0.000   0.000   0.000   0.000  0.000
gr1:S2:IDR1  0.000    0.000    0.000   0.000   0.000   0.000   0.000  0.000
gr1:S1:IDR2  0.000    0.000    0.000   0.000   0.000   0.000   0.000  0.000
gr1:S2:IDR2  0.000    0.000    0.000   0.000   0.000   0.000   0.000  0.000
gr1:S1:IDL1  0.000    0.000    0.000   0.000   0.000   0.000   0.000  0.000
gr1:S2:IDL1  0.000    0.000    0.000   0.000   0.000   0.000   0.000  0.000
g1:IDR1:IDL  0.000    0.000    0.000   0.000   0.000   0.000   0.000  0.000
g1:IDR2:IDL  0.000    0.000    0.000   0.000   0.000   0.000   0.000  0.000
S1:IDR1:IDL  0.000    0.000    0.000   0.000   0.000   0.000   0.000  0.000
S2:IDR1:IDL  0.000    0.000    0.000   0.000   0.000   0.000   0.000  0.000
S1:IDR2:IDL  0.000    0.000    0.000   0.000   0.000   0.000   0.000  0.000
S2:IDR2:IDL  0.000    0.000    0.000   0.000   0.000   0.000   0.000  0.000
g1:S1:IDR1:  0.000    0.000    0.000   0.000   0.000   0.000   0.000  0.000
g1:S2:IDR1:  0.000    0.000    0.000   0.000   0.000   0.000   0.000  0.000
g1:S1:IDR2:  0.000    0.000    0.000   0.000   0.000   0.000   0.000  0.000
g1:S2:IDR2:  0.000    0.000    0.000   0.000   0.000   0.000   0.000  0.000
            S2:IDL IDR1:I IDR2:I gr1:S1:IDR1 gr1:S2:IDR1 gr1:S1:IDR2
grp1                                                                
S1                                                                  
S2                                                                  
IDR1                                                                
IDR2                                                                
IDL1                                                                
grp1:S1                                                             
grp1:S2                                                             
grp1:IDR1                                                           
grp1:IDR2                                                           
S1:IDR1                                                             
S2:IDR1                                                             
S1:IDR2                                                             
S2:IDR2                                                             
grp1:IDL1                                                           
S1:IDL1                                                             
S2:IDL1                                                             
IDR1:IDL1    0.000                                                  
IDR2:IDL1    0.000 -0.500                                           
gr1:S1:IDR1  0.000  0.000  0.000                                    
gr1:S2:IDR1  0.000  0.000  0.000 -0.500                             
gr1:S1:IDR2  0.000  0.000  0.000 -0.500       0.250                 
gr1:S2:IDR2  0.000  0.000  0.000  0.250      -0.500      -0.500     
gr1:S1:IDL1  0.000  0.000  0.000  0.000       0.000       0.000     
gr1:S2:IDL1  0.000  0.000  0.000  0.000       0.000       0.000     
g1:IDR1:IDL  0.000  0.000  0.000  0.000       0.000       0.000     
g1:IDR2:IDL  0.000  0.000  0.000  0.000       0.000       0.000     
S1:IDR1:IDL  0.000  0.000  0.000  0.000       0.000       0.000     
S2:IDR1:IDL  0.000  0.000  0.000  0.000       0.000       0.000     
S1:IDR2:IDL  0.000  0.000  0.000  0.000       0.000       0.000     
S2:IDR2:IDL  0.000  0.000  0.000  0.000       0.000       0.000     
g1:S1:IDR1:  0.000  0.000  0.000  0.000       0.000       0.000     
g1:S2:IDR1:  0.000  0.000  0.000  0.000       0.000       0.000     
g1:S1:IDR2:  0.000  0.000  0.000  0.000       0.000       0.000     
g1:S2:IDR2:  0.000  0.000  0.000  0.000       0.000       0.000     
            gr1:S2:IDR2 g1:S1:IDL g1:S2:IDL g1:IDR1: g1:IDR2: S1:IDR1: S2:IDR1:
grp1                                                                           
S1                                                                             
S2                                                                             
IDR1                                                                           
IDR2                                                                           
IDL1                                                                           
grp1:S1                                                                        
grp1:S2                                                                        
grp1:IDR1                                                                      
grp1:IDR2                                                                      
S1:IDR1                                                                        
S2:IDR1                                                                        
S1:IDR2                                                                        
S2:IDR2                                                                        
grp1:IDL1                                                                      
S1:IDL1                                                                        
S2:IDL1                                                                        
IDR1:IDL1                                                                      
IDR2:IDL1                                                                      
gr1:S1:IDR1                                                                    
gr1:S2:IDR1                                                                    
gr1:S1:IDR2                                                                    
gr1:S2:IDR2                                                                    
gr1:S1:IDL1  0.000                                                             
gr1:S2:IDL1  0.000      -0.500                                                 
g1:IDR1:IDL  0.000       0.000     0.000                                       
g1:IDR2:IDL  0.000       0.000     0.000    -0.500                             
S1:IDR1:IDL  0.000       0.000     0.000     0.000    0.000                    
S2:IDR1:IDL  0.000       0.000     0.000     0.000    0.000   -0.500           
S1:IDR2:IDL  0.000       0.000     0.000     0.000    0.000   -0.500    0.250  
S2:IDR2:IDL  0.000       0.000     0.000     0.000    0.000    0.250   -0.500  
g1:S1:IDR1:  0.000       0.000     0.000     0.000    0.000    0.000    0.000  
g1:S2:IDR1:  0.000       0.000     0.000     0.000    0.000    0.000    0.000  
g1:S1:IDR2:  0.000       0.000     0.000     0.000    0.000    0.000    0.000  
g1:S2:IDR2:  0.000       0.000     0.000     0.000    0.000    0.000    0.000  
            S1:IDR2: S2:IDR2: g1:S1:IDR1: g1:S2:IDR1: g1:S1:IDR2:
grp1                                                             
S1                                                               
S2                                                               
IDR1                                                             
IDR2                                                             
IDL1                                                             
grp1:S1                                                          
grp1:S2                                                          
grp1:IDR1                                                        
grp1:IDR2                                                        
S1:IDR1                                                          
S2:IDR1                                                          
S1:IDR2                                                          
S2:IDR2                                                          
grp1:IDL1                                                        
S1:IDL1                                                          
S2:IDL1                                                          
IDR1:IDL1                                                        
IDR2:IDL1                                                        
gr1:S1:IDR1                                                      
gr1:S2:IDR1                                                      
gr1:S1:IDR2                                                      
gr1:S2:IDR2                                                      
gr1:S1:IDL1                                                      
gr1:S2:IDL1                                                      
g1:IDR1:IDL                                                      
g1:IDR2:IDL                                                      
S1:IDR1:IDL                                                      
S2:IDR1:IDL                                                      
S1:IDR2:IDL                                                      
S2:IDR2:IDL -0.500                                               
g1:S1:IDR1:  0.000    0.000                                      
g1:S2:IDR1:  0.000    0.000   -0.500                             
g1:S1:IDR2:  0.000    0.000   -0.500       0.250                 
g1:S2:IDR2:  0.000    0.000    0.250      -0.500      -0.500     
