[1] "q2Lrel ~S*IDR*IDL*grp + Error(pp/(S*IDR*IDL))"
$ANOVA
          Effect DFn DFd           F            p p<.05          ges
2            grp   1   8  0.73648391 4.157593e-01       0.0358935122
3              S   2  16  0.69493348 5.135583e-01       0.0066482680
5            IDR   2  16 45.22932423 2.603228e-07     * 0.1479290085
7            IDL   1   8  1.42920361 2.661265e-01       0.0518629892
4          grp:S   2  16  2.75584792 9.366184e-02       0.0258547994
6        grp:IDR   2  16  1.39653719 2.760433e-01       0.0053319753
8        grp:IDL   1   8  0.03200018 8.624746e-01       0.0012232444
9          S:IDR   4  32  1.37470179 2.646528e-01       0.0090950516
11         S:IDL   2  16  0.62329798 5.486972e-01       0.0051417334
13       IDR:IDL   2  16 14.82582285 2.276713e-04     * 0.0646294343
10     grp:S:IDR   4  32  2.78306605 4.321571e-02     * 0.0182428323
12     grp:S:IDL   2  16  0.93111207 4.144533e-01       0.0076615108
14   grp:IDR:IDL   2  16  0.17770111 8.388224e-01       0.0008274818
15     S:IDR:IDL   4  32  2.08099628 1.064486e-01       0.0063643915
16 grp:S:IDR:IDL   4  32  0.82470307 5.192236e-01       0.0025319495

$`Mauchly's Test for Sphericity`
          Effect         W         p p<.05
3              S 0.7859670 0.4304425      
4          grp:S 0.7859670 0.4304425      
5            IDR 0.6814771 0.2612639      
6        grp:IDR 0.6814771 0.2612639      
9          S:IDR 0.1908713 0.3202025      
10     grp:S:IDR 0.1908713 0.3202025      
11         S:IDL 0.8150820 0.4888825      
12     grp:S:IDL 0.8150820 0.4888825      
13       IDR:IDL 0.9106661 0.7207042      
14   grp:IDR:IDL 0.9106661 0.7207042      
15     S:IDR:IDL 0.1851616 0.3060537      
16 grp:S:IDR:IDL 0.1851616 0.3060537      

$`Sphericity Corrections`
          Effect       GGe        p[GG] p[GG]<.05       HFe        p[HF]
3              S 0.8237008 4.896670e-01           1.0095566 5.135583e-01
4          grp:S 0.8237008 1.069520e-01           1.0095566 9.366184e-02
5            IDR 0.7584244 5.504559e-06         * 0.8986093 9.343625e-07
6        grp:IDR 0.7584244 2.768223e-01           0.8986093 2.767857e-01
9          S:IDR 0.5940846 2.793228e-01           0.8618515 2.702109e-01
10     grp:S:IDR 0.5940846 7.945683e-02           0.8618515 5.302638e-02
11         S:IDL 0.8439402 5.248209e-01           1.0448887 5.486972e-01
12     grp:S:IDL 0.8439402 4.025870e-01           1.0448887 4.144533e-01
13       IDR:IDL 0.9179922 3.740848e-04         * 1.1781167 2.276713e-04
14   grp:IDR:IDL 0.9179922 8.214484e-01           1.1781167 8.388224e-01
15     S:IDR:IDL 0.6467092 1.402823e-01           0.9828601 1.078684e-01
16 grp:S:IDR:IDL 0.6467092 4.797159e-01           0.9828601 5.176537e-01
   p[HF]<.05
3           
4           
5          *
6           
9           
10          
11          
12          
13         *
14          
15          
16          

