Post-hoc Tukey comparisons[1] "grp Tukey test"

	Pairwise comparisons using paired t tests 

data:  mdata$q2Lrel and mdata$grp 

  C      
U 5.5e-05

P value adjustment method: bonferroni 
[1] "S Tukey test"

	Pairwise comparisons using paired t tests 

data:  mdata$q2Lrel and mdata$S 

  1     2    
2 0.043 -    
3 0.363 1.000

P value adjustment method: bonferroni 
[1] "IDR Tukey test"

	Pairwise comparisons using paired t tests 

data:  mdata$q2Lrel and mdata$IDR 

  D       M      
M 6.5e-10 -      
E < 2e-16 1.6e-09

P value adjustment method: bonferroni 
[1] "IDL Tukey test"
