[1] "grp Tukey test"

	 Simultaneous Tests for General Linear Hypotheses

Multiple Comparisons of Means: Tukey Contrasts


Fit: lme.formula(fixed = q2Lrel ~ S + IDR + IDL + grp, data = mdata, 
    random = ~1 | pp)

Linear Hypotheses:
           Estimate Std. Error z value Pr(>|z|)
U - C == 0  0.03790    0.04416   0.858    0.391
(Adjusted p values reported -- single-step method)

[1] "S Tukey test"

	 Simultaneous Tests for General Linear Hypotheses

Multiple Comparisons of Means: Tukey Contrasts


Fit: lme.formula(fixed = q2Lrel ~ S + IDR + IDL + grp, data = mdata, 
    random = ~1 | pp)

Linear Hypotheses:
            Estimate Std. Error z value Pr(>|z|)
2 - 1 == 0  0.019029   0.010190   1.867    0.148
3 - 1 == 0  0.013866   0.010190   1.361    0.362
3 - 2 == 0 -0.005163   0.010190  -0.507    0.868
(Adjusted p values reported -- single-step method)

[1] "IDR Tukey test"

	 Simultaneous Tests for General Linear Hypotheses

Multiple Comparisons of Means: Tukey Contrasts


Fit: lme.formula(fixed = q2Lrel ~ S + IDR + IDL + grp, data = mdata, 
    random = ~1 | pp)

Linear Hypotheses:
           Estimate Std. Error z value Pr(>|z|)    
E - D == 0 -0.04594    0.00832  -5.521 3.36e-08 ***
---
Signif. codes:  0 ‘***’ 0.001 ‘**’ 0.01 ‘*’ 0.05 ‘.’ 0.1 ‘ ’ 1 
(Adjusted p values reported -- single-step method)

[1] "IDL Tukey test"

	 Simultaneous Tests for General Linear Hypotheses

Multiple Comparisons of Means: Tukey Contrasts


Fit: lme.formula(fixed = q2Lrel ~ S + IDR + IDL + grp, data = mdata, 
    random = ~1 | pp)

Linear Hypotheses:
           Estimate Std. Error z value Pr(>|z|)    
M - D == 0  0.05021    0.01019   4.928  2.3e-06 ***
E - D == 0  0.10024    0.01019   9.837  < 1e-06 ***
E - M == 0  0.05003    0.01019   4.909  2.4e-06 ***
---
Signif. codes:  0 ‘***’ 0.001 ‘**’ 0.01 ‘*’ 0.05 ‘.’ 0.1 ‘ ’ 1 
(Adjusted p values reported -- single-step method)

