                  Estimate MCMCmean HPD95lower HPD95upper pMCMC Pr(>|t|)
(Intercept)         0.9462   0.9458     0.9068     0.9868 0.001   0.0000
grp1               -0.0190  -0.0184    -0.0564     0.0175 0.344   0.3912
S1                 -0.0110  -0.0108    -0.0263     0.0057 0.186   0.2558
S2                  0.0081   0.0079    -0.0073     0.0251 0.350   0.4032
IDR1               -0.0502  -0.0501    -0.0623    -0.0396 0.001   0.0000
IDR2                0.0001   0.0000    -0.0118     0.0103 0.982   0.9918
IDL1                0.0230   0.0230    -0.0029     0.0427 0.048   0.2325
grp1:S1            -0.0109  -0.0110    -0.0267     0.0050 0.174   0.2573
grp1:S2            -0.0117  -0.0115    -0.0270     0.0040 0.160   0.2256
grp1:IDR1          -0.0097  -0.0097    -0.0199     0.0015 0.090   0.1105
grp1:IDR2           0.0074   0.0074    -0.0047     0.0183 0.194   0.2227
S1:IDR1            -0.0118  -0.0116    -0.0241     0.0011 0.068   0.1681
S2:IDR1            -0.0022  -0.0025    -0.0158     0.0086 0.690   0.7990
S1:IDR2            -0.0034  -0.0035    -0.0151     0.0082 0.554   0.6941
S2:IDR2             0.0085   0.0087    -0.0034     0.0203 0.148   0.3204
grp1:IDL1          -0.0034  -0.0034    -0.0231     0.0194 0.672   0.8581
S1:IDL1             0.0064   0.0062    -0.0024     0.0144 0.146   0.2929
S2:IDL1             0.0035   0.0035    -0.0046     0.0129 0.442   0.5644
IDR1:IDL1           0.0330   0.0329     0.0239     0.0405 0.001   0.0000
IDR2:IDL1          -0.0029  -0.0030    -0.0117     0.0059 0.504   0.6292
grp1:S1:IDR1        0.0189   0.0192     0.0065     0.0312 0.006   0.0271
grp1:S2:IDR1       -0.0142  -0.0142    -0.0273    -0.0032 0.036   0.0977
grp1:S1:IDR2       -0.0131  -0.0132    -0.0265    -0.0009 0.042   0.1265
grp1:S2:IDR2       -0.0043  -0.0044    -0.0168     0.0076 0.502   0.6118
grp1:S1:IDL1       -0.0043  -0.0042    -0.0124     0.0052 0.336   0.4763
grp1:S2:IDL1       -0.0077  -0.0079    -0.0156     0.0015 0.076   0.2010
grp1:IDR1:IDL1     -0.0014  -0.0015    -0.0102     0.0069 0.742   0.8167
grp1:IDR2:IDL1     -0.0025  -0.0024    -0.0114     0.0068 0.606   0.6742
S1:IDR1:IDL1       -0.0099  -0.0097    -0.0204     0.0041 0.134   0.2488
S2:IDR1:IDL1        0.0065   0.0063    -0.0057     0.0190 0.326   0.4497
S1:IDR2:IDL1        0.0090   0.0087    -0.0032     0.0212 0.164   0.2923
S2:IDR2:IDL1        0.0031   0.0029    -0.0094     0.0150 0.608   0.7169
grp1:S1:IDR1:IDL1   0.0077   0.0077    -0.0048     0.0195 0.220   0.3666
grp1:S2:IDR1:IDL1   0.0012   0.0012    -0.0112     0.0130 0.840   0.8861
grp1:S1:IDR2:IDL1  -0.0022  -0.0022    -0.0144     0.0105 0.762   0.7979
grp1:S2:IDR2:IDL1  -0.0017  -0.0020    -0.0151     0.0096 0.740   0.8452
NULL
       Length Class      Mode
fixed  6      data.frame list
random 7      data.frame list
Analysis of Variance Table
              Df   Sum Sq  Mean Sq F value
grp            1 0.002033 0.002033  0.7252
S              2 0.003896 0.001948  0.6949
IDR            2 0.253596 0.126798 45.2295
IDL            1 0.004007 0.004007  1.4292
grp:S          2 0.015452 0.007726  2.7559
grp:IDR        2 0.007830 0.003915  1.3965
S:IDR          4 0.013598 0.003400  1.2126
grp:IDL        1 0.000090 0.000090  0.0320
S:IDL          2 0.007657 0.003829  1.3657
IDR:IDL        2 0.102367 0.051183 18.2574
grp:S:IDR      4 0.027530 0.006882  2.4550
grp:S:IDL      2 0.011438 0.005719  2.0401
grp:IDR:IDL    2 0.001227 0.000613  0.2188
S:IDR:IDL      4 0.009489 0.002372  0.8462
grp:S:IDR:IDL  4 0.003761 0.000940  0.3354
Linear mixed model fit by REML 
Formula: get(vname) ~ (1 | pp) + (1 | pp/S) + (1 | pp/IDR) + (1 | pp/IDL) +      (1 | pp/S:IDR:IDL) + grp * S * IDR * IDL 
   Data: mdata 
  AIC    BIC logLik deviance REMLdev
 -993 -795.6  542.5    -1370   -1085
Random effects:
 Groups       Name        Variance   Std.Dev. 
 S:IDR:IDL:pp (Intercept) 2.3510e-03 0.0484869
 IDR:pp       (Intercept) 7.8061e-06 0.0027939
 S:pp         (Intercept) 8.4589e-04 0.0290842
 IDL:pp       (Intercept) 7.0185e-03 0.0837767
 pp           (Intercept) 1.7993e-04 0.0134140
 pp           (Intercept) 1.7996e-04 0.0134148
 pp           (Intercept) 1.7996e-04 0.0134149
 pp           (Intercept) 1.7994e-04 0.0134142
 pp           (Intercept) 1.7994e-04 0.0134143
 Residual                 2.8034e-03 0.0529475
Number of obs: 540, groups: S:IDR:IDL:pp, 180; IDR:pp, 30; S:pp, 30; IDL:pp, 20; pp, 10

Fixed effects:
                    Estimate Std. Error t value
(Intercept)        9.462e-01  2.208e-02   42.85
grp1              -1.895e-02  2.208e-02   -0.86
S1                -1.096e-02  9.638e-03   -1.14
S2                 8.064e-03  9.638e-03    0.84
IDR1              -5.015e-02  6.085e-03   -8.24
IDR2               6.274e-05  6.085e-03    0.01
IDL1               2.297e-02  1.921e-02    1.20
grp1:S1           -1.093e-02  9.638e-03   -1.13
grp1:S2           -1.169e-02  9.638e-03   -1.21
grp1:IDR1         -9.729e-03  6.085e-03   -1.60
grp1:IDR2          7.429e-03  6.085e-03    1.22
S1:IDR1           -1.180e-02  8.545e-03   -1.38
S2:IDR1           -2.176e-03  8.545e-03   -0.25
S1:IDR2           -3.362e-03  8.545e-03   -0.39
S2:IDR2            8.499e-03  8.545e-03    0.99
grp1:IDL1         -3.437e-03  1.921e-02   -0.18
S1:IDL1            6.362e-03  6.042e-03    1.05
S2:IDL1            3.484e-03  6.042e-03    0.58
IDR1:IDL1          3.298e-02  6.042e-03    5.46
IDR2:IDL1         -2.919e-03  6.042e-03   -0.48
grp1:S1:IDR1       1.894e-02  8.545e-03    2.22
grp1:S2:IDR1      -1.418e-02  8.545e-03   -1.66
grp1:S1:IDR2      -1.308e-02  8.545e-03   -1.53
grp1:S2:IDR2      -4.339e-03  8.545e-03   -0.51
grp1:S1:IDL1      -4.307e-03  6.042e-03   -0.71
grp1:S2:IDL1      -7.736e-03  6.042e-03   -1.28
grp1:IDR1:IDL1    -1.401e-03  6.042e-03   -0.23
grp1:IDR2:IDL1    -2.541e-03  6.042e-03   -0.42
S1:IDR1:IDL1      -9.865e-03  8.545e-03   -1.15
S2:IDR1:IDL1       6.465e-03  8.545e-03    0.76
S1:IDR2:IDL1       9.008e-03  8.545e-03    1.05
S2:IDR2:IDL1       3.100e-03  8.545e-03    0.36
grp1:S1:IDR1:IDL1  7.722e-03  8.545e-03    0.90
grp1:S2:IDR1:IDL1  1.225e-03  8.545e-03    0.14
grp1:S1:IDR2:IDL1 -2.189e-03  8.545e-03   -0.26
grp1:S2:IDR2:IDL1 -1.669e-03  8.545e-03   -0.20

Correlation of Fixed Effects:
            (Intr) grp1   S1     S2     IDR1   IDR2   IDL1   gr1:S1 gr1:S2
grp1         0.000                                                        
S1           0.000  0.000                                                 
S2           0.000  0.000 -0.500                                          
IDR1         0.000  0.000  0.000  0.000                                   
IDR2         0.000  0.000  0.000  0.000 -0.500                            
IDL1         0.000  0.000  0.000  0.000  0.000  0.000                     
grp1:S1      0.000  0.000  0.000  0.000  0.000  0.000  0.000              
grp1:S2      0.000  0.000  0.000  0.000  0.000  0.000  0.000 -0.500       
grp1:IDR1    0.000  0.000  0.000  0.000  0.000  0.000  0.000  0.000  0.000
grp1:IDR2    0.000  0.000  0.000  0.000  0.000  0.000  0.000  0.000  0.000
S1:IDR1      0.000  0.000  0.000  0.000  0.000  0.000  0.000  0.000  0.000
S2:IDR1      0.000  0.000  0.000  0.000  0.000  0.000  0.000  0.000  0.000
S1:IDR2      0.000  0.000  0.000  0.000  0.000  0.000  0.000  0.000  0.000
S2:IDR2      0.000  0.000  0.000  0.000  0.000  0.000  0.000  0.000  0.000
grp1:IDL1    0.000  0.000  0.000  0.000  0.000  0.000  0.000  0.000  0.000
S1:IDL1      0.000  0.000  0.000  0.000  0.000  0.000  0.000  0.000  0.000
S2:IDL1      0.000  0.000  0.000  0.000  0.000  0.000  0.000  0.000  0.000
IDR1:IDL1    0.000  0.000  0.000  0.000  0.000  0.000  0.000  0.000  0.000
IDR2:IDL1    0.000  0.000  0.000  0.000  0.000  0.000  0.000  0.000  0.000
gr1:S1:IDR1  0.000  0.000  0.000  0.000  0.000  0.000  0.000  0.000  0.000
gr1:S2:IDR1  0.000  0.000  0.000  0.000  0.000  0.000  0.000  0.000  0.000
gr1:S1:IDR2  0.000  0.000  0.000  0.000  0.000  0.000  0.000  0.000  0.000
gr1:S2:IDR2  0.000  0.000  0.000  0.000  0.000  0.000  0.000  0.000  0.000
gr1:S1:IDL1  0.000  0.000  0.000  0.000  0.000  0.000  0.000  0.000  0.000
gr1:S2:IDL1  0.000  0.000  0.000  0.000  0.000  0.000  0.000  0.000  0.000
g1:IDR1:IDL  0.000  0.000  0.000  0.000  0.000  0.000  0.000  0.000  0.000
g1:IDR2:IDL  0.000  0.000  0.000  0.000  0.000  0.000  0.000  0.000  0.000
S1:IDR1:IDL  0.000  0.000  0.000  0.000  0.000  0.000  0.000  0.000  0.000
S2:IDR1:IDL  0.000  0.000  0.000  0.000  0.000  0.000  0.000  0.000  0.000
S1:IDR2:IDL  0.000  0.000  0.000  0.000  0.000  0.000  0.000  0.000  0.000
S2:IDR2:IDL  0.000  0.000  0.000  0.000  0.000  0.000  0.000  0.000  0.000
g1:S1:IDR1:  0.000  0.000  0.000  0.000  0.000  0.000  0.000  0.000  0.000
g1:S2:IDR1:  0.000  0.000  0.000  0.000  0.000  0.000  0.000  0.000  0.000
g1:S1:IDR2:  0.000  0.000  0.000  0.000  0.000  0.000  0.000  0.000  0.000
g1:S2:IDR2:  0.000  0.000  0.000  0.000  0.000  0.000  0.000  0.000  0.000
            gr1:IDR1 gr1:IDR2 S1:IDR1 S2:IDR1 S1:IDR2 S2:IDR2 g1:IDL S1:IDL
grp1                                                                       
S1                                                                         
S2                                                                         
IDR1                                                                       
IDR2                                                                       
IDL1                                                                       
grp1:S1                                                                    
grp1:S2                                                                    
grp1:IDR1                                                                  
grp1:IDR2   -0.500                                                         
S1:IDR1      0.000    0.000                                                
S2:IDR1      0.000    0.000   -0.500                                       
S1:IDR2      0.000    0.000   -0.500   0.250                               
S2:IDR2      0.000    0.000    0.250  -0.500  -0.500                       
grp1:IDL1    0.000    0.000    0.000   0.000   0.000   0.000               
S1:IDL1      0.000    0.000    0.000   0.000   0.000   0.000   0.000       
S2:IDL1      0.000    0.000    0.000   0.000   0.000   0.000   0.000 -0.500
IDR1:IDL1    0.000    0.000    0.000   0.000   0.000   0.000   0.000  0.000
IDR2:IDL1    0.000    0.000    0.000   0.000   0.000   0.000   0.000  0.000
gr1:S1:IDR1  0.000    0.000    0.000   0.000   0.000   0.000   0.000  0.000
gr1:S2:IDR1  0.000    0.000    0.000   0.000   0.000   0.000   0.000  0.000
gr1:S1:IDR2  0.000    0.000    0.000   0.000   0.000   0.000   0.000  0.000
gr1:S2:IDR2  0.000    0.000    0.000   0.000   0.000   0.000   0.000  0.000
gr1:S1:IDL1  0.000    0.000    0.000   0.000   0.000   0.000   0.000  0.000
gr1:S2:IDL1  0.000    0.000    0.000   0.000   0.000   0.000   0.000  0.000
g1:IDR1:IDL  0.000    0.000    0.000   0.000   0.000   0.000   0.000  0.000
g1:IDR2:IDL  0.000    0.000    0.000   0.000   0.000   0.000   0.000  0.000
S1:IDR1:IDL  0.000    0.000    0.000   0.000   0.000   0.000   0.000  0.000
S2:IDR1:IDL  0.000    0.000    0.000   0.000   0.000   0.000   0.000  0.000
S1:IDR2:IDL  0.000    0.000    0.000   0.000   0.000   0.000   0.000  0.000
S2:IDR2:IDL  0.000    0.000    0.000   0.000   0.000   0.000   0.000  0.000
g1:S1:IDR1:  0.000    0.000    0.000   0.000   0.000   0.000   0.000  0.000
g1:S2:IDR1:  0.000    0.000    0.000   0.000   0.000   0.000   0.000  0.000
g1:S1:IDR2:  0.000    0.000    0.000   0.000   0.000   0.000   0.000  0.000
g1:S2:IDR2:  0.000    0.000    0.000   0.000   0.000   0.000   0.000  0.000
            S2:IDL IDR1:I IDR2:I gr1:S1:IDR1 gr1:S2:IDR1 gr1:S1:IDR2
grp1                                                                
S1                                                                  
S2                                                                  
IDR1                                                                
IDR2                                                                
IDL1                                                                
grp1:S1                                                             
grp1:S2                                                             
grp1:IDR1                                                           
grp1:IDR2                                                           
S1:IDR1                                                             
S2:IDR1                                                             
S1:IDR2                                                             
S2:IDR2                                                             
grp1:IDL1                                                           
S1:IDL1                                                             
S2:IDL1                                                             
IDR1:IDL1    0.000                                                  
IDR2:IDL1    0.000 -0.500                                           
gr1:S1:IDR1  0.000  0.000  0.000                                    
gr1:S2:IDR1  0.000  0.000  0.000 -0.500                             
gr1:S1:IDR2  0.000  0.000  0.000 -0.500       0.250                 
gr1:S2:IDR2  0.000  0.000  0.000  0.250      -0.500      -0.500     
gr1:S1:IDL1  0.000  0.000  0.000  0.000       0.000       0.000     
gr1:S2:IDL1  0.000  0.000  0.000  0.000       0.000       0.000     
g1:IDR1:IDL  0.000  0.000  0.000  0.000       0.000       0.000     
g1:IDR2:IDL  0.000  0.000  0.000  0.000       0.000       0.000     
S1:IDR1:IDL  0.000  0.000  0.000  0.000       0.000       0.000     
S2:IDR1:IDL  0.000  0.000  0.000  0.000       0.000       0.000     
S1:IDR2:IDL  0.000  0.000  0.000  0.000       0.000       0.000     
S2:IDR2:IDL  0.000  0.000  0.000  0.000       0.000       0.000     
g1:S1:IDR1:  0.000  0.000  0.000  0.000       0.000       0.000     
g1:S2:IDR1:  0.000  0.000  0.000  0.000       0.000       0.000     
g1:S1:IDR2:  0.000  0.000  0.000  0.000       0.000       0.000     
g1:S2:IDR2:  0.000  0.000  0.000  0.000       0.000       0.000     
            gr1:S2:IDR2 g1:S1:IDL g1:S2:IDL g1:IDR1: g1:IDR2: S1:IDR1: S2:IDR1:
grp1                                                                           
S1                                                                             
S2                                                                             
IDR1                                                                           
IDR2                                                                           
IDL1                                                                           
grp1:S1                                                                        
grp1:S2                                                                        
grp1:IDR1                                                                      
grp1:IDR2                                                                      
S1:IDR1                                                                        
S2:IDR1                                                                        
S1:IDR2                                                                        
S2:IDR2                                                                        
grp1:IDL1                                                                      
S1:IDL1                                                                        
S2:IDL1                                                                        
IDR1:IDL1                                                                      
IDR2:IDL1                                                                      
gr1:S1:IDR1                                                                    
gr1:S2:IDR1                                                                    
gr1:S1:IDR2                                                                    
gr1:S2:IDR2                                                                    
gr1:S1:IDL1  0.000                                                             
gr1:S2:IDL1  0.000      -0.500                                                 
g1:IDR1:IDL  0.000       0.000     0.000                                       
g1:IDR2:IDL  0.000       0.000     0.000    -0.500                             
S1:IDR1:IDL  0.000       0.000     0.000     0.000    0.000                    
S2:IDR1:IDL  0.000       0.000     0.000     0.000    0.000   -0.500           
S1:IDR2:IDL  0.000       0.000     0.000     0.000    0.000   -0.500    0.250  
S2:IDR2:IDL  0.000       0.000     0.000     0.000    0.000    0.250   -0.500  
g1:S1:IDR1:  0.000       0.000     0.000     0.000    0.000    0.000    0.000  
g1:S2:IDR1:  0.000       0.000     0.000     0.000    0.000    0.000    0.000  
g1:S1:IDR2:  0.000       0.000     0.000     0.000    0.000    0.000    0.000  
g1:S2:IDR2:  0.000       0.000     0.000     0.000    0.000    0.000    0.000  
            S1:IDR2: S2:IDR2: g1:S1:IDR1: g1:S2:IDR1: g1:S1:IDR2:
grp1                                                             
S1                                                               
S2                                                               
IDR1                                                             
IDR2                                                             
IDL1                                                             
grp1:S1                                                          
grp1:S2                                                          
grp1:IDR1                                                        
grp1:IDR2                                                        
S1:IDR1                                                          
S2:IDR1                                                          
S1:IDR2                                                          
S2:IDR2                                                          
grp1:IDL1                                                        
S1:IDL1                                                          
S2:IDL1                                                          
IDR1:IDL1                                                        
IDR2:IDL1                                                        
gr1:S1:IDR1                                                      
gr1:S2:IDR1                                                      
gr1:S1:IDR2                                                      
gr1:S2:IDR2                                                      
gr1:S1:IDL1                                                      
gr1:S2:IDL1                                                      
g1:IDR1:IDL                                                      
g1:IDR2:IDL                                                      
S1:IDR1:IDL                                                      
S2:IDR1:IDL                                                      
S1:IDR2:IDL                                                      
S2:IDR2:IDL -0.500                                               
g1:S1:IDR1:  0.000    0.000                                      
g1:S2:IDR1:  0.000    0.000   -0.500                             
g1:S1:IDR2:  0.000    0.000   -0.500       0.250                 
g1:S2:IDR2:  0.000    0.000    0.250      -0.500      -0.500     
