[1] "maxangleLrel ~S*IDR*IDL*grp + Error(pp/(S*IDR*IDL))"
$ANOVA
          Effect DFn DFd          F           p p<.05          ges
2            grp   1   8 0.74508027 0.413166460       0.0103849998
3              S   2  16 0.10623692 0.899840543       0.0039037469
4          grp:S   2  16 0.59365033 0.564025148       0.0214302576
5            IDR   2  16 7.61118026 0.004755914     * 0.0278096203
6        grp:IDR   2  16 0.04970079 0.951660392       0.0001867557
7            IDL   1   8 3.70636904 0.090388570       0.0543658160
8        grp:IDL   1   8 0.95313994 0.357515356       0.0145692391
9          S:IDR   4  32 0.86915164 0.493075963       0.0067219825
10     grp:S:IDR   4  32 1.17390384 0.340799838       0.0090575750
11         S:IDL   2  16 0.59381524 0.563938568       0.0198042747
12     grp:S:IDL   2  16 0.79202196 0.469904693       0.0262411840
13       IDR:IDL   2  16 6.51857467 0.008498221     * 0.0234358055
14   grp:IDR:IDL   2  16 0.13766462 0.872411932       0.0005065575
15     S:IDR:IDL   4  32 0.60769088 0.660004121       0.0055978893
16 grp:S:IDR:IDL   4  32 0.59218335 0.670762134       0.0054558173

$`Mauchly's Test for Sphericity`
          Effect           W            p p<.05
3              S 0.168448302 0.0019617029     *
4          grp:S 0.168448302 0.0019617029     *
5            IDR 0.210166740 0.0042557289     *
6        grp:IDR 0.210166740 0.0042557289     *
9          S:IDR 0.004428664 0.0001104682     *
10     grp:S:IDR 0.004428664 0.0001104682     *
11         S:IDL 0.286513329 0.0125894544     *
12     grp:S:IDL 0.286513329 0.0125894544     *
13       IDR:IDL 0.409382449 0.0438987617     *
14   grp:IDR:IDL 0.409382449 0.0438987617     *
15     S:IDR:IDL 0.004450068 0.0001117825     *
16 grp:S:IDR:IDL 0.004450068 0.0001117825     *

$`Sphericity Corrections`
          Effect       GGe      p[GG] p[GG]<.05       HFe      p[HF] p[HF]<.05
3              S 0.5459851 0.77404224           0.5665677 0.78280582          
4          grp:S 0.5459851 0.47570128           0.5665677 0.48100192          
5            IDR 0.5587113 0.02030778         * 0.5853042 0.01858279         *
6        grp:IDR 0.5587113 0.85395246           0.5853042 0.86382391          
9          S:IDR 0.3355039 0.40451481           0.3784231 0.41487665          
10     grp:S:IDR 0.3355039 0.32252404           0.3784231 0.32672303          
11         S:IDL 0.5836054 0.48519034           0.6223590 0.49444827          
12     grp:S:IDL 0.5836054 0.41539354           0.6223590 0.42198265          
13       IDR:IDL 0.6286866 0.02369473         * 0.6908553 0.01992071         *
14   grp:IDR:IDL 0.6286866 0.77457060           0.6908553 0.79603169          
15     S:IDR:IDL 0.3555614 0.50768478           0.4104824 0.52821433          
16 grp:S:IDR:IDL 0.3555614 0.51449497           0.4104824 0.53555357          

