                  Estimate MCMCmean HPD95lower HPD95upper pMCMC Pr(>|t|)
(Intercept)         1.9162   1.9080     0.6487     2.9561 0.002   0.0000
grp1               -0.2976  -0.2855    -1.6117     0.8197 0.568   0.5146
S1                 -0.2408  -0.2218    -1.0038     0.6814 0.590   0.6451
S2                  0.0420   0.0285    -0.7865     0.8623 0.942   0.9359
IDR1                0.6273   0.6247     0.2047     0.9944 0.004   0.0189
IDR2               -0.0546  -0.0660    -0.4867     0.3322 0.776   0.8375
IDL1               -0.6966  -0.6899    -1.2510    -0.1330 0.022   0.0339
grp1:S1             0.3334   0.3279    -0.3747     1.3589 0.464   0.5237
grp1:S2             0.2737   0.2721    -0.6464     1.0602 0.532   0.6007
grp1:IDR1           0.0188   0.0231    -0.3547     0.4321 0.916   0.9439
grp1:IDR2          -0.0552  -0.0561    -0.4597     0.3293 0.794   0.8358
S1:IDR1            -0.3152  -0.3135    -0.9419     0.1975 0.268   0.4031
S2:IDR1             0.1659   0.1753    -0.3361     0.7593 0.500   0.6598
S1:IDR2             0.3003   0.2916    -0.2578     0.8127 0.294   0.4256
S2:IDR2            -0.3937  -0.4001    -0.9453     0.1907 0.150   0.2964
grp1:IDL1           0.3533   0.3495    -0.1947     0.9429 0.206   0.2812
S1:IDL1             0.4123   0.4067     0.0309     0.7798 0.030   0.1222
S2:IDL1             0.1520   0.1480    -0.2632     0.5335 0.484   0.5683
IDR1:IDL1          -0.5684  -0.5710    -0.9820    -0.1997 0.002   0.0333
IDR2:IDL1           0.0362   0.0373    -0.3302     0.4505 0.844   0.8921
grp1:S1:IDR1       -0.1015  -0.0934    -0.6533     0.4543 0.724   0.7876
grp1:S2:IDR1        0.3979   0.3971    -0.1106     0.9334 0.156   0.2912
grp1:S1:IDR2        0.3336   0.3361    -0.2464     0.9048 0.234   0.3762
grp1:S2:IDR2       -0.2085  -0.2135    -0.7820     0.3035 0.440   0.5802
grp1:S1:IDL1       -0.5269  -0.5377    -0.9019    -0.1538 0.014   0.0484
grp1:S2:IDL1       -0.1012  -0.1014    -0.4775     0.2839 0.612   0.7041
grp1:IDR1:IDL1      0.0214   0.0257    -0.3646     0.4252 0.898   0.9361
grp1:IDR2:IDL1      0.0673   0.0614    -0.3248     0.4276 0.748   0.8007
S1:IDR1:IDL1        0.4127   0.4159    -0.1024     0.9476 0.140   0.2737
S2:IDR1:IDL1       -0.1610  -0.1617    -0.7432     0.3747 0.566   0.6692
S1:IDR2:IDL1       -0.1267  -0.1116    -0.6229     0.4691 0.672   0.7366
S2:IDR2:IDL1        0.1101   0.1202    -0.3608     0.7053 0.678   0.7701
grp1:S1:IDR1:IDL1   0.0424   0.0488    -0.5407     0.6123 0.842   0.9104
grp1:S2:IDR1:IDL1  -0.2495  -0.2608    -0.8328     0.2220 0.384   0.5080
grp1:S1:IDR2:IDL1  -0.2510  -0.2473    -0.7523     0.3699 0.400   0.5054
grp1:S2:IDR2:IDL1   0.0833   0.0743    -0.4794     0.6328 0.796   0.8251
NULL
       Length Class      Mode
fixed  6      data.frame list
random 7      data.frame list
Analysis of Variance Table
              Df Sum Sq Mean Sq F value
grp            1  2.357  2.3570  0.4253
S              2  1.343  0.6715  0.1212
IDR            2 37.728 18.8642  3.4041
IDL            1 25.077 25.0774  4.5254
grp:S          2  7.505  3.7524  0.6771
grp:IDR        2  0.246  0.1232  0.0222
S:IDR          4  8.926  2.2315  0.4027
grp:IDL        1  6.449  6.4490  1.1638
S:IDL          2 26.648 13.3242  2.4044
IDR:IDL        2 31.652 15.8261  2.8559
grp:S:IDR      4 12.056  3.0139  0.5439
grp:S:IDL      2 35.543 17.7716  3.2070
grp:IDR:IDL    2  0.668  0.3342  0.0603
S:IDR:IDL      4  7.425  1.8562  0.3350
grp:S:IDR:IDL  4  7.235  1.8088  0.3264
Linear mixed model fit by REML 
Formula: get(vname) ~ (1 | pp) + (1 | pp/S) + (1 | pp/IDR) + (1 | pp/IDL) +      (1 | pp/S:IDR:IDL) + grp * S * IDR * IDL 
   Data: mdata 
  AIC  BIC logLik deviance REMLdev
 2809 3006  -1358     2699    2717
Random effects:
 Groups       Name        Variance   Std.Dev.  
 S:IDR:IDL:pp (Intercept) 4.5366e+00 2.1299e+00
 IDR:pp       (Intercept) 0.0000e+00 0.0000e+00
 S:pp         (Intercept) 3.0310e+00 1.7410e+00
 IDL:pp       (Intercept) 1.4355e+00 1.1981e+00
 pp           (Intercept) 1.6662e-10 1.2908e-05
 pp           (Intercept) 0.0000e+00 0.0000e+00
 pp           (Intercept) 2.4955e-10 1.5797e-05
 pp           (Intercept) 3.1233e-10 1.7673e-05
 pp           (Intercept) 5.2135e-10 2.2833e-05
 Residual                 5.5415e+00 2.3540e+00
Number of obs: 540, groups: S:IDR:IDL:pp, 180; IDR:pp, 30; S:pp, 30; IDL:pp, 20; pp, 10

Fixed effects:
                  Estimate Std. Error t value
(Intercept)        1.91623    0.45637   4.199
grp1              -0.29763    0.45637  -0.652
S1                -0.24078    0.52249  -0.461
S2                 0.04202    0.52249   0.080
IDR1               0.62728    0.26633   2.355
IDR2              -0.05464    0.26633  -0.205
IDL1              -0.69663    0.32747  -2.127
grp1:S1            0.33339    0.52249   0.638
grp1:S2            0.27368    0.52249   0.524
grp1:IDR1          0.01875    0.26633   0.070
grp1:IDR2         -0.05522    0.26633  -0.207
S1:IDR1           -0.31519    0.37665  -0.837
S2:IDR1            0.16587    0.37665   0.440
S1:IDR2            0.30032    0.37665   0.797
S2:IDR2           -0.39371    0.37665  -1.045
grp1:IDL1          0.35327    0.32747   1.079
S1:IDL1            0.41232    0.26633   1.548
S2:IDL1            0.15205    0.26633   0.571
IDR1:IDL1         -0.56842    0.26633  -2.134
IDR2:IDL1          0.03616    0.26633   0.136
grp1:S1:IDR1      -0.10155    0.37665  -0.270
grp1:S2:IDR1       0.39795    0.37665   1.057
grp1:S1:IDR2       0.33361    0.37665   0.886
grp1:S2:IDR2      -0.20847    0.37665  -0.553
grp1:S1:IDL1      -0.52692    0.26633  -1.978
grp1:S2:IDL1      -0.10120    0.26633  -0.380
grp1:IDR1:IDL1     0.02136    0.26633   0.080
grp1:IDR2:IDL1     0.06726    0.26633   0.253
S1:IDR1:IDL1       0.41269    0.37665   1.096
S2:IDR1:IDL1      -0.16102    0.37665  -0.428
S1:IDR2:IDL1      -0.12674    0.37665  -0.336
S2:IDR2:IDL1       0.11014    0.37665   0.292
grp1:S1:IDR1:IDL1  0.04239    0.37665   0.113
grp1:S2:IDR1:IDL1 -0.24949    0.37665  -0.662
grp1:S1:IDR2:IDL1 -0.25105    0.37665  -0.667
grp1:S2:IDR2:IDL1  0.08326    0.37665   0.221

Correlation of Fixed Effects:
            (Intr) grp1   S1     S2     IDR1   IDR2   IDL1   gr1:S1 gr1:S2
grp1         0.000                                                        
S1           0.000  0.000                                                 
S2           0.000  0.000 -0.500                                          
IDR1         0.000  0.000  0.000  0.000                                   
IDR2         0.000  0.000  0.000  0.000 -0.500                            
IDL1         0.000  0.000  0.000  0.000  0.000  0.000                     
grp1:S1      0.000  0.000  0.000  0.000  0.000  0.000  0.000              
grp1:S2      0.000  0.000  0.000  0.000  0.000  0.000  0.000 -0.500       
grp1:IDR1    0.000  0.000  0.000  0.000  0.000  0.000  0.000  0.000  0.000
grp1:IDR2    0.000  0.000  0.000  0.000  0.000  0.000  0.000  0.000  0.000
S1:IDR1      0.000  0.000  0.000  0.000  0.000  0.000  0.000  0.000  0.000
S2:IDR1      0.000  0.000  0.000  0.000  0.000  0.000  0.000  0.000  0.000
S1:IDR2      0.000  0.000  0.000  0.000  0.000  0.000  0.000  0.000  0.000
S2:IDR2      0.000  0.000  0.000  0.000  0.000  0.000  0.000  0.000  0.000
grp1:IDL1    0.000  0.000  0.000  0.000  0.000  0.000  0.000  0.000  0.000
S1:IDL1      0.000  0.000  0.000  0.000  0.000  0.000  0.000  0.000  0.000
S2:IDL1      0.000  0.000  0.000  0.000  0.000  0.000  0.000  0.000  0.000
IDR1:IDL1    0.000  0.000  0.000  0.000  0.000  0.000  0.000  0.000  0.000
IDR2:IDL1    0.000  0.000  0.000  0.000  0.000  0.000  0.000  0.000  0.000
gr1:S1:IDR1  0.000  0.000  0.000  0.000  0.000  0.000  0.000  0.000  0.000
gr1:S2:IDR1  0.000  0.000  0.000  0.000  0.000  0.000  0.000  0.000  0.000
gr1:S1:IDR2  0.000  0.000  0.000  0.000  0.000  0.000  0.000  0.000  0.000
gr1:S2:IDR2  0.000  0.000  0.000  0.000  0.000  0.000  0.000  0.000  0.000
gr1:S1:IDL1  0.000  0.000  0.000  0.000  0.000  0.000  0.000  0.000  0.000
gr1:S2:IDL1  0.000  0.000  0.000  0.000  0.000  0.000  0.000  0.000  0.000
g1:IDR1:IDL  0.000  0.000  0.000  0.000  0.000  0.000  0.000  0.000  0.000
g1:IDR2:IDL  0.000  0.000  0.000  0.000  0.000  0.000  0.000  0.000  0.000
S1:IDR1:IDL  0.000  0.000  0.000  0.000  0.000  0.000  0.000  0.000  0.000
S2:IDR1:IDL  0.000  0.000  0.000  0.000  0.000  0.000  0.000  0.000  0.000
S1:IDR2:IDL  0.000  0.000  0.000  0.000  0.000  0.000  0.000  0.000  0.000
S2:IDR2:IDL  0.000  0.000  0.000  0.000  0.000  0.000  0.000  0.000  0.000
g1:S1:IDR1:  0.000  0.000  0.000  0.000  0.000  0.000  0.000  0.000  0.000
g1:S2:IDR1:  0.000  0.000  0.000  0.000  0.000  0.000  0.000  0.000  0.000
g1:S1:IDR2:  0.000  0.000  0.000  0.000  0.000  0.000  0.000  0.000  0.000
g1:S2:IDR2:  0.000  0.000  0.000  0.000  0.000  0.000  0.000  0.000  0.000
            gr1:IDR1 gr1:IDR2 S1:IDR1 S2:IDR1 S1:IDR2 S2:IDR2 g1:IDL S1:IDL
grp1                                                                       
S1                                                                         
S2                                                                         
IDR1                                                                       
IDR2                                                                       
IDL1                                                                       
grp1:S1                                                                    
grp1:S2                                                                    
grp1:IDR1                                                                  
grp1:IDR2   -0.500                                                         
S1:IDR1      0.000    0.000                                                
S2:IDR1      0.000    0.000   -0.500                                       
S1:IDR2      0.000    0.000   -0.500   0.250                               
S2:IDR2      0.000    0.000    0.250  -0.500  -0.500                       
grp1:IDL1    0.000    0.000    0.000   0.000   0.000   0.000               
S1:IDL1      0.000    0.000    0.000   0.000   0.000   0.000   0.000       
S2:IDL1      0.000    0.000    0.000   0.000   0.000   0.000   0.000 -0.500
IDR1:IDL1    0.000    0.000    0.000   0.000   0.000   0.000   0.000  0.000
IDR2:IDL1    0.000    0.000    0.000   0.000   0.000   0.000   0.000  0.000
gr1:S1:IDR1  0.000    0.000    0.000   0.000   0.000   0.000   0.000  0.000
gr1:S2:IDR1  0.000    0.000    0.000   0.000   0.000   0.000   0.000  0.000
gr1:S1:IDR2  0.000    0.000    0.000   0.000   0.000   0.000   0.000  0.000
gr1:S2:IDR2  0.000    0.000    0.000   0.000   0.000   0.000   0.000  0.000
gr1:S1:IDL1  0.000    0.000    0.000   0.000   0.000   0.000   0.000  0.000
gr1:S2:IDL1  0.000    0.000    0.000   0.000   0.000   0.000   0.000  0.000
g1:IDR1:IDL  0.000    0.000    0.000   0.000   0.000   0.000   0.000  0.000
g1:IDR2:IDL  0.000    0.000    0.000   0.000   0.000   0.000   0.000  0.000
S1:IDR1:IDL  0.000    0.000    0.000   0.000   0.000   0.000   0.000  0.000
S2:IDR1:IDL  0.000    0.000    0.000   0.000   0.000   0.000   0.000  0.000
S1:IDR2:IDL  0.000    0.000    0.000   0.000   0.000   0.000   0.000  0.000
S2:IDR2:IDL  0.000    0.000    0.000   0.000   0.000   0.000   0.000  0.000
g1:S1:IDR1:  0.000    0.000    0.000   0.000   0.000   0.000   0.000  0.000
g1:S2:IDR1:  0.000    0.000    0.000   0.000   0.000   0.000   0.000  0.000
g1:S1:IDR2:  0.000    0.000    0.000   0.000   0.000   0.000   0.000  0.000
g1:S2:IDR2:  0.000    0.000    0.000   0.000   0.000   0.000   0.000  0.000
            S2:IDL IDR1:I IDR2:I gr1:S1:IDR1 gr1:S2:IDR1 gr1:S1:IDR2
grp1                                                                
S1                                                                  
S2                                                                  
IDR1                                                                
IDR2                                                                
IDL1                                                                
grp1:S1                                                             
grp1:S2                                                             
grp1:IDR1                                                           
grp1:IDR2                                                           
S1:IDR1                                                             
S2:IDR1                                                             
S1:IDR2                                                             
S2:IDR2                                                             
grp1:IDL1                                                           
S1:IDL1                                                             
S2:IDL1                                                             
IDR1:IDL1    0.000                                                  
IDR2:IDL1    0.000 -0.500                                           
gr1:S1:IDR1  0.000  0.000  0.000                                    
gr1:S2:IDR1  0.000  0.000  0.000 -0.500                             
gr1:S1:IDR2  0.000  0.000  0.000 -0.500       0.250                 
gr1:S2:IDR2  0.000  0.000  0.000  0.250      -0.500      -0.500     
gr1:S1:IDL1  0.000  0.000  0.000  0.000       0.000       0.000     
gr1:S2:IDL1  0.000  0.000  0.000  0.000       0.000       0.000     
g1:IDR1:IDL  0.000  0.000  0.000  0.000       0.000       0.000     
g1:IDR2:IDL  0.000  0.000  0.000  0.000       0.000       0.000     
S1:IDR1:IDL  0.000  0.000  0.000  0.000       0.000       0.000     
S2:IDR1:IDL  0.000  0.000  0.000  0.000       0.000       0.000     
S1:IDR2:IDL  0.000  0.000  0.000  0.000       0.000       0.000     
S2:IDR2:IDL  0.000  0.000  0.000  0.000       0.000       0.000     
g1:S1:IDR1:  0.000  0.000  0.000  0.000       0.000       0.000     
g1:S2:IDR1:  0.000  0.000  0.000  0.000       0.000       0.000     
g1:S1:IDR2:  0.000  0.000  0.000  0.000       0.000       0.000     
g1:S2:IDR2:  0.000  0.000  0.000  0.000       0.000       0.000     
            gr1:S2:IDR2 g1:S1:IDL g1:S2:IDL g1:IDR1: g1:IDR2: S1:IDR1: S2:IDR1:
grp1                                                                           
S1                                                                             
S2                                                                             
IDR1                                                                           
IDR2                                                                           
IDL1                                                                           
grp1:S1                                                                        
grp1:S2                                                                        
grp1:IDR1                                                                      
grp1:IDR2                                                                      
S1:IDR1                                                                        
S2:IDR1                                                                        
S1:IDR2                                                                        
S2:IDR2                                                                        
grp1:IDL1                                                                      
S1:IDL1                                                                        
S2:IDL1                                                                        
IDR1:IDL1                                                                      
IDR2:IDL1                                                                      
gr1:S1:IDR1                                                                    
gr1:S2:IDR1                                                                    
gr1:S1:IDR2                                                                    
gr1:S2:IDR2                                                                    
gr1:S1:IDL1  0.000                                                             
gr1:S2:IDL1  0.000      -0.500                                                 
g1:IDR1:IDL  0.000       0.000     0.000                                       
g1:IDR2:IDL  0.000       0.000     0.000    -0.500                             
S1:IDR1:IDL  0.000       0.000     0.000     0.000    0.000                    
S2:IDR1:IDL  0.000       0.000     0.000     0.000    0.000   -0.500           
S1:IDR2:IDL  0.000       0.000     0.000     0.000    0.000   -0.500    0.250  
S2:IDR2:IDL  0.000       0.000     0.000     0.000    0.000    0.250   -0.500  
g1:S1:IDR1:  0.000       0.000     0.000     0.000    0.000    0.000    0.000  
g1:S2:IDR1:  0.000       0.000     0.000     0.000    0.000    0.000    0.000  
g1:S1:IDR2:  0.000       0.000     0.000     0.000    0.000    0.000    0.000  
g1:S2:IDR2:  0.000       0.000     0.000     0.000    0.000    0.000    0.000  
            S1:IDR2: S2:IDR2: g1:S1:IDR1: g1:S2:IDR1: g1:S1:IDR2:
grp1                                                             
S1                                                               
S2                                                               
IDR1                                                             
IDR2                                                             
IDL1                                                             
grp1:S1                                                          
grp1:S2                                                          
grp1:IDR1                                                        
grp1:IDR2                                                        
S1:IDR1                                                          
S2:IDR1                                                          
S1:IDR2                                                          
S2:IDR2                                                          
grp1:IDL1                                                        
S1:IDL1                                                          
S2:IDL1                                                          
IDR1:IDL1                                                        
IDR2:IDL1                                                        
gr1:S1:IDR1                                                      
gr1:S2:IDR1                                                      
gr1:S1:IDR2                                                      
gr1:S2:IDR2                                                      
gr1:S1:IDL1                                                      
gr1:S2:IDL1                                                      
g1:IDR1:IDL                                                      
g1:IDR2:IDL                                                      
S1:IDR1:IDL                                                      
S2:IDR1:IDL                                                      
S1:IDR2:IDL                                                      
S2:IDR2:IDL -0.500                                               
g1:S1:IDR1:  0.000    0.000                                      
g1:S2:IDR1:  0.000    0.000   -0.500                             
g1:S1:IDR2:  0.000    0.000   -0.500       0.250                 
g1:S2:IDR2:  0.000    0.000    0.250      -0.500      -0.500     
