[1] "Summary by group"
  grp maxangleLrel.m maxangleLrel.s
1   C       1.618604       1.809159
2   U       2.213855       4.991031
[1] "Summary by session\n"
  S maxangleLrel.m maxangleLrel.s
1 1       1.675452       1.424884
2 2       1.958251       2.441538
3 3       2.114986       5.876216
[1] "Summary by IDR+IDR\n"
  IDL IDR maxangleLrel.m maxangleLrel.s
1   D   D       1.278454      1.1180897
2   D   M       1.201124      0.9256807
3   D   E       1.179223      1.0374111
4   E   D       3.808558      7.2035663
5   E   M       2.522064      4.6752160
6   E   E       1.507954      1.7749057
[1] "Summary by group + Session\n"
  grp S maxangleLrel.m maxangleLrel.s
1   C 1       1.711213       1.645061
2   C 2       1.934302       2.355879
3   C 3       1.210297       1.165455
4   U 1       1.639691       1.172428
5   U 2       1.982200       2.537296
6   U 3       3.019675       8.150718
[1] "Summary by Session + IDR + IDL \n"
   S IDL IDR maxangleLrel.m maxangleLrel.s
1  1   D   D      1.5474980      1.3049212
2  1   D   M      1.5462542      1.1808649
3  1   D   E      1.0796887      0.7918468
4  1   E   D      2.4275733      1.3182927
5  1   E   M      2.2960173      2.2823292
6  1   E   E      1.1556829      0.4429292
7  2   D   D      1.4773773      1.2689986
8  2   D   M      1.1116180      0.7626445
9  2   D   E      1.6520125      1.4634374
10 2   E   D      4.0254255      4.6606173
11 2   E   M      1.9081836      1.7053056
12 2   E   E      1.5748893      1.4759593
13 3   D   D      0.8104876      0.4255029
14 3   D   M      0.9455011      0.6742220
15 3   D   E      0.8059681      0.3854966
16 3   E   D      4.9726756     11.5052219
17 3   E   M      3.3619919      7.6020231
18 3   E   E      1.7932912      2.6601234
[1] "Summary by group + IDR + IDL\n"
   grp IDL IDR maxangleLrel.m maxangleLrel.s
1    C   D   D      1.3742131      1.2739849
2    C   D   M      1.2688101      1.0696445
3    C   D   E      1.1827089      1.1279709
4    C   E   D      3.1550492      2.9540427
5    C   E   M      1.7486946      1.9716172
6    C   E   E      0.9821486      0.3615195
7    U   D   D      1.1826955      0.9417363
8    U   D   M      1.1334388      0.7614026
9    U   D   E      1.1757372      0.9510836
10   U   E   D      4.4620670      9.7653548
11   U   E   M      3.2954339      6.2531106
12   U   E   E      2.0337602      2.3824297
[1] "Summary by group + Session + IDR + IDL\n"
   grp S IDL IDR maxangleLrel.m maxangleLrel.s
1    C 1   D   D      1.3905664      1.2980715
2    C 1   D   M      1.5029705      1.3086388
3    C 1   D   E      0.8662355      0.4003463
4    C 1   E   D      2.4904332      0.5116160
5    C 1   E   M      2.9676079      3.0890354
6    C 1   E   E      1.0494665      0.3309855
7    C 2   D   D      1.8940674      1.6176950
8    C 2   D   M      1.2265674      1.0355810
9    C 2   D   E      1.8047261      1.7316723
10   C 2   E   D      4.3942383      4.4588250
11   C 2   E   M      1.2179599      0.3475467
12   C 2   E   E      1.0682528      0.4471088
13   C 3   D   D      0.8380054      0.4485019
14   C 3   D   M      1.0768925      0.8430781
15   C 3   D   E      0.8771651      0.4667680
16   C 3   E   D      2.5804761      2.1933086
17   C 3   E   M      1.0605161      0.3913151
18   C 3   E   E      0.8287266      0.2515626
19   U 1   D   D      1.7044297      1.3377241
20   U 1   D   M      1.5895379      1.0825604
21   U 1   D   E      1.2931418      1.0202545
22   U 1   E   D      2.3647134      1.8247488
23   U 1   E   M      1.6244267      0.5305522
24   U 1   E   E      1.2618992      0.5221676
25   U 2   D   D      1.0606872      0.5888441
26   U 2   D   M      0.9966687      0.3225766
27   U 2   D   E      1.4992988      1.1779683
28   U 2   E   D      3.6566126      4.9821316
29   U 2   E   M      2.5984073      2.2095676
30   U 2   E   E      2.0815258      1.9397369
31   U 3   D   D      0.7829698      0.4150435
32   U 3   D   M      0.8141096      0.4402794
33   U 3   D   E      0.7347711      0.2812393
34   U 3   E   D      7.3648751     16.0350216
35   U 3   E   M      5.6634676     10.4022126
36   U 3   E   E      2.7578557      3.5497879
