[1] "flsPC ~(S*IDR*IDL*grp)+Error(pp/(S*IDR*IDL))+grp"
$ANOVA
          Effect DFn DFd        F           p p<.05        ges
2            grp   1   8 6.704072 0.032151964     * 0.21141539
3              S   2  16 2.859416 0.086749753       0.04275937
4          grp:S   2  16 3.250849 0.065348788       0.04832992
5            IDR   2  16 3.058010 0.075041940       0.03036884
6        grp:IDR   2  16 3.200578 0.067732413       0.03173973
7            IDL   1   8 4.184662 0.075013697       0.04315591
8        grp:IDL   1   8 4.729907 0.061354433       0.04850620
9          S:IDR   4  32 2.264788 0.083937452       0.01865319
10     grp:S:IDR   4  32 1.985743 0.120422873       0.01639260
11         S:IDL   2  16 6.457791 0.008788290     * 0.01936578
12     grp:S:IDL   2  16 6.456518 0.008794483     * 0.01936203
13       IDR:IDL   2  16 9.016208 0.002386808     * 0.15201547
14   grp:IDR:IDL   2  16 7.621538 0.004730746     * 0.13159538
15     S:IDR:IDL   4  32 1.853080 0.143000800       0.03060094
16 grp:S:IDR:IDL   4  32 2.069079 0.108103456       0.03404641

$`Mauchly's Test for Sphericity`
          Effect           W            p p<.05
3              S 0.380929592 0.0341158731     *
4          grp:S 0.380929592 0.0341158731     *
5            IDR 0.797140550 0.4522433166      
6        grp:IDR 0.797140550 0.4522433166      
9          S:IDR 0.005625194 0.0001980471     *
10     grp:S:IDR 0.005625194 0.0001980471     *
11         S:IDL 0.620431095 0.1881167409      
12     grp:S:IDL 0.620431095 0.1881167409      
13       IDR:IDL 0.244589109 0.0072365222     *
14   grp:IDR:IDL 0.244589109 0.0072365222     *
15     S:IDR:IDL 0.007192661 0.0003585542     *
16 grp:S:IDR:IDL 0.007192661 0.0003585542     *

$`Sphericity Corrections`
          Effect       GGe      p[GG] p[GG]<.05       HFe      p[HF] p[HF]<.05
3              S 0.6176384 0.11805811           0.6738997 0.11290092          
4          grp:S 0.6176384 0.09683770           0.6738997 0.09141661          
5            IDR 0.8313523 0.08765952           1.0228608 0.07504194          
6        grp:IDR 0.8313523 0.08018910           1.0228608 0.06773241          
9          S:IDR 0.3215192 0.16092923           0.3565238 0.15594763          
10     grp:S:IDR 0.3215192 0.18971400           0.3565238 0.18595470          
11         S:IDL 0.7248641 0.01858893         * 0.8432898 0.01344276         *
12     grp:S:IDL 0.7248641 0.01859885         * 0.8432898 0.01345092         *
13       IDR:IDL 0.5696672 0.01287700         * 0.6015458 0.01134533         *
14   grp:IDR:IDL 0.5696672 0.01951477         * 0.6015458 0.01754395         *
15     S:IDR:IDL 0.4914109 0.18971815           0.6500608 0.17402658          
16 grp:S:IDR:IDL 0.4914109 0.15981666           0.6500608 0.14150753          

