[1] "maxangle ~(S*ID*grp)+Error(pp/(S*ID))+grp"
$ANOVA
    Effect DFn DFd         F            p p<.05        ges
2      grp   1   8  1.024150 0.3411623605       0.03520469
3        S   2  16  3.330367 0.0617686485       0.07663848
4    grp:S   2  16  2.064564 0.1593529420       0.04893522
5       ID   1   8 37.810536 0.0002742883     * 0.57015799
6   grp:ID   1   8  1.379825 0.2739082624       0.04617089
7     S:ID   2  16  2.543970 0.1098212845       0.06951760
8 grp:S:ID   2  16  2.561262 0.1083910258       0.06995707

$`Mauchly's Test for Sphericity`
    Effect         W        p p<.05
3        S 0.7955491 0.449091      
4    grp:S 0.7955491 0.449091      
7     S:ID 0.7286803 0.330278      
8 grp:S:ID 0.7286803 0.330278      

$`Sphericity Corrections`
    Effect       GGe      p[GG] p[GG]<.05       HFe      p[HF] p[HF]<.05
3        S 0.8302538 0.07411237           1.0209468 0.06176865          
4    grp:S 0.8302538 0.16967078           1.0209468 0.15935294          
7     S:ID 0.7865842 0.12571645           0.9459183 0.11366571          
8 grp:S:ID 0.7865842 0.12433573           0.9459183 0.11224327          

