[1] "Full vs no Session"
Data: mdata
Models:
noS.mod: get(vname) ~ (1 | pp) + (1 | pp/ID) + ID + grp
full.mod: get(vname) ~ (1 | pp) + (1 | pp/ID) + (1 | pp/S) + (1 | pp/S:ID) + 
full.mod:     S + ID + grp
         Df    AIC    BIC  logLik  Chisq Chi Df Pr(>Chisq)
noS.mod   7 172.22 194.57 -79.108                         
full.mod 13 177.71 219.21 -75.853 6.5097      6     0.3686
[1] "Full vs no Group"
Data: mdata
Models:
nogrp.mod: get(vname) ~ (1 | pp) + (1 | pp/ID) + (1 | pp/S) + (1 | pp/S:ID) + 
nogrp.mod:     S + ID
full.mod: get(vname) ~ (1 | pp) + (1 | pp/ID) + (1 | pp/S) + (1 | pp/S:ID) + 
full.mod:     S + ID + grp
          Df    AIC    BIC  logLik  Chisq Chi Df Pr(>Chisq)
nogrp.mod 12 176.74 215.06 -76.371                         
full.mod  13 177.71 219.21 -75.853 1.0369      1     0.3085
[1] "Full vs no Session and no Group"
Data: mdata
Models:
noSgrp.mod: get(vname) ~ (1 | pp) + (1 | pp/ID) + ID
full.mod: get(vname) ~ (1 | pp) + (1 | pp/ID) + (1 | pp/S) + (1 | pp/S:ID) + 
full.mod:     S + ID + grp
           Df    AIC    BIC  logLik Chisq Chi Df Pr(>Chisq)
noSgrp.mod  6 171.24 190.40 -79.620                        
full.mod   13 177.71 219.21 -75.853 7.535      7     0.3754
[1] "No Group vs no Session and no Group"
Data: mdata
Models:
noSgrp.mod: get(vname) ~ (1 | pp) + (1 | pp/ID) + ID
nogrp.mod: get(vname) ~ (1 | pp) + (1 | pp/ID) + (1 | pp/S) + (1 | pp/S:ID) + 
nogrp.mod:     S + ID
           Df    AIC    BIC  logLik  Chisq Chi Df Pr(>Chisq)
noSgrp.mod  6 171.24 190.40 -79.620                         
nogrp.mod  12 176.74 215.06 -76.371 6.4981      6     0.3698
[1] "No Session vs no Session and no Group"
Data: mdata
Models:
noSgrp.mod: get(vname) ~ (1 | pp) + (1 | pp/ID) + ID
noS.mod: get(vname) ~ (1 | pp) + (1 | pp/ID) + ID + grp
           Df    AIC    BIC  logLik  Chisq Chi Df Pr(>Chisq)
noSgrp.mod  6 171.24 190.40 -79.620                         
noS.mod     7 172.22 194.57 -79.108 1.0254      1     0.3112
