            Estimate MCMCmean HPD95lower HPD95upper pMCMC Pr(>|t|)
(Intercept)   0.4604   0.4626     0.3505     0.5792 0.001   0.0000
grp1          0.0428   0.0434    -0.0777     0.1606 0.450   0.3130
S1           -0.0205  -0.0199    -0.0937     0.0577 0.590   0.5805
S2           -0.0669  -0.0655    -0.1452     0.0037 0.084   0.0720
ID1           0.2583   0.2598     0.1896     0.3283 0.001   0.0000
grp1:S1       0.0644   0.0641    -0.0058     0.1399 0.090   0.0833
grp1:S2      -0.0600  -0.0599    -0.1364     0.0127 0.122   0.1063
grp1:ID1      0.0493   0.0497    -0.0220     0.1167 0.150   0.2418
S1:ID1       -0.0268  -0.0259    -0.1056     0.0438 0.468   0.4688
S2:ID1       -0.0580  -0.0587    -0.1300     0.0134 0.110   0.1185
grp1:S1:ID1   0.0571   0.0570    -0.0275     0.1208 0.128   0.1239
grp1:S2:ID1  -0.0854  -0.0848    -0.1538    -0.0104 0.020   0.0221
Analysis of Variance Table
         Df Sum Sq Mean Sq F value
grp       1 0.1211  0.1211  1.0241
S         2 0.7231  0.3615  3.0576
ID        1 4.4708  4.4708 37.8105
grp:S     2 0.4483  0.2241  1.8955
grp:ID    1 0.1632  0.1632  1.3798
S:ID      2 0.6509  0.3254  2.7523
grp:S:ID  2 0.6553  0.3277  2.7710
Linear mixed model fit by REML 
Formula: maxangle ~ (1 | pp) + (1 | pp/S) + (1 | pp/ID) + (1 | pp/S:ID) +      grp * S * ID 
   Data: mdata 
   AIC BIC logLik deviance REMLdev
 233.2 297 -96.59    135.6   193.2
Random effects:
 Groups   Name        Variance   Std.Dev.  
 S:ID:pp  (Intercept) 1.5534e-03 3.9414e-02
 S:pp     (Intercept) 6.6416e-17 8.1496e-09
 ID:pp    (Intercept) 2.1641e-02 1.4711e-01
 pp       (Intercept) 6.8941e-05 8.3031e-03
 pp       (Intercept) 6.8941e-05 8.3031e-03
 pp       (Intercept) 6.8941e-05 8.3031e-03
 pp       (Intercept) 6.8941e-05 8.3031e-03
 Residual             1.1824e-01 3.4386e-01
Number of obs: 180, groups: S:ID:pp, 60; S:pp, 30; ID:pp, 20; pp, 10

Fixed effects:
            Estimate Std. Error t value
(Intercept)  0.46039    0.04234  10.875
grp1         0.04284    0.04234   1.012
S1          -0.02046    0.03695  -0.554
S2          -0.06690    0.03695  -1.810
ID1          0.25832    0.04201   6.149
grp1:S1      0.06439    0.03695   1.742
grp1:S2     -0.06000    0.03695  -1.624
grp1:ID1     0.04935    0.04201   1.175
S1:ID1      -0.02683    0.03695  -0.726
S2:ID1      -0.05798    0.03695  -1.569
grp1:S1:ID1  0.05714    0.03695   1.546
grp1:S2:ID1 -0.08538    0.03695  -2.310

Correlation of Fixed Effects:
            (Intr) grp1   S1     S2     ID1    gr1:S1 gr1:S2 g1:ID1 S1:ID1
grp1         0.000                                                        
S1           0.000  0.000                                                 
S2           0.000  0.000 -0.500                                          
ID1          0.000  0.000  0.000  0.000                                   
grp1:S1      0.000  0.000  0.000  0.000  0.000                            
grp1:S2      0.000  0.000  0.000  0.000  0.000 -0.500                     
grp1:ID1     0.000  0.000  0.000  0.000  0.000  0.000  0.000              
S1:ID1       0.000  0.000  0.000  0.000  0.000  0.000  0.000  0.000       
S2:ID1       0.000  0.000  0.000  0.000  0.000  0.000  0.000  0.000 -0.500
grp1:S1:ID1  0.000  0.000  0.000  0.000  0.000  0.000  0.000  0.000  0.000
grp1:S2:ID1  0.000  0.000  0.000  0.000  0.000  0.000  0.000  0.000  0.000
            S2:ID1 g1:S1:
grp1                     
S1                       
S2                       
ID1                      
grp1:S1                  
grp1:S2                  
grp1:ID1                 
S1:ID1                   
S2:ID1                   
grp1:S1:ID1  0.000       
grp1:S2:ID1  0.000 -0.500
Linear mixed model fit by REML 
Formula: maxangle ~ (1 | pp) + (1 | pp/S) + (1 | pp/ID) + (1 | pp/S:ID) +      grp * S * ID 
   Data: mdata 
   AIC BIC logLik deviance REMLdev
 233.2 297 -96.59    135.6   193.2
Random effects:
 Groups   Name        Variance   Std.Dev.  
 S:ID:pp  (Intercept) 1.5534e-03 3.9414e-02
 S:pp     (Intercept) 6.6416e-17 8.1496e-09
 ID:pp    (Intercept) 2.1641e-02 1.4711e-01
 pp       (Intercept) 6.8941e-05 8.3031e-03
 pp       (Intercept) 6.8941e-05 8.3031e-03
 pp       (Intercept) 6.8941e-05 8.3031e-03
 pp       (Intercept) 6.8941e-05 8.3031e-03
 Residual             1.1824e-01 3.4386e-01
Number of obs: 180, groups: S:ID:pp, 60; S:pp, 30; ID:pp, 20; pp, 10

Fixed effects:
            Estimate Std. Error t value
(Intercept)  0.46039    0.04234  10.875
grp1         0.04284    0.04234   1.012
S1          -0.02046    0.03695  -0.554
S2          -0.06690    0.03695  -1.810
ID1          0.25832    0.04201   6.149
grp1:S1      0.06439    0.03695   1.742
grp1:S2     -0.06000    0.03695  -1.624
grp1:ID1     0.04935    0.04201   1.175
S1:ID1      -0.02683    0.03695  -0.726
S2:ID1      -0.05798    0.03695  -1.569
grp1:S1:ID1  0.05714    0.03695   1.546
grp1:S2:ID1 -0.08538    0.03695  -2.310

Correlation of Fixed Effects:
            (Intr) grp1   S1     S2     ID1    gr1:S1 gr1:S2 g1:ID1 S1:ID1
grp1         0.000                                                        
S1           0.000  0.000                                                 
S2           0.000  0.000 -0.500                                          
ID1          0.000  0.000  0.000  0.000                                   
grp1:S1      0.000  0.000  0.000  0.000  0.000                            
grp1:S2      0.000  0.000  0.000  0.000  0.000 -0.500                     
grp1:ID1     0.000  0.000  0.000  0.000  0.000  0.000  0.000              
S1:ID1       0.000  0.000  0.000  0.000  0.000  0.000  0.000  0.000       
S2:ID1       0.000  0.000  0.000  0.000  0.000  0.000  0.000  0.000 -0.500
grp1:S1:ID1  0.000  0.000  0.000  0.000  0.000  0.000  0.000  0.000  0.000
grp1:S2:ID1  0.000  0.000  0.000  0.000  0.000  0.000  0.000  0.000  0.000
            S2:ID1 g1:S1:
grp1                     
S1                       
S2                       
ID1                      
grp1:S1                  
grp1:S2                  
grp1:ID1                 
S1:ID1                   
S2:ID1                   
grp1:S1:ID1  0.000       
grp1:S2:ID1  0.000 -0.500
