[1] "Summary by group"
  grp maxangle.m maxangle.s
1   C  0.5032311  0.5580249
2   U  0.4175414  0.3443835
[1] "Summary by session\n"
  S maxangle.m maxangle.s
1 1  0.4399248  0.4728201
2 2  0.3934858  0.3281424
3 3  0.5477481  0.5570072
[1] "Summary by ID\n"
  ID maxangle.m maxangle.s
1  D  0.7187067 0.53817102
2  E  0.2020658 0.09548781
[1] "Summary by group + Session\n"
  grp S maxangle.m maxangle.s
1   C 1  0.5471560  0.6336175
2   C 2  0.3763256  0.2369218
3   C 3  0.5862116  0.6872175
4   U 1  0.3326937  0.1719461
5   U 2  0.4106460  0.4028978
6   U 3  0.5092847  0.3948210
[1] "Summary by Session + ID\n"
  S ID maxangle.m maxangle.s
1 1  D  0.6714143 0.58438061
2 1  E  0.2084353 0.04955335
3 2  D  0.5938223 0.35096642
4 2  E  0.1931493 0.11337132
5 3  D  0.8908833 0.61242612
6 3  E  0.2046129 0.11199585
[1] "Summary by group + ID\n"
  grp ID maxangle.m maxangle.s
1   C  D  0.8108989 0.65330355
2   C  E  0.1955632 0.09712565
3   U  D  0.6265144 0.37636137
4   U  E  0.2085684 0.09446263
[1] "Summary by group + Session + ID\n"
   grp S ID maxangle.m maxangle.s
1    C 1  D  0.8851347 0.76421009
2    C 1  E  0.2091773 0.05314283
3    C 2  D  0.5406300 0.20394518
4    C 2  E  0.2120213 0.12973548
5    C 3  D  1.0069320 0.76839886
6    C 3  E  0.1654911 0.09238302
7    U 1  D  0.4576940 0.15968491
8    U 1  E  0.2076933 0.04755128
9    U 2  D  0.6470147 0.45551790
10   U 2  E  0.1742773 0.09502480
11   U 3  D  0.7748347 0.39702220
12   U 3  E  0.2437347 0.11902850
