[1] "CircularityL ~S*IDR*IDL*grp + Error(pp/(S*IDR*IDL))"
$ANOVA
          Effect DFn DFd          F            p p<.05         ges
2            grp   1   8  1.5546534 2.477169e-01       0.068990357
3              S   2  16 15.2038044 1.996394e-04     * 0.166755395
5            IDR   2  16 11.0311959 9.749700e-04     * 0.113006772
7            IDL   1   8 13.1996484 6.654784e-03     * 0.103323018
4          grp:S   2  16  0.6531365 5.337421e-01       0.008523957
6        grp:IDR   2  16  2.7213378 9.610104e-02       0.030472232
8        grp:IDL   1   8  1.6092867 2.402586e-01       0.013853942
9          S:IDR   4  32  3.3724642 2.065557e-02     * 0.044218467
11         S:IDL   2  16  1.0573417 3.704366e-01       0.012273938
13       IDR:IDL   2  16 17.7931866 8.564064e-05     * 0.125477952
10     grp:S:IDR   4  32  2.2804331 8.225999e-02       0.030334510
12     grp:S:IDL   2  16  1.0006132 3.895320e-01       0.011623070
14   grp:IDR:IDL   2  16  2.4551210 1.175134e-01       0.019413407
15     S:IDR:IDL   4  32  2.1642611 9.557750e-02       0.021926124
16 grp:S:IDR:IDL   4  32  0.9093363 4.702979e-01       0.009331117

$`Mauchly's Test for Sphericity`
          Effect          W          p p<.05
3              S 0.39605417 0.03909679     *
4          grp:S 0.39605417 0.03909679     *
5            IDR 0.84180748 0.54732429      
6        grp:IDR 0.84180748 0.54732429      
9          S:IDR 0.07985086 0.07175315      
10     grp:S:IDR 0.07985086 0.07175315      
11         S:IDL 0.71845204 0.31433464      
12     grp:S:IDL 0.71845204 0.31433464      
13       IDR:IDL 0.81159375 0.48159883      
14   grp:IDR:IDL 0.81159375 0.48159883      
15     S:IDR:IDL 0.55032124 0.92585365      
16 grp:S:IDR:IDL 0.55032124 0.92585365      

$`Sphericity Corrections`
          Effect       GGe        p[GG] p[GG]<.05       HFe        p[HF]
3              S 0.6234625 0.0020826461         * 0.6828240 1.434047e-03
4          grp:S 0.6234625 0.4711519520           0.6828240 4.830990e-01
5            IDR 0.8634143 0.0018531002         * 1.0793151 9.749700e-04
6        grp:IDR 0.8634143 0.1062319598           1.0793151 9.610104e-02
9          S:IDR 0.5763952 0.0507698165           0.8231844 2.992620e-02
10     grp:S:IDR 0.5763952 0.1246868702           0.8231844 9.770864e-02
11         S:IDL 0.7803063 0.3588814466           0.9352997 3.674932e-01
12     grp:S:IDL 0.7803063 0.3753892602           0.9352997 3.858617e-01
13       IDR:IDL 0.8414631 0.0002595655         * 1.0405400 8.564064e-05
14   grp:IDR:IDL 0.8414631 0.1289394517           1.0405400 1.175134e-01
15     S:IDR:IDL 0.7771763 0.1157703081           1.3277848 9.557750e-02
16 grp:S:IDR:IDL 0.7771763 0.4535830603           1.3277848 4.702979e-01
   p[HF]<.05
3          *
4           
5          *
6           
9          *
10          
11          
12          
13         *
14          
15          
16          

