[1] "Summary by group"
  grp CircularityL.m CircularityL.s
1   C      0.8288587     0.03904950
2   U      0.8148930     0.03922498
[1] "Summary by session\n"
  S CircularityL.m CircularityL.s
1 1      0.8058651     0.03826222
2 2      0.8275857     0.03739790
3 3      0.8321768     0.03861326
[1] "Summary by IDR+IDR\n"
  IDL IDR CircularityL.m CircularityL.s
1   D   D      0.8318806     0.03167321
2   D   M      0.8280503     0.04128215
3   D   E      0.8318193     0.03401045
4   E   D      0.7872158     0.03868361
5   E   M      0.8211673     0.03771623
6   E   E      0.8311218     0.03507841
[1] "Summary by group + Session\n"
  grp S CircularityL.m CircularityL.s
1   C 1      0.8144322     0.03657028
2   C 2      0.8312068     0.03757778
3   C 3      0.8409371     0.03867580
4   U 1      0.7972979     0.03819185
5   U 2      0.8239647     0.03707173
6   U 3      0.8234164     0.03671091
[1] "Summary by Session + IDR + IDL \n"
   S IDL IDR CircularityL.m CircularityL.s
1  1   D   D      0.8065093     0.02769979
2  1   D   M      0.8209417     0.03523071
3  1   D   E      0.8261423     0.02756932
4  1   E   D      0.7645220     0.03037151
5  1   E   M      0.7962267     0.04174416
6  1   E   E      0.8208483     0.02907576
7  2   D   D      0.8424710     0.02187395
8  2   D   M      0.8367270     0.03445522
9  2   D   E      0.8308467     0.03809919
10 2   E   D      0.7866480     0.03067601
11 2   E   M      0.8323843     0.02887956
12 2   E   E      0.8364373     0.03969024
13 3   D   D      0.8466613     0.02872436
14 3   D   M      0.8264823     0.05166348
15 3   D   E      0.8384690     0.03547151
16 3   E   D      0.8104773     0.04044950
17 3   E   M      0.8348910     0.02864545
18 3   E   E      0.8360797     0.03452232
[1] "Summary by group + IDR + IDL\n"
   grp IDL IDR CircularityL.m CircularityL.s
1    C   D   D      0.8385704     0.03196502
2    C   D   M      0.8416162     0.03479329
3    C   D   E      0.8416333     0.03631119
4    C   E   D      0.7934916     0.04107821
5    C   E   M      0.8331729     0.03663128
6    C   E   E      0.8246678     0.03156386
7    U   D   D      0.8251907     0.03026348
8    U   D   M      0.8144844     0.04312956
9    U   D   E      0.8220053     0.02870889
10   U   E   D      0.7809400     0.03548059
11   U   E   M      0.8091618     0.03522340
12   U   E   E      0.8375758     0.03751635
[1] "Summary by group + Session + IDR + IDL\n"
   grp S IDL IDR CircularityL.m CircularityL.s
1    C 1   D   D      0.8198013     0.02484711
2    C 1   D   M      0.8381193     0.02498206
3    C 1   D   E      0.8388927     0.01989199
4    C 1   E   D      0.7746853     0.02814232
5    C 1   E   M      0.8061287     0.04734464
6    C 1   E   E      0.8089660     0.02756145
7    C 2   D   D      0.8405973     0.02729775
8    C 2   D   M      0.8377800     0.03763070
9    C 2   D   E      0.8402713     0.04268414
10   C 2   E   D      0.7826467     0.03487346
11   C 2   E   M      0.8453140     0.01615756
12   C 2   E   E      0.8406313     0.02127752
13   C 3   D   D      0.8553127     0.03415463
14   C 3   D   M      0.8489493     0.04096340
15   C 3   D   E      0.8457360     0.04356798
16   C 3   E   D      0.8231427     0.04299109
17   C 3   E   M      0.8480760     0.02313285
18   C 3   E   E      0.8244060     0.03716885
19   U 1   D   D      0.7932173     0.02435958
20   U 1   D   M      0.8037640     0.03625827
21   U 1   D   E      0.8133920     0.02881611
22   U 1   E   D      0.7543587     0.02995683
23   U 1   E   M      0.7863247     0.03402938
24   U 1   E   E      0.8327307     0.02624885
25   U 2   D   D      0.8443447     0.01544103
26   U 2   D   M      0.8356740     0.03225950
27   U 2   D   E      0.8214220     0.03153577
28   U 2   E   D      0.7906493     0.02643451
29   U 2   E   M      0.8194547     0.03329158
30   U 2   E   E      0.8322433     0.05265670
31   U 3   D   D      0.8380100     0.01954970
32   U 3   D   M      0.8040153     0.05262357
33   U 3   D   E      0.8312020     0.02439259
34   U 3   E   D      0.7978120     0.03460091
35   U 3   E   M      0.8217060     0.02814398
36   U 3   E   E      0.8477533     0.02819873
