[1] "IPerfEfRrel ~S*IDR*IDL*grp + Error(pp/(S*IDR*IDL))"
$ANOVA
          Effect DFn DFd          F            p p<.05         ges
2            grp   1   8  0.1463009 7.120573e-01       0.006754967
3              S   2  16  4.9853040 2.075405e-02     * 0.047608621
5            IDR   2  16 86.0373502 2.743575e-09     * 0.706867885
7            IDL   1   8 52.2220791 9.009210e-05     * 0.319293971
4          grp:S   2  16  0.4095170 6.707358e-01       0.004089505
6        grp:IDR   2  16  1.3654800 2.834520e-01       0.036860593
8        grp:IDL   1   8  4.8667728 5.843752e-02       0.041882889
9          S:IDR   4  32  8.0296107 1.335449e-04     * 0.098265893
11         S:IDL   2  16  3.0932274 7.315711e-02       0.012308920
13       IDR:IDL   2  16 48.9675142 1.512522e-07     * 0.318475554
10     grp:S:IDR   4  32  0.1416814 9.653653e-01       0.001919147
12     grp:S:IDL   2  16  2.7262545 9.574919e-02       0.010864485
14   grp:IDR:IDL   2  16  2.7031924 9.741218e-02       0.025147932
15     S:IDR:IDL   4  32  7.9667350 1.417162e-04     * 0.033373733
16 grp:S:IDR:IDL   4  32  1.8434965 1.447866e-01       0.007925966

$`Mauchly's Test for Sphericity`
          Effect           W            p p<.05
3              S 0.917419988 7.395860e-01      
4          grp:S 0.917419988 7.395860e-01      
5            IDR 0.024449285 2.285239e-06     *
6        grp:IDR 0.024449285 2.285239e-06     *
9          S:IDR 0.006010615 2.325724e-04     *
10     grp:S:IDR 0.006010615 2.325724e-04     *
11         S:IDL 0.367140330 2.998557e-02     *
12     grp:S:IDL 0.367140330 2.998557e-02     *
13       IDR:IDL 0.168631587 1.969184e-03     *
14   grp:IDR:IDL 0.168631587 1.969184e-03     *
15     S:IDR:IDL 0.033692535 1.232088e-02     *
16 grp:S:IDR:IDL 0.033692535 1.232088e-02     *

$`Sphericity Corrections`
          Effect       GGe        p[GG] p[GG]<.05       HFe        p[HF]
3              S 0.9237193 2.410719e-02         * 1.1886876 2.075405e-02
4          grp:S 0.9237193 6.556020e-01           1.1886876 6.707358e-01
5            IDR 0.5061880 1.332672e-05         * 0.5088556 1.272401e-05
6        grp:IDR 0.5061880 2.765419e-01           0.5088556 2.766732e-01
9          S:IDR 0.4924536 4.053613e-03         * 0.6520666 1.366183e-03
10     grp:S:IDR 0.4924536 8.661056e-01           0.6520666 9.141968e-01
11         S:IDL 0.6124225 1.052699e-01           0.6659335 1.001550e-01
12     grp:S:IDL 0.6124225 1.270420e-01           0.6659335 1.222804e-01
13       IDR:IDL 0.5460398 6.101666e-05         * 0.5666478 4.635141e-05
14   grp:IDR:IDL 0.5460398 1.345782e-01           0.5666478 1.327087e-01
15     S:IDR:IDL 0.3887065 8.516650e-03         * 0.4652099 5.035669e-03
16 grp:S:IDR:IDL 0.3887065 2.010694e-01           0.4652099 1.937579e-01
   p[HF]<.05
3          *
4           
5          *
6           
9          *
10          
11          
12          
13         *
14          
15         *
16          

