[1] "grp Tukey test"

	 Simultaneous Tests for General Linear Hypotheses

Multiple Comparisons of Means: Tukey Contrasts


Fit: lme.formula(fixed = maxangle ~ S + ID + grp, data = mdata, random = ~1 | 
    pp)

Linear Hypotheses:
           Estimate Std. Error z value Pr(>|z|)
U - C == 0 -0.10983    0.07805  -1.407    0.159
(Adjusted p values reported -- single-step method)

[1] "S Tukey test"

	 Simultaneous Tests for General Linear Hypotheses

Multiple Comparisons of Means: Tukey Contrasts


Fit: lme.formula(fixed = maxangle ~ S + ID + grp, data = mdata, random = ~1 | 
    pp)

Linear Hypotheses:
           Estimate Std. Error z value Pr(>|z|)
2 - 1 == 0  0.07032    0.05648   1.245    0.427
3 - 1 == 0  0.05348    0.05648   0.947    0.611
3 - 2 == 0 -0.01684    0.05648  -0.298    0.952
(Adjusted p values reported -- single-step method)

[1] "ID Tukey test"

	 Simultaneous Tests for General Linear Hypotheses

Multiple Comparisons of Means: Tukey Contrasts


Fit: lme.formula(fixed = maxangle ~ S + ID + grp, data = mdata, random = ~1 | 
    pp)

Linear Hypotheses:
           Estimate Std. Error z value Pr(>|z|)    
M - D == 0 -0.47544    0.05648  -8.418   <1e-04 ***
E - D == 0 -0.54211    0.05648  -9.598   <1e-04 ***
E - M == 0 -0.06667    0.05648  -1.180    0.465    
---
Signif. codes:  0 ‘***’ 0.001 ‘**’ 0.01 ‘*’ 0.05 ‘.’ 0.1 ‘ ’ 1 
(Adjusted p values reported -- single-step method)

