            Estimate MCMCmean HPD95lower HPD95upper pMCMC Pr(>|t|)
(Intercept)   0.4273   0.4274     0.3141     0.5248 0.001   0.0000
grp1          0.0549   0.0563    -0.0450     0.1627 0.238   0.1606
S1           -0.0413  -0.0397    -0.1134     0.0314 0.274   0.3632
S2            0.0291   0.0276    -0.0540     0.0948 0.440   0.5219
ID1           0.3392   0.3395     0.2650     0.4172 0.001   0.0000
ID2          -0.1363  -0.1376    -0.2126    -0.0647 0.001   0.0029
grp1:S1       0.0273   0.0294    -0.0492     0.1097 0.440   0.5467
grp1:S2       0.0300   0.0273    -0.0484     0.1017 0.456   0.5086
grp1:ID1      0.1119   0.1110     0.0276     0.1841 0.004   0.0143
grp1:ID2     -0.0486  -0.0484    -0.1223     0.0306 0.190   0.2854
S1:ID1       -0.0877  -0.0890    -0.1828    -0.0066 0.056   0.1344
S2:ID1        0.0705   0.0720    -0.0110     0.1542 0.086   0.2281
S1:ID2        0.0505   0.0515    -0.0373     0.1382 0.230   0.3875
S2:ID2       -0.0234  -0.0249    -0.1195     0.0533 0.566   0.6892
grp1:S1:ID1   0.0323   0.0329    -0.0545     0.1150 0.456   0.5801
grp1:S2:ID1   0.0700   0.0684    -0.0118     0.1559 0.090   0.2317
grp1:S1:ID2  -0.0138  -0.0128    -0.0913     0.0825 0.774   0.8133
grp1:S2:ID2  -0.0386  -0.0382    -0.1346     0.0463 0.386   0.5094
Analysis of Variance Table
         Df Sum Sq Mean Sq F value
grp       1 0.1870 0.18702  1.9794
S         2 0.0828 0.04138  0.4379
ID        2 5.3456 2.67280 28.2878
grp:S     2 0.1514 0.07571  0.8013
grp:ID    2 0.5778 0.28891  3.0577
S:ID      4 0.2526 0.06314  0.6683
grp:S:ID  4 0.3039 0.07597  0.8041
Linear mixed model fit by REML 
Formula: maxangle ~ (1 | pp) + (1 | pp/S) + (1 | pp/ID) + (1 | pp/S:ID) +      grp * S * ID 
   Data: mdata 
   AIC   BIC logLik deviance REMLdev
 334.9 428.5 -141.5      204   282.9
Random effects:
 Groups   Name        Variance   Std.Dev.
 S:ID:pp  (Intercept) 0.04520112 0.212606
 ID:pp    (Intercept) 0.00532935 0.073002
 S:pp     (Intercept) 0.00521814 0.072237
 pp       (Intercept) 0.00079757 0.028241
 pp       (Intercept) 0.00079757 0.028241
 pp       (Intercept) 0.00079757 0.028241
 pp       (Intercept) 0.00079757 0.028241
 Residual             0.09448588 0.307386
Number of obs: 270, groups: S:ID:pp, 90; ID:pp, 30; S:pp, 30; pp, 10

Fixed effects:
            Estimate Std. Error t value
(Intercept)  0.42728    0.03902  10.950
grp1         0.05491    0.03902   1.407
S1          -0.04127    0.04530  -0.911
S2           0.02905    0.04530   0.641
ID1          0.33918    0.04538   7.474
ID2         -0.13626    0.04538  -3.002
grp1:S1      0.02734    0.04530   0.604
grp1:S2      0.02999    0.04530   0.662
grp1:ID1     0.11191    0.04538   2.466
grp1:ID2    -0.04858    0.04538  -1.071
S1:ID1      -0.08768    0.05838  -1.502
S2:ID1       0.07054    0.05838   1.208
S1:ID2       0.05054    0.05838   0.866
S2:ID2      -0.02338    0.05838  -0.400
grp1:S1:ID1  0.03234    0.05838   0.554
grp1:S2:ID1  0.07000    0.05838   1.199
grp1:S1:ID2 -0.01380    0.05838  -0.236
grp1:S2:ID2 -0.03858    0.05838  -0.661

Correlation of Fixed Effects:
            (Intr) grp1   S1     S2     ID1    ID2    gr1:S1 gr1:S2 g1:ID1
grp1         0.000                                                        
S1           0.000  0.000                                                 
S2           0.000  0.000 -0.500                                          
ID1          0.000  0.000  0.000  0.000                                   
ID2          0.000  0.000  0.000  0.000 -0.500                            
grp1:S1      0.000  0.000  0.000  0.000  0.000  0.000                     
grp1:S2      0.000  0.000  0.000  0.000  0.000  0.000 -0.500              
grp1:ID1     0.000  0.000  0.000  0.000  0.000  0.000  0.000  0.000       
grp1:ID2     0.000  0.000  0.000  0.000  0.000  0.000  0.000  0.000 -0.500
S1:ID1       0.000  0.000  0.000  0.000  0.000  0.000  0.000  0.000  0.000
S2:ID1       0.000  0.000  0.000  0.000  0.000  0.000  0.000  0.000  0.000
S1:ID2       0.000  0.000  0.000  0.000  0.000  0.000  0.000  0.000  0.000
S2:ID2       0.000  0.000  0.000  0.000  0.000  0.000  0.000  0.000  0.000
grp1:S1:ID1  0.000  0.000  0.000  0.000  0.000  0.000  0.000  0.000  0.000
grp1:S2:ID1  0.000  0.000  0.000  0.000  0.000  0.000  0.000  0.000  0.000
grp1:S1:ID2  0.000  0.000  0.000  0.000  0.000  0.000  0.000  0.000  0.000
grp1:S2:ID2  0.000  0.000  0.000  0.000  0.000  0.000  0.000  0.000  0.000
            g1:ID2 S1:ID1 S2:ID1 S1:ID2 S2:ID2 g1:S1:ID1 g1:S2:ID1 g1:S1:ID2
grp1                                                                        
S1                                                                          
S2                                                                          
ID1                                                                         
ID2                                                                         
grp1:S1                                                                     
grp1:S2                                                                     
grp1:ID1                                                                    
grp1:ID2                                                                    
S1:ID1       0.000                                                          
S2:ID1       0.000 -0.500                                                   
S1:ID2       0.000 -0.500  0.250                                            
S2:ID2       0.000  0.250 -0.500 -0.500                                     
grp1:S1:ID1  0.000  0.000  0.000  0.000  0.000                              
grp1:S2:ID1  0.000  0.000  0.000  0.000  0.000 -0.500                       
grp1:S1:ID2  0.000  0.000  0.000  0.000  0.000 -0.500     0.250             
grp1:S2:ID2  0.000  0.000  0.000  0.000  0.000  0.250    -0.500    -0.500   
Linear mixed model fit by REML 
Formula: maxangle ~ (1 | pp) + (1 | pp/S) + (1 | pp/ID) + (1 | pp/S:ID) +      grp * S * ID 
   Data: mdata 
   AIC   BIC logLik deviance REMLdev
 334.9 428.5 -141.5      204   282.9
Random effects:
 Groups   Name        Variance   Std.Dev.
 S:ID:pp  (Intercept) 0.04520112 0.212606
 ID:pp    (Intercept) 0.00532935 0.073002
 S:pp     (Intercept) 0.00521814 0.072237
 pp       (Intercept) 0.00079757 0.028241
 pp       (Intercept) 0.00079757 0.028241
 pp       (Intercept) 0.00079757 0.028241
 pp       (Intercept) 0.00079757 0.028241
 Residual             0.09448588 0.307386
Number of obs: 270, groups: S:ID:pp, 90; ID:pp, 30; S:pp, 30; pp, 10

Fixed effects:
            Estimate Std. Error t value
(Intercept)  0.42728    0.03902  10.950
grp1         0.05491    0.03902   1.407
S1          -0.04127    0.04530  -0.911
S2           0.02905    0.04530   0.641
ID1          0.33918    0.04538   7.474
ID2         -0.13626    0.04538  -3.002
grp1:S1      0.02734    0.04530   0.604
grp1:S2      0.02999    0.04530   0.662
grp1:ID1     0.11191    0.04538   2.466
grp1:ID2    -0.04858    0.04538  -1.071
S1:ID1      -0.08768    0.05838  -1.502
S2:ID1       0.07054    0.05838   1.208
S1:ID2       0.05054    0.05838   0.866
S2:ID2      -0.02338    0.05838  -0.400
grp1:S1:ID1  0.03234    0.05838   0.554
grp1:S2:ID1  0.07000    0.05838   1.199
grp1:S1:ID2 -0.01380    0.05838  -0.236
grp1:S2:ID2 -0.03858    0.05838  -0.661

Correlation of Fixed Effects:
            (Intr) grp1   S1     S2     ID1    ID2    gr1:S1 gr1:S2 g1:ID1
grp1         0.000                                                        
S1           0.000  0.000                                                 
S2           0.000  0.000 -0.500                                          
ID1          0.000  0.000  0.000  0.000                                   
ID2          0.000  0.000  0.000  0.000 -0.500                            
grp1:S1      0.000  0.000  0.000  0.000  0.000  0.000                     
grp1:S2      0.000  0.000  0.000  0.000  0.000  0.000 -0.500              
grp1:ID1     0.000  0.000  0.000  0.000  0.000  0.000  0.000  0.000       
grp1:ID2     0.000  0.000  0.000  0.000  0.000  0.000  0.000  0.000 -0.500
S1:ID1       0.000  0.000  0.000  0.000  0.000  0.000  0.000  0.000  0.000
S2:ID1       0.000  0.000  0.000  0.000  0.000  0.000  0.000  0.000  0.000
S1:ID2       0.000  0.000  0.000  0.000  0.000  0.000  0.000  0.000  0.000
S2:ID2       0.000  0.000  0.000  0.000  0.000  0.000  0.000  0.000  0.000
grp1:S1:ID1  0.000  0.000  0.000  0.000  0.000  0.000  0.000  0.000  0.000
grp1:S2:ID1  0.000  0.000  0.000  0.000  0.000  0.000  0.000  0.000  0.000
grp1:S1:ID2  0.000  0.000  0.000  0.000  0.000  0.000  0.000  0.000  0.000
grp1:S2:ID2  0.000  0.000  0.000  0.000  0.000  0.000  0.000  0.000  0.000
            g1:ID2 S1:ID1 S2:ID1 S1:ID2 S2:ID2 g1:S1:ID1 g1:S2:ID1 g1:S1:ID2
grp1                                                                        
S1                                                                          
S2                                                                          
ID1                                                                         
ID2                                                                         
grp1:S1                                                                     
grp1:S2                                                                     
grp1:ID1                                                                    
grp1:ID2                                                                    
S1:ID1       0.000                                                          
S2:ID1       0.000 -0.500                                                   
S1:ID2       0.000 -0.500  0.250                                            
S2:ID2       0.000  0.250 -0.500 -0.500                                     
grp1:S1:ID1  0.000  0.000  0.000  0.000  0.000                              
grp1:S2:ID1  0.000  0.000  0.000  0.000  0.000 -0.500                       
grp1:S1:ID2  0.000  0.000  0.000  0.000  0.000 -0.500     0.250             
grp1:S2:ID2  0.000  0.000  0.000  0.000  0.000  0.250    -0.500    -0.500   
