[1] "grp Tukey test"

	 Simultaneous Tests for General Linear Hypotheses

Multiple Comparisons of Means: Tukey Contrasts


Fit: lme.formula(fixed = minPeakDelay ~ S + IDR + IDL + grp, data = mdata, 
    random = ~1 | pp)

Linear Hypotheses:
           Estimate Std. Error z value Pr(>|z|)
U - C == 0 0.011800   0.007646   1.543    0.123
(Adjusted p values reported -- single-step method)

[1] "S Tukey test"

	 Simultaneous Tests for General Linear Hypotheses

Multiple Comparisons of Means: Tukey Contrasts


Fit: lme.formula(fixed = minPeakDelay ~ S + IDR + IDL + grp, data = mdata, 
    random = ~1 | pp)

Linear Hypotheses:
             Estimate Std. Error z value Pr(>|z|)
2 - 1 == 0  0.0041950  0.0031088   1.349    0.368
3 - 1 == 0 -0.0008444  0.0031088  -0.272    0.960
3 - 2 == 0 -0.0050394  0.0031088  -1.621    0.237
(Adjusted p values reported -- single-step method)

[1] "IDR Tukey test"

	 Simultaneous Tests for General Linear Hypotheses

Multiple Comparisons of Means: Tukey Contrasts


Fit: lme.formula(fixed = minPeakDelay ~ S + IDR + IDL + grp, data = mdata, 
    random = ~1 | pp)

Linear Hypotheses:
            Estimate Std. Error z value Pr(>|z|)   
E - D == 0 -0.007130   0.002538  -2.809  0.00497 **
---
Signif. codes:  0 ‘***’ 0.001 ‘**’ 0.01 ‘*’ 0.05 ‘.’ 0.1 ‘ ’ 1 
(Adjusted p values reported -- single-step method)

[1] "IDL Tukey test"

	 Simultaneous Tests for General Linear Hypotheses

Multiple Comparisons of Means: Tukey Contrasts


Fit: lme.formula(fixed = minPeakDelay ~ S + IDR + IDL + grp, data = mdata, 
    random = ~1 | pp)

Linear Hypotheses:
            Estimate Std. Error z value Pr(>|z|)
M - D == 0 -0.004265   0.003109  -1.372    0.356
E - D == 0 -0.001404   0.003109  -0.452    0.894
E - M == 0  0.002861   0.003109   0.920    0.627
(Adjusted p values reported -- single-step method)

