                  Estimate MCMCmean HPD95lower HPD95upper pMCMC Pr(>|t|)
(Intercept)         0.0083   0.0084    -0.0020     0.0182 0.104   0.0454
grp1               -0.0059  -0.0058    -0.0152     0.0042 0.222   0.1538
S1                 -0.0011  -0.0012    -0.0064     0.0035 0.630   0.7040
S2                  0.0031   0.0032    -0.0012     0.0080 0.196   0.2952
IDR1                0.0019   0.0019    -0.0041     0.0080 0.534   0.6361
IDR2               -0.0024  -0.0024    -0.0084     0.0035 0.440   0.5519
IDL1                0.0036   0.0036    -0.0011     0.0084 0.130   0.2600
grp1:S1             0.0042   0.0043    -0.0003     0.0095 0.082   0.1509
grp1:S2            -0.0014  -0.0014    -0.0060     0.0036 0.578   0.6334
grp1:IDR1          -0.0062  -0.0063    -0.0123     0.0001 0.048   0.1234
grp1:IDR2           0.0003   0.0003    -0.0060     0.0060 0.884   0.9343
S1:IDR1            -0.0023  -0.0023    -0.0065     0.0017 0.298   0.4828
S2:IDR1            -0.0010  -0.0009    -0.0049     0.0035 0.678   0.7600
S1:IDR2             0.0015   0.0016    -0.0027     0.0059 0.496   0.6505
S2:IDR2             0.0015   0.0015    -0.0031     0.0057 0.526   0.6360
grp1:IDL1          -0.0024  -0.0024    -0.0069     0.0025 0.308   0.4401
S1:IDL1            -0.0047  -0.0047    -0.0076    -0.0017 0.004   0.0413
S2:IDL1             0.0038   0.0038     0.0009     0.0067 0.008   0.0991
IDR1:IDL1           0.0041   0.0041     0.0011     0.0070 0.006   0.0762
IDR2:IDL1          -0.0021  -0.0022    -0.0051     0.0008 0.148   0.3491
grp1:S1:IDR1        0.0098   0.0097     0.0050     0.0138 0.001   0.0025
grp1:S2:IDR1       -0.0016  -0.0016    -0.0064     0.0023 0.498   0.6153
grp1:S1:IDR2       -0.0021  -0.0021    -0.0063     0.0018 0.314   0.5233
grp1:S2:IDR2       -0.0026  -0.0026    -0.0066     0.0015 0.198   0.4161
grp1:S1:IDL1        0.0035   0.0035     0.0005     0.0064 0.030   0.1261
grp1:S2:IDL1       -0.0027  -0.0027    -0.0056     0.0004 0.088   0.2356
grp1:IDR1:IDL1     -0.0058  -0.0059    -0.0089    -0.0029 0.001   0.0114
grp1:IDR2:IDL1     -0.0001   0.0000    -0.0029     0.0031 0.986   0.9805
S1:IDR1:IDL1       -0.0067  -0.0067    -0.0110    -0.0022 0.002   0.0396
S2:IDR1:IDL1        0.0034   0.0034    -0.0012     0.0073 0.104   0.2960
S1:IDR2:IDL1        0.0024   0.0025    -0.0016     0.0068 0.254   0.4484
S2:IDR2:IDL1       -0.0011  -0.0011    -0.0054     0.0031 0.582   0.7418
grp1:S1:IDR1:IDL1   0.0070   0.0071     0.0031     0.0112 0.002   0.0310
grp1:S2:IDR1:IDL1  -0.0035  -0.0036    -0.0075     0.0010 0.116   0.2827
grp1:S1:IDR2:IDL1  -0.0010  -0.0010    -0.0052     0.0031 0.618   0.7520
grp1:S2:IDR2:IDL1   0.0006   0.0007    -0.0036     0.0049 0.786   0.8546
NULL
       Length Class      Mode
fixed  6      data.frame list
random 7      data.frame list
Analysis of Variance Table
              Df     Sum Sq    Mean Sq F value
grp            1 0.00048196 0.00048196  2.0374
S              2 0.00026643 0.00013322  0.5632
IDR            2 0.00009353 0.00004676  0.1977
IDL            1 0.00030057 0.00030057  1.2706
grp:S          2 0.00050841 0.00025421  1.0746
grp:IDR        2 0.00071269 0.00035635  1.5064
S:IDR          4 0.00031432 0.00007858  0.3322
grp:IDL        1 0.00014112 0.00014112  0.5966
S:IDL          2 0.00111552 0.00055776  2.3579
IDR:IDL        2 0.00074781 0.00037391  1.5806
grp:S:IDR      4 0.00292057 0.00073014  3.0866
grp:S:IDL      2 0.00061155 0.00030578  1.2926
grp:IDR:IDL    2 0.00205349 0.00102674  4.3404
S:IDR:IDL      4 0.00103254 0.00025813  1.0912
grp:S:IDR:IDL  4 0.00129265 0.00032316  1.3661
Linear mixed model fit by REML 
Formula: get(vname) ~ (1 | pp) + (1 | pp/S) + (1 | pp/IDR) + (1 | pp/IDL) +      (1 | pp/S:IDR:IDL) + grp * S * IDR * IDL 
   Data: mdata 
   AIC   BIC logLik deviance REMLdev
 -2177 -1980   1135    -2628   -2269
Random effects:
 Groups       Name        Variance   Std.Dev.  
 S:IDR:IDL:pp (Intercept) 3.8981e-04 1.9744e-02
 IDR:pp       (Intercept) 1.6079e-04 1.2680e-02
 S:pp         (Intercept) 5.1338e-05 7.1651e-03
 IDL:pp       (Intercept) 1.4782e-04 1.2158e-02
 pp           (Intercept) 6.4976e-14 2.5490e-07
 pp           (Intercept) 2.6304e-12 1.6218e-06
 pp           (Intercept) 3.9295e-13 6.2686e-07
 pp           (Intercept) 0.0000e+00 0.0000e+00
 pp           (Intercept) 8.9555e-13 9.4634e-07
 Residual                 2.3655e-04 1.5380e-02
Number of obs: 540, groups: S:IDR:IDL:pp, 180; IDR:pp, 30; S:pp, 30; IDL:pp, 20; pp, 10

Fixed effects:
                    Estimate Std. Error t value
(Intercept)        8.285e-03  4.131e-03   2.006
grp1              -5.900e-03  4.131e-03  -1.428
S1                -1.117e-03  2.938e-03  -0.380
S2                 3.078e-03  2.938e-03   1.048
IDR1               1.890e-03  3.991e-03   0.474
IDR2              -2.375e-03  3.991e-03  -0.595
IDL1               3.565e-03  3.161e-03   1.128
grp1:S1            4.226e-03  2.938e-03   1.438
grp1:S2           -1.402e-03  2.938e-03  -0.477
grp1:IDR1         -6.158e-03  3.991e-03  -1.543
grp1:IDR2          3.292e-04  3.991e-03   0.082
S1:IDR1           -2.266e-03  3.227e-03  -0.702
S2:IDR1           -9.865e-04  3.227e-03  -0.306
S1:IDR2            1.463e-03  3.227e-03   0.453
S2:IDR2            1.529e-03  3.227e-03   0.474
grp1:IDL1         -2.443e-03  3.161e-03  -0.773
S1:IDL1           -4.669e-03  2.282e-03  -2.046
S2:IDL1            3.771e-03  2.282e-03   1.652
IDR1:IDL1          4.055e-03  2.282e-03   1.777
IDR2:IDL1         -2.139e-03  2.282e-03  -0.937
grp1:S1:IDR1       9.807e-03  3.227e-03   3.039
grp1:S2:IDR1      -1.623e-03  3.227e-03  -0.503
grp1:S1:IDR2      -2.061e-03  3.227e-03  -0.639
grp1:S2:IDR2      -2.627e-03  3.227e-03  -0.814
grp1:S1:IDL1       3.496e-03  2.282e-03   1.532
grp1:S2:IDL1      -2.710e-03  2.282e-03  -1.187
grp1:IDR1:IDL1    -5.793e-03  2.282e-03  -2.539
grp1:IDR2:IDL1    -5.589e-05  2.282e-03  -0.024
S1:IDR1:IDL1      -6.659e-03  3.227e-03  -2.063
S2:IDR1:IDL1       3.376e-03  3.227e-03   1.046
S1:IDR2:IDL1       2.448e-03  3.227e-03   0.759
S2:IDR2:IDL1      -1.064e-03  3.227e-03  -0.330
grp1:S1:IDR1:IDL1  6.981e-03  3.227e-03   2.163
grp1:S2:IDR1:IDL1 -3.471e-03  3.227e-03  -1.075
grp1:S1:IDR2:IDL1 -1.021e-03  3.227e-03  -0.316
grp1:S2:IDR2:IDL1  5.918e-04  3.227e-03   0.183

Correlation of Fixed Effects:
            (Intr) grp1   S1     S2     IDR1   IDR2   IDL1   gr1:S1 gr1:S2
grp1         0.000                                                        
S1           0.000  0.000                                                 
S2           0.000  0.000 -0.500                                          
IDR1         0.000  0.000  0.000  0.000                                   
IDR2         0.000  0.000  0.000  0.000 -0.500                            
IDL1         0.000  0.000  0.000  0.000  0.000  0.000                     
grp1:S1      0.000  0.000  0.000  0.000  0.000  0.000  0.000              
grp1:S2      0.000  0.000  0.000  0.000  0.000  0.000  0.000 -0.500       
grp1:IDR1    0.000  0.000  0.000  0.000  0.000  0.000  0.000  0.000  0.000
grp1:IDR2    0.000  0.000  0.000  0.000  0.000  0.000  0.000  0.000  0.000
S1:IDR1      0.000  0.000  0.000  0.000  0.000  0.000  0.000  0.000  0.000
S2:IDR1      0.000  0.000  0.000  0.000  0.000  0.000  0.000  0.000  0.000
S1:IDR2      0.000  0.000  0.000  0.000  0.000  0.000  0.000  0.000  0.000
S2:IDR2      0.000  0.000  0.000  0.000  0.000  0.000  0.000  0.000  0.000
grp1:IDL1    0.000  0.000  0.000  0.000  0.000  0.000  0.000  0.000  0.000
S1:IDL1      0.000  0.000  0.000  0.000  0.000  0.000  0.000  0.000  0.000
S2:IDL1      0.000  0.000  0.000  0.000  0.000  0.000  0.000  0.000  0.000
IDR1:IDL1    0.000  0.000  0.000  0.000  0.000  0.000  0.000  0.000  0.000
IDR2:IDL1    0.000  0.000  0.000  0.000  0.000  0.000  0.000  0.000  0.000
gr1:S1:IDR1  0.000  0.000  0.000  0.000  0.000  0.000  0.000  0.000  0.000
gr1:S2:IDR1  0.000  0.000  0.000  0.000  0.000  0.000  0.000  0.000  0.000
gr1:S1:IDR2  0.000  0.000  0.000  0.000  0.000  0.000  0.000  0.000  0.000
gr1:S2:IDR2  0.000  0.000  0.000  0.000  0.000  0.000  0.000  0.000  0.000
gr1:S1:IDL1  0.000  0.000  0.000  0.000  0.000  0.000  0.000  0.000  0.000
gr1:S2:IDL1  0.000  0.000  0.000  0.000  0.000  0.000  0.000  0.000  0.000
g1:IDR1:IDL  0.000  0.000  0.000  0.000  0.000  0.000  0.000  0.000  0.000
g1:IDR2:IDL  0.000  0.000  0.000  0.000  0.000  0.000  0.000  0.000  0.000
S1:IDR1:IDL  0.000  0.000  0.000  0.000  0.000  0.000  0.000  0.000  0.000
S2:IDR1:IDL  0.000  0.000  0.000  0.000  0.000  0.000  0.000  0.000  0.000
S1:IDR2:IDL  0.000  0.000  0.000  0.000  0.000  0.000  0.000  0.000  0.000
S2:IDR2:IDL  0.000  0.000  0.000  0.000  0.000  0.000  0.000  0.000  0.000
g1:S1:IDR1:  0.000  0.000  0.000  0.000  0.000  0.000  0.000  0.000  0.000
g1:S2:IDR1:  0.000  0.000  0.000  0.000  0.000  0.000  0.000  0.000  0.000
g1:S1:IDR2:  0.000  0.000  0.000  0.000  0.000  0.000  0.000  0.000  0.000
g1:S2:IDR2:  0.000  0.000  0.000  0.000  0.000  0.000  0.000  0.000  0.000
            gr1:IDR1 gr1:IDR2 S1:IDR1 S2:IDR1 S1:IDR2 S2:IDR2 g1:IDL S1:IDL
grp1                                                                       
S1                                                                         
S2                                                                         
IDR1                                                                       
IDR2                                                                       
IDL1                                                                       
grp1:S1                                                                    
grp1:S2                                                                    
grp1:IDR1                                                                  
grp1:IDR2   -0.500                                                         
S1:IDR1      0.000    0.000                                                
S2:IDR1      0.000    0.000   -0.500                                       
S1:IDR2      0.000    0.000   -0.500   0.250                               
S2:IDR2      0.000    0.000    0.250  -0.500  -0.500                       
grp1:IDL1    0.000    0.000    0.000   0.000   0.000   0.000               
S1:IDL1      0.000    0.000    0.000   0.000   0.000   0.000   0.000       
S2:IDL1      0.000    0.000    0.000   0.000   0.000   0.000   0.000 -0.500
IDR1:IDL1    0.000    0.000    0.000   0.000   0.000   0.000   0.000  0.000
IDR2:IDL1    0.000    0.000    0.000   0.000   0.000   0.000   0.000  0.000
gr1:S1:IDR1  0.000    0.000    0.000   0.000   0.000   0.000   0.000  0.000
gr1:S2:IDR1  0.000    0.000    0.000   0.000   0.000   0.000   0.000  0.000
gr1:S1:IDR2  0.000    0.000    0.000   0.000   0.000   0.000   0.000  0.000
gr1:S2:IDR2  0.000    0.000    0.000   0.000   0.000   0.000   0.000  0.000
gr1:S1:IDL1  0.000    0.000    0.000   0.000   0.000   0.000   0.000  0.000
gr1:S2:IDL1  0.000    0.000    0.000   0.000   0.000   0.000   0.000  0.000
g1:IDR1:IDL  0.000    0.000    0.000   0.000   0.000   0.000   0.000  0.000
g1:IDR2:IDL  0.000    0.000    0.000   0.000   0.000   0.000   0.000  0.000
S1:IDR1:IDL  0.000    0.000    0.000   0.000   0.000   0.000   0.000  0.000
S2:IDR1:IDL  0.000    0.000    0.000   0.000   0.000   0.000   0.000  0.000
S1:IDR2:IDL  0.000    0.000    0.000   0.000   0.000   0.000   0.000  0.000
S2:IDR2:IDL  0.000    0.000    0.000   0.000   0.000   0.000   0.000  0.000
g1:S1:IDR1:  0.000    0.000    0.000   0.000   0.000   0.000   0.000  0.000
g1:S2:IDR1:  0.000    0.000    0.000   0.000   0.000   0.000   0.000  0.000
g1:S1:IDR2:  0.000    0.000    0.000   0.000   0.000   0.000   0.000  0.000
g1:S2:IDR2:  0.000    0.000    0.000   0.000   0.000   0.000   0.000  0.000
            S2:IDL IDR1:I IDR2:I gr1:S1:IDR1 gr1:S2:IDR1 gr1:S1:IDR2
grp1                                                                
S1                                                                  
S2                                                                  
IDR1                                                                
IDR2                                                                
IDL1                                                                
grp1:S1                                                             
grp1:S2                                                             
grp1:IDR1                                                           
grp1:IDR2                                                           
S1:IDR1                                                             
S2:IDR1                                                             
S1:IDR2                                                             
S2:IDR2                                                             
grp1:IDL1                                                           
S1:IDL1                                                             
S2:IDL1                                                             
IDR1:IDL1    0.000                                                  
IDR2:IDL1    0.000 -0.500                                           
gr1:S1:IDR1  0.000  0.000  0.000                                    
gr1:S2:IDR1  0.000  0.000  0.000 -0.500                             
gr1:S1:IDR2  0.000  0.000  0.000 -0.500       0.250                 
gr1:S2:IDR2  0.000  0.000  0.000  0.250      -0.500      -0.500     
gr1:S1:IDL1  0.000  0.000  0.000  0.000       0.000       0.000     
gr1:S2:IDL1  0.000  0.000  0.000  0.000       0.000       0.000     
g1:IDR1:IDL  0.000  0.000  0.000  0.000       0.000       0.000     
g1:IDR2:IDL  0.000  0.000  0.000  0.000       0.000       0.000     
S1:IDR1:IDL  0.000  0.000  0.000  0.000       0.000       0.000     
S2:IDR1:IDL  0.000  0.000  0.000  0.000       0.000       0.000     
S1:IDR2:IDL  0.000  0.000  0.000  0.000       0.000       0.000     
S2:IDR2:IDL  0.000  0.000  0.000  0.000       0.000       0.000     
g1:S1:IDR1:  0.000  0.000  0.000  0.000       0.000       0.000     
g1:S2:IDR1:  0.000  0.000  0.000  0.000       0.000       0.000     
g1:S1:IDR2:  0.000  0.000  0.000  0.000       0.000       0.000     
g1:S2:IDR2:  0.000  0.000  0.000  0.000       0.000       0.000     
            gr1:S2:IDR2 g1:S1:IDL g1:S2:IDL g1:IDR1: g1:IDR2: S1:IDR1: S2:IDR1:
grp1                                                                           
S1                                                                             
S2                                                                             
IDR1                                                                           
IDR2                                                                           
IDL1                                                                           
grp1:S1                                                                        
grp1:S2                                                                        
grp1:IDR1                                                                      
grp1:IDR2                                                                      
S1:IDR1                                                                        
S2:IDR1                                                                        
S1:IDR2                                                                        
S2:IDR2                                                                        
grp1:IDL1                                                                      
S1:IDL1                                                                        
S2:IDL1                                                                        
IDR1:IDL1                                                                      
IDR2:IDL1                                                                      
gr1:S1:IDR1                                                                    
gr1:S2:IDR1                                                                    
gr1:S1:IDR2                                                                    
gr1:S2:IDR2                                                                    
gr1:S1:IDL1  0.000                                                             
gr1:S2:IDL1  0.000      -0.500                                                 
g1:IDR1:IDL  0.000       0.000     0.000                                       
g1:IDR2:IDL  0.000       0.000     0.000    -0.500                             
S1:IDR1:IDL  0.000       0.000     0.000     0.000    0.000                    
S2:IDR1:IDL  0.000       0.000     0.000     0.000    0.000   -0.500           
S1:IDR2:IDL  0.000       0.000     0.000     0.000    0.000   -0.500    0.250  
S2:IDR2:IDL  0.000       0.000     0.000     0.000    0.000    0.250   -0.500  
g1:S1:IDR1:  0.000       0.000     0.000     0.000    0.000    0.000    0.000  
g1:S2:IDR1:  0.000       0.000     0.000     0.000    0.000    0.000    0.000  
g1:S1:IDR2:  0.000       0.000     0.000     0.000    0.000    0.000    0.000  
g1:S2:IDR2:  0.000       0.000     0.000     0.000    0.000    0.000    0.000  
            S1:IDR2: S2:IDR2: g1:S1:IDR1: g1:S2:IDR1: g1:S1:IDR2:
grp1                                                             
S1                                                               
S2                                                               
IDR1                                                             
IDR2                                                             
IDL1                                                             
grp1:S1                                                          
grp1:S2                                                          
grp1:IDR1                                                        
grp1:IDR2                                                        
S1:IDR1                                                          
S2:IDR1                                                          
S1:IDR2                                                          
S2:IDR2                                                          
grp1:IDL1                                                        
S1:IDL1                                                          
S2:IDL1                                                          
IDR1:IDL1                                                        
IDR2:IDL1                                                        
gr1:S1:IDR1                                                      
gr1:S2:IDR1                                                      
gr1:S1:IDR2                                                      
gr1:S2:IDR2                                                      
gr1:S1:IDL1                                                      
gr1:S2:IDL1                                                      
g1:IDR1:IDL                                                      
g1:IDR2:IDL                                                      
S1:IDR1:IDL                                                      
S2:IDR1:IDL                                                      
S1:IDR2:IDL                                                      
S2:IDR2:IDL -0.500                                               
g1:S1:IDR1:  0.000    0.000                                      
g1:S2:IDR1:  0.000    0.000   -0.500                             
g1:S1:IDR2:  0.000    0.000   -0.500       0.250                 
g1:S2:IDR2:  0.000    0.000    0.250      -0.500      -0.500     
