[1] "fLrel ~S*IDR*IDL*grp + Error(pp/(S*IDR*IDL))"
$ANOVA
          Effect DFn DFd            F            p p<.05          ges
2            grp   1   8 6.068001e-04 9.809508e-01       2.727551e-05
3              S   2  16 6.783008e+00 7.355586e-03     * 7.361434e-02
5            IDR   2  16 4.845924e+01 1.624949e-07     * 3.684651e-01
7            IDL   1   8 1.183230e+02 4.514377e-06     * 7.635284e-01
4          grp:S   2  16 1.298623e+00 3.001724e-01       1.498559e-02
6        grp:IDR   2  16 2.332553e+00 1.291394e-01       2.731653e-02
8        grp:IDL   1   8 1.246555e-01 7.331615e-01       3.390112e-03
9          S:IDR   4  32 6.577311e+00 5.564577e-04     * 2.288905e-02
11         S:IDL   2  16 1.005517e+01 1.485616e-03     * 8.982430e-02
13       IDR:IDL   2  16 4.435351e+01 2.972716e-07     * 3.448457e-01
10     grp:S:IDR   4  32 3.539786e+00 1.681557e-02     * 1.245007e-02
12     grp:S:IDL   2  16 1.254706e+00 3.117588e-01       1.216482e-02
14   grp:IDR:IDL   2  16 1.823952e+00 1.933882e-01       2.118686e-02
15     S:IDR:IDL   4  32 7.512425e+00 2.190285e-04     * 2.748519e-02
16 grp:S:IDR:IDL   4  32 2.948943e+00 3.503707e-02     * 1.097229e-02

$`Mauchly's Test for Sphericity`
          Effect         W           p p<.05
3              S 0.9549027 0.850857769      
4          grp:S 0.9549027 0.850857769      
5            IDR 0.1600300 0.001639474     *
6        grp:IDR 0.1600300 0.001639474     *
9          S:IDR 0.1387604 0.193666126      
10     grp:S:IDR 0.1387604 0.193666126      
11         S:IDL 0.9489752 0.832514788      
12     grp:S:IDL 0.9489752 0.832514788      
13       IDR:IDL 0.1413267 0.001061171     *
14   grp:IDR:IDL 0.1413267 0.001061171     *
15     S:IDR:IDL 0.1035686 0.116401633      
16 grp:S:IDR:IDL 0.1035686 0.116401633      

$`Sphericity Corrections`
          Effect       GGe        p[GG] p[GG]<.05       HFe        p[HF]
3              S 0.9568487 8.321401e-03         * 1.2506178 0.0073555862
4          grp:S 0.9568487 2.999809e-01           1.2506178 0.3001724297
5            IDR 0.5434871 6.567518e-05         * 0.5629060 0.0000507552
6        grp:IDR 0.5434871 1.621159e-01           0.5629060 0.1607044591
9          S:IDR 0.5309994 6.937628e-03         * 0.7282153 0.0023737171
10     grp:S:IDR 0.5309994 4.957685e-02         * 0.7282153 0.0312658208
11         S:IDL 0.9514523 1.830727e-03         * 1.2404383 0.0014856160
12     grp:S:IDL 0.9514523 3.112221e-01           1.2404383 0.3117588241
13       IDR:IDL 0.5380182 9.820757e-05         * 0.5549081 0.0000792737
14   grp:IDR:IDL 0.5380182 2.128667e-01           0.5549081 0.2123875040
15     S:IDR:IDL 0.5270273 4.210578e-03         * 0.7201841 0.0012432864
16 grp:S:IDR:IDL 0.5270273 7.754846e-02           0.7201841 0.0558108354
   p[HF]<.05
3          *
4           
5          *
6           
9          *
10         *
11         *
12          
13         *
14          
15         *
16          

