[1] "rho ~S*IDR*IDL*grp + Error(pp/(S*IDR*IDL))"
$ANOVA
          Effect DFn DFd          F           p p<.05          ges
2            grp   1   8 8.00791324 0.022156156     * 2.328229e-01
3              S   2  16 3.29397112 0.063379165       6.060413e-02
5            IDR   2  16 1.71617716 0.211230436       8.797263e-03
7            IDL   1   8 1.46465539 0.260732509       6.195649e-03
4          grp:S   2  16 3.25524768 0.065144753       5.993438e-02
6        grp:IDR   2  16 1.74293883 0.206633193       8.933220e-03
8        grp:IDL   1   8 1.46655936 0.260447235       6.203653e-03
9          S:IDR   4  32 0.32226794 0.860942857       3.398444e-03
11         S:IDL   2  16 0.01618315 0.983963180       7.015102e-05
13       IDR:IDL   2  16 9.17964051 0.002211095     * 1.688594e-01
10     grp:S:IDR   4  32 0.31871440 0.863329582       3.361096e-03
12     grp:S:IDL   2  16 0.01626632 0.983881512       7.051152e-05
14   grp:IDR:IDL   2  16 9.15501719 0.002236612     * 1.684828e-01
15     S:IDR:IDL   4  32 2.14735971 0.097689474       4.322795e-02
16 grp:S:IDR:IDL   4  32 2.12785309 0.100185748       4.285209e-02

$`Mauchly's Test for Sphericity`
          Effect            W            p p<.05
3              S 0.6323251264 2.010442e-01      
4          grp:S 0.6323251264 2.010442e-01      
5            IDR 0.6674646981 2.429400e-01      
6        grp:IDR 0.6674646981 2.429400e-01      
9          S:IDR 0.0032755742 5.247859e-05     *
10     grp:S:IDR 0.0032755742 5.247859e-05     *
11         S:IDL 0.8587447881 5.868463e-01      
12     grp:S:IDL 0.8587447881 5.868463e-01      
13       IDR:IDL 0.2578043871 8.699936e-03     *
14   grp:IDR:IDL 0.2578043871 8.699936e-03     *
15     S:IDR:IDL 0.0001428825 1.550757e-08     *
16 grp:S:IDR:IDL 0.0001428825 1.550757e-08     *

$`Sphericity Corrections`
          Effect       GGe      p[GG] p[GG]<.05       HFe      p[HF] p[HF]<.05
3              S 0.7311679 0.08413593           0.8535941 0.07394059          
4          grp:S 0.7311679 0.08597646           0.8535941 0.07576137          
5            IDR 0.7504492 0.22071291           0.8853597 0.21579911          
6        grp:IDR 0.7504492 0.21667904           0.8853597 0.21144064          
9          S:IDR 0.4990955 0.72872934           0.6649090 0.78607803          
10     grp:S:IDR 0.4990955 0.73122402           0.6649090 0.78862370          
11         S:IDL 0.8762282 0.97520032           1.1022018 0.98396318          
12     grp:S:IDL 0.8762282 0.97508963           1.1022018 0.98388151          
13       IDR:IDL 0.5739884 0.01208200         * 0.6079803 0.01053100         *
14   grp:IDR:IDL 0.5739884 0.01216664         * 0.6079803 0.01060863         *
15     S:IDR:IDL 0.5082051 0.14821608           0.6827087 0.12777161          
16 grp:S:IDR:IDL 0.5082051 0.15054119           0.6827087 0.13023777          

