Post-hoc Tukey comparisons[1] "grp Tukey test"

	Pairwise comparisons using paired t tests 

data:  mdata$rho and mdata$grp 

  C     
U <2e-16

P value adjustment method: bonferroni 
[1] "S Tukey test"

	Pairwise comparisons using paired t tests 

data:  mdata$rho and mdata$S 

  1      2     
2 0.0064 -     
3 2e-06  0.0016

P value adjustment method: bonferroni 
[1] "IDR Tukey test"

	Pairwise comparisons using paired t tests 

data:  mdata$rho and mdata$IDR 

  D    M   
M 1.00 -   
E 0.52 0.43

P value adjustment method: bonferroni 
[1] "IDL Tukey test"
