[1] "q4Lrel ~S*IDR*IDL*grp + Error(pp/(S*IDR*IDL))"
$ANOVA
          Effect DFn DFd            F            p p<.05         ges
2            grp   1   8   1.55239052 2.480328e-01       0.066864342
3              S   2  16   2.42354935 1.203912e-01       0.039459898
5            IDR   2  16  46.31016396 2.216517e-07     * 0.150305240
7            IDL   1   8 116.03436992 4.859299e-06     * 0.683751234
4          grp:S   2  16   2.11262949 1.533936e-01       0.034572562
6        grp:IDR   2  16   2.41948478 1.207675e-01       0.009157196
8        grp:IDL   1   8   2.64758447 1.423587e-01       0.047013152
9          S:IDR   4  32   3.06605480 3.024141e-02     * 0.018297207
11         S:IDL   2  16   0.06887879 9.337151e-01       0.001664541
13       IDR:IDL   2  16  22.99401612 1.970140e-05     * 0.091021282
10     grp:S:IDR   4  32   1.34088069 2.762655e-01       0.008085174
12     grp:S:IDL   2  16   0.71326324 5.049789e-01       0.016972586
14   grp:IDR:IDL   2  16   1.80106076 1.970313e-01       0.007782331
15     S:IDR:IDL   4  32   1.38951759 2.597112e-01       0.006622801
16 grp:S:IDR:IDL   4  32   1.01193225 4.158961e-01       0.004831827

$`Mauchly's Test for Sphericity`
          Effect          W          p p<.05
3              S 0.93089065 0.77829696      
4          grp:S 0.93089065 0.77829696      
5            IDR 0.61183954 0.17915602      
6        grp:IDR 0.61183954 0.17915602      
9          S:IDR 0.19333497 0.32631153      
10     grp:S:IDR 0.19333497 0.32631153      
11         S:IDL 0.98563946 0.95063389      
12     grp:S:IDL 0.98563946 0.95063389      
13       IDR:IDL 0.85156079 0.56984245      
14   grp:IDR:IDL 0.85156079 0.56984245      
15     S:IDR:IDL 0.06543756 0.04872292     *
16 grp:S:IDR:IDL 0.06543756 0.04872292     *

$`Sphericity Corrections`
          Effect       GGe        p[GG] p[GG]<.05       HFe        p[HF]
3              S 0.9353580 1.249079e-01           1.2102918 1.203912e-01
4          grp:S 0.9353580 1.574116e-01           1.2102918 1.533936e-01
5            IDR 0.7203778 7.938965e-06         * 0.8359805 1.801209e-06
6        grp:IDR 0.7203778 1.412826e-01           0.8359805 1.325019e-01
9          S:IDR 0.6260299 5.916857e-02           0.9342033 3.397169e-02
10     grp:S:IDR 0.6260299 2.877287e-01           0.9342033 2.785908e-01
11         S:IDL 0.9858428 9.317178e-01           1.3059347 9.337151e-01
12     grp:S:IDL 0.9858428 5.032817e-01           1.3059347 5.049789e-01
13       IDR:IDL 0.8707470 5.833310e-05         * 1.0923890 1.970140e-05
14   grp:IDR:IDL 0.8707470 2.029831e-01           1.0923890 1.970313e-01
15     S:IDR:IDL 0.5026647 2.776516e-01           0.6718573 2.729639e-01
16 grp:S:IDR:IDL 0.5026647 3.859103e-01           0.6718573 3.998910e-01
   p[HF]<.05
3           
4           
5          *
6           
9          *
10          
11          
12          
13         *
14          
15          
16          

