[1] "q3L ~(S*IDR*IDL*grp)+Error(pp/(S*IDR*IDL))+grp"
$ANOVA
          Effect DFn DFd          F          p p<.05         ges
2            grp   1   8 0.76378693 0.40761443       0.021371940
3              S   2  16 2.72372961 0.09592969       0.061750126
4          grp:S   2  16 5.12593970 0.01904043     * 0.110208951
5            IDR   2  16 0.15213329 0.86010153       0.001302454
6        grp:IDR   2  16 1.64193753 0.22459774       0.013880031
7            IDL   1   8 7.16761006 0.02804575     * 0.111893699
8        grp:IDL   1   8 1.79862500 0.21670638       0.030647063
9          S:IDR   4  32 0.97599276 0.43433925       0.009002551
10     grp:S:IDR   4  32 0.63101198 0.64396683       0.005839031
11         S:IDL   2  16 0.72839951 0.49801562       0.003852580
12     grp:S:IDL   2  16 2.96865923 0.08007400       0.015517675
13       IDR:IDL   2  16 0.31678237 0.73295481       0.004680659
14   grp:IDR:IDL   2  16 0.07694944 0.92627722       0.001141020
15     S:IDR:IDL   4  32 0.92894156 0.45948485       0.015214502
16 grp:S:IDR:IDL   4  32 0.20874403 0.93168011       0.003459686

$`Mauchly's Test for Sphericity`
          Effect         W          p p<.05
3              S 0.3535534 0.02627801     *
4          grp:S 0.3535534 0.02627801     *
5            IDR 0.9442770 0.81817841      
6        grp:IDR 0.9442770 0.81817841      
9          S:IDR 0.3119732 0.60316810      
10     grp:S:IDR 0.3119732 0.60316810      
11         S:IDL 0.6870614 0.26883421      
12     grp:S:IDL 0.6870614 0.26883421      
13       IDR:IDL 0.5578073 0.12962679      
14   grp:IDR:IDL 0.5578073 0.12962679      
15     S:IDR:IDL 0.1860814 0.30833171      
16 grp:S:IDR:IDL 0.1860814 0.30833171      

$`Sphericity Corrections`
          Effect       GGe      p[GG] p[GG]<.05       HFe      p[HF] p[HF]<.05
3              S 0.6073686 0.12766531           0.6582380 0.12312941          
4          grp:S 0.6073686 0.04269184         * 0.6582380 0.03841195         *
5            IDR 0.9472182 0.84954308           1.2324765 0.86010153          
6        grp:IDR 0.9472182 0.22641099           1.2324765 0.22459774          
9          S:IDR 0.7314085 0.41914434           1.1987067 0.43433925          
10     grp:S:IDR 0.7314085 0.59854499           1.1987067 0.64396683          
11         S:IDL 0.7616503 0.46666371           0.9039870 0.48638339          
12     grp:S:IDL 0.7616503 0.09855596           0.9039870 0.08706218          
13       IDR:IDL 0.6933886 0.65700791           0.7924272 0.68486478          
14   grp:IDR:IDL 0.6933886 0.86169014           0.7924272 0.88765710          
15     S:IDR:IDL 0.5707223 0.42423733           0.8109867 0.44679200          
16 grp:S:IDR:IDL 0.5707223 0.84014895           0.8109867 0.90188596          

