[1] "vfCircularityL ~S*IDR*IDL*grp + Error(pp/(S*IDR*IDL))"
$ANOVA
          Effect DFn DFd           F            p p<.05        ges
2            grp   1   8   2.0187159 1.931529e-01       0.04017023
3              S   2  16   8.7997671 2.644197e-03     * 0.15560347
5            IDR   2  16  42.2735692 4.111518e-07     * 0.21191383
7            IDL   1   8 176.2556439 9.890543e-07     * 0.81186861
4          grp:S   2  16   1.3534359 2.863852e-01       0.02756142
6        grp:IDR   2  16   6.1513914 1.043102e-02     * 0.03765485
8        grp:IDL   1   8   7.9395061 2.257325e-02     * 0.16275285
9          S:IDR   4  32   2.9421663 3.533763e-02     * 0.04238766
11         S:IDL   2  16   0.7938717 4.691146e-01       0.01253705
13       IDR:IDL   2  16  18.1870051 7.586356e-05     * 0.16768877
10     grp:S:IDR   4  32   1.9034686 1.339662e-01       0.02783979
12     grp:S:IDL   2  16   2.9578406 8.070865e-02       0.04516750
14   grp:IDR:IDL   2  16   1.1399081 3.444969e-01       0.01247030
15     S:IDR:IDL   4  32   2.5562095 5.770801e-02       0.02581594
16 grp:S:IDR:IDL   4  32   1.7472274 1.639968e-01       0.01779114

$`Mauchly's Test for Sphericity`
          Effect          W          p p<.05
3              S 0.92843981 0.77114871      
4          grp:S 0.92843981 0.77114871      
5            IDR 0.60625995 0.17350263      
6        grp:IDR 0.60625995 0.17350263      
9          S:IDR 0.11504670 0.14041578      
10     grp:S:IDR 0.11504670 0.14041578      
11         S:IDL 0.57619908 0.14521248      
12     grp:S:IDL 0.57619908 0.14521248      
13       IDR:IDL 0.86256667 0.59603855      
14   grp:IDR:IDL 0.86256667 0.59603855      
15     S:IDR:IDL 0.07042087 0.05628453      
16 grp:S:IDR:IDL 0.07042087 0.05628453      

$`Sphericity Corrections`
          Effect       GGe        p[GG] p[GG]<.05       HFe        p[HF]
3              S 0.9332187 0.0034030556         * 1.2063084 2.644197e-03
4          grp:S 0.9332187 0.2865548970           1.2063084 2.863852e-01
5            IDR 0.7174939 0.0000128773         * 0.8312925 3.203102e-06
6        grp:IDR 0.7174939 0.0215747862         * 0.8312925 1.607304e-02
9          S:IDR 0.4445456 0.0897765058           0.5626829 7.334544e-02
10     grp:S:IDR 0.4445456 0.1871460798           0.5626829 1.747365e-01
11         S:IDL 0.7023454 0.4336668279           0.8068020 4.476525e-01
12     grp:S:IDL 0.7023454 0.1043899771           0.8068020 9.539848e-02
13       IDR:IDL 0.8791724 0.0001789830         * 1.1074870 7.586356e-05
14   grp:IDR:IDL 0.8791724 0.3405804355           1.1074870 3.444969e-01
15     S:IDR:IDL 0.5014179 0.1086084317           0.6694263 8.752608e-02
16 grp:S:IDR:IDL 0.5014179 0.2057848271           0.6694263 1.911024e-01
   p[HF]<.05
3          *
4           
5          *
6          *
9           
10          
11          
12          
13         *
14          
15          
16          

