[1] "Summary by group"
  grp vfCircularityL.m vfCircularityL.s
1   C        0.2687589       0.08030913
2   U        0.2837609       0.11037345
[1] "Summary by session\n"
  S vfCircularityL.m vfCircularityL.s
1 1        0.2984323       0.09342690
2 2        0.2668766       0.08783015
3 3        0.2634707       0.10478294
[1] "Summary by IDR+IDR\n"
  IDL IDR vfCircularityL.m vfCircularityL.s
1   D   D        0.1604576       0.03149880
2   D   M        0.1959623       0.05004872
3   D   E        0.2438537       0.06141402
4   E   D        0.3416747       0.04982003
5   E   M        0.3654768       0.07446988
6   E   E        0.3501341       0.04817855
[1] "Summary by group + Session\n"
  grp S vfCircularityL.m vfCircularityL.s
1   C 1        0.2962670       0.08278083
2   C 2        0.2626913       0.08046265
3   C 3        0.2473182       0.06999575
4   U 1        0.3005977       0.10340744
5   U 2        0.2710618       0.09489615
6   U 3        0.2796231       0.12905512
[1] "Summary by Session + IDR + IDL \n"
   S IDL IDR vfCircularityL.m vfCircularityL.s
1  1   D   D        0.1752000       0.02717326
2  1   D   M        0.2256367       0.05110109
3  1   D   E        0.2712293       0.05713067
4  1   E   D        0.3502040       0.04776666
5  1   E   M        0.3800870       0.05416398
6  1   E   E        0.3882370       0.04557410
7  2   D   D        0.1528123       0.03212760
8  2   D   M        0.1830860       0.04198725
9  2   D   E        0.2480640       0.05799604
10 2   E   D        0.3433310       0.04295439
11 2   E   M        0.3444323       0.03563511
12 2   E   E        0.3295337       0.03037158
13 3   D   D        0.1533603       0.03061002
14 3   D   M        0.1791643       0.04403150
15 3   D   E        0.2122677       0.05587504
16 3   E   D        0.3314890       0.05749022
17 3   E   M        0.3719110       0.10997441
18 3   E   E        0.3326317       0.04320143
[1] "Summary by group + IDR + IDL\n"
   grp IDL IDR vfCircularityL.m vfCircularityL.s
1    C   D   D        0.1576409       0.03264684
2    C   D   M        0.2028453       0.04896618
3    C   D   E        0.2657822       0.03173989
4    C   E   D        0.3181771       0.04371293
5    C   E   M        0.3344273       0.05050059
6    C   E   E        0.3336802       0.04689749
7    U   D   D        0.1632742       0.03041140
8    U   D   M        0.1890793       0.05071574
9    U   D   E        0.2219251       0.07508716
10   U   E   D        0.3651722       0.04450047
11   U   E   M        0.3965262       0.08182481
12   U   E   E        0.3665880       0.04406766
[1] "Summary by group + Session + IDR + IDL\n"
   grp S IDL IDR vfCircularityL.m vfCircularityL.s
1    C 1   D   D        0.1767800       0.03342208
2    C 1   D   M        0.2421320       0.05650788
3    C 1   D   E        0.2822680       0.03544168
4    C 1   E   D        0.3349033       0.03502848
5    C 1   E   M        0.3651373       0.04760273
6    C 1   E   E        0.3763813       0.04794961
7    C 2   D   D        0.1473627       0.03242767
8    C 2   D   M        0.1811640       0.03358119
9    C 2   D   E        0.2707300       0.02681342
10   C 2   E   D        0.3237527       0.04400649
11   C 2   E   M        0.3352367       0.03969553
12   C 2   E   E        0.3179020       0.02015414
13   C 3   D   D        0.1487800       0.02431745
14   C 3   D   M        0.1852400       0.02693171
15   C 3   D   E        0.2443487       0.01953132
16   C 3   E   D        0.2958753       0.04445129
17   C 3   E   M        0.3029080       0.04580286
18   C 3   E   E        0.3067573       0.03478488
19   U 1   D   D        0.1736200       0.02017745
20   U 1   D   M        0.2091413       0.04040992
21   U 1   D   E        0.2601907       0.07241367
22   U 1   E   D        0.3655047       0.05475055
23   U 1   E   M        0.3950367       0.05772429
24   U 1   E   E        0.4000927       0.04125526
25   U 2   D   D        0.1582620       0.03198278
26   U 2   D   M        0.1850080       0.05016143
27   U 2   D   E        0.2253980       0.07174599
28   U 2   E   D        0.3629093       0.03261897
29   U 2   E   M        0.3536280       0.02955489
30   U 2   E   E        0.3411653       0.03485176
31   U 3   D   D        0.1579407       0.03611895
32   U 3   D   M        0.1730887       0.05667109
33   U 3   D   E        0.1801867       0.06229094
34   U 3   E   D        0.3671027       0.04639566
35   U 3   E   M        0.4409140       0.11292339
36   U 3   E   E        0.3585060       0.03494923
