Post-hoc Tukey comparisons[1] "grp Tukey test"

	Pairwise comparisons using paired t tests 

data:  mdata$q3Lrel and mdata$grp 

  C      
U 5.2e-09

P value adjustment method: bonferroni 
[1] "S Tukey test"

	Pairwise comparisons using paired t tests 

data:  mdata$q3Lrel and mdata$S 

  1   2  
2 1.0 -  
3 1.0 0.8

P value adjustment method: bonferroni 
[1] "IDR Tukey test"

	Pairwise comparisons using paired t tests 

data:  mdata$q3Lrel and mdata$IDR 

  D     M    
M 0.017 -    
E 0.013 1.000

P value adjustment method: bonferroni 
[1] "IDL Tukey test"
