                  Estimate MCMCmean HPD95lower HPD95upper pMCMC Pr(>|t|)
(Intercept)         0.9956   0.9954     0.9614     1.0290 0.001   0.0000
grp1                0.0216   0.0209    -0.0133     0.0516 0.214   0.2270
S1                  0.0013   0.0011    -0.0129     0.0157 0.882   0.8691
S2                  0.0032   0.0034    -0.0113     0.0172 0.652   0.6990
IDR1               -0.0105  -0.0103    -0.0177    -0.0026 0.010   0.0321
IDR2                0.0042   0.0040    -0.0032     0.0123 0.322   0.3905
IDL1                0.0095   0.0095    -0.0019     0.0210 0.132   0.2055
grp1:S1             0.0056   0.0053    -0.0084     0.0207 0.446   0.4966
grp1:S2             0.0056   0.0057    -0.0087     0.0191 0.394   0.4943
grp1:IDR1           0.0085   0.0084     0.0010     0.0165 0.030   0.0842
grp1:IDR2           0.0045   0.0047    -0.0034     0.0122 0.242   0.3555
S1:IDR1            -0.0084  -0.0085    -0.0191     0.0009 0.086   0.2237
S2:IDR1            -0.0002  -0.0001    -0.0105     0.0090 0.986   0.9766
S1:IDR2             0.0026   0.0027    -0.0079     0.0121 0.590   0.7108
S2:IDR2             0.0004   0.0002    -0.0105     0.0094 0.964   0.9586
grp1:IDL1          -0.0027  -0.0025    -0.0159     0.0094 0.660   0.7185
S1:IDL1            -0.0060  -0.0060    -0.0133     0.0016 0.106   0.2184
S2:IDL1             0.0118   0.0118     0.0035     0.0184 0.001   0.0165
IDR1:IDL1           0.0019   0.0019    -0.0049     0.0086 0.580   0.6977
IDR2:IDL1          -0.0048  -0.0049    -0.0113     0.0028 0.164   0.3291
grp1:S1:IDR1       -0.0020  -0.0020    -0.0125     0.0082 0.704   0.7676
grp1:S2:IDR1       -0.0008  -0.0006    -0.0111     0.0095 0.908   0.9128
grp1:S1:IDR2        0.0065   0.0066    -0.0046     0.0157 0.210   0.3501
grp1:S2:IDR2       -0.0092  -0.0093    -0.0200     0.0010 0.080   0.1867
grp1:S1:IDL1       -0.0059  -0.0059    -0.0124     0.0013 0.112   0.2299
grp1:S2:IDL1        0.0004   0.0004    -0.0075     0.0067 0.912   0.9392
grp1:IDR1:IDL1     -0.0071  -0.0072    -0.0156    -0.0008 0.048   0.1452
grp1:IDR2:IDL1     -0.0014  -0.0015    -0.0079     0.0055 0.662   0.7805
S1:IDR1:IDL1        0.0024   0.0024    -0.0074     0.0127 0.656   0.7337
S2:IDR1:IDL1       -0.0008  -0.0012    -0.0124     0.0092 0.814   0.9124
S1:IDR2:IDL1        0.0014   0.0012    -0.0083     0.0119 0.826   0.8397
S2:IDR2:IDL1        0.0033   0.0036    -0.0063     0.0153 0.478   0.6315
grp1:S1:IDR1:IDL1  -0.0027  -0.0025    -0.0124     0.0085 0.618   0.6998
grp1:S2:IDR1:IDL1   0.0013   0.0012    -0.0089     0.0110 0.786   0.8545
grp1:S1:IDR2:IDL1  -0.0048  -0.0049    -0.0155     0.0035 0.324   0.4885
grp1:S2:IDR2:IDL1   0.0012   0.0012    -0.0089     0.0111 0.810   0.8594
NULL
       Length Class      Mode
fixed  6      data.frame list
random 7      data.frame list
Analysis of Variance Table
              Df    Sum Sq   Mean Sq F value
grp            1 0.0031439 0.0031439  1.4767
S              2 0.0006839 0.0003419  0.1606
IDR            2 0.0099618 0.0049809  2.3395
IDL            1 0.0034099 0.0034099  1.6016
grp:S          2 0.0039675 0.0019837  0.9318
grp:IDR        2 0.0154686 0.0077343  3.6328
S:IDR          4 0.0045040 0.0011260  0.5289
grp:IDL        1 0.0002760 0.0002760  0.1296
S:IDL          2 0.0123284 0.0061642  2.8953
IDR:IDL        2 0.0020602 0.0010301  0.4838
grp:S:IDR      4 0.0057943 0.0014486  0.6804
grp:S:IDL      2 0.0038584 0.0019292  0.9061
grp:IDR:IDL    2 0.0074194 0.0037097  1.7424
S:IDR:IDL      4 0.0020647 0.0005162  0.2424
grp:S:IDR:IDL  4 0.0026611 0.0006653  0.3125
Linear mixed model fit by REML 
Formula: get(vname) ~ (1 | pp) + (1 | pp/S) + (1 | pp/IDR) + (1 | pp/IDL) +      (1 | pp/S:IDR:IDL) + grp * S * IDR * IDL 
   Data: mdata 
   AIC    BIC logLik deviance REMLdev
 -1163 -965.6  627.5    -1558   -1255
Random effects:
 Groups       Name        Variance   Std.Dev.
 S:IDR:IDL:pp (Intercept) 0.00144834 0.038057
 IDR:pp       (Intercept) 0.00000000 0.000000
 S:pp         (Intercept) 0.00064523 0.025401
 IDL:pp       (Intercept) 0.00089537 0.029923
 pp           (Intercept) 0.00047963 0.021900
 pp           (Intercept) 0.00047940 0.021895
 pp           (Intercept) 0.00047928 0.021892
 pp           (Intercept) 0.00047905 0.021887
 pp           (Intercept) 0.00047963 0.021900
 Residual                 0.00212901 0.046141
Number of obs: 540, groups: S:IDR:IDL:pp, 180; IDR:pp, 30; S:pp, 30; IDL:pp, 20; pp, 10

Fixed effects:
                    Estimate Std. Error t value
(Intercept)        0.9956193  0.0178325   55.83
grp1               0.0215691  0.0178325    1.21
S1                 0.0013494  0.0081856    0.16
S2                 0.0031666  0.0081856    0.39
IDR1              -0.0105219  0.0048968   -2.15
IDR2               0.0042087  0.0048968    0.86
IDL1               0.0095495  0.0075329    1.27
grp1:S1            0.0055685  0.0081856    0.68
grp1:S2            0.0055982  0.0081856    0.68
grp1:IDR1          0.0084723  0.0048968    1.73
grp1:IDR2          0.0045284  0.0048968    0.92
S1:IDR1           -0.0084371  0.0069251   -1.22
S2:IDR1           -0.0002029  0.0069251   -0.03
S1:IDR2            0.0025693  0.0069251    0.37
S2:IDR2            0.0003600  0.0069251    0.05
grp1:IDL1         -0.0027167  0.0075329   -0.36
S1:IDL1           -0.0060344  0.0048968   -1.23
S2:IDL1            0.0117818  0.0048968    2.41
IDR1:IDL1          0.0019032  0.0048968    0.39
IDR2:IDL1         -0.0047836  0.0048968   -0.98
grp1:S1:IDR1      -0.0020478  0.0069251   -0.30
grp1:S2:IDR1      -0.0007590  0.0069251   -0.11
grp1:S1:IDR2       0.0064768  0.0069251    0.94
grp1:S2:IDR2      -0.0091563  0.0069251   -1.32
grp1:S1:IDL1      -0.0058863  0.0048968   -1.20
grp1:S2:IDL1       0.0003737  0.0048968    0.08
grp1:IDR1:IDL1    -0.0071449  0.0048968   -1.46
grp1:IDR2:IDL1    -0.0013651  0.0048968   -0.28
S1:IDR1:IDL1       0.0023574  0.0069251    0.34
S2:IDR1:IDL1      -0.0007624  0.0069251   -0.11
S1:IDR2:IDL1       0.0014015  0.0069251    0.20
S2:IDR2:IDL1       0.0033231  0.0069251    0.48
grp1:S1:IDR1:IDL1 -0.0026722  0.0069251   -0.39
grp1:S2:IDR1:IDL1  0.0012707  0.0069251    0.18
grp1:S1:IDR2:IDL1 -0.0048002  0.0069251   -0.69
grp1:S2:IDR2:IDL1  0.0012269  0.0069251    0.18

Correlation of Fixed Effects:
            (Intr) grp1   S1     S2     IDR1   IDR2   IDL1   gr1:S1 gr1:S2
grp1         0.000                                                        
S1           0.000  0.000                                                 
S2           0.000  0.000 -0.500                                          
IDR1         0.000  0.000  0.000  0.000                                   
IDR2         0.000  0.000  0.000  0.000 -0.500                            
IDL1         0.000  0.000  0.000  0.000  0.000  0.000                     
grp1:S1      0.000  0.000  0.000  0.000  0.000  0.000  0.000              
grp1:S2      0.000  0.000  0.000  0.000  0.000  0.000  0.000 -0.500       
grp1:IDR1    0.000  0.000  0.000  0.000  0.000  0.000  0.000  0.000  0.000
grp1:IDR2    0.000  0.000  0.000  0.000  0.000  0.000  0.000  0.000  0.000
S1:IDR1      0.000  0.000  0.000  0.000  0.000  0.000  0.000  0.000  0.000
S2:IDR1      0.000  0.000  0.000  0.000  0.000  0.000  0.000  0.000  0.000
S1:IDR2      0.000  0.000  0.000  0.000  0.000  0.000  0.000  0.000  0.000
S2:IDR2      0.000  0.000  0.000  0.000  0.000  0.000  0.000  0.000  0.000
grp1:IDL1    0.000  0.000  0.000  0.000  0.000  0.000  0.000  0.000  0.000
S1:IDL1      0.000  0.000  0.000  0.000  0.000  0.000  0.000  0.000  0.000
S2:IDL1      0.000  0.000  0.000  0.000  0.000  0.000  0.000  0.000  0.000
IDR1:IDL1    0.000  0.000  0.000  0.000  0.000  0.000  0.000  0.000  0.000
IDR2:IDL1    0.000  0.000  0.000  0.000  0.000  0.000  0.000  0.000  0.000
gr1:S1:IDR1  0.000  0.000  0.000  0.000  0.000  0.000  0.000  0.000  0.000
gr1:S2:IDR1  0.000  0.000  0.000  0.000  0.000  0.000  0.000  0.000  0.000
gr1:S1:IDR2  0.000  0.000  0.000  0.000  0.000  0.000  0.000  0.000  0.000
gr1:S2:IDR2  0.000  0.000  0.000  0.000  0.000  0.000  0.000  0.000  0.000
gr1:S1:IDL1  0.000  0.000  0.000  0.000  0.000  0.000  0.000  0.000  0.000
gr1:S2:IDL1  0.000  0.000  0.000  0.000  0.000  0.000  0.000  0.000  0.000
g1:IDR1:IDL  0.000  0.000  0.000  0.000  0.000  0.000  0.000  0.000  0.000
g1:IDR2:IDL  0.000  0.000  0.000  0.000  0.000  0.000  0.000  0.000  0.000
S1:IDR1:IDL  0.000  0.000  0.000  0.000  0.000  0.000  0.000  0.000  0.000
S2:IDR1:IDL  0.000  0.000  0.000  0.000  0.000  0.000  0.000  0.000  0.000
S1:IDR2:IDL  0.000  0.000  0.000  0.000  0.000  0.000  0.000  0.000  0.000
S2:IDR2:IDL  0.000  0.000  0.000  0.000  0.000  0.000  0.000  0.000  0.000
g1:S1:IDR1:  0.000  0.000  0.000  0.000  0.000  0.000  0.000  0.000  0.000
g1:S2:IDR1:  0.000  0.000  0.000  0.000  0.000  0.000  0.000  0.000  0.000
g1:S1:IDR2:  0.000  0.000  0.000  0.000  0.000  0.000  0.000  0.000  0.000
g1:S2:IDR2:  0.000  0.000  0.000  0.000  0.000  0.000  0.000  0.000  0.000
            gr1:IDR1 gr1:IDR2 S1:IDR1 S2:IDR1 S1:IDR2 S2:IDR2 g1:IDL S1:IDL
grp1                                                                       
S1                                                                         
S2                                                                         
IDR1                                                                       
IDR2                                                                       
IDL1                                                                       
grp1:S1                                                                    
grp1:S2                                                                    
grp1:IDR1                                                                  
grp1:IDR2   -0.500                                                         
S1:IDR1      0.000    0.000                                                
S2:IDR1      0.000    0.000   -0.500                                       
S1:IDR2      0.000    0.000   -0.500   0.250                               
S2:IDR2      0.000    0.000    0.250  -0.500  -0.500                       
grp1:IDL1    0.000    0.000    0.000   0.000   0.000   0.000               
S1:IDL1      0.000    0.000    0.000   0.000   0.000   0.000   0.000       
S2:IDL1      0.000    0.000    0.000   0.000   0.000   0.000   0.000 -0.500
IDR1:IDL1    0.000    0.000    0.000   0.000   0.000   0.000   0.000  0.000
IDR2:IDL1    0.000    0.000    0.000   0.000   0.000   0.000   0.000  0.000
gr1:S1:IDR1  0.000    0.000    0.000   0.000   0.000   0.000   0.000  0.000
gr1:S2:IDR1  0.000    0.000    0.000   0.000   0.000   0.000   0.000  0.000
gr1:S1:IDR2  0.000    0.000    0.000   0.000   0.000   0.000   0.000  0.000
gr1:S2:IDR2  0.000    0.000    0.000   0.000   0.000   0.000   0.000  0.000
gr1:S1:IDL1  0.000    0.000    0.000   0.000   0.000   0.000   0.000  0.000
gr1:S2:IDL1  0.000    0.000    0.000   0.000   0.000   0.000   0.000  0.000
g1:IDR1:IDL  0.000    0.000    0.000   0.000   0.000   0.000   0.000  0.000
g1:IDR2:IDL  0.000    0.000    0.000   0.000   0.000   0.000   0.000  0.000
S1:IDR1:IDL  0.000    0.000    0.000   0.000   0.000   0.000   0.000  0.000
S2:IDR1:IDL  0.000    0.000    0.000   0.000   0.000   0.000   0.000  0.000
S1:IDR2:IDL  0.000    0.000    0.000   0.000   0.000   0.000   0.000  0.000
S2:IDR2:IDL  0.000    0.000    0.000   0.000   0.000   0.000   0.000  0.000
g1:S1:IDR1:  0.000    0.000    0.000   0.000   0.000   0.000   0.000  0.000
g1:S2:IDR1:  0.000    0.000    0.000   0.000   0.000   0.000   0.000  0.000
g1:S1:IDR2:  0.000    0.000    0.000   0.000   0.000   0.000   0.000  0.000
g1:S2:IDR2:  0.000    0.000    0.000   0.000   0.000   0.000   0.000  0.000
            S2:IDL IDR1:I IDR2:I gr1:S1:IDR1 gr1:S2:IDR1 gr1:S1:IDR2
grp1                                                                
S1                                                                  
S2                                                                  
IDR1                                                                
IDR2                                                                
IDL1                                                                
grp1:S1                                                             
grp1:S2                                                             
grp1:IDR1                                                           
grp1:IDR2                                                           
S1:IDR1                                                             
S2:IDR1                                                             
S1:IDR2                                                             
S2:IDR2                                                             
grp1:IDL1                                                           
S1:IDL1                                                             
S2:IDL1                                                             
IDR1:IDL1    0.000                                                  
IDR2:IDL1    0.000 -0.500                                           
gr1:S1:IDR1  0.000  0.000  0.000                                    
gr1:S2:IDR1  0.000  0.000  0.000 -0.500                             
gr1:S1:IDR2  0.000  0.000  0.000 -0.500       0.250                 
gr1:S2:IDR2  0.000  0.000  0.000  0.250      -0.500      -0.500     
gr1:S1:IDL1  0.000  0.000  0.000  0.000       0.000       0.000     
gr1:S2:IDL1  0.000  0.000  0.000  0.000       0.000       0.000     
g1:IDR1:IDL  0.000  0.000  0.000  0.000       0.000       0.000     
g1:IDR2:IDL  0.000  0.000  0.000  0.000       0.000       0.000     
S1:IDR1:IDL  0.000  0.000  0.000  0.000       0.000       0.000     
S2:IDR1:IDL  0.000  0.000  0.000  0.000       0.000       0.000     
S1:IDR2:IDL  0.000  0.000  0.000  0.000       0.000       0.000     
S2:IDR2:IDL  0.000  0.000  0.000  0.000       0.000       0.000     
g1:S1:IDR1:  0.000  0.000  0.000  0.000       0.000       0.000     
g1:S2:IDR1:  0.000  0.000  0.000  0.000       0.000       0.000     
g1:S1:IDR2:  0.000  0.000  0.000  0.000       0.000       0.000     
g1:S2:IDR2:  0.000  0.000  0.000  0.000       0.000       0.000     
            gr1:S2:IDR2 g1:S1:IDL g1:S2:IDL g1:IDR1: g1:IDR2: S1:IDR1: S2:IDR1:
grp1                                                                           
S1                                                                             
S2                                                                             
IDR1                                                                           
IDR2                                                                           
IDL1                                                                           
grp1:S1                                                                        
grp1:S2                                                                        
grp1:IDR1                                                                      
grp1:IDR2                                                                      
S1:IDR1                                                                        
S2:IDR1                                                                        
S1:IDR2                                                                        
S2:IDR2                                                                        
grp1:IDL1                                                                      
S1:IDL1                                                                        
S2:IDL1                                                                        
IDR1:IDL1                                                                      
IDR2:IDL1                                                                      
gr1:S1:IDR1                                                                    
gr1:S2:IDR1                                                                    
gr1:S1:IDR2                                                                    
gr1:S2:IDR2                                                                    
gr1:S1:IDL1  0.000                                                             
gr1:S2:IDL1  0.000      -0.500                                                 
g1:IDR1:IDL  0.000       0.000     0.000                                       
g1:IDR2:IDL  0.000       0.000     0.000    -0.500                             
S1:IDR1:IDL  0.000       0.000     0.000     0.000    0.000                    
S2:IDR1:IDL  0.000       0.000     0.000     0.000    0.000   -0.500           
S1:IDR2:IDL  0.000       0.000     0.000     0.000    0.000   -0.500    0.250  
S2:IDR2:IDL  0.000       0.000     0.000     0.000    0.000    0.250   -0.500  
g1:S1:IDR1:  0.000       0.000     0.000     0.000    0.000    0.000    0.000  
g1:S2:IDR1:  0.000       0.000     0.000     0.000    0.000    0.000    0.000  
g1:S1:IDR2:  0.000       0.000     0.000     0.000    0.000    0.000    0.000  
g1:S2:IDR2:  0.000       0.000     0.000     0.000    0.000    0.000    0.000  
            S1:IDR2: S2:IDR2: g1:S1:IDR1: g1:S2:IDR1: g1:S1:IDR2:
grp1                                                             
S1                                                               
S2                                                               
IDR1                                                             
IDR2                                                             
IDL1                                                             
grp1:S1                                                          
grp1:S2                                                          
grp1:IDR1                                                        
grp1:IDR2                                                        
S1:IDR1                                                          
S2:IDR1                                                          
S1:IDR2                                                          
S2:IDR2                                                          
grp1:IDL1                                                        
S1:IDL1                                                          
S2:IDL1                                                          
IDR1:IDL1                                                        
IDR2:IDL1                                                        
gr1:S1:IDR1                                                      
gr1:S2:IDR1                                                      
gr1:S1:IDR2                                                      
gr1:S2:IDR2                                                      
gr1:S1:IDL1                                                      
gr1:S2:IDL1                                                      
g1:IDR1:IDL                                                      
g1:IDR2:IDL                                                      
S1:IDR1:IDL                                                      
S2:IDR1:IDL                                                      
S1:IDR2:IDL                                                      
S2:IDR2:IDL -0.500                                               
g1:S1:IDR1:  0.000    0.000                                      
g1:S2:IDR1:  0.000    0.000   -0.500                             
g1:S1:IDR2:  0.000    0.000   -0.500       0.250                 
g1:S2:IDR2:  0.000    0.000    0.250      -0.500      -0.500     
