[1] "Summary by group"
  grp IPerfR.m IPerfR.s
1   C 6.149223 2.508302
2   U 5.020487 1.994121
[1] "Summary by session\n"
  S IPerfR.m IPerfR.s
1 1 4.430782 1.143648
2 2 5.938433 2.249971
3 3 6.385350 2.816832
[1] "Summary by DID\n"
  DID IPerfR.m IPerfR.s
1   1 7.058200 2.842583
2   2 5.369807 1.877966
3   3 4.326559 0.987963
[1] "Summary by group + Session\n"
  grp S IPerfR.m IPerfR.s
1   C 1 4.479276 1.203634
2   C 2 6.680544 2.414359
3   C 3 7.287849 2.723252
4   U 1 4.382289 1.091806
5   U 2 5.196322 1.812230
6   U 3 5.482851 2.639560
[1] "Summary by Session + DID\n"
  S DID IPerfR.m  IPerfR.s
1 1   1 4.964727 1.5279028
2 1   2 4.386593 0.9118191
3 1   3 3.941027 0.5504644
4 2   1 7.286080 2.3607508
5 2   2 6.033580 2.2239805
6 2   3 4.495640 0.9876386
7 3   1 8.923793 2.9500046
8 3   2 5.689247 1.8667088
9 3   3 4.543010 1.2187229
[1] "Summary by group + DID\n"
  grp DID IPerfR.m  IPerfR.s
1   C   1 7.428613 3.3130322
2   C   2 6.218007 1.9241456
3   C   3 4.801049 0.9718249
4   U   1 6.687787 2.2555184
5   U   2 4.521607 1.3999083
6   U   3 3.852069 0.7545638
[1] "Summary by group + Session + DID\n"
   grp S DID IPerfR.m  IPerfR.s
1    C 1   1 4.872060 1.8372804
2    C 1   2 4.493353 0.7819103
3    C 1   3 4.072413 0.4725581
4    C 2   1 8.036587 2.7188932
5    C 2   2 7.091567 2.0956936
6    C 2   3 4.913480 1.0193361
7    C 3   1 9.377193 3.5016516
8    C 3   2 7.069100 1.3608806
9    C 3   3 5.417253 0.8465747
10   U 1   1 5.057393 1.2007176
11   U 1   2 4.279833 1.0423087
12   U 1   3 3.809640 0.6061053
13   U 2   1 6.535573 1.7161013
14   U 2   2 4.975593 1.8587527
15   U 2   3 4.077800 0.7793367
16   U 3   1 8.470393 2.3075071
17   U 3   2 4.309393 1.1340712
18   U 3   3 3.668767 0.8498150
