[1] "IDefL ~(S*DID*grp)+Error(pp/(S*DID))+grp"
$ANOVA
     Effect DFn DFd         F           p p<.05        ges
2       grp   1   8 1.7623649 0.220960701       0.06773641
3         S   2  16 0.2545533 0.778343482       0.00792896
5       DID   2  16 9.1432954 0.002248876     * 0.20531225
4     grp:S   2  16 0.5056085 0.612458684       0.01562676
6   grp:DID   2  16 4.4076102 0.029868592     * 0.11074976
7     S:DID   4  32 1.6693820 0.181350286       0.03870485
8 grp:S:DID   4  32 1.6724573 0.180631775       0.03877338

$`Mauchly's Test for Sphericity`
     Effect         W          p p<.05
3         S 0.6058079 0.17305024      
4     grp:S 0.6058079 0.17305024      
5       DID 0.2350831 0.00629905     *
6   grp:DID 0.2350831 0.00629905     *
7     S:DID 0.1643915 0.25327198      
8 grp:S:DID 0.1643915 0.25327198      

$`Sphericity Corrections`
     Effect       GGe      p[GG] p[GG]<.05       HFe      p[HF] p[HF]<.05
3         S 0.7172613 0.70718290           0.8309146 0.73913849          
4     grp:S 0.7172613 0.55648280           0.8309146 0.58111043          
5       DID 0.5665989 0.01257643         * 0.5969868 0.01112716         *
6   grp:DID 0.5665989 0.06168592           0.5969868 0.05860770          
7     S:DID 0.6383817 0.20886953           0.9630885 0.18402012          
8 grp:S:DID 0.6383817 0.20825159           0.9630885 0.18330912          

