[1] "Summary by group"
  grp  IDefL.m   IDefL.s
1   C 3.546060 0.5234909
2   U 3.367893 0.4239561
[1] "Summary by session\n"
  S  IDefL.m   IDefL.s
1 1 3.415569 0.4455393
2 2 3.482523 0.4775750
3 3 3.472838 0.5273189
[1] "Summary by DID\n"
  DID  IDefL.m   IDefL.s
1   1 3.223644 0.4142169
2   2 3.534988 0.4185604
3   3 3.612298 0.5243306
[1] "Summary by group + Session\n"
  grp S  IDefL.m   IDefL.s
1   C 1 3.478016 0.4672086
2   C 2 3.539442 0.4797552
3   C 3 3.620722 0.6129064
4   U 1 3.353122 0.4186426
5   U 2 3.425604 0.4738645
6   U 3 3.324953 0.3769112
[1] "Summary by Session + DID\n"
  S DID  IDefL.m   IDefL.s
1 1   1 3.187447 0.3655153
2 1   2 3.543450 0.4172428
3 1   3 3.515810 0.4694318
4 2   1 3.242870 0.4210209
5 2   2 3.625797 0.4467720
6 2   3 3.578903 0.4825358
7 3   1 3.240617 0.4622379
8 3   2 3.435717 0.3810050
9 3   3 3.742180 0.6019014
[1] "Summary by group + DID\n"
  grp DID  IDefL.m   IDefL.s
1   C   1 3.149942 0.4456430
2   C   2 3.728482 0.3564014
3   C   3 3.759756 0.5174472
4   U   1 3.297347 0.3705969
5   U   2 3.341493 0.3882826
6   U   3 3.464840 0.4938278
[1] "Summary by group + Session + DID\n"
   grp S DID  IDefL.m   IDefL.s
1    C 1   1 3.109700 0.4130199
2    C 1   2 3.726533 0.3190636
3    C 1   3 3.597813 0.4321492
4    C 2   1 3.157140 0.3800756
5    C 2   2 3.854493 0.3200352
6    C 2   3 3.606693 0.4568464
7    C 3   1 3.182987 0.5533180
8    C 3   2 3.604420 0.4018456
9    C 3   3 4.074760 0.5352831
10   U 1   1 3.265193 0.3052996
11   U 1   2 3.360367 0.4324223
12   U 1   3 3.433807 0.5052824
13   U 2   1 3.328600 0.4549415
14   U 2   2 3.397100 0.4460597
15   U 2   3 3.551113 0.5214878
16   U 3   1 3.298247 0.3595994
17   U 3   2 3.267013 0.2796984
18   U 3   3 3.409600 0.4763400
