[1] "flsPC ~(S*DID*grp)+Error(pp/(S*DID))+grp"
$ANOVA
     Effect DFn DFd        F          p p<.05        ges
2       grp   1   8 6.454879 0.03467592     * 0.23528546
3         S   2  16 1.562199 0.24002571       0.03699069
5       DID   2  16 5.183088 0.01839004     * 0.15670720
4     grp:S   2  16 1.220573 0.32111206       0.02913717
6   grp:DID   2  16 3.616293 0.05060337       0.11477312
7     S:DID   4  32 1.782216 0.15673965       0.02922749
8 grp:S:DID   4  32 1.662892 0.18287583       0.02732410

$`Mauchly's Test for Sphericity`
     Effect          W           p p<.05
3         S 0.90545148 0.706363335      
4     grp:S 0.90545148 0.706363335      
5       DID 0.19656348 0.003367131     *
6   grp:DID 0.19656348 0.003367131     *
7     S:DID 0.05215154 0.030353775     *
8 grp:S:DID 0.05215154 0.030353775     *

$`Sphericity Corrections`
     Effect       GGe      p[GG] p[GG]<.05       HFe      p[HF] p[HF]<.05
3         S 0.9136187 0.24231040           1.1700707 0.24002571          
4     grp:S 0.9136187 0.31959741           1.1700707 0.32111206          
5       DID 0.5544969 0.04664991         * 0.5790841 0.04428886         *
6   grp:DID 0.5544969 0.08769259           0.5790841 0.08508311          
7     S:DID 0.6026707 0.19068162           0.8809729 0.16627648          
8 grp:S:DID 0.6026707 0.21295115           0.8809729 0.19156377          

