[1] "Summary by group"
  grp   flsPC.m    flsPC.s
1   C 0.9836922 0.03546775
2   U 0.8749493 0.17745385
[1] "Summary by session\n"
  S   flsPC.m   flsPC.s
1 1 0.9498306 0.1223336
2 2 0.9344969 0.1378680
3 3 0.9036349 0.1522544
[1] "Summary by DID\n"
  DID   flsPC.m    flsPC.s
1   1 0.9848834 0.05302139
2   2 0.9205873 0.13218626
3   3 0.8824916 0.18047995
[1] "Summary by group + Session\n"
  grp S   flsPC.m    flsPC.s
1   C 1 0.9843758 0.01692748
2   C 2 0.9870456 0.01588934
3   C 3 0.9796553 0.05712624
4   U 1 0.9152853 0.16596263
5   U 2 0.8819482 0.18040640
6   U 3 0.8276144 0.17834045
[1] "Summary by Session + DID\n"
  S DID   flsPC.m    flsPC.s
1 1   1 0.9774397 0.08978841
2 1   2 0.9475627 0.12446998
3 1   3 0.9244893 0.14462254
4 2   1 0.9891720 0.01502557
5 2   2 0.9281410 0.12388873
6 2   3 0.8861777 0.19289887
7 3   1 0.9880387 0.01591578
8 3   2 0.8860583 0.14400807
9 3   3 0.8368077 0.19453053
[1] "Summary by group + DID\n"
  grp DID   flsPC.m    flsPC.s
1   C   1 0.9909004 0.01186052
2   C   2 0.9884116 0.01198130
3   C   3 0.9717647 0.05766647
4   U   1 0.9788664 0.07397095
5   U   2 0.8527631 0.16059462
6   U   3 0.7932184 0.21507967
[1] "Summary by group + Session + DID\n"
   grp S DID   flsPC.m     flsPC.s
1    C 1   1 0.9928053 0.007875586
2    C 1   2 0.9876127 0.009620793
3    C 1   3 0.9727093 0.022644682
4    C 2   1 0.9899867 0.011440102
5    C 2   2 0.9936280 0.006818294
6    C 2   3 0.9775220 0.021523177
7    C 3   1 0.9899093 0.015600527
8    C 3   2 0.9839940 0.016166814
9    C 3   3 0.9650627 0.096905632
10   U 1   1 0.9620740 0.127011061
11   U 1   2 0.9075127 0.169004350
12   U 1   3 0.8762693 0.194499480
13   U 2   1 0.9883573 0.018312937
14   U 2   2 0.8626540 0.150189606
15   U 2   3 0.7948333 0.242353077
16   U 3   1 0.9861680 0.016548197
17   U 3   2 0.7881227 0.148807269
18   U 3   3 0.7085527 0.183706200
