[1] "HarmonicityR ~S*IDR*IDL*grp + Error(pp/(S*IDR*IDL))"
$ANOVA
          Effect DFn DFd          F            p p<.05         ges
2            grp   1   8  2.4356702 1.572253e-01       0.077626316
3              S   2  16 16.3924942 1.338660e-04     * 0.083845787
5            IDR   2  16 48.7566517 1.558066e-07     * 0.498393194
7            IDL   1   8 29.3638880 6.316674e-04     * 0.304374694
4          grp:S   2  16  0.6723027 5.243780e-01       0.003739430
6        grp:IDR   2  16  4.4186399 2.965703e-02     * 0.082607348
8        grp:IDL   1   8  4.9209214 5.733260e-02       0.068317795
9          S:IDR   4  32  3.7072742 1.371180e-02     * 0.043683131
11         S:IDL   2  16  1.2119736 3.235180e-01       0.007476163
13       IDR:IDL   2  16 23.4790572 1.739988e-05     * 0.235709535
10     grp:S:IDR   4  32  0.6091954 6.589642e-01       0.007450170
12     grp:S:IDL   2  16 16.2253764 1.414346e-04     * 0.091604037
14   grp:IDR:IDL   2  16  4.5706611 2.690636e-02     * 0.056636468
15     S:IDR:IDL   4  32  0.6090698 6.590511e-01       0.010792395
16 grp:S:IDR:IDL   4  32  3.5979989 1.566103e-02     * 0.060547892

$`Mauchly's Test for Sphericity`
          Effect          W          p p<.05
3              S 0.69813633 0.28430915      
4          grp:S 0.69813633 0.28430915      
5            IDR 0.92726984 0.76775292      
6        grp:IDR 0.92726984 0.76775292      
9          S:IDR 0.04072483 0.01845775     *
10     grp:S:IDR 0.04072483 0.01845775     *
11         S:IDL 0.78558058 0.42970221      
12     grp:S:IDL 0.78558058 0.42970221      
13       IDR:IDL 0.89684965 0.68315421      
14   grp:IDR:IDL 0.89684965 0.68315421      
15     S:IDR:IDL 0.07116865 0.05745701      
16 grp:S:IDR:IDL 0.07116865 0.05745701      

$`Sphericity Corrections`
          Effect       GGe        p[GG] p[GG]<.05       HFe        p[HF]
3              S 0.7681296 6.157250e-04         * 0.9148211 2.340341e-04
4          grp:S 0.7681296 4.904857e-01           0.9148211 5.128985e-01
5            IDR 0.9322009 3.787686e-07         * 1.2044152 1.558066e-07
6        grp:IDR 0.9322009 3.319839e-02         * 1.2044152 2.965703e-02
9          S:IDR 0.4818305 4.980123e-02         * 0.6317599 3.404252e-02
10     grp:S:IDR 0.4818305 5.505695e-01           0.6317599 5.901075e-01
11         S:IDL 0.8234387 3.196027e-01           1.0091020 3.235180e-01
12     grp:S:IDL 0.8234387 4.471950e-04         * 1.0091020 1.414346e-04
13       IDR:IDL 0.9064947 3.856634e-05         * 1.1570132 1.739988e-05
14   grp:IDR:IDL 0.9064947 3.167825e-02         * 1.1570132 2.690636e-02
15     S:IDR:IDL 0.5467221 5.689854e-01           0.7604359 6.176883e-01
16 grp:S:IDR:IDL 0.5467221 4.574981e-02         * 0.7604359 2.742929e-02
   p[HF]<.05
3          *
4           
5          *
6          *
9          *
10          
11          
12         *
13         *
14         *
15          
16         *

