[1] "Summary by group"
  grp HarmonicityR.m HarmonicityR.s
1   C      0.2724576      0.3589398
2   U      0.3922890      0.4111245
[1] "Summary by session\n"
  S HarmonicityR.m HarmonicityR.s
1 1      0.2449608      0.3284417
2 2      0.3648972      0.4072665
3 3      0.3872620      0.4158566
[1] "Summary by IDR+IDR\n"
  IDL IDR HarmonicityR.m HarmonicityR.s
1   D   D     0.88575324     0.25968385
2   D   M     0.41511151     0.37145068
3   D   E     0.10610754     0.08679961
4   E   D     0.31328452     0.41701042
5   E   M     0.18297774     0.28678265
6   E   E     0.09100521     0.05249071
[1] "Summary by group + Session\n"
  grp S HarmonicityR.m HarmonicityR.s
1   C 1      0.1748949      0.2546732
2   C 2      0.3228195      0.3898957
3   C 3      0.3196584      0.3976032
4   U 1      0.3150266      0.3770580
5   U 2      0.4069749      0.4218959
6   U 3      0.4548655      0.4248352
[1] "Summary by Session + IDR + IDL \n"
   S IDL IDR HarmonicityR.m HarmonicityR.s
1  1   D   D     0.75940107     0.35773675
2  1   D   M     0.26576830     0.30835871
3  1   D   E     0.08804173     0.04913945
4  1   E   D     0.15838230     0.28613420
5  1   E   M     0.09108790     0.05862112
6  1   E   E     0.10708327     0.05873158
7  2   D   D     0.95424833     0.14743101
8  2   D   M     0.51976907     0.38501188
9  2   D   E     0.10622420     0.09944324
10 2   E   D     0.34338120     0.43760023
11 2   E   M     0.17448270     0.28426927
12 2   E   E     0.09127750     0.05340573
13 3   D   D     0.94361033     0.18004097
14 3   D   M     0.45979717     0.37901728
15 3   D   E     0.12405670     0.10073503
16 3   E   D     0.43809007     0.46738271
17 3   E   M     0.28336263     0.38590836
18 3   E   E     0.07465487     0.04012762
[1] "Summary by group + IDR + IDL\n"
   grp IDL IDR HarmonicityR.m HarmonicityR.s
1    C   D   D     0.83591671     0.30923148
2    C   D   M     0.48182116     0.40340157
3    C   D   E     0.07726876     0.02687807
4    C   E   D     0.06809613     0.02692292
5    C   E   M     0.07890093     0.04196999
6    C   E   E     0.09274184     0.05954683
7    U   D   D     0.93558978     0.18894358
8    U   D   M     0.34840187     0.32749285
9    U   D   E     0.13494633     0.11320772
10   U   E   D     0.55847291     0.47755153
11   U   E   M     0.28705456     0.37741219
12   U   E   E     0.08926858     0.04495749
[1] "Summary by group + Session + IDR + IDL\n"
   grp S IDL IDR HarmonicityR.m HarmonicityR.s
1    C 1   D   D     0.58393347     0.40930559
2    C 1   D   M     0.15143413     0.12607908
3    C 1   D   E     0.07119580     0.02175743
4    C 1   E   D     0.06320293     0.02692214
5    C 1   E   M     0.08204013     0.05142144
6    C 1   E   E     0.09756300     0.06825437
7    C 2   D   D     0.94752200     0.14860272
8    C 2   D   M     0.65423200     0.39402488
9    C 2   D   E     0.07661140     0.03006685
10   C 2   E   D     0.07058247     0.01995431
11   C 2   E   M     0.08865713     0.04934797
12   C 2   E   E     0.09931173     0.06427765
13   C 3   D   D     0.97629467     0.09181036
14   C 3   D   M     0.63979733     0.40589930
15   C 3   D   E     0.08399907     0.02836521
16   C 3   E   D     0.07050300     0.03341586
17   C 3   E   M     0.06600553     0.01288346
18   C 3   E   E     0.08135080     0.04629870
19   U 1   D   D     0.93486867     0.17772182
20   U 1   D   M     0.38010247     0.39122113
21   U 1   D   E     0.10488767     0.06261271
22   U 1   E   D     0.25356167     0.38659595
23   U 1   E   M     0.10013567     0.06556483
24   U 1   E   E     0.11660353     0.04787803
25   U 2   D   D     0.96097467     0.15114447
26   U 2   D   M     0.38530613     0.33624007
27   U 2   D   E     0.13583700     0.13304565
28   U 2   E   D     0.61617993     0.48661924
29   U 2   E   M     0.26030827     0.38622602
30   U 2   E   E     0.08324327     0.04047387
31   U 3   D   D     0.91092600     0.23754276
32   U 3   D   M     0.27979700     0.25176628
33   U 3   D   E     0.16411433     0.12952557
34   U 3   E   D     0.80567713     0.40228908
35   U 3   E   M     0.50071973     0.45506559
36   U 3   E   E     0.06795893     0.03310319
