[1] "maxangle ~(S*ID*grp)+Error(pp/(S*ID))+grp"
$ANOVA
    Effect DFn DFd          F            p p<.05        ges
2      grp   1   8  1.9802300 1.970098e-01       0.04001248
3        S   2  16  0.4379476 6.528679e-01       0.01227065
5       ID   2  16 28.2880275 5.579728e-06     * 0.44608360
4    grp:S   2  16  0.8012554 4.659753e-01       0.02222378
6   grp:ID   2  16  3.0577003 7.505876e-02       0.08007835
7     S:ID   4  32  0.6682671 6.187404e-01       0.03052521
8 grp:S:ID   4  32  0.8040665 5.316979e-01       0.03650186

$`Mauchly's Test for Sphericity`
    Effect           W            p p<.05
3        S 0.897260352 6.842498e-01      
4    grp:S 0.897260352 6.842498e-01      
5       ID 0.147120073 1.221383e-03     *
6   grp:ID 0.147120073 1.221383e-03     *
7     S:ID 0.001362598 5.478369e-06     *
8 grp:S:ID 0.001362598 5.478369e-06     *

$`Sphericity Corrections`
    Effect       GGe        p[GG] p[GG]<.05       HFe        p[HF] p[HF]<.05
3        S 0.9068324 0.6347854074           1.1576306 0.6528678842          
4    grp:S 0.9068324 0.4563916721           1.1576306 0.4659753280          
5       ID 0.5397004 0.0004822257         * 0.5573655 0.0004055574         *
6   grp:ID 0.5397004 0.1143986105           0.5573655 0.1126102882          
7     S:ID 0.4949954 0.5250246425           0.6569679 0.5621641576          
8 grp:S:ID 0.4949954 0.4638092949           0.6569679 0.4911661891          

