[1] "ID Tukey test"

	 Simultaneous Tests for General Linear Hypotheses

Multiple Comparisons of Means: Tukey Contrasts


Fit: lmer(formula = maxangle ~ (1 | pp) + (1 | pp/S) + (1 | pp/ID) + 
    (1 | pp/S:ID) + grp * S * ID, data = mdata)

Linear Hypotheses:
           Estimate Std. Error z value Pr(>|z|)    
M - D == 0 -0.59249    0.09998  -5.926   <1e-04 ***
E - D == 0 -0.67812    0.09998  -6.782   <1e-04 ***
E - M == 0 -0.08563    0.09998  -0.856    0.668    
---
Signif. codes:  0 ‘***’ 0.001 ‘**’ 0.01 ‘*’ 0.05 ‘.’ 0.1 ‘ ’ 1 
(Adjusted p values reported -- single-step method)

[1] "S Tukey test"

	 Simultaneous Tests for General Linear Hypotheses

Multiple Comparisons of Means: Tukey Contrasts


Fit: lmer(formula = maxangle ~ (1 | pp) + (1 | pp/S) + (1 | pp/ID) + 
    (1 | pp/S:ID) + grp * S * ID, data = mdata)

Linear Hypotheses:
           Estimate Std. Error z value Pr(>|z|)
2 - 1 == 0  0.04817    0.09984   0.482     0.88
3 - 1 == 0 -0.03058    0.09984  -0.306     0.95
3 - 2 == 0 -0.07875    0.09984  -0.789     0.71
(Adjusted p values reported -- single-step method)

[1] "grp Tukey test"

	 Simultaneous Tests for General Linear Hypotheses

Multiple Comparisons of Means: Tukey Contrasts


Fit: lmer(formula = maxangle ~ (1 | pp) + (1 | pp/S) + (1 | pp/ID) + 
    (1 | pp/S:ID) + grp * S * ID, data = mdata)

Linear Hypotheses:
           Estimate Std. Error z value Pr(>|z|)  
U - C == 0  -0.2102     0.0920  -2.285   0.0223 *
---
Signif. codes:  0 ‘***’ 0.001 ‘**’ 0.01 ‘*’ 0.05 ‘.’ 0.1 ‘ ’ 1 
(Adjusted p values reported -- single-step method)

