[1] "Summary by group"
  grp maxangle.m maxangle.s
1   C  0.4821933  0.5600403
2   U  0.3723671  0.3230677
[1] "Summary by session\n"
  S maxangle.m maxangle.s
1 1  0.3860120  0.3766005
2 2  0.4563326  0.5188563
3 3  0.4394959  0.4740852
[1] "Summary by ID\n"
  ID maxangle.m maxangle.s
1  D  0.7664627 0.66022013
2  M  0.2910229 0.12956544
3  E  0.2243549 0.09535183
[1] "Summary by group + Session\n"
  grp S maxangle.m maxangle.s
1   C 1  0.4682649  0.5058804
2   C 2  0.5412331  0.6834572
3   C 3  0.4370818  0.4757297
4   U 1  0.3037591  0.1308653
5   U 2  0.3714321  0.2503691
6   U 3  0.4419100  0.4777980
[1] "Summary by Session + ID\n"
  S ID maxangle.m maxangle.s
1 1  D  0.6375127 0.55893971
2 1  M  0.3002973 0.13013133
3 1  E  0.2202260 0.06671223
4 2  D  0.8660567 0.73234177
5 2  M  0.2967000 0.12617556
6 2  E  0.2062411 0.09607761
7 3  D  0.7958187 0.67870558
8 3  M  0.2760713 0.13531938
9 3  E  0.2465977 0.11555370
[1] "Summary by group + ID\n"
  grp ID maxangle.m maxangle.s
1   C  D  0.9332824 0.78365844
2   C  M  0.2973524 0.13164569
3   C  E  0.2159449 0.09051467
4   U  D  0.5996429 0.45896043
5   U  M  0.2846933 0.12862114
6   U  E  0.2327650 0.10026466
[1] "Summary by group + Session + ID\n"
   grp S ID maxangle.m maxangle.s
1    C 1  D  0.8640127 0.72617418
2    C 1  M  0.3201653 0.12622916
3    C 1  E  0.2206167 0.06346406
4    C 2  D  1.1328613 0.93621319
5    C 2  M  0.2944373 0.13103681
6    C 2  E  0.1964007 0.08196670
7    C 3  D  0.8029733 0.67842307
8    C 3  M  0.2774547 0.14273125
9    C 3  E  0.2308173 0.11972165
10   U 1  D  0.4110127 0.09939879
11   U 1  M  0.2804293 0.13527098
12   U 1  E  0.2198353 0.07204807
13   U 2  D  0.5992520 0.28622365
14   U 2  M  0.2989627 0.12568250
15   U 2  E  0.2160815 0.11043153
16   U 3  D  0.7886640 0.70272180
17   U 3  M  0.2746880 0.13249268
18   U 3  E  0.2623781 0.11310257
