                  Estimate MCMCmean HPD95lower HPD95upper pMCMC Pr(>|t|)
(Intercept)         0.7893   0.7911     0.7101     0.8904 0.001   0.0000
grp1                0.0411   0.0423    -0.0595     0.1345 0.350   0.5177
S1                 -0.0019  -0.0019    -0.0478     0.0411 0.942   0.9529
S2                 -0.0090  -0.0088    -0.0539     0.0386 0.686   0.7838
IDR1                0.0587   0.0586     0.0050     0.1183 0.044   0.3224
IDR2               -0.0292  -0.0308    -0.0835     0.0369 0.310   0.6226
IDL1               -0.1142  -0.1134    -0.1426    -0.0873 0.001   0.0000
grp1:S1             0.0022   0.0017    -0.0372     0.0543 0.956   0.9465
grp1:S2             0.0102   0.0111    -0.0381     0.0563 0.628   0.7578
grp1:IDR1           0.0457   0.0459    -0.0080     0.1014 0.088   0.4410
grp1:IDR2           0.0176   0.0166    -0.0402     0.0690 0.546   0.7664
S1:IDR1            -0.0183  -0.0180    -0.0473     0.0119 0.244   0.4614
S2:IDR1             0.0017   0.0015    -0.0295     0.0306 0.936   0.9444
S1:IDR2             0.0199   0.0198    -0.0099     0.0523 0.204   0.4231
S2:IDR2             0.0256   0.0259    -0.0050     0.0558 0.088   0.3044
grp1:IDL1          -0.0488  -0.0484    -0.0727    -0.0201 0.002   0.0025
S1:IDL1             0.0075   0.0076    -0.0144     0.0305 0.456   0.6711
S2:IDL1            -0.0107  -0.0103    -0.0313     0.0106 0.336   0.5424
IDR1:IDL1           0.0710   0.0710     0.0517     0.0929 0.001   0.0001
IDR2:IDL1           0.0248   0.0251     0.0034     0.0441 0.010   0.1583
grp1:S1:IDR1        0.0195   0.0190    -0.0137     0.0452 0.196   0.4340
grp1:S2:IDR1       -0.0144  -0.0141    -0.0445     0.0137 0.338   0.5624
grp1:S1:IDR2        0.0066   0.0072    -0.0233     0.0374 0.638   0.7899
grp1:S2:IDR2       -0.0160  -0.0160    -0.0486     0.0137 0.288   0.5198
grp1:S1:IDL1        0.0309   0.0316     0.0105     0.0535 0.004   0.0794
grp1:S2:IDL1       -0.0111  -0.0114    -0.0329     0.0108 0.312   0.5281
grp1:IDR1:IDL1      0.0178   0.0179    -0.0025     0.0394 0.096   0.3124
grp1:IDR2:IDL1     -0.0098  -0.0096    -0.0298     0.0106 0.378   0.5760
S1:IDR1:IDL1       -0.0374  -0.0371    -0.0679    -0.0058 0.012   0.1329
S2:IDR1:IDL1        0.0090   0.0089    -0.0236     0.0368 0.596   0.7188
S1:IDR2:IDL1       -0.0113  -0.0106    -0.0406     0.0200 0.518   0.6483
S2:IDR2:IDL1       -0.0176  -0.0177    -0.0506     0.0099 0.252   0.4792
grp1:S1:IDR1:IDL1  -0.0160  -0.0153    -0.0460     0.0167 0.344   0.5210
grp1:S2:IDR1:IDL1   0.0206   0.0199    -0.0085     0.0485 0.190   0.4070
grp1:S1:IDR2:IDL1   0.0120   0.0115    -0.0192     0.0410 0.448   0.6297
grp1:S2:IDR2:IDL1   0.0017   0.0021    -0.0262     0.0334 0.904   0.9471
NULL
       Length Class      Mode
fixed  6      data.frame list
random 7      data.frame list
Analysis of Variance Table
              Df   Sum Sq  Mean Sq F value
grp            1 0.002518 0.002518  0.4052
S              2 0.000788 0.000394  0.0634
IDR            2 0.006097 0.003049  0.4905
IDL            1 0.313888 0.313888 50.5082
grp:S          2 0.000998 0.000499  0.0803
grp:IDR        2 0.007559 0.003780  0.6082
S:IDR          4 0.023760 0.005940  0.9558
grp:IDL        1 0.057395 0.057395  9.2355
S:IDL          2 0.002429 0.001214  0.1954
IDR:IDL        2 0.199289 0.099644 16.0340
grp:S:IDR      4 0.011735 0.002934  0.4721
grp:S:IDL      2 0.019711 0.009855  1.5858
grp:IDR:IDL    2 0.006380 0.003190  0.5133
S:IDR:IDL      4 0.041639 0.010410  1.6750
grp:S:IDR:IDL  4 0.008414 0.002103  0.3385
Linear mixed model fit by REML 
Formula: get(vname) ~ (1 | pp) + (1 | pp/S) + (1 | pp/IDR) + (1 | pp/IDL) +      (1 | pp/S:IDR:IDL) + grp * S * IDR * IDL 
   Data: mdata 
    AIC    BIC logLik deviance REMLdev
 -375.2 -177.8  233.6   -669.5  -467.2
Random effects:
 Groups       Name        Variance  Std.Dev.
 S:IDR:IDL:pp (Intercept) 0.0257219 0.160380
 IDR:pp       (Intercept) 0.0480898 0.219294
 S:pp         (Intercept) 0.0116624 0.107993
 IDL:pp       (Intercept) 0.0020729 0.045529
 pp           (Intercept) 0.0035666 0.059721
 pp           (Intercept) 0.0035666 0.059721
 pp           (Intercept) 0.0035666 0.059721
 pp           (Intercept) 0.0035666 0.059721
 pp           (Intercept) 0.0035666 0.059721
 Residual                 0.0062146 0.078833
Number of obs: 540, groups: S:IDR:IDL:pp, 180; IDR:pp, 30; S:pp, 30; IDL:pp, 20; pp, 10

Fixed effects:
                   Estimate Std. Error t value
(Intercept)        0.789348   0.063504  12.430
grp1               0.041108   0.063504   0.647
S1                -0.001948   0.032959  -0.059
S2                -0.009049   0.032959  -0.275
IDR1               0.058722   0.059286   0.990
IDR2              -0.029199   0.059286  -0.493
IDL1              -0.114166   0.016064  -7.107
grp1:S1            0.002211   0.032959   0.067
grp1:S2            0.010169   0.032959   0.309
grp1:IDR1          0.045719   0.059286   0.771
grp1:IDR2          0.017623   0.059286   0.297
S1:IDR1           -0.018317   0.024852  -0.737
S2:IDR1            0.001733   0.024852   0.070
S1:IDR2            0.019923   0.024852   0.802
S2:IDR2            0.025552   0.024852   1.028
grp1:IDL1         -0.048819   0.016064  -3.039
S1:IDL1            0.007466   0.017573   0.425
S2:IDL1           -0.010713   0.017573  -0.610
IDR1:IDL1          0.071042   0.017573   4.043
IDR2:IDL1          0.024829   0.017573   1.413
grp1:S1:IDR1       0.019459   0.024852   0.783
grp1:S2:IDR1      -0.014407   0.024852  -0.580
grp1:S1:IDR2       0.006624   0.024852   0.267
grp1:S2:IDR2      -0.016008   0.024852  -0.644
grp1:S1:IDL1       0.030890   0.017573   1.758
grp1:S2:IDL1      -0.011094   0.017573  -0.631
grp1:IDR1:IDL1     0.017771   0.017573   1.011
grp1:IDR2:IDL1    -0.009834   0.017573  -0.560
S1:IDR1:IDL1      -0.037409   0.024852  -1.505
S2:IDR1:IDL1       0.008954   0.024852   0.360
S1:IDR2:IDL1      -0.011342   0.024852  -0.456
S2:IDR2:IDL1      -0.017599   0.024852  -0.708
grp1:S1:IDR1:IDL1 -0.015960   0.024852  -0.642
grp1:S2:IDR1:IDL1  0.020626   0.024852   0.830
grp1:S1:IDR2:IDL1  0.011989   0.024852   0.482
grp1:S2:IDR2:IDL1  0.001651   0.024852   0.066

Correlation of Fixed Effects:
            (Intr) grp1   S1     S2     IDR1   IDR2   IDL1   gr1:S1 gr1:S2
grp1         0.000                                                        
S1           0.000  0.000                                                 
S2           0.000  0.000 -0.500                                          
IDR1         0.000  0.000  0.000  0.000                                   
IDR2         0.000  0.000  0.000  0.000 -0.500                            
IDL1         0.000  0.000  0.000  0.000  0.000  0.000                     
grp1:S1      0.000  0.000  0.000  0.000  0.000  0.000  0.000              
grp1:S2      0.000  0.000  0.000  0.000  0.000  0.000  0.000 -0.500       
grp1:IDR1    0.000  0.000  0.000  0.000  0.000  0.000  0.000  0.000  0.000
grp1:IDR2    0.000  0.000  0.000  0.000  0.000  0.000  0.000  0.000  0.000
S1:IDR1      0.000  0.000  0.000  0.000  0.000  0.000  0.000  0.000  0.000
S2:IDR1      0.000  0.000  0.000  0.000  0.000  0.000  0.000  0.000  0.000
S1:IDR2      0.000  0.000  0.000  0.000  0.000  0.000  0.000  0.000  0.000
S2:IDR2      0.000  0.000  0.000  0.000  0.000  0.000  0.000  0.000  0.000
grp1:IDL1    0.000  0.000  0.000  0.000  0.000  0.000  0.000  0.000  0.000
S1:IDL1      0.000  0.000  0.000  0.000  0.000  0.000  0.000  0.000  0.000
S2:IDL1      0.000  0.000  0.000  0.000  0.000  0.000  0.000  0.000  0.000
IDR1:IDL1    0.000  0.000  0.000  0.000  0.000  0.000  0.000  0.000  0.000
IDR2:IDL1    0.000  0.000  0.000  0.000  0.000  0.000  0.000  0.000  0.000
gr1:S1:IDR1  0.000  0.000  0.000  0.000  0.000  0.000  0.000  0.000  0.000
gr1:S2:IDR1  0.000  0.000  0.000  0.000  0.000  0.000  0.000  0.000  0.000
gr1:S1:IDR2  0.000  0.000  0.000  0.000  0.000  0.000  0.000  0.000  0.000
gr1:S2:IDR2  0.000  0.000  0.000  0.000  0.000  0.000  0.000  0.000  0.000
gr1:S1:IDL1  0.000  0.000  0.000  0.000  0.000  0.000  0.000  0.000  0.000
gr1:S2:IDL1  0.000  0.000  0.000  0.000  0.000  0.000  0.000  0.000  0.000
g1:IDR1:IDL  0.000  0.000  0.000  0.000  0.000  0.000  0.000  0.000  0.000
g1:IDR2:IDL  0.000  0.000  0.000  0.000  0.000  0.000  0.000  0.000  0.000
S1:IDR1:IDL  0.000  0.000  0.000  0.000  0.000  0.000  0.000  0.000  0.000
S2:IDR1:IDL  0.000  0.000  0.000  0.000  0.000  0.000  0.000  0.000  0.000
S1:IDR2:IDL  0.000  0.000  0.000  0.000  0.000  0.000  0.000  0.000  0.000
S2:IDR2:IDL  0.000  0.000  0.000  0.000  0.000  0.000  0.000  0.000  0.000
g1:S1:IDR1:  0.000  0.000  0.000  0.000  0.000  0.000  0.000  0.000  0.000
g1:S2:IDR1:  0.000  0.000  0.000  0.000  0.000  0.000  0.000  0.000  0.000
g1:S1:IDR2:  0.000  0.000  0.000  0.000  0.000  0.000  0.000  0.000  0.000
g1:S2:IDR2:  0.000  0.000  0.000  0.000  0.000  0.000  0.000  0.000  0.000
            gr1:IDR1 gr1:IDR2 S1:IDR1 S2:IDR1 S1:IDR2 S2:IDR2 g1:IDL S1:IDL
grp1                                                                       
S1                                                                         
S2                                                                         
IDR1                                                                       
IDR2                                                                       
IDL1                                                                       
grp1:S1                                                                    
grp1:S2                                                                    
grp1:IDR1                                                                  
grp1:IDR2   -0.500                                                         
S1:IDR1      0.000    0.000                                                
S2:IDR1      0.000    0.000   -0.500                                       
S1:IDR2      0.000    0.000   -0.500   0.250                               
S2:IDR2      0.000    0.000    0.250  -0.500  -0.500                       
grp1:IDL1    0.000    0.000    0.000   0.000   0.000   0.000               
S1:IDL1      0.000    0.000    0.000   0.000   0.000   0.000   0.000       
S2:IDL1      0.000    0.000    0.000   0.000   0.000   0.000   0.000 -0.500
IDR1:IDL1    0.000    0.000    0.000   0.000   0.000   0.000   0.000  0.000
IDR2:IDL1    0.000    0.000    0.000   0.000   0.000   0.000   0.000  0.000
gr1:S1:IDR1  0.000    0.000    0.000   0.000   0.000   0.000   0.000  0.000
gr1:S2:IDR1  0.000    0.000    0.000   0.000   0.000   0.000   0.000  0.000
gr1:S1:IDR2  0.000    0.000    0.000   0.000   0.000   0.000   0.000  0.000
gr1:S2:IDR2  0.000    0.000    0.000   0.000   0.000   0.000   0.000  0.000
gr1:S1:IDL1  0.000    0.000    0.000   0.000   0.000   0.000   0.000  0.000
gr1:S2:IDL1  0.000    0.000    0.000   0.000   0.000   0.000   0.000  0.000
g1:IDR1:IDL  0.000    0.000    0.000   0.000   0.000   0.000   0.000  0.000
g1:IDR2:IDL  0.000    0.000    0.000   0.000   0.000   0.000   0.000  0.000
S1:IDR1:IDL  0.000    0.000    0.000   0.000   0.000   0.000   0.000  0.000
S2:IDR1:IDL  0.000    0.000    0.000   0.000   0.000   0.000   0.000  0.000
S1:IDR2:IDL  0.000    0.000    0.000   0.000   0.000   0.000   0.000  0.000
S2:IDR2:IDL  0.000    0.000    0.000   0.000   0.000   0.000   0.000  0.000
g1:S1:IDR1:  0.000    0.000    0.000   0.000   0.000   0.000   0.000  0.000
g1:S2:IDR1:  0.000    0.000    0.000   0.000   0.000   0.000   0.000  0.000
g1:S1:IDR2:  0.000    0.000    0.000   0.000   0.000   0.000   0.000  0.000
g1:S2:IDR2:  0.000    0.000    0.000   0.000   0.000   0.000   0.000  0.000
            S2:IDL IDR1:I IDR2:I gr1:S1:IDR1 gr1:S2:IDR1 gr1:S1:IDR2
grp1                                                                
S1                                                                  
S2                                                                  
IDR1                                                                
IDR2                                                                
IDL1                                                                
grp1:S1                                                             
grp1:S2                                                             
grp1:IDR1                                                           
grp1:IDR2                                                           
S1:IDR1                                                             
S2:IDR1                                                             
S1:IDR2                                                             
S2:IDR2                                                             
grp1:IDL1                                                           
S1:IDL1                                                             
S2:IDL1                                                             
IDR1:IDL1    0.000                                                  
IDR2:IDL1    0.000 -0.500                                           
gr1:S1:IDR1  0.000  0.000  0.000                                    
gr1:S2:IDR1  0.000  0.000  0.000 -0.500                             
gr1:S1:IDR2  0.000  0.000  0.000 -0.500       0.250                 
gr1:S2:IDR2  0.000  0.000  0.000  0.250      -0.500      -0.500     
gr1:S1:IDL1  0.000  0.000  0.000  0.000       0.000       0.000     
gr1:S2:IDL1  0.000  0.000  0.000  0.000       0.000       0.000     
g1:IDR1:IDL  0.000  0.000  0.000  0.000       0.000       0.000     
g1:IDR2:IDL  0.000  0.000  0.000  0.000       0.000       0.000     
S1:IDR1:IDL  0.000  0.000  0.000  0.000       0.000       0.000     
S2:IDR1:IDL  0.000  0.000  0.000  0.000       0.000       0.000     
S1:IDR2:IDL  0.000  0.000  0.000  0.000       0.000       0.000     
S2:IDR2:IDL  0.000  0.000  0.000  0.000       0.000       0.000     
g1:S1:IDR1:  0.000  0.000  0.000  0.000       0.000       0.000     
g1:S2:IDR1:  0.000  0.000  0.000  0.000       0.000       0.000     
g1:S1:IDR2:  0.000  0.000  0.000  0.000       0.000       0.000     
g1:S2:IDR2:  0.000  0.000  0.000  0.000       0.000       0.000     
            gr1:S2:IDR2 g1:S1:IDL g1:S2:IDL g1:IDR1: g1:IDR2: S1:IDR1: S2:IDR1:
grp1                                                                           
S1                                                                             
S2                                                                             
IDR1                                                                           
IDR2                                                                           
IDL1                                                                           
grp1:S1                                                                        
grp1:S2                                                                        
grp1:IDR1                                                                      
grp1:IDR2                                                                      
S1:IDR1                                                                        
S2:IDR1                                                                        
S1:IDR2                                                                        
S2:IDR2                                                                        
grp1:IDL1                                                                      
S1:IDL1                                                                        
S2:IDL1                                                                        
IDR1:IDL1                                                                      
IDR2:IDL1                                                                      
gr1:S1:IDR1                                                                    
gr1:S2:IDR1                                                                    
gr1:S1:IDR2                                                                    
gr1:S2:IDR2                                                                    
gr1:S1:IDL1  0.000                                                             
gr1:S2:IDL1  0.000      -0.500                                                 
g1:IDR1:IDL  0.000       0.000     0.000                                       
g1:IDR2:IDL  0.000       0.000     0.000    -0.500                             
S1:IDR1:IDL  0.000       0.000     0.000     0.000    0.000                    
S2:IDR1:IDL  0.000       0.000     0.000     0.000    0.000   -0.500           
S1:IDR2:IDL  0.000       0.000     0.000     0.000    0.000   -0.500    0.250  
S2:IDR2:IDL  0.000       0.000     0.000     0.000    0.000    0.250   -0.500  
g1:S1:IDR1:  0.000       0.000     0.000     0.000    0.000    0.000    0.000  
g1:S2:IDR1:  0.000       0.000     0.000     0.000    0.000    0.000    0.000  
g1:S1:IDR2:  0.000       0.000     0.000     0.000    0.000    0.000    0.000  
g1:S2:IDR2:  0.000       0.000     0.000     0.000    0.000    0.000    0.000  
            S1:IDR2: S2:IDR2: g1:S1:IDR1: g1:S2:IDR1: g1:S1:IDR2:
grp1                                                             
S1                                                               
S2                                                               
IDR1                                                             
IDR2                                                             
IDL1                                                             
grp1:S1                                                          
grp1:S2                                                          
grp1:IDR1                                                        
grp1:IDR2                                                        
S1:IDR1                                                          
S2:IDR1                                                          
S1:IDR2                                                          
S2:IDR2                                                          
grp1:IDL1                                                        
S1:IDL1                                                          
S2:IDL1                                                          
IDR1:IDL1                                                        
IDR2:IDL1                                                        
gr1:S1:IDR1                                                      
gr1:S2:IDR1                                                      
gr1:S1:IDR2                                                      
gr1:S2:IDR2                                                      
gr1:S1:IDL1                                                      
gr1:S2:IDL1                                                      
g1:IDR1:IDL                                                      
g1:IDR2:IDL                                                      
S1:IDR1:IDL                                                      
S2:IDR1:IDL                                                      
S1:IDR2:IDL                                                      
S2:IDR2:IDL -0.500                                               
g1:S1:IDR1:  0.000    0.000                                      
g1:S2:IDR1:  0.000    0.000   -0.500                             
g1:S1:IDR2:  0.000    0.000   -0.500       0.250                 
g1:S2:IDR2:  0.000    0.000    0.250      -0.500      -0.500     
