[1] "Summary by group"
  grp peakVelRrel.m peakVelRrel.s
1   C     0.8304559     0.3156149
2   U     0.7482392     0.3686591
[1] "Summary by session\n"
  S peakVelRrel.m peakVelRrel.s
1 1     0.7873999     0.3587590
2 2     0.7802984     0.3223447
3 3     0.8003443     0.3552709
[1] "Summary by IDR+IDR\n"
  IDL IDR peakVelRrel.m peakVelRrel.s
1   D   D     0.8049461     0.2287961
2   D   M     0.6708113     0.2015475
3   D   E     0.5497875     0.3729350
4   E   D     0.8911939     0.2658856
5   E   M     0.8494858     0.2480527
6   E   E     0.9698608     0.4881104
[1] "Summary by group + Session\n"
  grp S peakVelRrel.m peakVelRrel.s
1   C 1     0.8307193     0.2796102
2   C 2     0.8315756     0.3304406
3   C 3     0.8290728     0.3371954
4   U 1     0.7440805     0.4205770
5   U 2     0.7290213     0.3073614
6   U 3     0.7716159     0.3721332
[1] "Summary by Session + IDR + IDL \n"
   S IDL IDR peakVelRrel.m peakVelRrel.s
1  1   D   D     0.7547383     0.2412303
2  1   D   M     0.6849100     0.2446570
3  1   D   E     0.6024502     0.5141457
4  1   E   D     0.9008722     0.2473796
5  1   E   M     0.8713378     0.1830180
6  1   E   E     0.9100907     0.4835448
7  2   D   D     0.7958710     0.1409004
8  2   D   M     0.6590014     0.2070844
9  2   D   E     0.5113867     0.2980418
10 2   E   D     0.8856366     0.2031585
11 2   E   M     0.8943004     0.3051907
12 2   E   E     0.9355944     0.4639192
13 3   D   D     0.8642288     0.2761875
14 3   D   M     0.6685225     0.1468651
15 3   D   E     0.5355258     0.2627809
16 3   E   D     0.8870727     0.3381486
17 3   E   M     0.7828190     0.2345797
18 3   E   E     1.0638972     0.5177759
[1] "Summary by group + IDR + IDL\n"
   grp IDL IDR peakVelRrel.m peakVelRrel.s
1    C   D   D     0.8607261     0.1762794
2    C   D   M     0.6708905     0.1241991
3    C   D   E     0.4707975     0.1353817
4    C   E   D     1.0090682     0.2068709
5    C   E   M     0.9668700     0.1971909
6    C   E   E     1.0043830     0.4697022
7    U   D   D     0.7491660     0.2616224
8    U   D   M     0.6707321     0.2583420
9    U   D   E     0.6287776     0.5002313
10   U   E   D     0.7733196     0.2679201
11   U   E   M     0.7321015     0.2395621
12   U   E   E     0.9353386     0.5087833
[1] "Summary by group + Session + IDR + IDL\n"
   grp S IDL IDR peakVelRrel.m peakVelRrel.s
1    C 1   D   D     0.8471193    0.17813603
2    C 1   D   M     0.7367033    0.13411924
3    C 1   D   E     0.5344497    0.17220905
4    C 1   E   D     1.0254859    0.18527143
5    C 1   E   M     0.9546777    0.11178273
6    C 1   E   E     0.8858797    0.45458241
7    C 2   D   D     0.8569446    0.08841003
8    C 2   D   M     0.6437981    0.11828628
9    C 2   D   E     0.4396095    0.12064954
10   C 2   E   D     0.9897416    0.17767276
11   C 2   E   M     1.0152889    0.28734423
12   C 2   E   E     1.0440705    0.47876897
13   C 3   D   D     0.8781145    0.23995019
14   C 3   D   M     0.6321702    0.09729724
15   C 3   D   E     0.4383333    0.08293558
16   C 3   E   D     1.0119769    0.26059401
17   C 3   E   M     0.9306434    0.15188245
18   C 3   E   E     1.0831988    0.48386308
19   U 1   D   D     0.6623574    0.26555710
20   U 1   D   M     0.6331167    0.31662798
21   U 1   D   E     0.6704507    0.71274738
22   U 1   E   D     0.7762586    0.24323551
23   U 1   E   M     0.7879979    0.20495125
24   U 1   E   E     0.9343018    0.52576701
25   U 2   D   D     0.7347974    0.15910610
26   U 2   D   M     0.6742047    0.27266106
27   U 2   D   E     0.5831639    0.39800314
28   U 2   E   D     0.7815316    0.17522358
29   U 2   E   M     0.7733119    0.28107181
30   U 2   E   E     0.8271183    0.43747011
31   U 3   D   D     0.8503431    0.31625686
32   U 3   D   M     0.7048748    0.17994689
33   U 3   D   E     0.6327183    0.34046943
34   U 3   E   D     0.7621686    0.36812553
35   U 3   E   M     0.6349946    0.20998015
36   U 3   E   E     1.0445957    0.56604890
