[1] "fLrel ~S*IDR*IDL*grp + Error(pp/(S*IDR*IDL))"
$ANOVA
          Effect DFn DFd          F            p p<.05          ges
2            grp   1   8  0.1882685 6.758254e-01       0.0111450768
3              S   2  16  1.1637498 3.373915e-01       0.0103867785
4          grp:S   2  16  1.1044210 3.553867e-01       0.0098624764
5            IDR   2  16 45.6457313 2.445899e-07     * 0.1710661004
6        grp:IDR   2  16  5.2391070 1.777667e-02     * 0.0231384451
7            IDL   1   8  0.7257346 4.190392e-01       0.0272248821
8        grp:IDL   1   8  0.9580506 3.563462e-01       0.0356293710
9          S:IDR   4  32  0.6159635 6.542951e-01       0.0012734777
10     grp:S:IDR   4  32  2.4647312 6.488836e-02       0.0050763214
11         S:IDL   2  16  0.9849105 3.950116e-01       0.0041543484
12     grp:S:IDL   2  16  1.7960818 1.978339e-01       0.0075500330
13       IDR:IDL   2  16 15.0700279 2.090908e-04     * 0.0623599139
14   grp:IDR:IDL   2  16  0.6401293 5.402042e-01       0.0028170710
15     S:IDR:IDL   4  32  2.1941631 9.195357e-02       0.0050487246
16 grp:S:IDR:IDL   4  32  0.2864105 8.846150e-01       0.0006619304

$`Mauchly's Test for Sphericity`
          Effect          W          p p<.05
3              S 0.93224719 0.78227379      
4          grp:S 0.93224719 0.78227379      
5            IDR 0.43625536 0.05483940      
6        grp:IDR 0.43625536 0.05483940      
9          S:IDR 0.28298568 0.54071272      
10     grp:S:IDR 0.28298568 0.54071272      
11         S:IDL 0.83469712 0.53131393      
12     grp:S:IDL 0.83469712 0.53131393      
13       IDR:IDL 0.41658027 0.04666008     *
14   grp:IDR:IDL 0.41658027 0.04666008     *
15     S:IDR:IDL 0.07583735 0.06499156      
16 grp:S:IDR:IDL 0.07583735 0.06499156      

$`Sphericity Corrections`
          Effect       GGe        p[GG] p[GG]<.05       HFe        p[HF]
3              S 0.9365463 3.357316e-01           1.2125069 3.373915e-01
4          grp:S 0.9365463 3.530628e-01           1.2125069 3.553867e-01
5            IDR 0.6394906 2.398355e-05         * 0.7075438 1.004486e-05
6        grp:IDR 0.6394906 3.808982e-02         * 0.7075438 3.294392e-02
9          S:IDR 0.5873906 5.756485e-01           0.8471052 6.294133e-01
10     grp:S:IDR 0.5873906 1.051533e-01           0.8471052 7.744399e-02
11         S:IDL 0.8581460 3.859936e-01           1.0699596 3.950116e-01
12     grp:S:IDL 0.8581460 2.043028e-01           1.0699596 1.978339e-01
13       IDR:IDL 0.6315445 2.039775e-03         * 0.6952594 1.370845e-03
14   grp:IDR:IDL 0.6315445 4.778937e-01           0.6952594 4.908076e-01
15     S:IDR:IDL 0.5076618 1.428690e-01           0.6816412 1.221720e-01
16 grp:S:IDR:IDL 0.5076618 7.578661e-01           0.6816412 8.167041e-01
   p[HF]<.05
3           
4           
5          *
6          *
9           
10          
11          
12          
13         *
14          
15          
16          

