                  Estimate MCMCmean HPD95lower HPD95upper pMCMC Pr(>|t|)
(Intercept)         0.6961   0.6953     0.6021     0.7941 0.001   0.0000
grp1                0.0327   0.0331    -0.0645     0.1249 0.510   0.6645
S1                 -0.0442  -0.0437    -0.0855    -0.0065 0.044   0.1317
S2                  0.0165   0.0163    -0.0226     0.0579 0.408   0.5721
IDR1               -0.1553  -0.1552    -0.1885    -0.1214 0.001   0.0000
IDR2               -0.0287  -0.0294    -0.0620     0.0039 0.080   0.1668
IDL1                0.0516   0.0518     0.0052     0.1004 0.028   0.3947
grp1:S1            -0.0389  -0.0393    -0.0811     0.0004 0.064   0.1846
grp1:S2             0.0363   0.0369    -0.0037     0.0789 0.074   0.2151
grp1:IDR1          -0.0581  -0.0576    -0.0919    -0.0259 0.001   0.0052
grp1:IDR2           0.0001  -0.0006    -0.0341     0.0294 0.952   0.9960
S1:IDR1             0.0021   0.0021    -0.0246     0.0280 0.846   0.9180
S2:IDR1            -0.0031  -0.0036    -0.0282     0.0253 0.804   0.8772
S1:IDR2            -0.0050  -0.0045    -0.0320     0.0196 0.738   0.8050
S2:IDR2             0.0195   0.0194    -0.0044     0.0488 0.174   0.3370
grp1:IDL1           0.0592   0.0582     0.0085     0.1026 0.032   0.3281
S1:IDL1            -0.0047  -0.0045    -0.0233     0.0122 0.606   0.7450
S2:IDL1             0.0264   0.0264     0.0088     0.0455 0.012   0.0669
IDR1:IDL1           0.0755   0.0752     0.0581     0.0949 0.001   0.0000
IDR2:IDL1           0.0343   0.0343     0.0157     0.0516 0.001   0.0173
grp1:S1:IDR1        0.0341   0.0344     0.0101     0.0610 0.010   0.0940
grp1:S2:IDR1       -0.0203  -0.0199    -0.0460     0.0050 0.140   0.3182
grp1:S1:IDR2        0.0058   0.0048    -0.0215     0.0331 0.710   0.7736
grp1:S2:IDR2       -0.0073  -0.0073    -0.0345     0.0194 0.590   0.7188
grp1:S1:IDL1       -0.0259  -0.0258    -0.0441    -0.0072 0.010   0.0724
grp1:S2:IDL1       -0.0112  -0.0115    -0.0303     0.0083 0.244   0.4356
grp1:IDR1:IDL1      0.0173   0.0176    -0.0027     0.0351 0.088   0.2278
grp1:IDR2:IDL1      0.0046   0.0042    -0.0150     0.0222 0.662   0.7475
S1:IDR1:IDL1       -0.0290  -0.0284    -0.0563    -0.0039 0.030   0.1537
S2:IDR1:IDL1        0.0063   0.0066    -0.0192     0.0316 0.602   0.7568
S1:IDR2:IDL1       -0.0089  -0.0094    -0.0385     0.0140 0.470   0.6626
S2:IDR2:IDL1       -0.0037  -0.0038    -0.0276     0.0225 0.766   0.8551
grp1:S1:IDR1:IDL1  -0.0106  -0.0107    -0.0380     0.0147 0.440   0.6009
grp1:S2:IDR1:IDL1   0.0151   0.0152    -0.0139     0.0390 0.276   0.4569
grp1:S1:IDR2:IDL1   0.0031   0.0036    -0.0224     0.0324 0.798   0.8770
grp1:S2:IDR2:IDL1  -0.0080  -0.0079    -0.0338     0.0180 0.544   0.6939
NULL
       Length Class      Mode
fixed  6      data.frame list
random 7      data.frame list
Analysis of Variance Table
              Df  Sum Sq  Mean Sq F value
grp            1 0.00111 0.001107  0.1884
S              2 0.01368 0.006840  1.1636
IDR            2 0.53665 0.268327 45.6474
IDL            1 0.00426 0.004263  0.7252
grp:S          2 0.01298 0.006491  1.1043
grp:IDR        2 0.06160 0.030798  5.2393
S:IDR          4 0.00690 0.001726  0.2935
grp:IDL        1 0.00563 0.005627  0.9573
S:IDL          2 0.02258 0.011290  1.9207
IDR:IDL        2 0.36000 0.179999 30.6213
grp:S:IDR      4 0.02762 0.006904  1.1746
grp:S:IDL      2 0.04118 0.020589  3.5026
grp:IDR:IDL    2 0.01529 0.007646  1.3007
S:IDR:IDL      4 0.02747 0.006867  1.1682
grp:S:IDR:IDL  4 0.00359 0.000896  0.1525
Linear mixed model fit by REML 
Formula: get(vname) ~ (1 | pp) + (1 | pp/S) + (1 | pp/IDR) + (1 | pp/IDL) +      (1 | pp/S:IDR:IDL) + grp * S * IDR * IDL 
   Data: mdata 
    AIC  BIC logLik deviance REMLdev
 -447.4 -250  269.7   -754.8  -539.4
Random effects:
 Groups       Name        Variance  Std.Dev.
 S:IDR:IDL:pp (Intercept) 0.0166058 0.128863
 IDR:pp       (Intercept) 0.0033467 0.057851
 S:pp         (Intercept) 0.0097545 0.098765
 IDL:pp       (Intercept) 0.0711889 0.266813
 pp           (Intercept) 0.0031728 0.056327
 pp           (Intercept) 0.0031728 0.056327
 pp           (Intercept) 0.0031728 0.056328
 pp           (Intercept) 0.0031728 0.056328
 pp           (Intercept) 0.0031728 0.056328
 Residual                 0.0058782 0.076670
Number of obs: 540, groups: S:IDR:IDL:pp, 180; IDR:pp, 30; S:pp, 30; IDL:pp, 20; pp, 10

Fixed effects:
                   Estimate Std. Error t value
(Intercept)        0.696101   0.075404   9.232
grp1               0.032718   0.075404   0.434
S1                -0.044189   0.029267  -1.510
S2                 0.016548   0.029267   0.565
IDR1              -0.155307   0.020722  -7.495
IDR2              -0.028694   0.020722  -1.385
IDL1               0.051556   0.060519   0.852
grp1:S1           -0.038885   0.029267  -1.329
grp1:S2            0.036324   0.029267   1.241
grp1:IDR1         -0.058141   0.020722  -2.806
grp1:IDR2          0.000103   0.020722   0.005
S1:IDR1            0.002091   0.020312   0.103
S2:IDR1           -0.003141   0.020312  -0.155
S1:IDR2           -0.005017   0.020312  -0.247
S2:IDR2            0.019522   0.020312   0.961
grp1:IDL1          0.059236   0.060519   0.979
S1:IDL1           -0.004673   0.014362  -0.325
S2:IDL1            0.026377   0.014362   1.837
IDR1:IDL1          0.075546   0.014362   5.260
IDR2:IDL1          0.034299   0.014362   2.388
grp1:S1:IDR1       0.034079   0.020312   1.678
grp1:S2:IDR1      -0.020293   0.020312  -0.999
grp1:S1:IDR2       0.005846   0.020312   0.288
grp1:S2:IDR2      -0.007318   0.020312  -0.360
grp1:S1:IDL1      -0.025855   0.014362  -1.800
grp1:S2:IDL1      -0.011206   0.014362  -0.780
grp1:IDR1:IDL1     0.017344   0.014362   1.208
grp1:IDR2:IDL1     0.004627   0.014362   0.322
S1:IDR1:IDL1      -0.029020   0.020312  -1.429
S2:IDR1:IDL1       0.006293   0.020312   0.310
S1:IDR2:IDL1      -0.008868   0.020312  -0.437
S2:IDR2:IDL1      -0.003710   0.020312  -0.183
grp1:S1:IDR1:IDL1 -0.010631   0.020312  -0.523
grp1:S2:IDR1:IDL1  0.015121   0.020312   0.744
grp1:S1:IDR2:IDL1  0.003145   0.020312   0.155
grp1:S2:IDR2:IDL1 -0.008000   0.020312  -0.394

Correlation of Fixed Effects:
            (Intr) grp1   S1     S2     IDR1   IDR2   IDL1   gr1:S1 gr1:S2
grp1         0.000                                                        
S1           0.000  0.000                                                 
S2           0.000  0.000 -0.500                                          
IDR1         0.000  0.000  0.000  0.000                                   
IDR2         0.000  0.000  0.000  0.000 -0.500                            
IDL1         0.000  0.000  0.000  0.000  0.000  0.000                     
grp1:S1      0.000  0.000  0.000  0.000  0.000  0.000  0.000              
grp1:S2      0.000  0.000  0.000  0.000  0.000  0.000  0.000 -0.500       
grp1:IDR1    0.000  0.000  0.000  0.000  0.000  0.000  0.000  0.000  0.000
grp1:IDR2    0.000  0.000  0.000  0.000  0.000  0.000  0.000  0.000  0.000
S1:IDR1      0.000  0.000  0.000  0.000  0.000  0.000  0.000  0.000  0.000
S2:IDR1      0.000  0.000  0.000  0.000  0.000  0.000  0.000  0.000  0.000
S1:IDR2      0.000  0.000  0.000  0.000  0.000  0.000  0.000  0.000  0.000
S2:IDR2      0.000  0.000  0.000  0.000  0.000  0.000  0.000  0.000  0.000
grp1:IDL1    0.000  0.000  0.000  0.000  0.000  0.000  0.000  0.000  0.000
S1:IDL1      0.000  0.000  0.000  0.000  0.000  0.000  0.000  0.000  0.000
S2:IDL1      0.000  0.000  0.000  0.000  0.000  0.000  0.000  0.000  0.000
IDR1:IDL1    0.000  0.000  0.000  0.000  0.000  0.000  0.000  0.000  0.000
IDR2:IDL1    0.000  0.000  0.000  0.000  0.000  0.000  0.000  0.000  0.000
gr1:S1:IDR1  0.000  0.000  0.000  0.000  0.000  0.000  0.000  0.000  0.000
gr1:S2:IDR1  0.000  0.000  0.000  0.000  0.000  0.000  0.000  0.000  0.000
gr1:S1:IDR2  0.000  0.000  0.000  0.000  0.000  0.000  0.000  0.000  0.000
gr1:S2:IDR2  0.000  0.000  0.000  0.000  0.000  0.000  0.000  0.000  0.000
gr1:S1:IDL1  0.000  0.000  0.000  0.000  0.000  0.000  0.000  0.000  0.000
gr1:S2:IDL1  0.000  0.000  0.000  0.000  0.000  0.000  0.000  0.000  0.000
g1:IDR1:IDL  0.000  0.000  0.000  0.000  0.000  0.000  0.000  0.000  0.000
g1:IDR2:IDL  0.000  0.000  0.000  0.000  0.000  0.000  0.000  0.000  0.000
S1:IDR1:IDL  0.000  0.000  0.000  0.000  0.000  0.000  0.000  0.000  0.000
S2:IDR1:IDL  0.000  0.000  0.000  0.000  0.000  0.000  0.000  0.000  0.000
S1:IDR2:IDL  0.000  0.000  0.000  0.000  0.000  0.000  0.000  0.000  0.000
S2:IDR2:IDL  0.000  0.000  0.000  0.000  0.000  0.000  0.000  0.000  0.000
g1:S1:IDR1:  0.000  0.000  0.000  0.000  0.000  0.000  0.000  0.000  0.000
g1:S2:IDR1:  0.000  0.000  0.000  0.000  0.000  0.000  0.000  0.000  0.000
g1:S1:IDR2:  0.000  0.000  0.000  0.000  0.000  0.000  0.000  0.000  0.000
g1:S2:IDR2:  0.000  0.000  0.000  0.000  0.000  0.000  0.000  0.000  0.000
            gr1:IDR1 gr1:IDR2 S1:IDR1 S2:IDR1 S1:IDR2 S2:IDR2 g1:IDL S1:IDL
grp1                                                                       
S1                                                                         
S2                                                                         
IDR1                                                                       
IDR2                                                                       
IDL1                                                                       
grp1:S1                                                                    
grp1:S2                                                                    
grp1:IDR1                                                                  
grp1:IDR2   -0.500                                                         
S1:IDR1      0.000    0.000                                                
S2:IDR1      0.000    0.000   -0.500                                       
S1:IDR2      0.000    0.000   -0.500   0.250                               
S2:IDR2      0.000    0.000    0.250  -0.500  -0.500                       
grp1:IDL1    0.000    0.000    0.000   0.000   0.000   0.000               
S1:IDL1      0.000    0.000    0.000   0.000   0.000   0.000   0.000       
S2:IDL1      0.000    0.000    0.000   0.000   0.000   0.000   0.000 -0.500
IDR1:IDL1    0.000    0.000    0.000   0.000   0.000   0.000   0.000  0.000
IDR2:IDL1    0.000    0.000    0.000   0.000   0.000   0.000   0.000  0.000
gr1:S1:IDR1  0.000    0.000    0.000   0.000   0.000   0.000   0.000  0.000
gr1:S2:IDR1  0.000    0.000    0.000   0.000   0.000   0.000   0.000  0.000
gr1:S1:IDR2  0.000    0.000    0.000   0.000   0.000   0.000   0.000  0.000
gr1:S2:IDR2  0.000    0.000    0.000   0.000   0.000   0.000   0.000  0.000
gr1:S1:IDL1  0.000    0.000    0.000   0.000   0.000   0.000   0.000  0.000
gr1:S2:IDL1  0.000    0.000    0.000   0.000   0.000   0.000   0.000  0.000
g1:IDR1:IDL  0.000    0.000    0.000   0.000   0.000   0.000   0.000  0.000
g1:IDR2:IDL  0.000    0.000    0.000   0.000   0.000   0.000   0.000  0.000
S1:IDR1:IDL  0.000    0.000    0.000   0.000   0.000   0.000   0.000  0.000
S2:IDR1:IDL  0.000    0.000    0.000   0.000   0.000   0.000   0.000  0.000
S1:IDR2:IDL  0.000    0.000    0.000   0.000   0.000   0.000   0.000  0.000
S2:IDR2:IDL  0.000    0.000    0.000   0.000   0.000   0.000   0.000  0.000
g1:S1:IDR1:  0.000    0.000    0.000   0.000   0.000   0.000   0.000  0.000
g1:S2:IDR1:  0.000    0.000    0.000   0.000   0.000   0.000   0.000  0.000
g1:S1:IDR2:  0.000    0.000    0.000   0.000   0.000   0.000   0.000  0.000
g1:S2:IDR2:  0.000    0.000    0.000   0.000   0.000   0.000   0.000  0.000
            S2:IDL IDR1:I IDR2:I gr1:S1:IDR1 gr1:S2:IDR1 gr1:S1:IDR2
grp1                                                                
S1                                                                  
S2                                                                  
IDR1                                                                
IDR2                                                                
IDL1                                                                
grp1:S1                                                             
grp1:S2                                                             
grp1:IDR1                                                           
grp1:IDR2                                                           
S1:IDR1                                                             
S2:IDR1                                                             
S1:IDR2                                                             
S2:IDR2                                                             
grp1:IDL1                                                           
S1:IDL1                                                             
S2:IDL1                                                             
IDR1:IDL1    0.000                                                  
IDR2:IDL1    0.000 -0.500                                           
gr1:S1:IDR1  0.000  0.000  0.000                                    
gr1:S2:IDR1  0.000  0.000  0.000 -0.500                             
gr1:S1:IDR2  0.000  0.000  0.000 -0.500       0.250                 
gr1:S2:IDR2  0.000  0.000  0.000  0.250      -0.500      -0.500     
gr1:S1:IDL1  0.000  0.000  0.000  0.000       0.000       0.000     
gr1:S2:IDL1  0.000  0.000  0.000  0.000       0.000       0.000     
g1:IDR1:IDL  0.000  0.000  0.000  0.000       0.000       0.000     
g1:IDR2:IDL  0.000  0.000  0.000  0.000       0.000       0.000     
S1:IDR1:IDL  0.000  0.000  0.000  0.000       0.000       0.000     
S2:IDR1:IDL  0.000  0.000  0.000  0.000       0.000       0.000     
S1:IDR2:IDL  0.000  0.000  0.000  0.000       0.000       0.000     
S2:IDR2:IDL  0.000  0.000  0.000  0.000       0.000       0.000     
g1:S1:IDR1:  0.000  0.000  0.000  0.000       0.000       0.000     
g1:S2:IDR1:  0.000  0.000  0.000  0.000       0.000       0.000     
g1:S1:IDR2:  0.000  0.000  0.000  0.000       0.000       0.000     
g1:S2:IDR2:  0.000  0.000  0.000  0.000       0.000       0.000     
            gr1:S2:IDR2 g1:S1:IDL g1:S2:IDL g1:IDR1: g1:IDR2: S1:IDR1: S2:IDR1:
grp1                                                                           
S1                                                                             
S2                                                                             
IDR1                                                                           
IDR2                                                                           
IDL1                                                                           
grp1:S1                                                                        
grp1:S2                                                                        
grp1:IDR1                                                                      
grp1:IDR2                                                                      
S1:IDR1                                                                        
S2:IDR1                                                                        
S1:IDR2                                                                        
S2:IDR2                                                                        
grp1:IDL1                                                                      
S1:IDL1                                                                        
S2:IDL1                                                                        
IDR1:IDL1                                                                      
IDR2:IDL1                                                                      
gr1:S1:IDR1                                                                    
gr1:S2:IDR1                                                                    
gr1:S1:IDR2                                                                    
gr1:S2:IDR2                                                                    
gr1:S1:IDL1  0.000                                                             
gr1:S2:IDL1  0.000      -0.500                                                 
g1:IDR1:IDL  0.000       0.000     0.000                                       
g1:IDR2:IDL  0.000       0.000     0.000    -0.500                             
S1:IDR1:IDL  0.000       0.000     0.000     0.000    0.000                    
S2:IDR1:IDL  0.000       0.000     0.000     0.000    0.000   -0.500           
S1:IDR2:IDL  0.000       0.000     0.000     0.000    0.000   -0.500    0.250  
S2:IDR2:IDL  0.000       0.000     0.000     0.000    0.000    0.250   -0.500  
g1:S1:IDR1:  0.000       0.000     0.000     0.000    0.000    0.000    0.000  
g1:S2:IDR1:  0.000       0.000     0.000     0.000    0.000    0.000    0.000  
g1:S1:IDR2:  0.000       0.000     0.000     0.000    0.000    0.000    0.000  
g1:S2:IDR2:  0.000       0.000     0.000     0.000    0.000    0.000    0.000  
            S1:IDR2: S2:IDR2: g1:S1:IDR1: g1:S2:IDR1: g1:S1:IDR2:
grp1                                                             
S1                                                               
S2                                                               
IDR1                                                             
IDR2                                                             
IDL1                                                             
grp1:S1                                                          
grp1:S2                                                          
grp1:IDR1                                                        
grp1:IDR2                                                        
S1:IDR1                                                          
S2:IDR1                                                          
S1:IDR2                                                          
S2:IDR2                                                          
grp1:IDL1                                                        
S1:IDL1                                                          
S2:IDL1                                                          
IDR1:IDL1                                                        
IDR2:IDL1                                                        
gr1:S1:IDR1                                                      
gr1:S2:IDR1                                                      
gr1:S1:IDR2                                                      
gr1:S2:IDR2                                                      
gr1:S1:IDL1                                                      
gr1:S2:IDL1                                                      
g1:IDR1:IDL                                                      
g1:IDR2:IDL                                                      
S1:IDR1:IDL                                                      
S2:IDR1:IDL                                                      
S1:IDR2:IDL                                                      
S2:IDR2:IDL -0.500                                               
g1:S1:IDR1:  0.000    0.000                                      
g1:S2:IDR1:  0.000    0.000   -0.500                             
g1:S1:IDR2:  0.000    0.000   -0.500       0.250                 
g1:S2:IDR2:  0.000    0.000    0.250      -0.500      -0.500     
