[1] "IPerfR ~(S*DID*grp)+Error(pp/(S*DID))+grp"
$ANOVA
     Effect DFn DFd          F            p p<.05         ges
2       grp   1   8  1.6514955 2.347103e-01       0.104520117
3         S   2  16 29.2951699 4.482282e-06     * 0.247654247
5       DID   2  16  0.7607588 4.834885e-01       0.017048354
4     grp:S   2  16  2.1090055 1.538340e-01       0.023149317
6   grp:DID   2  16  8.9389691 2.475279e-03     * 0.169292876
7     S:DID   4  32  0.4924871 7.412347e-01       0.009893694
8 grp:S:DID   4  32  1.4861997 2.295430e-01       0.029272268

$`Mauchly's Test for Sphericity`
     Effect          W           p p<.05
3         S 0.77071590 0.401911211      
4     grp:S 0.77071590 0.401911211      
5       DID 0.26384826 0.009434955     *
6   grp:DID 0.26384826 0.009434955     *
7     S:DID 0.01294057 0.001394443     *
8 grp:S:DID 0.01294057 0.001394443     *

$`Sphericity Corrections`
     Effect       GGe        p[GG] p[GG]<.05       HFe        p[HF] p[HF]<.05
3         S 0.8134816 2.809456e-05         * 0.9918873 4.853610e-06         *
4     grp:S 0.8134816 1.655358e-01           0.9918873 1.543337e-01          
5       DID 0.5759865 4.239124e-01           0.6109612 4.303172e-01          
6   grp:DID 0.5759865 1.283979e-02         * 0.6109612 1.118846e-02         *
7     S:DID 0.5238162 6.281383e-01           0.7137231 6.821462e-01          
8 grp:S:DID 0.5238162 2.548636e-01           0.7137231 2.454469e-01          

