[1] "Summary by group"
  grp IPerfR.m  IPerfR.s
1   C 2.829507 0.7412581
2   U 3.447850 1.4808547
[1] "Summary by session\n"
  S IPerfR.m  IPerfR.s
1 1 2.459038 0.9563038
2 2 3.237807 1.1429763
3 3 3.719190 1.1748409
[1] "Summary by DID\n"
  DID IPerfR.m  IPerfR.s
1   1 3.182994 0.6613822
2   2 3.257349 1.1353401
3   3 2.975691 1.6277185
[1] "Summary by group + Session\n"
  grp S IPerfR.m  IPerfR.s
1   C 1 2.326502 0.4900859
2   C 2 2.915887 0.6451568
3   C 3 3.246131 0.7569936
4   U 1 2.591573 1.2544737
5   U 2 3.559727 1.4192525
6   U 3 4.192249 1.3270610
[1] "Summary by Session + DID\n"
  S DID IPerfR.m  IPerfR.s
1 1   1 2.600367 0.4257944
2 1   2 2.570953 0.7325827
3 1   3 2.205793 1.4102052
4 2   1 3.317073 0.4773672
5 2   2 3.236963 1.0391044
6 2   3 3.159383 1.6397562
7 3   1 3.631543 0.5961333
8 3   2 3.964130 1.1553754
9 3   3 3.561897 1.5652700
[1] "Summary by group + DID\n"
  grp DID IPerfR.m  IPerfR.s
1   C   1 3.369233 0.6859981
2   C   2 2.957902 0.5487812
3   C   3 2.161384 0.3609631
4   U   1 2.996756 0.5858793
5   U   2 3.556796 1.4569545
6   U   3 3.789998 1.9678730
[1] "Summary by group + Session + DID\n"
   grp S DID IPerfR.m  IPerfR.s
1    C 1   1 2.731847 0.4349390
2    C 1   2 2.423867 0.2780541
3    C 1   3 1.823793 0.1772400
4    C 2   1 3.490000 0.4584563
5    C 2   2 3.019820 0.3440480
6    C 2   3 2.237840 0.3496887
7    C 3   1 3.885853 0.5854798
8    C 3   2 3.430020 0.4498149
9    C 3   3 2.422520 0.2331660
10   U 1   1 2.468887 0.3864406
11   U 1   2 2.718040 0.9939896
12   U 1   3 2.587793 1.9430125
13   U 2   1 3.144147 0.4447185
14   U 2   2 3.454107 1.4202791
15   U 2   3 4.080927 1.9046184
16   U 3   1 3.377233 0.5047386
17   U 3   2 4.498240 1.3969612
18   U 3   3 4.701273 1.4963177
