[1] "grp Tukey test"

	 Simultaneous Tests for General Linear Hypotheses

Multiple Comparisons of Means: Tukey Contrasts


Fit: lme.formula(fixed = q2 ~ S + ID + grp, data = mdata, random = ~1 | 
    pp)

Linear Hypotheses:
           Estimate Std. Error z value Pr(>|z|)  
U - C == 0  0.02473    0.01392   1.777   0.0756 .
---
Signif. codes:  0 ‘***’ 0.001 ‘**’ 0.01 ‘*’ 0.05 ‘.’ 0.1 ‘ ’ 1 
(Adjusted p values reported -- single-step method)

[1] "S Tukey test"

	 Simultaneous Tests for General Linear Hypotheses

Multiple Comparisons of Means: Tukey Contrasts


Fit: lme.formula(fixed = q2 ~ S + ID + grp, data = mdata, random = ~1 | 
    pp)

Linear Hypotheses:
           Estimate Std. Error z value Pr(>|z|)    
2 - 1 == 0 0.020382   0.008752   2.329   0.0519 .  
3 - 1 == 0 0.042809   0.008752   4.891   <0.001 ***
3 - 2 == 0 0.022427   0.008752   2.563   0.0280 *  
---
Signif. codes:  0 ‘***’ 0.001 ‘**’ 0.01 ‘*’ 0.05 ‘.’ 0.1 ‘ ’ 1 
(Adjusted p values reported -- single-step method)

[1] "ID Tukey test"

	 Simultaneous Tests for General Linear Hypotheses

Multiple Comparisons of Means: Tukey Contrasts


Fit: lme.formula(fixed = q2 ~ S + ID + grp, data = mdata, random = ~1 | 
    pp)

Linear Hypotheses:
           Estimate Std. Error z value Pr(>|z|)    
M - D == 0 0.107208   0.008752  12.250  < 1e-05 ***
E - D == 0 0.143913   0.008752  16.443  < 1e-05 ***
E - M == 0 0.036705   0.008752   4.194 7.56e-05 ***
---
Signif. codes:  0 ‘***’ 0.001 ‘**’ 0.01 ‘*’ 0.05 ‘.’ 0.1 ‘ ’ 1 
(Adjusted p values reported -- single-step method)

