[1] "Summary by group"
  grp      q2.m       q2.s
1   C 0.8002918 0.09322925
2   U 0.8250195 0.08247008
[1] "Summary by session\n"
  S      q2.m       q2.s
1 1 0.7915921 0.08719449
2 2 0.8119737 0.09412968
3 3 0.8344011 0.07999822
[1] "Summary by ID\n"
  ID      q2.m       q2.s
1  D 0.7289489 0.06965625
2  M 0.8361564 0.06337913
3  E 0.8728616 0.06009881
[1] "Summary by group + Session\n"
  grp S      q2.m       q2.s
1   C 1 0.7718991 0.09460184
2   C 2 0.8045362 0.09876579
3   C 3 0.8244400 0.07954046
4   U 1 0.8112851 0.07507187
5   U 2 0.8194111 0.08974596
6   U 3 0.8443622 0.08009516
[1] "Summary by Session + ID\n"
  S ID      q2.m       q2.s
1 1  D 0.7206397 0.06594510
2 1  M 0.7996243 0.05877970
3 1  E 0.8545123 0.07847998
4 2  D 0.7135893 0.07142579
5 2  M 0.8420913 0.06438512
6 2  E 0.8802403 0.04661029
7 3  D 0.7526177 0.06741806
8 3  M 0.8667537 0.04839160
9 3  E 0.8838320 0.04715869
[1] "Summary by group + ID\n"
  grp ID      q2.m       q2.s
1   C  D 0.7111091 0.06335263
2   C  M 0.8215560 0.06336812
3   C  E 0.8682102 0.07160008
4   U  D 0.7467887 0.07176156
5   U  M 0.8507569 0.06060996
6   U  E 0.8775129 0.04620604
[1] "Summary by group + Session + ID\n"
   grp S ID      q2.m       q2.s
1    C 1  D 0.7007853 0.06941974
2    C 1  M 0.7777440 0.05512666
3    C 1  E 0.8371680 0.10124063
4    C 2  D 0.6950007 0.06390124
5    C 2  M 0.8268620 0.05801828
6    C 2  E 0.8917460 0.04086805
7    C 3  D 0.7375413 0.05070295
8    C 3  M 0.8600620 0.05039591
9    C 3  E 0.8757167 0.05005896
10   U 1  D 0.7404940 0.05783024
11   U 1  M 0.8215047 0.05560627
12   U 1  E 0.8718567 0.04317242
13   U 2  D 0.7321780 0.07578841
14   U 2  M 0.8573207 0.06873042
15   U 2  E 0.8687347 0.05046135
16   U 3  D 0.7676940 0.07973202
17   U 3  M 0.8734453 0.04706441
18   U 3  E 0.8919473 0.04426863
