[1] "Summary by group"
  grp    d4D.m      d4D.s
1   C 1.193081 0.04235818
2   U 1.179090 0.04557592
[1] "Summary by session\n"
  S    d4D.m      d4D.s
1 1 1.165401 0.04183838
2 2 1.191779 0.04595578
3 3 1.201078 0.03771172
[1] "Summary by DID\n"
  DID    d4D.m      d4D.s
1   1 1.188960 0.04640913
2   2 1.189874 0.04400002
3   3 1.179423 0.04265813
[1] "Summary by group + Session\n"
  grp S    d4D.m      d4D.s
1   C 1 1.171420 0.03982500
2   C 2 1.198956 0.03913628
3   C 3 1.208869 0.03970444
4   U 1 1.159382 0.04336534
5   U 2 1.184602 0.05133096
6   U 3 1.193287 0.03429381
[1] "Summary by Session + DID\n"
  S DID    d4D.m      d4D.s
1 1   1 1.167470 0.04429440
2 1   2 1.161303 0.04906887
3 1   3 1.167430 0.03124526
4 2   1 1.199637 0.04782592
5 2   2 1.200650 0.03855882
6 2   3 1.175050 0.04767138
7 3   1 1.199773 0.04054653
8 3   2 1.207670 0.02747383
9 3   3 1.195790 0.04347562
[1] "Summary by group + DID\n"
  grp DID    d4D.m      d4D.s
1   C   1 1.186504 0.04254794
2   C   2 1.205338 0.03870192
3   C   3 1.187402 0.04387684
4   U   1 1.191416 0.05033790
5   U   2 1.174411 0.04392115
6   U   3 1.171444 0.04031617
[1] "Summary by group + Session + DID\n"
   grp S DID    d4D.m      d4D.s
1    C 1   1 1.161493 0.03872230
2    C 1   2 1.176493 0.05019433
3    C 1   3 1.176273 0.02841457
4    C 2   1 1.210487 0.02634653
5    C 2   2 1.217013 0.01842800
6    C 2   3 1.169367 0.04847828
7    C 3   1 1.187533 0.04699407
8    C 3   2 1.222507 0.02225124
9    C 3   3 1.216567 0.03873617
10   U 1   1 1.173447 0.04988156
11   U 1   2 1.146113 0.04442506
12   U 1   3 1.158587 0.03236197
13   U 2   1 1.188787 0.06157608
14   U 2   2 1.184287 0.04654465
15   U 2   3 1.180733 0.04783396
16   U 3   1 1.212013 0.02959717
17   U 3   2 1.192833 0.02442784
18   U 3   3 1.175013 0.03859755
