                  Estimate MCMCmean HPD95lower HPD95upper pMCMC Pr(>|t|)
(Intercept)         2.0090   2.0130     1.7169     2.3382 0.001   0.0000
grp1               -0.0991  -0.1012    -0.3734     0.1762 0.524   0.6600
S1                  0.0663   0.0683    -0.0556     0.2046 0.312   0.4677
S2                  0.0111   0.0076    -0.1287     0.1436 0.892   0.9036
IDR1               -0.5592  -0.5639    -0.7240    -0.3960 0.001   0.0012
IDR2               -0.0888  -0.0872    -0.2766     0.0680 0.304   0.6056
IDL1                0.5965   0.5973     0.4689     0.7144 0.001   0.0000
grp1:S1             0.0446   0.0437    -0.0829     0.1705 0.494   0.6248
grp1:S2            -0.0233  -0.0233    -0.1367     0.1056 0.704   0.7981
grp1:IDR1          -0.0109  -0.0070    -0.1753     0.1518 0.936   0.9492
grp1:IDR2          -0.0566  -0.0559    -0.2281     0.1194 0.524   0.7418
S1:IDR1             0.0150   0.0154    -0.0707     0.1059 0.744   0.8519
S2:IDR1            -0.0817  -0.0832    -0.1780     0.0144 0.086   0.3101
S1:IDR2            -0.0971  -0.0958    -0.1924    -0.0136 0.040   0.2275
S2:IDR2             0.0125   0.0118    -0.0853     0.1027 0.786   0.8764
grp1:IDL1           0.0905   0.0922    -0.0238     0.2169 0.126   0.3552
S1:IDL1             0.0894   0.0912     0.0286     0.1628 0.008   0.1164
S2:IDL1             0.0284   0.0257    -0.0459     0.0883 0.462   0.6173
IDR1:IDL1          -0.3834  -0.3845    -0.4512    -0.3248 0.001   0.0000
IDR2:IDL1          -0.1571  -0.1565    -0.2220    -0.0948 0.001   0.0059
grp1:S1:IDR1        0.0510   0.0499    -0.0522     0.1364 0.308   0.5264
grp1:S2:IDR1        0.0489   0.0516    -0.0366     0.1465 0.294   0.5437
grp1:S1:IDR2        0.0893   0.0908     0.0012     0.1846 0.062   0.2673
grp1:S2:IDR2       -0.0262  -0.0284    -0.1286     0.0633 0.570   0.7445
grp1:S1:IDL1       -0.1374  -0.1389    -0.2096    -0.0793 0.001   0.0160
grp1:S2:IDL1        0.0174   0.0183    -0.0464     0.0845 0.604   0.7594
grp1:IDR1:IDL1     -0.0682  -0.0683    -0.1278    -0.0058 0.030   0.2309
grp1:IDR2:IDL1      0.0540   0.0555    -0.0105     0.1209 0.106   0.3430
S1:IDR1:IDL1        0.0198   0.0212    -0.0705     0.1102 0.614   0.8058
S2:IDR1:IDL1       -0.0513  -0.0507    -0.1387     0.0382 0.252   0.5240
S1:IDR2:IDL1       -0.0015  -0.0002    -0.0924     0.0910 0.978   0.9850
S2:IDR2:IDL1        0.0472   0.0482    -0.0413     0.1365 0.310   0.5571
grp1:S1:IDR1:IDL1   0.0976   0.0982     0.0075     0.1909 0.050   0.2252
grp1:S2:IDR1:IDL1  -0.0261  -0.0259    -0.1201     0.0710 0.564   0.7460
grp1:S1:IDR2:IDL1   0.0183   0.0186    -0.0726     0.1153 0.686   0.8200
grp1:S2:IDR2:IDL1  -0.0365  -0.0375    -0.1325     0.0514 0.462   0.6500
NULL
       Length Class      Mode
fixed  6      data.frame list
random 7      data.frame list
Analysis of Variance Table
              Df Sum Sq Mean Sq F value
grp            1 0.0062 0.00617  0.1823
S              2 0.0285 0.01424  0.4206
IDR            2 0.5661 0.28304  8.3622
IDL            1 1.2604 1.26042 37.2383
grp:S          2 0.0081 0.00406  0.1198
grp:IDR        2 0.0060 0.00302  0.0892
S:IDR          4 0.1455 0.03638  1.0748
grp:IDL        1 0.0290 0.02899  0.8565
S:IDL          2 0.1584 0.07922  2.3404
IDR:IDL        2 3.2386 1.61928 47.8406
grp:S:IDR      4 0.1729 0.04323  1.2772
grp:S:IDL      2 0.2344 0.11720  3.4626
grp:IDR:IDL    2 0.0542 0.02710  0.8007
S:IDR:IDL      4 0.0207 0.00517  0.1528
grp:S:IDR:IDL  4 0.0873 0.02183  0.6451
Linear mixed model fit by REML 
Formula: get(vname) ~ (1 | pp) + (1 | pp/S) + (1 | pp/IDR) + (1 | pp/IDL) +      (1 | pp/S:IDR:IDL) + grp * S * IDR * IDL 
   Data: mdata 
   AIC   BIC logLik deviance REMLdev
 576.2 773.6 -242.1    367.1   484.2
Random effects:
 Groups       Name        Variance Std.Dev.
 S:IDR:IDL:pp (Intercept) 0.279556 0.52873 
 IDR:pp       (Intercept) 0.394210 0.62786 
 S:pp         (Intercept) 0.076330 0.27628 
 IDL:pp       (Intercept) 0.158807 0.39851 
 pp           (Intercept) 0.050811 0.22541 
 pp           (Intercept) 0.050812 0.22542 
 pp           (Intercept) 0.050813 0.22542 
 pp           (Intercept) 0.050813 0.22542 
 pp           (Intercept) 0.050813 0.22542 
 Residual                 0.033847 0.18398 
Number of obs: 540, groups: S:IDR:IDL:pp, 180; IDR:pp, 30; S:pp, 30; IDL:pp, 20; pp, 10

Fixed effects:
                  Estimate Std. Error t value
(Intercept)        2.00896    0.22504   8.927
grp1              -0.09905    0.22504  -0.440
S1                 0.06629    0.09122   0.727
S2                 0.01106    0.09122   0.121
IDR1              -0.55917    0.17179  -3.255
IDR2              -0.08876    0.17179  -0.517
IDL1               0.59654    0.09775   6.102
grp1:S1            0.04464    0.09122   0.489
grp1:S2           -0.02335    0.09122  -0.256
grp1:IDR1         -0.01094    0.17179  -0.064
grp1:IDR2         -0.05664    0.17179  -0.330
S1:IDR1            0.01502    0.08039   0.187
S2:IDR1           -0.08168    0.08039  -1.016
S1:IDR2           -0.09714    0.08039  -1.208
S2:IDR2            0.01251    0.08039   0.156
grp1:IDL1          0.09047    0.09775   0.925
S1:IDL1            0.08942    0.05685   1.573
S2:IDL1            0.02842    0.05685   0.500
IDR1:IDL1         -0.38336    0.05685  -6.744
IDR2:IDL1         -0.15714    0.05685  -2.764
grp1:S1:IDR1       0.05097    0.08039   0.634
grp1:S2:IDR1       0.04886    0.08039   0.608
grp1:S1:IDR2       0.08927    0.08039   1.110
grp1:S2:IDR2      -0.02621    0.08039  -0.326
grp1:S1:IDL1      -0.13738    0.05685  -2.417
grp1:S2:IDL1       0.01742    0.05685   0.306
grp1:IDR1:IDL1    -0.06818    0.05685  -1.199
grp1:IDR2:IDL1     0.05396    0.05685   0.949
S1:IDR1:IDL1       0.01977    0.08039   0.246
S2:IDR1:IDL1      -0.05126    0.08039  -0.638
S1:IDR2:IDL1      -0.00151    0.08039  -0.019
S2:IDR2:IDL1       0.04724    0.08039   0.588
grp1:S1:IDR1:IDL1  0.09761    0.08039   1.214
grp1:S2:IDR1:IDL1 -0.02606    0.08039  -0.324
grp1:S1:IDR2:IDL1  0.01830    0.08039   0.228
grp1:S2:IDR2:IDL1 -0.03650    0.08039  -0.454

Correlation of Fixed Effects:
            (Intr) grp1   S1     S2     IDR1   IDR2   IDL1   gr1:S1 gr1:S2
grp1         0.000                                                        
S1           0.000  0.000                                                 
S2           0.000  0.000 -0.500                                          
IDR1         0.000  0.000  0.000  0.000                                   
IDR2         0.000  0.000  0.000  0.000 -0.500                            
IDL1         0.000  0.000  0.000  0.000  0.000  0.000                     
grp1:S1      0.000  0.000  0.000  0.000  0.000  0.000  0.000              
grp1:S2      0.000  0.000  0.000  0.000  0.000  0.000  0.000 -0.500       
grp1:IDR1    0.000  0.000  0.000  0.000  0.000  0.000  0.000  0.000  0.000
grp1:IDR2    0.000  0.000  0.000  0.000  0.000  0.000  0.000  0.000  0.000
S1:IDR1      0.000  0.000  0.000  0.000  0.000  0.000  0.000  0.000  0.000
S2:IDR1      0.000  0.000  0.000  0.000  0.000  0.000  0.000  0.000  0.000
S1:IDR2      0.000  0.000  0.000  0.000  0.000  0.000  0.000  0.000  0.000
S2:IDR2      0.000  0.000  0.000  0.000  0.000  0.000  0.000  0.000  0.000
grp1:IDL1    0.000  0.000  0.000  0.000  0.000  0.000  0.000  0.000  0.000
S1:IDL1      0.000  0.000  0.000  0.000  0.000  0.000  0.000  0.000  0.000
S2:IDL1      0.000  0.000  0.000  0.000  0.000  0.000  0.000  0.000  0.000
IDR1:IDL1    0.000  0.000  0.000  0.000  0.000  0.000  0.000  0.000  0.000
IDR2:IDL1    0.000  0.000  0.000  0.000  0.000  0.000  0.000  0.000  0.000
gr1:S1:IDR1  0.000  0.000  0.000  0.000  0.000  0.000  0.000  0.000  0.000
gr1:S2:IDR1  0.000  0.000  0.000  0.000  0.000  0.000  0.000  0.000  0.000
gr1:S1:IDR2  0.000  0.000  0.000  0.000  0.000  0.000  0.000  0.000  0.000
gr1:S2:IDR2  0.000  0.000  0.000  0.000  0.000  0.000  0.000  0.000  0.000
gr1:S1:IDL1  0.000  0.000  0.000  0.000  0.000  0.000  0.000  0.000  0.000
gr1:S2:IDL1  0.000  0.000  0.000  0.000  0.000  0.000  0.000  0.000  0.000
g1:IDR1:IDL  0.000  0.000  0.000  0.000  0.000  0.000  0.000  0.000  0.000
g1:IDR2:IDL  0.000  0.000  0.000  0.000  0.000  0.000  0.000  0.000  0.000
S1:IDR1:IDL  0.000  0.000  0.000  0.000  0.000  0.000  0.000  0.000  0.000
S2:IDR1:IDL  0.000  0.000  0.000  0.000  0.000  0.000  0.000  0.000  0.000
S1:IDR2:IDL  0.000  0.000  0.000  0.000  0.000  0.000  0.000  0.000  0.000
S2:IDR2:IDL  0.000  0.000  0.000  0.000  0.000  0.000  0.000  0.000  0.000
g1:S1:IDR1:  0.000  0.000  0.000  0.000  0.000  0.000  0.000  0.000  0.000
g1:S2:IDR1:  0.000  0.000  0.000  0.000  0.000  0.000  0.000  0.000  0.000
g1:S1:IDR2:  0.000  0.000  0.000  0.000  0.000  0.000  0.000  0.000  0.000
g1:S2:IDR2:  0.000  0.000  0.000  0.000  0.000  0.000  0.000  0.000  0.000
            gr1:IDR1 gr1:IDR2 S1:IDR1 S2:IDR1 S1:IDR2 S2:IDR2 g1:IDL S1:IDL
grp1                                                                       
S1                                                                         
S2                                                                         
IDR1                                                                       
IDR2                                                                       
IDL1                                                                       
grp1:S1                                                                    
grp1:S2                                                                    
grp1:IDR1                                                                  
grp1:IDR2   -0.500                                                         
S1:IDR1      0.000    0.000                                                
S2:IDR1      0.000    0.000   -0.500                                       
S1:IDR2      0.000    0.000   -0.500   0.250                               
S2:IDR2      0.000    0.000    0.250  -0.500  -0.500                       
grp1:IDL1    0.000    0.000    0.000   0.000   0.000   0.000               
S1:IDL1      0.000    0.000    0.000   0.000   0.000   0.000   0.000       
S2:IDL1      0.000    0.000    0.000   0.000   0.000   0.000   0.000 -0.500
IDR1:IDL1    0.000    0.000    0.000   0.000   0.000   0.000   0.000  0.000
IDR2:IDL1    0.000    0.000    0.000   0.000   0.000   0.000   0.000  0.000
gr1:S1:IDR1  0.000    0.000    0.000   0.000   0.000   0.000   0.000  0.000
gr1:S2:IDR1  0.000    0.000    0.000   0.000   0.000   0.000   0.000  0.000
gr1:S1:IDR2  0.000    0.000    0.000   0.000   0.000   0.000   0.000  0.000
gr1:S2:IDR2  0.000    0.000    0.000   0.000   0.000   0.000   0.000  0.000
gr1:S1:IDL1  0.000    0.000    0.000   0.000   0.000   0.000   0.000  0.000
gr1:S2:IDL1  0.000    0.000    0.000   0.000   0.000   0.000   0.000  0.000
g1:IDR1:IDL  0.000    0.000    0.000   0.000   0.000   0.000   0.000  0.000
g1:IDR2:IDL  0.000    0.000    0.000   0.000   0.000   0.000   0.000  0.000
S1:IDR1:IDL  0.000    0.000    0.000   0.000   0.000   0.000   0.000  0.000
S2:IDR1:IDL  0.000    0.000    0.000   0.000   0.000   0.000   0.000  0.000
S1:IDR2:IDL  0.000    0.000    0.000   0.000   0.000   0.000   0.000  0.000
S2:IDR2:IDL  0.000    0.000    0.000   0.000   0.000   0.000   0.000  0.000
g1:S1:IDR1:  0.000    0.000    0.000   0.000   0.000   0.000   0.000  0.000
g1:S2:IDR1:  0.000    0.000    0.000   0.000   0.000   0.000   0.000  0.000
g1:S1:IDR2:  0.000    0.000    0.000   0.000   0.000   0.000   0.000  0.000
g1:S2:IDR2:  0.000    0.000    0.000   0.000   0.000   0.000   0.000  0.000
            S2:IDL IDR1:I IDR2:I gr1:S1:IDR1 gr1:S2:IDR1 gr1:S1:IDR2
grp1                                                                
S1                                                                  
S2                                                                  
IDR1                                                                
IDR2                                                                
IDL1                                                                
grp1:S1                                                             
grp1:S2                                                             
grp1:IDR1                                                           
grp1:IDR2                                                           
S1:IDR1                                                             
S2:IDR1                                                             
S1:IDR2                                                             
S2:IDR2                                                             
grp1:IDL1                                                           
S1:IDL1                                                             
S2:IDL1                                                             
IDR1:IDL1    0.000                                                  
IDR2:IDL1    0.000 -0.500                                           
gr1:S1:IDR1  0.000  0.000  0.000                                    
gr1:S2:IDR1  0.000  0.000  0.000 -0.500                             
gr1:S1:IDR2  0.000  0.000  0.000 -0.500       0.250                 
gr1:S2:IDR2  0.000  0.000  0.000  0.250      -0.500      -0.500     
gr1:S1:IDL1  0.000  0.000  0.000  0.000       0.000       0.000     
gr1:S2:IDL1  0.000  0.000  0.000  0.000       0.000       0.000     
g1:IDR1:IDL  0.000  0.000  0.000  0.000       0.000       0.000     
g1:IDR2:IDL  0.000  0.000  0.000  0.000       0.000       0.000     
S1:IDR1:IDL  0.000  0.000  0.000  0.000       0.000       0.000     
S2:IDR1:IDL  0.000  0.000  0.000  0.000       0.000       0.000     
S1:IDR2:IDL  0.000  0.000  0.000  0.000       0.000       0.000     
S2:IDR2:IDL  0.000  0.000  0.000  0.000       0.000       0.000     
g1:S1:IDR1:  0.000  0.000  0.000  0.000       0.000       0.000     
g1:S2:IDR1:  0.000  0.000  0.000  0.000       0.000       0.000     
g1:S1:IDR2:  0.000  0.000  0.000  0.000       0.000       0.000     
g1:S2:IDR2:  0.000  0.000  0.000  0.000       0.000       0.000     
            gr1:S2:IDR2 g1:S1:IDL g1:S2:IDL g1:IDR1: g1:IDR2: S1:IDR1: S2:IDR1:
grp1                                                                           
S1                                                                             
S2                                                                             
IDR1                                                                           
IDR2                                                                           
IDL1                                                                           
grp1:S1                                                                        
grp1:S2                                                                        
grp1:IDR1                                                                      
grp1:IDR2                                                                      
S1:IDR1                                                                        
S2:IDR1                                                                        
S1:IDR2                                                                        
S2:IDR2                                                                        
grp1:IDL1                                                                      
S1:IDL1                                                                        
S2:IDL1                                                                        
IDR1:IDL1                                                                      
IDR2:IDL1                                                                      
gr1:S1:IDR1                                                                    
gr1:S2:IDR1                                                                    
gr1:S1:IDR2                                                                    
gr1:S2:IDR2                                                                    
gr1:S1:IDL1  0.000                                                             
gr1:S2:IDL1  0.000      -0.500                                                 
g1:IDR1:IDL  0.000       0.000     0.000                                       
g1:IDR2:IDL  0.000       0.000     0.000    -0.500                             
S1:IDR1:IDL  0.000       0.000     0.000     0.000    0.000                    
S2:IDR1:IDL  0.000       0.000     0.000     0.000    0.000   -0.500           
S1:IDR2:IDL  0.000       0.000     0.000     0.000    0.000   -0.500    0.250  
S2:IDR2:IDL  0.000       0.000     0.000     0.000    0.000    0.250   -0.500  
g1:S1:IDR1:  0.000       0.000     0.000     0.000    0.000    0.000    0.000  
g1:S2:IDR1:  0.000       0.000     0.000     0.000    0.000    0.000    0.000  
g1:S1:IDR2:  0.000       0.000     0.000     0.000    0.000    0.000    0.000  
g1:S2:IDR2:  0.000       0.000     0.000     0.000    0.000    0.000    0.000  
            S1:IDR2: S2:IDR2: g1:S1:IDR1: g1:S2:IDR1: g1:S1:IDR2:
grp1                                                             
S1                                                               
S2                                                               
IDR1                                                             
IDR2                                                             
IDL1                                                             
grp1:S1                                                          
grp1:S2                                                          
grp1:IDR1                                                        
grp1:IDR2                                                        
S1:IDR1                                                          
S2:IDR1                                                          
S1:IDR2                                                          
S2:IDR2                                                          
grp1:IDL1                                                        
S1:IDL1                                                          
S2:IDL1                                                          
IDR1:IDL1                                                        
IDR2:IDL1                                                        
gr1:S1:IDR1                                                      
gr1:S2:IDR1                                                      
gr1:S1:IDR2                                                      
gr1:S2:IDR2                                                      
gr1:S1:IDL1                                                      
gr1:S2:IDL1                                                      
g1:IDR1:IDL                                                      
g1:IDR2:IDL                                                      
S1:IDR1:IDL                                                      
S2:IDR1:IDL                                                      
S1:IDR2:IDL                                                      
S2:IDR2:IDL -0.500                                               
g1:S1:IDR1:  0.000    0.000                                      
g1:S2:IDR1:  0.000    0.000   -0.500                             
g1:S1:IDR2:  0.000    0.000   -0.500       0.250                 
g1:S2:IDR2:  0.000    0.000    0.250      -0.500      -0.500     
