[1] "Summary by group"
  grp MTRrel.m MTRrel.s
1   C 1.909912 1.163557
2   U 2.108018 1.487202
[1] "Summary by session\n"
  S MTRrel.m MTRrel.s
1 1 2.075252 1.304214
2 2 2.020023 1.441596
3 3 1.931619 1.264230
[1] "Summary by IDR+IDR\n"
  IDL IDR MTRrel.m  MTRrel.s
1   D   D 1.662972 0.4054622
2   D   M 2.359600 0.8698801
3   D   E 3.793928 1.9675978
4   E   D 1.236614 0.3631928
5   E   M 1.480817 0.7241984
6   E   E 1.519859 0.8905961
[1] "Summary by group + Session\n"
  grp S MTRrel.m MTRrel.s
1   C 1 2.020840 1.069289
2   C 2 1.897624 1.261952
3   C 3 1.811272 1.154852
4   U 1 2.129665 1.507214
5   U 2 2.142423 1.599039
6   U 3 2.051966 1.360713
[1] "Summary by Session + IDR + IDL \n"
   S IDL IDR MTRrel.m  MTRrel.s
1  1   D   D 1.853470 0.3511526
2  1   D   M 2.416654 0.7322835
3  1   D   E 4.013491 1.8478812
4  1   E   D 1.208735 0.2006577
5  1   E   M 1.362056 0.3220631
6  1   E   E 1.597110 0.8268703
7  2   D   D 1.569509 0.3316435
8  2   D   M 2.458823 1.0316580
9  2   D   E 3.906613 2.1605867
10 2   E   D 1.188829 0.3204524
11 2   E   M 1.428721 0.8108923
12 2   E   E 1.567645 0.9195751
13 3   D   D 1.565937 0.4635982
14 3   D   M 2.203322 0.8263688
15 3   D   E 3.461682 1.9029764
16 3   E   D 1.312278 0.5027745
17 3   E   M 1.651673 0.8948142
18 3   E   E 1.394822 0.9381595
[1] "Summary by group + IDR + IDL\n"
   grp IDL IDR MTRrel.m  MTRrel.s
1    C   D   D 1.575266 0.2737234
2    C   D   M 2.348339 0.4892564
3    C   D   E 3.867152 1.1752073
4    C   E   D 1.104328 0.1958679
5    C   E   M 1.180699 0.3483990
6    C   E   E 1.383688 0.8379434
7    U   D   D 1.750679 0.4918094
8    U   D   M 2.370860 1.1361995
9    U   D   E 3.720704 2.5374771
10   U   E   D 1.368901 0.4389268
11   U   E   M 1.780935 0.8690390
12   U   E   E 1.656030 0.9296624
[1] "Summary by group + Session + IDR + IDL\n"
   grp S IDL IDR MTRrel.m  MTRrel.s
1    C 1   D   D 1.821607 0.2284444
2    C 1   D   M 2.420224 0.4465389
3    C 1   D   E 3.737819 1.1757953
4    C 1   E   D 1.211826 0.1345582
5    C 1   E   M 1.314928 0.1937975
6    C 1   E   E 1.618636 0.8935193
7    C 2   D   D 1.498672 0.2478156
8    C 2   D   M 2.378913 0.6462536
9    C 2   D   E 4.013826 1.3203104
10   C 2   E   D 1.090691 0.2562506
11   C 2   E   M 1.098130 0.4583914
12   C 2   E   E 1.305510 0.8067096
13   C 3   D   D 1.405518 0.1403591
14   C 3   D   M 2.245880 0.3427608
15   C 3   D   E 3.849812 1.0833424
16   C 3   E   D 1.010466 0.1215866
17   C 3   E   M 1.129038 0.3230129
18   C 3   E   E 1.226917 0.8158264
19   U 1   D   D 1.885333 0.4483991
20   U 1   D   M 2.413084 0.9546501
21   U 1   D   E 4.289163 2.3511474
22   U 1   E   D 1.205644 0.2554928
23   U 1   E   M 1.409184 0.4153809
24   U 1   E   E 1.575583 0.7854272
25   U 2   D   D 1.640347 0.3945450
26   U 2   D   M 2.538733 1.3316652
27   U 2   D   E 3.799399 2.8110242
28   U 2   E   D 1.286967 0.3555449
29   U 2   E   M 1.759312 0.9579895
30   U 2   E   E 1.829780 0.9765304
31   U 3   D   D 1.726357 0.6085659
32   U 3   D   M 2.160764 1.1371817
33   U 3   D   E 3.073551 2.4504820
34   U 3   E   D 1.614091 0.5600378
35   U 3   E   M 2.174308 0.9843391
36   U 3   E   E 1.562727 1.0474587
