[1] "Summary by group"
  grp      fL.m      fL.s
1   C 0.6222063 0.4769248
2   U 0.6108247 0.4486122
[1] "Summary by session\n"
  S      fL.m      fL.s
1 1 0.4686601 0.2860463
2 2 0.6441094 0.4606666
3 3 0.7367771 0.5594924
[1] "Summary by IDR+IDR\n"
  IDL IDR      fL.m       fL.s
1   D   D 0.2960551 0.06367436
2   D   M 0.3318070 0.07961602
3   D   E 0.3623439 0.07985708
4   E   D 0.5521949 0.26498962
5   E   M 0.8035281 0.27256812
6   E   E 1.3531642 0.54335214
[1] "Summary by group + Session\n"
  grp S      fL.m      fL.s
1   C 1 0.4624051 0.2801983
2   C 2 0.6720837 0.5003012
3   C 3 0.7321302 0.5640148
4   U 1 0.4749150 0.2932133
5   U 2 0.6161352 0.4182437
6   U 3 0.7414240 0.5580539
[1] "Summary by Session + IDR + IDL \n"
   S IDL IDR      fL.m       fL.s
1  1   D   D 0.2399127 0.04438320
2  1   D   M 0.2794643 0.04976008
3  1   D   E 0.3295157 0.04039984
4  1   E   D 0.4204703 0.15380385
5  1   E   M 0.5908330 0.13551982
6  1   E   E 0.9517643 0.29406465
7  2   D   D 0.3119727 0.04393713
8  2   D   M 0.3522163 0.06039179
9  2   D   E 0.3679507 0.08565119
10 2   E   D 0.5529447 0.25964440
11 2   E   M 0.8750380 0.27202207
12 2   E   E 1.4045343 0.46091632
13 3   D   D 0.3362800 0.05784413
14 3   D   M 0.3637403 0.09492111
15 3   D   E 0.3895653 0.09321511
16 3   E   D 0.6831697 0.29788287
17 3   E   M 0.9447133 0.25086331
18 3   E   E 1.7031940 0.55765954
[1] "Summary by group + IDR + IDL\n"
   grp IDL IDR      fL.m       fL.s
1    C   D   D 0.3130089 0.06899051
2    C   D   M 0.3673296 0.07117056
3    C   D   E 0.4109689 0.06856487
4    C   E   D 0.4446071 0.09392229
5    C   E   M 0.7770336 0.24230623
6    C   E   E 1.4202900 0.62489477
7    U   D   D 0.2791013 0.05341701
8    U   D   M 0.2962844 0.07193869
9    U   D   E 0.3137189 0.05798143
10   U   E   D 0.6597827 0.33096390
11   U   E   M 0.8300227 0.30021177
12   U   E   E 1.2860384 0.44436794
[1] "Summary by group + Session + IDR + IDL\n"
   grp S IDL IDR      fL.m       fL.s
1    C 1   D   D 0.2494993 0.05286811
2    C 1   D   M 0.2997433 0.04023377
3    C 1   D   E 0.3457740 0.03267370
4    C 1   E   D 0.3779447 0.04762674
5    C 1   E   M 0.5619273 0.10531618
6    C 1   E   E 0.9395420 0.35580757
7    C 2   D   D 0.3271567 0.04127971
8    C 2   D   M 0.3794100 0.05063941
9    C 2   D   E 0.4231607 0.06293459
10   C 2   E   D 0.4541373 0.09879345
11   C 2   E   M 0.8932567 0.26846464
12   C 2   E   E 1.5553807 0.52559735
13   C 3   D   D 0.3623707 0.05756148
14   C 3   D   M 0.4228353 0.05817862
15   C 3   D   E 0.4639720 0.04498285
16   C 3   E   D 0.5017393 0.08567429
17   C 3   E   M 0.8759167 0.16381380
18   C 3   E   E 1.7659473 0.65514903
19   U 1   D   D 0.2303260 0.03299191
20   U 1   D   M 0.2591853 0.05127390
21   U 1   D   E 0.3132573 0.04179565
22   U 1   E   D 0.4629960 0.20702032
23   U 1   E   M 0.6197387 0.15862263
24   U 1   E   E 0.9639867 0.22848548
25   U 2   D   D 0.2967887 0.04243555
26   U 2   D   M 0.3250227 0.05835979
27   U 2   D   E 0.3127407 0.06858397
28   U 2   E   D 0.6517520 0.33009874
29   U 2   E   M 0.8568193 0.28371274
30   U 2   E   E 1.2536880 0.33918992
31   U 3   D   D 0.3101893 0.04646360
32   U 3   D   M 0.3046453 0.08829230
33   U 3   D   E 0.3151587 0.06412247
34   U 3   E   D 0.8646000 0.32546909
35   U 3   E   M 1.0135100 0.30558617
36   U 3   E   E 1.6404407 0.45444769
