[1] "Summary by group"
  grp Circularity.m Circularity.s
1   C     0.8316563    0.03884251
2   U     0.8356714    0.02752260
[1] "Summary by session\n"
  S Circularity.m Circularity.s
1 1     0.8207545    0.03542894
2 2     0.8348047    0.03188537
3 3     0.8454325    0.02910873
[1] "Summary by ID\n"
  ID Circularity.m Circularity.s
1  D     0.8336500    0.03758381
2  E     0.8336778    0.02935715
[1] "Summary by group + Session\n"
  grp S Circularity.m Circularity.s
1   C 1     0.8231527    0.04138094
2   C 2     0.8308963    0.03873867
3   C 3     0.8409200    0.03539815
4   U 1     0.8183563    0.02879969
5   U 2     0.8387130    0.02315433
6   U 3     0.8499450    0.02070497
[1] "Summary by Session + ID\n"
  S ID Circularity.m Circularity.s
1 1  D     0.8230737    0.03800903
2 1  E     0.8184353    0.03313440
3 2  D     0.8322533    0.03819133
4 2  E     0.8373560    0.02442061
5 3  D     0.8456230    0.03414310
6 3  E     0.8452420    0.02362261
[1] "Summary by group + ID\n"
  grp ID Circularity.m Circularity.s
1   C  D     0.8306140    0.04727949
2   C  E     0.8326987    0.02853417
3   U  D     0.8366860    0.02455576
4   U  E     0.8346569    0.03044852
[1] "Summary by group + Session + ID\n"
   grp S ID Circularity.m Circularity.s
1    C 1  D     0.8215987    0.04975487
2    C 1  E     0.8247067    0.03265508
3    C 2  D     0.8261547    0.04887236
4    C 2  E     0.8356380    0.02592054
5    C 3  D     0.8440887    0.04310925
6    C 3  E     0.8377513    0.02675140
7    U 1  D     0.8245487    0.02263527
8    U 1  E     0.8121640    0.03351962
9    U 2  D     0.8383520    0.02351872
10   U 2  E     0.8390740    0.02360361
11   U 3  D     0.8471573    0.02348018
12   U 3  E     0.8527327    0.01788969
