[1] "accTimeL ~(S*DID*grp)+Error(pp/(S*DID))+grp"
$ANOVA
     Effect DFn DFd          F            p p<.05         ges
2       grp   1   8  0.4805128 5.078117e-01       0.043168204
3         S   2  16 20.0758672 4.345647e-05     * 0.232237915
5       DID   2  16 78.8115473 5.201156e-09     * 0.475201183
4     grp:S   2  16  2.7647209 9.304600e-02       0.039990689
6   grp:DID   2  16  3.1832211 6.857796e-02       0.035282690
7     S:DID   4  32  1.0023230 4.207627e-01       0.004542439
8 grp:S:DID   4  32  4.9185113 3.317363e-03     * 0.021901552

$`Mauchly's Test for Sphericity`
     Effect         W          p p<.05
3         S 0.6769342 0.25521870      
4     grp:S 0.6769342 0.25521870      
5       DID 0.1699647 0.00202421     *
6   grp:DID 0.1699647 0.00202421     *
7     S:DID 0.1467811 0.21095304      
8 grp:S:DID 0.1467811 0.21095304      

$`Sphericity Corrections`
     Effect       GGe        p[GG] p[GG]<.05       HFe        p[HF] p[HF]<.05
3         S 0.7558203 2.819080e-04         * 0.8942758 9.740627e-05         *
4     grp:S 0.7558203 1.119246e-01           0.8942758 1.008109e-01          
5       DID 0.5464375 9.435735e-06         * 0.5672314 6.671425e-06         *
6   grp:DID 0.5464375 1.073403e-01           0.5672314 1.051977e-01          
7     S:DID 0.6710593 4.037455e-01           1.0420957 4.207627e-01          
8 grp:S:DID 0.6710593 1.127241e-02         * 1.0420957 3.317363e-03         *

