[1] "Summary by group"
  grp accTimeL.m accTimeL.s
1   C  0.3061481  0.1142487
2   U  0.2762704  0.1037287
[1] "Summary by session\n"
  S accTimeL.m accTimeL.s
1 1  0.3422444 0.10613049
2 2  0.2827500 0.10520190
3 3  0.2486333 0.09828021
[1] "Summary by DID\n"
  DID accTimeL.m accTimeL.s
1   1  0.2101556 0.07899867
2   2  0.2894111 0.07649233
3   3  0.3740611 0.10415950
[1] "Summary by group + Session\n"
  grp S accTimeL.m accTimeL.s
1   C 1  0.3466000 0.09930243
2   C 2  0.2879778 0.11498849
3   C 3  0.2838667 0.11895097
4   U 1  0.3378889 0.11350585
5   U 2  0.2775222 0.09543667
6   U 3  0.2134000 0.05337588
[1] "Summary by Session + DID\n"
  S DID accTimeL.m accTimeL.s
1 1   1  0.2639167 0.07783250
2 1   2  0.3344000 0.08237827
3 1   3  0.4284167 0.08735906
4 2   1  0.1992333 0.06572877
5 2   2  0.2791167 0.06607776
6 2   3  0.3699000 0.10095948
7 3   1  0.1673167 0.06134182
8 3   2  0.2547167 0.05792812
9 3   3  0.3238667 0.09894808
[1] "Summary by group + DID\n"
  grp DID accTimeL.m accTimeL.s
1   C   1  0.2116556 0.09129478
2   C   2  0.2994111 0.06901526
3   C   3  0.4073778 0.08363755
4   U   1  0.2086556 0.06545286
5   U   2  0.2794111 0.08287026
6   U   3  0.3407444 0.11260231
[1] "Summary by group + Session + DID\n"
   grp S DID accTimeL.m accTimeL.s
1    C 1   1  0.2703667 0.08858480
2    C 1   2  0.3318667 0.06722337
3    C 1   3  0.4375667 0.05744714
4    C 2   1  0.1916000 0.07847934
5    C 2   2  0.2822000 0.06855701
6    C 2   3  0.3901333 0.09761046
7    C 3   1  0.1730000 0.08039567
8    C 3   2  0.2841667 0.06368468
9    C 3   3  0.3944333 0.08764964
10   U 1   1  0.2574667 0.06791236
11   U 1   2  0.3369333 0.09759279
12   U 1   3  0.4192667 0.11103488
13   U 2   1  0.2068667 0.05162622
14   U 2   2  0.2760333 0.06575698
15   U 2   3  0.3496667 0.10348252
16   U 3   1  0.1616333 0.03552085
17   U 3   2  0.2252667 0.03219908
18   U 3   3  0.2533000 0.04390485
