Post-hoc Tukey comparisons[1] "grp Tukey test"

	Pairwise comparisons using paired t tests 

data:  mdata$accQR and mdata$grp 

  C    
U 0.078

P value adjustment method: bonferroni 
[1] "S Tukey test"

	Pairwise comparisons using paired t tests 

data:  mdata$accQR and mdata$S 

  1       2   
2 9.7e-12 -   
3 1.1e-09 0.62

P value adjustment method: bonferroni 
[1] "IDR Tukey test"

	Pairwise comparisons using paired t tests 

data:  mdata$accQR and mdata$IDR 

  D       M      
M 6.2e-14 -      
E < 2e-16 < 2e-16

P value adjustment method: bonferroni 
[1] "IDL Tukey test"
