Post-hoc Tukey comparisons[1] "grp Tukey test"

	Pairwise comparisons using paired t tests 

data:  mdata$MTRrel and mdata$grp 

  C    
U 0.074

P value adjustment method: bonferroni 
[1] "S Tukey test"

	Pairwise comparisons using paired t tests 

data:  mdata$MTRrel and mdata$S 

  1    2   
2 1.00 -   
3 0.14 0.20

P value adjustment method: bonferroni 
[1] "IDR Tukey test"

	Pairwise comparisons using paired t tests 

data:  mdata$MTRrel and mdata$IDR 

  D      M    
M <2e-16 -    
E <2e-16 1e-11

P value adjustment method: bonferroni 
[1] "IDL Tukey test"
