                  Estimate MCMCmean HPD95lower HPD95upper pMCMC Pr(>|t|)
(Intercept)         0.6907   0.6902     0.5723     0.7939 0.001   0.0000
grp1                0.0112   0.0103    -0.0984     0.1156 0.858   0.8950
S1                 -0.0305  -0.0308    -0.0708     0.0094 0.138   0.2578
S2                  0.0181   0.0184    -0.0184     0.0588 0.358   0.5017
IDR1                0.0552   0.0549    -0.0022     0.1084 0.062   0.3175
IDR2               -0.0410  -0.0413    -0.0946     0.0152 0.140   0.4576
IDL1               -0.1731  -0.1729    -0.2095    -0.1385 0.001   0.0000
grp1:S1            -0.0630  -0.0638    -0.1013    -0.0209 0.001   0.0195
grp1:S2             0.0302   0.0298    -0.0093     0.0762 0.158   0.2623
grp1:IDR1           0.0325   0.0321    -0.0280     0.0860 0.280   0.5563
grp1:IDR2           0.0280   0.0288    -0.0256     0.0872 0.286   0.6117
S1:IDR1            -0.0186  -0.0185    -0.0535     0.0098 0.244   0.4518
S2:IDR1             0.0138   0.0137    -0.0180     0.0432 0.386   0.5777
S1:IDR2             0.0016   0.0007    -0.0282     0.0353 0.998   0.9486
S2:IDR2             0.0350   0.0352     0.0016     0.0675 0.042   0.1570
grp1:IDL1          -0.0712  -0.0701    -0.1030    -0.0316 0.001   0.0033
S1:IDL1             0.0108   0.0112    -0.0145     0.0325 0.340   0.5380
S2:IDL1            -0.0146  -0.0153    -0.0381     0.0051 0.170   0.4036
IDR1:IDL1           0.0597   0.0601     0.0359     0.0797 0.001   0.0007
IDR2:IDL1           0.0163   0.0160    -0.0048     0.0383 0.148   0.3509
grp1:S1:IDR1        0.0078   0.0086    -0.0201     0.0405 0.600   0.7524
grp1:S2:IDR1       -0.0329  -0.0339    -0.0618    -0.0011 0.030   0.1838
grp1:S1:IDR2        0.0028   0.0028    -0.0283     0.0348 0.868   0.9090
grp1:S2:IDR2        0.0047   0.0055    -0.0262     0.0341 0.736   0.8497
grp1:S1:IDL1        0.0411   0.0417     0.0208     0.0622 0.001   0.0191
grp1:S2:IDL1       -0.0170  -0.0172    -0.0377     0.0045 0.134   0.3308
grp1:IDR1:IDL1      0.0441   0.0436     0.0236     0.0642 0.001   0.0119
grp1:IDR2:IDL1     -0.0195  -0.0194    -0.0408     0.0008 0.062   0.2657
S1:IDR1:IDL1       -0.0394  -0.0398    -0.0697    -0.0071 0.024   0.1111
S2:IDR1:IDL1        0.0167   0.0168    -0.0124     0.0487 0.318   0.4988
S1:IDR2:IDL1       -0.0048  -0.0046    -0.0351     0.0260 0.784   0.8473
S2:IDR2:IDL1       -0.0335  -0.0339    -0.0617    -0.0030 0.018   0.1753
grp1:S1:IDR1:IDL1  -0.0174  -0.0185    -0.0498     0.0135 0.224   0.4823
grp1:S2:IDR1:IDL1   0.0241   0.0245    -0.0060     0.0556 0.114   0.3302
grp1:S1:IDR2:IDL1   0.0188   0.0186    -0.0093     0.0508 0.204   0.4477
grp1:S2:IDR2:IDL1  -0.0054  -0.0053    -0.0369     0.0234 0.744   0.8255
NULL
       Length Class      Mode
fixed  6      data.frame list
random 7      data.frame list
Analysis of Variance Table
              Df  Sum Sq Mean Sq F value
grp            1 0.00012 0.00012  0.0166
S              2 0.00923 0.00461  0.6491
IDR            2 0.00768 0.00384  0.5400
IDL            1 0.36648 0.36648 51.5561
grp:S          2 0.03904 0.01952  2.7463
grp:IDR        2 0.00856 0.00428  0.6024
S:IDR          4 0.03522 0.00881  1.2388
grp:IDL        1 0.06200 0.06200  8.7223
S:IDL          2 0.00534 0.00267  0.3756
IDR:IDL        2 0.14911 0.07455 10.4880
grp:S:IDR      4 0.01591 0.00398  0.5597
grp:S:IDL      2 0.03965 0.01983  2.7890
grp:IDR:IDL    2 0.04554 0.02277  3.2035
S:IDR:IDL      4 0.05652 0.01413  1.9879
grp:S:IDR:IDL  4 0.01158 0.00289  0.4072
Linear mixed model fit by REML 
Formula: get(vname) ~ (1 | pp) + (1 | pp/S) + (1 | pp/IDR) + (1 | pp/IDL) +      (1 | pp/S:IDR:IDL) + grp * S * IDR * IDL 
   Data: mdata 
    AIC    BIC logLik deviance REMLdev
 -325.6 -128.1  208.8   -619.6  -417.6
Random effects:
 Groups       Name        Variance  Std.Dev.
 S:IDR:IDL:pp (Intercept) 0.0250926 0.158406
 IDR:pp       (Intercept) 0.0410942 0.202717
 S:pp         (Intercept) 0.0062822 0.079260
 IDL:pp       (Intercept) 0.0085702 0.092575
 pp           (Intercept) 0.0101839 0.100916
 pp           (Intercept) 0.0101838 0.100915
 pp           (Intercept) 0.0101839 0.100915
 pp           (Intercept) 0.0101842 0.100917
 pp           (Intercept) 0.0101839 0.100916
 Residual                 0.0071085 0.084312
Number of obs: 540, groups: S:IDR:IDL:pp, 180; IDR:pp, 30; S:pp, 30; IDL:pp, 20; pp, 10

Fixed effects:
                   Estimate Std. Error t value
(Intercept)        0.690686   0.085157   8.111
grp1               0.011239   0.085157   0.132
S1                -0.030480   0.026906  -1.133
S2                 0.018090   0.026906   0.672
IDR1               0.055211   0.055179   1.001
IDR2              -0.041020   0.055179  -0.743
IDL1              -0.173084   0.024106  -7.180
grp1:S1           -0.063039   0.026906  -2.343
grp1:S2            0.030195   0.026906   1.122
grp1:IDR1          0.032483   0.055179   0.589
grp1:IDR2          0.028028   0.055179   0.508
S1:IDR1           -0.018600   0.024704  -0.753
S2:IDR1            0.013761   0.024704   0.557
S1:IDR2            0.001594   0.024704   0.065
S2:IDR2            0.035011   0.024704   1.417
grp1:IDL1         -0.071192   0.024106  -2.953
S1:IDL1            0.010765   0.017468   0.616
S2:IDL1           -0.014603   0.017468  -0.836
IDR1:IDL1          0.059674   0.017468   3.416
IDR2:IDL1          0.016311   0.017468   0.934
grp1:S1:IDR1       0.007799   0.024704   0.316
grp1:S2:IDR1      -0.032880   0.024704  -1.331
grp1:S1:IDR2       0.002825   0.024704   0.114
grp1:S2:IDR2       0.004684   0.024704   0.190
grp1:S1:IDL1       0.041055   0.017468   2.350
grp1:S2:IDL1      -0.017003   0.017468  -0.973
grp1:IDR1:IDL1     0.044113   0.017468   2.525
grp1:IDR2:IDL1    -0.019463   0.017468  -1.114
S1:IDR1:IDL1      -0.039428   0.024704  -1.596
S2:IDR1:IDL1       0.016721   0.024704   0.677
S1:IDR2:IDL1      -0.004759   0.024704  -0.193
S2:IDR2:IDL1      -0.033530   0.024704  -1.357
grp1:S1:IDR1:IDL1 -0.017368   0.024704  -0.703
grp1:S2:IDR1:IDL1  0.024080   0.024704   0.975
grp1:S1:IDR2:IDL1  0.018770   0.024704   0.760
grp1:S2:IDR2:IDL1 -0.005448   0.024704  -0.221

Correlation of Fixed Effects:
            (Intr) grp1   S1     S2     IDR1   IDR2   IDL1   gr1:S1 gr1:S2
grp1         0.000                                                        
S1           0.000  0.000                                                 
S2           0.000  0.000 -0.500                                          
IDR1         0.000  0.000  0.000  0.000                                   
IDR2         0.000  0.000  0.000  0.000 -0.500                            
IDL1         0.000  0.000  0.000  0.000  0.000  0.000                     
grp1:S1      0.000  0.000  0.000  0.000  0.000  0.000  0.000              
grp1:S2      0.000  0.000  0.000  0.000  0.000  0.000  0.000 -0.500       
grp1:IDR1    0.000  0.000  0.000  0.000  0.000  0.000  0.000  0.000  0.000
grp1:IDR2    0.000  0.000  0.000  0.000  0.000  0.000  0.000  0.000  0.000
S1:IDR1      0.000  0.000  0.000  0.000  0.000  0.000  0.000  0.000  0.000
S2:IDR1      0.000  0.000  0.000  0.000  0.000  0.000  0.000  0.000  0.000
S1:IDR2      0.000  0.000  0.000  0.000  0.000  0.000  0.000  0.000  0.000
S2:IDR2      0.000  0.000  0.000  0.000  0.000  0.000  0.000  0.000  0.000
grp1:IDL1    0.000  0.000  0.000  0.000  0.000  0.000  0.000  0.000  0.000
S1:IDL1      0.000  0.000  0.000  0.000  0.000  0.000  0.000  0.000  0.000
S2:IDL1      0.000  0.000  0.000  0.000  0.000  0.000  0.000  0.000  0.000
IDR1:IDL1    0.000  0.000  0.000  0.000  0.000  0.000  0.000  0.000  0.000
IDR2:IDL1    0.000  0.000  0.000  0.000  0.000  0.000  0.000  0.000  0.000
gr1:S1:IDR1  0.000  0.000  0.000  0.000  0.000  0.000  0.000  0.000  0.000
gr1:S2:IDR1  0.000  0.000  0.000  0.000  0.000  0.000  0.000  0.000  0.000
gr1:S1:IDR2  0.000  0.000  0.000  0.000  0.000  0.000  0.000  0.000  0.000
gr1:S2:IDR2  0.000  0.000  0.000  0.000  0.000  0.000  0.000  0.000  0.000
gr1:S1:IDL1  0.000  0.000  0.000  0.000  0.000  0.000  0.000  0.000  0.000
gr1:S2:IDL1  0.000  0.000  0.000  0.000  0.000  0.000  0.000  0.000  0.000
g1:IDR1:IDL  0.000  0.000  0.000  0.000  0.000  0.000  0.000  0.000  0.000
g1:IDR2:IDL  0.000  0.000  0.000  0.000  0.000  0.000  0.000  0.000  0.000
S1:IDR1:IDL  0.000  0.000  0.000  0.000  0.000  0.000  0.000  0.000  0.000
S2:IDR1:IDL  0.000  0.000  0.000  0.000  0.000  0.000  0.000  0.000  0.000
S1:IDR2:IDL  0.000  0.000  0.000  0.000  0.000  0.000  0.000  0.000  0.000
S2:IDR2:IDL  0.000  0.000  0.000  0.000  0.000  0.000  0.000  0.000  0.000
g1:S1:IDR1:  0.000  0.000  0.000  0.000  0.000  0.000  0.000  0.000  0.000
g1:S2:IDR1:  0.000  0.000  0.000  0.000  0.000  0.000  0.000  0.000  0.000
g1:S1:IDR2:  0.000  0.000  0.000  0.000  0.000  0.000  0.000  0.000  0.000
g1:S2:IDR2:  0.000  0.000  0.000  0.000  0.000  0.000  0.000  0.000  0.000
            gr1:IDR1 gr1:IDR2 S1:IDR1 S2:IDR1 S1:IDR2 S2:IDR2 g1:IDL S1:IDL
grp1                                                                       
S1                                                                         
S2                                                                         
IDR1                                                                       
IDR2                                                                       
IDL1                                                                       
grp1:S1                                                                    
grp1:S2                                                                    
grp1:IDR1                                                                  
grp1:IDR2   -0.500                                                         
S1:IDR1      0.000    0.000                                                
S2:IDR1      0.000    0.000   -0.500                                       
S1:IDR2      0.000    0.000   -0.500   0.250                               
S2:IDR2      0.000    0.000    0.250  -0.500  -0.500                       
grp1:IDL1    0.000    0.000    0.000   0.000   0.000   0.000               
S1:IDL1      0.000    0.000    0.000   0.000   0.000   0.000   0.000       
S2:IDL1      0.000    0.000    0.000   0.000   0.000   0.000   0.000 -0.500
IDR1:IDL1    0.000    0.000    0.000   0.000   0.000   0.000   0.000  0.000
IDR2:IDL1    0.000    0.000    0.000   0.000   0.000   0.000   0.000  0.000
gr1:S1:IDR1  0.000    0.000    0.000   0.000   0.000   0.000   0.000  0.000
gr1:S2:IDR1  0.000    0.000    0.000   0.000   0.000   0.000   0.000  0.000
gr1:S1:IDR2  0.000    0.000    0.000   0.000   0.000   0.000   0.000  0.000
gr1:S2:IDR2  0.000    0.000    0.000   0.000   0.000   0.000   0.000  0.000
gr1:S1:IDL1  0.000    0.000    0.000   0.000   0.000   0.000   0.000  0.000
gr1:S2:IDL1  0.000    0.000    0.000   0.000   0.000   0.000   0.000  0.000
g1:IDR1:IDL  0.000    0.000    0.000   0.000   0.000   0.000   0.000  0.000
g1:IDR2:IDL  0.000    0.000    0.000   0.000   0.000   0.000   0.000  0.000
S1:IDR1:IDL  0.000    0.000    0.000   0.000   0.000   0.000   0.000  0.000
S2:IDR1:IDL  0.000    0.000    0.000   0.000   0.000   0.000   0.000  0.000
S1:IDR2:IDL  0.000    0.000    0.000   0.000   0.000   0.000   0.000  0.000
S2:IDR2:IDL  0.000    0.000    0.000   0.000   0.000   0.000   0.000  0.000
g1:S1:IDR1:  0.000    0.000    0.000   0.000   0.000   0.000   0.000  0.000
g1:S2:IDR1:  0.000    0.000    0.000   0.000   0.000   0.000   0.000  0.000
g1:S1:IDR2:  0.000    0.000    0.000   0.000   0.000   0.000   0.000  0.000
g1:S2:IDR2:  0.000    0.000    0.000   0.000   0.000   0.000   0.000  0.000
            S2:IDL IDR1:I IDR2:I gr1:S1:IDR1 gr1:S2:IDR1 gr1:S1:IDR2
grp1                                                                
S1                                                                  
S2                                                                  
IDR1                                                                
IDR2                                                                
IDL1                                                                
grp1:S1                                                             
grp1:S2                                                             
grp1:IDR1                                                           
grp1:IDR2                                                           
S1:IDR1                                                             
S2:IDR1                                                             
S1:IDR2                                                             
S2:IDR2                                                             
grp1:IDL1                                                           
S1:IDL1                                                             
S2:IDL1                                                             
IDR1:IDL1    0.000                                                  
IDR2:IDL1    0.000 -0.500                                           
gr1:S1:IDR1  0.000  0.000  0.000                                    
gr1:S2:IDR1  0.000  0.000  0.000 -0.500                             
gr1:S1:IDR2  0.000  0.000  0.000 -0.500       0.250                 
gr1:S2:IDR2  0.000  0.000  0.000  0.250      -0.500      -0.500     
gr1:S1:IDL1  0.000  0.000  0.000  0.000       0.000       0.000     
gr1:S2:IDL1  0.000  0.000  0.000  0.000       0.000       0.000     
g1:IDR1:IDL  0.000  0.000  0.000  0.000       0.000       0.000     
g1:IDR2:IDL  0.000  0.000  0.000  0.000       0.000       0.000     
S1:IDR1:IDL  0.000  0.000  0.000  0.000       0.000       0.000     
S2:IDR1:IDL  0.000  0.000  0.000  0.000       0.000       0.000     
S1:IDR2:IDL  0.000  0.000  0.000  0.000       0.000       0.000     
S2:IDR2:IDL  0.000  0.000  0.000  0.000       0.000       0.000     
g1:S1:IDR1:  0.000  0.000  0.000  0.000       0.000       0.000     
g1:S2:IDR1:  0.000  0.000  0.000  0.000       0.000       0.000     
g1:S1:IDR2:  0.000  0.000  0.000  0.000       0.000       0.000     
g1:S2:IDR2:  0.000  0.000  0.000  0.000       0.000       0.000     
            gr1:S2:IDR2 g1:S1:IDL g1:S2:IDL g1:IDR1: g1:IDR2: S1:IDR1: S2:IDR1:
grp1                                                                           
S1                                                                             
S2                                                                             
IDR1                                                                           
IDR2                                                                           
IDL1                                                                           
grp1:S1                                                                        
grp1:S2                                                                        
grp1:IDR1                                                                      
grp1:IDR2                                                                      
S1:IDR1                                                                        
S2:IDR1                                                                        
S1:IDR2                                                                        
S2:IDR2                                                                        
grp1:IDL1                                                                      
S1:IDL1                                                                        
S2:IDL1                                                                        
IDR1:IDL1                                                                      
IDR2:IDL1                                                                      
gr1:S1:IDR1                                                                    
gr1:S2:IDR1                                                                    
gr1:S1:IDR2                                                                    
gr1:S2:IDR2                                                                    
gr1:S1:IDL1  0.000                                                             
gr1:S2:IDL1  0.000      -0.500                                                 
g1:IDR1:IDL  0.000       0.000     0.000                                       
g1:IDR2:IDL  0.000       0.000     0.000    -0.500                             
S1:IDR1:IDL  0.000       0.000     0.000     0.000    0.000                    
S2:IDR1:IDL  0.000       0.000     0.000     0.000    0.000   -0.500           
S1:IDR2:IDL  0.000       0.000     0.000     0.000    0.000   -0.500    0.250  
S2:IDR2:IDL  0.000       0.000     0.000     0.000    0.000    0.250   -0.500  
g1:S1:IDR1:  0.000       0.000     0.000     0.000    0.000    0.000    0.000  
g1:S2:IDR1:  0.000       0.000     0.000     0.000    0.000    0.000    0.000  
g1:S1:IDR2:  0.000       0.000     0.000     0.000    0.000    0.000    0.000  
g1:S2:IDR2:  0.000       0.000     0.000     0.000    0.000    0.000    0.000  
            S1:IDR2: S2:IDR2: g1:S1:IDR1: g1:S2:IDR1: g1:S1:IDR2:
grp1                                                             
S1                                                               
S2                                                               
IDR1                                                             
IDR2                                                             
IDL1                                                             
grp1:S1                                                          
grp1:S2                                                          
grp1:IDR1                                                        
grp1:IDR2                                                        
S1:IDR1                                                          
S2:IDR1                                                          
S1:IDR2                                                          
S2:IDR2                                                          
grp1:IDL1                                                        
S1:IDL1                                                          
S2:IDL1                                                          
IDR1:IDL1                                                        
IDR2:IDL1                                                        
gr1:S1:IDR1                                                      
gr1:S2:IDR1                                                      
gr1:S1:IDR2                                                      
gr1:S2:IDR2                                                      
gr1:S1:IDL1                                                      
gr1:S2:IDL1                                                      
g1:IDR1:IDL                                                      
g1:IDR2:IDL                                                      
S1:IDR1:IDL                                                      
S2:IDR1:IDL                                                      
S1:IDR2:IDL                                                      
S2:IDR2:IDL -0.500                                               
g1:S1:IDR1:  0.000    0.000                                      
g1:S2:IDR1:  0.000    0.000   -0.500                             
g1:S1:IDR2:  0.000    0.000   -0.500       0.250                 
g1:S2:IDR2:  0.000    0.000    0.250      -0.500      -0.500     
