[1] "CircularityLrel ~S*IDR*IDL*grp + Error(pp/(S*IDR*IDL))"
$ANOVA
          Effect DFn DFd          F            p p<.05         ges
2            grp   1   8  0.2391759 0.6379274321       0.017007409
3              S   2  16  1.8822241 0.1844515482       0.007007289
4          grp:S   2  16  1.5353133 0.2454935913       0.005723174
5            IDR   2  16 11.2400698 0.0008934428     * 0.049409191
6        grp:IDR   2  16  2.7535999 0.0938185914       0.012573344
7            IDL   1   8  2.3280674 0.1655719969       0.050638787
8        grp:IDL   1   8  0.1474224 0.7110146027       0.003366319
9          S:IDR   4  32  3.4264220 0.0193261727     * 0.019043418
10     grp:S:IDR   4  32  2.2320580 0.0875602601       0.012488262
11         S:IDL   2  16  0.6259327 0.5473578641       0.005178601
12     grp:S:IDL   2  16  0.9169040 0.4197659015       0.007567709
13       IDR:IDL   2  16 18.0478012 0.0000791683     * 0.054633172
14   grp:IDR:IDL   2  16  2.6247363 0.1033176739       0.008334559
15     S:IDR:IDL   4  32  2.1486082 0.0975318570       0.008926524
16 grp:S:IDR:IDL   4  32  0.9042406 0.4731406673       0.003776245

$`Mauchly's Test for Sphericity`
          Effect          W          p p<.05
3              S 0.98534951 0.94965546      
4          grp:S 0.98534951 0.94965546      
5            IDR 0.83019529 0.52135187      
6        grp:IDR 0.83019529 0.52135187      
9          S:IDR 0.07256523 0.05967247      
10     grp:S:IDR 0.07256523 0.05967247      
11         S:IDL 0.53356841 0.11095973      
12     grp:S:IDL 0.53356841 0.11095973      
13       IDR:IDL 0.83416749 0.53013492      
14   grp:IDR:IDL 0.83416749 0.53013492      
15     S:IDR:IDL 0.53910283 0.91786655      
16 grp:S:IDR:IDL 0.53910283 0.91786655      

$`Sphericity Corrections`
          Effect       GGe        p[GG] p[GG]<.05       HFe        p[HF]
3              S 0.9855610 0.1851956617           1.3053921 0.1844515482
4          grp:S 0.9855610 0.2458524171           1.3053921 0.2454935913
5            IDR 0.8548435 0.0017891620         * 1.0641111 0.0008934428
6        grp:IDR 0.8548435 0.1046347829           1.0641111 0.0938185914
9          S:IDR 0.5656611 0.0498428006         * 0.8001856 0.0297303893
10     grp:S:IDR 0.5656611 0.1313130660           0.8001856 0.1053631393
11         S:IDL 0.6819275 0.4940546551           0.7741463 0.5115888835
12     grp:S:IDL 0.6819275 0.3912036992           0.7741463 0.4009307471
13       IDR:IDL 0.8577561 0.0002163201         * 1.0692686 0.0000791683
14   grp:IDR:IDL 0.8577561 0.1138093506           1.0692686 0.1033176739
15     S:IDR:IDL 0.7757403 0.1178776413           1.3235881 0.0975318570
16 grp:S:IDR:IDL 0.7757403 0.4559370756           1.3235881 0.4731406673
   p[HF]<.05
3           
4           
5          *
6           
9          *
10          
11          
12          
13         *
14          
15          
16          

