                  Estimate MCMCmean HPD95lower HPD95upper pMCMC Pr(>|t|)
(Intercept)         0.9870   0.9869     0.9662     1.0095 0.001   0.0000
grp1                0.0063   0.0065    -0.0143     0.0272 0.504   0.6250
S1                 -0.0039  -0.0040    -0.0091     0.0011 0.130   0.1825
S2                  0.0056   0.0057    -0.0003     0.0106 0.044   0.0598
IDR1               -0.0148  -0.0148    -0.0212    -0.0084 0.001   0.0000
IDR2                0.0033   0.0031    -0.0030     0.0091 0.290   0.3145
IDL1                0.0111   0.0111     0.0013     0.0216 0.034   0.1277
grp1:S1             0.0028   0.0028    -0.0026     0.0082 0.308   0.3350
grp1:S2            -0.0052  -0.0053    -0.0101     0.0004 0.064   0.0809
grp1:IDR1          -0.0007  -0.0006    -0.0066     0.0062 0.836   0.8371
grp1:IDR2           0.0070   0.0070     0.0008     0.0136 0.028   0.0339
S1:IDR1            -0.0099  -0.0101    -0.0158    -0.0038 0.001   0.0149
S2:IDR1            -0.0007  -0.0006    -0.0060     0.0052 0.854   0.8632
S1:IDR2             0.0002   0.0002    -0.0061     0.0055 0.938   0.9690
S2:IDR2             0.0048   0.0048    -0.0013     0.0107 0.126   0.2347
grp1:IDL1          -0.0028  -0.0029    -0.0112     0.0072 0.548   0.7012
S1:IDL1             0.0013   0.0013    -0.0026     0.0059 0.556   0.6493
S2:IDL1             0.0034   0.0034    -0.0007     0.0078 0.118   0.2309
IDR1:IDL1           0.0162   0.0162     0.0121     0.0204 0.001   0.0000
IDR2:IDL1          -0.0061  -0.0062    -0.0104    -0.0022 0.006   0.0335
grp1:S1:IDR1        0.0045   0.0047    -0.0010     0.0106 0.130   0.2678
grp1:S2:IDR1       -0.0073  -0.0075    -0.0137    -0.0022 0.006   0.0712
grp1:S1:IDR2       -0.0009  -0.0010    -0.0068     0.0047 0.720   0.8159
grp1:S2:IDR2       -0.0028  -0.0027    -0.0089     0.0029 0.336   0.4922
grp1:S1:IDL1        0.0010   0.0010    -0.0032     0.0046 0.644   0.7189
grp1:S2:IDL1       -0.0056  -0.0056    -0.0099    -0.0015 0.012   0.0524
grp1:IDR1:IDL1     -0.0034  -0.0033    -0.0070     0.0016 0.138   0.2384
grp1:IDR2:IDL1     -0.0028  -0.0029    -0.0068     0.0012 0.184   0.3232
S1:IDR1:IDL1       -0.0053  -0.0052    -0.0108     0.0008 0.094   0.1966
S2:IDR1:IDL1        0.0062   0.0063     0.0003     0.0124 0.048   0.1261
S1:IDR2:IDL1        0.0067   0.0066     0.0009     0.0131 0.038   0.1010
S2:IDR2:IDL1       -0.0021  -0.0019    -0.0076     0.0043 0.492   0.6112
grp1:S1:IDR1:IDL1  -0.0018  -0.0019    -0.0081     0.0042 0.546   0.6557
grp1:S2:IDR1:IDL1   0.0055   0.0055     0.0000     0.0116 0.062   0.1733
grp1:S1:IDR2:IDL1   0.0000   0.0001    -0.0053     0.0058 0.992   0.9949
grp1:S2:IDR2:IDL1  -0.0034  -0.0035    -0.0096     0.0022 0.252   0.4063
NULL
       Length Class      Mode
fixed  6      data.frame list
random 7      data.frame list
Analysis of Variance Table
              Df    Sum Sq   Mean Sq F value
grp            1 0.0001753 0.0001753  0.2318
S              2 0.0028470 0.0014235  1.8822
IDR            2 0.0170014 0.0085007 11.2401
IDL            1 0.0017606 0.0017606  2.3280
grp:S          2 0.0023222 0.0011611  1.5353
grp:IDR        2 0.0041650 0.0020825  2.7536
S:IDR          4 0.0082419 0.0020605  2.7245
grp:IDL        1 0.0001115 0.0001115  0.1474
S:IDL          2 0.0022100 0.0011050  1.4611
IDR:IDL        2 0.0245351 0.0122676 16.2210
grp:S:IDR      4 0.0053690 0.0013422  1.7748
grp:S:IDL      2 0.0032374 0.0016187  2.1403
grp:IDR:IDL    2 0.0035682 0.0017841  2.3591
S:IDR:IDL      4 0.0038239 0.0009560  1.2641
grp:S:IDR:IDL  4 0.0016093 0.0004023  0.5320
Linear mixed model fit by REML 
Formula: get(vname) ~ (1 | pp) + (1 | pp/S) + (1 | pp/IDR) + (1 | pp/IDL) +      (1 | pp/S:IDR:IDL) + grp * S * IDR * IDL 
   Data: mdata 
   AIC   BIC logLik deviance REMLdev
 -1689 -1492  890.5    -2122   -1781
Random effects:
 Groups       Name        Variance   Std.Dev. 
 S:IDR:IDL:pp (Intercept) 4.9142e-04 0.0221681
 IDR:pp       (Intercept) 3.6924e-05 0.0060765
 S:pp         (Intercept) 6.4852e-06 0.0025466
 IDL:pp       (Intercept) 9.7996e-04 0.0313043
 pp           (Intercept) 2.5428e-04 0.0159461
 pp           (Intercept) 2.1924e-04 0.0148068
 pp           (Intercept) 2.1938e-04 0.0148116
 pp           (Intercept) 2.1926e-04 0.0148075
 pp           (Intercept) 2.1947e-04 0.0148147
 Residual                 7.5628e-04 0.0275005
Number of obs: 540, groups: S:IDR:IDL:pp, 180; IDR:pp, 30; S:pp, 30; IDL:pp, 20; pp, 10

Fixed effects:
                    Estimate Std. Error t value
(Intercept)        9.870e-01  1.295e-02   76.22
grp1               6.334e-03  1.295e-02    0.49
S1                -3.936e-03  2.949e-03   -1.33
S2                 5.563e-03  2.949e-03    1.89
IDR1              -1.479e-02  3.275e-03   -4.52
IDR2               3.297e-03  3.275e-03    1.01
IDL1               1.112e-02  7.289e-03    1.53
grp1:S1            2.845e-03  2.949e-03    0.97
grp1:S2           -5.158e-03  2.949e-03   -1.75
grp1:IDR1         -6.735e-04  3.275e-03   -0.21
grp1:IDR2          6.966e-03  3.275e-03    2.13
S1:IDR1           -9.935e-03  4.065e-03   -2.44
S2:IDR1           -7.005e-04  4.065e-03   -0.17
S1:IDR2            1.582e-04  4.065e-03    0.04
S2:IDR2            4.836e-03  4.065e-03    1.19
grp1:IDL1         -2.799e-03  7.289e-03   -0.38
S1:IDL1            1.308e-03  2.874e-03    0.46
S2:IDL1            3.448e-03  2.874e-03    1.20
IDR1:IDL1          1.621e-02  2.874e-03    5.64
IDR2:IDL1         -6.128e-03  2.874e-03   -2.13
grp1:S1:IDR1       4.509e-03  4.065e-03    1.11
grp1:S2:IDR1      -7.348e-03  4.065e-03   -1.81
grp1:S1:IDR2      -9.469e-04  4.065e-03   -0.23
grp1:S2:IDR2      -2.794e-03  4.065e-03   -0.69
grp1:S1:IDL1       1.035e-03  2.874e-03    0.36
grp1:S2:IDL1      -5.589e-03  2.874e-03   -1.94
grp1:IDR1:IDL1    -3.393e-03  2.874e-03   -1.18
grp1:IDR2:IDL1    -2.842e-03  2.874e-03   -0.99
S1:IDR1:IDL1      -5.256e-03  4.065e-03   -1.29
S2:IDR1:IDL1       6.228e-03  4.065e-03    1.53
S1:IDR2:IDL1       6.678e-03  4.065e-03    1.64
S2:IDR2:IDL1      -2.068e-03  4.065e-03   -0.51
grp1:S1:IDR1:IDL1 -1.813e-03  4.065e-03   -0.45
grp1:S2:IDR1:IDL1  5.543e-03  4.065e-03    1.36
grp1:S1:IDR2:IDL1 -2.575e-05  4.065e-03   -0.01
grp1:S2:IDR2:IDL1 -3.378e-03  4.065e-03   -0.83

Correlation of Fixed Effects:
            (Intr) grp1   S1     S2     IDR1   IDR2   IDL1   gr1:S1 gr1:S2
grp1         0.000                                                        
S1           0.000  0.000                                                 
S2           0.000  0.000 -0.500                                          
IDR1         0.000  0.000  0.000  0.000                                   
IDR2         0.000  0.000  0.000  0.000 -0.500                            
IDL1         0.000  0.000  0.000  0.000  0.000  0.000                     
grp1:S1      0.000  0.000  0.000  0.000  0.000  0.000  0.000              
grp1:S2      0.000  0.000  0.000  0.000  0.000  0.000  0.000 -0.500       
grp1:IDR1    0.000  0.000  0.000  0.000  0.000  0.000  0.000  0.000  0.000
grp1:IDR2    0.000  0.000  0.000  0.000  0.000  0.000  0.000  0.000  0.000
S1:IDR1      0.000  0.000  0.000  0.000  0.000  0.000  0.000  0.000  0.000
S2:IDR1      0.000  0.000  0.000  0.000  0.000  0.000  0.000  0.000  0.000
S1:IDR2      0.000  0.000  0.000  0.000  0.000  0.000  0.000  0.000  0.000
S2:IDR2      0.000  0.000  0.000  0.000  0.000  0.000  0.000  0.000  0.000
grp1:IDL1    0.000  0.000  0.000  0.000  0.000  0.000  0.000  0.000  0.000
S1:IDL1      0.000  0.000  0.000  0.000  0.000  0.000  0.000  0.000  0.000
S2:IDL1      0.000  0.000  0.000  0.000  0.000  0.000  0.000  0.000  0.000
IDR1:IDL1    0.000  0.000  0.000  0.000  0.000  0.000  0.000  0.000  0.000
IDR2:IDL1    0.000  0.000  0.000  0.000  0.000  0.000  0.000  0.000  0.000
gr1:S1:IDR1  0.000  0.000  0.000  0.000  0.000  0.000  0.000  0.000  0.000
gr1:S2:IDR1  0.000  0.000  0.000  0.000  0.000  0.000  0.000  0.000  0.000
gr1:S1:IDR2  0.000  0.000  0.000  0.000  0.000  0.000  0.000  0.000  0.000
gr1:S2:IDR2  0.000  0.000  0.000  0.000  0.000  0.000  0.000  0.000  0.000
gr1:S1:IDL1  0.000  0.000  0.000  0.000  0.000  0.000  0.000  0.000  0.000
gr1:S2:IDL1  0.000  0.000  0.000  0.000  0.000  0.000  0.000  0.000  0.000
g1:IDR1:IDL  0.000  0.000  0.000  0.000  0.000  0.000  0.000  0.000  0.000
g1:IDR2:IDL  0.000  0.000  0.000  0.000  0.000  0.000  0.000  0.000  0.000
S1:IDR1:IDL  0.000  0.000  0.000  0.000  0.000  0.000  0.000  0.000  0.000
S2:IDR1:IDL  0.000  0.000  0.000  0.000  0.000  0.000  0.000  0.000  0.000
S1:IDR2:IDL  0.000  0.000  0.000  0.000  0.000  0.000  0.000  0.000  0.000
S2:IDR2:IDL  0.000  0.000  0.000  0.000  0.000  0.000  0.000  0.000  0.000
g1:S1:IDR1:  0.000  0.000  0.000  0.000  0.000  0.000  0.000  0.000  0.000
g1:S2:IDR1:  0.000  0.000  0.000  0.000  0.000  0.000  0.000  0.000  0.000
g1:S1:IDR2:  0.000  0.000  0.000  0.000  0.000  0.000  0.000  0.000  0.000
g1:S2:IDR2:  0.000  0.000  0.000  0.000  0.000  0.000  0.000  0.000  0.000
            gr1:IDR1 gr1:IDR2 S1:IDR1 S2:IDR1 S1:IDR2 S2:IDR2 g1:IDL S1:IDL
grp1                                                                       
S1                                                                         
S2                                                                         
IDR1                                                                       
IDR2                                                                       
IDL1                                                                       
grp1:S1                                                                    
grp1:S2                                                                    
grp1:IDR1                                                                  
grp1:IDR2   -0.500                                                         
S1:IDR1      0.000    0.000                                                
S2:IDR1      0.000    0.000   -0.500                                       
S1:IDR2      0.000    0.000   -0.500   0.250                               
S2:IDR2      0.000    0.000    0.250  -0.500  -0.500                       
grp1:IDL1    0.000    0.000    0.000   0.000   0.000   0.000               
S1:IDL1      0.000    0.000    0.000   0.000   0.000   0.000   0.000       
S2:IDL1      0.000    0.000    0.000   0.000   0.000   0.000   0.000 -0.500
IDR1:IDL1    0.000    0.000    0.000   0.000   0.000   0.000   0.000  0.000
IDR2:IDL1    0.000    0.000    0.000   0.000   0.000   0.000   0.000  0.000
gr1:S1:IDR1  0.000    0.000    0.000   0.000   0.000   0.000   0.000  0.000
gr1:S2:IDR1  0.000    0.000    0.000   0.000   0.000   0.000   0.000  0.000
gr1:S1:IDR2  0.000    0.000    0.000   0.000   0.000   0.000   0.000  0.000
gr1:S2:IDR2  0.000    0.000    0.000   0.000   0.000   0.000   0.000  0.000
gr1:S1:IDL1  0.000    0.000    0.000   0.000   0.000   0.000   0.000  0.000
gr1:S2:IDL1  0.000    0.000    0.000   0.000   0.000   0.000   0.000  0.000
g1:IDR1:IDL  0.000    0.000    0.000   0.000   0.000   0.000   0.000  0.000
g1:IDR2:IDL  0.000    0.000    0.000   0.000   0.000   0.000   0.000  0.000
S1:IDR1:IDL  0.000    0.000    0.000   0.000   0.000   0.000   0.000  0.000
S2:IDR1:IDL  0.000    0.000    0.000   0.000   0.000   0.000   0.000  0.000
S1:IDR2:IDL  0.000    0.000    0.000   0.000   0.000   0.000   0.000  0.000
S2:IDR2:IDL  0.000    0.000    0.000   0.000   0.000   0.000   0.000  0.000
g1:S1:IDR1:  0.000    0.000    0.000   0.000   0.000   0.000   0.000  0.000
g1:S2:IDR1:  0.000    0.000    0.000   0.000   0.000   0.000   0.000  0.000
g1:S1:IDR2:  0.000    0.000    0.000   0.000   0.000   0.000   0.000  0.000
g1:S2:IDR2:  0.000    0.000    0.000   0.000   0.000   0.000   0.000  0.000
            S2:IDL IDR1:I IDR2:I gr1:S1:IDR1 gr1:S2:IDR1 gr1:S1:IDR2
grp1                                                                
S1                                                                  
S2                                                                  
IDR1                                                                
IDR2                                                                
IDL1                                                                
grp1:S1                                                             
grp1:S2                                                             
grp1:IDR1                                                           
grp1:IDR2                                                           
S1:IDR1                                                             
S2:IDR1                                                             
S1:IDR2                                                             
S2:IDR2                                                             
grp1:IDL1                                                           
S1:IDL1                                                             
S2:IDL1                                                             
IDR1:IDL1    0.000                                                  
IDR2:IDL1    0.000 -0.500                                           
gr1:S1:IDR1  0.000  0.000  0.000                                    
gr1:S2:IDR1  0.000  0.000  0.000 -0.500                             
gr1:S1:IDR2  0.000  0.000  0.000 -0.500       0.250                 
gr1:S2:IDR2  0.000  0.000  0.000  0.250      -0.500      -0.500     
gr1:S1:IDL1  0.000  0.000  0.000  0.000       0.000       0.000     
gr1:S2:IDL1  0.000  0.000  0.000  0.000       0.000       0.000     
g1:IDR1:IDL  0.000  0.000  0.000  0.000       0.000       0.000     
g1:IDR2:IDL  0.000  0.000  0.000  0.000       0.000       0.000     
S1:IDR1:IDL  0.000  0.000  0.000  0.000       0.000       0.000     
S2:IDR1:IDL  0.000  0.000  0.000  0.000       0.000       0.000     
S1:IDR2:IDL  0.000  0.000  0.000  0.000       0.000       0.000     
S2:IDR2:IDL  0.000  0.000  0.000  0.000       0.000       0.000     
g1:S1:IDR1:  0.000  0.000  0.000  0.000       0.000       0.000     
g1:S2:IDR1:  0.000  0.000  0.000  0.000       0.000       0.000     
g1:S1:IDR2:  0.000  0.000  0.000  0.000       0.000       0.000     
g1:S2:IDR2:  0.000  0.000  0.000  0.000       0.000       0.000     
            gr1:S2:IDR2 g1:S1:IDL g1:S2:IDL g1:IDR1: g1:IDR2: S1:IDR1: S2:IDR1:
grp1                                                                           
S1                                                                             
S2                                                                             
IDR1                                                                           
IDR2                                                                           
IDL1                                                                           
grp1:S1                                                                        
grp1:S2                                                                        
grp1:IDR1                                                                      
grp1:IDR2                                                                      
S1:IDR1                                                                        
S2:IDR1                                                                        
S1:IDR2                                                                        
S2:IDR2                                                                        
grp1:IDL1                                                                      
S1:IDL1                                                                        
S2:IDL1                                                                        
IDR1:IDL1                                                                      
IDR2:IDL1                                                                      
gr1:S1:IDR1                                                                    
gr1:S2:IDR1                                                                    
gr1:S1:IDR2                                                                    
gr1:S2:IDR2                                                                    
gr1:S1:IDL1  0.000                                                             
gr1:S2:IDL1  0.000      -0.500                                                 
g1:IDR1:IDL  0.000       0.000     0.000                                       
g1:IDR2:IDL  0.000       0.000     0.000    -0.500                             
S1:IDR1:IDL  0.000       0.000     0.000     0.000    0.000                    
S2:IDR1:IDL  0.000       0.000     0.000     0.000    0.000   -0.500           
S1:IDR2:IDL  0.000       0.000     0.000     0.000    0.000   -0.500    0.250  
S2:IDR2:IDL  0.000       0.000     0.000     0.000    0.000    0.250   -0.500  
g1:S1:IDR1:  0.000       0.000     0.000     0.000    0.000    0.000    0.000  
g1:S2:IDR1:  0.000       0.000     0.000     0.000    0.000    0.000    0.000  
g1:S1:IDR2:  0.000       0.000     0.000     0.000    0.000    0.000    0.000  
g1:S2:IDR2:  0.000       0.000     0.000     0.000    0.000    0.000    0.000  
            S1:IDR2: S2:IDR2: g1:S1:IDR1: g1:S2:IDR1: g1:S1:IDR2:
grp1                                                             
S1                                                               
S2                                                               
IDR1                                                             
IDR2                                                             
IDL1                                                             
grp1:S1                                                          
grp1:S2                                                          
grp1:IDR1                                                        
grp1:IDR2                                                        
S1:IDR1                                                          
S2:IDR1                                                          
S1:IDR2                                                          
S2:IDR2                                                          
grp1:IDL1                                                        
S1:IDL1                                                          
S2:IDL1                                                          
IDR1:IDL1                                                        
IDR2:IDL1                                                        
gr1:S1:IDR1                                                      
gr1:S2:IDR1                                                      
gr1:S1:IDR2                                                      
gr1:S2:IDR2                                                      
gr1:S1:IDL1                                                      
gr1:S2:IDL1                                                      
g1:IDR1:IDL                                                      
g1:IDR2:IDL                                                      
S1:IDR1:IDL                                                      
S2:IDR1:IDL                                                      
S1:IDR2:IDL                                                      
S2:IDR2:IDL -0.500                                               
g1:S1:IDR1:  0.000    0.000                                      
g1:S2:IDR1:  0.000    0.000   -0.500                             
g1:S1:IDR2:  0.000    0.000   -0.500       0.250                 
g1:S2:IDR2:  0.000    0.000    0.250      -0.500      -0.500     
