                  Estimate MCMCmean HPD95lower HPD95upper pMCMC Pr(>|t|)
(Intercept)         0.1235   0.1236     0.0458     0.2063 0.001   0.0096
grp1               -0.1120  -0.1118    -0.1934    -0.0292 0.008   0.0188
S1                 -0.0523  -0.0519    -0.0904    -0.0100 0.012   0.0602
S2                 -0.0179  -0.0188    -0.0597     0.0208 0.346   0.5190
IDR1               -0.0309  -0.0303    -0.0652     0.0025 0.102   0.1342
IDR2                0.0328   0.0323    -0.0010     0.0670 0.062   0.1118
IDL1                0.0007   0.0009    -0.0174     0.0200 0.946   0.9553
grp1:S1             0.0488   0.0497     0.0090     0.0893 0.020   0.0792
grp1:S2             0.0157   0.0151    -0.0269     0.0544 0.424   0.5713
grp1:IDR1           0.0369   0.0376     0.0048     0.0738 0.036   0.0733
grp1:IDR2          -0.0366  -0.0371    -0.0725    -0.0046 0.042   0.0761
S1:IDR1             0.0051   0.0052    -0.0244     0.0335 0.716   0.8382
S2:IDR1             0.0050   0.0051    -0.0268     0.0321 0.720   0.8421
S1:IDR2            -0.0083  -0.0085    -0.0398     0.0207 0.588   0.7383
S2:IDR2            -0.0279  -0.0278    -0.0553     0.0022 0.054   0.2615
grp1:IDL1          -0.0037  -0.0034    -0.0206     0.0134 0.668   0.7649
S1:IDL1            -0.0015  -0.0015    -0.0230     0.0189 0.878   0.9311
S2:IDL1             0.0063   0.0061    -0.0132     0.0269 0.546   0.7191
IDR1:IDL1          -0.0853  -0.0855    -0.1060    -0.0646 0.001   0.0000
IDR2:IDL1          -0.0145  -0.0144    -0.0353     0.0054 0.168   0.4104
grp1:S1:IDR1       -0.0110  -0.0111    -0.0419     0.0168 0.486   0.6585
grp1:S2:IDR1       -0.0094  -0.0097    -0.0403     0.0200 0.530   0.7059
grp1:S1:IDR2        0.0118   0.0110    -0.0197     0.0389 0.446   0.6351
grp1:S2:IDR2        0.0304   0.0314     0.0023     0.0592 0.044   0.2226
grp1:S1:IDL1        0.0045   0.0049    -0.0162     0.0256 0.646   0.7965
grp1:S2:IDL1       -0.0025  -0.0030    -0.0217     0.0186 0.746   0.8855
grp1:IDR1:IDL1      0.0793   0.0794     0.0590     0.1017 0.001   0.0000
grp1:IDR2:IDL1      0.0183   0.0180    -0.0025     0.0376 0.082   0.2980
S1:IDR1:IDL1        0.0482   0.0480     0.0153     0.0748 0.002   0.0530
S2:IDR1:IDL1        0.0076   0.0080    -0.0187     0.0395 0.594   0.7605
S1:IDR2:IDL1        0.0188   0.0190    -0.0078     0.0509 0.212   0.4495
S2:IDR2:IDL1       -0.0174  -0.0179    -0.0489     0.0086 0.202   0.4831
grp1:S1:IDR1:IDL1  -0.0425  -0.0428    -0.0691    -0.0110 0.001   0.0876
grp1:S2:IDR1:IDL1  -0.0024  -0.0022    -0.0361     0.0263 0.876   0.9222
grp1:S1:IDR2:IDL1  -0.0224  -0.0224    -0.0514     0.0038 0.136   0.3684
grp1:S2:IDR2:IDL1   0.0151   0.0151    -0.0152     0.0447 0.296   0.5436
NULL
       Length Class      Mode
fixed  6      data.frame list
random 7      data.frame list
Analysis of Variance Table
              Df   Sum Sq  Mean Sq F value
grp            1 0.033650 0.033650  5.5314
S              2 0.042019 0.021010  3.4536
IDR            2 0.019445 0.009722  1.5982
IDL            1 0.000019 0.000019  0.0031
grp:S          2 0.035773 0.017887  2.9402
grp:IDR        2 0.025868 0.012934  2.1261
S:IDR          4 0.015500 0.003875  0.6370
grp:IDL        1 0.000545 0.000545  0.0895
S:IDL          2 0.000859 0.000430  0.0706
IDR:IDL        2 0.229036 0.114518 18.8245
grp:S:IDR      4 0.019161 0.004790  0.7874
grp:S:IDL      2 0.000407 0.000203  0.0334
grp:IDR:IDL    2 0.212220 0.106110 17.4424
S:IDR:IDL      4 0.061342 0.015335  2.5209
grp:S:IDR:IDL  4 0.051334 0.012834  2.1096
Linear mixed model fit by REML 
Formula: get(vname) ~ (1 | pp) + (1 | pp/S) + (1 | pp/IDR) + (1 | pp/IDL) +      (1 | pp/S:IDR:IDL) + grp * S * IDR * IDL 
   Data: mdata 
  AIC    BIC logLik deviance REMLdev
 -431 -233.6  261.5   -737.4    -523
Random effects:
 Groups       Name        Variance   Std.Dev.  
 S:IDR:IDL:pp (Intercept) 2.5765e-02 1.6051e-01
 IDR:pp       (Intercept) 1.7107e-03 4.1361e-02
 S:pp         (Intercept) 6.9318e-03 8.3257e-02
 IDL:pp       (Intercept) 1.4006e-12 1.1835e-06
 pp           (Intercept) 3.6299e-03 6.0249e-02
 pp           (Intercept) 3.6300e-03 6.0249e-02
 pp           (Intercept) 3.6300e-03 6.0249e-02
 pp           (Intercept) 3.6299e-03 6.0249e-02
 pp           (Intercept) 3.6300e-03 6.0249e-02
 Residual                 6.0834e-03 7.7996e-02
Number of obs: 540, groups: S:IDR:IDL:pp, 180; IDR:pp, 30; S:pp, 30; IDL:pp, 20; pp, 10

Fixed effects:
                    Estimate Std. Error t value
(Intercept)        0.1235000  0.0475122   2.599
grp1              -0.1120098  0.0475122  -2.357
S1                -0.0523026  0.0277655  -1.884
S2                -0.0179190  0.0277655  -0.645
IDR1              -0.0308516  0.0205631  -1.500
IDR2               0.0327532  0.0205631   1.593
IDL1               0.0006967  0.0124260   0.056
grp1:S1            0.0488326  0.0277655   1.759
grp1:S2            0.0157299  0.0277655   0.567
grp1:IDR1          0.0369050  0.0205631   1.795
grp1:IDR2         -0.0365534  0.0205631  -1.778
S1:IDR1            0.0050765  0.0248520   0.204
S2:IDR1            0.0049526  0.0248520   0.199
S1:IDR2           -0.0083083  0.0248520  -0.334
S2:IDR2           -0.0279349  0.0248520  -1.124
grp1:IDL1         -0.0037177  0.0124260  -0.299
S1:IDL1           -0.0015204  0.0175730  -0.087
S2:IDL1            0.0063246  0.0175730   0.360
IDR1:IDL1         -0.0852820  0.0175730  -4.853
IDR2:IDL1         -0.0144777  0.0175730  -0.824
grp1:S1:IDR1      -0.0109905  0.0248520  -0.442
grp1:S2:IDR1      -0.0093845  0.0248520  -0.378
grp1:S1:IDR2       0.0118007  0.0248520   0.475
grp1:S2:IDR2       0.0303509  0.0248520   1.221
grp1:S1:IDL1       0.0045333  0.0175730   0.258
grp1:S2:IDL1      -0.0025319  0.0175730  -0.144
grp1:IDR1:IDL1     0.0793115  0.0175730   4.513
grp1:IDR2:IDL1     0.0183058  0.0175730   1.042
S1:IDR1:IDL1       0.0482066  0.0248520   1.940
S2:IDR1:IDL1       0.0075798  0.0248520   0.305
S1:IDR2:IDL1       0.0188097  0.0248520   0.757
S2:IDR2:IDL1      -0.0174431  0.0248520  -0.702
grp1:S1:IDR1:IDL1 -0.0425407  0.0248520  -1.712
grp1:S2:IDR1:IDL1 -0.0024279  0.0248520  -0.098
grp1:S1:IDR2:IDL1 -0.0223746  0.0248520  -0.900
grp1:S2:IDR2:IDL1  0.0151044  0.0248520   0.608

Correlation of Fixed Effects:
            (Intr) grp1   S1     S2     IDR1   IDR2   IDL1   gr1:S1 gr1:S2
grp1         0.000                                                        
S1           0.000  0.000                                                 
S2           0.000  0.000 -0.500                                          
IDR1         0.000  0.000  0.000  0.000                                   
IDR2         0.000  0.000  0.000  0.000 -0.500                            
IDL1         0.000  0.000  0.000  0.000  0.000  0.000                     
grp1:S1      0.000  0.000  0.000  0.000  0.000  0.000  0.000              
grp1:S2      0.000  0.000  0.000  0.000  0.000  0.000  0.000 -0.500       
grp1:IDR1    0.000  0.000  0.000  0.000  0.000  0.000  0.000  0.000  0.000
grp1:IDR2    0.000  0.000  0.000  0.000  0.000  0.000  0.000  0.000  0.000
S1:IDR1      0.000  0.000  0.000  0.000  0.000  0.000  0.000  0.000  0.000
S2:IDR1      0.000  0.000  0.000  0.000  0.000  0.000  0.000  0.000  0.000
S1:IDR2      0.000  0.000  0.000  0.000  0.000  0.000  0.000  0.000  0.000
S2:IDR2      0.000  0.000  0.000  0.000  0.000  0.000  0.000  0.000  0.000
grp1:IDL1    0.000  0.000  0.000  0.000  0.000  0.000  0.000  0.000  0.000
S1:IDL1      0.000  0.000  0.000  0.000  0.000  0.000  0.000  0.000  0.000
S2:IDL1      0.000  0.000  0.000  0.000  0.000  0.000  0.000  0.000  0.000
IDR1:IDL1    0.000  0.000  0.000  0.000  0.000  0.000  0.000  0.000  0.000
IDR2:IDL1    0.000  0.000  0.000  0.000  0.000  0.000  0.000  0.000  0.000
gr1:S1:IDR1  0.000  0.000  0.000  0.000  0.000  0.000  0.000  0.000  0.000
gr1:S2:IDR1  0.000  0.000  0.000  0.000  0.000  0.000  0.000  0.000  0.000
gr1:S1:IDR2  0.000  0.000  0.000  0.000  0.000  0.000  0.000  0.000  0.000
gr1:S2:IDR2  0.000  0.000  0.000  0.000  0.000  0.000  0.000  0.000  0.000
gr1:S1:IDL1  0.000  0.000  0.000  0.000  0.000  0.000  0.000  0.000  0.000
gr1:S2:IDL1  0.000  0.000  0.000  0.000  0.000  0.000  0.000  0.000  0.000
g1:IDR1:IDL  0.000  0.000  0.000  0.000  0.000  0.000  0.000  0.000  0.000
g1:IDR2:IDL  0.000  0.000  0.000  0.000  0.000  0.000  0.000  0.000  0.000
S1:IDR1:IDL  0.000  0.000  0.000  0.000  0.000  0.000  0.000  0.000  0.000
S2:IDR1:IDL  0.000  0.000  0.000  0.000  0.000  0.000  0.000  0.000  0.000
S1:IDR2:IDL  0.000  0.000  0.000  0.000  0.000  0.000  0.000  0.000  0.000
S2:IDR2:IDL  0.000  0.000  0.000  0.000  0.000  0.000  0.000  0.000  0.000
g1:S1:IDR1:  0.000  0.000  0.000  0.000  0.000  0.000  0.000  0.000  0.000
g1:S2:IDR1:  0.000  0.000  0.000  0.000  0.000  0.000  0.000  0.000  0.000
g1:S1:IDR2:  0.000  0.000  0.000  0.000  0.000  0.000  0.000  0.000  0.000
g1:S2:IDR2:  0.000  0.000  0.000  0.000  0.000  0.000  0.000  0.000  0.000
            gr1:IDR1 gr1:IDR2 S1:IDR1 S2:IDR1 S1:IDR2 S2:IDR2 g1:IDL S1:IDL
grp1                                                                       
S1                                                                         
S2                                                                         
IDR1                                                                       
IDR2                                                                       
IDL1                                                                       
grp1:S1                                                                    
grp1:S2                                                                    
grp1:IDR1                                                                  
grp1:IDR2   -0.500                                                         
S1:IDR1      0.000    0.000                                                
S2:IDR1      0.000    0.000   -0.500                                       
S1:IDR2      0.000    0.000   -0.500   0.250                               
S2:IDR2      0.000    0.000    0.250  -0.500  -0.500                       
grp1:IDL1    0.000    0.000    0.000   0.000   0.000   0.000               
S1:IDL1      0.000    0.000    0.000   0.000   0.000   0.000   0.000       
S2:IDL1      0.000    0.000    0.000   0.000   0.000   0.000   0.000 -0.500
IDR1:IDL1    0.000    0.000    0.000   0.000   0.000   0.000   0.000  0.000
IDR2:IDL1    0.000    0.000    0.000   0.000   0.000   0.000   0.000  0.000
gr1:S1:IDR1  0.000    0.000    0.000   0.000   0.000   0.000   0.000  0.000
gr1:S2:IDR1  0.000    0.000    0.000   0.000   0.000   0.000   0.000  0.000
gr1:S1:IDR2  0.000    0.000    0.000   0.000   0.000   0.000   0.000  0.000
gr1:S2:IDR2  0.000    0.000    0.000   0.000   0.000   0.000   0.000  0.000
gr1:S1:IDL1  0.000    0.000    0.000   0.000   0.000   0.000   0.000  0.000
gr1:S2:IDL1  0.000    0.000    0.000   0.000   0.000   0.000   0.000  0.000
g1:IDR1:IDL  0.000    0.000    0.000   0.000   0.000   0.000   0.000  0.000
g1:IDR2:IDL  0.000    0.000    0.000   0.000   0.000   0.000   0.000  0.000
S1:IDR1:IDL  0.000    0.000    0.000   0.000   0.000   0.000   0.000  0.000
S2:IDR1:IDL  0.000    0.000    0.000   0.000   0.000   0.000   0.000  0.000
S1:IDR2:IDL  0.000    0.000    0.000   0.000   0.000   0.000   0.000  0.000
S2:IDR2:IDL  0.000    0.000    0.000   0.000   0.000   0.000   0.000  0.000
g1:S1:IDR1:  0.000    0.000    0.000   0.000   0.000   0.000   0.000  0.000
g1:S2:IDR1:  0.000    0.000    0.000   0.000   0.000   0.000   0.000  0.000
g1:S1:IDR2:  0.000    0.000    0.000   0.000   0.000   0.000   0.000  0.000
g1:S2:IDR2:  0.000    0.000    0.000   0.000   0.000   0.000   0.000  0.000
            S2:IDL IDR1:I IDR2:I gr1:S1:IDR1 gr1:S2:IDR1 gr1:S1:IDR2
grp1                                                                
S1                                                                  
S2                                                                  
IDR1                                                                
IDR2                                                                
IDL1                                                                
grp1:S1                                                             
grp1:S2                                                             
grp1:IDR1                                                           
grp1:IDR2                                                           
S1:IDR1                                                             
S2:IDR1                                                             
S1:IDR2                                                             
S2:IDR2                                                             
grp1:IDL1                                                           
S1:IDL1                                                             
S2:IDL1                                                             
IDR1:IDL1    0.000                                                  
IDR2:IDL1    0.000 -0.500                                           
gr1:S1:IDR1  0.000  0.000  0.000                                    
gr1:S2:IDR1  0.000  0.000  0.000 -0.500                             
gr1:S1:IDR2  0.000  0.000  0.000 -0.500       0.250                 
gr1:S2:IDR2  0.000  0.000  0.000  0.250      -0.500      -0.500     
gr1:S1:IDL1  0.000  0.000  0.000  0.000       0.000       0.000     
gr1:S2:IDL1  0.000  0.000  0.000  0.000       0.000       0.000     
g1:IDR1:IDL  0.000  0.000  0.000  0.000       0.000       0.000     
g1:IDR2:IDL  0.000  0.000  0.000  0.000       0.000       0.000     
S1:IDR1:IDL  0.000  0.000  0.000  0.000       0.000       0.000     
S2:IDR1:IDL  0.000  0.000  0.000  0.000       0.000       0.000     
S1:IDR2:IDL  0.000  0.000  0.000  0.000       0.000       0.000     
S2:IDR2:IDL  0.000  0.000  0.000  0.000       0.000       0.000     
g1:S1:IDR1:  0.000  0.000  0.000  0.000       0.000       0.000     
g1:S2:IDR1:  0.000  0.000  0.000  0.000       0.000       0.000     
g1:S1:IDR2:  0.000  0.000  0.000  0.000       0.000       0.000     
g1:S2:IDR2:  0.000  0.000  0.000  0.000       0.000       0.000     
            gr1:S2:IDR2 g1:S1:IDL g1:S2:IDL g1:IDR1: g1:IDR2: S1:IDR1: S2:IDR1:
grp1                                                                           
S1                                                                             
S2                                                                             
IDR1                                                                           
IDR2                                                                           
IDL1                                                                           
grp1:S1                                                                        
grp1:S2                                                                        
grp1:IDR1                                                                      
grp1:IDR2                                                                      
S1:IDR1                                                                        
S2:IDR1                                                                        
S1:IDR2                                                                        
S2:IDR2                                                                        
grp1:IDL1                                                                      
S1:IDL1                                                                        
S2:IDL1                                                                        
IDR1:IDL1                                                                      
IDR2:IDL1                                                                      
gr1:S1:IDR1                                                                    
gr1:S2:IDR1                                                                    
gr1:S1:IDR2                                                                    
gr1:S2:IDR2                                                                    
gr1:S1:IDL1  0.000                                                             
gr1:S2:IDL1  0.000      -0.500                                                 
g1:IDR1:IDL  0.000       0.000     0.000                                       
g1:IDR2:IDL  0.000       0.000     0.000    -0.500                             
S1:IDR1:IDL  0.000       0.000     0.000     0.000    0.000                    
S2:IDR1:IDL  0.000       0.000     0.000     0.000    0.000   -0.500           
S1:IDR2:IDL  0.000       0.000     0.000     0.000    0.000   -0.500    0.250  
S2:IDR2:IDL  0.000       0.000     0.000     0.000    0.000    0.250   -0.500  
g1:S1:IDR1:  0.000       0.000     0.000     0.000    0.000    0.000    0.000  
g1:S2:IDR1:  0.000       0.000     0.000     0.000    0.000    0.000    0.000  
g1:S1:IDR2:  0.000       0.000     0.000     0.000    0.000    0.000    0.000  
g1:S2:IDR2:  0.000       0.000     0.000     0.000    0.000    0.000    0.000  
            S1:IDR2: S2:IDR2: g1:S1:IDR1: g1:S2:IDR1: g1:S1:IDR2:
grp1                                                             
S1                                                               
S2                                                               
IDR1                                                             
IDR2                                                             
IDL1                                                             
grp1:S1                                                          
grp1:S2                                                          
grp1:IDR1                                                        
grp1:IDR2                                                        
S1:IDR1                                                          
S2:IDR1                                                          
S1:IDR2                                                          
S2:IDR2                                                          
grp1:IDL1                                                        
S1:IDL1                                                          
S2:IDL1                                                          
IDR1:IDL1                                                        
IDR2:IDL1                                                        
gr1:S1:IDR1                                                      
gr1:S2:IDR1                                                      
gr1:S1:IDR2                                                      
gr1:S2:IDR2                                                      
gr1:S1:IDL1                                                      
gr1:S2:IDL1                                                      
g1:IDR1:IDL                                                      
g1:IDR2:IDL                                                      
S1:IDR1:IDL                                                      
S2:IDR1:IDL                                                      
S1:IDR2:IDL                                                      
S2:IDR2:IDL -0.500                                               
g1:S1:IDR1:  0.000    0.000                                      
g1:S2:IDR1:  0.000    0.000   -0.500                             
g1:S1:IDR2:  0.000    0.000   -0.500       0.250                 
g1:S2:IDR2:  0.000    0.000    0.250      -0.500      -0.500     
