                  Estimate MCMCmean HPD95lower HPD95upper pMCMC Pr(>|t|)
(Intercept)         4.8459   4.8463     4.3772     5.2776 0.001   0.0000
grp1                0.1596   0.1559    -0.3482     0.5890 0.462   0.4918
S1                 -1.1070  -1.1033    -1.2948    -0.8925 0.001   0.0000
S2                  0.2192   0.2178     0.0100     0.4173 0.034   0.0737
IDR1               -1.2413  -1.2391    -1.4559    -1.0477 0.001   0.0000
IDR2               -0.1850  -0.1905    -0.3829     0.0042 0.062   0.1214
IDL1               -1.1688  -1.1675    -1.4160    -0.9370 0.001   0.0000
grp1:S1            -0.1061  -0.1042    -0.3089     0.1095 0.318   0.3862
grp1:S2             0.1156   0.1196    -0.0760     0.3386 0.220   0.3449
grp1:IDR1          -0.3150  -0.3164    -0.5184    -0.1350 0.006   0.0085
grp1:IDR2           0.1013   0.1051    -0.0949     0.3142 0.294   0.3958
S1:IDR1             0.2758   0.2754     0.1266     0.4563 0.006   0.0232
S2:IDR1            -0.1560  -0.1565    -0.3222     0.0069 0.078   0.1984
S1:IDR2             0.0877   0.0870    -0.0747     0.2535 0.306   0.4694
S2:IDR2             0.1869   0.1921     0.0122     0.3490 0.036   0.1234
grp1:IDL1           0.2319   0.2305    -0.0219     0.4793 0.072   0.2432
S1:IDL1             0.5547   0.5543     0.4238     0.6655 0.001   0.0000
S2:IDL1            -0.0758  -0.0747    -0.1908     0.0420 0.220   0.3768
IDR1:IDL1           0.8656   0.8681     0.7409     0.9721 0.001   0.0000
IDR2:IDL1           0.2363   0.2348     0.1265     0.3514 0.001   0.0060
grp1:S1:IDR1        0.2788   0.2801     0.1186     0.4407 0.002   0.0218
grp1:S2:IDR1       -0.1569  -0.1607    -0.3208     0.0156 0.076   0.1958
grp1:S1:IDR2        0.0089   0.0102    -0.1500     0.1868 0.898   0.9417
grp1:S2:IDR2       -0.0009   0.0029    -0.1518     0.1827 0.964   0.9941
grp1:S1:IDL1       -0.0241  -0.0235    -0.1380     0.1008 0.680   0.7784
grp1:S2:IDL1       -0.1485  -0.1501    -0.2606    -0.0395 0.012   0.0836
grp1:IDR1:IDL1      0.1395   0.1390     0.0171     0.2519 0.024   0.1040
grp1:IDR2:IDL1     -0.1117  -0.1135    -0.2199     0.0083 0.056   0.1929
S1:IDR1:IDL1       -0.4131  -0.4144    -0.5767    -0.2448 0.001   0.0007
S2:IDR1:IDL1        0.1937   0.1979     0.0266     0.3619 0.024   0.1104
S1:IDR2:IDL1       -0.1150  -0.1181    -0.2793     0.0388 0.168   0.3430
S2:IDR2:IDL1       -0.1544  -0.1551    -0.3272     0.0153 0.084   0.2031
grp1:S1:IDR1:IDL1  -0.1345  -0.1354    -0.2964     0.0381 0.120   0.2675
grp1:S2:IDR1:IDL1   0.1429   0.1444    -0.0149     0.3119 0.090   0.2386
grp1:S1:IDR2:IDL1   0.0206   0.0232    -0.1505     0.2077 0.776   0.8652
grp1:S2:IDR2:IDL1  -0.0676  -0.0715    -0.2395     0.0914 0.408   0.5770
NULL
       Length Class      Mode
fixed  6      data.frame list
random 7      data.frame list
Analysis of Variance Table
              Df Sum Sq Mean Sq F value
grp            1  0.184   0.184  0.4668
S              2 36.291  18.145 45.9205
IDR            2 66.887  33.444 84.6355
IDL            1 13.703  13.703 34.6791
grp:S          2  0.435   0.218  0.5507
grp:IDR        2  2.875   1.438  3.6379
S:IDR          4  6.242   1.561  3.9492
grp:IDL        1  0.540   0.540  1.3654
S:IDL          2 19.497   9.749 24.6705
IDR:IDL        2 72.525  36.262 91.7691
grp:S:IDR      4  2.895   0.724  1.8316
grp:S:IDL      2  1.882   0.941  2.3813
grp:IDR:IDL    2  1.175   0.587  1.4863
S:IDR:IDL      4 10.595   2.649  6.7035
grp:S:IDR:IDL  4  0.789   0.197  0.4992
Linear mixed model fit by REML 
Formula: get(vname) ~ (1 | pp) + (1 | pp/S) + (1 | pp/IDR) + (1 | pp/IDL) +      (1 | pp/S:IDR:IDL) + grp * S * IDR * IDL 
   Data: mdata 
  AIC  BIC logLik deviance REMLdev
 1549 1746 -728.5     1362    1457
Random effects:
 Groups       Name        Variance Std.Dev.
 S:IDR:IDL:pp (Intercept) 0.528443 0.72694 
 IDR:pp       (Intercept) 0.103191 0.32123 
 S:pp         (Intercept) 0.114465 0.33833 
 IDL:pp       (Intercept) 0.714432 0.84524 
 pp           (Intercept) 0.014409 0.12004 
 pp           (Intercept) 0.014409 0.12004 
 pp           (Intercept) 0.014409 0.12004 
 pp           (Intercept) 0.014410 0.12004 
 pp           (Intercept) 0.014410 0.12004 
 Residual                 0.395149 0.62861 
Number of obs: 540, groups: S:IDR:IDL:pp, 180; IDR:pp, 30; S:pp, 30; IDL:pp, 20; pp, 10

Fixed effects:
                    Estimate Std. Error t value
(Intercept)        4.8458569  0.2320323  20.884
grp1               0.1596213  0.2320323   0.688
S1                -1.1070302  0.1223359  -9.049
S2                 0.2192420  0.1223359   1.792
IDR1              -1.2412696  0.1192244 -10.411
IDR2              -0.1849769  0.1192244  -1.552
IDL1              -1.1687520  0.1984670  -5.889
grp1:S1           -0.1061080  0.1223359  -0.867
grp1:S2            0.1156465  0.1223359   0.945
grp1:IDR1         -0.3149830  0.1192244  -2.642
grp1:IDR2          0.1013209  0.1192244   0.850
S1:IDR1            0.2757580  0.1211206   2.277
S2:IDR1           -0.1559643  0.1211206  -1.288
S1:IDR2            0.0876985  0.1211206   0.724
S2:IDR2            0.1869413  0.1211206   1.543
grp1:IDL1          0.2319065  0.1984670   1.168
S1:IDL1            0.5547331  0.0856452   6.477
S2:IDL1           -0.0757624  0.0856452  -0.885
IDR1:IDL1          0.8656026  0.0856452  10.107
IDR2:IDL1          0.2363420  0.0856452   2.760
grp1:S1:IDR1       0.2787780  0.1211206   2.302
grp1:S2:IDR1      -0.1568965  0.1211206  -1.295
grp1:S1:IDR2       0.0088674  0.1211206   0.073
grp1:S2:IDR2      -0.0008987  0.1211206  -0.007
grp1:S1:IDL1      -0.0241187  0.0856452  -0.282
grp1:S2:IDL1      -0.1484543  0.0856452  -1.733
grp1:IDR1:IDL1     0.1395085  0.0856452   1.629
grp1:IDR2:IDL1    -0.1116587  0.0856452  -1.304
S1:IDR1:IDL1      -0.4130820  0.1211206  -3.411
S2:IDR1:IDL1       0.1937069  0.1211206   1.599
S1:IDR2:IDL1      -0.1149681  0.1211206  -0.949
S2:IDR2:IDL1      -0.1543543  0.1211206  -1.274
grp1:S1:IDR1:IDL1 -0.1344613  0.1211206  -1.110
grp1:S2:IDR1:IDL1  0.1429043  0.1211206   1.180
grp1:S1:IDR2:IDL1  0.0205726  0.1211206   0.170
grp1:S2:IDR2:IDL1 -0.0676069  0.1211206  -0.558

Correlation of Fixed Effects:
            (Intr) grp1   S1     S2     IDR1   IDR2   IDL1   gr1:S1 gr1:S2
grp1         0.000                                                        
S1           0.000  0.000                                                 
S2           0.000  0.000 -0.500                                          
IDR1         0.000  0.000  0.000  0.000                                   
IDR2         0.000  0.000  0.000  0.000 -0.500                            
IDL1         0.000  0.000  0.000  0.000  0.000  0.000                     
grp1:S1      0.000  0.000  0.000  0.000  0.000  0.000  0.000              
grp1:S2      0.000  0.000  0.000  0.000  0.000  0.000  0.000 -0.500       
grp1:IDR1    0.000  0.000  0.000  0.000  0.000  0.000  0.000  0.000  0.000
grp1:IDR2    0.000  0.000  0.000  0.000  0.000  0.000  0.000  0.000  0.000
S1:IDR1      0.000  0.000  0.000  0.000  0.000  0.000  0.000  0.000  0.000
S2:IDR1      0.000  0.000  0.000  0.000  0.000  0.000  0.000  0.000  0.000
S1:IDR2      0.000  0.000  0.000  0.000  0.000  0.000  0.000  0.000  0.000
S2:IDR2      0.000  0.000  0.000  0.000  0.000  0.000  0.000  0.000  0.000
grp1:IDL1    0.000  0.000  0.000  0.000  0.000  0.000  0.000  0.000  0.000
S1:IDL1      0.000  0.000  0.000  0.000  0.000  0.000  0.000  0.000  0.000
S2:IDL1      0.000  0.000  0.000  0.000  0.000  0.000  0.000  0.000  0.000
IDR1:IDL1    0.000  0.000  0.000  0.000  0.000  0.000  0.000  0.000  0.000
IDR2:IDL1    0.000  0.000  0.000  0.000  0.000  0.000  0.000  0.000  0.000
gr1:S1:IDR1  0.000  0.000  0.000  0.000  0.000  0.000  0.000  0.000  0.000
gr1:S2:IDR1  0.000  0.000  0.000  0.000  0.000  0.000  0.000  0.000  0.000
gr1:S1:IDR2  0.000  0.000  0.000  0.000  0.000  0.000  0.000  0.000  0.000
gr1:S2:IDR2  0.000  0.000  0.000  0.000  0.000  0.000  0.000  0.000  0.000
gr1:S1:IDL1  0.000  0.000  0.000  0.000  0.000  0.000  0.000  0.000  0.000
gr1:S2:IDL1  0.000  0.000  0.000  0.000  0.000  0.000  0.000  0.000  0.000
g1:IDR1:IDL  0.000  0.000  0.000  0.000  0.000  0.000  0.000  0.000  0.000
g1:IDR2:IDL  0.000  0.000  0.000  0.000  0.000  0.000  0.000  0.000  0.000
S1:IDR1:IDL  0.000  0.000  0.000  0.000  0.000  0.000  0.000  0.000  0.000
S2:IDR1:IDL  0.000  0.000  0.000  0.000  0.000  0.000  0.000  0.000  0.000
S1:IDR2:IDL  0.000  0.000  0.000  0.000  0.000  0.000  0.000  0.000  0.000
S2:IDR2:IDL  0.000  0.000  0.000  0.000  0.000  0.000  0.000  0.000  0.000
g1:S1:IDR1:  0.000  0.000  0.000  0.000  0.000  0.000  0.000  0.000  0.000
g1:S2:IDR1:  0.000  0.000  0.000  0.000  0.000  0.000  0.000  0.000  0.000
g1:S1:IDR2:  0.000  0.000  0.000  0.000  0.000  0.000  0.000  0.000  0.000
g1:S2:IDR2:  0.000  0.000  0.000  0.000  0.000  0.000  0.000  0.000  0.000
            gr1:IDR1 gr1:IDR2 S1:IDR1 S2:IDR1 S1:IDR2 S2:IDR2 g1:IDL S1:IDL
grp1                                                                       
S1                                                                         
S2                                                                         
IDR1                                                                       
IDR2                                                                       
IDL1                                                                       
grp1:S1                                                                    
grp1:S2                                                                    
grp1:IDR1                                                                  
grp1:IDR2   -0.500                                                         
S1:IDR1      0.000    0.000                                                
S2:IDR1      0.000    0.000   -0.500                                       
S1:IDR2      0.000    0.000   -0.500   0.250                               
S2:IDR2      0.000    0.000    0.250  -0.500  -0.500                       
grp1:IDL1    0.000    0.000    0.000   0.000   0.000   0.000               
S1:IDL1      0.000    0.000    0.000   0.000   0.000   0.000   0.000       
S2:IDL1      0.000    0.000    0.000   0.000   0.000   0.000   0.000 -0.500
IDR1:IDL1    0.000    0.000    0.000   0.000   0.000   0.000   0.000  0.000
IDR2:IDL1    0.000    0.000    0.000   0.000   0.000   0.000   0.000  0.000
gr1:S1:IDR1  0.000    0.000    0.000   0.000   0.000   0.000   0.000  0.000
gr1:S2:IDR1  0.000    0.000    0.000   0.000   0.000   0.000   0.000  0.000
gr1:S1:IDR2  0.000    0.000    0.000   0.000   0.000   0.000   0.000  0.000
gr1:S2:IDR2  0.000    0.000    0.000   0.000   0.000   0.000   0.000  0.000
gr1:S1:IDL1  0.000    0.000    0.000   0.000   0.000   0.000   0.000  0.000
gr1:S2:IDL1  0.000    0.000    0.000   0.000   0.000   0.000   0.000  0.000
g1:IDR1:IDL  0.000    0.000    0.000   0.000   0.000   0.000   0.000  0.000
g1:IDR2:IDL  0.000    0.000    0.000   0.000   0.000   0.000   0.000  0.000
S1:IDR1:IDL  0.000    0.000    0.000   0.000   0.000   0.000   0.000  0.000
S2:IDR1:IDL  0.000    0.000    0.000   0.000   0.000   0.000   0.000  0.000
S1:IDR2:IDL  0.000    0.000    0.000   0.000   0.000   0.000   0.000  0.000
S2:IDR2:IDL  0.000    0.000    0.000   0.000   0.000   0.000   0.000  0.000
g1:S1:IDR1:  0.000    0.000    0.000   0.000   0.000   0.000   0.000  0.000
g1:S2:IDR1:  0.000    0.000    0.000   0.000   0.000   0.000   0.000  0.000
g1:S1:IDR2:  0.000    0.000    0.000   0.000   0.000   0.000   0.000  0.000
g1:S2:IDR2:  0.000    0.000    0.000   0.000   0.000   0.000   0.000  0.000
            S2:IDL IDR1:I IDR2:I gr1:S1:IDR1 gr1:S2:IDR1 gr1:S1:IDR2
grp1                                                                
S1                                                                  
S2                                                                  
IDR1                                                                
IDR2                                                                
IDL1                                                                
grp1:S1                                                             
grp1:S2                                                             
grp1:IDR1                                                           
grp1:IDR2                                                           
S1:IDR1                                                             
S2:IDR1                                                             
S1:IDR2                                                             
S2:IDR2                                                             
grp1:IDL1                                                           
S1:IDL1                                                             
S2:IDL1                                                             
IDR1:IDL1    0.000                                                  
IDR2:IDL1    0.000 -0.500                                           
gr1:S1:IDR1  0.000  0.000  0.000                                    
gr1:S2:IDR1  0.000  0.000  0.000 -0.500                             
gr1:S1:IDR2  0.000  0.000  0.000 -0.500       0.250                 
gr1:S2:IDR2  0.000  0.000  0.000  0.250      -0.500      -0.500     
gr1:S1:IDL1  0.000  0.000  0.000  0.000       0.000       0.000     
gr1:S2:IDL1  0.000  0.000  0.000  0.000       0.000       0.000     
g1:IDR1:IDL  0.000  0.000  0.000  0.000       0.000       0.000     
g1:IDR2:IDL  0.000  0.000  0.000  0.000       0.000       0.000     
S1:IDR1:IDL  0.000  0.000  0.000  0.000       0.000       0.000     
S2:IDR1:IDL  0.000  0.000  0.000  0.000       0.000       0.000     
S1:IDR2:IDL  0.000  0.000  0.000  0.000       0.000       0.000     
S2:IDR2:IDL  0.000  0.000  0.000  0.000       0.000       0.000     
g1:S1:IDR1:  0.000  0.000  0.000  0.000       0.000       0.000     
g1:S2:IDR1:  0.000  0.000  0.000  0.000       0.000       0.000     
g1:S1:IDR2:  0.000  0.000  0.000  0.000       0.000       0.000     
g1:S2:IDR2:  0.000  0.000  0.000  0.000       0.000       0.000     
            gr1:S2:IDR2 g1:S1:IDL g1:S2:IDL g1:IDR1: g1:IDR2: S1:IDR1: S2:IDR1:
grp1                                                                           
S1                                                                             
S2                                                                             
IDR1                                                                           
IDR2                                                                           
IDL1                                                                           
grp1:S1                                                                        
grp1:S2                                                                        
grp1:IDR1                                                                      
grp1:IDR2                                                                      
S1:IDR1                                                                        
S2:IDR1                                                                        
S1:IDR2                                                                        
S2:IDR2                                                                        
grp1:IDL1                                                                      
S1:IDL1                                                                        
S2:IDL1                                                                        
IDR1:IDL1                                                                      
IDR2:IDL1                                                                      
gr1:S1:IDR1                                                                    
gr1:S2:IDR1                                                                    
gr1:S1:IDR2                                                                    
gr1:S2:IDR2                                                                    
gr1:S1:IDL1  0.000                                                             
gr1:S2:IDL1  0.000      -0.500                                                 
g1:IDR1:IDL  0.000       0.000     0.000                                       
g1:IDR2:IDL  0.000       0.000     0.000    -0.500                             
S1:IDR1:IDL  0.000       0.000     0.000     0.000    0.000                    
S2:IDR1:IDL  0.000       0.000     0.000     0.000    0.000   -0.500           
S1:IDR2:IDL  0.000       0.000     0.000     0.000    0.000   -0.500    0.250  
S2:IDR2:IDL  0.000       0.000     0.000     0.000    0.000    0.250   -0.500  
g1:S1:IDR1:  0.000       0.000     0.000     0.000    0.000    0.000    0.000  
g1:S2:IDR1:  0.000       0.000     0.000     0.000    0.000    0.000    0.000  
g1:S1:IDR2:  0.000       0.000     0.000     0.000    0.000    0.000    0.000  
g1:S2:IDR2:  0.000       0.000     0.000     0.000    0.000    0.000    0.000  
            S1:IDR2: S2:IDR2: g1:S1:IDR1: g1:S2:IDR1: g1:S1:IDR2:
grp1                                                             
S1                                                               
S2                                                               
IDR1                                                             
IDR2                                                             
IDL1                                                             
grp1:S1                                                          
grp1:S2                                                          
grp1:IDR1                                                        
grp1:IDR2                                                        
S1:IDR1                                                          
S2:IDR1                                                          
S1:IDR2                                                          
S2:IDR2                                                          
grp1:IDL1                                                        
S1:IDL1                                                          
S2:IDL1                                                          
IDR1:IDL1                                                        
IDR2:IDL1                                                        
gr1:S1:IDR1                                                      
gr1:S2:IDR1                                                      
gr1:S1:IDR2                                                      
gr1:S2:IDR2                                                      
gr1:S1:IDL1                                                      
gr1:S2:IDL1                                                      
g1:IDR1:IDL                                                      
g1:IDR2:IDL                                                      
S1:IDR1:IDL                                                      
S2:IDR1:IDL                                                      
S1:IDR2:IDL                                                      
S2:IDR2:IDL -0.500                                               
g1:S1:IDR1:  0.000    0.000                                      
g1:S2:IDR1:  0.000    0.000   -0.500                             
g1:S1:IDR2:  0.000    0.000   -0.500       0.250                 
g1:S2:IDR2:  0.000    0.000    0.250      -0.500      -0.500     
