[1] "Summary by group"
  grp IPerfEfL.m IPerfEfL.s
1   C   5.005478   2.480502
2   U   4.686236   2.442874
[1] "Summary by session\n"
  S IPerfEfL.m IPerfEfL.s
1 1   3.738827   1.419416
2 2   5.065099   2.391012
3 3   5.733645   2.913169
[1] "Summary by IDR+IDR\n"
  IDL IDR IPerfEfL.m IPerfEfL.s
1   D   D   3.301438  0.6965647
2   D   M   3.728470  0.8151354
3   D   E   4.001407  0.9181619
4   E   D   3.907737  1.5482432
5   E   M   5.593290  1.7215689
6   E   E   8.542800  3.1246502
[1] "Summary by group + Session\n"
  grp S IPerfEfL.m IPerfEfL.s
1   C 1   3.792340   1.287038
2   C 2   5.340367   2.591393
3   C 3   5.883728   2.800627
4   U 1   3.685313   1.545917
5   U 2   4.789831   2.151638
6   U 3   5.583562   3.029753
[1] "Summary by Session + IDR + IDL \n"
   S IDL IDR IPerfEfL.m IPerfEfL.s
1  1   D   D   2.611817  0.4696921
2  1   D   M   3.148903  0.5100043
3  1   D   E   3.613703  0.4358442
4  1   E   D   2.934813  0.8698094
5  1   E   M   4.134193  0.7241863
6  1   E   E   5.989530  1.6502095
7  2   D   D   3.482660  0.4289800
8  2   D   M   3.904537  0.5749789
9  2   D   E   4.074557  0.9087291
10 2   E   D   3.853070  1.4735420
11 2   E   M   6.229590  1.6916796
12 2   E   E   8.846180  2.4905711
13 3   D   D   3.809837  0.5395391
14 3   D   M   4.131970  0.9489366
15 3   D   E   4.315960  1.1437071
16 3   E   D   4.935327  1.5342509
17 3   E   M   6.416087  1.5453218
18 3   E   E  10.792690  2.9936205
[1] "Summary by group + IDR + IDL\n"
   grp IDL IDR IPerfEfL.m IPerfEfL.s
1    C   D   D   3.517491  0.6615855
2    C   D   M   4.109660  0.6717219
3    C   D   E   4.578747  0.6887206
4    C   E   D   3.380960  0.8197000
5    C   E   M   5.733984  1.6767570
6    C   E   E   8.712027  3.4936957
7    U   D   D   3.085384  0.6695199
8    U   D   M   3.347280  0.7717290
9    U   D   E   3.424067  0.7409939
10   U   E   D   4.434513  1.8997588
11   U   E   M   5.452596  1.7728380
12   U   E   E   8.373573  2.7357425
[1] "Summary by group + Session + IDR + IDL\n"
   grp S IDL IDR IPerfEfL.m IPerfEfL.s
1    C 1   D   D   2.841960  0.4518156
2    C 1   D   M   3.429307  0.3511729
3    C 1   D   E   3.887060  0.2784322
4    C 1   E   D   2.739287  0.2880713
5    C 1   E   M   4.181193  0.5532356
6    C 1   E   E   5.675233  1.8625637
7    C 2   D   D   3.651913  0.4121320
8    C 2   D   M   4.184413  0.4046206
9    C 2   D   E   4.701587  0.6064971
10   C 2   E   D   3.290593  0.7060001
11   C 2   E   M   6.701093  1.7074107
12   C 2   E   E   9.512600  2.9181044
13   C 3   D   D   4.058600  0.4238076
14   C 3   D   M   4.715260  0.4859739
15   C 3   D   E   5.147593  0.4122330
16   C 3   E   D   4.113000  0.7114955
17   C 3   E   M   6.319667  1.2891268
18   C 3   E   E  10.948247  3.2328856
19   U 1   D   D   2.381673  0.3732874
20   U 1   D   M   2.868500  0.4969717
21   U 1   D   E   3.340347  0.3947681
22   U 1   E   D   3.130340  1.1841746
23   U 1   E   M   4.087193  0.8806525
24   U 1   E   E   6.303827  1.4000273
25   U 2   D   D   3.313407  0.3872385
26   U 2   D   M   3.624660  0.5943450
27   U 2   D   E   3.447527  0.7072648
28   U 2   E   D   4.415547  1.8224581
29   U 2   E   M   5.758087  1.5925864
30   U 2   E   E   8.179760  1.8390070
31   U 3   D   D   3.561073  0.5392386
32   U 3   D   M   3.548680  0.9487110
33   U 3   D   E   3.484327  1.0283965
34   U 3   E   D   5.757653  1.7090108
35   U 3   E   M   6.512507  1.8068873
36   U 3   E   E  10.637133  2.8390581
