[1] "q3L ~(S*DID*grp)+Error(pp/(S*DID))+grp"
$ANOVA
     Effect DFn DFd          F           p p<.05        ges
2       grp   1   8  2.2578731 0.171339629       0.13346061
3         S   2  16 10.7524624 0.001097118     * 0.13887311
5       DID   2  16  2.2616375 0.136454090       0.03658811
4     grp:S   2  16  5.6068942 0.014277357     * 0.07757084
6   grp:DID   2  16  6.6201743 0.008037102     * 0.10004495
7     S:DID   4  32  0.9384846 0.454292895       0.02292145
8 grp:S:DID   4  32  0.9897150 0.427219486       0.02414249

$`Mauchly's Test for Sphericity`
     Effect         W         p p<.05
3         S 0.9384751 0.8007180      
4     grp:S 0.9384751 0.8007180      
5       DID 0.8390333 0.5410374      
6   grp:DID 0.8390333 0.5410374      
7     S:DID 0.1141383 0.1371656      
8 grp:S:DID 0.1141383 0.1371656      

$`Sphericity Corrections`
     Effect       GGe       p[GG] p[GG]<.05      HFe       p[HF] p[HF]<.05
3         S 0.9420410 0.001430908         * 1.222771 0.001097118         *
4     grp:S 0.9420410 0.016295930         * 1.222771 0.014277357         *
5       DID 0.8613512 0.145821712           1.075648 0.136454090          
6   grp:DID 0.8613512 0.011831887         * 1.075648 0.008037102         *
7     S:DID 0.6281560 0.426547152           0.939138 0.450711869          
8 grp:S:DID 0.6281560 0.405590113           0.939138 0.424543069          

