[1] "Summary by group"
  grp     q3L.m      q3L.s
1   C 0.8556027 0.05290398
2   U 0.8242874 0.06307157
[1] "Summary by session\n"
  S     q3L.m      q3L.s
1 1 0.8184833 0.06576363
2 2 0.8443824 0.05968956
3 3 0.8569693 0.04775591
[1] "Summary by DID\n"
  DID     q3L.m      q3L.s
1   1 0.8426176 0.06298810
2   2 0.8478458 0.05202316
3   3 0.8293718 0.06395150
[1] "Summary by group + Session\n"
  grp S     q3L.m      q3L.s
1   C 1 0.8454033 0.05626655
2   C 2 0.8646880 0.04822230
3   C 3 0.8567167 0.05329464
4   U 1 0.7915633 0.06402940
5   U 2 0.8240769 0.06354445
6   U 3 0.8572220 0.04210271
[1] "Summary by Session + DID\n"
  S DID     q3L.m      q3L.s
1 1   1 0.8294053 0.06176603
2 1   2 0.8266993 0.06823050
3 1   3 0.7993453 0.06504045
4 2   1 0.8492127 0.06701355
5 2   2 0.8501473 0.04394284
6 2   3 0.8337873 0.06586207
7 3   1 0.8492347 0.05999492
8 3   2 0.8666907 0.02973309
9 3   3 0.8549827 0.04849728
[1] "Summary by group + DID\n"
  grp DID     q3L.m      q3L.s
1   C   1 0.8401084 0.05797020
2   C   2 0.8683549 0.04152501
3   C   3 0.8583447 0.05494826
4   U   1 0.8451267 0.06820374
5   U   2 0.8273367 0.05375533
6   U   3 0.8003989 0.05946609
[1] "Summary by group + Session + DID\n"
   grp S DID     q3L.m      q3L.s
1    C 1   1 0.8294247 0.05045928
2    C 1   2 0.8674673 0.05683192
3    C 1   3 0.8393180 0.05778598
4    C 2   1 0.8618520 0.05176515
5    C 2   2 0.8665527 0.03390113
6    C 2   3 0.8656593 0.05887359
7    C 3   1 0.8290487 0.06764641
8    C 3   2 0.8710447 0.03206372
9    C 3   3 0.8700567 0.04573594
10   U 1   1 0.8293860 0.07318776
11   U 1   2 0.7859313 0.05340385
12   U 1   3 0.7593727 0.04471659
13   U 2   1 0.8365733 0.07924927
14   U 2   2 0.8337420 0.04768509
15   U 2   3 0.8019153 0.05781524
16   U 3   1 0.8694207 0.04479601
17   U 3   2 0.8623367 0.02761440
18   U 3   3 0.8399087 0.04788823
