Post-hoc Tukey comparisons[1] "grp Tukey test"

	Pairwise comparisons using paired t tests 

data:  mdata$HarmonicityR and mdata$grp 

  C      
U 3.1e-06

P value adjustment method: bonferroni 
[1] "S Tukey test"

	Pairwise comparisons using paired t tests 

data:  mdata$HarmonicityR and mdata$S 

  1       2   
2 2.4e-07 -   
3 3.0e-08 0.14

P value adjustment method: bonferroni 
[1] "IDR Tukey test"

	Pairwise comparisons using paired t tests 

data:  mdata$HarmonicityR and mdata$IDR 

  D       M      
M 8.8e-15 -      
E < 2e-16 < 2e-16

P value adjustment method: bonferroni 
[1] "IDL Tukey test"
