[1] "Summary by group"
  grp accQRrel.m accQRrel.s
1   C  0.9151704  0.1837226
2   U  0.9318054  0.1831620
[1] "Summary by session\n"
  S accQRrel.m accQRrel.s
1 1  0.8977153  0.1754676
2 2  0.9422030  0.1814184
3 3  0.9305455  0.1912549
[1] "Summary by IDR+IDR\n"
  IDL IDR accQRrel.m accQRrel.s
1   D   D  1.0080563  0.1631474
2   D   M  0.7984765  0.1199685
3   D   E  0.7673544  0.1735536
4   E   D  1.0294378  0.1853519
5   E   M  0.9496386  0.1487507
6   E   E  0.9879637  0.1108720
[1] "Summary by group + Session\n"
  grp S accQRrel.m accQRrel.s
1   C 1  0.8484610  0.1379263
2   C 2  0.9273655  0.1832506
3   C 3  0.9696847  0.2043535
4   U 1  0.9469695  0.1949194
5   U 2  0.9570405  0.1793574
6   U 3  0.8914062  0.1694382
[1] "Summary by Session + IDR + IDL \n"
   S IDL IDR accQRrel.m accQRrel.s
1  1   D   D  0.9929088 0.12526169
2  1   D   M  0.7961327 0.10401980
3  1   D   E  0.7254638 0.18432534
4  1   E   D  1.0081456 0.17204380
5  1   E   M  0.9087814 0.12375237
6  1   E   E  0.9548591 0.13333681
7  2   D   D  1.0330693 0.15865527
8  2   D   M  0.8045014 0.11178805
9  2   D   E  0.7716642 0.16623971
10 2   E   D  1.0391280 0.17551014
11 2   E   M  0.9957477 0.15179111
12 2   E   E  1.0091073 0.09189240
13 3   D   D  0.9981908 0.19959880
14 3   D   M  0.7947955 0.14420795
15 3   D   E  0.8049353 0.16593029
16 3   E   D  1.0410397 0.21053987
17 3   E   M  0.9443868 0.15998860
18 3   E   E  0.9999246 0.09878511
[1] "Summary by group + IDR + IDL\n"
   grp IDL IDR accQRrel.m accQRrel.s
1    C   D   D  0.9969767 0.17111398
2    C   D   M  0.7942157 0.08417003
3    C   D   E  0.7132673 0.10873213
4    C   E   D  1.0003549 0.20564731
5    C   E   M  0.9864291 0.13902285
6    C   E   E  0.9997787 0.11454370
7    U   D   D  1.0191360 0.15591030
8    U   D   M  0.8027374 0.14829104
9    U   D   E  0.8214416 0.20765313
10   U   E   D  1.0585207 0.15959495
11   U   E   M  0.9128481 0.15053396
12   U   E   E  0.9761487 0.10704576
[1] "Summary by group + Session + IDR + IDL\n"
   grp S IDL IDR accQRrel.m accQRrel.s
1    C 1   D   D  0.9319436 0.13350565
2    C 1   D   M  0.7891689 0.07388387
3    C 1   D   E  0.6836593 0.04123158
4    C 1   E   D  0.9289889 0.16201223
5    C 1   E   M  0.8454159 0.05959643
6    C 1   E   E  0.9115896 0.12080029
7    C 2   D   D  0.9918122 0.15269979
8    C 2   D   M  0.7980423 0.08578666
9    C 2   D   E  0.7003483 0.11482333
10   C 2   E   D  0.9701505 0.18557549
11   C 2   E   M  1.0629367 0.12642739
12   C 2   E   E  1.0409029 0.07837310
13   C 3   D   D  1.0671743 0.20258873
14   C 3   D   M  0.7954359 0.09696965
15   C 3   D   E  0.7557945 0.13862439
16   C 3   E   D  1.1019252 0.23396576
17   C 3   E   M  1.0509348 0.09577439
18   C 3   E   E  1.0468435 0.08934140
19   U 1   D   D  1.0538741 0.08193580
20   U 1   D   M  0.8030965 0.12980893
21   U 1   D   E  0.7672684 0.25482064
22   U 1   E   D  1.0873023 0.14709769
23   U 1   E   M  0.9721469 0.13988391
24   U 1   E   E  0.9981287 0.13499125
25   U 2   D   D  1.0743264 0.15867029
26   U 2   D   M  0.8109605 0.13578291
27   U 2   D   E  0.8429800 0.18210542
28   U 2   E   D  1.1081056 0.13847063
29   U 2   E   M  0.9285588 0.14855748
30   U 2   E   E  0.9773117 0.09582742
31   U 3   D   D  0.9292074 0.17687738
32   U 3   D   M  0.7941551 0.18350285
33   U 3   D   E  0.8540762 0.18066822
34   U 3   E   D  0.9801541 0.17069457
35   U 3   E   M  0.8378388 0.13971954
36   U 3   E   E  0.9530057 0.08668846
