                  Estimate MCMCmean HPD95lower HPD95upper pMCMC Pr(>|t|)
(Intercept)         0.6569   0.6565     0.5968     0.7102 0.001   0.0000
grp1                0.1030   0.1008     0.0389     0.1502 0.001   0.0055
S1                  0.0589   0.0600     0.0277     0.0901 0.001   0.0110
S2                  0.0121   0.0116    -0.0175     0.0446 0.450   0.6010
IDR1                0.0146   0.0143    -0.0104     0.0393 0.248   0.3751
IDR2               -0.0299  -0.0292    -0.0583    -0.0058 0.040   0.0705
IDL1               -0.0024  -0.0029    -0.0187     0.0130 0.708   0.8120
grp1:S1            -0.0539  -0.0549    -0.0849    -0.0234 0.004   0.0200
grp1:S2            -0.0122  -0.0114    -0.0389     0.0205 0.446   0.5984
grp1:IDR1          -0.0183  -0.0183    -0.0424     0.0071 0.146   0.2680
grp1:IDR2           0.0289   0.0293     0.0051     0.0549 0.020   0.0806
S1:IDR1            -0.0101  -0.0103    -0.0308     0.0118 0.368   0.6135
S2:IDR1            -0.0056  -0.0057    -0.0267     0.0170 0.608   0.7804
S1:IDR2             0.0101   0.0100    -0.0128     0.0289 0.330   0.6141
S2:IDR2             0.0243   0.0245     0.0021     0.0452 0.034   0.2261
grp1:IDL1          -0.0046  -0.0047    -0.0208     0.0093 0.526   0.6499
S1:IDL1            -0.0044  -0.0044    -0.0203     0.0094 0.586   0.7547
S2:IDL1            -0.0058  -0.0057    -0.0221     0.0092 0.478   0.6808
IDR1:IDL1           0.0681   0.0678     0.0528     0.0830 0.001   0.0000
IDR2:IDL1           0.0187   0.0188     0.0050     0.0347 0.016   0.1888
grp1:S1:IDR1        0.0089   0.0093    -0.0120     0.0309 0.404   0.6577
grp1:S2:IDR1        0.0052   0.0046    -0.0174     0.0271 0.680   0.7954
grp1:S1:IDR2       -0.0150  -0.0153    -0.0365     0.0041 0.148   0.4553
grp1:S2:IDR2       -0.0189  -0.0189    -0.0410     0.0022 0.106   0.3463
grp1:S1:IDL1        0.0049   0.0052    -0.0113     0.0195 0.484   0.7278
grp1:S2:IDL1        0.0010   0.0007    -0.0155     0.0148 0.922   0.9422
grp1:IDR1:IDL1     -0.0725  -0.0726    -0.0876    -0.0574 0.001   0.0000
grp1:IDR2:IDL1     -0.0214  -0.0209    -0.0354    -0.0053 0.004   0.1319
S1:IDR1:IDL1       -0.0350  -0.0351    -0.0554    -0.0128 0.002   0.0813
S2:IDR1:IDL1       -0.0095  -0.0098    -0.0347     0.0092 0.372   0.6352
S1:IDR2:IDL1       -0.0242  -0.0243    -0.0435    -0.0021 0.036   0.2272
S2:IDR2:IDL1        0.0109   0.0111    -0.0107     0.0336 0.318   0.5854
grp1:S1:IDR1:IDL1   0.0396   0.0393     0.0175     0.0599 0.002   0.0486
grp1:S2:IDR1:IDL1   0.0047   0.0044    -0.0189     0.0256 0.656   0.8149
grp1:S1:IDR2:IDL1   0.0229   0.0227     0.0012     0.0431 0.034   0.2532
grp1:S2:IDR2:IDL1  -0.0120  -0.0119    -0.0318     0.0088 0.260   0.5500
NULL
       Length Class      Mode
fixed  6      data.frame list
random 7      data.frame list
Analysis of Variance Table
              Df   Sum Sq  Mean Sq F value
grp            1 0.013004 0.013004  7.7586
S              2 0.018162 0.009081  5.4183
IDR            2 0.005506 0.002753  1.6426
IDL            1 0.000095 0.000095  0.0566
grp:S          2 0.015541 0.007771  4.6363
grp:IDR        2 0.005258 0.002629  1.5685
S:IDR          4 0.005481 0.001370  0.8175
grp:IDL        1 0.000346 0.000346  0.2063
S:IDL          2 0.000885 0.000442  0.2639
IDR:IDL        2 0.069616 0.034808 20.7681
grp:S:IDR      4 0.004912 0.001228  0.7326
grp:S:IDL      2 0.000339 0.000170  0.1012
grp:IDR:IDL    2 0.080805 0.040403 24.1059
S:IDR:IDL      4 0.020466 0.005116  3.0527
grp:S:IDR:IDL  4 0.021076 0.005269  3.1437
Linear mixed model fit by REML 
Formula: get(vname) ~ (1 | pp) + (1 | pp/S) + (1 | pp/IDR) + (1 | pp/IDL) +      (1 | pp/S:IDR:IDL) + grp * S * IDR * IDL 
   Data: mdata 
    AIC    BIC logLik deviance REMLdev
 -956.8 -759.4  524.4    -1279   -1049
Random effects:
 Groups       Name        Variance  Std.Dev.
 S:IDR:IDL:pp (Intercept) 0.0175235 0.132376
 IDR:pp       (Intercept) 0.0010664 0.032656
 S:pp         (Intercept) 0.0049723 0.070515
 IDL:pp       (Intercept) 0.0000000 0.000000
 pp           (Intercept) 0.0021305 0.046157
 pp           (Intercept) 0.0021305 0.046158
 pp           (Intercept) 0.0021304 0.046156
 pp           (Intercept) 0.0021304 0.046156
 pp           (Intercept) 0.0021304 0.046157
 Residual                 0.0016760 0.040940
Number of obs: 540, groups: S:IDR:IDL:pp, 180; IDR:pp, 30; S:pp, 30; IDL:pp, 20; pp, 10

Fixed effects:
                   Estimate Std. Error t value
(Intercept)        0.656862   0.036973  17.766
grp1               0.102989   0.036973   2.786
S1                 0.058908   0.023074   2.553
S2                 0.012073   0.023074   0.523
IDR1               0.014641   0.016493   0.888
IDR2              -0.029891   0.016493  -1.812
IDL1              -0.002384   0.010023  -0.238
grp1:S1           -0.053850   0.023074  -2.334
grp1:S2           -0.012162   0.023074  -0.527
grp1:IDR1         -0.018287   0.016493  -1.109
grp1:IDR2          0.028870   0.016493   1.750
S1:IDR1           -0.010131   0.020046  -0.505
S2:IDR1           -0.005591   0.020046  -0.279
S1:IDR2            0.010113   0.020046   0.505
S2:IDR2            0.024295   0.020046   1.212
grp1:IDL1         -0.004552   0.010023  -0.454
S1:IDL1           -0.004431   0.014174  -0.313
S2:IDL1           -0.005835   0.014174  -0.412
IDR1:IDL1          0.068119   0.014174   4.806
IDR2:IDL1          0.018653   0.014174   1.316
grp1:S1:IDR1       0.008888   0.020046   0.443
grp1:S2:IDR1       0.005201   0.020046   0.259
grp1:S1:IDR2      -0.014976   0.020046  -0.747
grp1:S2:IDR2      -0.018898   0.020046  -0.943
grp1:S1:IDL1       0.004935   0.014174   0.348
grp1:S2:IDL1       0.001028   0.014174   0.072
grp1:IDR1:IDL1    -0.072501   0.014174  -5.115
grp1:IDR2:IDL1    -0.021390   0.014174  -1.509
S1:IDR1:IDL1      -0.035013   0.020046  -1.747
S2:IDR1:IDL1      -0.009516   0.020046  -0.475
S1:IDR2:IDL1      -0.024238   0.020046  -1.209
S2:IDR2:IDL1       0.010941   0.020046   0.546
grp1:S1:IDR1:IDL1  0.039631   0.020046   1.977
grp1:S2:IDR1:IDL1  0.004696   0.020046   0.234
grp1:S1:IDR2:IDL1  0.022932   0.020046   1.144
grp1:S2:IDR2:IDL1 -0.011991   0.020046  -0.598

Correlation of Fixed Effects:
            (Intr) grp1   S1     S2     IDR1   IDR2   IDL1   gr1:S1 gr1:S2
grp1         0.000                                                        
S1           0.000  0.000                                                 
S2           0.000  0.000 -0.500                                          
IDR1         0.000  0.000  0.000  0.000                                   
IDR2         0.000  0.000  0.000  0.000 -0.500                            
IDL1         0.000  0.000  0.000  0.000  0.000  0.000                     
grp1:S1      0.000  0.000  0.000  0.000  0.000  0.000  0.000              
grp1:S2      0.000  0.000  0.000  0.000  0.000  0.000  0.000 -0.500       
grp1:IDR1    0.000  0.000  0.000  0.000  0.000  0.000  0.000  0.000  0.000
grp1:IDR2    0.000  0.000  0.000  0.000  0.000  0.000  0.000  0.000  0.000
S1:IDR1      0.000  0.000  0.000  0.000  0.000  0.000  0.000  0.000  0.000
S2:IDR1      0.000  0.000  0.000  0.000  0.000  0.000  0.000  0.000  0.000
S1:IDR2      0.000  0.000  0.000  0.000  0.000  0.000  0.000  0.000  0.000
S2:IDR2      0.000  0.000  0.000  0.000  0.000  0.000  0.000  0.000  0.000
grp1:IDL1    0.000  0.000  0.000  0.000  0.000  0.000  0.000  0.000  0.000
S1:IDL1      0.000  0.000  0.000  0.000  0.000  0.000  0.000  0.000  0.000
S2:IDL1      0.000  0.000  0.000  0.000  0.000  0.000  0.000  0.000  0.000
IDR1:IDL1    0.000  0.000  0.000  0.000  0.000  0.000  0.000  0.000  0.000
IDR2:IDL1    0.000  0.000  0.000  0.000  0.000  0.000  0.000  0.000  0.000
gr1:S1:IDR1  0.000  0.000  0.000  0.000  0.000  0.000  0.000  0.000  0.000
gr1:S2:IDR1  0.000  0.000  0.000  0.000  0.000  0.000  0.000  0.000  0.000
gr1:S1:IDR2  0.000  0.000  0.000  0.000  0.000  0.000  0.000  0.000  0.000
gr1:S2:IDR2  0.000  0.000  0.000  0.000  0.000  0.000  0.000  0.000  0.000
gr1:S1:IDL1  0.000  0.000  0.000  0.000  0.000  0.000  0.000  0.000  0.000
gr1:S2:IDL1  0.000  0.000  0.000  0.000  0.000  0.000  0.000  0.000  0.000
g1:IDR1:IDL  0.000  0.000  0.000  0.000  0.000  0.000  0.000  0.000  0.000
g1:IDR2:IDL  0.000  0.000  0.000  0.000  0.000  0.000  0.000  0.000  0.000
S1:IDR1:IDL  0.000  0.000  0.000  0.000  0.000  0.000  0.000  0.000  0.000
S2:IDR1:IDL  0.000  0.000  0.000  0.000  0.000  0.000  0.000  0.000  0.000
S1:IDR2:IDL  0.000  0.000  0.000  0.000  0.000  0.000  0.000  0.000  0.000
S2:IDR2:IDL  0.000  0.000  0.000  0.000  0.000  0.000  0.000  0.000  0.000
g1:S1:IDR1:  0.000  0.000  0.000  0.000  0.000  0.000  0.000  0.000  0.000
g1:S2:IDR1:  0.000  0.000  0.000  0.000  0.000  0.000  0.000  0.000  0.000
g1:S1:IDR2:  0.000  0.000  0.000  0.000  0.000  0.000  0.000  0.000  0.000
g1:S2:IDR2:  0.000  0.000  0.000  0.000  0.000  0.000  0.000  0.000  0.000
            gr1:IDR1 gr1:IDR2 S1:IDR1 S2:IDR1 S1:IDR2 S2:IDR2 g1:IDL S1:IDL
grp1                                                                       
S1                                                                         
S2                                                                         
IDR1                                                                       
IDR2                                                                       
IDL1                                                                       
grp1:S1                                                                    
grp1:S2                                                                    
grp1:IDR1                                                                  
grp1:IDR2   -0.500                                                         
S1:IDR1      0.000    0.000                                                
S2:IDR1      0.000    0.000   -0.500                                       
S1:IDR2      0.000    0.000   -0.500   0.250                               
S2:IDR2      0.000    0.000    0.250  -0.500  -0.500                       
grp1:IDL1    0.000    0.000    0.000   0.000   0.000   0.000               
S1:IDL1      0.000    0.000    0.000   0.000   0.000   0.000   0.000       
S2:IDL1      0.000    0.000    0.000   0.000   0.000   0.000   0.000 -0.500
IDR1:IDL1    0.000    0.000    0.000   0.000   0.000   0.000   0.000  0.000
IDR2:IDL1    0.000    0.000    0.000   0.000   0.000   0.000   0.000  0.000
gr1:S1:IDR1  0.000    0.000    0.000   0.000   0.000   0.000   0.000  0.000
gr1:S2:IDR1  0.000    0.000    0.000   0.000   0.000   0.000   0.000  0.000
gr1:S1:IDR2  0.000    0.000    0.000   0.000   0.000   0.000   0.000  0.000
gr1:S2:IDR2  0.000    0.000    0.000   0.000   0.000   0.000   0.000  0.000
gr1:S1:IDL1  0.000    0.000    0.000   0.000   0.000   0.000   0.000  0.000
gr1:S2:IDL1  0.000    0.000    0.000   0.000   0.000   0.000   0.000  0.000
g1:IDR1:IDL  0.000    0.000    0.000   0.000   0.000   0.000   0.000  0.000
g1:IDR2:IDL  0.000    0.000    0.000   0.000   0.000   0.000   0.000  0.000
S1:IDR1:IDL  0.000    0.000    0.000   0.000   0.000   0.000   0.000  0.000
S2:IDR1:IDL  0.000    0.000    0.000   0.000   0.000   0.000   0.000  0.000
S1:IDR2:IDL  0.000    0.000    0.000   0.000   0.000   0.000   0.000  0.000
S2:IDR2:IDL  0.000    0.000    0.000   0.000   0.000   0.000   0.000  0.000
g1:S1:IDR1:  0.000    0.000    0.000   0.000   0.000   0.000   0.000  0.000
g1:S2:IDR1:  0.000    0.000    0.000   0.000   0.000   0.000   0.000  0.000
g1:S1:IDR2:  0.000    0.000    0.000   0.000   0.000   0.000   0.000  0.000
g1:S2:IDR2:  0.000    0.000    0.000   0.000   0.000   0.000   0.000  0.000
            S2:IDL IDR1:I IDR2:I gr1:S1:IDR1 gr1:S2:IDR1 gr1:S1:IDR2
grp1                                                                
S1                                                                  
S2                                                                  
IDR1                                                                
IDR2                                                                
IDL1                                                                
grp1:S1                                                             
grp1:S2                                                             
grp1:IDR1                                                           
grp1:IDR2                                                           
S1:IDR1                                                             
S2:IDR1                                                             
S1:IDR2                                                             
S2:IDR2                                                             
grp1:IDL1                                                           
S1:IDL1                                                             
S2:IDL1                                                             
IDR1:IDL1    0.000                                                  
IDR2:IDL1    0.000 -0.500                                           
gr1:S1:IDR1  0.000  0.000  0.000                                    
gr1:S2:IDR1  0.000  0.000  0.000 -0.500                             
gr1:S1:IDR2  0.000  0.000  0.000 -0.500       0.250                 
gr1:S2:IDR2  0.000  0.000  0.000  0.250      -0.500      -0.500     
gr1:S1:IDL1  0.000  0.000  0.000  0.000       0.000       0.000     
gr1:S2:IDL1  0.000  0.000  0.000  0.000       0.000       0.000     
g1:IDR1:IDL  0.000  0.000  0.000  0.000       0.000       0.000     
g1:IDR2:IDL  0.000  0.000  0.000  0.000       0.000       0.000     
S1:IDR1:IDL  0.000  0.000  0.000  0.000       0.000       0.000     
S2:IDR1:IDL  0.000  0.000  0.000  0.000       0.000       0.000     
S1:IDR2:IDL  0.000  0.000  0.000  0.000       0.000       0.000     
S2:IDR2:IDL  0.000  0.000  0.000  0.000       0.000       0.000     
g1:S1:IDR1:  0.000  0.000  0.000  0.000       0.000       0.000     
g1:S2:IDR1:  0.000  0.000  0.000  0.000       0.000       0.000     
g1:S1:IDR2:  0.000  0.000  0.000  0.000       0.000       0.000     
g1:S2:IDR2:  0.000  0.000  0.000  0.000       0.000       0.000     
            gr1:S2:IDR2 g1:S1:IDL g1:S2:IDL g1:IDR1: g1:IDR2: S1:IDR1: S2:IDR1:
grp1                                                                           
S1                                                                             
S2                                                                             
IDR1                                                                           
IDR2                                                                           
IDL1                                                                           
grp1:S1                                                                        
grp1:S2                                                                        
grp1:IDR1                                                                      
grp1:IDR2                                                                      
S1:IDR1                                                                        
S2:IDR1                                                                        
S1:IDR2                                                                        
S2:IDR2                                                                        
grp1:IDL1                                                                      
S1:IDL1                                                                        
S2:IDL1                                                                        
IDR1:IDL1                                                                      
IDR2:IDL1                                                                      
gr1:S1:IDR1                                                                    
gr1:S2:IDR1                                                                    
gr1:S1:IDR2                                                                    
gr1:S2:IDR2                                                                    
gr1:S1:IDL1  0.000                                                             
gr1:S2:IDL1  0.000      -0.500                                                 
g1:IDR1:IDL  0.000       0.000     0.000                                       
g1:IDR2:IDL  0.000       0.000     0.000    -0.500                             
S1:IDR1:IDL  0.000       0.000     0.000     0.000    0.000                    
S2:IDR1:IDL  0.000       0.000     0.000     0.000    0.000   -0.500           
S1:IDR2:IDL  0.000       0.000     0.000     0.000    0.000   -0.500    0.250  
S2:IDR2:IDL  0.000       0.000     0.000     0.000    0.000    0.250   -0.500  
g1:S1:IDR1:  0.000       0.000     0.000     0.000    0.000    0.000    0.000  
g1:S2:IDR1:  0.000       0.000     0.000     0.000    0.000    0.000    0.000  
g1:S1:IDR2:  0.000       0.000     0.000     0.000    0.000    0.000    0.000  
g1:S2:IDR2:  0.000       0.000     0.000     0.000    0.000    0.000    0.000  
            S1:IDR2: S2:IDR2: g1:S1:IDR1: g1:S2:IDR1: g1:S1:IDR2:
grp1                                                             
S1                                                               
S2                                                               
IDR1                                                             
IDR2                                                             
IDL1                                                             
grp1:S1                                                          
grp1:S2                                                          
grp1:IDR1                                                        
grp1:IDR2                                                        
S1:IDR1                                                          
S2:IDR1                                                          
S1:IDR2                                                          
S2:IDR2                                                          
grp1:IDL1                                                        
S1:IDL1                                                          
S2:IDL1                                                          
IDR1:IDL1                                                        
IDR2:IDL1                                                        
gr1:S1:IDR1                                                      
gr1:S2:IDR1                                                      
gr1:S1:IDR2                                                      
gr1:S2:IDR2                                                      
gr1:S1:IDL1                                                      
gr1:S2:IDL1                                                      
g1:IDR1:IDL                                                      
g1:IDR2:IDL                                                      
S1:IDR1:IDL                                                      
S2:IDR1:IDL                                                      
S1:IDR2:IDL                                                      
S2:IDR2:IDL -0.500                                               
g1:S1:IDR1:  0.000    0.000                                      
g1:S2:IDR1:  0.000    0.000   -0.500                             
g1:S1:IDR2:  0.000    0.000   -0.500       0.250                 
g1:S2:IDR2:  0.000    0.000    0.250      -0.500      -0.500     
