[1] "Circularity ~(S*ID*grp)+Error(pp/(S*ID))+grp"
$ANOVA
    Effect DFn DFd           F           p p<.05          ges
2      grp   1   8 5.638678928 0.044923396     * 0.0351193413
3        S   2  16 7.974009825 0.003957385     * 0.1699673057
4    grp:S   2  16 0.005263245 0.994752303       0.0001351414
5       ID   2  16 3.463301362 0.056265504       0.1079841782
6   grp:ID   2  16 0.370032160 0.696470751       0.0127689609
7     S:ID   4  32 0.929745288 0.459045768       0.0510916442
8 grp:S:ID   4  32 0.082783852 0.987119099       0.0047712280

$`Mauchly's Test for Sphericity`
    Effect         W          p p<.05
3        S 0.4397221 0.05637988      
4    grp:S 0.4397221 0.05637988      
5       ID 0.9469425 0.82629025      
6   grp:ID 0.9469425 0.82629025      
7     S:ID 0.1478658 0.21352152      
8 grp:S:ID 0.1478658 0.21352152      

$`Sphericity Corrections`
    Effect       GGe      p[GG] p[GG]<.05       HFe      p[HF] p[HF]<.05
3        S 0.6409115 0.01364051         * 0.7097466 0.01073449         *
4    grp:S 0.6409115 0.97170157           0.7097466 0.97962172          
5       ID 0.9496158 0.05960518           1.2369822 0.05626550          
6   grp:ID 0.9496158 0.68624364           1.2369822 0.69647075          
7     S:ID 0.5512519 0.42159325           0.7698486 0.44317690          
8 grp:S:ID 0.5512519 0.93497304           0.7698486 0.97092192          

