[1] "IDefLrel ~S*IDR*IDL*grp + Error(pp/(S*IDR*IDL))"
$ANOVA
          Effect DFn DFd         F           p p<.05         ges
2            grp   1   8 0.3705807 0.559572423       0.017056505
3              S   2  16 0.2576321 0.776024910       0.006344072
4          grp:S   2  16 0.5339093 0.596397382       0.013058433
5            IDR   2  16 9.1516077 0.002240171     * 0.058629426
6        grp:IDR   2  16 2.8183052 0.089422346       0.018818925
7            IDL   1   8 3.6116876 0.093903650       0.063134468
8        grp:IDL   1   8 0.3146755 0.590186920       0.005837133
9          S:IDR   4  32 1.1780768 0.339033373       0.008119050
10     grp:S:IDR   4  32 1.4946381 0.227074434       0.010278298
11         S:IDL   2  16 0.6796677 0.520828930       0.007767943
12     grp:S:IDL   2  16 0.3835366 0.687546024       0.004398337
13       IDR:IDL   2  16 8.3336505 0.003311722     * 0.040740180
14   grp:IDR:IDL   2  16 4.7733693 0.023674245     * 0.023748606
15     S:IDR:IDL   4  32 1.8127885 0.150658915       0.007852699
16 grp:S:IDR:IDL   4  32 1.2989377 0.291325768       0.005639335

$`Mauchly's Test for Sphericity`
          Effect         W           p p<.05
3              S 0.5861451 0.154176450      
4          grp:S 0.5861451 0.154176450      
5            IDR 0.1823109 0.002587284     *
6        grp:IDR 0.1823109 0.002587284     *
9          S:IDR 0.1051220 0.119570922      
10     grp:S:IDR 0.1051220 0.119570922      
11         S:IDL 0.8733354 0.622491899      
12     grp:S:IDL 0.8733354 0.622491899      
13       IDR:IDL 0.3435021 0.023754880     *
14   grp:IDR:IDL 0.3435021 0.023754880     *
15     S:IDR:IDL 0.2988203 0.575383202      
16 grp:S:IDR:IDL 0.2988203 0.575383202      

$`Sphericity Corrections`
          Effect       GGe      p[GG] p[GG]<.05       HFe      p[HF] p[HF]<.05
3              S 0.7072862 0.70187111           0.8147649 0.73261670          
4          grp:S 0.7072862 0.54043211           0.8147649 0.56313327          
5            IDR 0.5501491 0.01340935         * 0.5726830 0.01224274         *
6        grp:IDR 0.5501491 0.12692592           0.5726830 0.12479742          
9          S:IDR 0.5336249 0.33453527           0.7335476 0.33872018          
10     grp:S:IDR 0.5336249 0.25256695           0.7335476 0.24220062          
11         S:IDL 0.8875756 0.50567625           1.1226265 0.52082893          
12     grp:S:IDL 0.8875756 0.66421440           1.1226265 0.68754602          
13       IDR:IDL 0.6036832 0.01386258         * 0.6526407 0.01159036         *
14   grp:IDR:IDL 0.6036832 0.04966866         * 0.6526407 0.04528757         *
15     S:IDR:IDL 0.6849994 0.17768255           1.0769947 0.15065892          
16 grp:S:IDR:IDL 0.6849994 0.29886816           1.0769947 0.29132577          

