                  Estimate MCMCmean HPD95lower HPD95upper pMCMC Pr(>|t|)
(Intercept)         1.0311   1.0318     0.9732     1.0757 0.001   0.0000
grp1                0.0156   0.0157    -0.0354     0.0656 0.504   0.5429
S1                  0.0095   0.0090    -0.0200     0.0392 0.476   0.6106
S2                  0.0034   0.0039    -0.0254     0.0311 0.768   0.8547
IDR1                0.0249   0.0247     0.0081     0.0429 0.014   0.0111
IDR2                0.0167   0.0168    -0.0007     0.0343 0.070   0.0895
IDL1               -0.0308  -0.0310    -0.0567    -0.0073 0.020   0.0579
grp1:S1             0.0193   0.0193    -0.0107     0.0456 0.184   0.3020
grp1:S2            -0.0094  -0.0094    -0.0378     0.0198 0.498   0.6144
grp1:IDR1           0.0098   0.0099    -0.0056     0.0267 0.248   0.3175
grp1:IDR2           0.0134   0.0131    -0.0032     0.0315 0.142   0.1731
S1:IDR1            -0.0151  -0.0151    -0.0297     0.0030 0.072   0.1866
S2:IDR1            -0.0041  -0.0043    -0.0208     0.0132 0.592   0.7198
S1:IDR2             0.0100   0.0096    -0.0068     0.0257 0.258   0.3818
S2:IDR2             0.0057   0.0061    -0.0107     0.0230 0.492   0.6202
grp1:IDL1          -0.0091  -0.0094    -0.0341     0.0164 0.438   0.5751
S1:IDL1             0.0041   0.0041    -0.0078     0.0151 0.518   0.6161
S2:IDL1            -0.0144  -0.0146    -0.0265    -0.0028 0.018   0.0759
IDR1:IDL1          -0.0249  -0.0248    -0.0367    -0.0127 0.001   0.0022
IDR2:IDL1          -0.0084  -0.0086    -0.0215     0.0034 0.182   0.3007
grp1:S1:IDR1       -0.0027  -0.0028    -0.0193     0.0144 0.792   0.8149
grp1:S2:IDR1       -0.0186  -0.0181    -0.0344    -0.0008 0.038   0.1049
grp1:S1:IDR2        0.0025   0.0025    -0.0134     0.0214 0.794   0.8303
grp1:S2:IDR2        0.0138   0.0134    -0.0035     0.0314 0.126   0.2278
grp1:S1:IDL1        0.0110   0.0109    -0.0003     0.0245 0.072   0.1738
grp1:S2:IDL1       -0.0041  -0.0040    -0.0163     0.0081 0.526   0.6167
grp1:IDR1:IDL1     -0.0070  -0.0071    -0.0197     0.0040 0.256   0.3867
grp1:IDR2:IDL1     -0.0183  -0.0182    -0.0297    -0.0053 0.001   0.0240
S1:IDR1:IDL1        0.0021   0.0022    -0.0139     0.0185 0.760   0.8548
S2:IDR1:IDL1        0.0128   0.0131    -0.0018     0.0298 0.092   0.2646
S1:IDR2:IDL1       -0.0051  -0.0046    -0.0203     0.0123 0.530   0.6550
S2:IDR2:IDL1       -0.0140  -0.0146    -0.0310     0.0034 0.088   0.2232
grp1:S1:IDR1:IDL1   0.0090   0.0093    -0.0077     0.0247 0.274   0.4301
grp1:S2:IDR1:IDL1   0.0087   0.0084    -0.0068     0.0262 0.350   0.4460
grp1:S1:IDR2:IDL1  -0.0035  -0.0036    -0.0195     0.0112 0.636   0.7605
grp1:S2:IDR2:IDL1  -0.0060  -0.0059    -0.0217     0.0114 0.472   0.6027
NULL
       Length Class      Mode
fixed  6      data.frame list
random 7      data.frame list
Analysis of Variance Table
              Df   Sum Sq  Mean Sq F value
grp            1 0.002263 0.002263  0.3676
S              2 0.003171 0.001586  0.2576
IDR            2 0.112652 0.056326  9.1516
IDL            1 0.022229 0.022229  3.6117
grp:S          2 0.006572 0.003286  0.5339
grp:IDR        2 0.034692 0.017346  2.8183
S:IDR          4 0.021646 0.005412  0.8792
grp:IDL        1 0.001937 0.001937  0.3147
S:IDL          2 0.020703 0.010351  1.6819
IDR:IDL        2 0.112311 0.056155  9.1239
grp:S:IDR      4 0.027463 0.006866  1.1155
grp:S:IDL      2 0.011683 0.005841  0.9491
grp:IDR:IDL    2 0.064330 0.032165  5.2260
S:IDR:IDL      4 0.020930 0.005233  0.8502
grp:S:IDR:IDL  4 0.014997 0.003749  0.6092
Linear mixed model fit by REML 
Formula: get(vname) ~ (1 | pp) + (1 | pp/S) + (1 | pp/IDR) + (1 | pp/IDL) +      (1 | pp/S:IDR:IDL) + grp * S * IDR * IDL 
   Data: mdata 
    AIC    BIC logLik deviance REMLdev
 -617.7 -420.3  354.9   -971.8  -709.7
Random effects:
 Groups       Name        Variance   Std.Dev.
 S:IDR:IDL:pp (Intercept) 0.00384402 0.062000
 IDR:pp       (Intercept) 0.00045398 0.021307
 S:pp         (Intercept) 0.00424863 0.065181
 IDL:pp       (Intercept) 0.00459651 0.067798
 pp           (Intercept) 0.00047915 0.021890
 pp           (Intercept) 0.00047924 0.021891
 pp           (Intercept) 0.00047924 0.021891
 pp           (Intercept) 0.00047924 0.021891
 pp           (Intercept) 0.00047941 0.021895
 Residual                 0.00615474 0.078452
Number of obs: 540, groups: S:IDR:IDL:pp, 180; IDR:pp, 30; S:pp, 30; IDL:pp, 20; pp, 10

Fixed effects:
                   Estimate Std. Error t value
(Intercept)        1.031089   0.025668   40.17
grp1               0.015627   0.025668    0.61
S1                 0.009514   0.018675    0.51
S2                 0.003421   0.018675    0.18
IDR1               0.024943   0.009786    2.55
IDR2               0.016651   0.009786    1.70
IDL1              -0.030795   0.016204   -1.90
grp1:S1            0.019296   0.018675    1.03
grp1:S2           -0.009415   0.018675   -0.50
grp1:IDR1          0.009792   0.009786    1.00
grp1:IDR2          0.013351   0.009786    1.36
S1:IDR1           -0.015139   0.011446   -1.32
S2:IDR1           -0.004108   0.011446   -0.36
S1:IDR2            0.010019   0.011446    0.88
S2:IDR2            0.005676   0.011446    0.50
grp1:IDL1         -0.009090   0.016204   -0.56
S1:IDL1            0.004060   0.008094    0.50
S2:IDL1           -0.014395   0.008094   -1.78
IDR1:IDL1         -0.024856   0.008094   -3.07
IDR2:IDL1         -0.008385   0.008094   -1.04
grp1:S1:IDR1      -0.002681   0.011446   -0.23
grp1:S2:IDR1      -0.018594   0.011446   -1.62
grp1:S1:IDR2       0.002455   0.011446    0.21
grp1:S2:IDR2       0.013820   0.011446    1.21
grp1:S1:IDL1       0.011023   0.008094    1.36
grp1:S2:IDL1      -0.004054   0.008094   -0.50
grp1:IDR1:IDL1    -0.007012   0.008094   -0.87
grp1:IDR2:IDL1    -0.018326   0.008094   -2.26
S1:IDR1:IDL1       0.002096   0.011446    0.18
S2:IDR1:IDL1       0.012785   0.011446    1.12
S1:IDR2:IDL1      -0.005118   0.011446   -0.45
S2:IDR2:IDL1      -0.013960   0.011446   -1.22
grp1:S1:IDR1:IDL1  0.009039   0.011446    0.79
grp1:S2:IDR1:IDL1  0.008730   0.011446    0.76
grp1:S1:IDR2:IDL1 -0.003491   0.011446   -0.30
grp1:S2:IDR2:IDL1 -0.005962   0.011446   -0.52

Correlation of Fixed Effects:
            (Intr) grp1   S1     S2     IDR1   IDR2   IDL1   gr1:S1 gr1:S2
grp1         0.000                                                        
S1           0.000  0.000                                                 
S2           0.000  0.000 -0.500                                          
IDR1         0.000  0.000  0.000  0.000                                   
IDR2         0.000  0.000  0.000  0.000 -0.500                            
IDL1         0.000  0.000  0.000  0.000  0.000  0.000                     
grp1:S1      0.000  0.000  0.000  0.000  0.000  0.000  0.000              
grp1:S2      0.000  0.000  0.000  0.000  0.000  0.000  0.000 -0.500       
grp1:IDR1    0.000  0.000  0.000  0.000  0.000  0.000  0.000  0.000  0.000
grp1:IDR2    0.000  0.000  0.000  0.000  0.000  0.000  0.000  0.000  0.000
S1:IDR1      0.000  0.000  0.000  0.000  0.000  0.000  0.000  0.000  0.000
S2:IDR1      0.000  0.000  0.000  0.000  0.000  0.000  0.000  0.000  0.000
S1:IDR2      0.000  0.000  0.000  0.000  0.000  0.000  0.000  0.000  0.000
S2:IDR2      0.000  0.000  0.000  0.000  0.000  0.000  0.000  0.000  0.000
grp1:IDL1    0.000  0.000  0.000  0.000  0.000  0.000  0.000  0.000  0.000
S1:IDL1      0.000  0.000  0.000  0.000  0.000  0.000  0.000  0.000  0.000
S2:IDL1      0.000  0.000  0.000  0.000  0.000  0.000  0.000  0.000  0.000
IDR1:IDL1    0.000  0.000  0.000  0.000  0.000  0.000  0.000  0.000  0.000
IDR2:IDL1    0.000  0.000  0.000  0.000  0.000  0.000  0.000  0.000  0.000
gr1:S1:IDR1  0.000  0.000  0.000  0.000  0.000  0.000  0.000  0.000  0.000
gr1:S2:IDR1  0.000  0.000  0.000  0.000  0.000  0.000  0.000  0.000  0.000
gr1:S1:IDR2  0.000  0.000  0.000  0.000  0.000  0.000  0.000  0.000  0.000
gr1:S2:IDR2  0.000  0.000  0.000  0.000  0.000  0.000  0.000  0.000  0.000
gr1:S1:IDL1  0.000  0.000  0.000  0.000  0.000  0.000  0.000  0.000  0.000
gr1:S2:IDL1  0.000  0.000  0.000  0.000  0.000  0.000  0.000  0.000  0.000
g1:IDR1:IDL  0.000  0.000  0.000  0.000  0.000  0.000  0.000  0.000  0.000
g1:IDR2:IDL  0.000  0.000  0.000  0.000  0.000  0.000  0.000  0.000  0.000
S1:IDR1:IDL  0.000  0.000  0.000  0.000  0.000  0.000  0.000  0.000  0.000
S2:IDR1:IDL  0.000  0.000  0.000  0.000  0.000  0.000  0.000  0.000  0.000
S1:IDR2:IDL  0.000  0.000  0.000  0.000  0.000  0.000  0.000  0.000  0.000
S2:IDR2:IDL  0.000  0.000  0.000  0.000  0.000  0.000  0.000  0.000  0.000
g1:S1:IDR1:  0.000  0.000  0.000  0.000  0.000  0.000  0.000  0.000  0.000
g1:S2:IDR1:  0.000  0.000  0.000  0.000  0.000  0.000  0.000  0.000  0.000
g1:S1:IDR2:  0.000  0.000  0.000  0.000  0.000  0.000  0.000  0.000  0.000
g1:S2:IDR2:  0.000  0.000  0.000  0.000  0.000  0.000  0.000  0.000  0.000
            gr1:IDR1 gr1:IDR2 S1:IDR1 S2:IDR1 S1:IDR2 S2:IDR2 g1:IDL S1:IDL
grp1                                                                       
S1                                                                         
S2                                                                         
IDR1                                                                       
IDR2                                                                       
IDL1                                                                       
grp1:S1                                                                    
grp1:S2                                                                    
grp1:IDR1                                                                  
grp1:IDR2   -0.500                                                         
S1:IDR1      0.000    0.000                                                
S2:IDR1      0.000    0.000   -0.500                                       
S1:IDR2      0.000    0.000   -0.500   0.250                               
S2:IDR2      0.000    0.000    0.250  -0.500  -0.500                       
grp1:IDL1    0.000    0.000    0.000   0.000   0.000   0.000               
S1:IDL1      0.000    0.000    0.000   0.000   0.000   0.000   0.000       
S2:IDL1      0.000    0.000    0.000   0.000   0.000   0.000   0.000 -0.500
IDR1:IDL1    0.000    0.000    0.000   0.000   0.000   0.000   0.000  0.000
IDR2:IDL1    0.000    0.000    0.000   0.000   0.000   0.000   0.000  0.000
gr1:S1:IDR1  0.000    0.000    0.000   0.000   0.000   0.000   0.000  0.000
gr1:S2:IDR1  0.000    0.000    0.000   0.000   0.000   0.000   0.000  0.000
gr1:S1:IDR2  0.000    0.000    0.000   0.000   0.000   0.000   0.000  0.000
gr1:S2:IDR2  0.000    0.000    0.000   0.000   0.000   0.000   0.000  0.000
gr1:S1:IDL1  0.000    0.000    0.000   0.000   0.000   0.000   0.000  0.000
gr1:S2:IDL1  0.000    0.000    0.000   0.000   0.000   0.000   0.000  0.000
g1:IDR1:IDL  0.000    0.000    0.000   0.000   0.000   0.000   0.000  0.000
g1:IDR2:IDL  0.000    0.000    0.000   0.000   0.000   0.000   0.000  0.000
S1:IDR1:IDL  0.000    0.000    0.000   0.000   0.000   0.000   0.000  0.000
S2:IDR1:IDL  0.000    0.000    0.000   0.000   0.000   0.000   0.000  0.000
S1:IDR2:IDL  0.000    0.000    0.000   0.000   0.000   0.000   0.000  0.000
S2:IDR2:IDL  0.000    0.000    0.000   0.000   0.000   0.000   0.000  0.000
g1:S1:IDR1:  0.000    0.000    0.000   0.000   0.000   0.000   0.000  0.000
g1:S2:IDR1:  0.000    0.000    0.000   0.000   0.000   0.000   0.000  0.000
g1:S1:IDR2:  0.000    0.000    0.000   0.000   0.000   0.000   0.000  0.000
g1:S2:IDR2:  0.000    0.000    0.000   0.000   0.000   0.000   0.000  0.000
            S2:IDL IDR1:I IDR2:I gr1:S1:IDR1 gr1:S2:IDR1 gr1:S1:IDR2
grp1                                                                
S1                                                                  
S2                                                                  
IDR1                                                                
IDR2                                                                
IDL1                                                                
grp1:S1                                                             
grp1:S2                                                             
grp1:IDR1                                                           
grp1:IDR2                                                           
S1:IDR1                                                             
S2:IDR1                                                             
S1:IDR2                                                             
S2:IDR2                                                             
grp1:IDL1                                                           
S1:IDL1                                                             
S2:IDL1                                                             
IDR1:IDL1    0.000                                                  
IDR2:IDL1    0.000 -0.500                                           
gr1:S1:IDR1  0.000  0.000  0.000                                    
gr1:S2:IDR1  0.000  0.000  0.000 -0.500                             
gr1:S1:IDR2  0.000  0.000  0.000 -0.500       0.250                 
gr1:S2:IDR2  0.000  0.000  0.000  0.250      -0.500      -0.500     
gr1:S1:IDL1  0.000  0.000  0.000  0.000       0.000       0.000     
gr1:S2:IDL1  0.000  0.000  0.000  0.000       0.000       0.000     
g1:IDR1:IDL  0.000  0.000  0.000  0.000       0.000       0.000     
g1:IDR2:IDL  0.000  0.000  0.000  0.000       0.000       0.000     
S1:IDR1:IDL  0.000  0.000  0.000  0.000       0.000       0.000     
S2:IDR1:IDL  0.000  0.000  0.000  0.000       0.000       0.000     
S1:IDR2:IDL  0.000  0.000  0.000  0.000       0.000       0.000     
S2:IDR2:IDL  0.000  0.000  0.000  0.000       0.000       0.000     
g1:S1:IDR1:  0.000  0.000  0.000  0.000       0.000       0.000     
g1:S2:IDR1:  0.000  0.000  0.000  0.000       0.000       0.000     
g1:S1:IDR2:  0.000  0.000  0.000  0.000       0.000       0.000     
g1:S2:IDR2:  0.000  0.000  0.000  0.000       0.000       0.000     
            gr1:S2:IDR2 g1:S1:IDL g1:S2:IDL g1:IDR1: g1:IDR2: S1:IDR1: S2:IDR1:
grp1                                                                           
S1                                                                             
S2                                                                             
IDR1                                                                           
IDR2                                                                           
IDL1                                                                           
grp1:S1                                                                        
grp1:S2                                                                        
grp1:IDR1                                                                      
grp1:IDR2                                                                      
S1:IDR1                                                                        
S2:IDR1                                                                        
S1:IDR2                                                                        
S2:IDR2                                                                        
grp1:IDL1                                                                      
S1:IDL1                                                                        
S2:IDL1                                                                        
IDR1:IDL1                                                                      
IDR2:IDL1                                                                      
gr1:S1:IDR1                                                                    
gr1:S2:IDR1                                                                    
gr1:S1:IDR2                                                                    
gr1:S2:IDR2                                                                    
gr1:S1:IDL1  0.000                                                             
gr1:S2:IDL1  0.000      -0.500                                                 
g1:IDR1:IDL  0.000       0.000     0.000                                       
g1:IDR2:IDL  0.000       0.000     0.000    -0.500                             
S1:IDR1:IDL  0.000       0.000     0.000     0.000    0.000                    
S2:IDR1:IDL  0.000       0.000     0.000     0.000    0.000   -0.500           
S1:IDR2:IDL  0.000       0.000     0.000     0.000    0.000   -0.500    0.250  
S2:IDR2:IDL  0.000       0.000     0.000     0.000    0.000    0.250   -0.500  
g1:S1:IDR1:  0.000       0.000     0.000     0.000    0.000    0.000    0.000  
g1:S2:IDR1:  0.000       0.000     0.000     0.000    0.000    0.000    0.000  
g1:S1:IDR2:  0.000       0.000     0.000     0.000    0.000    0.000    0.000  
g1:S2:IDR2:  0.000       0.000     0.000     0.000    0.000    0.000    0.000  
            S1:IDR2: S2:IDR2: g1:S1:IDR1: g1:S2:IDR1: g1:S1:IDR2:
grp1                                                             
S1                                                               
S2                                                               
IDR1                                                             
IDR2                                                             
IDL1                                                             
grp1:S1                                                          
grp1:S2                                                          
grp1:IDR1                                                        
grp1:IDR2                                                        
S1:IDR1                                                          
S2:IDR1                                                          
S1:IDR2                                                          
S2:IDR2                                                          
grp1:IDL1                                                        
S1:IDL1                                                          
S2:IDL1                                                          
IDR1:IDL1                                                        
IDR2:IDL1                                                        
gr1:S1:IDR1                                                      
gr1:S2:IDR1                                                      
gr1:S1:IDR2                                                      
gr1:S2:IDR2                                                      
gr1:S1:IDL1                                                      
gr1:S2:IDL1                                                      
g1:IDR1:IDL                                                      
g1:IDR2:IDL                                                      
S1:IDR1:IDL                                                      
S2:IDR1:IDL                                                      
S1:IDR2:IDL                                                      
S2:IDR2:IDL -0.500                                               
g1:S1:IDR1:  0.000    0.000                                      
g1:S2:IDR1:  0.000    0.000   -0.500                             
g1:S1:IDR2:  0.000    0.000   -0.500       0.250                 
g1:S2:IDR2:  0.000    0.000    0.250      -0.500      -0.500     
