Post-hoc Tukey comparisons[1] "grp Tukey test"

	Pairwise comparisons using paired t tests 

data:  mdata$minPeakDelay and mdata$grp 

  C      
U 5.6e-05

P value adjustment method: bonferroni 
[1] "S Tukey test"

	Pairwise comparisons using paired t tests 

data:  mdata$minPeakDelay and mdata$S 

  1     2    
2 0.430 -    
3 1.000 0.035

P value adjustment method: bonferroni 
[1] "IDR Tukey test"

	Pairwise comparisons using paired t tests 

data:  mdata$minPeakDelay and mdata$IDR 

  D    M   
M 0.67 -   
E 1.00 0.28

P value adjustment method: bonferroni 
[1] "IDL Tukey test"
