[1] "Summary by group"
  grp minPeakDelay.m minPeakDelay.s
1   C    0.002385185     0.02503031
2   U    0.014185607     0.03670599
[1] "Summary by session\n"
  S minPeakDelay.m minPeakDelay.s
1 1    0.007168503     0.02185401
2 2    0.011363547     0.03672853
3 3    0.006324139     0.03507237
[1] "Summary by IDR+IDR\n"
  IDL IDR minPeakDelay.m minPeakDelay.s
1   D   D    0.017794444     0.06077089
2   D   M    0.007336222     0.02867621
3   D   E    0.010420106     0.02505319
4   E   D    0.002555611     0.02116580
5   E   M    0.004483600     0.01572160
6   E   E    0.007122394     0.01388271
[1] "Summary by group + Session\n"
  grp S minPeakDelay.m minPeakDelay.s
1   C 1    0.005494444     0.01983464
2   C 2    0.004061111     0.02963446
3   C 3   -0.002400000     0.02421245
4   U 1    0.008842561     0.02369560
5   U 2    0.018665983     0.04155811
6   U 3    0.015048278     0.04163879
[1] "Summary by Session + IDR + IDL \n"
   S IDL IDR minPeakDelay.m minPeakDelay.s
1  1   D   D   3.083333e-03     0.03212236
2  1   D   M   5.462100e-03     0.02092802
3  1   D   E   9.648917e-03     0.02220376
4  1   E   D   1.050000e-02     0.02088639
5  1   E   M   7.050000e-03     0.01541682
6  1   E   E   7.266667e-03     0.01652362
7  2   D   D   2.703333e-02     0.06610414
8  2   D   M   1.464982e-02     0.03807082
9  2   D   E   1.441480e-02     0.03390995
10 2   E   D  -2.500000e-03     0.01998016
11 2   E   M   6.383333e-03     0.01553566
12 2   E   E   8.200000e-03     0.01439624
13 3   D   D   2.326667e-02     0.07476120
14 3   D   M   1.896750e-03     0.02338256
15 3   D   E   7.196600e-03     0.01598467
16 3   E   D  -3.331667e-04     0.02095370
17 3   E   M   1.746667e-05     0.01575868
18 3   E   E   5.900517e-03     0.01041305
[1] "Summary by group + IDR + IDL\n"
   grp IDL IDR minPeakDelay.m minPeakDelay.s
1    C   D   D  -0.0025000000     0.03271850
2    C   D   M  -0.0007333333     0.02988056
3    C   D   E   0.0137555556     0.02939651
4    C   E   D  -0.0012666667     0.02103720
5    C   E   M   0.0014111111     0.01237542
6    C   E   E   0.0036444444     0.01497559
7    U   D   D   0.0380888889     0.07454653
8    U   D   M   0.0154057778     0.02524474
9    U   D   E   0.0070846556     0.01956217
10   U   E   D   0.0063778889     0.02082585
11   U   E   M   0.0075560889     0.01809680
12   U   E   E   0.0106003444     0.01186714
[1] "Summary by group + Session + IDR + IDL\n"
   grp S IDL IDR minPeakDelay.m minPeakDelay.s
1    C 1   D   D   0.0073000000    0.026630943
2    C 1   D   M   0.0020333333    0.022861748
3    C 1   D   E   0.0070000000    0.020186629
4    C 1   E   D   0.0102333333    0.019669471
5    C 1   E   M   0.0036666667    0.014125290
6    C 1   E   E   0.0027333333    0.014853892
7    C 2   D   D  -0.0024666667    0.027875019
8    C 2   D   M   0.0004333333    0.040495973
9    C 2   D   E   0.0207666667    0.042117551
10   C 2   E   D  -0.0031666667    0.021088814
11   C 2   E   M   0.0014000000    0.013307087
12   C 2   E   E   0.0074000000    0.018328549
13   C 3   D   D  -0.0123333333    0.040886457
14   C 3   D   M  -0.0046666667    0.024844996
15   C 3   D   E   0.0135000000    0.020806077
16   C 3   E   D  -0.0108666667    0.017747703
17   C 3   E   M  -0.0008333333    0.009689218
18   C 3   E   E   0.0008000000    0.011117554
19   U 1   D   D  -0.0011333333    0.037283885
20   U 1   D   M   0.0088908667    0.018957747
21   U 1   D   E   0.0122978333    0.024468202
22   U 1   E   D   0.0107666667    0.022728889
23   U 1   E   M   0.0104333333    0.016379284
24   U 1   E   E   0.0118000000    0.017346058
25   U 2   D   D   0.0565333333    0.080061241
26   U 2   D   M   0.0288663000    0.030484248
27   U 2   D   E   0.0080629333    0.022837688
28   U 2   E   D  -0.0018333333    0.019525319
29   U 2   E   M   0.0113666667    0.016421313
30   U 2   E   E   0.0090000000    0.009591663
31   U 3   D   D   0.0588666667    0.084795230
32   U 3   D   M   0.0084601667    0.020565903
33   U 3   D   E   0.0008932000    0.003351889
34   U 3   E   D   0.0102003333    0.018887445
35   U 3   E   M   0.0008682667    0.020468952
36   U 3   E   E   0.0110010333    0.006727657
