[1] "maxangleRrel ~S*IDR*IDL*grp + Error(pp/(S*IDR*IDL))"
$ANOVA
          Effect DFn DFd          F            p p<.05          ges
2            grp   1   8  0.4670957 5.136300e-01       0.0185391684
3              S   2  16  1.0676275 3.670883e-01       0.0141951275
5            IDR   2  16 44.9466213 2.716526e-07     * 0.5908507690
7            IDL   1   8 19.9358046 2.097228e-03     * 0.0461847149
4          grp:S   2  16  1.4114036 2.725742e-01       0.0186805739
6        grp:IDR   2  16  1.3665567 2.831915e-01       0.0420596035
8        grp:IDL   1   8  3.5829012 9.500742e-02       0.0086272430
9          S:IDR   4  32  1.1852078 3.360337e-01       0.0297336082
11         S:IDL   2  16  0.7842585 4.732374e-01       0.0031185833
13       IDR:IDL   2  16  2.9622685 8.044821e-02       0.0062867583
10     grp:S:IDR   4  32  0.5348829 7.110492e-01       0.0136412986
12     grp:S:IDL   2  16  0.3066631 7.401285e-01       0.0012217580
14   grp:IDR:IDL   2  16  1.4695551 2.594677e-01       0.0031287165
15     S:IDR:IDL   4  32  0.3808869 8.205991e-01       0.0017239347
16 grp:S:IDR:IDL   4  32  0.1880728 9.428918e-01       0.0008519812

$`Mauchly's Test for Sphericity`
          Effect          W            p p<.05
3              S 0.48366273 7.868631e-02      
4          grp:S 0.48366273 7.868631e-02      
5            IDR 0.05540380 4.003026e-05     *
6        grp:IDR 0.05540380 4.003026e-05     *
9          S:IDR 0.01567896 2.239490e-03     *
10     grp:S:IDR 0.01567896 2.239490e-03     *
11         S:IDL 0.80965825 4.775910e-01      
12     grp:S:IDL 0.80965825 4.775910e-01      
13       IDR:IDL 0.60256280 1.698275e-01      
14   grp:IDR:IDL 0.60256280 1.698275e-01      
15     S:IDR:IDL 0.03195326 1.098827e-02     *
16 grp:S:IDR:IDL 0.03195326 1.098827e-02     *

$`Sphericity Corrections`
          Effect       GGe        p[GG] p[GG]<.05       HFe        p[HF]
3              S 0.6594839 0.3474453667           0.7387114 0.3532934374
4          grp:S 0.6594839 0.2730634673           0.7387114 0.2737598518
5            IDR 0.5142456 0.0001266975         * 0.5204340 0.0001170541
6        grp:IDR 0.5142456 0.2767548950           0.5204340 0.2770432114
9          S:IDR 0.3672757 0.3229861820           0.4295706 0.3275738012
10     grp:S:IDR 0.3672757 0.5460076551           0.4295706 0.5711931296
11         S:IDL 0.8400949 0.4554491998           1.0381409 0.4732373787
12     grp:S:IDL 0.8400949 0.7039753599           1.0381409 0.7401284927
13       IDR:IDL 0.7155957 0.1029481825           0.8282112 0.0933854850
14   grp:IDR:IDL 0.7155957 0.2626698478           0.8282112 0.2619699610
15     S:IDR:IDL 0.4842961 0.6830338976           0.6364477 0.7362614047
16 grp:S:IDR:IDL 0.4842961 0.8238906843           0.6364477 0.8760900411
   p[HF]<.05
3           
4           
5          *
6           
9           
10          
11          
12          
13          
14          
15          
16          

