[1] "IDefR ~(S*DID*grp)+Error(pp/(S*DID))+grp"
$ANOVA
     Effect DFn DFd            F            p p<.05        ges
2       grp   1   8   0.08217203 7.816591e-01       0.00442307
3         S   2  16   1.26877628 3.079929e-01       0.02850310
5       DID   2  16 398.69251271 2.241767e-14     * 0.90860114
4     grp:S   2  16   6.22688579 9.996343e-03     * 0.12586755
6   grp:DID   2  16   0.76751990 4.805137e-01       0.01877808
7     S:DID   4  32   0.55146073 6.993188e-01       0.01245785
8 grp:S:DID   4  32   0.73746441 5.733535e-01       0.01659008

$`Mauchly's Test for Sphericity`
     Effect          W          p p<.05
3         S 0.92613644 0.76447344      
4     grp:S 0.92613644 0.76447344      
5       DID 0.30876189 0.01635622     *
6   grp:DID 0.30876189 0.01635622     *
7     S:DID 0.08654282 0.08259140      
8 grp:S:DID 0.08654282 0.08259140      

$`Sphericity Corrections`
     Effect       GGe        p[GG] p[GG]<.05       HFe        p[HF] p[HF]<.05
3         S 0.9312170 3.073381e-01           1.2025863 3.079929e-01          
4     grp:S 0.9312170 1.194708e-02         * 1.2025863 9.996343e-03         *
5       DID 0.5912828 2.927936e-09         * 0.6338961 8.534877e-10         *
6   grp:DID 0.5912828 4.245627e-01           0.6338961 4.320238e-01          
7     S:DID 0.4614725 5.739419e-01           0.5936281 6.141549e-01          
8 grp:S:DID 0.4614725 4.848309e-01           0.5936281 5.133422e-01          

