[1] "Summary by group"
  grp  IDefR.m   IDefR.s
1   C 4.498696 0.8654436
2   U 4.533255 0.9267020
[1] "Summary by session\n"
  S  IDefR.m   IDefR.s
1 1 4.490764 0.9084738
2 2 4.478772 0.8673266
3 3 4.578390 0.9154400
[1] "Summary by DID\n"
  DID  IDefR.m   IDefR.s
1   1 3.538404 0.4232836
2   2 4.470534 0.3586009
3   3 5.538988 0.2950332
[1] "Summary by group + Session\n"
  grp S  IDefR.m   IDefR.s
1   C 1 4.611278 0.8680056
2   C 2 4.409189 0.8339853
3   C 3 4.475622 0.9001985
4   U 1 4.370251 0.9414169
5   U 2 4.548356 0.9034226
6   U 3 4.681158 0.9290571
[1] "Summary by Session + DID\n"
  S DID  IDefR.m   IDefR.s
1 1   1 3.514440 0.4417174
2 1   2 4.429237 0.4255744
3 1   3 5.528617 0.2288887
4 2   1 3.548027 0.3461828
5 2   2 4.411423 0.3352038
6 2   3 5.476867 0.3808498
7 3   1 3.552747 0.4837397
8 3   2 4.570943 0.2921793
9 3   3 5.611480 0.2452762
[1] "Summary by group + DID\n"
  grp DID  IDefR.m   IDefR.s
1   C   1 3.539078 0.4444630
2   C   2 4.485358 0.2763824
3   C   3 5.471653 0.3113682
4   U   1 3.537731 0.4060318
5   U   2 4.455711 0.4281064
6   U   3 5.606322 0.2642789
[1] "Summary by group + Session + DID\n"
   grp S DID  IDefR.m   IDefR.s
1    C 1   1 3.619773 0.4073843
2    C 1   2 4.624053 0.2732712
3    C 1   3 5.590007 0.2179147
4    C 2   1 3.503260 0.3694247
5    C 2   2 4.394707 0.2530271
6    C 2   3 5.329600 0.4452384
7    C 3   1 3.494200 0.5549028
8    C 3   2 4.437313 0.2636022
9    C 3   3 5.495353 0.1474653
10   U 1   1 3.409107 0.4630639
11   U 1   2 4.234420 0.4681428
12   U 1   3 5.467227 0.2301295
13   U 2   1 3.592793 0.3278356
14   U 2   2 4.428140 0.4100335
15   U 2   3 5.624133 0.2361001
16   U 3   1 3.611293 0.4116558
17   U 3   2 4.704573 0.2628386
18   U 3   3 5.727607 0.2719829
