[1] "IDR Tukey test"

	 Simultaneous Tests for General Linear Hypotheses

Multiple Comparisons of Means: Tukey Contrasts


Fit: lmer(formula = get(vname) ~ (1 | pp) + (1 | pp/grp) + (1 | pp/S) + 
    (1 | pp/IDR) + (1 | pp/IDL) + (1 | pp/S:IDR:IDL) + grp * 
    S * IDR * IDL, data = mdata)

Linear Hypotheses:
            Estimate Std. Error z value Pr(>|z|)
M - D == 0 -0.002541   0.016727  -0.152    0.987
E - D == 0  0.015728   0.016727   0.940    0.615
E - M == 0  0.018269   0.016727   1.092    0.519
(Adjusted p values reported -- single-step method)

[1] "IDL Tukey test"

	 Simultaneous Tests for General Linear Hypotheses

Multiple Comparisons of Means: Tukey Contrasts


Fit: lmer(formula = get(vname) ~ (1 | pp) + (1 | pp/grp) + (1 | pp/S) + 
    (1 | pp/IDR) + (1 | pp/IDL) + (1 | pp/S:IDR:IDL) + grp * 
    S * IDR * IDL, data = mdata)

Linear Hypotheses:
           Estimate Std. Error z value Pr(>|z|)
E - D == 0 0.003027   0.012600    0.24     0.81
(Adjusted p values reported -- single-step method)

[1] "S Tukey test"

	 Simultaneous Tests for General Linear Hypotheses

Multiple Comparisons of Means: Tukey Contrasts


Fit: lmer(formula = get(vname) ~ (1 | pp) + (1 | pp/grp) + (1 | pp/S) + 
    (1 | pp/IDR) + (1 | pp/IDL) + (1 | pp/S:IDR:IDL) + grp * 
    S * IDR * IDL, data = mdata)

Linear Hypotheses:
            Estimate Std. Error z value Pr(>|z|)
2 - 1 == 0 -0.001362   0.012924  -0.105    0.994
3 - 1 == 0 -0.011997   0.012924  -0.928    0.622
3 - 2 == 0 -0.010636   0.012924  -0.823    0.689
(Adjusted p values reported -- single-step method)

[1] "grp Tukey test"

	 Simultaneous Tests for General Linear Hypotheses

Multiple Comparisons of Means: Tukey Contrasts


Fit: lmer(formula = get(vname) ~ (1 | pp) + (1 | pp/grp) + (1 | pp/S) + 
    (1 | pp/IDR) + (1 | pp/IDL) + (1 | pp/S:IDR:IDL) + grp * 
    S * IDR * IDL, data = mdata)

Linear Hypotheses:
           Estimate Std. Error z value Pr(>|z|)
U - C == 0  0.02761    0.01745   1.582    0.114
(Adjusted p values reported -- single-step method)

