                  Estimate MCMCmean HPD95lower HPD95upper pMCMC Pr(>|t|)
(Intercept)         0.0174   0.0173    -0.0019     0.0365 0.082   0.0189
grp1               -0.0123  -0.0122    -0.0305     0.0075 0.188   0.0974
S1                 -0.0015  -0.0016    -0.0121     0.0074 0.720   0.7763
S2                  0.0038   0.0042    -0.0055     0.0137 0.392   0.4752
IDR1               -0.0042  -0.0038    -0.0159     0.0090 0.524   0.5856
IDR2               -0.0065  -0.0067    -0.0194     0.0047 0.266   0.3969
IDL1               -0.0011  -0.0011    -0.0094     0.0073 0.776   0.8245
grp1:S1             0.0068   0.0069    -0.0024     0.0167 0.148   0.2032
grp1:S2             0.0013   0.0013    -0.0082     0.0098 0.774   0.8158
grp1:IDR1          -0.0075  -0.0076    -0.0201     0.0037 0.214   0.3270
grp1:IDR2           0.0023   0.0024    -0.0084     0.0140 0.680   0.7671
S1:IDR1            -0.0016  -0.0015    -0.0086     0.0067 0.744   0.7704
S2:IDR1            -0.0059  -0.0059    -0.0135     0.0019 0.134   0.2709
S1:IDR2             0.0039   0.0036    -0.0033     0.0111 0.344   0.4677
S2:IDR2             0.0040   0.0041    -0.0033     0.0119 0.296   0.4495
grp1:IDL1           0.0004   0.0005    -0.0081     0.0091 0.958   0.9293
S1:IDL1            -0.0069  -0.0068    -0.0120    -0.0013 0.018   0.0685
S2:IDL1             0.0057   0.0057     0.0002     0.0112 0.040   0.1317
IDR1:IDL1           0.0103   0.0101     0.0048     0.0157 0.001   0.0063
IDR2:IDL1          -0.0003  -0.0001    -0.0054     0.0054 0.932   0.9464
grp1:S1:IDR1        0.0136   0.0136     0.0054     0.0204 0.001   0.0107
grp1:S2:IDR1        0.0001   0.0001    -0.0079     0.0073 0.932   0.9827
grp1:S1:IDR2       -0.0039  -0.0037    -0.0112     0.0046 0.340   0.4661
grp1:S2:IDR2       -0.0081  -0.0083    -0.0157    -0.0004 0.046   0.1275
grp1:S1:IDL1        0.0038   0.0039    -0.0016     0.0094 0.164   0.3074
grp1:S2:IDL1       -0.0066  -0.0067    -0.0120    -0.0013 0.014   0.0811
grp1:IDR1:IDL1     -0.0091  -0.0089    -0.0142    -0.0036 0.001   0.0157
grp1:IDR2:IDL1     -0.0033  -0.0032    -0.0080     0.0024 0.234   0.3866
S1:IDR1:IDL1       -0.0095  -0.0096    -0.0169    -0.0020 0.012   0.0745
S2:IDR1:IDL1        0.0082   0.0081     0.0002     0.0161 0.050   0.1245
S1:IDR2:IDL1        0.0018   0.0019    -0.0067     0.0092 0.606   0.7344
S2:IDR2:IDL1       -0.0032  -0.0032    -0.0101     0.0050 0.418   0.5429
grp1:S1:IDR1:IDL1   0.0078   0.0078     0.0002     0.0155 0.034   0.1418
grp1:S2:IDR1:IDL1  -0.0040  -0.0040    -0.0120     0.0043 0.334   0.4569
grp1:S1:IDR2:IDL1   0.0024   0.0022    -0.0058     0.0096 0.560   0.6550
grp1:S2:IDR2:IDL1   0.0037   0.0038    -0.0046     0.0109 0.334   0.4833
NULL
       Length Class      Mode
fixed  6      data.frame list
random 7      data.frame list
Analysis of Variance Table
              Df    Sum Sq   Mean Sq F value
grp            1 0.0032358 0.0032358  2.7573
S              2 0.0006075 0.0003038  0.2588
IDR            2 0.0023144 0.0011572  0.9861
IDL            1 0.0000578 0.0000578  0.0492
grp:S          2 0.0030896 0.0015448  1.3164
grp:IDR        2 0.0011887 0.0005944  0.5065
S:IDR          4 0.0035789 0.0008947  0.7624
grp:IDL        1 0.0000093 0.0000093  0.0079
S:IDL          2 0.0044685 0.0022343  1.9039
IDR:IDL        2 0.0115154 0.0057577  4.9063
grp:S:IDR      4 0.0140352 0.0035088  2.9899
grp:S:IDL      2 0.0036201 0.0018101  1.5424
grp:IDR:IDL    2 0.0136466 0.0068233  5.8143
S:IDR:IDL      4 0.0049073 0.0012268  1.0454
grp:S:IDR:IDL  4 0.0064981 0.0016245  1.3843
Linear mixed model fit by REML 
Formula: get(vname) ~ (1 | pp) + (1 | pp/S) + (1 | pp/IDR) + (1 | pp/IDL) +      (1 | pp/S:IDR:IDL) + grp * S * IDR * IDL 
   Data: mdata 
   AIC   BIC logLik deviance REMLdev
 -1448 -1251    770    -1861   -1540
Random effects:
 Groups       Name        Variance   Std.Dev.  
 S:IDR:IDL:pp (Intercept) 8.7873e-04 2.9643e-02
 IDR:pp       (Intercept) 6.7237e-04 2.5930e-02
 S:pp         (Intercept) 2.2134e-04 1.4877e-02
 IDL:pp       (Intercept) 3.5746e-04 1.8907e-02
 pp           (Intercept) 3.9041e-11 6.2483e-06
 pp           (Intercept) 5.2324e-13 7.2335e-07
 pp           (Intercept) 3.9114e-11 6.2541e-06
 pp           (Intercept) 0.0000e+00 0.0000e+00
 pp           (Intercept) 0.0000e+00 0.0000e+00
 Residual                 1.1735e-03 3.4257e-02
Number of obs: 540, groups: S:IDR:IDL:pp, 180; IDR:pp, 30; S:pp, 30; IDL:pp, 20; pp, 10

Fixed effects:
                    Estimate Std. Error t value
(Intercept)        0.0174265  0.0073972   2.356
grp1              -0.0122831  0.0073972  -1.661
S1                -0.0015272  0.0053727  -0.284
S2                 0.0038391  0.0053727   0.715
IDR1              -0.0041879  0.0076769  -0.546
IDR2              -0.0065095  0.0076769  -0.848
IDL1              -0.0011076  0.0049928  -0.222
grp1:S1            0.0068453  0.0053727   1.274
grp1:S2            0.0012521  0.0053727   0.233
grp1:IDR1         -0.0075323  0.0076769  -0.981
grp1:IDR2          0.0022754  0.0076769   0.296
S1:IDR1           -0.0015512  0.0053123  -0.292
S2:IDR1           -0.0058546  0.0053123  -1.102
S1:IDR2            0.0038610  0.0053123   0.727
S2:IDR2            0.0040203  0.0053123   0.757
grp1:IDL1          0.0004433  0.0049928   0.089
S1:IDL1           -0.0068572  0.0037563  -1.825
S2:IDL1            0.0056714  0.0037563   1.510
IDR1:IDL1          0.0103142  0.0037563   2.746
IDR2:IDL1         -0.0002525  0.0037563  -0.067
grp1:S1:IDR1       0.0136050  0.0053123   2.561
grp1:S2:IDR1       0.0001151  0.0053123   0.022
grp1:S1:IDR2      -0.0038745  0.0053123  -0.729
grp1:S2:IDR2      -0.0081103  0.0053123  -1.527
grp1:S1:IDL1       0.0038381  0.0037563   1.022
grp1:S2:IDL1      -0.0065663  0.0037563  -1.748
grp1:IDR1:IDL1    -0.0091016  0.0037563  -2.423
grp1:IDR2:IDL1    -0.0032551  0.0037563  -0.867
S1:IDR1:IDL1      -0.0094927  0.0053123  -1.787
S2:IDR1:IDL1       0.0081736  0.0053123   1.539
S1:IDR2:IDL1       0.0018030  0.0053123   0.339
S2:IDR2:IDL1      -0.0032347  0.0053123  -0.609
grp1:S1:IDR1:IDL1  0.0078167  0.0053123   1.472
grp1:S2:IDR1:IDL1 -0.0039554  0.0053123  -0.745
grp1:S1:IDR2:IDL1  0.0023750  0.0053123   0.447
grp1:S2:IDR2:IDL1  0.0037264  0.0053123   0.702

Correlation of Fixed Effects:
            (Intr) grp1   S1     S2     IDR1   IDR2   IDL1   gr1:S1 gr1:S2
grp1         0.000                                                        
S1           0.000  0.000                                                 
S2           0.000  0.000 -0.500                                          
IDR1         0.000  0.000  0.000  0.000                                   
IDR2         0.000  0.000  0.000  0.000 -0.500                            
IDL1         0.000  0.000  0.000  0.000  0.000  0.000                     
grp1:S1      0.000  0.000  0.000  0.000  0.000  0.000  0.000              
grp1:S2      0.000  0.000  0.000  0.000  0.000  0.000  0.000 -0.500       
grp1:IDR1    0.000  0.000  0.000  0.000  0.000  0.000  0.000  0.000  0.000
grp1:IDR2    0.000  0.000  0.000  0.000  0.000  0.000  0.000  0.000  0.000
S1:IDR1      0.000  0.000  0.000  0.000  0.000  0.000  0.000  0.000  0.000
S2:IDR1      0.000  0.000  0.000  0.000  0.000  0.000  0.000  0.000  0.000
S1:IDR2      0.000  0.000  0.000  0.000  0.000  0.000  0.000  0.000  0.000
S2:IDR2      0.000  0.000  0.000  0.000  0.000  0.000  0.000  0.000  0.000
grp1:IDL1    0.000  0.000  0.000  0.000  0.000  0.000  0.000  0.000  0.000
S1:IDL1      0.000  0.000  0.000  0.000  0.000  0.000  0.000  0.000  0.000
S2:IDL1      0.000  0.000  0.000  0.000  0.000  0.000  0.000  0.000  0.000
IDR1:IDL1    0.000  0.000  0.000  0.000  0.000  0.000  0.000  0.000  0.000
IDR2:IDL1    0.000  0.000  0.000  0.000  0.000  0.000  0.000  0.000  0.000
gr1:S1:IDR1  0.000  0.000  0.000  0.000  0.000  0.000  0.000  0.000  0.000
gr1:S2:IDR1  0.000  0.000  0.000  0.000  0.000  0.000  0.000  0.000  0.000
gr1:S1:IDR2  0.000  0.000  0.000  0.000  0.000  0.000  0.000  0.000  0.000
gr1:S2:IDR2  0.000  0.000  0.000  0.000  0.000  0.000  0.000  0.000  0.000
gr1:S1:IDL1  0.000  0.000  0.000  0.000  0.000  0.000  0.000  0.000  0.000
gr1:S2:IDL1  0.000  0.000  0.000  0.000  0.000  0.000  0.000  0.000  0.000
g1:IDR1:IDL  0.000  0.000  0.000  0.000  0.000  0.000  0.000  0.000  0.000
g1:IDR2:IDL  0.000  0.000  0.000  0.000  0.000  0.000  0.000  0.000  0.000
S1:IDR1:IDL  0.000  0.000  0.000  0.000  0.000  0.000  0.000  0.000  0.000
S2:IDR1:IDL  0.000  0.000  0.000  0.000  0.000  0.000  0.000  0.000  0.000
S1:IDR2:IDL  0.000  0.000  0.000  0.000  0.000  0.000  0.000  0.000  0.000
S2:IDR2:IDL  0.000  0.000  0.000  0.000  0.000  0.000  0.000  0.000  0.000
g1:S1:IDR1:  0.000  0.000  0.000  0.000  0.000  0.000  0.000  0.000  0.000
g1:S2:IDR1:  0.000  0.000  0.000  0.000  0.000  0.000  0.000  0.000  0.000
g1:S1:IDR2:  0.000  0.000  0.000  0.000  0.000  0.000  0.000  0.000  0.000
g1:S2:IDR2:  0.000  0.000  0.000  0.000  0.000  0.000  0.000  0.000  0.000
            gr1:IDR1 gr1:IDR2 S1:IDR1 S2:IDR1 S1:IDR2 S2:IDR2 g1:IDL S1:IDL
grp1                                                                       
S1                                                                         
S2                                                                         
IDR1                                                                       
IDR2                                                                       
IDL1                                                                       
grp1:S1                                                                    
grp1:S2                                                                    
grp1:IDR1                                                                  
grp1:IDR2   -0.500                                                         
S1:IDR1      0.000    0.000                                                
S2:IDR1      0.000    0.000   -0.500                                       
S1:IDR2      0.000    0.000   -0.500   0.250                               
S2:IDR2      0.000    0.000    0.250  -0.500  -0.500                       
grp1:IDL1    0.000    0.000    0.000   0.000   0.000   0.000               
S1:IDL1      0.000    0.000    0.000   0.000   0.000   0.000   0.000       
S2:IDL1      0.000    0.000    0.000   0.000   0.000   0.000   0.000 -0.500
IDR1:IDL1    0.000    0.000    0.000   0.000   0.000   0.000   0.000  0.000
IDR2:IDL1    0.000    0.000    0.000   0.000   0.000   0.000   0.000  0.000
gr1:S1:IDR1  0.000    0.000    0.000   0.000   0.000   0.000   0.000  0.000
gr1:S2:IDR1  0.000    0.000    0.000   0.000   0.000   0.000   0.000  0.000
gr1:S1:IDR2  0.000    0.000    0.000   0.000   0.000   0.000   0.000  0.000
gr1:S2:IDR2  0.000    0.000    0.000   0.000   0.000   0.000   0.000  0.000
gr1:S1:IDL1  0.000    0.000    0.000   0.000   0.000   0.000   0.000  0.000
gr1:S2:IDL1  0.000    0.000    0.000   0.000   0.000   0.000   0.000  0.000
g1:IDR1:IDL  0.000    0.000    0.000   0.000   0.000   0.000   0.000  0.000
g1:IDR2:IDL  0.000    0.000    0.000   0.000   0.000   0.000   0.000  0.000
S1:IDR1:IDL  0.000    0.000    0.000   0.000   0.000   0.000   0.000  0.000
S2:IDR1:IDL  0.000    0.000    0.000   0.000   0.000   0.000   0.000  0.000
S1:IDR2:IDL  0.000    0.000    0.000   0.000   0.000   0.000   0.000  0.000
S2:IDR2:IDL  0.000    0.000    0.000   0.000   0.000   0.000   0.000  0.000
g1:S1:IDR1:  0.000    0.000    0.000   0.000   0.000   0.000   0.000  0.000
g1:S2:IDR1:  0.000    0.000    0.000   0.000   0.000   0.000   0.000  0.000
g1:S1:IDR2:  0.000    0.000    0.000   0.000   0.000   0.000   0.000  0.000
g1:S2:IDR2:  0.000    0.000    0.000   0.000   0.000   0.000   0.000  0.000
            S2:IDL IDR1:I IDR2:I gr1:S1:IDR1 gr1:S2:IDR1 gr1:S1:IDR2
grp1                                                                
S1                                                                  
S2                                                                  
IDR1                                                                
IDR2                                                                
IDL1                                                                
grp1:S1                                                             
grp1:S2                                                             
grp1:IDR1                                                           
grp1:IDR2                                                           
S1:IDR1                                                             
S2:IDR1                                                             
S1:IDR2                                                             
S2:IDR2                                                             
grp1:IDL1                                                           
S1:IDL1                                                             
S2:IDL1                                                             
IDR1:IDL1    0.000                                                  
IDR2:IDL1    0.000 -0.500                                           
gr1:S1:IDR1  0.000  0.000  0.000                                    
gr1:S2:IDR1  0.000  0.000  0.000 -0.500                             
gr1:S1:IDR2  0.000  0.000  0.000 -0.500       0.250                 
gr1:S2:IDR2  0.000  0.000  0.000  0.250      -0.500      -0.500     
gr1:S1:IDL1  0.000  0.000  0.000  0.000       0.000       0.000     
gr1:S2:IDL1  0.000  0.000  0.000  0.000       0.000       0.000     
g1:IDR1:IDL  0.000  0.000  0.000  0.000       0.000       0.000     
g1:IDR2:IDL  0.000  0.000  0.000  0.000       0.000       0.000     
S1:IDR1:IDL  0.000  0.000  0.000  0.000       0.000       0.000     
S2:IDR1:IDL  0.000  0.000  0.000  0.000       0.000       0.000     
S1:IDR2:IDL  0.000  0.000  0.000  0.000       0.000       0.000     
S2:IDR2:IDL  0.000  0.000  0.000  0.000       0.000       0.000     
g1:S1:IDR1:  0.000  0.000  0.000  0.000       0.000       0.000     
g1:S2:IDR1:  0.000  0.000  0.000  0.000       0.000       0.000     
g1:S1:IDR2:  0.000  0.000  0.000  0.000       0.000       0.000     
g1:S2:IDR2:  0.000  0.000  0.000  0.000       0.000       0.000     
            gr1:S2:IDR2 g1:S1:IDL g1:S2:IDL g1:IDR1: g1:IDR2: S1:IDR1: S2:IDR1:
grp1                                                                           
S1                                                                             
S2                                                                             
IDR1                                                                           
IDR2                                                                           
IDL1                                                                           
grp1:S1                                                                        
grp1:S2                                                                        
grp1:IDR1                                                                      
grp1:IDR2                                                                      
S1:IDR1                                                                        
S2:IDR1                                                                        
S1:IDR2                                                                        
S2:IDR2                                                                        
grp1:IDL1                                                                      
S1:IDL1                                                                        
S2:IDL1                                                                        
IDR1:IDL1                                                                      
IDR2:IDL1                                                                      
gr1:S1:IDR1                                                                    
gr1:S2:IDR1                                                                    
gr1:S1:IDR2                                                                    
gr1:S2:IDR2                                                                    
gr1:S1:IDL1  0.000                                                             
gr1:S2:IDL1  0.000      -0.500                                                 
g1:IDR1:IDL  0.000       0.000     0.000                                       
g1:IDR2:IDL  0.000       0.000     0.000    -0.500                             
S1:IDR1:IDL  0.000       0.000     0.000     0.000    0.000                    
S2:IDR1:IDL  0.000       0.000     0.000     0.000    0.000   -0.500           
S1:IDR2:IDL  0.000       0.000     0.000     0.000    0.000   -0.500    0.250  
S2:IDR2:IDL  0.000       0.000     0.000     0.000    0.000    0.250   -0.500  
g1:S1:IDR1:  0.000       0.000     0.000     0.000    0.000    0.000    0.000  
g1:S2:IDR1:  0.000       0.000     0.000     0.000    0.000    0.000    0.000  
g1:S1:IDR2:  0.000       0.000     0.000     0.000    0.000    0.000    0.000  
g1:S2:IDR2:  0.000       0.000     0.000     0.000    0.000    0.000    0.000  
            S1:IDR2: S2:IDR2: g1:S1:IDR1: g1:S2:IDR1: g1:S1:IDR2:
grp1                                                             
S1                                                               
S2                                                               
IDR1                                                             
IDR2                                                             
IDL1                                                             
grp1:S1                                                          
grp1:S2                                                          
grp1:IDR1                                                        
grp1:IDR2                                                        
S1:IDR1                                                          
S2:IDR1                                                          
S1:IDR2                                                          
S2:IDR2                                                          
grp1:IDL1                                                        
S1:IDL1                                                          
S2:IDL1                                                          
IDR1:IDL1                                                        
IDR2:IDL1                                                        
gr1:S1:IDR1                                                      
gr1:S2:IDR1                                                      
gr1:S1:IDR2                                                      
gr1:S2:IDR2                                                      
gr1:S1:IDL1                                                      
gr1:S2:IDL1                                                      
g1:IDR1:IDL                                                      
g1:IDR2:IDL                                                      
S1:IDR1:IDL                                                      
S2:IDR1:IDL                                                      
S1:IDR2:IDL                                                      
S2:IDR2:IDL -0.500                                               
g1:S1:IDR1:  0.000    0.000                                      
g1:S2:IDR1:  0.000    0.000   -0.500                             
g1:S1:IDR2:  0.000    0.000   -0.500       0.250                 
g1:S2:IDR2:  0.000    0.000    0.250      -0.500      -0.500     
