                  Estimate MCMCmean HPD95lower HPD95upper pMCMC Pr(>|t|)
(Intercept)         0.2324   0.2321     0.2119     0.2520 0.001   0.0000
grp1                0.0112   0.0117    -0.0082     0.0341 0.294   0.3122
S1                 -0.0407  -0.0406    -0.0502    -0.0309 0.001   0.0000
S2                  0.0067   0.0063    -0.0032     0.0153 0.184   0.3067
IDR1               -0.0382  -0.0383    -0.0474    -0.0275 0.001   0.0000
IDR2               -0.0154  -0.0153    -0.0270    -0.0054 0.008   0.0384
IDL1               -0.0608  -0.0609    -0.0720    -0.0503 0.001   0.0000
grp1:S1             0.0011   0.0010    -0.0085     0.0106 0.862   0.8632
grp1:S2             0.0045   0.0047    -0.0054     0.0154 0.344   0.4874
grp1:IDR1          -0.0084  -0.0085    -0.0191     0.0013 0.112   0.2603
grp1:IDR2          -0.0005  -0.0006    -0.0109     0.0103 0.884   0.9423
S1:IDR1             0.0071   0.0072    -0.0008     0.0150 0.082   0.2642
S2:IDR1            -0.0027  -0.0028    -0.0103     0.0046 0.484   0.6751
S1:IDR2             0.0065   0.0064    -0.0012     0.0144 0.110   0.3061
S2:IDR2             0.0021   0.0022    -0.0048     0.0105 0.546   0.7426
grp1:IDL1           0.0096   0.0093    -0.0035     0.0195 0.108   0.3267
S1:IDL1             0.0208   0.0209     0.0149     0.0262 0.001   0.0000
S2:IDL1            -0.0032  -0.0032    -0.0089     0.0025 0.266   0.4826
IDR1:IDL1           0.0361   0.0361     0.0305     0.0417 0.001   0.0000
IDR2:IDL1           0.0129   0.0130     0.0075     0.0181 0.001   0.0044
grp1:S1:IDR1        0.0082   0.0079     0.0002     0.0154 0.032   0.2010
grp1:S2:IDR1       -0.0014  -0.0014    -0.0091     0.0062 0.728   0.8230
grp1:S1:IDR2        0.0051   0.0053    -0.0022     0.0129 0.164   0.4219
grp1:S2:IDR2       -0.0026  -0.0027    -0.0099     0.0056 0.512   0.6812
grp1:S1:IDL1       -0.0015  -0.0013    -0.0071     0.0038 0.646   0.7361
grp1:S2:IDL1       -0.0064  -0.0065    -0.0113    -0.0007 0.012   0.1539
grp1:IDR1:IDL1      0.0024   0.0025    -0.0034     0.0076 0.370   0.5935
grp1:IDR2:IDL1      0.0012   0.0013    -0.0040     0.0071 0.654   0.7819
S1:IDR1:IDL1       -0.0160  -0.0160    -0.0233    -0.0073 0.001   0.0126
S2:IDR1:IDL1        0.0055   0.0054    -0.0025     0.0126 0.164   0.3918
S1:IDR2:IDL1       -0.0040  -0.0040    -0.0126     0.0038 0.324   0.5295
S2:IDR2:IDL1       -0.0030  -0.0031    -0.0109     0.0044 0.454   0.6354
grp1:S1:IDR1:IDL1  -0.0053  -0.0055    -0.0131     0.0025 0.172   0.4047
grp1:S2:IDR1:IDL1   0.0038   0.0039    -0.0035     0.0117 0.360   0.5486
grp1:S1:IDR2:IDL1  -0.0013  -0.0011    -0.0086     0.0070 0.772   0.8416
grp1:S2:IDR2:IDL1  -0.0015  -0.0015    -0.0091     0.0059 0.714   0.8089
NULL
       Length Class      Mode
fixed  6      data.frame list
random 7      data.frame list
Analysis of Variance Table
              Df   Sum Sq  Mean Sq F value
grp            1 0.000532 0.000532  1.0238
S              2 0.023315 0.011658 22.4276
IDR            2 0.028786 0.014393 27.6905
IDL            1 0.020209 0.020209 38.8791
grp:S          2 0.000438 0.000219  0.4216
grp:IDR        2 0.000940 0.000470  0.9046
S:IDR          4 0.003167 0.000792  1.5230
grp:IDL        1 0.000501 0.000501  0.9638
S:IDL          2 0.012855 0.006428 12.3658
IDR:IDL        2 0.065889 0.032945 63.3812
grp:S:IDR      4 0.002454 0.000613  1.1801
grp:S:IDL      2 0.001826 0.000913  1.7566
grp:IDR:IDL    2 0.000353 0.000177  0.3399
S:IDR:IDL      4 0.006717 0.001679  3.2306
grp:S:IDR:IDL  4 0.000707 0.000177  0.3398
Linear mixed model fit by REML 
Formula: get(vname) ~ (1 | pp) + (1 | pp/S) + (1 | pp/IDR) + (1 | pp/IDL) +      (1 | pp/S:IDR:IDL) + grp * S * IDR * IDL 
   Data: mdata 
   AIC   BIC logLik deviance REMLdev
 -1684 -1487    888    -2082   -1776
Random effects:
 Groups       Name        Variance   Std.Dev.  
 S:IDR:IDL:pp (Intercept) 1.6550e-03 4.0681e-02
 IDR:pp       (Intercept) 5.2030e-04 2.2810e-02
 S:pp         (Intercept) 3.3144e-04 1.8205e-02
 IDL:pp       (Intercept) 1.7007e-03 4.1240e-02
 pp           (Intercept) 5.2269e-14 2.2862e-07
 pp           (Intercept) 4.4304e-14 2.1048e-07
 pp           (Intercept) 4.9072e-14 2.2152e-07
 pp           (Intercept) 6.3713e-14 2.5241e-07
 pp           (Intercept) 4.7100e-14 2.1702e-07
 Residual                 5.1979e-04 2.2799e-02
Number of obs: 540, groups: S:IDR:IDL:pp, 180; IDR:pp, 30; S:pp, 30; IDL:pp, 20; pp, 10

Fixed effects:
                    Estimate Std. Error t value
(Intercept)        0.2323918  0.0111169  20.904
grp1               0.0112462  0.0111169   1.012
S1                -0.0406603  0.0065123  -6.244
S2                 0.0066637  0.0065123   1.023
IDR1              -0.0382030  0.0074162  -5.151
IDR2              -0.0153930  0.0074162  -2.076
IDL1              -0.0608361  0.0097567  -6.235
grp1:S1            0.0011226  0.0065123   0.172
grp1:S2            0.0045254  0.0065123   0.695
grp1:IDR1         -0.0083574  0.0074162  -1.127
grp1:IDR2         -0.0005374  0.0074162  -0.072
S1:IDR1            0.0071239  0.0063740   1.118
S2:IDR1           -0.0026733  0.0063740  -0.419
S1:IDR2            0.0065305  0.0063740   1.025
S2:IDR2            0.0020945  0.0063740   0.329
grp1:IDL1          0.0095783  0.0097567   0.982
S1:IDL1            0.0207999  0.0045071   4.615
S2:IDL1           -0.0031670  0.0045071  -0.703
IDR1:IDL1          0.0360506  0.0045071   7.999
IDR2:IDL1          0.0129024  0.0045071   2.863
grp1:S1:IDR1       0.0081604  0.0063740   1.280
grp1:S2:IDR1      -0.0014267  0.0063740  -0.224
grp1:S1:IDR2       0.0051234  0.0063740   0.804
grp1:S2:IDR2      -0.0026202  0.0063740  -0.411
grp1:S1:IDL1      -0.0015198  0.0045071  -0.337
grp1:S2:IDL1      -0.0064369  0.0045071  -1.428
grp1:IDR1:IDL1     0.0024070  0.0045071   0.534
grp1:IDR2:IDL1     0.0012486  0.0045071   0.277
S1:IDR1:IDL1      -0.0159573  0.0063740  -2.504
S2:IDR1:IDL1       0.0054631  0.0063740   0.857
S1:IDR2:IDL1      -0.0040108  0.0063740  -0.629
S2:IDR2:IDL1      -0.0030236  0.0063740  -0.474
grp1:S1:IDR1:IDL1 -0.0053158  0.0063740  -0.834
grp1:S2:IDR1:IDL1  0.0038264  0.0063740   0.600
grp1:S1:IDR2:IDL1 -0.0012748  0.0063740  -0.200
grp1:S2:IDR2:IDL1 -0.0015426  0.0063740  -0.242

Correlation of Fixed Effects:
            (Intr) grp1   S1     S2     IDR1   IDR2   IDL1   gr1:S1 gr1:S2
grp1         0.000                                                        
S1           0.000  0.000                                                 
S2           0.000  0.000 -0.500                                          
IDR1         0.000  0.000  0.000  0.000                                   
IDR2         0.000  0.000  0.000  0.000 -0.500                            
IDL1         0.000  0.000  0.000  0.000  0.000  0.000                     
grp1:S1      0.000  0.000  0.000  0.000  0.000  0.000  0.000              
grp1:S2      0.000  0.000  0.000  0.000  0.000  0.000  0.000 -0.500       
grp1:IDR1    0.000  0.000  0.000  0.000  0.000  0.000  0.000  0.000  0.000
grp1:IDR2    0.000  0.000  0.000  0.000  0.000  0.000  0.000  0.000  0.000
S1:IDR1      0.000  0.000  0.000  0.000  0.000  0.000  0.000  0.000  0.000
S2:IDR1      0.000  0.000  0.000  0.000  0.000  0.000  0.000  0.000  0.000
S1:IDR2      0.000  0.000  0.000  0.000  0.000  0.000  0.000  0.000  0.000
S2:IDR2      0.000  0.000  0.000  0.000  0.000  0.000  0.000  0.000  0.000
grp1:IDL1    0.000  0.000  0.000  0.000  0.000  0.000  0.000  0.000  0.000
S1:IDL1      0.000  0.000  0.000  0.000  0.000  0.000  0.000  0.000  0.000
S2:IDL1      0.000  0.000  0.000  0.000  0.000  0.000  0.000  0.000  0.000
IDR1:IDL1    0.000  0.000  0.000  0.000  0.000  0.000  0.000  0.000  0.000
IDR2:IDL1    0.000  0.000  0.000  0.000  0.000  0.000  0.000  0.000  0.000
gr1:S1:IDR1  0.000  0.000  0.000  0.000  0.000  0.000  0.000  0.000  0.000
gr1:S2:IDR1  0.000  0.000  0.000  0.000  0.000  0.000  0.000  0.000  0.000
gr1:S1:IDR2  0.000  0.000  0.000  0.000  0.000  0.000  0.000  0.000  0.000
gr1:S2:IDR2  0.000  0.000  0.000  0.000  0.000  0.000  0.000  0.000  0.000
gr1:S1:IDL1  0.000  0.000  0.000  0.000  0.000  0.000  0.000  0.000  0.000
gr1:S2:IDL1  0.000  0.000  0.000  0.000  0.000  0.000  0.000  0.000  0.000
g1:IDR1:IDL  0.000  0.000  0.000  0.000  0.000  0.000  0.000  0.000  0.000
g1:IDR2:IDL  0.000  0.000  0.000  0.000  0.000  0.000  0.000  0.000  0.000
S1:IDR1:IDL  0.000  0.000  0.000  0.000  0.000  0.000  0.000  0.000  0.000
S2:IDR1:IDL  0.000  0.000  0.000  0.000  0.000  0.000  0.000  0.000  0.000
S1:IDR2:IDL  0.000  0.000  0.000  0.000  0.000  0.000  0.000  0.000  0.000
S2:IDR2:IDL  0.000  0.000  0.000  0.000  0.000  0.000  0.000  0.000  0.000
g1:S1:IDR1:  0.000  0.000  0.000  0.000  0.000  0.000  0.000  0.000  0.000
g1:S2:IDR1:  0.000  0.000  0.000  0.000  0.000  0.000  0.000  0.000  0.000
g1:S1:IDR2:  0.000  0.000  0.000  0.000  0.000  0.000  0.000  0.000  0.000
g1:S2:IDR2:  0.000  0.000  0.000  0.000  0.000  0.000  0.000  0.000  0.000
            gr1:IDR1 gr1:IDR2 S1:IDR1 S2:IDR1 S1:IDR2 S2:IDR2 g1:IDL S1:IDL
grp1                                                                       
S1                                                                         
S2                                                                         
IDR1                                                                       
IDR2                                                                       
IDL1                                                                       
grp1:S1                                                                    
grp1:S2                                                                    
grp1:IDR1                                                                  
grp1:IDR2   -0.500                                                         
S1:IDR1      0.000    0.000                                                
S2:IDR1      0.000    0.000   -0.500                                       
S1:IDR2      0.000    0.000   -0.500   0.250                               
S2:IDR2      0.000    0.000    0.250  -0.500  -0.500                       
grp1:IDL1    0.000    0.000    0.000   0.000   0.000   0.000               
S1:IDL1      0.000    0.000    0.000   0.000   0.000   0.000   0.000       
S2:IDL1      0.000    0.000    0.000   0.000   0.000   0.000   0.000 -0.500
IDR1:IDL1    0.000    0.000    0.000   0.000   0.000   0.000   0.000  0.000
IDR2:IDL1    0.000    0.000    0.000   0.000   0.000   0.000   0.000  0.000
gr1:S1:IDR1  0.000    0.000    0.000   0.000   0.000   0.000   0.000  0.000
gr1:S2:IDR1  0.000    0.000    0.000   0.000   0.000   0.000   0.000  0.000
gr1:S1:IDR2  0.000    0.000    0.000   0.000   0.000   0.000   0.000  0.000
gr1:S2:IDR2  0.000    0.000    0.000   0.000   0.000   0.000   0.000  0.000
gr1:S1:IDL1  0.000    0.000    0.000   0.000   0.000   0.000   0.000  0.000
gr1:S2:IDL1  0.000    0.000    0.000   0.000   0.000   0.000   0.000  0.000
g1:IDR1:IDL  0.000    0.000    0.000   0.000   0.000   0.000   0.000  0.000
g1:IDR2:IDL  0.000    0.000    0.000   0.000   0.000   0.000   0.000  0.000
S1:IDR1:IDL  0.000    0.000    0.000   0.000   0.000   0.000   0.000  0.000
S2:IDR1:IDL  0.000    0.000    0.000   0.000   0.000   0.000   0.000  0.000
S1:IDR2:IDL  0.000    0.000    0.000   0.000   0.000   0.000   0.000  0.000
S2:IDR2:IDL  0.000    0.000    0.000   0.000   0.000   0.000   0.000  0.000
g1:S1:IDR1:  0.000    0.000    0.000   0.000   0.000   0.000   0.000  0.000
g1:S2:IDR1:  0.000    0.000    0.000   0.000   0.000   0.000   0.000  0.000
g1:S1:IDR2:  0.000    0.000    0.000   0.000   0.000   0.000   0.000  0.000
g1:S2:IDR2:  0.000    0.000    0.000   0.000   0.000   0.000   0.000  0.000
            S2:IDL IDR1:I IDR2:I gr1:S1:IDR1 gr1:S2:IDR1 gr1:S1:IDR2
grp1                                                                
S1                                                                  
S2                                                                  
IDR1                                                                
IDR2                                                                
IDL1                                                                
grp1:S1                                                             
grp1:S2                                                             
grp1:IDR1                                                           
grp1:IDR2                                                           
S1:IDR1                                                             
S2:IDR1                                                             
S1:IDR2                                                             
S2:IDR2                                                             
grp1:IDL1                                                           
S1:IDL1                                                             
S2:IDL1                                                             
IDR1:IDL1    0.000                                                  
IDR2:IDL1    0.000 -0.500                                           
gr1:S1:IDR1  0.000  0.000  0.000                                    
gr1:S2:IDR1  0.000  0.000  0.000 -0.500                             
gr1:S1:IDR2  0.000  0.000  0.000 -0.500       0.250                 
gr1:S2:IDR2  0.000  0.000  0.000  0.250      -0.500      -0.500     
gr1:S1:IDL1  0.000  0.000  0.000  0.000       0.000       0.000     
gr1:S2:IDL1  0.000  0.000  0.000  0.000       0.000       0.000     
g1:IDR1:IDL  0.000  0.000  0.000  0.000       0.000       0.000     
g1:IDR2:IDL  0.000  0.000  0.000  0.000       0.000       0.000     
S1:IDR1:IDL  0.000  0.000  0.000  0.000       0.000       0.000     
S2:IDR1:IDL  0.000  0.000  0.000  0.000       0.000       0.000     
S1:IDR2:IDL  0.000  0.000  0.000  0.000       0.000       0.000     
S2:IDR2:IDL  0.000  0.000  0.000  0.000       0.000       0.000     
g1:S1:IDR1:  0.000  0.000  0.000  0.000       0.000       0.000     
g1:S2:IDR1:  0.000  0.000  0.000  0.000       0.000       0.000     
g1:S1:IDR2:  0.000  0.000  0.000  0.000       0.000       0.000     
g1:S2:IDR2:  0.000  0.000  0.000  0.000       0.000       0.000     
            gr1:S2:IDR2 g1:S1:IDL g1:S2:IDL g1:IDR1: g1:IDR2: S1:IDR1: S2:IDR1:
grp1                                                                           
S1                                                                             
S2                                                                             
IDR1                                                                           
IDR2                                                                           
IDL1                                                                           
grp1:S1                                                                        
grp1:S2                                                                        
grp1:IDR1                                                                      
grp1:IDR2                                                                      
S1:IDR1                                                                        
S2:IDR1                                                                        
S1:IDR2                                                                        
S2:IDR2                                                                        
grp1:IDL1                                                                      
S1:IDL1                                                                        
S2:IDL1                                                                        
IDR1:IDL1                                                                      
IDR2:IDL1                                                                      
gr1:S1:IDR1                                                                    
gr1:S2:IDR1                                                                    
gr1:S1:IDR2                                                                    
gr1:S2:IDR2                                                                    
gr1:S1:IDL1  0.000                                                             
gr1:S2:IDL1  0.000      -0.500                                                 
g1:IDR1:IDL  0.000       0.000     0.000                                       
g1:IDR2:IDL  0.000       0.000     0.000    -0.500                             
S1:IDR1:IDL  0.000       0.000     0.000     0.000    0.000                    
S2:IDR1:IDL  0.000       0.000     0.000     0.000    0.000   -0.500           
S1:IDR2:IDL  0.000       0.000     0.000     0.000    0.000   -0.500    0.250  
S2:IDR2:IDL  0.000       0.000     0.000     0.000    0.000    0.250   -0.500  
g1:S1:IDR1:  0.000       0.000     0.000     0.000    0.000    0.000    0.000  
g1:S2:IDR1:  0.000       0.000     0.000     0.000    0.000    0.000    0.000  
g1:S1:IDR2:  0.000       0.000     0.000     0.000    0.000    0.000    0.000  
g1:S2:IDR2:  0.000       0.000     0.000     0.000    0.000    0.000    0.000  
            S1:IDR2: S2:IDR2: g1:S1:IDR1: g1:S2:IDR1: g1:S1:IDR2:
grp1                                                             
S1                                                               
S2                                                               
IDR1                                                             
IDR2                                                             
IDL1                                                             
grp1:S1                                                          
grp1:S2                                                          
grp1:IDR1                                                        
grp1:IDR2                                                        
S1:IDR1                                                          
S2:IDR1                                                          
S1:IDR2                                                          
S2:IDR2                                                          
grp1:IDL1                                                        
S1:IDL1                                                          
S2:IDL1                                                          
IDR1:IDL1                                                        
IDR2:IDL1                                                        
gr1:S1:IDR1                                                      
gr1:S2:IDR1                                                      
gr1:S1:IDR2                                                      
gr1:S2:IDR2                                                      
gr1:S1:IDL1                                                      
gr1:S2:IDL1                                                      
g1:IDR1:IDL                                                      
g1:IDR2:IDL                                                      
S1:IDR1:IDL                                                      
S2:IDR1:IDL                                                      
S1:IDR2:IDL                                                      
S2:IDR2:IDL -0.500                                               
g1:S1:IDR1:  0.000    0.000                                      
g1:S2:IDR1:  0.000    0.000   -0.500                             
g1:S1:IDR2:  0.000    0.000   -0.500       0.250                 
g1:S2:IDR2:  0.000    0.000    0.250      -0.500      -0.500     
