[1] "Summary by group"
  grp peakVelL.m peakVelL.s
1   C  0.2436380  0.1114430
2   U  0.2211457  0.1081831
[1] "Summary by session\n"
  S peakVelL.m peakVelL.s
1 1  0.1917315 0.07407605
2 2  0.2390555 0.10915186
3 3  0.2663884 0.12791730
[1] "Summary by IDR+IDR\n"
  IDL IDR peakVelL.m peakVelL.s
1   D   D  0.1694032 0.04835108
2   D   M  0.1690651 0.04673568
3   D   E  0.1761987 0.04696758
4   E   D  0.2189743 0.06329908
5   E   M  0.2649326 0.06640585
6   E   E  0.3957770 0.13793535
[1] "Summary by group + Session\n"
  grp S peakVelL.m peakVelL.s
1   C 1  0.2041003 0.07291737
2   C 2  0.2548271 0.11645917
3   C 3  0.2719866 0.12703523
4   U 1  0.1793628 0.07355152
5   U 2  0.2232839 0.09948020
6   U 3  0.2607902 0.12926016
[1] "Summary by Session + IDR + IDL \n"
   S IDL IDR peakVelL.m peakVelL.s
1  1   D   D  0.1407095 0.03924189
2  1   D   M  0.1517244 0.04420031
3  1   D   E  0.1626520 0.03464608
4  1   E   D  0.1805953 0.04222632
5  1   E   M  0.2140137 0.04078401
6  1   E   E  0.3006943 0.08707208
7  2   D   D  0.1756897 0.04121664
8  2   D   M  0.1716327 0.03054338
9  2   D   E  0.1778347 0.04559190
10 2   E   D  0.2206687 0.06278589
11 2   E   M  0.2798813 0.06907562
12 2   E   E  0.4086260 0.12474755
13 3   D   D  0.1918104 0.05023919
14 3   D   M  0.1838383 0.05721085
15 3   D   E  0.1881093 0.05613964
16 3   E   D  0.2556590 0.06043709
17 3   E   M  0.3009027 0.05335522
18 3   E   E  0.4780107 0.13685145
[1] "Summary by group + IDR + IDL\n"
   grp IDL IDR peakVelL.m peakVelL.s
1    C   D   D  0.1842772 0.04541282
2    C   D   M  0.1906007 0.03321288
3    C   D   E  0.2022624 0.03600753
4    C   E   D  0.2098778 0.04971623
5    C   E   M  0.2648144 0.06096504
6    C   E   E  0.4099953 0.16467720
7    U   D   D  0.1545292 0.04705246
8    U   D   M  0.1475296 0.04864519
9    U   D   E  0.1501349 0.04214240
10   U   E   D  0.2280709 0.07391652
11   U   E   M  0.2650507 0.07213134
12   U   E   E  0.3815587 0.10465486
[1] "Summary by group + Session + IDR + IDL\n"
   grp S IDL IDR peakVelL.m peakVelL.s
1    C 1   D   D  0.1580309 0.04590545
2    C 1   D   M  0.1767113 0.04292071
3    C 1   D   E  0.1816253 0.03201598
4    C 1   E   D  0.1876173 0.03863287
5    C 1   E   M  0.2229360 0.04253502
6    C 1   E   E  0.2976807 0.10886397
7    C 2   D   D  0.1910520 0.04529577
8    C 2   D   M  0.1870940 0.01928796
9    C 2   D   E  0.2037500 0.04073342
10   C 2   E   D  0.2172813 0.05725490
11   C 2   E   M  0.2896480 0.07284739
12   C 2   E   E  0.4401373 0.14792488
13   C 3   D   D  0.2037487 0.03360220
14   C 3   D   M  0.2079967 0.02661867
15   C 3   D   E  0.2214120 0.02321707
16   C 3   E   D  0.2247347 0.04659876
17   C 3   E   M  0.2818593 0.04140153
18   C 3   E   E  0.4921680 0.17254847
19   U 1   D   D  0.1233881 0.02096694
20   U 1   D   M  0.1267375 0.02944161
21   U 1   D   E  0.1436787 0.02626816
22   U 1   E   D  0.1735733 0.04577473
23   U 1   E   M  0.2050913 0.03828398
24   U 1   E   E  0.3037080 0.06191775
25   U 2   D   D  0.1603273 0.03100876
26   U 2   D   M  0.1561713 0.03237515
27   U 2   D   E  0.1519193 0.03474697
28   U 2   E   D  0.2240560 0.06973522
29   U 2   E   M  0.2701147 0.06612530
30   U 2   E   E  0.3771147 0.09069686
31   U 3   D   D  0.1798722 0.06159322
32   U 3   D   M  0.1596799 0.06943178
33   U 3   D   E  0.1548067 0.06010683
34   U 3   E   D  0.2865833 0.05784027
35   U 3   E   M  0.3199460 0.05835846
36   U 3   E   E  0.4638533 0.09269253
