[1] "vfTrajCircularityL ~(S*DID*grp)+Error(pp/(S*DID))+grp"
$ANOVA
     Effect DFn DFd           F            p p<.05         ges
2       grp   1   8  0.36799212 5.609169e-01       0.016263460
3         S   2  16  9.56540983 1.851201e-03     * 0.235329192
5       DID   2  16 37.90951939 8.501546e-07     * 0.440895550
4     grp:S   2  16  0.07630218 9.268713e-01       0.002448893
6   grp:DID   2  16  2.05661821 1.603630e-01       0.041025621
7     S:DID   4  32  1.47567210 2.326587e-01       0.038451962
8 grp:S:DID   4  32  1.26141930 3.054360e-01       0.033053656

$`Mauchly's Test for Sphericity`
     Effect         W          p p<.05
3         S 0.4452521 0.05890076      
4     grp:S 0.4452521 0.05890076      
5       DID 0.9147265 0.73201405      
6   grp:DID 0.9147265 0.73201405      
7     S:DID 0.1288346 0.16943062      
8 grp:S:DID 0.1288346 0.16943062      

$`Sphericity Corrections`
     Effect       GGe        p[GG] p[GG]<.05       HFe        p[HF] p[HF]<.05
3         S 0.6431911 8.109057e-03         * 0.7132845 6.049817e-03         *
4     grp:S 0.6431911 8.467880e-01           0.7132845 8.681750e-01          
5       DID 0.9214267 2.088914e-06         * 1.1844513 8.501546e-07         *
6   grp:DID 0.9214267 1.650840e-01           1.1844513 1.603630e-01          
7     S:DID 0.4928203 2.583971e-01           0.6527727 2.512733e-01          
8 grp:S:DID 0.4928203 3.098249e-01           0.6527727 3.107325e-01          

