[1] "Summary by group"
  grp IPerfLrel.m IPerfLrel.s
1   C   0.7302953   0.3547423
2   U   0.6646628   0.3803478
[1] "Summary by session\n"
  S IPerfLrel.m IPerfLrel.s
1 1   0.6540266   0.3028509
2 2   0.7094929   0.3842060
3 3   0.7289177   0.4091375
[1] "Summary by IDR+IDR\n"
  IDL IDR IPerfLrel.m IPerfLrel.s
1   D   D   0.6694750   0.1513546
2   D   M   0.7562872   0.1974524
3   D   E   0.8218806   0.2064915
4   E   D   0.4164305   0.3658704
5   E   M   0.5814618   0.3832657
6   E   E   0.9393391   0.5160075
[1] "Summary by group + Session\n"
  grp S IPerfLrel.m IPerfLrel.s
1   C 1   0.6468347   0.2811299
2   C 2   0.7759568   0.3837026
3   C 3   0.7680944   0.3788077
4   U 1   0.6612185   0.3245447
5   U 2   0.6430290   0.3751336
6   U 3   0.6897410   0.4359684
[1] "Summary by Session + IDR + IDL \n"
   S IDL IDR IPerfLrel.m IPerfLrel.s
1  1   D   D   0.5946093  0.08502203
2  1   D   M   0.6996998  0.10988591
3  1   D   E   0.8120507  0.07959928
4  1   E   D   0.4090237  0.32932097
5  1   E   M   0.5463499  0.30514225
6  1   E   E   0.8624260  0.43389011
7  2   D   D   0.7095394  0.17838684
8  2   D   M   0.8051796  0.21886457
9  2   D   E   0.8448326  0.27054829
10 2   E   D   0.3939188  0.36933738
11 2   E   M   0.5923300  0.40189473
12 2   E   E   0.9111567  0.52208679
13 3   D   D   0.7042761  0.15014122
14 3   D   M   0.7639822  0.23200832
15 3   D   E   0.8087586  0.22472505
16 3   E   D   0.4463492  0.40551923
17 3   E   M   0.6057054  0.44064910
18 3   E   E   1.0444346  0.58133614
[1] "Summary by group + IDR + IDL\n"
   grp IDL IDR IPerfLrel.m IPerfLrel.s
1    C   D   D   0.7232237   0.1497510
2    C   D   M   0.8474750   0.1697333
3    C   D   E   0.9516083   0.1677189
4    C   E   D   0.3149561   0.1172794
5    C   E   M   0.5495862   0.2606552
6    C   E   E   0.9949225   0.5125053
7    U   D   D   0.6157262   0.1341736
8    U   D   M   0.6650995   0.1817780
9    U   D   E   0.6921530   0.1539267
10   U   E   D   0.5179050   0.4857447
11   U   E   M   0.6133373   0.4765546
12   U   E   E   0.8837558   0.5192280
[1] "Summary by group + Session + IDR + IDL\n"
   grp S IDL IDR IPerfLrel.m IPerfLrel.s
1    C 1   D   D   0.6147021  0.06885160
2    C 1   D   M   0.7389737  0.07288295
3    C 1   D   E   0.8464038  0.06152833
4    C 1   E   D   0.3344407  0.11444432
5    C 1   E   M   0.5007365  0.20596979
6    C 1   E   E   0.8457512  0.45866373
7    C 2   D   D   0.7812514  0.16838134
8    C 2   D   M   0.8960157  0.20918113
9    C 2   D   E   1.0105856  0.22220233
10   C 2   E   D   0.3095999  0.13426318
11   C 2   E   M   0.6081497  0.31390134
12   C 2   E   E   1.0501383  0.52887435
13   C 3   D   D   0.7737178  0.13575433
14   C 3   D   M   0.9074354  0.14995053
15   C 3   D   E   0.9978354  0.13180618
16   C 3   E   D   0.3008276  0.10701781
17   C 3   E   M   0.5398723  0.25736957
18   C 3   E   E   1.0888779  0.54668221
19   U 1   D   D   0.5745165  0.09678932
20   U 1   D   M   0.6604259  0.12804361
21   U 1   D   E   0.7776977  0.08252318
22   U 1   E   D   0.4836066  0.44680399
23   U 1   E   M   0.5919632  0.38208963
24   U 1   E   E   0.8791009  0.42308415
25   U 2   D   D   0.6378275  0.16292510
26   U 2   D   M   0.7143436  0.19438899
27   U 2   D   E   0.6790797  0.20826483
28   U 2   E   D   0.4782377  0.49930166
29   U 2   E   M   0.5765103  0.48528910
30   U 2   E   E   0.7721751  0.49347705
31   U 3   D   D   0.6348345  0.13391247
32   U 3   D   M   0.6205290  0.21193845
33   U 3   D   E   0.6196818  0.10310106
34   U 3   E   D   0.5918707  0.53273514
35   U 3   E   M   0.6715385  0.57156490
36   U 3   E   E   0.9999913  0.63003873
