                  Estimate MCMCmean HPD95lower HPD95upper pMCMC Pr(>|t|)
(Intercept)         0.4228   0.4233     0.3896     0.4679 0.001   0.0000
grp1               -0.0148  -0.0155    -0.0587     0.0208 0.420   0.4653
S1                  0.0645   0.0651     0.0447     0.0842 0.001   0.0000
S2                 -0.0209  -0.0210    -0.0424     0.0011 0.052   0.1514
IDR1                0.0724   0.0722     0.0548     0.0868 0.001   0.0000
IDR2               -0.0040  -0.0042    -0.0202     0.0124 0.580   0.6660
IDL1                0.1316   0.1313     0.1147     0.1472 0.001   0.0000
grp1:S1            -0.0028  -0.0032    -0.0245     0.0175 0.756   0.8495
grp1:S2            -0.0045  -0.0042    -0.0257     0.0139 0.682   0.7581
grp1:IDR1           0.0226   0.0230     0.0061     0.0379 0.004   0.0155
grp1:IDR2          -0.0062  -0.0065    -0.0212     0.0102 0.408   0.5059
S1:IDR1             0.0298   0.0299     0.0145     0.0446 0.002   0.0149
S2:IDR1            -0.0044  -0.0043    -0.0201     0.0089 0.586   0.7175
S1:IDR2            -0.0047  -0.0051    -0.0195     0.0101 0.514   0.6985
S2:IDR2            -0.0095  -0.0094    -0.0234     0.0053 0.208   0.4394
grp1:IDL1          -0.0298  -0.0296    -0.0466    -0.0129 0.002   0.0017
S1:IDL1             0.0135   0.0136     0.0029     0.0248 0.020   0.1184
S2:IDL1            -0.0125  -0.0126    -0.0236    -0.0025 0.016   0.1488
IDR1:IDL1          -0.0104  -0.0103    -0.0218    -0.0010 0.054   0.2274
IDR2:IDL1          -0.0022  -0.0021    -0.0116     0.0091 0.660   0.7968
grp1:S1:IDR1       -0.0189  -0.0190    -0.0352    -0.0056 0.014   0.1228
grp1:S2:IDR1        0.0002   0.0000    -0.0139     0.0156 0.984   0.9892
grp1:S1:IDR2       -0.0019  -0.0016    -0.0160     0.0131 0.830   0.8782
grp1:S2:IDR2        0.0131   0.0129    -0.0023     0.0271 0.090   0.2852
grp1:S1:IDL1        0.0078   0.0077    -0.0043     0.0174 0.172   0.3661
grp1:S2:IDL1        0.0052   0.0055    -0.0049     0.0174 0.324   0.5461
grp1:IDR1:IDL1      0.0042   0.0044    -0.0077     0.0142 0.412   0.6238
grp1:IDR2:IDL1     -0.0013  -0.0013    -0.0115     0.0094 0.802   0.8838
S1:IDR1:IDL1        0.0265   0.0266     0.0129     0.0438 0.001   0.0304
S2:IDR1:IDL1       -0.0087  -0.0087    -0.0232     0.0077 0.278   0.4756
S1:IDR2:IDL1        0.0013   0.0010    -0.0147     0.0145 0.888   0.9145
S2:IDR2:IDL1       -0.0076  -0.0074    -0.0233     0.0070 0.314   0.5331
grp1:S1:IDR1:IDL1  -0.0053  -0.0057    -0.0211     0.0086 0.432   0.6645
grp1:S2:IDR1:IDL1   0.0035   0.0035    -0.0107     0.0198 0.652   0.7722
grp1:S1:IDR2:IDL1   0.0001   0.0001    -0.0145     0.0148 0.984   0.9950
grp1:S2:IDR2:IDL1   0.0103   0.0104    -0.0052     0.0246 0.196   0.4007
NULL
       Length Class      Mode
fixed  6      data.frame list
random 7      data.frame list
Analysis of Variance Table
              Df  Sum Sq Mean Sq  F value
grp            1 0.00120 0.00120   0.5233
S              2 0.04665 0.02333  10.2009
IDR            2 0.17453 0.08726  38.1631
IDL            1 0.44557 0.44557 194.8619
grp:S          2 0.00058 0.00029   0.1264
grp:IDR        2 0.01439 0.00720   3.1474
S:IDR          4 0.01919 0.00480   2.0978
grp:IDL        1 0.02278 0.02278   9.9645
S:IDL          2 0.00694 0.00347   1.5172
IDR:IDL        2 0.00561 0.00280   1.2256
grp:S:IDR      4 0.01137 0.00284   1.2428
grp:S:IDL      2 0.00527 0.00264   1.1532
grp:IDR:IDL    2 0.00058 0.00029   0.1270
S:IDR:IDL      4 0.01613 0.00403   1.7638
grp:S:IDR:IDL  4 0.00373 0.00093   0.4082
Linear mixed model fit by REML 
Formula: get(vname) ~ (1 | pp) + (1 | pp/S) + (1 | pp/IDR) + (1 | pp/IDL) +      (1 | pp/S:IDR:IDL) + grp * S * IDR * IDL 
   Data: mdata 
    AIC    BIC logLik deviance REMLdev
 -983.6 -786.2  537.8    -1340   -1076
Random effects:
 Groups       Name        Variance   Std.Dev.
 S:IDR:IDL:pp (Intercept) 0.00595344 0.077159
 IDR:pp       (Intercept) 0.00018259 0.013513
 S:pp         (Intercept) 0.00206975 0.045495
 IDL:pp       (Intercept) 0.00103069 0.032104
 pp           (Intercept) 0.00049441 0.022235
 pp           (Intercept) 0.00049444 0.022236
 pp           (Intercept) 0.00049442 0.022236
 pp           (Intercept) 0.00049443 0.022236
 pp           (Intercept) 0.00049444 0.022236
 Residual                 0.00228658 0.047818
Number of obs: 540, groups: S:IDR:IDL:pp, 180; IDR:pp, 30; S:pp, 30; IDL:pp, 20; pp, 10

Fixed effects:
                    Estimate Std. Error t value
(Intercept)        4.228e-01  2.027e-02  20.853
grp1              -1.481e-02  2.027e-02  -0.731
S1                 6.455e-02  1.458e-02   4.427
S2                -2.095e-02  1.458e-02  -1.437
IDR1               7.241e-02  9.316e-03   7.773
IDR2              -4.024e-03  9.316e-03  -0.432
IDL1               1.316e-01  9.426e-03  13.959
grp1:S1           -2.769e-03  1.458e-02  -0.190
grp1:S2           -4.494e-03  1.458e-02  -0.308
grp1:IDR1          2.262e-02  9.316e-03   2.428
grp1:IDR2         -6.202e-03  9.316e-03  -0.666
S1:IDR1            2.984e-02  1.222e-02   2.442
S2:IDR1           -4.423e-03  1.222e-02  -0.362
S1:IDR2           -4.734e-03  1.222e-02  -0.388
S2:IDR2           -9.454e-03  1.222e-02  -0.774
grp1:IDL1         -2.975e-02  9.426e-03  -3.157
S1:IDL1            1.351e-02  8.638e-03   1.564
S2:IDL1           -1.249e-02  8.638e-03  -1.446
IDR1:IDL1         -1.044e-02  8.638e-03  -1.209
IDR2:IDL1         -2.226e-03  8.638e-03  -0.258
grp1:S1:IDR1      -1.888e-02  1.222e-02  -1.546
grp1:S2:IDR1       1.657e-04  1.222e-02   0.014
grp1:S1:IDR2      -1.873e-03  1.222e-02  -0.153
grp1:S2:IDR2       1.307e-02  1.222e-02   1.070
grp1:S1:IDL1       7.815e-03  8.638e-03   0.905
grp1:S2:IDL1       5.218e-03  8.638e-03   0.604
grp1:IDR1:IDL1     4.240e-03  8.638e-03   0.491
grp1:IDR2:IDL1    -1.263e-03  8.638e-03  -0.146
S1:IDR1:IDL1       2.652e-02  1.222e-02   2.171
S2:IDR1:IDL1      -8.721e-03  1.222e-02  -0.714
S1:IDR2:IDL1       1.312e-03  1.222e-02   0.107
S2:IDR2:IDL1      -7.619e-03  1.222e-02  -0.624
grp1:S1:IDR1:IDL1 -5.301e-03  1.222e-02  -0.434
grp1:S2:IDR1:IDL1  3.538e-03  1.222e-02   0.290
grp1:S1:IDR2:IDL1  7.685e-05  1.222e-02   0.006
grp1:S2:IDR2:IDL1  1.027e-02  1.222e-02   0.841

Correlation of Fixed Effects:
            (Intr) grp1   S1     S2     IDR1   IDR2   IDL1   gr1:S1 gr1:S2
grp1         0.000                                                        
S1           0.000  0.000                                                 
S2           0.000  0.000 -0.500                                          
IDR1         0.000  0.000  0.000  0.000                                   
IDR2         0.000  0.000  0.000  0.000 -0.500                            
IDL1         0.000  0.000  0.000  0.000  0.000  0.000                     
grp1:S1      0.000  0.000  0.000  0.000  0.000  0.000  0.000              
grp1:S2      0.000  0.000  0.000  0.000  0.000  0.000  0.000 -0.500       
grp1:IDR1    0.000  0.000  0.000  0.000  0.000  0.000  0.000  0.000  0.000
grp1:IDR2    0.000  0.000  0.000  0.000  0.000  0.000  0.000  0.000  0.000
S1:IDR1      0.000  0.000  0.000  0.000  0.000  0.000  0.000  0.000  0.000
S2:IDR1      0.000  0.000  0.000  0.000  0.000  0.000  0.000  0.000  0.000
S1:IDR2      0.000  0.000  0.000  0.000  0.000  0.000  0.000  0.000  0.000
S2:IDR2      0.000  0.000  0.000  0.000  0.000  0.000  0.000  0.000  0.000
grp1:IDL1    0.000  0.000  0.000  0.000  0.000  0.000  0.000  0.000  0.000
S1:IDL1      0.000  0.000  0.000  0.000  0.000  0.000  0.000  0.000  0.000
S2:IDL1      0.000  0.000  0.000  0.000  0.000  0.000  0.000  0.000  0.000
IDR1:IDL1    0.000  0.000  0.000  0.000  0.000  0.000  0.000  0.000  0.000
IDR2:IDL1    0.000  0.000  0.000  0.000  0.000  0.000  0.000  0.000  0.000
gr1:S1:IDR1  0.000  0.000  0.000  0.000  0.000  0.000  0.000  0.000  0.000
gr1:S2:IDR1  0.000  0.000  0.000  0.000  0.000  0.000  0.000  0.000  0.000
gr1:S1:IDR2  0.000  0.000  0.000  0.000  0.000  0.000  0.000  0.000  0.000
gr1:S2:IDR2  0.000  0.000  0.000  0.000  0.000  0.000  0.000  0.000  0.000
gr1:S1:IDL1  0.000  0.000  0.000  0.000  0.000  0.000  0.000  0.000  0.000
gr1:S2:IDL1  0.000  0.000  0.000  0.000  0.000  0.000  0.000  0.000  0.000
g1:IDR1:IDL  0.000  0.000  0.000  0.000  0.000  0.000  0.000  0.000  0.000
g1:IDR2:IDL  0.000  0.000  0.000  0.000  0.000  0.000  0.000  0.000  0.000
S1:IDR1:IDL  0.000  0.000  0.000  0.000  0.000  0.000  0.000  0.000  0.000
S2:IDR1:IDL  0.000  0.000  0.000  0.000  0.000  0.000  0.000  0.000  0.000
S1:IDR2:IDL  0.000  0.000  0.000  0.000  0.000  0.000  0.000  0.000  0.000
S2:IDR2:IDL  0.000  0.000  0.000  0.000  0.000  0.000  0.000  0.000  0.000
g1:S1:IDR1:  0.000  0.000  0.000  0.000  0.000  0.000  0.000  0.000  0.000
g1:S2:IDR1:  0.000  0.000  0.000  0.000  0.000  0.000  0.000  0.000  0.000
g1:S1:IDR2:  0.000  0.000  0.000  0.000  0.000  0.000  0.000  0.000  0.000
g1:S2:IDR2:  0.000  0.000  0.000  0.000  0.000  0.000  0.000  0.000  0.000
            gr1:IDR1 gr1:IDR2 S1:IDR1 S2:IDR1 S1:IDR2 S2:IDR2 g1:IDL S1:IDL
grp1                                                                       
S1                                                                         
S2                                                                         
IDR1                                                                       
IDR2                                                                       
IDL1                                                                       
grp1:S1                                                                    
grp1:S2                                                                    
grp1:IDR1                                                                  
grp1:IDR2   -0.500                                                         
S1:IDR1      0.000    0.000                                                
S2:IDR1      0.000    0.000   -0.500                                       
S1:IDR2      0.000    0.000   -0.500   0.250                               
S2:IDR2      0.000    0.000    0.250  -0.500  -0.500                       
grp1:IDL1    0.000    0.000    0.000   0.000   0.000   0.000               
S1:IDL1      0.000    0.000    0.000   0.000   0.000   0.000   0.000       
S2:IDL1      0.000    0.000    0.000   0.000   0.000   0.000   0.000 -0.500
IDR1:IDL1    0.000    0.000    0.000   0.000   0.000   0.000   0.000  0.000
IDR2:IDL1    0.000    0.000    0.000   0.000   0.000   0.000   0.000  0.000
gr1:S1:IDR1  0.000    0.000    0.000   0.000   0.000   0.000   0.000  0.000
gr1:S2:IDR1  0.000    0.000    0.000   0.000   0.000   0.000   0.000  0.000
gr1:S1:IDR2  0.000    0.000    0.000   0.000   0.000   0.000   0.000  0.000
gr1:S2:IDR2  0.000    0.000    0.000   0.000   0.000   0.000   0.000  0.000
gr1:S1:IDL1  0.000    0.000    0.000   0.000   0.000   0.000   0.000  0.000
gr1:S2:IDL1  0.000    0.000    0.000   0.000   0.000   0.000   0.000  0.000
g1:IDR1:IDL  0.000    0.000    0.000   0.000   0.000   0.000   0.000  0.000
g1:IDR2:IDL  0.000    0.000    0.000   0.000   0.000   0.000   0.000  0.000
S1:IDR1:IDL  0.000    0.000    0.000   0.000   0.000   0.000   0.000  0.000
S2:IDR1:IDL  0.000    0.000    0.000   0.000   0.000   0.000   0.000  0.000
S1:IDR2:IDL  0.000    0.000    0.000   0.000   0.000   0.000   0.000  0.000
S2:IDR2:IDL  0.000    0.000    0.000   0.000   0.000   0.000   0.000  0.000
g1:S1:IDR1:  0.000    0.000    0.000   0.000   0.000   0.000   0.000  0.000
g1:S2:IDR1:  0.000    0.000    0.000   0.000   0.000   0.000   0.000  0.000
g1:S1:IDR2:  0.000    0.000    0.000   0.000   0.000   0.000   0.000  0.000
g1:S2:IDR2:  0.000    0.000    0.000   0.000   0.000   0.000   0.000  0.000
            S2:IDL IDR1:I IDR2:I gr1:S1:IDR1 gr1:S2:IDR1 gr1:S1:IDR2
grp1                                                                
S1                                                                  
S2                                                                  
IDR1                                                                
IDR2                                                                
IDL1                                                                
grp1:S1                                                             
grp1:S2                                                             
grp1:IDR1                                                           
grp1:IDR2                                                           
S1:IDR1                                                             
S2:IDR1                                                             
S1:IDR2                                                             
S2:IDR2                                                             
grp1:IDL1                                                           
S1:IDL1                                                             
S2:IDL1                                                             
IDR1:IDL1    0.000                                                  
IDR2:IDL1    0.000 -0.500                                           
gr1:S1:IDR1  0.000  0.000  0.000                                    
gr1:S2:IDR1  0.000  0.000  0.000 -0.500                             
gr1:S1:IDR2  0.000  0.000  0.000 -0.500       0.250                 
gr1:S2:IDR2  0.000  0.000  0.000  0.250      -0.500      -0.500     
gr1:S1:IDL1  0.000  0.000  0.000  0.000       0.000       0.000     
gr1:S2:IDL1  0.000  0.000  0.000  0.000       0.000       0.000     
g1:IDR1:IDL  0.000  0.000  0.000  0.000       0.000       0.000     
g1:IDR2:IDL  0.000  0.000  0.000  0.000       0.000       0.000     
S1:IDR1:IDL  0.000  0.000  0.000  0.000       0.000       0.000     
S2:IDR1:IDL  0.000  0.000  0.000  0.000       0.000       0.000     
S1:IDR2:IDL  0.000  0.000  0.000  0.000       0.000       0.000     
S2:IDR2:IDL  0.000  0.000  0.000  0.000       0.000       0.000     
g1:S1:IDR1:  0.000  0.000  0.000  0.000       0.000       0.000     
g1:S2:IDR1:  0.000  0.000  0.000  0.000       0.000       0.000     
g1:S1:IDR2:  0.000  0.000  0.000  0.000       0.000       0.000     
g1:S2:IDR2:  0.000  0.000  0.000  0.000       0.000       0.000     
            gr1:S2:IDR2 g1:S1:IDL g1:S2:IDL g1:IDR1: g1:IDR2: S1:IDR1: S2:IDR1:
grp1                                                                           
S1                                                                             
S2                                                                             
IDR1                                                                           
IDR2                                                                           
IDL1                                                                           
grp1:S1                                                                        
grp1:S2                                                                        
grp1:IDR1                                                                      
grp1:IDR2                                                                      
S1:IDR1                                                                        
S2:IDR1                                                                        
S1:IDR2                                                                        
S2:IDR2                                                                        
grp1:IDL1                                                                      
S1:IDL1                                                                        
S2:IDL1                                                                        
IDR1:IDL1                                                                      
IDR2:IDL1                                                                      
gr1:S1:IDR1                                                                    
gr1:S2:IDR1                                                                    
gr1:S1:IDR2                                                                    
gr1:S2:IDR2                                                                    
gr1:S1:IDL1  0.000                                                             
gr1:S2:IDL1  0.000      -0.500                                                 
g1:IDR1:IDL  0.000       0.000     0.000                                       
g1:IDR2:IDL  0.000       0.000     0.000    -0.500                             
S1:IDR1:IDL  0.000       0.000     0.000     0.000    0.000                    
S2:IDR1:IDL  0.000       0.000     0.000     0.000    0.000   -0.500           
S1:IDR2:IDL  0.000       0.000     0.000     0.000    0.000   -0.500    0.250  
S2:IDR2:IDL  0.000       0.000     0.000     0.000    0.000    0.250   -0.500  
g1:S1:IDR1:  0.000       0.000     0.000     0.000    0.000    0.000    0.000  
g1:S2:IDR1:  0.000       0.000     0.000     0.000    0.000    0.000    0.000  
g1:S1:IDR2:  0.000       0.000     0.000     0.000    0.000    0.000    0.000  
g1:S2:IDR2:  0.000       0.000     0.000     0.000    0.000    0.000    0.000  
            S1:IDR2: S2:IDR2: g1:S1:IDR1: g1:S2:IDR1: g1:S1:IDR2:
grp1                                                             
S1                                                               
S2                                                               
IDR1                                                             
IDR2                                                             
IDL1                                                             
grp1:S1                                                          
grp1:S2                                                          
grp1:IDR1                                                        
grp1:IDR2                                                        
S1:IDR1                                                          
S2:IDR1                                                          
S1:IDR2                                                          
S2:IDR2                                                          
grp1:IDL1                                                        
S1:IDL1                                                          
S2:IDL1                                                          
IDR1:IDL1                                                        
IDR2:IDL1                                                        
gr1:S1:IDR1                                                      
gr1:S2:IDR1                                                      
gr1:S1:IDR2                                                      
gr1:S2:IDR2                                                      
gr1:S1:IDL1                                                      
gr1:S2:IDL1                                                      
g1:IDR1:IDL                                                      
g1:IDR2:IDL                                                      
S1:IDR1:IDL                                                      
S2:IDR1:IDL                                                      
S1:IDR2:IDL                                                      
S2:IDR2:IDL -0.500                                               
g1:S1:IDR1:  0.000    0.000                                      
g1:S2:IDR1:  0.000    0.000   -0.500                             
g1:S1:IDR2:  0.000    0.000   -0.500       0.250                 
g1:S2:IDR2:  0.000    0.000    0.250      -0.500      -0.500     
