                  Estimate MCMCmean HPD95lower HPD95upper pMCMC Pr(>|t|)
(Intercept)         0.6170   0.6184     0.5376     0.6973 0.001   0.0000
grp1                0.0066   0.0081    -0.0704     0.0792 0.808   0.8727
S1                 -0.1405  -0.1399    -0.1683    -0.1106 0.001   0.0000
S2                  0.0324   0.0322     0.0026     0.0636 0.054   0.0807
IDR1               -0.2676  -0.2672    -0.3152    -0.2223 0.001   0.0000
IDR2               -0.0799  -0.0794    -0.1298    -0.0344 0.002   0.0209
IDL1               -0.1933  -0.1940    -0.2310    -0.1569 0.001   0.0000
grp1:S1            -0.0199  -0.0197    -0.0508     0.0105 0.208   0.2819
grp1:S2             0.0179   0.0180    -0.0148     0.0502 0.248   0.3351
grp1:IDR1           0.0241   0.0237    -0.0233     0.0712 0.326   0.4853
grp1:IDR2           0.0300   0.0296    -0.0163     0.0745 0.252   0.3858
S1:IDR1             0.0943   0.0943     0.0657     0.1252 0.001   0.0001
S2:IDR1            -0.0166  -0.0168    -0.0492     0.0118 0.228   0.4768
S1:IDR2             0.0365   0.0372     0.0102     0.0677 0.012   0.1179
S2:IDR2             0.0081   0.0083    -0.0222     0.0380 0.590   0.7283
grp1:IDL1          -0.0660  -0.0658    -0.1015    -0.0328 0.001   0.0116
S1:IDL1             0.0433   0.0436     0.0230     0.0644 0.001   0.0089
S2:IDL1            -0.0163  -0.0163    -0.0369     0.0062 0.144   0.3222
IDR1:IDL1           0.1402   0.1405     0.1218     0.1614 0.001   0.0000
IDR2:IDL1           0.0603   0.0601     0.0415     0.0828 0.001   0.0003
grp1:S1:IDR1        0.0008  -0.0005    -0.0286     0.0266 0.954   0.9719
grp1:S2:IDR1       -0.0225  -0.0228    -0.0499     0.0048 0.104   0.3351
grp1:S1:IDR2       -0.0183  -0.0176    -0.0461     0.0100 0.244   0.4338
grp1:S2:IDR2        0.0058   0.0064    -0.0214     0.0337 0.668   0.8022
grp1:S1:IDL1        0.0515   0.0514     0.0299     0.0706 0.001   0.0019
grp1:S2:IDL1       -0.0213  -0.0214    -0.0423    -0.0007 0.046   0.1977
grp1:IDR1:IDL1      0.0523   0.0526     0.0326     0.0733 0.001   0.0016
grp1:IDR2:IDL1     -0.0068  -0.0070    -0.0264     0.0135 0.532   0.6788
S1:IDR1:IDL1       -0.0533  -0.0535    -0.0832    -0.0236 0.001   0.0229
S2:IDR1:IDL1        0.0168   0.0164    -0.0158     0.0441 0.288   0.4728
S1:IDR2:IDL1       -0.0262  -0.0260    -0.0538     0.0038 0.072   0.2614
S2:IDR2:IDL1       -0.0246  -0.0242    -0.0514     0.0040 0.100   0.2925
grp1:S1:IDR1:IDL1  -0.0402  -0.0393    -0.0682    -0.0109 0.006   0.0858
grp1:S2:IDR1:IDL1   0.0246   0.0243    -0.0031     0.0539 0.088   0.2917
grp1:S1:IDR2:IDL1   0.0055   0.0049    -0.0274     0.0318 0.756   0.8146
grp1:S2:IDR2:IDL1   0.0096   0.0105    -0.0196     0.0388 0.540   0.6811
NULL
       Length Class      Mode
fixed  6      data.frame list
random 7      data.frame list
Analysis of Variance Table
              Df  Sum Sq Mean Sq F value
grp            1 0.00021 0.00021  0.0254
S              2 0.52795 0.26397 31.6407
IDR            2 0.92856 0.46428 55.6499
IDL            1 0.45944 0.45944 55.0703
grp:S          2 0.01170 0.00585  0.7014
grp:IDR        2 0.02054 0.01027  1.2313
S:IDR          4 0.34591 0.08648 10.3655
grp:IDL        1 0.05360 0.05360  6.4242
S:IDL          2 0.05863 0.02932  3.5140
IDR:IDL        2 1.29793 0.64896 77.7869
grp:S:IDR      4 0.02211 0.00553  0.6627
grp:S:IDL      2 0.08221 0.04110  4.9268
grp:IDR:IDL    2 0.09916 0.04958  5.9431
S:IDR:IDL      4 0.15206 0.03801  4.5565
grp:S:IDR:IDL  4 0.03531 0.00883  1.0582
Linear mixed model fit by REML 
Formula: get(vname) ~ (1 | pp) + (1 | pp/S) + (1 | pp/IDR) + (1 | pp/IDL) +      (1 | pp/S:IDR:IDL) + grp * S * IDR * IDL 
   Data: mdata 
    AIC    BIC logLik deviance REMLdev
 -316.2 -118.8  204.1   -622.3  -408.2
Random effects:
 Groups       Name        Variance  Std.Dev.
 S:IDR:IDL:pp (Intercept) 0.0217216 0.147382
 IDR:pp       (Intercept) 0.0137792 0.117385
 S:pp         (Intercept) 0.0010508 0.032415
 IDL:pp       (Intercept) 0.0108426 0.104128
 pp           (Intercept) 0.0010710 0.032727
 pp           (Intercept) 0.0010710 0.032727
 pp           (Intercept) 0.0010710 0.032727
 pp           (Intercept) 0.0010711 0.032727
 pp           (Intercept) 0.0010711 0.032727
 Residual                 0.0083428 0.091339
Number of obs: 540, groups: S:IDR:IDL:pp, 180; IDR:pp, 30; S:pp, 30; IDL:pp, 20; pp, 10

Fixed effects:
                    Estimate Std. Error t value
(Intercept)        0.6169880  0.0413267  14.930
grp1               0.0066259  0.0413267   0.160
S1                -0.1405261  0.0185014  -7.595
S2                 0.0323781  0.0185014   1.750
IDR1              -0.2676250  0.0345088  -7.755
IDR2              -0.0799385  0.0345088  -2.316
IDL1              -0.1932657  0.0260433  -7.421
grp1:S1           -0.0199318  0.0185014  -1.077
grp1:S2            0.0178515  0.0185014   0.965
grp1:IDR1          0.0240960  0.0345088   0.698
grp1:IDR2          0.0299511  0.0345088   0.868
S1:IDR1            0.0943419  0.0233345   4.043
S2:IDR1           -0.0166122  0.0233345  -0.712
S1:IDR2            0.0365465  0.0233345   1.566
S2:IDR2            0.0081101  0.0233345   0.348
grp1:IDL1         -0.0660093  0.0260433  -2.535
S1:IDL1            0.0433109  0.0165000   2.625
S2:IDL1           -0.0163495  0.0165000  -0.991
IDR1:IDL1          0.1402349  0.0165000   8.499
IDR2:IDL1          0.0603314  0.0165000   3.656
grp1:S1:IDR1       0.0008216  0.0233345   0.035
grp1:S2:IDR1      -0.0225125  0.0233345  -0.965
grp1:S1:IDR2      -0.0182770  0.0233345  -0.783
grp1:S2:IDR2       0.0058471  0.0233345   0.251
grp1:S1:IDL1       0.0515346  0.0165000   3.123
grp1:S2:IDL1      -0.0212814  0.0165000  -1.290
grp1:IDR1:IDL1     0.0523260  0.0165000   3.171
grp1:IDR2:IDL1    -0.0068364  0.0165000  -0.414
S1:IDR1:IDL1      -0.0532577  0.0233345  -2.282
S2:IDR1:IDL1       0.0167669  0.0233345   0.719
S1:IDR2:IDL1      -0.0262347  0.0233345  -1.124
S2:IDR2:IDL1      -0.0245891  0.0233345  -1.054
grp1:S1:IDR1:IDL1 -0.0401647  0.0233345  -1.721
grp1:S2:IDR1:IDL1  0.0246305  0.0233345   1.056
grp1:S1:IDR2:IDL1  0.0054745  0.0233345   0.235
grp1:S2:IDR2:IDL1  0.0095967  0.0233345   0.411

Correlation of Fixed Effects:
            (Intr) grp1   S1     S2     IDR1   IDR2   IDL1   gr1:S1 gr1:S2
grp1         0.000                                                        
S1           0.000  0.000                                                 
S2           0.000  0.000 -0.500                                          
IDR1         0.000  0.000  0.000  0.000                                   
IDR2         0.000  0.000  0.000  0.000 -0.500                            
IDL1         0.000  0.000  0.000  0.000  0.000  0.000                     
grp1:S1      0.000  0.000  0.000  0.000  0.000  0.000  0.000              
grp1:S2      0.000  0.000  0.000  0.000  0.000  0.000  0.000 -0.500       
grp1:IDR1    0.000  0.000  0.000  0.000  0.000  0.000  0.000  0.000  0.000
grp1:IDR2    0.000  0.000  0.000  0.000  0.000  0.000  0.000  0.000  0.000
S1:IDR1      0.000  0.000  0.000  0.000  0.000  0.000  0.000  0.000  0.000
S2:IDR1      0.000  0.000  0.000  0.000  0.000  0.000  0.000  0.000  0.000
S1:IDR2      0.000  0.000  0.000  0.000  0.000  0.000  0.000  0.000  0.000
S2:IDR2      0.000  0.000  0.000  0.000  0.000  0.000  0.000  0.000  0.000
grp1:IDL1    0.000  0.000  0.000  0.000  0.000  0.000  0.000  0.000  0.000
S1:IDL1      0.000  0.000  0.000  0.000  0.000  0.000  0.000  0.000  0.000
S2:IDL1      0.000  0.000  0.000  0.000  0.000  0.000  0.000  0.000  0.000
IDR1:IDL1    0.000  0.000  0.000  0.000  0.000  0.000  0.000  0.000  0.000
IDR2:IDL1    0.000  0.000  0.000  0.000  0.000  0.000  0.000  0.000  0.000
gr1:S1:IDR1  0.000  0.000  0.000  0.000  0.000  0.000  0.000  0.000  0.000
gr1:S2:IDR1  0.000  0.000  0.000  0.000  0.000  0.000  0.000  0.000  0.000
gr1:S1:IDR2  0.000  0.000  0.000  0.000  0.000  0.000  0.000  0.000  0.000
gr1:S2:IDR2  0.000  0.000  0.000  0.000  0.000  0.000  0.000  0.000  0.000
gr1:S1:IDL1  0.000  0.000  0.000  0.000  0.000  0.000  0.000  0.000  0.000
gr1:S2:IDL1  0.000  0.000  0.000  0.000  0.000  0.000  0.000  0.000  0.000
g1:IDR1:IDL  0.000  0.000  0.000  0.000  0.000  0.000  0.000  0.000  0.000
g1:IDR2:IDL  0.000  0.000  0.000  0.000  0.000  0.000  0.000  0.000  0.000
S1:IDR1:IDL  0.000  0.000  0.000  0.000  0.000  0.000  0.000  0.000  0.000
S2:IDR1:IDL  0.000  0.000  0.000  0.000  0.000  0.000  0.000  0.000  0.000
S1:IDR2:IDL  0.000  0.000  0.000  0.000  0.000  0.000  0.000  0.000  0.000
S2:IDR2:IDL  0.000  0.000  0.000  0.000  0.000  0.000  0.000  0.000  0.000
g1:S1:IDR1:  0.000  0.000  0.000  0.000  0.000  0.000  0.000  0.000  0.000
g1:S2:IDR1:  0.000  0.000  0.000  0.000  0.000  0.000  0.000  0.000  0.000
g1:S1:IDR2:  0.000  0.000  0.000  0.000  0.000  0.000  0.000  0.000  0.000
g1:S2:IDR2:  0.000  0.000  0.000  0.000  0.000  0.000  0.000  0.000  0.000
            gr1:IDR1 gr1:IDR2 S1:IDR1 S2:IDR1 S1:IDR2 S2:IDR2 g1:IDL S1:IDL
grp1                                                                       
S1                                                                         
S2                                                                         
IDR1                                                                       
IDR2                                                                       
IDL1                                                                       
grp1:S1                                                                    
grp1:S2                                                                    
grp1:IDR1                                                                  
grp1:IDR2   -0.500                                                         
S1:IDR1      0.000    0.000                                                
S2:IDR1      0.000    0.000   -0.500                                       
S1:IDR2      0.000    0.000   -0.500   0.250                               
S2:IDR2      0.000    0.000    0.250  -0.500  -0.500                       
grp1:IDL1    0.000    0.000    0.000   0.000   0.000   0.000               
S1:IDL1      0.000    0.000    0.000   0.000   0.000   0.000   0.000       
S2:IDL1      0.000    0.000    0.000   0.000   0.000   0.000   0.000 -0.500
IDR1:IDL1    0.000    0.000    0.000   0.000   0.000   0.000   0.000  0.000
IDR2:IDL1    0.000    0.000    0.000   0.000   0.000   0.000   0.000  0.000
gr1:S1:IDR1  0.000    0.000    0.000   0.000   0.000   0.000   0.000  0.000
gr1:S2:IDR1  0.000    0.000    0.000   0.000   0.000   0.000   0.000  0.000
gr1:S1:IDR2  0.000    0.000    0.000   0.000   0.000   0.000   0.000  0.000
gr1:S2:IDR2  0.000    0.000    0.000   0.000   0.000   0.000   0.000  0.000
gr1:S1:IDL1  0.000    0.000    0.000   0.000   0.000   0.000   0.000  0.000
gr1:S2:IDL1  0.000    0.000    0.000   0.000   0.000   0.000   0.000  0.000
g1:IDR1:IDL  0.000    0.000    0.000   0.000   0.000   0.000   0.000  0.000
g1:IDR2:IDL  0.000    0.000    0.000   0.000   0.000   0.000   0.000  0.000
S1:IDR1:IDL  0.000    0.000    0.000   0.000   0.000   0.000   0.000  0.000
S2:IDR1:IDL  0.000    0.000    0.000   0.000   0.000   0.000   0.000  0.000
S1:IDR2:IDL  0.000    0.000    0.000   0.000   0.000   0.000   0.000  0.000
S2:IDR2:IDL  0.000    0.000    0.000   0.000   0.000   0.000   0.000  0.000
g1:S1:IDR1:  0.000    0.000    0.000   0.000   0.000   0.000   0.000  0.000
g1:S2:IDR1:  0.000    0.000    0.000   0.000   0.000   0.000   0.000  0.000
g1:S1:IDR2:  0.000    0.000    0.000   0.000   0.000   0.000   0.000  0.000
g1:S2:IDR2:  0.000    0.000    0.000   0.000   0.000   0.000   0.000  0.000
            S2:IDL IDR1:I IDR2:I gr1:S1:IDR1 gr1:S2:IDR1 gr1:S1:IDR2
grp1                                                                
S1                                                                  
S2                                                                  
IDR1                                                                
IDR2                                                                
IDL1                                                                
grp1:S1                                                             
grp1:S2                                                             
grp1:IDR1                                                           
grp1:IDR2                                                           
S1:IDR1                                                             
S2:IDR1                                                             
S1:IDR2                                                             
S2:IDR2                                                             
grp1:IDL1                                                           
S1:IDL1                                                             
S2:IDL1                                                             
IDR1:IDL1    0.000                                                  
IDR2:IDL1    0.000 -0.500                                           
gr1:S1:IDR1  0.000  0.000  0.000                                    
gr1:S2:IDR1  0.000  0.000  0.000 -0.500                             
gr1:S1:IDR2  0.000  0.000  0.000 -0.500       0.250                 
gr1:S2:IDR2  0.000  0.000  0.000  0.250      -0.500      -0.500     
gr1:S1:IDL1  0.000  0.000  0.000  0.000       0.000       0.000     
gr1:S2:IDL1  0.000  0.000  0.000  0.000       0.000       0.000     
g1:IDR1:IDL  0.000  0.000  0.000  0.000       0.000       0.000     
g1:IDR2:IDL  0.000  0.000  0.000  0.000       0.000       0.000     
S1:IDR1:IDL  0.000  0.000  0.000  0.000       0.000       0.000     
S2:IDR1:IDL  0.000  0.000  0.000  0.000       0.000       0.000     
S1:IDR2:IDL  0.000  0.000  0.000  0.000       0.000       0.000     
S2:IDR2:IDL  0.000  0.000  0.000  0.000       0.000       0.000     
g1:S1:IDR1:  0.000  0.000  0.000  0.000       0.000       0.000     
g1:S2:IDR1:  0.000  0.000  0.000  0.000       0.000       0.000     
g1:S1:IDR2:  0.000  0.000  0.000  0.000       0.000       0.000     
g1:S2:IDR2:  0.000  0.000  0.000  0.000       0.000       0.000     
            gr1:S2:IDR2 g1:S1:IDL g1:S2:IDL g1:IDR1: g1:IDR2: S1:IDR1: S2:IDR1:
grp1                                                                           
S1                                                                             
S2                                                                             
IDR1                                                                           
IDR2                                                                           
IDL1                                                                           
grp1:S1                                                                        
grp1:S2                                                                        
grp1:IDR1                                                                      
grp1:IDR2                                                                      
S1:IDR1                                                                        
S2:IDR1                                                                        
S1:IDR2                                                                        
S2:IDR2                                                                        
grp1:IDL1                                                                      
S1:IDL1                                                                        
S2:IDL1                                                                        
IDR1:IDL1                                                                      
IDR2:IDL1                                                                      
gr1:S1:IDR1                                                                    
gr1:S2:IDR1                                                                    
gr1:S1:IDR2                                                                    
gr1:S2:IDR2                                                                    
gr1:S1:IDL1  0.000                                                             
gr1:S2:IDL1  0.000      -0.500                                                 
g1:IDR1:IDL  0.000       0.000     0.000                                       
g1:IDR2:IDL  0.000       0.000     0.000    -0.500                             
S1:IDR1:IDL  0.000       0.000     0.000     0.000    0.000                    
S2:IDR1:IDL  0.000       0.000     0.000     0.000    0.000   -0.500           
S1:IDR2:IDL  0.000       0.000     0.000     0.000    0.000   -0.500    0.250  
S2:IDR2:IDL  0.000       0.000     0.000     0.000    0.000    0.250   -0.500  
g1:S1:IDR1:  0.000       0.000     0.000     0.000    0.000    0.000    0.000  
g1:S2:IDR1:  0.000       0.000     0.000     0.000    0.000    0.000    0.000  
g1:S1:IDR2:  0.000       0.000     0.000     0.000    0.000    0.000    0.000  
g1:S2:IDR2:  0.000       0.000     0.000     0.000    0.000    0.000    0.000  
            S1:IDR2: S2:IDR2: g1:S1:IDR1: g1:S2:IDR1: g1:S1:IDR2:
grp1                                                             
S1                                                               
S2                                                               
IDR1                                                             
IDR2                                                             
IDL1                                                             
grp1:S1                                                          
grp1:S2                                                          
grp1:IDR1                                                        
grp1:IDR2                                                        
S1:IDR1                                                          
S2:IDR1                                                          
S1:IDR2                                                          
S2:IDR2                                                          
grp1:IDL1                                                        
S1:IDL1                                                          
S2:IDL1                                                          
IDR1:IDL1                                                        
IDR2:IDL1                                                        
gr1:S1:IDR1                                                      
gr1:S2:IDR1                                                      
gr1:S1:IDR2                                                      
gr1:S2:IDR2                                                      
gr1:S1:IDL1                                                      
gr1:S2:IDL1                                                      
g1:IDR1:IDL                                                      
g1:IDR2:IDL                                                      
S1:IDR1:IDL                                                      
S2:IDR1:IDL                                                      
S1:IDR2:IDL                                                      
S2:IDR2:IDL -0.500                                               
g1:S1:IDR1:  0.000    0.000                                      
g1:S2:IDR1:  0.000    0.000   -0.500                             
g1:S1:IDR2:  0.000    0.000   -0.500       0.250                 
g1:S2:IDR2:  0.000    0.000    0.250      -0.500      -0.500     
