Post-hoc Tukey comparisons[1] "grp Tukey test"

	Pairwise comparisons using paired t tests 

data:  mdata$vfCircularityR and mdata$grp 

  C   
U 0.25

P value adjustment method: bonferroni 
[1] "S Tukey test"

	Pairwise comparisons using paired t tests 

data:  mdata$vfCircularityR and mdata$S 

  1       2    
2 2.6e-05 -    
3 1.2e-08 0.043

P value adjustment method: bonferroni 
[1] "IDR Tukey test"

	Pairwise comparisons using paired t tests 

data:  mdata$vfCircularityR and mdata$IDR 

  D      M     
M <2e-16 -     
E <2e-16 <2e-16

P value adjustment method: bonferroni 
[1] "IDL Tukey test"
