Linear mixed-effects model fit by REML
 Data: mdata 
        AIC       BIC   logLik
  -1476.174 -1437.667 747.0868

Random effects:
 Formula: ~1 | pp
        (Intercept)   Residual
StdDev:  0.04056074 0.05584072

Fixed effects: vfCircularityR ~ S + IDR + IDL + grp 
                  Value   Std.Error  DF   t-value p-value
(Intercept)  0.27590922 0.013049590 525 21.143133  0.0000
S1           0.01998106 0.003398358 525  5.879620  0.0000
S2          -0.00506703 0.003398358 525 -1.491022  0.1366
IDR1         0.06605794 0.003398358 525 19.438193  0.0000
IDR2         0.00113022 0.003398358 525  0.332579  0.7396
IDL1         0.03490252 0.002403002 525 14.524547  0.0000
grp1         0.00346130 0.013049590   8  0.265242  0.7975
 Correlation: 
     (Intr) S1   S2   IDR1 IDR2 IDL1
S1    0.0                           
S2    0.0   -0.5                    
IDR1  0.0    0.0  0.0               
IDR2  0.0    0.0  0.0 -0.5          
IDL1  0.0    0.0  0.0  0.0  0.0     
grp1  0.0    0.0  0.0  0.0  0.0  0.0

Standardized Within-Group Residuals:
        Min          Q1         Med          Q3         Max 
-3.09731759 -0.66240071 -0.02563278  0.57627210  4.99850619 

Number of Observations: 540
Number of Groups: 10 
            numDF denDF  F-value p-value
(Intercept)     1   525 447.0321  <.0001
S               2   525  18.6843  <.0001
IDR             2   525 256.2791  <.0001
IDL             1   525 210.9625  <.0001
grp             1     8   0.0704  0.7975
