[1] "Summary by group"
  grp vfCircularityR.m vfCircularityR.s
1   C        0.2793705       0.09040883
2   U        0.2724479       0.09729736
[1] "Summary by session\n"
  S vfCircularityR.m vfCircularityR.s
1 1        0.2958903       0.08585233
2 2        0.2708422       0.09829442
3 3        0.2609952       0.09414265
[1] "Summary by IDR+IDR\n"
  IDL IDR vfCircularityR.m vfCircularityR.s
1   D   D        0.3565832       0.06924683
2   D   M        0.3125394       0.06714250
3   D   E        0.2633126       0.07784953
4   E   D        0.3273511       0.05971124
5   E   M        0.2415394       0.07873573
6   E   E        0.1541296       0.03599950
[1] "Summary by group + Session\n"
  grp S vfCircularityR.m vfCircularityR.s
1   C 1        0.3100247       0.08477158
2   C 2        0.2725527       0.09591281
3   C 3        0.2555342       0.08214417
4   U 1        0.2817559       0.08505169
5   U 2        0.2691317       0.10112844
6   U 3        0.2664562       0.10496323
[1] "Summary by Session + IDR + IDL \n"
   S IDL IDR vfCircularityR.m vfCircularityR.s
1  1   D   D        0.3892410       0.05282165
2  1   D   M        0.3349920       0.05673061
3  1   D   E        0.2871287       0.05973344
4  1   E   D        0.3290907       0.05482357
5  1   E   M        0.2630577       0.05518425
6  1   E   E        0.1718317       0.03185014
7  2   D   D        0.3501983       0.07425670
8  2   D   M        0.3097877       0.06978911
9  2   D   E        0.2550313       0.07624714
10 2   E   D        0.3289470       0.06820166
11 2   E   M        0.2321870       0.09494423
12 2   E   E        0.1489018       0.03177694
13 3   D   D        0.3303103       0.06747101
14 3   D   M        0.2928387       0.06939402
15 3   D   E        0.2477777       0.09116219
16 3   E   D        0.3240157       0.05716488
17 3   E   M        0.2293737       0.07901382
18 3   E   E        0.1416552       0.03794267
[1] "Summary by group + IDR + IDL\n"
   grp IDL IDR vfCircularityR.m vfCircularityR.s
1    C   D   D        0.3532189       0.07339412
2    C   D   M        0.3354522       0.05821777
3    C   D   E        0.2966518       0.05395690
4    C   E   D        0.3184669       0.04596974
5    C   E   M        0.2164218       0.06448664
6    C   E   E        0.1560116       0.04163565
7    U   D   D        0.3599476       0.06549335
8    U   D   M        0.2896267       0.06823140
9    U   D   E        0.2299733       0.08410685
10   U   E   D        0.3362353       0.07026545
11   U   E   M        0.2666571       0.08420527
12   U   E   E        0.1522476       0.02967508
[1] "Summary by group + Session + IDR + IDL\n"
   grp S IDL IDR vfCircularityR.m vfCircularityR.s
1    C 1   D   D        0.3927020       0.05596863
2    C 1   D   M        0.3565567       0.05029938
3    C 1   D   E        0.3073127       0.03874904
4    C 1   E   D        0.3441687       0.05744264
5    C 1   E   M        0.2782620       0.06243509
6    C 1   E   E        0.1811460       0.03929803
7    C 2   D   D        0.3560420       0.09214722
8    C 2   D   M        0.3374140       0.06805060
9    C 2   D   E        0.2946427       0.04865490
10   C 2   E   D        0.3169620       0.02136154
11   C 2   E   M        0.1869120       0.03608160
12   C 2   E   E        0.1433437       0.02959998
13   C 3   D   D        0.3109127       0.04134674
14   C 3   D   M        0.3123860       0.04939447
15   C 3   D   E        0.2880000       0.07123808
16   C 3   E   D        0.2942700       0.03934545
17   C 3   E   M        0.1840913       0.04146459
18   C 3   E   E        0.1435450       0.04485996
19   U 1   D   D        0.3857800       0.05119954
20   U 1   D   M        0.3134273       0.05603639
21   U 1   D   E        0.2669447       0.07082764
22   U 1   E   D        0.3140127       0.04938731
23   U 1   E   M        0.2478533       0.04375633
24   U 1   E   E        0.1625173       0.01926344
25   U 2   D   D        0.3443547       0.05345739
26   U 2   D   M        0.2821613       0.06182711
27   U 2   D   E        0.2154200       0.07945405
28   U 2   E   D        0.3409320       0.09418633
29   U 2   E   M        0.2774620       0.11392249
30   U 2   E   E        0.1544600       0.03390156
31   U 3   D   D        0.3497080       0.08315045
32   U 3   D   M        0.2732913       0.08195383
33   U 3   D   E        0.2075553       0.09312918
34   U 3   E   D        0.3537613       0.05766273
35   U 3   E   M        0.2746560       0.08257779
36   U 3   E   E        0.1397653       0.03101701
