                  Estimate MCMCmean HPD95lower HPD95upper pMCMC Pr(>|t|)
(Intercept)         0.9604   0.9599     0.9276     0.9866 0.001   0.0000
grp1               -0.0079  -0.0073    -0.0373     0.0188 0.638   0.5924
S1                 -0.0135  -0.0135    -0.0290     0.0021 0.086   0.1801
S2                  0.0149   0.0151     0.0009     0.0331 0.062   0.1374
IDR1                0.0281   0.0281     0.0127     0.0436 0.001   0.0058
IDR2               -0.0234  -0.0232    -0.0382    -0.0080 0.004   0.0212
IDL1               -0.0322  -0.0324    -0.0450    -0.0202 0.001   0.0000
grp1:S1            -0.0221  -0.0222    -0.0367    -0.0062 0.008   0.0286
grp1:S2             0.0004   0.0000    -0.0174     0.0150 1.000   0.9713
grp1:IDR1          -0.0095  -0.0095    -0.0253     0.0058 0.222   0.3485
grp1:IDR2           0.0047   0.0049    -0.0109     0.0203 0.524   0.6443
S1:IDR1            -0.0075  -0.0075    -0.0186     0.0041 0.206   0.3757
S2:IDR1             0.0119   0.0120    -0.0002     0.0230 0.048   0.1608
S1:IDR2             0.0090   0.0090    -0.0025     0.0198 0.130   0.2863
S2:IDR2            -0.0084  -0.0084    -0.0201     0.0028 0.170   0.3233
grp1:IDL1          -0.0079  -0.0080    -0.0196     0.0041 0.188   0.2990
S1:IDL1            -0.0001  -0.0001    -0.0086     0.0077 0.968   0.9848
S2:IDL1            -0.0008  -0.0007    -0.0093     0.0075 0.842   0.8918
IDR1:IDL1           0.0127   0.0126     0.0051     0.0208 0.001   0.0340
IDR2:IDL1          -0.0008  -0.0007    -0.0089     0.0068 0.888   0.8931
grp1:S1:IDR1       -0.0218  -0.0221    -0.0331    -0.0102 0.001   0.0100
grp1:S2:IDR1       -0.0050  -0.0051    -0.0164     0.0067 0.388   0.5512
grp1:S1:IDR2       -0.0113  -0.0112    -0.0213     0.0014 0.068   0.1822
grp1:S2:IDR2        0.0076   0.0076    -0.0026     0.0202 0.192   0.3713
grp1:S1:IDL1        0.0016   0.0016    -0.0061     0.0104 0.704   0.7931
grp1:S2:IDL1       -0.0011  -0.0011    -0.0089     0.0073 0.746   0.8475
grp1:IDR1:IDL1      0.0057   0.0060    -0.0020     0.0130 0.136   0.3384
grp1:IDR2:IDL1     -0.0077  -0.0079    -0.0160    -0.0002 0.056   0.1969
S1:IDR1:IDL1       -0.0129  -0.0130    -0.0260    -0.0017 0.038   0.1264
S2:IDR1:IDL1        0.0091   0.0091    -0.0024     0.0202 0.118   0.2833
S1:IDR2:IDL1        0.0092   0.0093    -0.0026     0.0221 0.140   0.2786
S2:IDR2:IDL1       -0.0083  -0.0084    -0.0185     0.0042 0.156   0.3265
grp1:S1:IDR1:IDL1   0.0046   0.0044    -0.0059     0.0163 0.444   0.5850
grp1:S2:IDR1:IDL1   0.0011   0.0015    -0.0102     0.0127 0.818   0.8961
grp1:S1:IDR2:IDL1  -0.0023  -0.0021    -0.0131     0.0097 0.682   0.7828
grp1:S2:IDR2:IDL1   0.0004  -0.0001    -0.0107     0.0117 0.976   0.9602
NULL
       Length Class      Mode
fixed  6      data.frame list
random 7      data.frame list
Analysis of Variance Table
              Df   Sum Sq  Mean Sq F value
grp            1 0.000538 0.000538  0.2867
S              2 0.005046 0.002523  1.3454
IDR            2 0.016557 0.008279  4.4144
IDL            1 0.033643 0.033643 17.9395
grp:S          2 0.011862 0.005931  3.1625
grp:IDR        2 0.001651 0.000826  0.4402
S:IDR          4 0.004759 0.001190  0.6345
grp:IDL        1 0.002025 0.002025  1.0800
S:IDL          2 0.000054 0.000027  0.0143
IDR:IDL        2 0.010627 0.005313  2.8333
grp:S:IDR      4 0.040434 0.010108  5.3901
grp:S:IDL      2 0.000138 0.000069  0.0369
grp:IDR:IDL    2 0.003374 0.001687  0.8996
S:IDR:IDL      4 0.005160 0.001290  0.6879
grp:S:IDR:IDL  4 0.001011 0.000253  0.1348
Linear mixed model fit by REML 
Formula: get(vname) ~ (1 | pp) + (1 | pp/S) + (1 | pp/IDR) + (1 | pp/IDL) +      (1 | pp/S:IDR:IDL) + grp * S * IDR * IDL 
   Data: mdata 
   AIC    BIC logLik deviance REMLdev
 -1143 -946.1  617.7    -1522   -1235
Random effects:
 Groups       Name        Variance   Std.Dev.
 S:IDR:IDL:pp (Intercept) 0.00258823 0.050875
 IDR:pp       (Intercept) 0.00100490 0.031700
 S:pp         (Intercept) 0.00097748 0.031265
 IDL:pp       (Intercept) 0.00080142 0.028309
 pp           (Intercept) 0.00018775 0.013702
 pp           (Intercept) 0.00018777 0.013703
 pp           (Intercept) 0.00018775 0.013702
 pp           (Intercept) 0.00018782 0.013705
 pp           (Intercept) 0.00018782 0.013705
 Residual                 0.00187536 0.043305
Number of obs: 540, groups: S:IDR:IDL:pp, 180; IDR:pp, 30; S:pp, 30; IDL:pp, 20; pp, 10

Fixed effects:
                    Estimate Std. Error t value
(Intercept)        0.9603887  0.0147611   65.06
grp1              -0.0079070  0.0147611   -0.54
S1                -0.0134806  0.0100433   -1.34
S2                 0.0149432  0.0100433    1.49
IDR1               0.0280997  0.0101339    2.77
IDR2              -0.0234293  0.0101339   -2.31
IDL1              -0.0322447  0.0076106   -4.24
grp1:S1           -0.0220541  0.0100433   -2.20
grp1:S2            0.0003612  0.0100433    0.04
grp1:IDR1         -0.0095093  0.0101339   -0.94
grp1:IDR2          0.0046812  0.0101339    0.46
S1:IDR1           -0.0074921  0.0084502   -0.89
S2:IDR1            0.0118670  0.0084502    1.40
S1:IDR2            0.0090207  0.0084502    1.07
S2:IDR2           -0.0083546  0.0084502   -0.99
grp1:IDL1         -0.0079117  0.0076106   -1.04
S1:IDL1           -0.0001140  0.0059752   -0.02
S2:IDL1           -0.0008134  0.0059752   -0.14
IDR1:IDL1          0.0127010  0.0059752    2.13
IDR2:IDL1         -0.0008037  0.0059752   -0.13
grp1:S1:IDR1      -0.0218409  0.0084502   -2.58
grp1:S2:IDR1      -0.0050400  0.0084502   -0.60
grp1:S1:IDR2      -0.0112895  0.0084502   -1.34
grp1:S2:IDR2       0.0075619  0.0084502    0.89
grp1:S1:IDL1       0.0015677  0.0059752    0.26
grp1:S2:IDL1      -0.0011497  0.0059752   -0.19
grp1:IDR1:IDL1     0.0057263  0.0059752    0.96
grp1:IDR2:IDL1    -0.0077203  0.0059752   -1.29
S1:IDR1:IDL1      -0.0129380  0.0084502   -1.53
S2:IDR1:IDL1       0.0090756  0.0084502    1.07
S1:IDR2:IDL1       0.0091649  0.0084502    1.08
S2:IDR2:IDL1      -0.0082999  0.0084502   -0.98
grp1:S1:IDR1:IDL1  0.0046176  0.0084502    0.55
grp1:S2:IDR1:IDL1  0.0011040  0.0084502    0.13
grp1:S1:IDR2:IDL1 -0.0023304  0.0084502   -0.28
grp1:S2:IDR2:IDL1  0.0004221  0.0084502    0.05

Correlation of Fixed Effects:
            (Intr) grp1   S1     S2     IDR1   IDR2   IDL1   gr1:S1 gr1:S2
grp1         0.000                                                        
S1           0.000  0.000                                                 
S2           0.000  0.000 -0.500                                          
IDR1         0.000  0.000  0.000  0.000                                   
IDR2         0.000  0.000  0.000  0.000 -0.500                            
IDL1         0.000  0.000  0.000  0.000  0.000  0.000                     
grp1:S1      0.000  0.000  0.000  0.000  0.000  0.000  0.000              
grp1:S2      0.000  0.000  0.000  0.000  0.000  0.000  0.000 -0.500       
grp1:IDR1    0.000  0.000  0.000  0.000  0.000  0.000  0.000  0.000  0.000
grp1:IDR2    0.000  0.000  0.000  0.000  0.000  0.000  0.000  0.000  0.000
S1:IDR1      0.000  0.000  0.000  0.000  0.000  0.000  0.000  0.000  0.000
S2:IDR1      0.000  0.000  0.000  0.000  0.000  0.000  0.000  0.000  0.000
S1:IDR2      0.000  0.000  0.000  0.000  0.000  0.000  0.000  0.000  0.000
S2:IDR2      0.000  0.000  0.000  0.000  0.000  0.000  0.000  0.000  0.000
grp1:IDL1    0.000  0.000  0.000  0.000  0.000  0.000  0.000  0.000  0.000
S1:IDL1      0.000  0.000  0.000  0.000  0.000  0.000  0.000  0.000  0.000
S2:IDL1      0.000  0.000  0.000  0.000  0.000  0.000  0.000  0.000  0.000
IDR1:IDL1    0.000  0.000  0.000  0.000  0.000  0.000  0.000  0.000  0.000
IDR2:IDL1    0.000  0.000  0.000  0.000  0.000  0.000  0.000  0.000  0.000
gr1:S1:IDR1  0.000  0.000  0.000  0.000  0.000  0.000  0.000  0.000  0.000
gr1:S2:IDR1  0.000  0.000  0.000  0.000  0.000  0.000  0.000  0.000  0.000
gr1:S1:IDR2  0.000  0.000  0.000  0.000  0.000  0.000  0.000  0.000  0.000
gr1:S2:IDR2  0.000  0.000  0.000  0.000  0.000  0.000  0.000  0.000  0.000
gr1:S1:IDL1  0.000  0.000  0.000  0.000  0.000  0.000  0.000  0.000  0.000
gr1:S2:IDL1  0.000  0.000  0.000  0.000  0.000  0.000  0.000  0.000  0.000
g1:IDR1:IDL  0.000  0.000  0.000  0.000  0.000  0.000  0.000  0.000  0.000
g1:IDR2:IDL  0.000  0.000  0.000  0.000  0.000  0.000  0.000  0.000  0.000
S1:IDR1:IDL  0.000  0.000  0.000  0.000  0.000  0.000  0.000  0.000  0.000
S2:IDR1:IDL  0.000  0.000  0.000  0.000  0.000  0.000  0.000  0.000  0.000
S1:IDR2:IDL  0.000  0.000  0.000  0.000  0.000  0.000  0.000  0.000  0.000
S2:IDR2:IDL  0.000  0.000  0.000  0.000  0.000  0.000  0.000  0.000  0.000
g1:S1:IDR1:  0.000  0.000  0.000  0.000  0.000  0.000  0.000  0.000  0.000
g1:S2:IDR1:  0.000  0.000  0.000  0.000  0.000  0.000  0.000  0.000  0.000
g1:S1:IDR2:  0.000  0.000  0.000  0.000  0.000  0.000  0.000  0.000  0.000
g1:S2:IDR2:  0.000  0.000  0.000  0.000  0.000  0.000  0.000  0.000  0.000
            gr1:IDR1 gr1:IDR2 S1:IDR1 S2:IDR1 S1:IDR2 S2:IDR2 g1:IDL S1:IDL
grp1                                                                       
S1                                                                         
S2                                                                         
IDR1                                                                       
IDR2                                                                       
IDL1                                                                       
grp1:S1                                                                    
grp1:S2                                                                    
grp1:IDR1                                                                  
grp1:IDR2   -0.500                                                         
S1:IDR1      0.000    0.000                                                
S2:IDR1      0.000    0.000   -0.500                                       
S1:IDR2      0.000    0.000   -0.500   0.250                               
S2:IDR2      0.000    0.000    0.250  -0.500  -0.500                       
grp1:IDL1    0.000    0.000    0.000   0.000   0.000   0.000               
S1:IDL1      0.000    0.000    0.000   0.000   0.000   0.000   0.000       
S2:IDL1      0.000    0.000    0.000   0.000   0.000   0.000   0.000 -0.500
IDR1:IDL1    0.000    0.000    0.000   0.000   0.000   0.000   0.000  0.000
IDR2:IDL1    0.000    0.000    0.000   0.000   0.000   0.000   0.000  0.000
gr1:S1:IDR1  0.000    0.000    0.000   0.000   0.000   0.000   0.000  0.000
gr1:S2:IDR1  0.000    0.000    0.000   0.000   0.000   0.000   0.000  0.000
gr1:S1:IDR2  0.000    0.000    0.000   0.000   0.000   0.000   0.000  0.000
gr1:S2:IDR2  0.000    0.000    0.000   0.000   0.000   0.000   0.000  0.000
gr1:S1:IDL1  0.000    0.000    0.000   0.000   0.000   0.000   0.000  0.000
gr1:S2:IDL1  0.000    0.000    0.000   0.000   0.000   0.000   0.000  0.000
g1:IDR1:IDL  0.000    0.000    0.000   0.000   0.000   0.000   0.000  0.000
g1:IDR2:IDL  0.000    0.000    0.000   0.000   0.000   0.000   0.000  0.000
S1:IDR1:IDL  0.000    0.000    0.000   0.000   0.000   0.000   0.000  0.000
S2:IDR1:IDL  0.000    0.000    0.000   0.000   0.000   0.000   0.000  0.000
S1:IDR2:IDL  0.000    0.000    0.000   0.000   0.000   0.000   0.000  0.000
S2:IDR2:IDL  0.000    0.000    0.000   0.000   0.000   0.000   0.000  0.000
g1:S1:IDR1:  0.000    0.000    0.000   0.000   0.000   0.000   0.000  0.000
g1:S2:IDR1:  0.000    0.000    0.000   0.000   0.000   0.000   0.000  0.000
g1:S1:IDR2:  0.000    0.000    0.000   0.000   0.000   0.000   0.000  0.000
g1:S2:IDR2:  0.000    0.000    0.000   0.000   0.000   0.000   0.000  0.000
            S2:IDL IDR1:I IDR2:I gr1:S1:IDR1 gr1:S2:IDR1 gr1:S1:IDR2
grp1                                                                
S1                                                                  
S2                                                                  
IDR1                                                                
IDR2                                                                
IDL1                                                                
grp1:S1                                                             
grp1:S2                                                             
grp1:IDR1                                                           
grp1:IDR2                                                           
S1:IDR1                                                             
S2:IDR1                                                             
S1:IDR2                                                             
S2:IDR2                                                             
grp1:IDL1                                                           
S1:IDL1                                                             
S2:IDL1                                                             
IDR1:IDL1    0.000                                                  
IDR2:IDL1    0.000 -0.500                                           
gr1:S1:IDR1  0.000  0.000  0.000                                    
gr1:S2:IDR1  0.000  0.000  0.000 -0.500                             
gr1:S1:IDR2  0.000  0.000  0.000 -0.500       0.250                 
gr1:S2:IDR2  0.000  0.000  0.000  0.250      -0.500      -0.500     
gr1:S1:IDL1  0.000  0.000  0.000  0.000       0.000       0.000     
gr1:S2:IDL1  0.000  0.000  0.000  0.000       0.000       0.000     
g1:IDR1:IDL  0.000  0.000  0.000  0.000       0.000       0.000     
g1:IDR2:IDL  0.000  0.000  0.000  0.000       0.000       0.000     
S1:IDR1:IDL  0.000  0.000  0.000  0.000       0.000       0.000     
S2:IDR1:IDL  0.000  0.000  0.000  0.000       0.000       0.000     
S1:IDR2:IDL  0.000  0.000  0.000  0.000       0.000       0.000     
S2:IDR2:IDL  0.000  0.000  0.000  0.000       0.000       0.000     
g1:S1:IDR1:  0.000  0.000  0.000  0.000       0.000       0.000     
g1:S2:IDR1:  0.000  0.000  0.000  0.000       0.000       0.000     
g1:S1:IDR2:  0.000  0.000  0.000  0.000       0.000       0.000     
g1:S2:IDR2:  0.000  0.000  0.000  0.000       0.000       0.000     
            gr1:S2:IDR2 g1:S1:IDL g1:S2:IDL g1:IDR1: g1:IDR2: S1:IDR1: S2:IDR1:
grp1                                                                           
S1                                                                             
S2                                                                             
IDR1                                                                           
IDR2                                                                           
IDL1                                                                           
grp1:S1                                                                        
grp1:S2                                                                        
grp1:IDR1                                                                      
grp1:IDR2                                                                      
S1:IDR1                                                                        
S2:IDR1                                                                        
S1:IDR2                                                                        
S2:IDR2                                                                        
grp1:IDL1                                                                      
S1:IDL1                                                                        
S2:IDL1                                                                        
IDR1:IDL1                                                                      
IDR2:IDL1                                                                      
gr1:S1:IDR1                                                                    
gr1:S2:IDR1                                                                    
gr1:S1:IDR2                                                                    
gr1:S2:IDR2                                                                    
gr1:S1:IDL1  0.000                                                             
gr1:S2:IDL1  0.000      -0.500                                                 
g1:IDR1:IDL  0.000       0.000     0.000                                       
g1:IDR2:IDL  0.000       0.000     0.000    -0.500                             
S1:IDR1:IDL  0.000       0.000     0.000     0.000    0.000                    
S2:IDR1:IDL  0.000       0.000     0.000     0.000    0.000   -0.500           
S1:IDR2:IDL  0.000       0.000     0.000     0.000    0.000   -0.500    0.250  
S2:IDR2:IDL  0.000       0.000     0.000     0.000    0.000    0.250   -0.500  
g1:S1:IDR1:  0.000       0.000     0.000     0.000    0.000    0.000    0.000  
g1:S2:IDR1:  0.000       0.000     0.000     0.000    0.000    0.000    0.000  
g1:S1:IDR2:  0.000       0.000     0.000     0.000    0.000    0.000    0.000  
g1:S2:IDR2:  0.000       0.000     0.000     0.000    0.000    0.000    0.000  
            S1:IDR2: S2:IDR2: g1:S1:IDR1: g1:S2:IDR1: g1:S1:IDR2:
grp1                                                             
S1                                                               
S2                                                               
IDR1                                                             
IDR2                                                             
IDL1                                                             
grp1:S1                                                          
grp1:S2                                                          
grp1:IDR1                                                        
grp1:IDR2                                                        
S1:IDR1                                                          
S2:IDR1                                                          
S1:IDR2                                                          
S2:IDR2                                                          
grp1:IDL1                                                        
S1:IDL1                                                          
S2:IDL1                                                          
IDR1:IDL1                                                        
IDR2:IDL1                                                        
gr1:S1:IDR1                                                      
gr1:S2:IDR1                                                      
gr1:S1:IDR2                                                      
gr1:S2:IDR2                                                      
gr1:S1:IDL1                                                      
gr1:S2:IDL1                                                      
g1:IDR1:IDL                                                      
g1:IDR2:IDL                                                      
S1:IDR1:IDL                                                      
S2:IDR1:IDL                                                      
S1:IDR2:IDL                                                      
S2:IDR2:IDL -0.500                                               
g1:S1:IDR1:  0.000    0.000                                      
g1:S2:IDR1:  0.000    0.000   -0.500                             
g1:S1:IDR2:  0.000    0.000   -0.500       0.250                 
g1:S2:IDR2:  0.000    0.000    0.250      -0.500      -0.500     
