[1] "q4R ~(S*IDR*IDL*grp)+Error(pp/(S*IDR*IDL))+grp"
$ANOVA
          Effect DFn DFd           F            p p<.05         ges
2            grp   1   8  3.23675628 1.097040e-01       0.102069936
3              S   2  16  3.62552652 5.028273e-02       0.087090417
4          grp:S   2  16  0.59525699 5.631823e-01       0.015421491
5            IDR   2  16 86.83312649 2.564716e-09     * 0.463659611
6        grp:IDR   2  16  2.75474069 9.373901e-02       0.026693389
7            IDL   1   8 34.16187946 3.850340e-04     * 0.340282773
8        grp:IDL   1   8  4.29177039 7.204313e-02       0.060856743
9          S:IDR   4  32  5.15497887 2.544031e-03     * 0.032166050
10     grp:S:IDR   4  32  0.51200016 7.273153e-01       0.003290098
11         S:IDL   2  16  0.09972709 9.056425e-01       0.001034860
12     grp:S:IDL   2  16  5.04501546 2.000613e-02     * 0.049796310
13       IDR:IDL   2  16 19.47235620 5.170739e-05     * 0.156756397
14   grp:IDR:IDL   2  16  5.20127042 1.818838e-02     * 0.047306036
15     S:IDR:IDL   4  32  4.54272589 5.097424e-03     * 0.052232208
16 grp:S:IDR:IDL   4  32  2.37657308 7.267477e-02       0.028023780

$`Mauchly's Test for Sphericity`
          Effect          W          p p<.05
3              S 0.60899589 0.17625858      
4          grp:S 0.60899589 0.17625858      
5            IDR 0.59903857 0.16637641      
6        grp:IDR 0.59903857 0.16637641      
9          S:IDR 0.35531539 0.68760614      
10     grp:S:IDR 0.35531539 0.68760614      
11         S:IDL 0.64735174 0.21826853      
12     grp:S:IDL 0.64735174 0.21826853      
13       IDR:IDL 0.76376514 0.38936724      
14   grp:IDR:IDL 0.76376514 0.38936724      
15     S:IDR:IDL 0.07633386 0.06581407      
16 grp:S:IDR:IDL 0.07633386 0.06581407      

$`Sphericity Corrections`
          Effect       GGe        p[GG] p[GG]<.05       HFe        p[HF]
3              S 0.7189051 7.123297e-02           0.8335855 6.177332e-02
4          grp:S 0.7189051 5.147160e-01           0.8335855 5.363252e-01
5            IDR 0.7137955 3.521735e-07         * 0.8252925 5.153475e-08
6        grp:IDR 0.7137955 1.161798e-01           0.8252925 1.069008e-01
9          S:IDR 0.7484906 6.861554e-03         * 1.2457788 2.544031e-03
10     grp:S:IDR 0.7484906 6.775050e-01           1.2457788 7.273153e-01
11         S:IDL 0.7392905 8.491516e-01           0.8669301 8.805319e-01
12     grp:S:IDL 0.7392905 3.375211e-02         * 0.8669301 2.609961e-02
13       IDR:IDL 0.8089078 2.160028e-04         * 0.9840158 5.825073e-05
14   grp:IDR:IDL 0.8089078 2.708120e-02         * 0.9840158 1.880072e-02
15     S:IDR:IDL 0.5707706 2.147426e-02         * 0.8110901 9.532597e-03
16 grp:S:IDR:IDL 0.5707706 1.155365e-01           0.8110901 8.895400e-02
   p[HF]<.05
3           
4           
5          *
6           
9          *
10          
11          
12         *
13         *
14         *
15         *
16          

