[1] "phDiffStd ~(S*IDR*IDL*grp)+Error(pp/(S*IDR*IDL))+grp"
$ANOVA
          Effect DFn DFd          F            p p<.05          ges
2            grp   1   8  8.5081290 0.0193839952     * 0.2742097752
3              S   2  16  3.2571555 0.0650564836       0.0682208263
4          grp:S   2  16  3.9689200 0.0398364092     * 0.0819076042
5            IDR   2  16  2.4081781 0.1218210058       0.0238880434
6        grp:IDR   2  16  1.9512185 0.1744655967       0.0194433433
7            IDL   1   8  2.1791509 0.1781342622       0.0042462156
8        grp:IDL   1   8  0.4949312 0.5016942430       0.0009675808
9          S:IDR   4  32  1.5277515 0.2176310460       0.0095815137
10     grp:S:IDR   4  32  2.1975569 0.0915511514       0.0137246405
11         S:IDL   2  16  0.1204937 0.8872794892       0.0005416080
12     grp:S:IDL   2  16  0.1404042 0.8700659059       0.0006310474
13       IDR:IDL   2  16 12.5128646 0.0005351917     * 0.1708678693
14   grp:IDR:IDL   2  16 11.1949506 0.0009103825     * 0.1556728420
15     S:IDR:IDL   4  32  2.2107170 0.0900075387       0.0396944773
16 grp:S:IDR:IDL   4  32  2.2376496 0.0869302831       0.0401586438

$`Mauchly's Test for Sphericity`
          Effect          W           p p<.05
3              S 0.62321645 0.191089219      
4          grp:S 0.62321645 0.191089219      
5            IDR 0.61552582 0.182962447      
6        grp:IDR 0.61552582 0.182962447      
9          S:IDR 0.02874457 0.008727562     *
10     grp:S:IDR 0.02874457 0.008727562     *
11         S:IDL 0.81680091 0.492500582      
12     grp:S:IDL 0.81680091 0.492500582      
13       IDR:IDL 0.36836971 0.030338471     *
14   grp:IDR:IDL 0.36836971 0.030338471     *
15     S:IDR:IDL 0.05356616 0.032594090     *
16 grp:S:IDR:IDL 0.05356616 0.032594090     *

$`Sphericity Corrections`
          Effect       GGe       p[GG] p[GG]<.05       HFe       p[HF]
3              S 0.7263306 0.086314990           0.8456833 0.076292095
4          grp:S 0.7263306 0.058896356           0.8456833 0.049632667
5            IDR 0.7222959 0.142114469           0.8391030 0.133289332
6        grp:IDR 0.7222959 0.189654087           0.8391030 0.183346254
9          S:IDR 0.3949461 0.251322722           0.4757652 0.248198419
10     grp:S:IDR 0.3949461 0.157383601           0.4757652 0.146605381
11         S:IDL 0.8451663 0.855486157           1.0470436 0.887279489
12     grp:S:IDL 0.8451663 0.836919520           1.0470436 0.870065906
13       IDR:IDL 0.6128839 0.004162458         * 0.6666372 0.003121271
14   grp:IDR:IDL 0.6128839 0.005841632         * 0.6666372 0.004499859
15     S:IDR:IDL 0.5734664 0.132771531           0.8168749 0.106223747
16 grp:S:IDR:IDL 0.5734664 0.129728031           0.8168749 0.103092982
   p[HF]<.05
3           
4          *
5           
6           
9           
10          
11          
12          
13         *
14         *
15          
16          

