[1] "Summary by group"
  grp decTime.m decTime.s
1   C 0.4359000 0.2717616
2   U 0.4941444 0.3276363
[1] "Summary by session\n"
  S decTime.m decTime.s
1 1 0.5240583 0.3025879
2 2 0.4567417 0.3196350
3 3 0.4142667 0.2756140
[1] "Summary by ID\n"
  ID decTime.m  decTime.s
1  D 0.7453389 0.12237334
2  E 0.1847056 0.09496998
[1] "Summary by group + Session\n"
  grp S decTime.m decTime.s
1   C 1 0.5188000 0.2824401
2   C 2 0.4121500 0.2741283
3   C 3 0.3767500 0.2458160
4   U 1 0.5293167 0.3262613
5   U 2 0.5013333 0.3586025
6   U 3 0.4517833 0.3020066
[1] "Summary by Session + ID\n"
  S ID decTime.m  decTime.s
1 1  D 0.8067500 0.09969996
2 1  E 0.2413667 0.10485942
3 2  D 0.7540833 0.13776811
4 2  E 0.1594000 0.07716512
5 3  D 0.6751833 0.08925443
6 3  E 0.1533500 0.07569177
[1] "Summary by group + ID\n"
  grp ID decTime.m  decTime.s
1   C  D 0.6837667 0.10641725
2   C  E 0.1880333 0.11132938
3   U  D 0.8069111 0.10588476
4   U  E 0.1813778 0.07633279
[1] "Summary by group + Session + ID\n"
   grp S ID decTime.m  decTime.s
1    C 1  D 0.7757000 0.08864451
2    C 1  E 0.2619000 0.12633914
3    C 2  D 0.6670333 0.09648399
4    C 2  E 0.1572667 0.08449405
5    C 3  D 0.6085667 0.05486603
6    C 3  E 0.1449333 0.08367771
7    U 1  D 0.8378000 0.10327820
8    U 1  E 0.2208333 0.07688527
9    U 2  D 0.8411333 0.11734024
10   U 2  E 0.1615333 0.07200855
11   U 3  D 0.7418000 0.06310247
12   U 3  E 0.1617667 0.06865828
