[1] "vfTrajCircularityL ~S*IDR*IDL*grp + Error(pp/(S*IDR*IDL))"
$ANOVA
          Effect DFn DFd          F            p p<.05         ges
2            grp   1   8  0.6341642 4.488161e-01       0.033384794
3              S   2  16  8.8380648 2.596465e-03     * 0.132975929
5            IDR   2  16 32.1420827 2.488403e-06     * 0.188034205
7            IDL   1   8 41.7582334 1.957939e-04     * 0.258381480
4          grp:S   2  16  1.1194363 3.507324e-01       0.019055852
6        grp:IDR   2  16  1.0576097 3.703489e-01       0.007562298
8        grp:IDL   1   8  0.8121109 3.938173e-01       0.006730097
9          S:IDR   4  32  2.0228605 1.147706e-01       0.028115279
11         S:IDL   2  16  0.6725026 5.242813e-01       0.005976498
13       IDR:IDL   2  16 11.1778324 9.169037e-04     * 0.077709010
10     grp:S:IDR   4  32  1.2462058 3.113339e-01       0.017509742
12     grp:S:IDL   2  16  1.3895727 2.776855e-01       0.012270870
14   grp:IDR:IDL   2  16  1.5241907 2.477965e-01       0.011358577
15     S:IDR:IDL   4  32  0.9633757 4.409707e-01       0.006562900
16 grp:S:IDR:IDL   4  32  0.2947541 8.791939e-01       0.002017171

$`Mauchly's Test for Sphericity`
          Effect          W          p p<.05
3              S 0.28436234 0.01226174     *
4          grp:S 0.28436234 0.01226174     *
5            IDR 0.81228177 0.48302931      
6        grp:IDR 0.81228177 0.48302931      
9          S:IDR 0.04281712 0.02050934     *
10     grp:S:IDR 0.04281712 0.02050934     *
11         S:IDL 0.94496435 0.82026463      
12     grp:S:IDL 0.94496435 0.82026463      
13       IDR:IDL 0.98564365 0.95064802      
14   grp:IDR:IDL 0.98564365 0.95064802      
15     S:IDR:IDL 0.30335859 0.58507738      
16 grp:S:IDR:IDL 0.30335859 0.58507738      

$`Sphericity Corrections`
          Effect       GGe        p[GG] p[GG]<.05       HFe        p[HF]
3              S 0.5828737 1.287043e-02         * 0.6212622 1.108544e-02
4          grp:S 0.5828737 3.288204e-01           0.6212622 3.318937e-01
5            IDR 0.8419505 1.289141e-05         * 1.0413952 2.488403e-06
6        grp:IDR 0.8419505 3.625295e-01           1.0413952 3.703489e-01
9          S:IDR 0.5046396 1.641948e-01           0.6757162 1.451447e-01
10     grp:S:IDR 0.5046396 3.141589e-01           0.6757162 3.154337e-01
11         S:IDL 0.9478353 5.173703e-01           1.2336355 5.242813e-01
12     grp:S:IDL 0.9478353 2.780820e-01           1.2336355 2.776855e-01
13       IDR:IDL 0.9858468 9.805761e-04         * 1.3059425 9.169037e-04
14   grp:IDR:IDL 0.9858468 2.481323e-01           1.3059425 2.477965e-01
15     S:IDR:IDL 0.7802054 4.282161e-01           1.3366695 4.409707e-01
16 grp:S:IDR:IDL 0.7802054 8.360863e-01           1.3366695 8.791939e-01
   p[HF]<.05
3          *
4           
5          *
6           
9           
10          
11          
12          
13         *
14          
15          
16          

