Post-hoc Tukey comparisons[1] "grp Tukey test"

	Pairwise comparisons using paired t tests 

data:  mdata$vfTrajCircularityL and mdata$grp 

  C      
U 0.00073

P value adjustment method: bonferroni 
[1] "S Tukey test"

	Pairwise comparisons using paired t tests 

data:  mdata$vfTrajCircularityL and mdata$S 

  1       2    
2 4.7e-09 -    
3 9.1e-13 0.073

P value adjustment method: bonferroni 
[1] "IDR Tukey test"

	Pairwise comparisons using paired t tests 

data:  mdata$vfTrajCircularityL and mdata$IDR 

  D       M      
M 0.0055  -      
E < 2e-16 5.8e-12

P value adjustment method: bonferroni 
[1] "IDL Tukey test"
