[1] "Summary by group"
  grp vfTrajCircularityL.m vfTrajCircularityL.s
1   C            0.7848145           0.06740493
2   U            0.7689321           0.06381573
[1] "Summary by session\n"
  S vfTrajCircularityL.m vfTrajCircularityL.s
1 1            0.7538978           0.06016492
2 2            0.7834461           0.06460382
3 3            0.7932759           0.06708081
[1] "Summary by IDR+IDR\n"
  IDL IDR vfTrajCircularityL.m vfTrajCircularityL.s
1   D   D            0.8343952           0.05061555
2   D   M            0.8148546           0.05320681
3   D   E            0.7570360           0.05234904
4   E   D            0.7624863           0.05881381
5   E   M            0.7511117           0.06597251
6   E   E            0.7413559           0.05585998
[1] "Summary by group + Session\n"
  grp S vfTrajCircularityL.m vfTrajCircularityL.s
1   C 1            0.7585372           0.06096807
2   C 2            0.7863279           0.07101008
3   C 3            0.8095783           0.06043284
4   U 1            0.7492584           0.05932680
5   U 2            0.7805643           0.05774925
6   U 3            0.7769734           0.06971793
[1] "Summary by Session + IDR + IDL \n"
   S IDL IDR vfTrajCircularityL.m vfTrajCircularityL.s
1  1   D   D            0.8186657           0.04577156
2  1   D   M            0.7806820           0.06204378
3  1   D   E            0.7252867           0.04181139
4  1   E   D            0.7539447           0.04600387
5  1   E   M            0.7351597           0.05289646
6  1   E   E            0.7096483           0.03766585
7  2   D   D            0.8386517           0.05569323
8  2   D   M            0.8296160           0.03559280
9  2   D   E            0.7589263           0.04143615
10 2   E   D            0.7590187           0.06814329
11 2   E   M            0.7656060           0.06079585
12 2   E   E            0.7488580           0.05632379
13 3   D   D            0.8458683           0.04748527
14 3   D   M            0.8342657           0.04181657
15 3   D   E            0.7868950           0.05455577
16 3   E   D            0.7744957           0.06015622
17 3   E   M            0.7525693           0.07987704
18 3   E   E            0.7655613           0.05727790
[1] "Summary by group + IDR + IDL\n"
   grp IDL IDR vfTrajCircularityL.m vfTrajCircularityL.s
1    C   D   D            0.8282573           0.04481927
2    C   D   M            0.8277791           0.05667694
3    C   D   E            0.7635209           0.05679961
4    C   E   D            0.7763138           0.06866053
5    C   E   M            0.7639224           0.06608505
6    C   E   E            0.7490933           0.06435054
7    U   D   D            0.8405331           0.05564411
8    U   D   M            0.8019300           0.04660807
9    U   D   E            0.7505511           0.04723252
10   U   E   D            0.7486589           0.04349007
11   U   E   M            0.7383009           0.06403699
12   U   E   E            0.7336184           0.04525642
[1] "Summary by group + Session + IDR + IDL\n"
   grp S IDL IDR vfTrajCircularityL.m vfTrajCircularityL.s
1    C 1   D   D            0.8051193           0.04608528
2    C 1   D   M            0.7884013           0.07904917
3    C 1   D   E            0.7331673           0.05083145
4    C 1   E   D            0.7628147           0.04791992
5    C 1   E   M            0.7419987           0.05326574
6    C 1   E   E            0.7197220           0.04053630
7    C 2   D   D            0.8448887           0.02870401
8    C 2   D   M            0.8422247           0.01981299
9    C 2   D   E            0.7562927           0.04977266
10   C 2   E   D            0.7708407           0.08355044
11   C 2   E   M            0.7621627           0.07279432
12   C 2   E   E            0.7415580           0.07115696
13   C 3   D   D            0.8347640           0.04949917
14   C 3   D   M            0.8527113           0.03005719
15   C 3   D   E            0.8011027           0.05021868
16   C 3   E   D            0.7952860           0.07018751
17   C 3   E   M            0.7876060           0.06685851
18   C 3   E   E            0.7860000           0.06215719
19   U 1   D   D            0.8322120           0.04269242
20   U 1   D   M            0.7729627           0.03996698
21   U 1   D   E            0.7174060           0.03007222
22   U 1   E   D            0.7450747           0.04380603
23   U 1   E   M            0.7283207           0.05346462
24   U 1   E   E            0.6995747           0.03283480
25   U 2   D   D            0.8324147           0.07428154
26   U 2   D   M            0.8170073           0.04348518
27   U 2   D   E            0.7615600           0.03262465
28   U 2   E   D            0.7471967           0.04835839
29   U 2   E   M            0.7690493           0.04828934
30   U 2   E   E            0.7561580           0.03733404
31   U 3   D   D            0.8569727           0.04423084
32   U 3   D   M            0.8158200           0.04460523
33   U 3   D   E            0.7726873           0.05666385
34   U 3   E   D            0.7537053           0.04054029
35   U 3   E   M            0.7175327           0.07820394
36   U 3   E   E            0.7451227           0.04513517
