Post-hoc Tukey comparisons[1] "grp Tukey test"

	Pairwise comparisons using paired t tests 

data:  mdata$rho and mdata$grp 

  C     
U <2e-16

P value adjustment method: bonferroni 
[1] "S Tukey test"

	Pairwise comparisons using paired t tests 

data:  mdata$rho and mdata$S 

  1       2     
2 0.0055  -     
3 2.1e-06 0.0022

P value adjustment method: bonferroni 
[1] "IDR Tukey test"

	Pairwise comparisons using paired t tests 

data:  mdata$rho and mdata$IDR 

  D    M   
M 0.44 -   
E 0.55 1.00

P value adjustment method: bonferroni 
[1] "IDL Tukey test"
