[1] "accQRrel ~(S*IDR*IDL*grp)+Error(pp/(S*IDR*IDL))+grp"
$ANOVA
          Effect DFn DFd          F            p p<.05          ges
2            grp   1   8  0.8398761 3.862248e-01       0.0437228027
3              S   2  16  1.5442590 2.436588e-01       0.0180957717
4          grp:S   2  16  0.5673881 5.780060e-01       0.0067256960
5            IDR   2  16  2.9436599 8.154910e-02       0.0208537080
6        grp:IDR   2  16  0.0619912 9.401158e-01       0.0004483151
7            IDL   1   8  6.5216136 3.397606e-02     * 0.0618993878
8        grp:IDL   1   8  1.1373387 3.173392e-01       0.0113763434
9          S:IDR   4  32 11.2146524 8.428947e-06     * 0.0781248341
10     grp:S:IDR   4  32  1.8837219 1.374370e-01       0.0140349056
11         S:IDL   2  16  2.2900994 1.334638e-01       0.0174991433
12     grp:S:IDL   2  16  1.2646697 3.090867e-01       0.0097399315
13       IDR:IDL   2  16 33.8494425 1.783210e-06     * 0.3193723787
14   grp:IDR:IDL   2  16  0.3099852 7.377648e-01       0.0042787306
15     S:IDR:IDL   4  32  1.3308423 2.798026e-01       0.0158195158
16 grp:S:IDR:IDL   4  32  0.7248777 5.814562e-01       0.0086790246

$`Mauchly's Test for Sphericity`
          Effect          W          p p<.05
3              S 0.29102432 0.01329696     *
4          grp:S 0.29102432 0.01329696     *
5            IDR 0.58273893 0.15106335      
6        grp:IDR 0.58273893 0.15106335      
9          S:IDR 0.55950294 0.93196014      
10     grp:S:IDR 0.55950294 0.93196014      
11         S:IDL 0.87437920 0.62509982      
12     grp:S:IDL 0.87437920 0.62509982      
13       IDR:IDL 0.89056755 0.66655199      
14   grp:IDR:IDL 0.89056755 0.66655199      
15     S:IDR:IDL 0.07126735 0.05761248      
16 grp:S:IDR:IDL 0.07126735 0.05761248      

$`Sphericity Corrections`
          Effect       GGe        p[GG] p[GG]<.05       HFe        p[HF]
3              S 0.5851458 2.500454e-01           0.6246698 2.500546e-01
4          grp:S 0.5851458 4.962691e-01           0.6246698 5.060747e-01
5            IDR 0.7055863 1.049361e-01           0.8120226 9.581467e-02
6        grp:IDR 0.7055863 8.837314e-01           0.8120226 9.089414e-01
9          S:IDR 0.8000840 5.376433e-05         * 1.3960886 8.428947e-06
10     grp:S:IDR 0.8000840 1.546483e-01           1.3960886 1.374370e-01
11         S:IDL 0.8883987 1.410497e-01           1.1241138 1.334638e-01
12     grp:S:IDL 0.8883987 3.078090e-01           1.1241138 3.090867e-01
13       IDR:IDL 0.9013618 5.134543e-06         * 1.1476422 1.783210e-06
14   grp:IDR:IDL 0.9013618 7.163285e-01           1.1476422 7.377648e-01
15     S:IDR:IDL 0.5060631 2.919634e-01           0.6785038 2.894458e-01
16 grp:S:IDR:IDL 0.5060631 5.010268e-01           0.6785038 5.352667e-01
   p[HF]<.05
3           
4           
5           
6           
9          *
10          
11          
12          
13         *
14          
15          
16          

