[1] "minPeakDelay ~S*IDR*IDL*grp + Error(pp/(S*IDR*IDL))"
$ANOVA
          Effect DFn DFd         F           p p<.05         ges
2            grp   1   8 2.3819805 0.161317736       0.050494734
3              S   2  16 0.5526873 0.586002073       0.007363969
5            IDR   2  16 0.1913683 0.827691043       0.004788784
7            IDL   1   8 1.1729076 0.310363762       0.019043578
4          grp:S   2  16 1.0546612 0.371314804       0.013958876
6        grp:IDR   2  16 1.4582535 0.261958389       0.035369889
8        grp:IDL   1   8 0.5506772 0.479258988       0.009032162
9          S:IDR   4  32 0.4477864 0.773176921       0.005255359
11         S:IDL   2  16 2.6115335 0.104350541       0.018404456
13       IDR:IDL   2  16 0.7350950 0.494969963       0.012413131
10     grp:S:IDR   4  32 4.1606604 0.007967372     * 0.046791815
12     grp:S:IDL   2  16 1.4317004 0.267916787       0.010174326
14   grp:IDR:IDL   2  16 2.0185683 0.165300665       0.033363322
15     S:IDR:IDL   4  32 1.5118712 0.222111827       0.017058735
16 grp:S:IDR:IDL   4  32 1.8927401 0.135840916       0.021264768

$`Mauchly's Test for Sphericity`
          Effect          W           p p<.05
3              S 0.91876012 0.743374176      
4          grp:S 0.91876012 0.743374176      
5            IDR 0.18586490 0.002768158     *
6        grp:IDR 0.18586490 0.002768158     *
9          S:IDR 0.04758080 0.025552300     *
10     grp:S:IDR 0.04758080 0.025552300     *
11         S:IDL 0.61440164 0.181795564      
12     grp:S:IDL 0.61440164 0.181795564      
13       IDR:IDL 0.27847292 0.011395684     *
14   grp:IDR:IDL 0.27847292 0.011395684     *
15     S:IDR:IDL 0.09854387 0.106338116      
16 grp:S:IDR:IDL 0.09854387 0.106338116      

$`Sphericity Corrections`
          Effect       GGe      p[GG] p[GG]<.05       HFe      p[HF] p[HF]<.05
3              S 0.9248641 0.57362147           1.1908055 0.58600207          
4          grp:S 0.9248641 0.36782633           1.1908055 0.37131480          
5            IDR 0.5512269 0.69615239           0.5742682 0.70567700          
6        grp:IDR 0.5512269 0.26311756           0.5742682 0.26358660          
9          S:IDR 0.4490191 0.62715529           0.5707956 0.67108488          
10     grp:S:IDR 0.4490191 0.04098932         * 0.5707956 0.02830354         *
11         S:IDL 0.7217099 0.12571518           0.8381486 0.11634546          
12     grp:S:IDL 0.7217099 0.26976004           0.8381486 0.26956974          
13       IDR:IDL 0.5808796 0.43324462           0.6182755 0.44034193          
14   grp:IDR:IDL 0.5808796 0.18931292           0.6182755 0.18735174          
15     S:IDR:IDL 0.4977096 0.25047921           0.6622200 0.24192975          
16 grp:S:IDR:IDL 0.4977096 0.18312751           0.6622200 0.16629567          

