[1] "accQ ~(S*ID*grp)+Error(pp/(S*ID))+grp"
$ANOVA
    Effect DFn DFd          F            p p<.05         ges
2      grp   1   8  2.1344318 1.821567e-01       0.059572333
3        S   2  16  0.4557059 6.419792e-01       0.011241910
5       ID   1   8 89.6326112 1.275245e-05     * 0.840771412
4    grp:S   2  16  0.8668011 4.391210e-01       0.021168631
6   grp:ID   1   8  0.7014848 4.265969e-01       0.039684688
7     S:ID   2  16  5.4425340 1.573514e-02     * 0.058718747
8 grp:S:ID   2  16  0.4366338 6.536816e-01       0.004979727

$`Mauchly's Test for Sphericity`
    Effect         W           p p<.05
3        S 0.2089362 0.004169155     *
4    grp:S 0.2089362 0.004169155     *
7     S:ID 0.7568671 0.377197470      
8 grp:S:ID 0.7568671 0.377197470      

$`Sphericity Corrections`
    Effect       GGe     p[GG] p[GG]<.05       HFe      p[HF] p[HF]<.05
3        S 0.5583274 0.5378660           0.5847370 0.54596685          
4    grp:S 0.5583274 0.3890112           0.5847370 0.39313075          
7     S:ID 0.8044192 0.0242326         * 0.9763129 0.01657519         *
8 grp:S:ID 0.8044192 0.6134618           0.9763129 0.64923853          

