            Estimate MCMCmean HPD95lower HPD95upper pMCMC Pr(>|t|)
(Intercept)   0.4149   0.4152     0.4043     0.4263 0.001   0.0000
grp1          0.0081   0.0078    -0.0047     0.0196 0.200   0.2600
S1           -0.0041  -0.0040    -0.0117     0.0025 0.282   0.4115
S2           -0.0002  -0.0004    -0.0077     0.0074 0.896   0.9645
ID1          -0.0739  -0.0739    -0.0820    -0.0670 0.001   0.0000
grp1:S1      -0.0055  -0.0053    -0.0122     0.0024 0.158   0.2691
grp1:S2      -0.0005  -0.0007    -0.0073     0.0072 0.826   0.9130
grp1:ID1      0.0065   0.0066    -0.0014     0.0137 0.112   0.3314
S1:ID1        0.0094   0.0095     0.0041     0.0149 0.001   0.0075
S2:ID1       -0.0102  -0.0103    -0.0150    -0.0044 0.001   0.0039
grp1:S1:ID1   0.0032   0.0034    -0.0017     0.0082 0.200   0.3587
grp1:S2:ID1  -0.0014  -0.0014    -0.0067     0.0034 0.606   0.6916
Analysis of Variance Table
         Df   Sum Sq  Mean Sq  F value
grp       1 0.000342 0.000342   1.2768
S         2 0.000256 0.000128   0.4775
ID        1 0.032442 0.032442 121.2388
grp:S     2 0.000486 0.000243   0.9083
grp:ID    1 0.000254 0.000254   0.9488
S:ID      2 0.002844 0.001422   5.3146
grp:S:ID  2 0.000228 0.000114   0.4264
Linear mixed model fit by REML 
Formula: accQ ~ (1 | pp) + (1 | pp/S) + (1 | pp/ID) + (1 | pp/S:ID) +      grp * S * ID 
   Data: mdata 
    AIC    BIC logLik deviance REMLdev
 -695.4 -631.5  367.7   -842.4  -735.4
Random effects:
 Groups   Name        Variance   Std.Dev.  
 S:ID:pp  (Intercept) 2.7491e-04 1.6581e-02
 S:pp     (Intercept) 1.8705e-04 1.3677e-02
 ID:pp    (Intercept) 7.7909e-04 2.7912e-02
 pp       (Intercept) 0.0000e+00 0.0000e+00
 pp       (Intercept) 0.0000e+00 0.0000e+00
 pp       (Intercept) 6.8307e-13 8.2648e-07
 pp       (Intercept) 0.0000e+00 0.0000e+00
 Residual             2.6758e-04 1.6358e-02
Number of obs: 180, groups: S:ID:pp, 60; S:pp, 30; ID:pp, 20; pp, 10

Fixed effects:
              Estimate Std. Error t value
(Intercept)  0.4149492  0.0071594   57.96
grp1         0.0080923  0.0071594    1.13
S1          -0.0040840  0.0049605   -0.82
S2          -0.0002210  0.0049605   -0.04
ID1         -0.0738822  0.0067099  -11.01
grp1:S1     -0.0055004  0.0049605   -1.11
grp1:S2     -0.0005428  0.0049605   -0.11
grp1:ID1     0.0065361  0.0067099    0.97
S1:ID1       0.0094377  0.0034840    2.71
S2:ID1      -0.0101897  0.0034840   -2.92
grp1:S1:ID1  0.0032068  0.0034840    0.92
grp1:S2:ID1 -0.0013846  0.0034840   -0.40

Correlation of Fixed Effects:
            (Intr) grp1   S1     S2     ID1    gr1:S1 gr1:S2 g1:ID1 S1:ID1
grp1         0.000                                                        
S1           0.000  0.000                                                 
S2           0.000  0.000 -0.500                                          
ID1          0.000  0.000  0.000  0.000                                   
grp1:S1      0.000  0.000  0.000  0.000  0.000                            
grp1:S2      0.000  0.000  0.000  0.000  0.000 -0.500                     
grp1:ID1     0.000  0.000  0.000  0.000  0.000  0.000  0.000              
S1:ID1       0.000  0.000  0.000  0.000  0.000  0.000  0.000  0.000       
S2:ID1       0.000  0.000  0.000  0.000  0.000  0.000  0.000  0.000 -0.500
grp1:S1:ID1  0.000  0.000  0.000  0.000  0.000  0.000  0.000  0.000  0.000
grp1:S2:ID1  0.000  0.000  0.000  0.000  0.000  0.000  0.000  0.000  0.000
            S2:ID1 g1:S1:
grp1                     
S1                       
S2                       
ID1                      
grp1:S1                  
grp1:S2                  
grp1:ID1                 
S1:ID1                   
S2:ID1                   
grp1:S1:ID1  0.000       
grp1:S2:ID1  0.000 -0.500
Linear mixed model fit by REML 
Formula: accQ ~ (1 | pp) + (1 | pp/S) + (1 | pp/ID) + (1 | pp/S:ID) +      grp * S * ID 
   Data: mdata 
    AIC    BIC logLik deviance REMLdev
 -695.4 -631.5  367.7   -842.4  -735.4
Random effects:
 Groups   Name        Variance   Std.Dev.  
 S:ID:pp  (Intercept) 2.7491e-04 1.6581e-02
 S:pp     (Intercept) 1.8705e-04 1.3677e-02
 ID:pp    (Intercept) 7.7909e-04 2.7912e-02
 pp       (Intercept) 0.0000e+00 0.0000e+00
 pp       (Intercept) 0.0000e+00 0.0000e+00
 pp       (Intercept) 6.8307e-13 8.2648e-07
 pp       (Intercept) 0.0000e+00 0.0000e+00
 Residual             2.6758e-04 1.6358e-02
Number of obs: 180, groups: S:ID:pp, 60; S:pp, 30; ID:pp, 20; pp, 10

Fixed effects:
              Estimate Std. Error t value
(Intercept)  0.4149492  0.0071594   57.96
grp1         0.0080923  0.0071594    1.13
S1          -0.0040840  0.0049605   -0.82
S2          -0.0002210  0.0049605   -0.04
ID1         -0.0738822  0.0067099  -11.01
grp1:S1     -0.0055004  0.0049605   -1.11
grp1:S2     -0.0005428  0.0049605   -0.11
grp1:ID1     0.0065361  0.0067099    0.97
S1:ID1       0.0094377  0.0034840    2.71
S2:ID1      -0.0101897  0.0034840   -2.92
grp1:S1:ID1  0.0032068  0.0034840    0.92
grp1:S2:ID1 -0.0013846  0.0034840   -0.40

Correlation of Fixed Effects:
            (Intr) grp1   S1     S2     ID1    gr1:S1 gr1:S2 g1:ID1 S1:ID1
grp1         0.000                                                        
S1           0.000  0.000                                                 
S2           0.000  0.000 -0.500                                          
ID1          0.000  0.000  0.000  0.000                                   
grp1:S1      0.000  0.000  0.000  0.000  0.000                            
grp1:S2      0.000  0.000  0.000  0.000  0.000 -0.500                     
grp1:ID1     0.000  0.000  0.000  0.000  0.000  0.000  0.000              
S1:ID1       0.000  0.000  0.000  0.000  0.000  0.000  0.000  0.000       
S2:ID1       0.000  0.000  0.000  0.000  0.000  0.000  0.000  0.000 -0.500
grp1:S1:ID1  0.000  0.000  0.000  0.000  0.000  0.000  0.000  0.000  0.000
grp1:S2:ID1  0.000  0.000  0.000  0.000  0.000  0.000  0.000  0.000  0.000
            S2:ID1 g1:S1:
grp1                     
S1                       
S2                       
ID1                      
grp1:S1                  
grp1:S2                  
grp1:ID1                 
S1:ID1                   
S2:ID1                   
grp1:S1:ID1  0.000       
grp1:S2:ID1  0.000 -0.500
