[1] "Summary by group"
  grp     q1R.m      q1R.s
1   C 0.8740824 0.04345667
2   U 0.8844214 0.05595881
[1] "Summary by session\n"
  S     q1R.m      q1R.s
1 1 0.8728221 0.05450754
2 2 0.8789332 0.05311476
3 3 0.8860003 0.04193886
[1] "Summary by DID\n"
  DID     q1R.m      q1R.s
1   1 0.8574807 0.05861007
2   2 0.8811350 0.03745059
3   3 0.8991400 0.04380084
[1] "Summary by group + Session\n"
  grp S     q1R.m      q1R.s
1   C 1 0.8739676 0.04934157
2   C 2 0.8704887 0.04122235
3   C 3 0.8777909 0.03987639
4   U 1 0.8716767 0.05976950
5   U 2 0.8873778 0.06213959
6   U 3 0.8942098 0.04277535
[1] "Summary by Session + DID\n"
  S DID     q1R.m      q1R.s
1 1   1 0.8403550 0.06040922
2 1   2 0.8769690 0.04227295
3 1   3 0.9011423 0.04175999
4 2   1 0.8599720 0.06830392
5 2   2 0.8771357 0.03901848
6 2   3 0.8996920 0.04061003
7 3   1 0.8721150 0.04118566
8 3   2 0.8893003 0.02985718
9 3   3 0.8965857 0.04983540
[1] "Summary by group + DID\n"
  grp DID     q1R.m      q1R.s
1   C   1 0.8547529 0.04823578
2   C   2 0.8761284 0.03347635
3   C   3 0.8913658 0.04015000
4   U   1 0.8602084 0.06787078
5   U   2 0.8861416 0.04080481
6   U   3 0.9069142 0.04631395
[1] "Summary by group + Session + DID\n"
   grp S DID     q1R.m      q1R.s
1    C 1   1 0.8422653 0.05111371
2    C 1   2 0.8805793 0.03901645
3    C 1   3 0.8990580 0.04145505
4    C 2   1 0.8609367 0.05065231
5    C 2   2 0.8694300 0.03450079
6    C 2   3 0.8810993 0.03694662
7    C 3   1 0.8610567 0.04340005
8    C 3   2 0.8783760 0.02710710
9    C 3   3 0.8939400 0.04241883
10   U 1   1 0.8384447 0.07027645
11   U 1   2 0.8733587 0.04638354
12   U 1   3 0.9032267 0.04341114
13   U 2   1 0.8590073 0.08424040
14   U 2   2 0.8848413 0.04284961
15   U 2   3 0.9182847 0.03619857
16   U 3   1 0.8831733 0.03698744
17   U 3   2 0.9002247 0.02925837
18   U 3   3 0.8992313 0.05770767
