                  Estimate MCMCmean HPD95lower HPD95upper pMCMC Pr(>|t|)
(Intercept)         0.3418   0.3423     0.2620     0.4065 0.001   0.0000
grp1               -0.0594  -0.0582    -0.1311     0.0137 0.134   0.1392
S1                 -0.0677  -0.0677    -0.1034    -0.0339 0.001   0.0026
S2                  0.0180   0.0188    -0.0168     0.0519 0.254   0.4207
IDR1               -0.1484  -0.1487    -0.1872    -0.1147 0.001   0.0000
IDR2                0.0030   0.0030    -0.0360     0.0395 0.878   0.9027
IDL1               -0.2459  -0.2462    -0.2843    -0.2065 0.001   0.0000
grp1:S1            -0.0052  -0.0054    -0.0379     0.0305 0.740   0.8146
grp1:S2             0.0197   0.0201    -0.0110     0.0584 0.234   0.3791
grp1:IDR1          -0.0520  -0.0526    -0.0943    -0.0197 0.008   0.0317
grp1:IDR2           0.0137   0.0139    -0.0248     0.0494 0.444   0.5694
S1:IDR1             0.0119   0.0117    -0.0153     0.0394 0.398   0.5973
S2:IDR1            -0.0354  -0.0350    -0.0607    -0.0073 0.014   0.1150
S1:IDR2            -0.0505  -0.0509    -0.0775    -0.0222 0.001   0.0249
S2:IDR2             0.0259   0.0256    -0.0033     0.0531 0.090   0.2482
grp1:IDL1           0.0461   0.0455     0.0064     0.0830 0.024   0.1946
S1:IDL1             0.0781   0.0782     0.0584     0.0994 0.001   0.0000
S2:IDL1            -0.0234  -0.0234    -0.0427    -0.0022 0.026   0.1401
IDR1:IDL1           0.1525   0.1517     0.1336     0.1709 0.001   0.0000
IDR2:IDL1          -0.0007  -0.0002    -0.0216     0.0192 0.984   0.9630
grp1:S1:IDR1        0.0620   0.0621     0.0353     0.0905 0.001   0.0059
grp1:S2:IDR1       -0.0015  -0.0017    -0.0306     0.0263 0.902   0.9452
grp1:S1:IDR2       -0.0377  -0.0382    -0.0666    -0.0097 0.012   0.0939
grp1:S2:IDR2        0.0260   0.0268    -0.0040     0.0504 0.066   0.2470
grp1:S1:IDL1       -0.0019  -0.0016    -0.0212     0.0175 0.870   0.9023
grp1:S2:IDL1       -0.0135  -0.0135    -0.0340     0.0071 0.172   0.3938
grp1:IDR1:IDL1      0.0630   0.0628     0.0426     0.0811 0.001   0.0001
grp1:IDR2:IDL1     -0.0197  -0.0199    -0.0392     0.0003 0.042   0.2157
S1:IDR1:IDL1       -0.0035  -0.0041    -0.0317     0.0242 0.800   0.8748
S2:IDR1:IDL1        0.0318   0.0318     0.0053     0.0614 0.020   0.1571
S1:IDR2:IDL1        0.0506   0.0513     0.0251     0.0805 0.001   0.0245
S2:IDR2:IDL1       -0.0324  -0.0326    -0.0601    -0.0081 0.010   0.1494
grp1:S1:IDR1:IDL1  -0.0610  -0.0610    -0.0887    -0.0322 0.001   0.0068
grp1:S2:IDR1:IDL1   0.0097   0.0093    -0.0171     0.0387 0.494   0.6660
grp1:S1:IDR2:IDL1   0.0360   0.0361     0.0062     0.0633 0.016   0.1096
grp1:S2:IDR2:IDL1  -0.0210  -0.0206    -0.0493     0.0041 0.130   0.3499
NULL
       Length Class      Mode
fixed  6      data.frame list
random 7      data.frame list
Analysis of Variance Table
              Df  Sum Sq Mean Sq F value
grp            1 0.01535 0.01535  2.1793
S              2 0.06941 0.03471  4.9268
IDR            2 0.34830 0.17415 24.7215
IDL            1 0.33788 0.33788 47.9640
grp:S          2 0.00586 0.00293  0.4156
grp:IDR        2 0.03512 0.01756  2.4924
S:IDR          4 0.06013 0.01503  2.1339
grp:IDL        1 0.01188 0.01188  1.6867
S:IDL          2 0.17978 0.08989 12.7601
IDR:IDL        2 0.86308 0.43154 61.2586
grp:S:IDR      4 0.08270 0.02067  2.9348
grp:S:IDL      2 0.00797 0.00398  0.5656
grp:IDR:IDL    2 0.11613 0.05806  8.2423
S:IDR:IDL      4 0.06306 0.01577  2.2381
grp:S:IDR:IDL  4 0.06514 0.01629  2.3119
Linear mixed model fit by REML 
Formula: get(vname) ~ (1 | pp) + (1 | pp/S) + (1 | pp/IDR) + (1 | pp/IDL) +      (1 | pp/S:IDR:IDL) + grp * S * IDR * IDL 
   Data: mdata 
    AIC    BIC logLik deviance REMLdev
 -385.5 -188.1  238.8   -693.7  -477.5
Random effects:
 Groups       Name        Variance   Std.Dev.
 S:IDR:IDL:pp (Intercept) 0.02031170 0.142519
 IDR:pp       (Intercept) 0.00495939 0.070423
 S:pp         (Intercept) 0.00371424 0.060945
 IDL:pp       (Intercept) 0.02268888 0.150628
 pp           (Intercept) 0.00011660 0.010798
 pp           (Intercept) 0.00011659 0.010798
 pp           (Intercept) 0.00011660 0.010798
 pp           (Intercept) 0.00011660 0.010798
 pp           (Intercept) 0.00011659 0.010798
 Residual                 0.00704454 0.083932
Number of obs: 540, groups: S:IDR:IDL:pp, 180; IDR:pp, 30; S:pp, 30; IDL:pp, 20; pp, 10

Fixed effects:
                    Estimate Std. Error t value
(Intercept)        0.3418097  0.0400957   8.525
grp1              -0.0593893  0.0400957  -1.481
S1                -0.0677194  0.0223471  -3.030
S2                 0.0180103  0.0223471   0.806
IDR1              -0.1484116  0.0241330  -6.150
IDR2               0.0029507  0.0241330   0.122
IDL1              -0.2458670  0.0355012  -6.926
grp1:S1           -0.0052429  0.0223471  -0.235
grp1:S2            0.0196712  0.0223471   0.880
grp1:IDR1         -0.0519896  0.0241330  -2.154
grp1:IDR2          0.0137396  0.0241330   0.569
S1:IDR1            0.0118618  0.0224400   0.529
S2:IDR1           -0.0354294  0.0224400  -1.579
S1:IDR2           -0.0504813  0.0224400  -2.250
S2:IDR2            0.0259425  0.0224400   1.156
grp1:IDL1          0.0461070  0.0355012   1.299
S1:IDL1            0.0781064  0.0158675   4.922
S2:IDL1           -0.0234461  0.0158675  -1.478
IDR1:IDL1          0.1524695  0.0158675   9.609
IDR2:IDL1         -0.0007364  0.0158675  -0.046
grp1:S1:IDR1       0.0619899  0.0224400   2.762
grp1:S2:IDR1      -0.0015430  0.0224400  -0.069
grp1:S1:IDR2      -0.0376629  0.0224400  -1.678
grp1:S2:IDR2       0.0260072  0.0224400   1.159
grp1:S1:IDL1      -0.0019489  0.0158675  -0.123
grp1:S2:IDL1      -0.0135430  0.0158675  -0.854
grp1:IDR1:IDL1     0.0629636  0.0158675   3.968
grp1:IDR2:IDL1    -0.0196693  0.0158675  -1.240
S1:IDR1:IDL1      -0.0035377  0.0224400  -0.158
S2:IDR1:IDL1       0.0318006  0.0224400   1.417
S1:IDR2:IDL1       0.0506152  0.0224400   2.256
S2:IDR2:IDL1      -0.0323998  0.0224400  -1.444
grp1:S1:IDR1:IDL1 -0.0609906  0.0224400  -2.718
grp1:S2:IDR1:IDL1  0.0096929  0.0224400   0.432
grp1:S1:IDR2:IDL1  0.0359674  0.0224400   1.603
grp1:S2:IDR2:IDL1 -0.0209949  0.0224400  -0.936

Correlation of Fixed Effects:
            (Intr) grp1   S1     S2     IDR1   IDR2   IDL1   gr1:S1 gr1:S2
grp1         0.000                                                        
S1           0.000  0.000                                                 
S2           0.000  0.000 -0.500                                          
IDR1         0.000  0.000  0.000  0.000                                   
IDR2         0.000  0.000  0.000  0.000 -0.500                            
IDL1         0.000  0.000  0.000  0.000  0.000  0.000                     
grp1:S1      0.000  0.000  0.000  0.000  0.000  0.000  0.000              
grp1:S2      0.000  0.000  0.000  0.000  0.000  0.000  0.000 -0.500       
grp1:IDR1    0.000  0.000  0.000  0.000  0.000  0.000  0.000  0.000  0.000
grp1:IDR2    0.000  0.000  0.000  0.000  0.000  0.000  0.000  0.000  0.000
S1:IDR1      0.000  0.000  0.000  0.000  0.000  0.000  0.000  0.000  0.000
S2:IDR1      0.000  0.000  0.000  0.000  0.000  0.000  0.000  0.000  0.000
S1:IDR2      0.000  0.000  0.000  0.000  0.000  0.000  0.000  0.000  0.000
S2:IDR2      0.000  0.000  0.000  0.000  0.000  0.000  0.000  0.000  0.000
grp1:IDL1    0.000  0.000  0.000  0.000  0.000  0.000  0.000  0.000  0.000
S1:IDL1      0.000  0.000  0.000  0.000  0.000  0.000  0.000  0.000  0.000
S2:IDL1      0.000  0.000  0.000  0.000  0.000  0.000  0.000  0.000  0.000
IDR1:IDL1    0.000  0.000  0.000  0.000  0.000  0.000  0.000  0.000  0.000
IDR2:IDL1    0.000  0.000  0.000  0.000  0.000  0.000  0.000  0.000  0.000
gr1:S1:IDR1  0.000  0.000  0.000  0.000  0.000  0.000  0.000  0.000  0.000
gr1:S2:IDR1  0.000  0.000  0.000  0.000  0.000  0.000  0.000  0.000  0.000
gr1:S1:IDR2  0.000  0.000  0.000  0.000  0.000  0.000  0.000  0.000  0.000
gr1:S2:IDR2  0.000  0.000  0.000  0.000  0.000  0.000  0.000  0.000  0.000
gr1:S1:IDL1  0.000  0.000  0.000  0.000  0.000  0.000  0.000  0.000  0.000
gr1:S2:IDL1  0.000  0.000  0.000  0.000  0.000  0.000  0.000  0.000  0.000
g1:IDR1:IDL  0.000  0.000  0.000  0.000  0.000  0.000  0.000  0.000  0.000
g1:IDR2:IDL  0.000  0.000  0.000  0.000  0.000  0.000  0.000  0.000  0.000
S1:IDR1:IDL  0.000  0.000  0.000  0.000  0.000  0.000  0.000  0.000  0.000
S2:IDR1:IDL  0.000  0.000  0.000  0.000  0.000  0.000  0.000  0.000  0.000
S1:IDR2:IDL  0.000  0.000  0.000  0.000  0.000  0.000  0.000  0.000  0.000
S2:IDR2:IDL  0.000  0.000  0.000  0.000  0.000  0.000  0.000  0.000  0.000
g1:S1:IDR1:  0.000  0.000  0.000  0.000  0.000  0.000  0.000  0.000  0.000
g1:S2:IDR1:  0.000  0.000  0.000  0.000  0.000  0.000  0.000  0.000  0.000
g1:S1:IDR2:  0.000  0.000  0.000  0.000  0.000  0.000  0.000  0.000  0.000
g1:S2:IDR2:  0.000  0.000  0.000  0.000  0.000  0.000  0.000  0.000  0.000
            gr1:IDR1 gr1:IDR2 S1:IDR1 S2:IDR1 S1:IDR2 S2:IDR2 g1:IDL S1:IDL
grp1                                                                       
S1                                                                         
S2                                                                         
IDR1                                                                       
IDR2                                                                       
IDL1                                                                       
grp1:S1                                                                    
grp1:S2                                                                    
grp1:IDR1                                                                  
grp1:IDR2   -0.500                                                         
S1:IDR1      0.000    0.000                                                
S2:IDR1      0.000    0.000   -0.500                                       
S1:IDR2      0.000    0.000   -0.500   0.250                               
S2:IDR2      0.000    0.000    0.250  -0.500  -0.500                       
grp1:IDL1    0.000    0.000    0.000   0.000   0.000   0.000               
S1:IDL1      0.000    0.000    0.000   0.000   0.000   0.000   0.000       
S2:IDL1      0.000    0.000    0.000   0.000   0.000   0.000   0.000 -0.500
IDR1:IDL1    0.000    0.000    0.000   0.000   0.000   0.000   0.000  0.000
IDR2:IDL1    0.000    0.000    0.000   0.000   0.000   0.000   0.000  0.000
gr1:S1:IDR1  0.000    0.000    0.000   0.000   0.000   0.000   0.000  0.000
gr1:S2:IDR1  0.000    0.000    0.000   0.000   0.000   0.000   0.000  0.000
gr1:S1:IDR2  0.000    0.000    0.000   0.000   0.000   0.000   0.000  0.000
gr1:S2:IDR2  0.000    0.000    0.000   0.000   0.000   0.000   0.000  0.000
gr1:S1:IDL1  0.000    0.000    0.000   0.000   0.000   0.000   0.000  0.000
gr1:S2:IDL1  0.000    0.000    0.000   0.000   0.000   0.000   0.000  0.000
g1:IDR1:IDL  0.000    0.000    0.000   0.000   0.000   0.000   0.000  0.000
g1:IDR2:IDL  0.000    0.000    0.000   0.000   0.000   0.000   0.000  0.000
S1:IDR1:IDL  0.000    0.000    0.000   0.000   0.000   0.000   0.000  0.000
S2:IDR1:IDL  0.000    0.000    0.000   0.000   0.000   0.000   0.000  0.000
S1:IDR2:IDL  0.000    0.000    0.000   0.000   0.000   0.000   0.000  0.000
S2:IDR2:IDL  0.000    0.000    0.000   0.000   0.000   0.000   0.000  0.000
g1:S1:IDR1:  0.000    0.000    0.000   0.000   0.000   0.000   0.000  0.000
g1:S2:IDR1:  0.000    0.000    0.000   0.000   0.000   0.000   0.000  0.000
g1:S1:IDR2:  0.000    0.000    0.000   0.000   0.000   0.000   0.000  0.000
g1:S2:IDR2:  0.000    0.000    0.000   0.000   0.000   0.000   0.000  0.000
            S2:IDL IDR1:I IDR2:I gr1:S1:IDR1 gr1:S2:IDR1 gr1:S1:IDR2
grp1                                                                
S1                                                                  
S2                                                                  
IDR1                                                                
IDR2                                                                
IDL1                                                                
grp1:S1                                                             
grp1:S2                                                             
grp1:IDR1                                                           
grp1:IDR2                                                           
S1:IDR1                                                             
S2:IDR1                                                             
S1:IDR2                                                             
S2:IDR2                                                             
grp1:IDL1                                                           
S1:IDL1                                                             
S2:IDL1                                                             
IDR1:IDL1    0.000                                                  
IDR2:IDL1    0.000 -0.500                                           
gr1:S1:IDR1  0.000  0.000  0.000                                    
gr1:S2:IDR1  0.000  0.000  0.000 -0.500                             
gr1:S1:IDR2  0.000  0.000  0.000 -0.500       0.250                 
gr1:S2:IDR2  0.000  0.000  0.000  0.250      -0.500      -0.500     
gr1:S1:IDL1  0.000  0.000  0.000  0.000       0.000       0.000     
gr1:S2:IDL1  0.000  0.000  0.000  0.000       0.000       0.000     
g1:IDR1:IDL  0.000  0.000  0.000  0.000       0.000       0.000     
g1:IDR2:IDL  0.000  0.000  0.000  0.000       0.000       0.000     
S1:IDR1:IDL  0.000  0.000  0.000  0.000       0.000       0.000     
S2:IDR1:IDL  0.000  0.000  0.000  0.000       0.000       0.000     
S1:IDR2:IDL  0.000  0.000  0.000  0.000       0.000       0.000     
S2:IDR2:IDL  0.000  0.000  0.000  0.000       0.000       0.000     
g1:S1:IDR1:  0.000  0.000  0.000  0.000       0.000       0.000     
g1:S2:IDR1:  0.000  0.000  0.000  0.000       0.000       0.000     
g1:S1:IDR2:  0.000  0.000  0.000  0.000       0.000       0.000     
g1:S2:IDR2:  0.000  0.000  0.000  0.000       0.000       0.000     
            gr1:S2:IDR2 g1:S1:IDL g1:S2:IDL g1:IDR1: g1:IDR2: S1:IDR1: S2:IDR1:
grp1                                                                           
S1                                                                             
S2                                                                             
IDR1                                                                           
IDR2                                                                           
IDL1                                                                           
grp1:S1                                                                        
grp1:S2                                                                        
grp1:IDR1                                                                      
grp1:IDR2                                                                      
S1:IDR1                                                                        
S2:IDR1                                                                        
S1:IDR2                                                                        
S2:IDR2                                                                        
grp1:IDL1                                                                      
S1:IDL1                                                                        
S2:IDL1                                                                        
IDR1:IDL1                                                                      
IDR2:IDL1                                                                      
gr1:S1:IDR1                                                                    
gr1:S2:IDR1                                                                    
gr1:S1:IDR2                                                                    
gr1:S2:IDR2                                                                    
gr1:S1:IDL1  0.000                                                             
gr1:S2:IDL1  0.000      -0.500                                                 
g1:IDR1:IDL  0.000       0.000     0.000                                       
g1:IDR2:IDL  0.000       0.000     0.000    -0.500                             
S1:IDR1:IDL  0.000       0.000     0.000     0.000    0.000                    
S2:IDR1:IDL  0.000       0.000     0.000     0.000    0.000   -0.500           
S1:IDR2:IDL  0.000       0.000     0.000     0.000    0.000   -0.500    0.250  
S2:IDR2:IDL  0.000       0.000     0.000     0.000    0.000    0.250   -0.500  
g1:S1:IDR1:  0.000       0.000     0.000     0.000    0.000    0.000    0.000  
g1:S2:IDR1:  0.000       0.000     0.000     0.000    0.000    0.000    0.000  
g1:S1:IDR2:  0.000       0.000     0.000     0.000    0.000    0.000    0.000  
g1:S2:IDR2:  0.000       0.000     0.000     0.000    0.000    0.000    0.000  
            S1:IDR2: S2:IDR2: g1:S1:IDR1: g1:S2:IDR1: g1:S1:IDR2:
grp1                                                             
S1                                                               
S2                                                               
IDR1                                                             
IDR2                                                             
IDL1                                                             
grp1:S1                                                          
grp1:S2                                                          
grp1:IDR1                                                        
grp1:IDR2                                                        
S1:IDR1                                                          
S2:IDR1                                                          
S1:IDR2                                                          
S2:IDR2                                                          
grp1:IDL1                                                        
S1:IDL1                                                          
S2:IDL1                                                          
IDR1:IDL1                                                        
IDR2:IDL1                                                        
gr1:S1:IDR1                                                      
gr1:S2:IDR1                                                      
gr1:S1:IDR2                                                      
gr1:S2:IDR2                                                      
gr1:S1:IDL1                                                      
gr1:S2:IDL1                                                      
g1:IDR1:IDL                                                      
g1:IDR2:IDL                                                      
S1:IDR1:IDL                                                      
S2:IDR1:IDL                                                      
S1:IDR2:IDL                                                      
S2:IDR2:IDL -0.500                                               
g1:S1:IDR1:  0.000    0.000                                      
g1:S2:IDR1:  0.000    0.000   -0.500                             
g1:S1:IDR2:  0.000    0.000   -0.500       0.250                 
g1:S2:IDR2:  0.000    0.000    0.250      -0.500      -0.500     
