[1] "ID Tukey test"

	 Simultaneous Tests for General Linear Hypotheses

Multiple Comparisons of Means: Tukey Contrasts


Fit: lmer(formula = IDef ~ (1 | pp) + (1 | pp/S) + (1 | pp/ID) + (1 | 
    pp/S:ID) + grp * S * ID, data = mdata)

Linear Hypotheses:
           Estimate Std. Error z value Pr(>|z|)    
M - D == 0  -1.2940     0.0815 -15.878   <2e-16 ***
E - D == 0  -2.1053     0.0815 -25.831   <2e-16 ***
E - M == 0  -0.8112     0.0815  -9.954   <2e-16 ***
---
Signif. codes:  0 ‘***’ 0.001 ‘**’ 0.01 ‘*’ 0.05 ‘.’ 0.1 ‘ ’ 1 
(Adjusted p values reported -- single-step method)

[1] "S Tukey test"

	 Simultaneous Tests for General Linear Hypotheses

Multiple Comparisons of Means: Tukey Contrasts


Fit: lmer(formula = IDef ~ (1 | pp) + (1 | pp/S) + (1 | pp/ID) + (1 | 
    pp/S:ID) + grp * S * ID, data = mdata)

Linear Hypotheses:
           Estimate Std. Error z value Pr(>|z|)
2 - 1 == 0   0.1944     0.1180   1.647    0.226
3 - 1 == 0   0.1545     0.1180   1.309    0.390
3 - 2 == 0  -0.0399     0.1180  -0.338    0.939
(Adjusted p values reported -- single-step method)

[1] "grp Tukey test"

	 Simultaneous Tests for General Linear Hypotheses

Multiple Comparisons of Means: Tukey Contrasts


Fit: lmer(formula = IDef ~ (1 | pp) + (1 | pp/S) + (1 | pp/ID) + (1 | 
    pp/S:ID) + grp * S * ID, data = mdata)

Linear Hypotheses:
           Estimate Std. Error z value Pr(>|z|)
U - C == 0  0.03323    0.11252   0.295    0.768
(Adjusted p values reported -- single-step method)

