                  Estimate MCMCmean HPD95lower HPD95upper pMCMC Pr(>|t|)
(Intercept)         0.9652   0.9639     0.9281     0.9985 0.001   0.0000
grp1                0.0253   0.0255    -0.0127     0.0607 0.168   0.1806
S1                 -0.0240  -0.0240    -0.0418    -0.0077 0.006   0.0212
S2                  0.0165   0.0164     0.0006     0.0327 0.044   0.1141
IDR1               -0.0450  -0.0451    -0.0558    -0.0359 0.001   0.0000
IDR2                0.0118   0.0121     0.0027     0.0224 0.016   0.0523
IDL1                0.0207   0.0202     0.0014     0.0393 0.046   0.2490
grp1:S1            -0.0124  -0.0123    -0.0276     0.0056 0.140   0.2332
grp1:S2            -0.0106  -0.0108    -0.0285     0.0061 0.194   0.3062
grp1:IDR1          -0.0058  -0.0058    -0.0157     0.0038 0.242   0.3391
grp1:IDR2           0.0104   0.0103     0.0007     0.0208 0.050   0.0864
S1:IDR1            -0.0085  -0.0087    -0.0218     0.0027 0.152   0.3246
S2:IDR1            -0.0087  -0.0084    -0.0207     0.0035 0.198   0.3083
S1:IDR2            -0.0053  -0.0054    -0.0176     0.0063 0.408   0.5370
S2:IDR2             0.0132   0.0133     0.0009     0.0249 0.030   0.1230
grp1:IDL1           0.0021   0.0020    -0.0188     0.0220 0.882   0.9050
S1:IDL1             0.0059   0.0058    -0.0027     0.0148 0.186   0.3310
S2:IDL1             0.0018   0.0016    -0.0065     0.0105 0.708   0.7727
IDR1:IDL1           0.0316   0.0317     0.0236     0.0400 0.001   0.0000
IDR2:IDL1          -0.0112  -0.0114    -0.0208    -0.0031 0.014   0.0657
grp1:S1:IDR1        0.0042   0.0042    -0.0065     0.0174 0.486   0.6228
grp1:S2:IDR1       -0.0094  -0.0091    -0.0211     0.0032 0.134   0.2736
grp1:S1:IDR2       -0.0023  -0.0023    -0.0152     0.0107 0.706   0.7924
grp1:S2:IDR2       -0.0043  -0.0044    -0.0154     0.0100 0.504   0.6180
grp1:S1:IDL1       -0.0200  -0.0199    -0.0283    -0.0116 0.001   0.0010
grp1:S2:IDL1        0.0000  -0.0001    -0.0090     0.0076 0.986   0.9977
grp1:IDR1:IDL1      0.0006   0.0006    -0.0079     0.0083 0.896   0.9173
grp1:IDR2:IDL1     -0.0085  -0.0085    -0.0169    -0.0004 0.042   0.1603
S1:IDR1:IDL1       -0.0036  -0.0034    -0.0166     0.0085 0.560   0.6762
S2:IDR1:IDL1        0.0101   0.0098    -0.0028     0.0216 0.122   0.2377
S1:IDR2:IDL1        0.0064   0.0065    -0.0048     0.0188 0.300   0.4557
S2:IDR2:IDL1       -0.0058  -0.0055    -0.0180     0.0064 0.370   0.4983
grp1:S1:IDR1:IDL1  -0.0077  -0.0074    -0.0208     0.0028 0.222   0.3679
grp1:S2:IDR1:IDL1   0.0055   0.0051    -0.0059     0.0178 0.412   0.5190
grp1:S1:IDR2:IDL1   0.0039   0.0036    -0.0089     0.0162 0.558   0.6465
grp1:S2:IDR2:IDL1  -0.0070  -0.0065    -0.0193     0.0051 0.318   0.4128
NULL
       Length Class      Mode
fixed  6      data.frame list
random 7      data.frame list
Analysis of Variance Table
              Df   Sum Sq  Mean Sq F value
grp            1 0.004270 0.004270  1.7946
S              2 0.013305 0.006653  2.7962
IDR            2 0.140696 0.070348 29.5689
IDL            1 0.003162 0.003162  1.3289
grp:S          2 0.011733 0.005866  2.4658
grp:IDR        2 0.007054 0.003527  1.4825
S:IDR          4 0.014460 0.003615  1.5195
grp:IDL        1 0.000034 0.000034  0.0142
S:IDL          2 0.004161 0.002081  0.8745
IDR:IDL        2 0.066435 0.033218 13.9622
grp:S:IDR      4 0.007584 0.001896  0.7970
grp:S:IDL      2 0.034677 0.017339  7.2878
grp:IDR:IDL    2 0.005845 0.002923  1.2284
S:IDR:IDL      4 0.004479 0.001120  0.4706
grp:S:IDR:IDL  4 0.003081 0.000770  0.3237
Linear mixed model fit by REML 
Formula: get(vname) ~ (1 | pp) + (1 | pp/S) + (1 | pp/IDR) + (1 | pp/IDL) +      (1 | pp/S:IDR:IDL) + grp * S * IDR * IDL 
   Data: mdata 
   AIC    BIC logLik deviance REMLdev
 -1053 -855.3  572.4    -1430   -1145
Random effects:
 Groups       Name        Variance   Std.Dev.  
 S:IDR:IDL:pp (Intercept) 2.5167e-03 5.0166e-02
 IDR:pp       (Intercept) 0.0000e+00 0.0000e+00
 S:pp         (Intercept) 1.0684e-03 3.2686e-02
 IDL:pp       (Intercept) 6.0365e-03 7.7695e-02
 pp           (Intercept) 3.9470e-11 6.2825e-06
 pp           (Intercept) 4.0217e-11 6.3417e-06
 pp           (Intercept) 9.1552e-13 9.5683e-07
 pp           (Intercept) 1.5210e-12 1.2333e-06
 pp           (Intercept) 2.9908e-11 5.4688e-06
 Residual                 2.3791e-03 4.8776e-02
Number of obs: 540, groups: S:IDR:IDL:pp, 180; IDR:pp, 30; S:pp, 30; IDL:pp, 20; pp, 10

Fixed effects:
                    Estimate Std. Error t value
(Intercept)        9.652e-01  1.886e-02   51.17
grp1               2.529e-02  1.886e-02    1.34
S1                -2.403e-02  1.039e-02   -2.31
S2                 1.645e-02  1.039e-02    1.58
IDR1              -4.497e-02  6.064e-03   -7.42
IDR2               1.180e-02  6.064e-03    1.95
IDL1               2.065e-02  1.789e-02    1.15
grp1:S1           -1.241e-02  1.039e-02   -1.19
grp1:S2           -1.064e-02  1.039e-02   -1.02
grp1:IDR1         -5.803e-03  6.064e-03   -0.96
grp1:IDR2          1.042e-02  6.064e-03    1.72
S1:IDR1           -8.456e-03  8.576e-03   -0.99
S2:IDR1           -8.746e-03  8.576e-03   -1.02
S1:IDR2           -5.298e-03  8.576e-03   -0.62
S2:IDR2            1.325e-02  8.576e-03    1.54
grp1:IDL1          2.137e-03  1.789e-02    0.12
S1:IDL1            5.901e-03  6.064e-03    0.97
S2:IDL1            1.753e-03  6.064e-03    0.29
IDR1:IDL1          3.160e-02  6.064e-03    5.21
IDR2:IDL1         -1.119e-02  6.064e-03   -1.84
grp1:S1:IDR1       4.222e-03  8.576e-03    0.49
grp1:S2:IDR1      -9.401e-03  8.576e-03   -1.10
grp1:S1:IDR2      -2.258e-03  8.576e-03   -0.26
grp1:S2:IDR2      -4.280e-03  8.576e-03   -0.50
grp1:S1:IDL1      -2.004e-02  6.064e-03   -3.30
grp1:S2:IDL1      -1.712e-05  6.064e-03    0.00
grp1:IDR1:IDL1     6.298e-04  6.064e-03    0.10
grp1:IDR2:IDL1    -8.528e-03  6.064e-03   -1.41
S1:IDR1:IDL1      -3.584e-03  8.576e-03   -0.42
S2:IDR1:IDL1       1.014e-02  8.576e-03    1.18
S1:IDR2:IDL1       6.402e-03  8.576e-03    0.75
S2:IDR2:IDL1      -5.812e-03  8.576e-03   -0.68
grp1:S1:IDR1:IDL1 -7.729e-03  8.576e-03   -0.90
grp1:S2:IDR1:IDL1  5.534e-03  8.576e-03    0.65
grp1:S1:IDR2:IDL1  3.936e-03  8.576e-03    0.46
grp1:S2:IDR2:IDL1 -7.030e-03  8.576e-03   -0.82

Correlation of Fixed Effects:
            (Intr) grp1   S1     S2     IDR1   IDR2   IDL1   gr1:S1 gr1:S2
grp1         0.000                                                        
S1           0.000  0.000                                                 
S2           0.000  0.000 -0.500                                          
IDR1         0.000  0.000  0.000  0.000                                   
IDR2         0.000  0.000  0.000  0.000 -0.500                            
IDL1         0.000  0.000  0.000  0.000  0.000  0.000                     
grp1:S1      0.000  0.000  0.000  0.000  0.000  0.000  0.000              
grp1:S2      0.000  0.000  0.000  0.000  0.000  0.000  0.000 -0.500       
grp1:IDR1    0.000  0.000  0.000  0.000  0.000  0.000  0.000  0.000  0.000
grp1:IDR2    0.000  0.000  0.000  0.000  0.000  0.000  0.000  0.000  0.000
S1:IDR1      0.000  0.000  0.000  0.000  0.000  0.000  0.000  0.000  0.000
S2:IDR1      0.000  0.000  0.000  0.000  0.000  0.000  0.000  0.000  0.000
S1:IDR2      0.000  0.000  0.000  0.000  0.000  0.000  0.000  0.000  0.000
S2:IDR2      0.000  0.000  0.000  0.000  0.000  0.000  0.000  0.000  0.000
grp1:IDL1    0.000  0.000  0.000  0.000  0.000  0.000  0.000  0.000  0.000
S1:IDL1      0.000  0.000  0.000  0.000  0.000  0.000  0.000  0.000  0.000
S2:IDL1      0.000  0.000  0.000  0.000  0.000  0.000  0.000  0.000  0.000
IDR1:IDL1    0.000  0.000  0.000  0.000  0.000  0.000  0.000  0.000  0.000
IDR2:IDL1    0.000  0.000  0.000  0.000  0.000  0.000  0.000  0.000  0.000
gr1:S1:IDR1  0.000  0.000  0.000  0.000  0.000  0.000  0.000  0.000  0.000
gr1:S2:IDR1  0.000  0.000  0.000  0.000  0.000  0.000  0.000  0.000  0.000
gr1:S1:IDR2  0.000  0.000  0.000  0.000  0.000  0.000  0.000  0.000  0.000
gr1:S2:IDR2  0.000  0.000  0.000  0.000  0.000  0.000  0.000  0.000  0.000
gr1:S1:IDL1  0.000  0.000  0.000  0.000  0.000  0.000  0.000  0.000  0.000
gr1:S2:IDL1  0.000  0.000  0.000  0.000  0.000  0.000  0.000  0.000  0.000
g1:IDR1:IDL  0.000  0.000  0.000  0.000  0.000  0.000  0.000  0.000  0.000
g1:IDR2:IDL  0.000  0.000  0.000  0.000  0.000  0.000  0.000  0.000  0.000
S1:IDR1:IDL  0.000  0.000  0.000  0.000  0.000  0.000  0.000  0.000  0.000
S2:IDR1:IDL  0.000  0.000  0.000  0.000  0.000  0.000  0.000  0.000  0.000
S1:IDR2:IDL  0.000  0.000  0.000  0.000  0.000  0.000  0.000  0.000  0.000
S2:IDR2:IDL  0.000  0.000  0.000  0.000  0.000  0.000  0.000  0.000  0.000
g1:S1:IDR1:  0.000  0.000  0.000  0.000  0.000  0.000  0.000  0.000  0.000
g1:S2:IDR1:  0.000  0.000  0.000  0.000  0.000  0.000  0.000  0.000  0.000
g1:S1:IDR2:  0.000  0.000  0.000  0.000  0.000  0.000  0.000  0.000  0.000
g1:S2:IDR2:  0.000  0.000  0.000  0.000  0.000  0.000  0.000  0.000  0.000
            gr1:IDR1 gr1:IDR2 S1:IDR1 S2:IDR1 S1:IDR2 S2:IDR2 g1:IDL S1:IDL
grp1                                                                       
S1                                                                         
S2                                                                         
IDR1                                                                       
IDR2                                                                       
IDL1                                                                       
grp1:S1                                                                    
grp1:S2                                                                    
grp1:IDR1                                                                  
grp1:IDR2   -0.500                                                         
S1:IDR1      0.000    0.000                                                
S2:IDR1      0.000    0.000   -0.500                                       
S1:IDR2      0.000    0.000   -0.500   0.250                               
S2:IDR2      0.000    0.000    0.250  -0.500  -0.500                       
grp1:IDL1    0.000    0.000    0.000   0.000   0.000   0.000               
S1:IDL1      0.000    0.000    0.000   0.000   0.000   0.000   0.000       
S2:IDL1      0.000    0.000    0.000   0.000   0.000   0.000   0.000 -0.500
IDR1:IDL1    0.000    0.000    0.000   0.000   0.000   0.000   0.000  0.000
IDR2:IDL1    0.000    0.000    0.000   0.000   0.000   0.000   0.000  0.000
gr1:S1:IDR1  0.000    0.000    0.000   0.000   0.000   0.000   0.000  0.000
gr1:S2:IDR1  0.000    0.000    0.000   0.000   0.000   0.000   0.000  0.000
gr1:S1:IDR2  0.000    0.000    0.000   0.000   0.000   0.000   0.000  0.000
gr1:S2:IDR2  0.000    0.000    0.000   0.000   0.000   0.000   0.000  0.000
gr1:S1:IDL1  0.000    0.000    0.000   0.000   0.000   0.000   0.000  0.000
gr1:S2:IDL1  0.000    0.000    0.000   0.000   0.000   0.000   0.000  0.000
g1:IDR1:IDL  0.000    0.000    0.000   0.000   0.000   0.000   0.000  0.000
g1:IDR2:IDL  0.000    0.000    0.000   0.000   0.000   0.000   0.000  0.000
S1:IDR1:IDL  0.000    0.000    0.000   0.000   0.000   0.000   0.000  0.000
S2:IDR1:IDL  0.000    0.000    0.000   0.000   0.000   0.000   0.000  0.000
S1:IDR2:IDL  0.000    0.000    0.000   0.000   0.000   0.000   0.000  0.000
S2:IDR2:IDL  0.000    0.000    0.000   0.000   0.000   0.000   0.000  0.000
g1:S1:IDR1:  0.000    0.000    0.000   0.000   0.000   0.000   0.000  0.000
g1:S2:IDR1:  0.000    0.000    0.000   0.000   0.000   0.000   0.000  0.000
g1:S1:IDR2:  0.000    0.000    0.000   0.000   0.000   0.000   0.000  0.000
g1:S2:IDR2:  0.000    0.000    0.000   0.000   0.000   0.000   0.000  0.000
            S2:IDL IDR1:I IDR2:I gr1:S1:IDR1 gr1:S2:IDR1 gr1:S1:IDR2
grp1                                                                
S1                                                                  
S2                                                                  
IDR1                                                                
IDR2                                                                
IDL1                                                                
grp1:S1                                                             
grp1:S2                                                             
grp1:IDR1                                                           
grp1:IDR2                                                           
S1:IDR1                                                             
S2:IDR1                                                             
S1:IDR2                                                             
S2:IDR2                                                             
grp1:IDL1                                                           
S1:IDL1                                                             
S2:IDL1                                                             
IDR1:IDL1    0.000                                                  
IDR2:IDL1    0.000 -0.500                                           
gr1:S1:IDR1  0.000  0.000  0.000                                    
gr1:S2:IDR1  0.000  0.000  0.000 -0.500                             
gr1:S1:IDR2  0.000  0.000  0.000 -0.500       0.250                 
gr1:S2:IDR2  0.000  0.000  0.000  0.250      -0.500      -0.500     
gr1:S1:IDL1  0.000  0.000  0.000  0.000       0.000       0.000     
gr1:S2:IDL1  0.000  0.000  0.000  0.000       0.000       0.000     
g1:IDR1:IDL  0.000  0.000  0.000  0.000       0.000       0.000     
g1:IDR2:IDL  0.000  0.000  0.000  0.000       0.000       0.000     
S1:IDR1:IDL  0.000  0.000  0.000  0.000       0.000       0.000     
S2:IDR1:IDL  0.000  0.000  0.000  0.000       0.000       0.000     
S1:IDR2:IDL  0.000  0.000  0.000  0.000       0.000       0.000     
S2:IDR2:IDL  0.000  0.000  0.000  0.000       0.000       0.000     
g1:S1:IDR1:  0.000  0.000  0.000  0.000       0.000       0.000     
g1:S2:IDR1:  0.000  0.000  0.000  0.000       0.000       0.000     
g1:S1:IDR2:  0.000  0.000  0.000  0.000       0.000       0.000     
g1:S2:IDR2:  0.000  0.000  0.000  0.000       0.000       0.000     
            gr1:S2:IDR2 g1:S1:IDL g1:S2:IDL g1:IDR1: g1:IDR2: S1:IDR1: S2:IDR1:
grp1                                                                           
S1                                                                             
S2                                                                             
IDR1                                                                           
IDR2                                                                           
IDL1                                                                           
grp1:S1                                                                        
grp1:S2                                                                        
grp1:IDR1                                                                      
grp1:IDR2                                                                      
S1:IDR1                                                                        
S2:IDR1                                                                        
S1:IDR2                                                                        
S2:IDR2                                                                        
grp1:IDL1                                                                      
S1:IDL1                                                                        
S2:IDL1                                                                        
IDR1:IDL1                                                                      
IDR2:IDL1                                                                      
gr1:S1:IDR1                                                                    
gr1:S2:IDR1                                                                    
gr1:S1:IDR2                                                                    
gr1:S2:IDR2                                                                    
gr1:S1:IDL1  0.000                                                             
gr1:S2:IDL1  0.000      -0.500                                                 
g1:IDR1:IDL  0.000       0.000     0.000                                       
g1:IDR2:IDL  0.000       0.000     0.000    -0.500                             
S1:IDR1:IDL  0.000       0.000     0.000     0.000    0.000                    
S2:IDR1:IDL  0.000       0.000     0.000     0.000    0.000   -0.500           
S1:IDR2:IDL  0.000       0.000     0.000     0.000    0.000   -0.500    0.250  
S2:IDR2:IDL  0.000       0.000     0.000     0.000    0.000    0.250   -0.500  
g1:S1:IDR1:  0.000       0.000     0.000     0.000    0.000    0.000    0.000  
g1:S2:IDR1:  0.000       0.000     0.000     0.000    0.000    0.000    0.000  
g1:S1:IDR2:  0.000       0.000     0.000     0.000    0.000    0.000    0.000  
g1:S2:IDR2:  0.000       0.000     0.000     0.000    0.000    0.000    0.000  
            S1:IDR2: S2:IDR2: g1:S1:IDR1: g1:S2:IDR1: g1:S1:IDR2:
grp1                                                             
S1                                                               
S2                                                               
IDR1                                                             
IDR2                                                             
IDL1                                                             
grp1:S1                                                          
grp1:S2                                                          
grp1:IDR1                                                        
grp1:IDR2                                                        
S1:IDR1                                                          
S2:IDR1                                                          
S1:IDR2                                                          
S2:IDR2                                                          
grp1:IDL1                                                        
S1:IDL1                                                          
S2:IDL1                                                          
IDR1:IDL1                                                        
IDR2:IDL1                                                        
gr1:S1:IDR1                                                      
gr1:S2:IDR1                                                      
gr1:S1:IDR2                                                      
gr1:S2:IDR2                                                      
gr1:S1:IDL1                                                      
gr1:S2:IDL1                                                      
g1:IDR1:IDL                                                      
g1:IDR2:IDL                                                      
S1:IDR1:IDL                                                      
S2:IDR1:IDL                                                      
S1:IDR2:IDL                                                      
S2:IDR2:IDL -0.500                                               
g1:S1:IDR1:  0.000    0.000                                      
g1:S2:IDR1:  0.000    0.000   -0.500                             
g1:S1:IDR2:  0.000    0.000   -0.500       0.250                 
g1:S2:IDR2:  0.000    0.000    0.250      -0.500      -0.500     
