                  Estimate MCMCmean HPD95lower HPD95upper pMCMC Pr(>|t|)
(Intercept)         1.0000   0.9959     0.6504     1.4611 0.001   0.0000
grp1               -0.1976  -0.2010    -0.5826     0.1916 0.272   0.2889
S1                 -0.0207  -0.0195    -0.1854     0.1587 0.834   0.8623
S2                  0.0454   0.0489    -0.1315     0.2209 0.566   0.7035
IDR1                0.1719   0.1716    -0.0830     0.4126 0.170   0.3829
IDR2               -0.0287  -0.0287    -0.2879     0.2030 0.814   0.8840
IDL1               -0.3144  -0.3099    -0.4760    -0.1544 0.001   0.0043
grp1:S1            -0.3017  -0.3014    -0.5066    -0.1178 0.006   0.0117
grp1:S2             0.1218   0.1249    -0.0885     0.2990 0.186   0.3075
grp1:IDR1          -0.0818  -0.0782    -0.3118     0.1673 0.522   0.6778
grp1:IDR2           0.2612   0.2576    -0.0191     0.5002 0.060   0.1850
S1:IDR1            -0.1070  -0.1084    -0.2881     0.0541 0.252   0.5262
S2:IDR1             0.0356   0.0378    -0.1383     0.2075 0.654   0.8328
S1:IDR2            -0.2541  -0.2542    -0.4253    -0.0721 0.006   0.1326
S2:IDR2             0.2014   0.2022     0.0122     0.3728 0.036   0.2329
grp1:IDL1          -0.1378  -0.1405    -0.3071     0.0302 0.096   0.2097
S1:IDL1             0.0942   0.0959    -0.0352     0.2114 0.138   0.4301
S2:IDL1            -0.0422  -0.0416    -0.1671     0.0714 0.504   0.7236
IDR1:IDL1           0.1012   0.1019    -0.0107     0.2470 0.118   0.3966
IDR2:IDL1          -0.1088  -0.1123    -0.2271     0.0162 0.086   0.3619
grp1:S1:IDR1        0.2509   0.2530     0.0751     0.4199 0.004   0.1375
grp1:S2:IDR1       -0.2813  -0.2811    -0.4762    -0.1195 0.004   0.0960
grp1:S1:IDR2       -0.1014  -0.1009    -0.2823     0.0661 0.262   0.5480
grp1:S2:IDR2        0.1563   0.1574    -0.0236     0.3438 0.088   0.3544
grp1:S1:IDL1        0.2128   0.2100     0.0904     0.3224 0.001   0.0749
grp1:S2:IDL1       -0.0992  -0.0971    -0.2194     0.0215 0.114   0.4058
grp1:IDR1:IDL1      0.2161   0.2172     0.0918     0.3516 0.001   0.0706
grp1:IDR2:IDL1     -0.2474  -0.2484    -0.3935    -0.1355 0.001   0.0385
S1:IDR1:IDL1        0.1630   0.1614    -0.0004     0.3399 0.056   0.3342
S2:IDR1:IDL1        0.0112   0.0134    -0.1623     0.1974 0.878   0.9473
S1:IDR2:IDL1       -0.0453  -0.0465    -0.2328     0.1149 0.604   0.7883
S2:IDR2:IDL1       -0.0377  -0.0422    -0.2177     0.1340 0.634   0.8231
grp1:S1:IDR1:IDL1  -0.2947  -0.2935    -0.4598    -0.1092 0.002   0.0812
grp1:S2:IDR1:IDL1   0.1914   0.1917     0.0333     0.3830 0.036   0.2571
grp1:S1:IDR2:IDL1   0.3812   0.3793     0.2100     0.5533 0.001   0.0242
grp1:S2:IDR2:IDL1  -0.2545  -0.2526    -0.4317    -0.0764 0.010   0.1319
NULL
       Length Class      Mode
fixed  6      data.frame list
random 7      data.frame list
Analysis of Variance Table
              Df  Sum Sq Mean Sq F value
grp            1 0.10966 0.10966  1.0972
S              2 0.01453 0.00727  0.0727
IDR            2 0.08750 0.04375  0.4377
IDL            1 0.82087 0.82087  8.2133
grp:S          2 0.64772 0.32386  3.2404
grp:IDR        2 0.18424 0.09212  0.9217
S:IDR          4 0.51169 0.12792  1.2799
grp:IDL        1 0.15768 0.15768  1.5776
S:IDL          2 0.06253 0.03127  0.3128
IDR:IDL        2 0.10373 0.05187  0.5189
grp:S:IDR      4 0.34245 0.08561  0.8566
grp:S:IDL      2 0.31884 0.15942  1.5951
grp:IDR:IDL    2 0.51001 0.25501  2.5515
S:IDR:IDL      4 0.14099 0.03525  0.3527
grp:S:IDR:IDL  4 0.58141 0.14535  1.4543
Linear mixed model fit by REML 
Formula: get(vname) ~ (1 | pp) + (1 | pp/S) + (1 | pp/IDR) + (1 | pp/IDL) +      (1 | pp/S:IDR:IDL) + grp * S * IDR * IDL 
   Data: mdata 
  AIC  BIC logLik deviance REMLdev
 1120 1317   -514    949.4    1028
Random effects:
 Groups       Name        Variance Std.Dev.
 S:IDR:IDL:pp (Intercept) 1.246644 1.11653 
 IDR:pp       (Intercept) 0.367551 0.60626 
 S:pp         (Intercept) 0.000000 0.00000 
 IDL:pp       (Intercept) 0.098517 0.31387 
 pp           (Intercept) 0.020701 0.14388 
 pp           (Intercept) 0.020701 0.14388 
 pp           (Intercept) 0.020701 0.14388 
 pp           (Intercept) 0.020701 0.14388 
 pp           (Intercept) 0.020701 0.14388 
 Residual                 0.099944 0.31614 
Number of obs: 540, groups: S:IDR:IDL:pp, 180; IDR:pp, 30; S:pp, 30; IDL:pp, 20; pp, 10

Fixed effects:
                  Estimate Std. Error t value
(Intercept)        1.00004    0.18610   5.374
grp1              -0.19758    0.18610  -1.062
S1                -0.02069    0.11926  -0.173
S2                 0.04541    0.11926   0.381
IDR1               0.17187    0.19679   0.873
IDR2              -0.02873    0.19679  -0.146
IDL1              -0.31442    0.10971  -2.866
grp1:S1           -0.30173    0.11926  -2.530
grp1:S2            0.12182    0.11926   1.021
grp1:IDR1         -0.08180    0.19679  -0.416
grp1:IDR2          0.26117    0.19679   1.327
S1:IDR1           -0.10698    0.16865  -0.634
S2:IDR1            0.03562    0.16865   0.211
S1:IDR2           -0.25408    0.16865  -1.507
S2:IDR2            0.20144    0.16865   1.194
grp1:IDL1         -0.13780    0.10971  -1.256
S1:IDL1            0.09416    0.11926   0.790
S2:IDL1           -0.04220    0.11926  -0.354
IDR1:IDL1          0.10117    0.11926   0.848
IDR2:IDL1         -0.10884    0.11926  -0.913
grp1:S1:IDR1       0.25088    0.16865   1.488
grp1:S2:IDR1      -0.28127    0.16865  -1.668
grp1:S1:IDR2      -0.10139    0.16865  -0.601
grp1:S2:IDR2       0.15632    0.16865   0.927
grp1:S1:IDL1       0.21284    0.11926   1.785
grp1:S2:IDL1      -0.09922    0.11926  -0.832
grp1:IDR1:IDL1     0.21605    0.11926   1.812
grp1:IDR2:IDL1    -0.24739    0.11926  -2.074
S1:IDR1:IDL1       0.16302    0.16865   0.967
S2:IDR1:IDL1       0.01116    0.16865   0.066
S1:IDR2:IDL1      -0.04531    0.16865  -0.269
S2:IDR2:IDL1      -0.03772    0.16865  -0.224
grp1:S1:IDR1:IDL1 -0.29471    0.16865  -1.747
grp1:S2:IDR1:IDL1  0.19136    0.16865   1.135
grp1:S1:IDR2:IDL1  0.38119    0.16865   2.260
grp1:S2:IDR2:IDL1 -0.25451    0.16865  -1.509

Correlation of Fixed Effects:
            (Intr) grp1   S1     S2     IDR1   IDR2   IDL1   gr1:S1 gr1:S2
grp1         0.000                                                        
S1           0.000  0.000                                                 
S2           0.000  0.000 -0.500                                          
IDR1         0.000  0.000  0.000  0.000                                   
IDR2         0.000  0.000  0.000  0.000 -0.500                            
IDL1         0.000  0.000  0.000  0.000  0.000  0.000                     
grp1:S1      0.000  0.000  0.000  0.000  0.000  0.000  0.000              
grp1:S2      0.000  0.000  0.000  0.000  0.000  0.000  0.000 -0.500       
grp1:IDR1    0.000  0.000  0.000  0.000  0.000  0.000  0.000  0.000  0.000
grp1:IDR2    0.000  0.000  0.000  0.000  0.000  0.000  0.000  0.000  0.000
S1:IDR1      0.000  0.000  0.000  0.000  0.000  0.000  0.000  0.000  0.000
S2:IDR1      0.000  0.000  0.000  0.000  0.000  0.000  0.000  0.000  0.000
S1:IDR2      0.000  0.000  0.000  0.000  0.000  0.000  0.000  0.000  0.000
S2:IDR2      0.000  0.000  0.000  0.000  0.000  0.000  0.000  0.000  0.000
grp1:IDL1    0.000  0.000  0.000  0.000  0.000  0.000  0.000  0.000  0.000
S1:IDL1      0.000  0.000  0.000  0.000  0.000  0.000  0.000  0.000  0.000
S2:IDL1      0.000  0.000  0.000  0.000  0.000  0.000  0.000  0.000  0.000
IDR1:IDL1    0.000  0.000  0.000  0.000  0.000  0.000  0.000  0.000  0.000
IDR2:IDL1    0.000  0.000  0.000  0.000  0.000  0.000  0.000  0.000  0.000
gr1:S1:IDR1  0.000  0.000  0.000  0.000  0.000  0.000  0.000  0.000  0.000
gr1:S2:IDR1  0.000  0.000  0.000  0.000  0.000  0.000  0.000  0.000  0.000
gr1:S1:IDR2  0.000  0.000  0.000  0.000  0.000  0.000  0.000  0.000  0.000
gr1:S2:IDR2  0.000  0.000  0.000  0.000  0.000  0.000  0.000  0.000  0.000
gr1:S1:IDL1  0.000  0.000  0.000  0.000  0.000  0.000  0.000  0.000  0.000
gr1:S2:IDL1  0.000  0.000  0.000  0.000  0.000  0.000  0.000  0.000  0.000
g1:IDR1:IDL  0.000  0.000  0.000  0.000  0.000  0.000  0.000  0.000  0.000
g1:IDR2:IDL  0.000  0.000  0.000  0.000  0.000  0.000  0.000  0.000  0.000
S1:IDR1:IDL  0.000  0.000  0.000  0.000  0.000  0.000  0.000  0.000  0.000
S2:IDR1:IDL  0.000  0.000  0.000  0.000  0.000  0.000  0.000  0.000  0.000
S1:IDR2:IDL  0.000  0.000  0.000  0.000  0.000  0.000  0.000  0.000  0.000
S2:IDR2:IDL  0.000  0.000  0.000  0.000  0.000  0.000  0.000  0.000  0.000
g1:S1:IDR1:  0.000  0.000  0.000  0.000  0.000  0.000  0.000  0.000  0.000
g1:S2:IDR1:  0.000  0.000  0.000  0.000  0.000  0.000  0.000  0.000  0.000
g1:S1:IDR2:  0.000  0.000  0.000  0.000  0.000  0.000  0.000  0.000  0.000
g1:S2:IDR2:  0.000  0.000  0.000  0.000  0.000  0.000  0.000  0.000  0.000
            gr1:IDR1 gr1:IDR2 S1:IDR1 S2:IDR1 S1:IDR2 S2:IDR2 g1:IDL S1:IDL
grp1                                                                       
S1                                                                         
S2                                                                         
IDR1                                                                       
IDR2                                                                       
IDL1                                                                       
grp1:S1                                                                    
grp1:S2                                                                    
grp1:IDR1                                                                  
grp1:IDR2   -0.500                                                         
S1:IDR1      0.000    0.000                                                
S2:IDR1      0.000    0.000   -0.500                                       
S1:IDR2      0.000    0.000   -0.500   0.250                               
S2:IDR2      0.000    0.000    0.250  -0.500  -0.500                       
grp1:IDL1    0.000    0.000    0.000   0.000   0.000   0.000               
S1:IDL1      0.000    0.000    0.000   0.000   0.000   0.000   0.000       
S2:IDL1      0.000    0.000    0.000   0.000   0.000   0.000   0.000 -0.500
IDR1:IDL1    0.000    0.000    0.000   0.000   0.000   0.000   0.000  0.000
IDR2:IDL1    0.000    0.000    0.000   0.000   0.000   0.000   0.000  0.000
gr1:S1:IDR1  0.000    0.000    0.000   0.000   0.000   0.000   0.000  0.000
gr1:S2:IDR1  0.000    0.000    0.000   0.000   0.000   0.000   0.000  0.000
gr1:S1:IDR2  0.000    0.000    0.000   0.000   0.000   0.000   0.000  0.000
gr1:S2:IDR2  0.000    0.000    0.000   0.000   0.000   0.000   0.000  0.000
gr1:S1:IDL1  0.000    0.000    0.000   0.000   0.000   0.000   0.000  0.000
gr1:S2:IDL1  0.000    0.000    0.000   0.000   0.000   0.000   0.000  0.000
g1:IDR1:IDL  0.000    0.000    0.000   0.000   0.000   0.000   0.000  0.000
g1:IDR2:IDL  0.000    0.000    0.000   0.000   0.000   0.000   0.000  0.000
S1:IDR1:IDL  0.000    0.000    0.000   0.000   0.000   0.000   0.000  0.000
S2:IDR1:IDL  0.000    0.000    0.000   0.000   0.000   0.000   0.000  0.000
S1:IDR2:IDL  0.000    0.000    0.000   0.000   0.000   0.000   0.000  0.000
S2:IDR2:IDL  0.000    0.000    0.000   0.000   0.000   0.000   0.000  0.000
g1:S1:IDR1:  0.000    0.000    0.000   0.000   0.000   0.000   0.000  0.000
g1:S2:IDR1:  0.000    0.000    0.000   0.000   0.000   0.000   0.000  0.000
g1:S1:IDR2:  0.000    0.000    0.000   0.000   0.000   0.000   0.000  0.000
g1:S2:IDR2:  0.000    0.000    0.000   0.000   0.000   0.000   0.000  0.000
            S2:IDL IDR1:I IDR2:I gr1:S1:IDR1 gr1:S2:IDR1 gr1:S1:IDR2
grp1                                                                
S1                                                                  
S2                                                                  
IDR1                                                                
IDR2                                                                
IDL1                                                                
grp1:S1                                                             
grp1:S2                                                             
grp1:IDR1                                                           
grp1:IDR2                                                           
S1:IDR1                                                             
S2:IDR1                                                             
S1:IDR2                                                             
S2:IDR2                                                             
grp1:IDL1                                                           
S1:IDL1                                                             
S2:IDL1                                                             
IDR1:IDL1    0.000                                                  
IDR2:IDL1    0.000 -0.500                                           
gr1:S1:IDR1  0.000  0.000  0.000                                    
gr1:S2:IDR1  0.000  0.000  0.000 -0.500                             
gr1:S1:IDR2  0.000  0.000  0.000 -0.500       0.250                 
gr1:S2:IDR2  0.000  0.000  0.000  0.250      -0.500      -0.500     
gr1:S1:IDL1  0.000  0.000  0.000  0.000       0.000       0.000     
gr1:S2:IDL1  0.000  0.000  0.000  0.000       0.000       0.000     
g1:IDR1:IDL  0.000  0.000  0.000  0.000       0.000       0.000     
g1:IDR2:IDL  0.000  0.000  0.000  0.000       0.000       0.000     
S1:IDR1:IDL  0.000  0.000  0.000  0.000       0.000       0.000     
S2:IDR1:IDL  0.000  0.000  0.000  0.000       0.000       0.000     
S1:IDR2:IDL  0.000  0.000  0.000  0.000       0.000       0.000     
S2:IDR2:IDL  0.000  0.000  0.000  0.000       0.000       0.000     
g1:S1:IDR1:  0.000  0.000  0.000  0.000       0.000       0.000     
g1:S2:IDR1:  0.000  0.000  0.000  0.000       0.000       0.000     
g1:S1:IDR2:  0.000  0.000  0.000  0.000       0.000       0.000     
g1:S2:IDR2:  0.000  0.000  0.000  0.000       0.000       0.000     
            gr1:S2:IDR2 g1:S1:IDL g1:S2:IDL g1:IDR1: g1:IDR2: S1:IDR1: S2:IDR1:
grp1                                                                           
S1                                                                             
S2                                                                             
IDR1                                                                           
IDR2                                                                           
IDL1                                                                           
grp1:S1                                                                        
grp1:S2                                                                        
grp1:IDR1                                                                      
grp1:IDR2                                                                      
S1:IDR1                                                                        
S2:IDR1                                                                        
S1:IDR2                                                                        
S2:IDR2                                                                        
grp1:IDL1                                                                      
S1:IDL1                                                                        
S2:IDL1                                                                        
IDR1:IDL1                                                                      
IDR2:IDL1                                                                      
gr1:S1:IDR1                                                                    
gr1:S2:IDR1                                                                    
gr1:S1:IDR2                                                                    
gr1:S2:IDR2                                                                    
gr1:S1:IDL1  0.000                                                             
gr1:S2:IDL1  0.000      -0.500                                                 
g1:IDR1:IDL  0.000       0.000     0.000                                       
g1:IDR2:IDL  0.000       0.000     0.000    -0.500                             
S1:IDR1:IDL  0.000       0.000     0.000     0.000    0.000                    
S2:IDR1:IDL  0.000       0.000     0.000     0.000    0.000   -0.500           
S1:IDR2:IDL  0.000       0.000     0.000     0.000    0.000   -0.500    0.250  
S2:IDR2:IDL  0.000       0.000     0.000     0.000    0.000    0.250   -0.500  
g1:S1:IDR1:  0.000       0.000     0.000     0.000    0.000    0.000    0.000  
g1:S2:IDR1:  0.000       0.000     0.000     0.000    0.000    0.000    0.000  
g1:S1:IDR2:  0.000       0.000     0.000     0.000    0.000    0.000    0.000  
g1:S2:IDR2:  0.000       0.000     0.000     0.000    0.000    0.000    0.000  
            S1:IDR2: S2:IDR2: g1:S1:IDR1: g1:S2:IDR1: g1:S1:IDR2:
grp1                                                             
S1                                                               
S2                                                               
IDR1                                                             
IDR2                                                             
IDL1                                                             
grp1:S1                                                          
grp1:S2                                                          
grp1:IDR1                                                        
grp1:IDR2                                                        
S1:IDR1                                                          
S2:IDR1                                                          
S1:IDR2                                                          
S2:IDR2                                                          
grp1:IDL1                                                        
S1:IDL1                                                          
S2:IDL1                                                          
IDR1:IDL1                                                        
IDR2:IDL1                                                        
gr1:S1:IDR1                                                      
gr1:S2:IDR1                                                      
gr1:S1:IDR2                                                      
gr1:S2:IDR2                                                      
gr1:S1:IDL1                                                      
gr1:S2:IDL1                                                      
g1:IDR1:IDL                                                      
g1:IDR2:IDL                                                      
S1:IDR1:IDL                                                      
S2:IDR1:IDL                                                      
S1:IDR2:IDL                                                      
S2:IDR2:IDL -0.500                                               
g1:S1:IDR1:  0.000    0.000                                      
g1:S2:IDR1:  0.000    0.000   -0.500                             
g1:S1:IDR2:  0.000    0.000   -0.500       0.250                 
g1:S2:IDR2:  0.000    0.000    0.250      -0.500      -0.500     
