[1] "Summary by group"
  grp HarmonicityRrel.m HarmonicityRrel.s
1   C         0.8024592          1.307563
2   U         1.1976171          1.482707
[1] "Summary by session\n"
  S HarmonicityRrel.m HarmonicityRrel.s
1 1         0.9793507          1.570021
2 2         1.0454516          1.442608
3 3         0.9753121          1.200705
[1] "Summary by IDR+IDR\n"
  IDL IDR HarmonicityRrel.m HarmonicityRrel.s
1   D   D         0.9586617         0.6030985
2   D   M         0.5480500         1.1034040
3   D   E         0.5501368         1.4736135
4   E   D         1.3851574         1.2029601
5   E   M         1.3945726         2.0860850
6   E   E         1.1636505         1.3228806
[1] "Summary by group + Session\n"
  grp S HarmonicityRrel.m HarmonicityRrel.s
1   C 1         0.4800391         0.4941085
2   C 2         0.9696896         1.6258339
3   C 3         0.9576491         1.4568276
4   U 1         1.4786624         2.0516476
5   U 2         1.1212137         1.2372046
6   U 3         0.9929752         0.8812536
[1] "Summary by Session + IDR + IDL \n"
   S IDL IDR HarmonicityRrel.m HarmonicityRrel.s
1  1   D   D         1.0881801        0.75502893
2  1   D   M         0.3221343        0.42092068
3  1   D   E         0.8669568        2.46881551
4  1   E   D         1.0003061        0.57057811
5  1   E   M         1.0709466        1.45322303
6  1   E   E         1.5275806        2.26779166
7  2   D   D         1.0086569        0.55203522
8  2   D   M         0.7149843        1.58374946
9  2   D   E         0.3428405        0.43824953
10 2   E   D         1.4972357        1.32645387
11 2   E   M         1.7213435        2.60079843
12 2   E   E         0.9876490        0.06764921
13 3   D   D         0.7791481        0.43379849
14 3   D   M         0.6070315        0.98275411
15 3   D   E         0.4406131        0.46536000
16 3   E   D         1.6579304        1.45358785
17 3   E   M         1.3914277        2.06410901
18 3   E   E         0.9757220        0.13297608
[1] "Summary by group + IDR + IDL\n"
   grp IDL IDR HarmonicityRrel.m HarmonicityRrel.s
1    C   D   D        0.75752986        0.42000007
2    C   D   M        0.22645733        0.31377277
3    C   D   E        0.06671604        0.03234822
4    C   E   D        1.02752668        1.06810202
5    C   E   M        1.84335623        2.62625279
6    C   E   E        0.89316925        0.27449858
7    U   D   D        1.15979351        0.69034435
8    U   D   M        0.86964276        1.46719911
9    U   D   E        1.03355756        1.97822304
10   U   E   D        1.74278809        1.23477127
11   U   E   M        0.94578899        1.22197892
12   U   E   E        1.43413178        1.82066034
[1] "Summary by group + Session + IDR + IDL\n"
   grp S IDL IDR HarmonicityRrel.m HarmonicityRrel.s
1    C 1   D   D        0.75432442        0.53326765
2    C 1   D   M        0.19144927        0.15859985
3    C 1   D   E        0.05866926        0.02991388
4    C 1   E   D        0.67370338        0.32669776
5    C 1   E   M        0.52258027        0.72569045
6    C 1   E   E        0.67950775        0.40428278
7    C 2   D   D        0.74020731        0.24197142
8    C 2   D   M        0.31779960        0.49585752
9    C 2   D   E        0.07012633        0.02842034
10   C 2   E   D        0.88800918        0.49701815
11   C 2   E   M        2.80199488        3.35674903
12   C 2   E   E        1.00000000        0.00000000
13   C 3   D   D        0.77805786        0.45901156
14   C 3   D   M        0.17012313        0.15730077
15   C 3   D   E        0.07135253        0.03848744
16   C 3   E   D        1.52086749        1.67809007
17   C 3   E   M        2.20549354        2.62456506
18   C 3   E   E        1.00000000        0.00000000
19   U 1   D   D        1.42203573        0.81095018
20   U 1   D   M        0.45281935        0.55249695
21   U 1   D   E        1.67524435        3.35030980
22   U 1   E   D        1.32690886        0.58229235
23   U 1   E   M        1.61931297        1.78985066
24   U 1   E   E        2.37565335        2.99139771
25   U 2   D   D        1.27710641        0.64674385
26   U 2   D   M        1.11216901        2.14750174
27   U 2   D   E        0.61555467        0.48750959
28   U 2   E   D        2.10646219        1.61315640
29   U 2   E   M        0.64069205        0.49117204
30   U 2   E   E        0.97529800        0.09567043
31   U 3   D   D        0.78023841        0.42321343
32   U 3   D   M        1.04393992        1.25172126
33   U 3   D   E        0.80987367        0.39360051
34   U 3   E   D        1.79499323        1.23309184
35   U 3   E   M        0.57736195        0.71902497
36   U 3   E   E        0.95144400        0.18805658
