[1] "IPerfEfL ~S*IDR*IDL*grp + Error(pp/(S*IDR*IDL))"
$ANOVA
          Effect DFn DFd           F            p p<.05         ges
2            grp   1   8  0.04302718 8.408570e-01       0.001682062
3              S   2  16 33.60125176 1.870117e-06     * 0.235936608
5            IDR   2  16 53.02954924 8.717633e-08     * 0.448805344
7            IDL   1   8 64.51972168 4.241492e-05     * 0.656219544
4          grp:S   2  16  0.54528257 5.900767e-01       0.004986103
6        grp:IDR   2  16  2.67213738 9.970309e-02       0.039412222
8        grp:IDL   1   8  0.57446594 4.702250e-01       0.016711701
9          S:IDR   4  32 10.53408411 1.465401e-05     * 0.041430010
11         S:IDL   2  16 22.01191105 2.549005e-05     * 0.126523076
13       IDR:IDL   2  16 35.83687656 1.230277e-06     * 0.366573848
10     grp:S:IDR   4  32  4.00236113 9.614993e-03     * 0.016156113
12     grp:S:IDL   2  16  1.42594159 2.692291e-01       0.009296214
14   grp:IDR:IDL   2  16  1.07530896 3.646100e-01       0.017068365
15     S:IDR:IDL   4  32 11.48506094 6.800359e-06     * 0.053066471
16 grp:S:IDR:IDL   4  32  1.56788205 2.066923e-01       0.007592258

$`Mauchly's Test for Sphericity`
          Effect          W           p p<.05
3              S 0.59850459 0.165857910      
4          grp:S 0.59850459 0.165857910      
5            IDR 0.10897058 0.000427152     *
6        grp:IDR 0.10897058 0.000427152     *
9          S:IDR 0.08160347 0.074784836      
10     grp:S:IDR 0.08160347 0.074784836      
11         S:IDL 0.71167773 0.304082772      
12     grp:S:IDL 0.71167773 0.304082772      
13       IDR:IDL 0.16021150 0.001645993     *
14   grp:IDR:IDL 0.16021150 0.001645993     *
15     S:IDR:IDL 0.06956858 0.054960027      
16 grp:S:IDR:IDL 0.06956858 0.054960027      

$`Sphericity Corrections`
          Effect       GGe        p[GG] p[GG]<.05       HFe        p[HF]
3              S 0.7135236 4.022661e-05         * 0.8248518 1.216022e-05
4          grp:S 0.7135236 5.364380e-01           0.8248518 5.593268e-01
5            IDR 0.5288125 5.715590e-05         * 0.5415024 4.791355e-05
6        grp:IDR 0.5288125 1.381741e-01           0.5415024 1.370354e-01
9          S:IDR 0.4360321 2.144151e-03         * 0.5473721 7.881952e-04
10     grp:S:IDR 0.4360321 4.684977e-02         * 0.5473721 3.401117e-02
11         S:IDL 0.7762033 1.585243e-04         * 0.9283820 4.566495e-05
12     grp:S:IDL 0.7762033 2.709509e-01           0.9283820 2.700655e-01
13       IDR:IDL 0.5435407 2.007223e-04         * 0.5629846 1.611949e-04
14   grp:IDR:IDL 0.5435407 3.349442e-01           0.5629846 3.369401e-01
15     S:IDR:IDL 0.4122163 1.902611e-03         * 0.5054130 7.660592e-04
16 grp:S:IDR:IDL 0.4122163 2.433460e-01           0.5054130 2.385803e-01
   p[HF]<.05
3          *
4           
5          *
6           
9          *
10         *
11         *
12          
13         *
14          
15         *
16          

