[1] "Summary by group"
  grp IPerfEfL.m IPerfEfL.s
1   C  -3.068421   2.279235
2   U  -2.988359   2.115912
[1] "Summary by session\n"
  S IPerfEfL.m IPerfEfL.s
1 1  -2.309284   1.354265
2 2  -3.158404   2.170714
3 3  -3.617481   2.666055
[1] "Summary by IDR+IDR\n"
  IDL IDR IPerfEfL.m IPerfEfL.s
1   D   D  -6.552406  2.5856500
2   D   M  -3.911709  1.2880350
3   D   E  -2.663190  1.1996319
4   E   D  -1.847488  0.4051046
5   E   M  -1.700667  0.3816367
6   E   E  -1.494881  0.3107037
[1] "Summary by group + Session\n"
  grp S IPerfEfL.m IPerfEfL.s
1   C 1  -2.281701   1.309024
2   C 2  -3.293234   2.362108
3   C 3  -3.630327   2.722518
4   U 1  -2.336868   1.404847
5   U 2  -3.023574   1.964846
6   U 3  -3.604636   2.623570
[1] "Summary by Session + IDR + IDL \n"
   S IDL IDR IPerfEfL.m IPerfEfL.s
1  1   D   D  -4.617273  1.4032803
2  1   D   M  -2.872137  0.6062137
3  1   D   E  -2.035317  0.7177619
4  1   E   D  -1.674783  0.1825165
5  1   E   M  -1.443584  0.2211847
6  1   E   E  -1.212613  0.1858156
7  2   D   D  -6.783233  2.1384711
8  2   D   M  -4.267780  1.2405846
9  2   D   E  -2.647483  1.1460152
10 2   E   D  -1.886217  0.4363786
11 2   E   M  -1.798267  0.2757497
12 2   E   E  -1.567447  0.2243940
13 3   D   D  -8.256710  2.6536354
14 3   D   M  -4.595210  1.2052199
15 3   D   E  -3.306770  1.3234478
16 3   E   D  -1.981463  0.4784696
17 3   E   M  -1.860151  0.4663545
18 3   E   E  -1.704583  0.2793320
[1] "Summary by group + IDR + IDL\n"
   grp IDL IDR IPerfEfL.m IPerfEfL.s
1    C   D   D  -6.866309  3.0053145
2    C   D   M  -3.821211  1.1620122
3    C   D   E  -2.178462  0.4329647
4    C   E   D  -2.100120  0.3521325
5    C   E   M  -1.865973  0.3384430
6    C   E   E  -1.578448  0.3195670
7    U   D   D  -6.238502  2.0711477
8    U   D   M  -4.002207  1.4102302
9    U   D   E  -3.147918  1.4976248
10   U   E   D  -1.594856  0.2782172
11   U   E   M  -1.535361  0.3523710
12   U   E   E  -1.411313  0.2808203
[1] "Summary by group + Session + IDR + IDL\n"
   grp S IDL IDR IPerfEfL.m IPerfEfL.s
1    C 1   D   D  -4.505613  1.6756672
2    C 1   D   M  -2.769213  0.4783869
3    C 1   D   E  -1.845440  0.1981912
4    C 1   E   D  -1.763973  0.1426256
5    C 1   E   M  -1.537193  0.1563041
6    C 1   E   E  -1.268772  0.1856566
7    C 2   D   D  -7.469580  2.4539714
8    C 2   D   M  -4.362980  1.2479513
9    C 2   D   E  -2.202387  0.4310896
10   C 2   E   D  -2.171413  0.3280946
11   C 2   E   M  -1.909440  0.2286454
12   C 2   E   E  -1.643607  0.2011277
13   C 3   D   D  -8.623733  3.1442255
14   C 3   D   M  -4.331440  0.8236017
15   C 3   D   E  -2.487560  0.3771372
16   C 3   E   D  -2.364973  0.2450478
17   C 3   E   M  -2.151287  0.2796868
18   C 3   E   E  -1.822967  0.2732753
19   U 1   D   D  -4.728933  1.1155583
20   U 1   D   M  -2.975060  0.7139229
21   U 1   D   E  -2.225193  0.9750008
22   U 1   E   D  -1.585593  0.1778083
23   U 1   E   M  -1.349975  0.2411049
24   U 1   E   E  -1.156453  0.1740530
25   U 2   D   D  -6.096887  1.5624819
26   U 2   D   M  -4.172580  1.2693421
27   U 2   D   E  -3.092580  1.4526358
28   U 2   E   D  -1.601020  0.3354319
29   U 2   E   M  -1.687093  0.2806130
30   U 2   E   E  -1.491287  0.2267604
31   U 3   D   D  -7.889687  2.1004133
32   U 3   D   M  -4.858980  1.4769752
33   U 3   D   E  -4.125980  1.4310213
34   U 3   E   D  -1.597953  0.3146411
35   U 3   E   M  -1.569016  0.4366405
36   U 3   E   E  -1.586200  0.2385694
