[1] "Summary by group"
  grp      MT.m      MT.s
1   C 0.7130667 0.3977472
2   U 0.7709889 0.4493254
[1] "Summary by session\n"
  S      MT.m      MT.s
1 1 0.8424750 0.4262799
2 2 0.7186583 0.4402954
3 3 0.6649500 0.3915643
[1] "Summary by ID\n"
  ID      MT.m      MT.s
1  D 1.1300944 0.1770654
2  E 0.3539611 0.1608251
[1] "Summary by group + Session\n"
  grp S      MT.m      MT.s
1   C 1 0.8438000 0.4042617
2   C 2 0.6662833 0.3933107
3   C 3 0.6291167 0.3743835
4   U 1 0.8411500 0.4541629
5   U 2 0.7710333 0.4837727
6   U 3 0.7007833 0.4112330
[1] "Summary by Session + ID\n"
  S ID      MT.m      MT.s
1 1  D 1.2343167 0.1510147
2 1  E 0.4506333 0.1709412
3 2  D 1.1230167 0.1938115
4 2  E 0.3143000 0.1362144
5 3  D 1.0329500 0.1216522
6 3  E 0.2969500 0.1301742
[1] "Summary by group + ID\n"
  grp ID      MT.m      MT.s
1   C  D 1.0673000 0.1712176
2   C  E 0.3588333 0.1844440
3   U  D 1.1928889 0.1613564
4   U  E 0.3490889 0.1350894
[1] "Summary by group + Session + ID\n"
   grp S ID      MT.m       MT.s
1    C 1  D 1.2106333 0.11221543
2    C 1  E 0.4769667 0.19385280
3    C 2  D 1.0200667 0.17134019
4    C 2  E 0.3125000 0.15123834
5    C 3  D 0.9712000 0.12604531
6    C 3  E 0.2870333 0.15391840
7    U 1  D 1.2580000 0.18288140
8    U 1  E 0.4243000 0.14650644
9    U 2  D 1.2259667 0.16043662
10   U 2  E 0.3161000 0.12471585
11   U 3  D 1.0947000 0.08122385
12   U 3  E 0.3068667 0.10582743
