[1] "d1D ~(S*DID*grp)+Error(pp/(S*DID))+grp"
$ANOVA
     Effect DFn DFd         F         p p<.05         ges
2       grp   1   8 1.9083633 0.2044985       0.068645422
3         S   2  16 0.2322893 0.7953438       0.005331931
5       DID   2  16 1.5734163 0.2377849       0.028942676
4     grp:S   2  16 0.1752034 0.8408749       0.004026866
6   grp:DID   2  16 1.8802314 0.1847494       0.034392374
7     S:DID   4  32 1.0787184 0.3833618       0.045664733
8 grp:S:DID   4  32 1.0582189 0.3931096       0.044835850

$`Mauchly's Test for Sphericity`
     Effect            W            p p<.05
3         S 0.6187853073 1.863760e-01      
4     grp:S 0.6187853073 1.863760e-01      
5       DID 0.0597693898 5.220065e-05     *
6   grp:DID 0.0597693898 5.220065e-05     *
7     S:DID 0.0001153803 8.174869e-09     *
8 grp:S:DID 0.0001153803 8.174869e-09     *

$`Sphericity Corrections`
     Effect       GGe     p[GG] p[GG]<.05      HFe     p[HF] p[HF]<.05
3         S 0.7240004 0.7259165           0.841881 0.7589223          
4     grp:S 0.7240004 0.7723533           0.841881 0.8053669          
5       DID 0.5154027 0.2453066           0.522101 0.2453729          
6   grp:DID 0.5154027 0.2070805           0.522101 0.2068719          
7     S:DID 0.2833194 0.3365253           0.298523 0.3393976          
8 grp:S:DID 0.2833194 0.3412458           0.298523 0.3442740          

