            Estimate MCMCmean HPD95lower HPD95upper pMCMC Pr(>|t|)
(Intercept)   0.8680   0.8680     0.8512     0.8874 0.001   0.0000
grp1         -0.0010  -0.0012    -0.0200     0.0210 0.934   0.9034
S1           -0.0201  -0.0200    -0.0299    -0.0101 0.002   0.0006
S2            0.0037   0.0039    -0.0065     0.0133 0.452   0.5214
ID1           0.0143   0.0143     0.0047     0.0255 0.014   0.0337
grp1:S1      -0.0006  -0.0006    -0.0119     0.0085 0.918   0.9138
grp1:S2       0.0056   0.0056    -0.0044     0.0151 0.282   0.3280
grp1:ID1     -0.0048  -0.0047    -0.0152     0.0053 0.376   0.4752
S1:ID1        0.0078   0.0080    -0.0010     0.0170 0.092   0.1298
S2:ID1       -0.0085  -0.0086    -0.0180     0.0002 0.052   0.0996
grp1:S1:ID1  -0.0093  -0.0092    -0.0182     0.0001 0.048   0.0736
grp1:S2:ID1   0.0057   0.0057    -0.0026     0.0160 0.230   0.2685
Analysis of Variance Table
         Df    Sum Sq   Mean Sq F value
grp       1 0.0000232 0.0000232  0.0148
S         2 0.0219922 0.0109961  7.0084
ID        1 0.0071916 0.0071916  4.5836
grp:S     2 0.0018154 0.0009077  0.5785
grp:ID    1 0.0008034 0.0008034  0.5121
S:ID      2 0.0053104 0.0026552  1.6923
grp:S:ID  2 0.0051780 0.0025890  1.6501
Linear mixed model fit by REML 
Formula: q3 ~ (1 | pp) + (1 | pp/S) + (1 | pp/ID) + (1 | pp/S:ID) + grp *      S * ID 
   Data: mdata 
    AIC    BIC logLik deviance REMLdev
 -463.9 -400.1    252   -606.2  -503.9
Random effects:
 Groups   Name        Variance   Std.Dev. 
 S:ID:pp  (Intercept) 2.6956e-04 0.0164182
 S:pp     (Intercept) 9.2671e-05 0.0096266
 ID:pp    (Intercept) 6.2680e-04 0.0250360
 pp       (Intercept) 5.2268e-05 0.0072297
 pp       (Intercept) 5.2249e-05 0.0072284
 pp       (Intercept) 5.2344e-05 0.0072349
 pp       (Intercept) 5.2211e-05 0.0072257
 Residual             1.5690e-03 0.0396104
Number of obs: 180, groups: S:ID:pp, 60; S:pp, 30; ID:pp, 20; pp, 10

Fixed effects:
              Estimate Std. Error t value
(Intercept)  0.8679589  0.0082793  104.83
grp1        -0.0010059  0.0082793   -0.12
S1          -0.0200711  0.0057093   -3.52
S2           0.0036687  0.0057093    0.64
ID1          0.0142917  0.0066743    2.14
grp1:S1     -0.0006189  0.0057093   -0.11
grp1:S2      0.0056009  0.0057093    0.98
grp1:ID1    -0.0047769  0.0066743   -0.72
S1:ID1       0.0078241  0.0051398    1.52
S2:ID1      -0.0085111  0.0051398   -1.66
grp1:S1:ID1 -0.0092539  0.0051398   -1.80
grp1:S2:ID1  0.0057063  0.0051398    1.11

Correlation of Fixed Effects:
            (Intr) grp1   S1     S2     ID1    gr1:S1 gr1:S2 g1:ID1 S1:ID1
grp1         0.000                                                        
S1           0.000  0.000                                                 
S2           0.000  0.000 -0.500                                          
ID1          0.000  0.000  0.000  0.000                                   
grp1:S1      0.000  0.000  0.000  0.000  0.000                            
grp1:S2      0.000  0.000  0.000  0.000  0.000 -0.500                     
grp1:ID1     0.000  0.000  0.000  0.000  0.000  0.000  0.000              
S1:ID1       0.000  0.000  0.000  0.000  0.000  0.000  0.000  0.000       
S2:ID1       0.000  0.000  0.000  0.000  0.000  0.000  0.000  0.000 -0.500
grp1:S1:ID1  0.000  0.000  0.000  0.000  0.000  0.000  0.000  0.000  0.000
grp1:S2:ID1  0.000  0.000  0.000  0.000  0.000  0.000  0.000  0.000  0.000
            S2:ID1 g1:S1:
grp1                     
S1                       
S2                       
ID1                      
grp1:S1                  
grp1:S2                  
grp1:ID1                 
S1:ID1                   
S2:ID1                   
grp1:S1:ID1  0.000       
grp1:S2:ID1  0.000 -0.500
Linear mixed model fit by REML 
Formula: q3 ~ (1 | pp) + (1 | pp/S) + (1 | pp/ID) + (1 | pp/S:ID) + grp *      S * ID 
   Data: mdata 
    AIC    BIC logLik deviance REMLdev
 -463.9 -400.1    252   -606.2  -503.9
Random effects:
 Groups   Name        Variance   Std.Dev. 
 S:ID:pp  (Intercept) 2.6956e-04 0.0164182
 S:pp     (Intercept) 9.2671e-05 0.0096266
 ID:pp    (Intercept) 6.2680e-04 0.0250360
 pp       (Intercept) 5.2268e-05 0.0072297
 pp       (Intercept) 5.2249e-05 0.0072284
 pp       (Intercept) 5.2344e-05 0.0072349
 pp       (Intercept) 5.2211e-05 0.0072257
 Residual             1.5690e-03 0.0396104
Number of obs: 180, groups: S:ID:pp, 60; S:pp, 30; ID:pp, 20; pp, 10

Fixed effects:
              Estimate Std. Error t value
(Intercept)  0.8679589  0.0082793  104.83
grp1        -0.0010059  0.0082793   -0.12
S1          -0.0200711  0.0057093   -3.52
S2           0.0036687  0.0057093    0.64
ID1          0.0142917  0.0066743    2.14
grp1:S1     -0.0006189  0.0057093   -0.11
grp1:S2      0.0056009  0.0057093    0.98
grp1:ID1    -0.0047769  0.0066743   -0.72
S1:ID1       0.0078241  0.0051398    1.52
S2:ID1      -0.0085111  0.0051398   -1.66
grp1:S1:ID1 -0.0092539  0.0051398   -1.80
grp1:S2:ID1  0.0057063  0.0051398    1.11

Correlation of Fixed Effects:
            (Intr) grp1   S1     S2     ID1    gr1:S1 gr1:S2 g1:ID1 S1:ID1
grp1         0.000                                                        
S1           0.000  0.000                                                 
S2           0.000  0.000 -0.500                                          
ID1          0.000  0.000  0.000  0.000                                   
grp1:S1      0.000  0.000  0.000  0.000  0.000                            
grp1:S2      0.000  0.000  0.000  0.000  0.000 -0.500                     
grp1:ID1     0.000  0.000  0.000  0.000  0.000  0.000  0.000              
S1:ID1       0.000  0.000  0.000  0.000  0.000  0.000  0.000  0.000       
S2:ID1       0.000  0.000  0.000  0.000  0.000  0.000  0.000  0.000 -0.500
grp1:S1:ID1  0.000  0.000  0.000  0.000  0.000  0.000  0.000  0.000  0.000
grp1:S2:ID1  0.000  0.000  0.000  0.000  0.000  0.000  0.000  0.000  0.000
            S2:ID1 g1:S1:
grp1                     
S1                       
S2                       
ID1                      
grp1:S1                  
grp1:S2                  
grp1:ID1                 
S1:ID1                   
S2:ID1                   
grp1:S1:ID1  0.000       
grp1:S2:ID1  0.000 -0.500
