[1] "Summary by group"
  grp Circularity.m Circularity.s
1   C     0.8429335    0.03593314
2   U     0.8518976    0.03356856
[1] "Summary by session\n"
  S Circularity.m Circularity.s
1 1     0.8331178    0.03699549
2 2     0.8505384    0.03341793
3 3     0.8585903    0.02955161
[1] "Summary by ID\n"
  ID Circularity.m Circularity.s
1  D     0.8439351    0.03111303
2  M     0.8587022    0.03341580
3  E     0.8396092    0.03760659
[1] "Summary by group + Session\n"
  grp S Circularity.m Circularity.s
1   C 1     0.8289349    0.03815041
2   C 2     0.8461184    0.03562812
3   C 3     0.8537471    0.02961525
4   U 1     0.8373007    0.03573788
5   U 2     0.8549584    0.03081514
6   U 3     0.8634336    0.02900689
[1] "Summary by Session + ID\n"
  S ID Circularity.m Circularity.s
1 1  D     0.8341760    0.03216776
2 1  M     0.8362557    0.03241188
3 1  E     0.8289217    0.04566767
4 2  D     0.8404883    0.03433966
5 2  M     0.8641153    0.03240661
6 2  E     0.8470117    0.02983031
7 3  D     0.8571410    0.02157827
8 3  M     0.8757357    0.02178210
9 3  E     0.8428943    0.03433521
[1] "Summary by group + ID\n"
  grp ID Circularity.m Circularity.s
1   C  D     0.8371836    0.03325578
2   C  M     0.8527387    0.03134581
3   C  E     0.8388782    0.04116790
4   U  D     0.8506867    0.02754734
5   U  M     0.8646658    0.03468869
6   U  E     0.8403402    0.03412865
[1] "Summary by group + Session + ID\n"
   grp S ID Circularity.m Circularity.s
1    C 1  D     0.8282960    0.03395119
2    C 1  M     0.8303547    0.02837827
3    C 1  E     0.8281540    0.05111775
4    C 2  D     0.8313573    0.03703555
5    C 2  M     0.8578987    0.03273974
6    C 2  E     0.8490993    0.03397417
7    C 3  D     0.8518973    0.02446548
8    C 3  M     0.8699627    0.01810003
9    C 3  E     0.8393813    0.03638412
10   U 1  D     0.8400560    0.03027656
11   U 1  M     0.8421567    0.03600213
12   U 1  E     0.8296893    0.04130075
13   U 2  D     0.8496193    0.02987242
14   U 2  M     0.8703320    0.03194816
15   U 2  E     0.8449240    0.02607052
16   U 3  D     0.8623847    0.01752205
17   U 3  M     0.8815087    0.02416159
18   U 3  E     0.8464073    0.03304195
