[1] "minPeakDelay ~(S*DID*grp)+Error(pp/(S*DID))+grp"
$ANOVA
     Effect DFn DFd         F          p p<.05        ges
2       grp   1   8 1.3625385 0.27670968       0.05590942
3         S   2  16 0.7217458 0.50106317       0.01580149
5       DID   2  16 0.3769790 0.69186360       0.01356884
4     grp:S   2  16 1.1439802 0.34327146       0.02481625
6   grp:DID   2  16 2.0554165 0.16051639       0.06976703
7     S:DID   4  32 0.9359097 0.45568916       0.02089566
8 grp:S:DID   4  32 3.6848208 0.01409054     * 0.07751220

$`Mauchly's Test for Sphericity`
     Effect          W          p p<.05
3         S 0.95621421 0.85495485      
4     grp:S 0.95621421 0.85495485      
5       DID 0.26667716 0.00979378     *
6   grp:DID 0.26667716 0.00979378     *
7     S:DID 0.05695405 0.03633704     *
8 grp:S:DID 0.05695405 0.03633704     *

$`Sphericity Corrections`
     Effect       GGe      p[GG] p[GG]<.05       HFe      p[HF] p[HF]<.05
3         S 0.9580510 0.49605310           1.2528906 0.50106317          
4     grp:S 0.9580510 0.34206225           1.2528906 0.34327146          
5       DID 0.5769266 0.58390294           0.6123648 0.59550082          
6   grp:DID 0.5769266 0.18565859           0.6123648 0.18370396          
7     S:DID 0.4765629 0.40941791           0.6217956 0.42698018          
8 grp:S:DID 0.4765629 0.05122871           0.6217956 0.03555246         *

