[1] "Summary by group"
  grp minPeakDelay.m minPeakDelay.s
1   C    0.003255556     0.03135580
2   U    0.018483133     0.04510181
[1] "Summary by session\n"
  S minPeakDelay.m minPeakDelay.s
1 1    0.006070161     0.02610137
2 2    0.015778933     0.04304287
3 3    0.010758939     0.04622993
[1] "Summary by DID\n"
  DID minPeakDelay.m minPeakDelay.s
1   1    0.015729500     0.05685189
2   2    0.006863939     0.02882225
3   3    0.010014594     0.02480213
[1] "Summary by group + Session\n"
  grp S minPeakDelay.m minPeakDelay.s
1   C 1    0.005366667     0.02407172
2   C 2    0.005955556     0.03756658
3   C 3   -0.001555556     0.03111055
4   U 1    0.006773656     0.02824157
5   U 2    0.025602311     0.04624773
6   U 3    0.023073433     0.05518090
[1] "Summary by Session + DID\n"
  S DID minPeakDelay.m minPeakDelay.s
1 1   1    0.003550000     0.03231348
2 1   2    0.005128400     0.02235065
3 1   3    0.009532083     0.02296150
4 2   1    0.019905167     0.05568169
5 2   2    0.013633550     0.03823624
6 2   3    0.013798083     0.03312015
7 3   1    0.023733333     0.07441064
8 3   2    0.001829867     0.02260878
9 3   3    0.006713617     0.01540665
[1] "Summary by group + DID\n"
  grp DID minPeakDelay.m minPeakDelay.s
1   C   1   -0.002122222     0.03310712
2   C   2   -0.001244444     0.03025641
3   C   3    0.013133333     0.02885552
4   U   1    0.033581222     0.06920836
5   U   2    0.014972322     0.02510765
6   U   3    0.006895856     0.01979232
[1] "Summary by group + Session + DID\n"
   grp S DID minPeakDelay.m minPeakDelay.s
1    C 1   1   0.0083000000    0.026316616
2    C 1   2   0.0010666667    0.025484496
3    C 1   3   0.0067333333    0.021167585
4    C 2   1  -0.0022333333    0.028227941
5    C 2   2   0.0001333333    0.040639735
6    C 2   3   0.0199666667    0.040846606
7    C 3   1  -0.0124333333    0.041534782
8    C 3   2  -0.0049333333    0.023531792
9    C 3   3   0.0127000000    0.020155467
10   U 1   1  -0.0012000000    0.037709321
11   U 1   2   0.0091901333    0.018707584
12   U 1   3   0.0123308333    0.025045330
13   U 2   1   0.0420436667    0.067640977
14   U 2   2   0.0271337667    0.031405620
15   U 2   3   0.0076295000    0.022852968
16   U 3   1   0.0599000000    0.083314636
17   U 3   2   0.0085930667    0.020175822
18   U 3   3   0.0007272333    0.002940792
