Linear mixed-effects model fit by REML
 Data: mdata 
       AIC      BIC    logLik
  48.55874 87.06544 -15.27937

Random effects:
 Formula: ~1 | pp
        (Intercept)  Residual
StdDev:   0.2242487 0.2324525

Fixed effects: IPerfEfRrel ~ S + IDR + IDL + grp 
                 Value  Std.Error  DF    t-value p-value
(Intercept)  0.6966129 0.07161573 525   9.727093  0.0000
S1          -0.0195099 0.01414661 525  -1.379123  0.1684
S2           0.0118955 0.01414661 525   0.840873  0.4008
IDR1         0.0512921 0.01414661 525   3.625754  0.0003
IDR2        -0.0197806 0.01414661 525  -1.398255  0.1626
IDL1        -0.1622914 0.01000316 525 -16.224012  0.0000
grp1         0.0148630 0.07161573   8   0.207539  0.8408
 Correlation: 
     (Intr) S1   S2   IDR1 IDR2 IDL1
S1    0.0                           
S2    0.0   -0.5                    
IDR1  0.0    0.0  0.0               
IDR2  0.0    0.0  0.0 -0.5          
IDL1  0.0    0.0  0.0  0.0  0.0     
grp1  0.0    0.0  0.0  0.0  0.0  0.0

Standardized Within-Group Residuals:
        Min          Q1         Med          Q3         Max 
-3.03045275 -0.60650079 -0.07457062  0.49116001  4.16886314 

Number of Observations: 540
Number of Groups: 10 
            numDF denDF   F-value p-value
(Intercept)     1   525  94.61634  <.0001
S               2   525   0.96625  0.3812
IDR             2   525   6.68765  0.0014
IDL             1   525 263.21858  <.0001
grp             1     8   0.04307  0.8408
