                  Estimate MCMCmean HPD95lower HPD95upper pMCMC Pr(>|t|)
(Intercept)         0.6966   0.6981     0.5982     0.8031 0.001   0.0000
grp1                0.0149   0.0149    -0.0836     0.1106 0.760   0.8357
S1                 -0.0195  -0.0199    -0.0553     0.0163 0.250   0.4054
S2                  0.0119   0.0113    -0.0235     0.0450 0.572   0.6119
IDR1                0.0513   0.0524     0.0041     0.0987 0.038   0.2790
IDR2               -0.0198  -0.0208    -0.0705     0.0274 0.412   0.6762
IDL1               -0.1623  -0.1635    -0.1951    -0.1352 0.001   0.0000
grp1:S1            -0.0384  -0.0375    -0.0727     0.0008 0.056   0.1023
grp1:S2             0.0127   0.0134    -0.0236     0.0511 0.444   0.5889
grp1:IDR1           0.0236   0.0226    -0.0314     0.0721 0.366   0.6190
grp1:IDR2           0.0222   0.0231    -0.0244     0.0773 0.344   0.6399
S1:IDR1            -0.0103  -0.0100    -0.0369     0.0164 0.496   0.6331
S2:IDR1            -0.0004   0.0002    -0.0288     0.0256 0.982   0.9842
S1:IDR2             0.0306   0.0305     0.0047     0.0564 0.030   0.1562
S2:IDR2             0.0133   0.0126    -0.0109     0.0402 0.350   0.5368
grp1:IDL1          -0.0604  -0.0604    -0.0923    -0.0322 0.002   0.0026
S1:IDL1             0.0032   0.0035    -0.0137     0.0245 0.706   0.8341
S2:IDL1            -0.0067  -0.0073    -0.0258     0.0125 0.432   0.6592
IDR1:IDL1           0.0591   0.0597     0.0420     0.0787 0.001   0.0001
IDR2:IDL1           0.0170   0.0171    -0.0030     0.0354 0.066   0.2652
grp1:S1:IDR1        0.0197   0.0198    -0.0056     0.0477 0.152   0.3605
grp1:S2:IDR1       -0.0318  -0.0323    -0.0565    -0.0035 0.018   0.1407
grp1:S1:IDR2       -0.0159  -0.0159    -0.0445     0.0072 0.222   0.4608
grp1:S2:IDR2        0.0093   0.0093    -0.0175     0.0327 0.510   0.6653
grp1:S1:IDL1        0.0303   0.0299     0.0106     0.0489 0.010   0.0478
grp1:S2:IDL1       -0.0122  -0.0120    -0.0296     0.0080 0.208   0.4254
grp1:IDR1:IDL1      0.0381   0.0381     0.0199     0.0575 0.001   0.0129
grp1:IDR2:IDL1     -0.0236  -0.0235    -0.0404    -0.0040 0.018   0.1223
S1:IDR1:IDL1       -0.0415  -0.0410    -0.0682    -0.0122 0.006   0.0550
S2:IDR1:IDL1        0.0150   0.0152    -0.0116     0.0438 0.284   0.4872
S1:IDR2:IDL1       -0.0031  -0.0038    -0.0327     0.0212 0.790   0.8862
S2:IDR2:IDL1       -0.0254  -0.0249    -0.0543     0.0001 0.070   0.2390
grp1:S1:IDR1:IDL1  -0.0089  -0.0097    -0.0363     0.0171 0.476   0.6797
grp1:S2:IDR1:IDL1   0.0227   0.0232    -0.0019     0.0508 0.088   0.2927
grp1:S1:IDR2:IDL1   0.0065   0.0071    -0.0188     0.0327 0.598   0.7629
grp1:S2:IDR2:IDL1   0.0019   0.0012    -0.0256     0.0289 0.896   0.9317
NULL
       Length Class      Mode
fixed  6      data.frame list
random 7      data.frame list
Analysis of Variance Table
              Df  Sum Sq Mean Sq F value
grp            1 0.00024 0.00024  0.0410
S              2 0.00410 0.00205  0.3522
IDR            2 0.00695 0.00347  0.5974
IDL            1 0.38373 0.38373 65.9874
grp:S          2 0.01618 0.00809  1.3912
grp:IDR        2 0.00543 0.00271  0.4665
S:IDR          4 0.02752 0.00688  1.1832
grp:IDL        1 0.05308 0.05308  9.1274
S:IDL          2 0.00113 0.00057  0.0975
IDR:IDL        2 0.15963 0.07982 13.7255
grp:S:IDR      4 0.01557 0.00389  0.6692
grp:S:IDL      2 0.02318 0.01159  1.9927
grp:IDR:IDL    2 0.03694 0.01847  3.1757
S:IDR:IDL      4 0.05132 0.01283  2.2062
grp:S:IDR:IDL  4 0.01113 0.00278  0.4784
Linear mixed model fit by REML 
Formula: get(vname) ~ (1 | pp) + (1 | pp/S) + (1 | pp/IDR) + (1 | pp/IDL) +      (1 | pp/S:IDR:IDL) + grp * S * IDR * IDL 
   Data: mdata 
  AIC    BIC logLik deviance REMLdev
 -439 -241.6  265.5   -743.3    -531
Random effects:
 Groups       Name        Variance  Std.Dev.
 S:IDR:IDL:pp (Intercept) 0.0189998 0.137840
 IDR:pp       (Intercept) 0.0301158 0.173539
 S:pp         (Intercept) 0.0047452 0.068885
 IDL:pp       (Intercept) 0.0056564 0.075209
 pp           (Intercept) 0.0071354 0.084471
 pp           (Intercept) 0.0071354 0.084471
 pp           (Intercept) 0.0071352 0.084470
 pp           (Intercept) 0.0071352 0.084470
 pp           (Intercept) 0.0071352 0.084470
 Residual                 0.0058152 0.076258
Number of obs: 540, groups: S:IDR:IDL:pp, 180; IDR:pp, 30; S:pp, 30; IDL:pp, 20; pp, 10

Fixed effects:
                    Estimate Std. Error t value
(Intercept)        0.6966129  0.0716120   9.728
grp1               0.0148630  0.0716120   0.208
S1                -0.0195099  0.0234306  -0.833
S2                 0.0118955  0.0234306   0.508
IDR1               0.0512921  0.0473325   1.084
IDR2              -0.0197806  0.0473325  -0.418
IDL1              -0.1622914  0.0199786  -8.123
grp1:S1           -0.0383547  0.0234306  -1.637
grp1:S2            0.0126715  0.0234306   0.541
grp1:IDR1          0.0235533  0.0473325   0.498
grp1:IDR2          0.0221573  0.0473325   0.468
S1:IDR1           -0.0103038  0.0215706  -0.478
S2:IDR1           -0.0004286  0.0215706  -0.020
S1:IDR2            0.0306338  0.0215706   1.420
S2:IDR2            0.0133318  0.0215706   0.618
grp1:IDL1         -0.0603586  0.0199786  -3.021
S1:IDL1            0.0031965  0.0152528   0.210
S2:IDL1           -0.0067316  0.0152528  -0.441
IDR1:IDL1          0.0591160  0.0152528   3.876
IDR2:IDL1          0.0170120  0.0152528   1.115
grp1:S1:IDR1       0.0197439  0.0215706   0.915
grp1:S2:IDR1      -0.0318314  0.0215706  -1.476
grp1:S1:IDR2      -0.0159203  0.0215706  -0.738
grp1:S2:IDR2       0.0093363  0.0215706   0.433
grp1:S1:IDL1       0.0302571  0.0152528   1.984
grp1:S2:IDL1      -0.0121670  0.0152528  -0.798
grp1:IDR1:IDL1     0.0380766  0.0152528   2.496
grp1:IDR2:IDL1    -0.0236061  0.0152528  -1.548
S1:IDR1:IDL1      -0.0414854  0.0215706  -1.923
S2:IDR1:IDL1       0.0149975  0.0215706   0.695
S1:IDR2:IDL1      -0.0030892  0.0215706  -0.143
S2:IDR2:IDL1      -0.0254313  0.0215706  -1.179
grp1:S1:IDR1:IDL1 -0.0089112  0.0215706  -0.413
grp1:S2:IDR1:IDL1  0.0227224  0.0215706   1.053
grp1:S1:IDR2:IDL1  0.0065116  0.0215706   0.302
grp1:S2:IDR2:IDL1  0.0018503  0.0215706   0.086

Correlation of Fixed Effects:
            (Intr) grp1   S1     S2     IDR1   IDR2   IDL1   gr1:S1 gr1:S2
grp1         0.000                                                        
S1           0.000  0.000                                                 
S2           0.000  0.000 -0.500                                          
IDR1         0.000  0.000  0.000  0.000                                   
IDR2         0.000  0.000  0.000  0.000 -0.500                            
IDL1         0.000  0.000  0.000  0.000  0.000  0.000                     
grp1:S1      0.000  0.000  0.000  0.000  0.000  0.000  0.000              
grp1:S2      0.000  0.000  0.000  0.000  0.000  0.000  0.000 -0.500       
grp1:IDR1    0.000  0.000  0.000  0.000  0.000  0.000  0.000  0.000  0.000
grp1:IDR2    0.000  0.000  0.000  0.000  0.000  0.000  0.000  0.000  0.000
S1:IDR1      0.000  0.000  0.000  0.000  0.000  0.000  0.000  0.000  0.000
S2:IDR1      0.000  0.000  0.000  0.000  0.000  0.000  0.000  0.000  0.000
S1:IDR2      0.000  0.000  0.000  0.000  0.000  0.000  0.000  0.000  0.000
S2:IDR2      0.000  0.000  0.000  0.000  0.000  0.000  0.000  0.000  0.000
grp1:IDL1    0.000  0.000  0.000  0.000  0.000  0.000  0.000  0.000  0.000
S1:IDL1      0.000  0.000  0.000  0.000  0.000  0.000  0.000  0.000  0.000
S2:IDL1      0.000  0.000  0.000  0.000  0.000  0.000  0.000  0.000  0.000
IDR1:IDL1    0.000  0.000  0.000  0.000  0.000  0.000  0.000  0.000  0.000
IDR2:IDL1    0.000  0.000  0.000  0.000  0.000  0.000  0.000  0.000  0.000
gr1:S1:IDR1  0.000  0.000  0.000  0.000  0.000  0.000  0.000  0.000  0.000
gr1:S2:IDR1  0.000  0.000  0.000  0.000  0.000  0.000  0.000  0.000  0.000
gr1:S1:IDR2  0.000  0.000  0.000  0.000  0.000  0.000  0.000  0.000  0.000
gr1:S2:IDR2  0.000  0.000  0.000  0.000  0.000  0.000  0.000  0.000  0.000
gr1:S1:IDL1  0.000  0.000  0.000  0.000  0.000  0.000  0.000  0.000  0.000
gr1:S2:IDL1  0.000  0.000  0.000  0.000  0.000  0.000  0.000  0.000  0.000
g1:IDR1:IDL  0.000  0.000  0.000  0.000  0.000  0.000  0.000  0.000  0.000
g1:IDR2:IDL  0.000  0.000  0.000  0.000  0.000  0.000  0.000  0.000  0.000
S1:IDR1:IDL  0.000  0.000  0.000  0.000  0.000  0.000  0.000  0.000  0.000
S2:IDR1:IDL  0.000  0.000  0.000  0.000  0.000  0.000  0.000  0.000  0.000
S1:IDR2:IDL  0.000  0.000  0.000  0.000  0.000  0.000  0.000  0.000  0.000
S2:IDR2:IDL  0.000  0.000  0.000  0.000  0.000  0.000  0.000  0.000  0.000
g1:S1:IDR1:  0.000  0.000  0.000  0.000  0.000  0.000  0.000  0.000  0.000
g1:S2:IDR1:  0.000  0.000  0.000  0.000  0.000  0.000  0.000  0.000  0.000
g1:S1:IDR2:  0.000  0.000  0.000  0.000  0.000  0.000  0.000  0.000  0.000
g1:S2:IDR2:  0.000  0.000  0.000  0.000  0.000  0.000  0.000  0.000  0.000
            gr1:IDR1 gr1:IDR2 S1:IDR1 S2:IDR1 S1:IDR2 S2:IDR2 g1:IDL S1:IDL
grp1                                                                       
S1                                                                         
S2                                                                         
IDR1                                                                       
IDR2                                                                       
IDL1                                                                       
grp1:S1                                                                    
grp1:S2                                                                    
grp1:IDR1                                                                  
grp1:IDR2   -0.500                                                         
S1:IDR1      0.000    0.000                                                
S2:IDR1      0.000    0.000   -0.500                                       
S1:IDR2      0.000    0.000   -0.500   0.250                               
S2:IDR2      0.000    0.000    0.250  -0.500  -0.500                       
grp1:IDL1    0.000    0.000    0.000   0.000   0.000   0.000               
S1:IDL1      0.000    0.000    0.000   0.000   0.000   0.000   0.000       
S2:IDL1      0.000    0.000    0.000   0.000   0.000   0.000   0.000 -0.500
IDR1:IDL1    0.000    0.000    0.000   0.000   0.000   0.000   0.000  0.000
IDR2:IDL1    0.000    0.000    0.000   0.000   0.000   0.000   0.000  0.000
gr1:S1:IDR1  0.000    0.000    0.000   0.000   0.000   0.000   0.000  0.000
gr1:S2:IDR1  0.000    0.000    0.000   0.000   0.000   0.000   0.000  0.000
gr1:S1:IDR2  0.000    0.000    0.000   0.000   0.000   0.000   0.000  0.000
gr1:S2:IDR2  0.000    0.000    0.000   0.000   0.000   0.000   0.000  0.000
gr1:S1:IDL1  0.000    0.000    0.000   0.000   0.000   0.000   0.000  0.000
gr1:S2:IDL1  0.000    0.000    0.000   0.000   0.000   0.000   0.000  0.000
g1:IDR1:IDL  0.000    0.000    0.000   0.000   0.000   0.000   0.000  0.000
g1:IDR2:IDL  0.000    0.000    0.000   0.000   0.000   0.000   0.000  0.000
S1:IDR1:IDL  0.000    0.000    0.000   0.000   0.000   0.000   0.000  0.000
S2:IDR1:IDL  0.000    0.000    0.000   0.000   0.000   0.000   0.000  0.000
S1:IDR2:IDL  0.000    0.000    0.000   0.000   0.000   0.000   0.000  0.000
S2:IDR2:IDL  0.000    0.000    0.000   0.000   0.000   0.000   0.000  0.000
g1:S1:IDR1:  0.000    0.000    0.000   0.000   0.000   0.000   0.000  0.000
g1:S2:IDR1:  0.000    0.000    0.000   0.000   0.000   0.000   0.000  0.000
g1:S1:IDR2:  0.000    0.000    0.000   0.000   0.000   0.000   0.000  0.000
g1:S2:IDR2:  0.000    0.000    0.000   0.000   0.000   0.000   0.000  0.000
            S2:IDL IDR1:I IDR2:I gr1:S1:IDR1 gr1:S2:IDR1 gr1:S1:IDR2
grp1                                                                
S1                                                                  
S2                                                                  
IDR1                                                                
IDR2                                                                
IDL1                                                                
grp1:S1                                                             
grp1:S2                                                             
grp1:IDR1                                                           
grp1:IDR2                                                           
S1:IDR1                                                             
S2:IDR1                                                             
S1:IDR2                                                             
S2:IDR2                                                             
grp1:IDL1                                                           
S1:IDL1                                                             
S2:IDL1                                                             
IDR1:IDL1    0.000                                                  
IDR2:IDL1    0.000 -0.500                                           
gr1:S1:IDR1  0.000  0.000  0.000                                    
gr1:S2:IDR1  0.000  0.000  0.000 -0.500                             
gr1:S1:IDR2  0.000  0.000  0.000 -0.500       0.250                 
gr1:S2:IDR2  0.000  0.000  0.000  0.250      -0.500      -0.500     
gr1:S1:IDL1  0.000  0.000  0.000  0.000       0.000       0.000     
gr1:S2:IDL1  0.000  0.000  0.000  0.000       0.000       0.000     
g1:IDR1:IDL  0.000  0.000  0.000  0.000       0.000       0.000     
g1:IDR2:IDL  0.000  0.000  0.000  0.000       0.000       0.000     
S1:IDR1:IDL  0.000  0.000  0.000  0.000       0.000       0.000     
S2:IDR1:IDL  0.000  0.000  0.000  0.000       0.000       0.000     
S1:IDR2:IDL  0.000  0.000  0.000  0.000       0.000       0.000     
S2:IDR2:IDL  0.000  0.000  0.000  0.000       0.000       0.000     
g1:S1:IDR1:  0.000  0.000  0.000  0.000       0.000       0.000     
g1:S2:IDR1:  0.000  0.000  0.000  0.000       0.000       0.000     
g1:S1:IDR2:  0.000  0.000  0.000  0.000       0.000       0.000     
g1:S2:IDR2:  0.000  0.000  0.000  0.000       0.000       0.000     
            gr1:S2:IDR2 g1:S1:IDL g1:S2:IDL g1:IDR1: g1:IDR2: S1:IDR1: S2:IDR1:
grp1                                                                           
S1                                                                             
S2                                                                             
IDR1                                                                           
IDR2                                                                           
IDL1                                                                           
grp1:S1                                                                        
grp1:S2                                                                        
grp1:IDR1                                                                      
grp1:IDR2                                                                      
S1:IDR1                                                                        
S2:IDR1                                                                        
S1:IDR2                                                                        
S2:IDR2                                                                        
grp1:IDL1                                                                      
S1:IDL1                                                                        
S2:IDL1                                                                        
IDR1:IDL1                                                                      
IDR2:IDL1                                                                      
gr1:S1:IDR1                                                                    
gr1:S2:IDR1                                                                    
gr1:S1:IDR2                                                                    
gr1:S2:IDR2                                                                    
gr1:S1:IDL1  0.000                                                             
gr1:S2:IDL1  0.000      -0.500                                                 
g1:IDR1:IDL  0.000       0.000     0.000                                       
g1:IDR2:IDL  0.000       0.000     0.000    -0.500                             
S1:IDR1:IDL  0.000       0.000     0.000     0.000    0.000                    
S2:IDR1:IDL  0.000       0.000     0.000     0.000    0.000   -0.500           
S1:IDR2:IDL  0.000       0.000     0.000     0.000    0.000   -0.500    0.250  
S2:IDR2:IDL  0.000       0.000     0.000     0.000    0.000    0.250   -0.500  
g1:S1:IDR1:  0.000       0.000     0.000     0.000    0.000    0.000    0.000  
g1:S2:IDR1:  0.000       0.000     0.000     0.000    0.000    0.000    0.000  
g1:S1:IDR2:  0.000       0.000     0.000     0.000    0.000    0.000    0.000  
g1:S2:IDR2:  0.000       0.000     0.000     0.000    0.000    0.000    0.000  
            S1:IDR2: S2:IDR2: g1:S1:IDR1: g1:S2:IDR1: g1:S1:IDR2:
grp1                                                             
S1                                                               
S2                                                               
IDR1                                                             
IDR2                                                             
IDL1                                                             
grp1:S1                                                          
grp1:S2                                                          
grp1:IDR1                                                        
grp1:IDR2                                                        
S1:IDR1                                                          
S2:IDR1                                                          
S1:IDR2                                                          
S2:IDR2                                                          
grp1:IDL1                                                        
S1:IDL1                                                          
S2:IDL1                                                          
IDR1:IDL1                                                        
IDR2:IDL1                                                        
gr1:S1:IDR1                                                      
gr1:S2:IDR1                                                      
gr1:S1:IDR2                                                      
gr1:S2:IDR2                                                      
gr1:S1:IDL1                                                      
gr1:S2:IDL1                                                      
g1:IDR1:IDL                                                      
g1:IDR2:IDL                                                      
S1:IDR1:IDL                                                      
S2:IDR1:IDL                                                      
S1:IDR2:IDL                                                      
S2:IDR2:IDL -0.500                                               
g1:S1:IDR1:  0.000    0.000                                      
g1:S2:IDR1:  0.000    0.000   -0.500                             
g1:S1:IDR2:  0.000    0.000   -0.500       0.250                 
g1:S2:IDR2:  0.000    0.000    0.250      -0.500      -0.500     
