[1] "decTimeLrel ~S*IDR*IDL*grp + Error(pp/(S*IDR*IDL))"
$ANOVA
          Effect DFn DFd            F            p p<.05          ges
2            grp   1   8  0.334801976 5.787666e-01       0.0155115430
3              S   2  16  0.782470913 4.740085e-01       0.0078621877
4          grp:S   2  16  1.168488187 3.359991e-01       0.0116954870
5            IDR   2  16 41.180639336 4.901924e-07     * 0.2245261215
6        grp:IDR   2  16  0.353553659 7.075380e-01       0.0024796120
7            IDL   1   8  9.253904013 1.601397e-02     * 0.2715625207
8        grp:IDL   1   8  0.004589268 9.476519e-01       0.0001848484
9          S:IDR   4  32  2.466178990 6.476786e-02       0.0081923600
10     grp:S:IDR   4  32  1.392383719 2.587653e-01       0.0046418946
11         S:IDL   2  16  1.902476852 1.814551e-01       0.0150161794
12     grp:S:IDL   2  16  0.905740343 4.239940e-01       0.0072056634
13       IDR:IDL   2  16 30.987646004 3.142706e-06     * 0.1695674891
14   grp:IDR:IDL   2  16  0.089427176 9.149087e-01       0.0005889295
15     S:IDR:IDL   4  32  3.975086282 9.933203e-03     * 0.0100084250
16 grp:S:IDR:IDL   4  32  0.932385420 4.576058e-01       0.0023656721

$`Mauchly's Test for Sphericity`
          Effect          W            p p<.05
3              S 0.86789750 0.6090311875      
4          grp:S 0.86789750 0.6090311875      
5            IDR 0.07881865 0.0001374679     *
6        grp:IDR 0.07881865 0.0001374679     *
9          S:IDR 0.10592388 0.1212172825      
10     grp:S:IDR 0.10592388 0.1212172825      
11         S:IDL 0.96374876 0.8787663382      
12     grp:S:IDL 0.96374876 0.8787663382      
13       IDR:IDL 0.19636755 0.0033553981     *
14   grp:IDR:IDL 0.19636755 0.0033553981     *
15     S:IDR:IDL 0.07779759 0.0682620100      
16 grp:S:IDR:IDL 0.07779759 0.0682620100      

$`Sphericity Corrections`
          Effect       GGe        p[GG] p[GG]<.05       HFe        p[HF]
3              S 0.8833122 0.4613011237           1.1149353 0.4740085062
4          grp:S 0.8833122 0.3328196689           1.1149353 0.3359990564
5            IDR 0.5205131 0.0001598185         * 0.5294771 0.0001432560
6        grp:IDR 0.5205131 0.5764943558           0.5294771 0.5798807199
9          S:IDR 0.6003626 0.1034157270           0.8758095 0.0747745185
10     grp:S:IDR 0.6003626 0.2745347689           0.8758095 0.2641153917
11         S:IDL 0.9650169 0.1832968170           1.2660948 0.1814551124
12     grp:S:IDL 0.9650169 0.4213507853           1.2660948 0.4239939571
13       IDR:IDL 0.5544367 0.0003015328         * 0.5789953 0.0002338499
14   grp:IDR:IDL 0.5544367 0.7972003325           0.5789953 0.8072741961
15     S:IDR:IDL 0.5761187 0.0319794744         * 0.8225877 0.0161102388
16 grp:S:IDR:IDL 0.5761187 0.4234782777           0.8225877 0.4459779522
   p[HF]<.05
3           
4           
5          *
6           
9           
10          
11          
12          
13         *
14          
15         *
16          

