                  Estimate MCMCmean HPD95lower HPD95upper pMCMC Pr(>|t|)
(Intercept)         0.3919   0.3922     0.3762     0.4094 0.001   0.0000
grp1                0.0026   0.0027    -0.0144     0.0176 0.742   0.7597
S1                 -0.0185  -0.0187    -0.0266    -0.0096 0.001   0.0077
S2                  0.0045   0.0046    -0.0037     0.0145 0.308   0.5149
IDR1               -0.0260  -0.0260    -0.0327    -0.0202 0.001   0.0000
IDR2               -0.0011  -0.0010    -0.0067     0.0051 0.742   0.7450
IDL1               -0.0418  -0.0417    -0.0482    -0.0344 0.001   0.0000
grp1:S1            -0.0090  -0.0089    -0.0180     0.0005 0.066   0.1951
grp1:S2            -0.0021  -0.0022    -0.0107     0.0069 0.640   0.7637
grp1:IDR1          -0.0069  -0.0070    -0.0125    -0.0008 0.024   0.0460
grp1:IDR2           0.0035   0.0035    -0.0026     0.0094 0.248   0.3073
S1:IDR1             0.0044   0.0043    -0.0015     0.0109 0.154   0.3226
S2:IDR1            -0.0056  -0.0054    -0.0110     0.0002 0.076   0.2058
S1:IDR2            -0.0081  -0.0080    -0.0136    -0.0024 0.006   0.0650
S2:IDR2             0.0048   0.0046    -0.0006     0.0103 0.116   0.2768
grp1:IDL1           0.0056   0.0056    -0.0010     0.0131 0.118   0.3329
S1:IDL1             0.0167   0.0167     0.0130     0.0209 0.001   0.0000
S2:IDL1            -0.0051  -0.0051    -0.0091    -0.0012 0.012   0.1002
IDR1:IDL1           0.0310   0.0310     0.0272     0.0348 0.001   0.0000
IDR2:IDL1          -0.0011  -0.0011    -0.0049     0.0031 0.568   0.7320
grp1:S1:IDR1        0.0048   0.0048    -0.0011     0.0104 0.098   0.2736
grp1:S2:IDR1       -0.0017  -0.0017    -0.0072     0.0043 0.562   0.6944
grp1:S1:IDR2       -0.0044  -0.0044    -0.0101     0.0007 0.122   0.3182
grp1:S2:IDR2        0.0019   0.0019    -0.0038     0.0075 0.508   0.6604
grp1:S1:IDL1       -0.0003  -0.0004    -0.0046     0.0034 0.838   0.9258
grp1:S2:IDL1       -0.0022  -0.0021    -0.0059     0.0016 0.286   0.4879
grp1:IDR1:IDL1      0.0092   0.0092     0.0053     0.0130 0.001   0.0032
grp1:IDR2:IDL1     -0.0032  -0.0032    -0.0077     0.0004 0.106   0.2978
S1:IDR1:IDL1       -0.0019  -0.0020    -0.0075     0.0036 0.478   0.6637
S2:IDR1:IDL1        0.0072   0.0071     0.0017     0.0128 0.014   0.1036
S1:IDR2:IDL1        0.0065   0.0065     0.0009     0.0118 0.032   0.1394
S2:IDR2:IDL1       -0.0063  -0.0064    -0.0121    -0.0010 0.028   0.1498
grp1:S1:IDR1:IDL1  -0.0091  -0.0091    -0.0145    -0.0034 0.001   0.0392
grp1:S2:IDR1:IDL1   0.0068   0.0068     0.0010     0.0125 0.022   0.1204
grp1:S1:IDR2:IDL1   0.0070   0.0070     0.0022     0.0135 0.020   0.1134
grp1:S2:IDR2:IDL1  -0.0011  -0.0011    -0.0064     0.0045 0.700   0.8077
NULL
       Length Class      Mode
fixed  6      data.frame list
random 7      data.frame list
Analysis of Variance Table
              Df   Sum Sq   Mean Sq F value
grp            1 0.000029 0.0000294  0.0926
S              2 0.002477 0.0012386  3.8966
IDR            2 0.024919 0.0124595 39.1965
IDL            1 0.016502 0.0165018 51.9131
grp:S          2 0.000918 0.0004588  1.4434
grp:IDR        2 0.001270 0.0006351  1.9979
S:IDR          4 0.001369 0.0003422  1.0765
grp:IDL        1 0.000300 0.0002997  0.9430
S:IDL          2 0.009587 0.0047936 15.0803
IDR:IDL        2 0.040596 0.0202982 63.8563
grp:S:IDR      4 0.000478 0.0001196  0.3761
grp:S:IDL      2 0.000235 0.0001176  0.3700
grp:IDR:IDL    2 0.002877 0.0014386  4.5259
S:IDR:IDL      4 0.001582 0.0003955  1.2441
grp:S:IDR:IDL  4 0.001974 0.0004934  1.5522
Linear mixed model fit by REML 
Formula: get(vname) ~ (1 | pp) + (1 | pp/S) + (1 | pp/IDR) + (1 | pp/IDL) +      (1 | pp/S:IDR:IDL) + grp * S * IDR * IDL 
   Data: mdata 
   AIC   BIC logLik deviance REMLdev
 -1967 -1770   1030    -2392   -2059
Random effects:
 Groups       Name        Variance   Std.Dev. 
 S:IDR:IDL:pp (Intercept) 7.6538e-04 0.0276655
 IDR:pp       (Intercept) 3.4379e-05 0.0058634
 S:pp         (Intercept) 5.7459e-04 0.0239706
 IDL:pp       (Intercept) 5.8019e-04 0.0240871
 pp           (Intercept) 3.7880e-05 0.0061547
 pp           (Intercept) 3.7882e-05 0.0061548
 pp           (Intercept) 3.7892e-05 0.0061556
 pp           (Intercept) 3.7887e-05 0.0061553
 pp           (Intercept) 3.7892e-05 0.0061557
 Residual                 3.1787e-04 0.0178290
Number of obs: 540, groups: S:IDR:IDL:pp, 180; IDR:pp, 30; S:pp, 30; IDL:pp, 20; pp, 10

Fixed effects:
                    Estimate Std. Error t value
(Intercept)        0.3918837  0.0085490   45.84
grp1               0.0026166  0.0085490    0.31
S1                -0.0185378  0.0069273   -2.68
S2                 0.0045143  0.0069273    0.65
IDR1              -0.0259692  0.0034600   -7.51
IDR2              -0.0011258  0.0034600   -0.33
IDL1              -0.0418442  0.0058183   -7.19
grp1:S1           -0.0089874  0.0069273   -1.30
grp1:S2           -0.0020838  0.0069273   -0.30
grp1:IDR1         -0.0069209  0.0034600   -2.00
grp1:IDR2          0.0035358  0.0034600    1.02
S1:IDR1            0.0043571  0.0044003    0.99
S2:IDR1           -0.0055741  0.0044003   -1.27
S1:IDR2           -0.0081378  0.0044003   -1.85
S2:IDR2            0.0047906  0.0044003    1.09
grp1:IDL1          0.0056396  0.0058183    0.97
S1:IDL1            0.0166823  0.0031115    5.36
S2:IDL1           -0.0051247  0.0031115   -1.65
IDR1:IDL1          0.0309760  0.0031115    9.96
IDR2:IDL1         -0.0010660  0.0031115   -0.34
grp1:S1:IDR1       0.0048226  0.0044003    1.10
grp1:S2:IDR1      -0.0017301  0.0044003   -0.39
grp1:S1:IDR2      -0.0043963  0.0044003   -1.00
grp1:S2:IDR2       0.0019346  0.0044003    0.44
grp1:S1:IDL1      -0.0002901  0.0031115   -0.09
grp1:S2:IDL1      -0.0021597  0.0031115   -0.69
grp1:IDR1:IDL1     0.0092280  0.0031115    2.97
grp1:IDR2:IDL1    -0.0032431  0.0031115   -1.04
S1:IDR1:IDL1      -0.0019145  0.0044003   -0.44
S2:IDR1:IDL1       0.0071748  0.0044003    1.63
S1:IDR2:IDL1       0.0065146  0.0044003    1.48
S2:IDR2:IDL1      -0.0063476  0.0044003   -1.44
grp1:S1:IDR1:IDL1 -0.0090956  0.0044003   -2.07
grp1:S2:IDR1:IDL1  0.0068450  0.0044003    1.56
grp1:S1:IDR2:IDL1  0.0069786  0.0044003    1.59
grp1:S2:IDR2:IDL1 -0.0010716  0.0044003   -0.24

Correlation of Fixed Effects:
            (Intr) grp1   S1     S2     IDR1   IDR2   IDL1   gr1:S1 gr1:S2
grp1         0.000                                                        
S1           0.000  0.000                                                 
S2           0.000  0.000 -0.500                                          
IDR1         0.000  0.000  0.000  0.000                                   
IDR2         0.000  0.000  0.000  0.000 -0.500                            
IDL1         0.000  0.000  0.000  0.000  0.000  0.000                     
grp1:S1      0.000  0.000  0.000  0.000  0.000  0.000  0.000              
grp1:S2      0.000  0.000  0.000  0.000  0.000  0.000  0.000 -0.500       
grp1:IDR1    0.000  0.000  0.000  0.000  0.000  0.000  0.000  0.000  0.000
grp1:IDR2    0.000  0.000  0.000  0.000  0.000  0.000  0.000  0.000  0.000
S1:IDR1      0.000  0.000  0.000  0.000  0.000  0.000  0.000  0.000  0.000
S2:IDR1      0.000  0.000  0.000  0.000  0.000  0.000  0.000  0.000  0.000
S1:IDR2      0.000  0.000  0.000  0.000  0.000  0.000  0.000  0.000  0.000
S2:IDR2      0.000  0.000  0.000  0.000  0.000  0.000  0.000  0.000  0.000
grp1:IDL1    0.000  0.000  0.000  0.000  0.000  0.000  0.000  0.000  0.000
S1:IDL1      0.000  0.000  0.000  0.000  0.000  0.000  0.000  0.000  0.000
S2:IDL1      0.000  0.000  0.000  0.000  0.000  0.000  0.000  0.000  0.000
IDR1:IDL1    0.000  0.000  0.000  0.000  0.000  0.000  0.000  0.000  0.000
IDR2:IDL1    0.000  0.000  0.000  0.000  0.000  0.000  0.000  0.000  0.000
gr1:S1:IDR1  0.000  0.000  0.000  0.000  0.000  0.000  0.000  0.000  0.000
gr1:S2:IDR1  0.000  0.000  0.000  0.000  0.000  0.000  0.000  0.000  0.000
gr1:S1:IDR2  0.000  0.000  0.000  0.000  0.000  0.000  0.000  0.000  0.000
gr1:S2:IDR2  0.000  0.000  0.000  0.000  0.000  0.000  0.000  0.000  0.000
gr1:S1:IDL1  0.000  0.000  0.000  0.000  0.000  0.000  0.000  0.000  0.000
gr1:S2:IDL1  0.000  0.000  0.000  0.000  0.000  0.000  0.000  0.000  0.000
g1:IDR1:IDL  0.000  0.000  0.000  0.000  0.000  0.000  0.000  0.000  0.000
g1:IDR2:IDL  0.000  0.000  0.000  0.000  0.000  0.000  0.000  0.000  0.000
S1:IDR1:IDL  0.000  0.000  0.000  0.000  0.000  0.000  0.000  0.000  0.000
S2:IDR1:IDL  0.000  0.000  0.000  0.000  0.000  0.000  0.000  0.000  0.000
S1:IDR2:IDL  0.000  0.000  0.000  0.000  0.000  0.000  0.000  0.000  0.000
S2:IDR2:IDL  0.000  0.000  0.000  0.000  0.000  0.000  0.000  0.000  0.000
g1:S1:IDR1:  0.000  0.000  0.000  0.000  0.000  0.000  0.000  0.000  0.000
g1:S2:IDR1:  0.000  0.000  0.000  0.000  0.000  0.000  0.000  0.000  0.000
g1:S1:IDR2:  0.000  0.000  0.000  0.000  0.000  0.000  0.000  0.000  0.000
g1:S2:IDR2:  0.000  0.000  0.000  0.000  0.000  0.000  0.000  0.000  0.000
            gr1:IDR1 gr1:IDR2 S1:IDR1 S2:IDR1 S1:IDR2 S2:IDR2 g1:IDL S1:IDL
grp1                                                                       
S1                                                                         
S2                                                                         
IDR1                                                                       
IDR2                                                                       
IDL1                                                                       
grp1:S1                                                                    
grp1:S2                                                                    
grp1:IDR1                                                                  
grp1:IDR2   -0.500                                                         
S1:IDR1      0.000    0.000                                                
S2:IDR1      0.000    0.000   -0.500                                       
S1:IDR2      0.000    0.000   -0.500   0.250                               
S2:IDR2      0.000    0.000    0.250  -0.500  -0.500                       
grp1:IDL1    0.000    0.000    0.000   0.000   0.000   0.000               
S1:IDL1      0.000    0.000    0.000   0.000   0.000   0.000   0.000       
S2:IDL1      0.000    0.000    0.000   0.000   0.000   0.000   0.000 -0.500
IDR1:IDL1    0.000    0.000    0.000   0.000   0.000   0.000   0.000  0.000
IDR2:IDL1    0.000    0.000    0.000   0.000   0.000   0.000   0.000  0.000
gr1:S1:IDR1  0.000    0.000    0.000   0.000   0.000   0.000   0.000  0.000
gr1:S2:IDR1  0.000    0.000    0.000   0.000   0.000   0.000   0.000  0.000
gr1:S1:IDR2  0.000    0.000    0.000   0.000   0.000   0.000   0.000  0.000
gr1:S2:IDR2  0.000    0.000    0.000   0.000   0.000   0.000   0.000  0.000
gr1:S1:IDL1  0.000    0.000    0.000   0.000   0.000   0.000   0.000  0.000
gr1:S2:IDL1  0.000    0.000    0.000   0.000   0.000   0.000   0.000  0.000
g1:IDR1:IDL  0.000    0.000    0.000   0.000   0.000   0.000   0.000  0.000
g1:IDR2:IDL  0.000    0.000    0.000   0.000   0.000   0.000   0.000  0.000
S1:IDR1:IDL  0.000    0.000    0.000   0.000   0.000   0.000   0.000  0.000
S2:IDR1:IDL  0.000    0.000    0.000   0.000   0.000   0.000   0.000  0.000
S1:IDR2:IDL  0.000    0.000    0.000   0.000   0.000   0.000   0.000  0.000
S2:IDR2:IDL  0.000    0.000    0.000   0.000   0.000   0.000   0.000  0.000
g1:S1:IDR1:  0.000    0.000    0.000   0.000   0.000   0.000   0.000  0.000
g1:S2:IDR1:  0.000    0.000    0.000   0.000   0.000   0.000   0.000  0.000
g1:S1:IDR2:  0.000    0.000    0.000   0.000   0.000   0.000   0.000  0.000
g1:S2:IDR2:  0.000    0.000    0.000   0.000   0.000   0.000   0.000  0.000
            S2:IDL IDR1:I IDR2:I gr1:S1:IDR1 gr1:S2:IDR1 gr1:S1:IDR2
grp1                                                                
S1                                                                  
S2                                                                  
IDR1                                                                
IDR2                                                                
IDL1                                                                
grp1:S1                                                             
grp1:S2                                                             
grp1:IDR1                                                           
grp1:IDR2                                                           
S1:IDR1                                                             
S2:IDR1                                                             
S1:IDR2                                                             
S2:IDR2                                                             
grp1:IDL1                                                           
S1:IDL1                                                             
S2:IDL1                                                             
IDR1:IDL1    0.000                                                  
IDR2:IDL1    0.000 -0.500                                           
gr1:S1:IDR1  0.000  0.000  0.000                                    
gr1:S2:IDR1  0.000  0.000  0.000 -0.500                             
gr1:S1:IDR2  0.000  0.000  0.000 -0.500       0.250                 
gr1:S2:IDR2  0.000  0.000  0.000  0.250      -0.500      -0.500     
gr1:S1:IDL1  0.000  0.000  0.000  0.000       0.000       0.000     
gr1:S2:IDL1  0.000  0.000  0.000  0.000       0.000       0.000     
g1:IDR1:IDL  0.000  0.000  0.000  0.000       0.000       0.000     
g1:IDR2:IDL  0.000  0.000  0.000  0.000       0.000       0.000     
S1:IDR1:IDL  0.000  0.000  0.000  0.000       0.000       0.000     
S2:IDR1:IDL  0.000  0.000  0.000  0.000       0.000       0.000     
S1:IDR2:IDL  0.000  0.000  0.000  0.000       0.000       0.000     
S2:IDR2:IDL  0.000  0.000  0.000  0.000       0.000       0.000     
g1:S1:IDR1:  0.000  0.000  0.000  0.000       0.000       0.000     
g1:S2:IDR1:  0.000  0.000  0.000  0.000       0.000       0.000     
g1:S1:IDR2:  0.000  0.000  0.000  0.000       0.000       0.000     
g1:S2:IDR2:  0.000  0.000  0.000  0.000       0.000       0.000     
            gr1:S2:IDR2 g1:S1:IDL g1:S2:IDL g1:IDR1: g1:IDR2: S1:IDR1: S2:IDR1:
grp1                                                                           
S1                                                                             
S2                                                                             
IDR1                                                                           
IDR2                                                                           
IDL1                                                                           
grp1:S1                                                                        
grp1:S2                                                                        
grp1:IDR1                                                                      
grp1:IDR2                                                                      
S1:IDR1                                                                        
S2:IDR1                                                                        
S1:IDR2                                                                        
S2:IDR2                                                                        
grp1:IDL1                                                                      
S1:IDL1                                                                        
S2:IDL1                                                                        
IDR1:IDL1                                                                      
IDR2:IDL1                                                                      
gr1:S1:IDR1                                                                    
gr1:S2:IDR1                                                                    
gr1:S1:IDR2                                                                    
gr1:S2:IDR2                                                                    
gr1:S1:IDL1  0.000                                                             
gr1:S2:IDL1  0.000      -0.500                                                 
g1:IDR1:IDL  0.000       0.000     0.000                                       
g1:IDR2:IDL  0.000       0.000     0.000    -0.500                             
S1:IDR1:IDL  0.000       0.000     0.000     0.000    0.000                    
S2:IDR1:IDL  0.000       0.000     0.000     0.000    0.000   -0.500           
S1:IDR2:IDL  0.000       0.000     0.000     0.000    0.000   -0.500    0.250  
S2:IDR2:IDL  0.000       0.000     0.000     0.000    0.000    0.250   -0.500  
g1:S1:IDR1:  0.000       0.000     0.000     0.000    0.000    0.000    0.000  
g1:S2:IDR1:  0.000       0.000     0.000     0.000    0.000    0.000    0.000  
g1:S1:IDR2:  0.000       0.000     0.000     0.000    0.000    0.000    0.000  
g1:S2:IDR2:  0.000       0.000     0.000     0.000    0.000    0.000    0.000  
            S1:IDR2: S2:IDR2: g1:S1:IDR1: g1:S2:IDR1: g1:S1:IDR2:
grp1                                                             
S1                                                               
S2                                                               
IDR1                                                             
IDR2                                                             
IDL1                                                             
grp1:S1                                                          
grp1:S2                                                          
grp1:IDR1                                                        
grp1:IDR2                                                        
S1:IDR1                                                          
S2:IDR1                                                          
S1:IDR2                                                          
S2:IDR2                                                          
grp1:IDL1                                                        
S1:IDL1                                                          
S2:IDL1                                                          
IDR1:IDL1                                                        
IDR2:IDL1                                                        
gr1:S1:IDR1                                                      
gr1:S2:IDR1                                                      
gr1:S1:IDR2                                                      
gr1:S2:IDR2                                                      
gr1:S1:IDL1                                                      
gr1:S2:IDL1                                                      
g1:IDR1:IDL                                                      
g1:IDR2:IDL                                                      
S1:IDR1:IDL                                                      
S2:IDR1:IDL                                                      
S1:IDR2:IDL                                                      
S2:IDR2:IDL -0.500                                               
g1:S1:IDR1:  0.000    0.000                                      
g1:S2:IDR1:  0.000    0.000   -0.500                             
g1:S1:IDR2:  0.000    0.000   -0.500       0.250                 
g1:S2:IDR2:  0.000    0.000    0.250      -0.500      -0.500     
