[1] "accTimeL ~S*IDR*IDL*grp + Error(pp/(S*IDR*IDL))"
$ANOVA
          Effect DFn DFd           F            p p<.05          ges
2            grp   1   8   0.5338353 4.858433e-01       0.0215257050
3              S   2  16  10.2009357 1.393061e-03     * 0.1785646470
5            IDR   2  16  38.1631395 8.134993e-07     * 0.2492468379
7            IDL   1   8 194.8620968 6.720206e-07     * 0.6344060831
4          grp:S   2  16   0.1263609 8.821675e-01       0.0026855105
6        grp:IDR   2  16   3.1474017 7.036079e-02       0.0266507397
8        grp:IDL   1   8   9.9645243 1.346251e-02     * 0.0815032970
9          S:IDR   4  32   2.3355543 7.661685e-02       0.0304259502
11         S:IDL   2  16   1.1948680 3.283643e-01       0.0112205892
13       IDR:IDL   2  16   1.0141202 3.848869e-01       0.0090836563
10     grp:S:IDR   4  32   1.3836506 2.616576e-01       0.0182515542
12     grp:S:IDL   2  16   0.9081348 4.230831e-01       0.0085510016
14   grp:IDR:IDL   2  16   0.1050942 9.008559e-01       0.0009490755
15     S:IDR:IDL   4  32   2.0447481 1.115632e-01       0.0257054243
16 grp:S:IDR:IDL   4  32   0.4732096 7.550098e-01       0.0060688233

$`Mauchly's Test for Sphericity`
          Effect          W           p p<.05
3              S 0.47379313 0.073208354      
4          grp:S 0.47379313 0.073208354      
5            IDR 0.30308918 0.015328389     *
6        grp:IDR 0.30308918 0.015328389     *
9          S:IDR 0.02332587 0.005502531     *
10     grp:S:IDR 0.02332587 0.005502531     *
11         S:IDL 0.35309297 0.026158435     *
12     grp:S:IDL 0.35309297 0.026158435     *
13       IDR:IDL 0.87994795 0.639145080      
14   grp:IDR:IDL 0.87994795 0.639145080      
15     S:IDR:IDL 0.24058777 0.442254298      
16 grp:S:IDR:IDL 0.24058777 0.442254298      

$`Sphericity Corrections`
          Effect       GGe        p[GG] p[GG]<.05       HFe        p[HF]
3              S 0.6552192 6.351546e-03         * 0.7320319 4.516550e-03
4          grp:S 0.6552192 7.951926e-01           0.7320319 8.198040e-01
5            IDR 0.5893062 9.356934e-05         * 0.6309208 5.762969e-05
6        grp:IDR 0.5893062 1.047546e-01           0.6309208 1.006580e-01
9          S:IDR 0.5522234 1.219812e-01           0.7718751 9.692311e-02
10     grp:S:IDR 0.5522234 2.780561e-01           0.7718751 2.709667e-01
11         S:IDL 0.6071988 3.141377e-01           0.6579798 3.170513e-01
12     grp:S:IDL 0.6071988 3.845398e-01           0.6579798 3.910048e-01
13       IDR:IDL 0.8928157 3.789004e-01           1.1321087 3.848869e-01
14   grp:IDR:IDL 0.8928157 8.807817e-01           1.1321087 9.008559e-01
15     S:IDR:IDL 0.6592178 1.438334e-01           1.0130207 1.115632e-01
16 grp:S:IDR:IDL 0.6592178 6.807419e-01           1.0130207 7.550098e-01
   p[HF]<.05
3          *
4           
5          *
6           
9           
10          
11          
12          
13          
14          
15          
16          

