[1] "decTimeL ~(S*DID*grp)+Error(pp/(S*DID))+grp"
$ANOVA
     Effect DFn DFd          F            p p<.05         ges
2       grp   1   8  0.3942422 5.475784e-01       0.030978321
3         S   2  16 34.6537225 1.531314e-06     * 0.329353722
5       DID   2  16 74.0468403 8.170056e-09     * 0.611974138
4     grp:S   2  16  0.2264819 7.998466e-01       0.003199345
6   grp:DID   2  16  2.7915672 9.121027e-02       0.056121595
7     S:DID   4  32  6.9148772 3.951227e-04     * 0.055144422
8 grp:S:DID   4  32  2.2304652 8.774055e-02       0.018477675

$`Mauchly's Test for Sphericity`
     Effect         W           p p<.05
3         S 0.8830424 0.647046444      
4     grp:S 0.8830424 0.647046444      
5       DID 0.2329771 0.006103748     *
6   grp:DID 0.2329771 0.006103748     *
7     S:DID 0.1458566 0.208768504      
8 grp:S:DID 0.1458566 0.208768504      

$`Sphericity Corrections`
     Effect       GGe        p[GG] p[GG]<.05       HFe        p[HF] p[HF]<.05
3         S 0.8952891 4.780133e-06         * 1.1365957 1.531314e-06         *
4     grp:S 0.8952891 7.766411e-01           1.1365957 7.998466e-01          
5       DID 0.5659236 8.822149e-06         * 0.5959845 5.420094e-06         *
6   grp:DID 0.5659236 1.270919e-01           0.5959845 1.242966e-01          
7     S:DID 0.6359926 3.116254e-03         * 0.9574607 5.017239e-04         *
8 grp:S:DID 0.6359926 1.230897e-01           0.9574607 9.123703e-02          

