[1] "q4R ~S*IDR*IDL*grp + Error(pp/(S*IDR*IDL))"
$ANOVA
          Effect DFn DFd           F            p p<.05          ges
2            grp   1   8  0.14337194 7.148026e-01       0.0090808029
3              S   2  16 13.78126195 3.311735e-04     * 0.1839344429
4          grp:S   2  16  1.67456590 2.186090e-01       0.0266573528
5            IDR   2  16 65.94428599 1.877081e-08     * 0.2039151583
6        grp:IDR   2  16  3.91178625 4.139089e-02     * 0.0149671400
7            IDL   1   8 30.14447353 5.802835e-04     * 0.3709954526
8        grp:IDL   1   8  2.51137169 1.516871e-01       0.0468366091
9          S:IDR   4  32  0.65250125 6.293535e-01       0.0033570800
10     grp:S:IDR   4  32  2.23444085 8.729123e-02       0.0114032541
11         S:IDL   2  16  0.19769061 8.225981e-01       0.0011536007
12     grp:S:IDL   2  16  1.13476389 3.460519e-01       0.0065857713
13       IDR:IDL   2  16 21.69037031 2.778401e-05     * 0.0957444172
14   grp:IDR:IDL   2  16  2.93519769 8.205533e-02       0.0141258353
15     S:IDR:IDL   4  32  2.06113243 1.092214e-01       0.0109890688
16 grp:S:IDR:IDL   4  32  0.09021606 9.848679e-01       0.0004861011

$`Mauchly's Test for Sphericity`
          Effect         W          p p<.05
3              S 0.2894526 0.01304731     *
4          grp:S 0.2894526 0.01304731     *
5            IDR 0.8686086 0.61077941      
6        grp:IDR 0.8686086 0.61077941      
9          S:IDR 0.3564658 0.68969139      
10     grp:S:IDR 0.3564658 0.68969139      
11         S:IDL 0.5687003 0.13870496      
12     grp:S:IDL 0.5687003 0.13870496      
13       IDR:IDL 0.8650494 0.60206472      
14   grp:IDR:IDL 0.8650494 0.60206472      
15     S:IDR:IDL 0.5704931 0.93877951      
16 grp:S:IDR:IDL 0.5704931 0.93877951      

$`Sphericity Corrections`
          Effect       GGe        p[GG] p[GG]<.05       HFe        p[HF]
3              S 0.5846082 3.617552e-03         * 0.6238630 2.878076e-03
4          grp:S 0.5846082 2.310060e-01           0.6238630 2.303252e-01
5            IDR 0.8838674 1.096071e-07         * 1.1159356 1.877081e-08
6        grp:IDR 0.8838674 4.865456e-02         * 1.1159356 4.139089e-02
9          S:IDR 0.6664426 5.729480e-01           1.0306987 6.293535e-01
10     grp:S:IDR 0.6664426 1.191655e-01           1.0306987 8.729123e-02
11         S:IDL 0.6986657 7.453775e-01           0.8008869 7.756943e-01
12     grp:S:IDL 0.6986657 3.334291e-01           0.8008869 3.387513e-01
13       IDR:IDL 0.8810956 7.249364e-05         * 1.1109447 2.778401e-05
14   grp:IDR:IDL 0.8810956 9.081386e-02           1.1109447 8.205533e-02
15     S:IDR:IDL 0.8078166 1.263698e-01           1.4197375 1.092214e-01
16 grp:S:IDR:IDL 0.8078166 9.710801e-01           1.4197375 9.848679e-01
   p[HF]<.05
3          *
4           
5          *
6          *
9           
10          
11          
12          
13         *
14          
15          
16          

