[1] "Summary by group"
  grp     q4R.m      q4R.s
1   C 0.7417428 0.10500817
2   U 0.7304659 0.08261863
[1] "Summary by session\n"
  S     q4R.m      q4R.s
1 1 0.6969542 0.08314282
2 2 0.7508465 0.09508553
3 3 0.7605124 0.09279923
[1] "Summary by IDR+IDR\n"
  IDL IDR     q4R.m      q4R.s
1   D   D 0.6737456 0.07648213
2   D   M 0.6999012 0.08557496
3   D   E 0.6989611 0.08720001
4   E   D 0.7194981 0.06227675
5   E   M 0.7861926 0.07683603
6   E   E 0.8383276 0.05964426
[1] "Summary by group + Session\n"
  grp S     q4R.m      q4R.s
1   C 1 0.6888080 0.09257392
2   C 2 0.7632840 0.10228837
3   C 3 0.7731364 0.09997826
4   U 1 0.7051003 0.07210400
5   U 2 0.7384090 0.08607168
6   U 3 0.7478883 0.08367907
[1] "Summary by Session + IDR + IDL \n"
   S IDL IDR     q4R.m      q4R.s
1  1   D   D 0.6294973 0.04968945
2  1   D   M 0.6650703 0.05794399
3  1   D   E 0.6526923 0.06405366
4  1   E   D 0.6950540 0.04883595
5  1   E   M 0.7342030 0.06519359
6  1   E   E 0.8052080 0.06896351
7  2   D   D 0.6916140 0.07966469
8  2   D   M 0.7091587 0.09646016
9  2   D   E 0.7173057 0.08514306
10 2   E   D 0.7207287 0.05596121
11 2   E   M 0.8090513 0.07412625
12 2   E   E 0.8572207 0.03924245
13 3   D   D 0.7001253 0.07785152
14 3   D   M 0.7254747 0.08827207
15 3   D   E 0.7268853 0.09281335
16 3   E   D 0.7427117 0.07217281
17 3   E   M 0.8153233 0.06449073
18 3   E   E 0.8525540 0.05392919
[1] "Summary by group + IDR + IDL\n"
   grp IDL IDR     q4R.m      q4R.s
1    C   D   D 0.6793042 0.08795537
2    C   D   M 0.6893662 0.09139812
3    C   D   E 0.6816833 0.09146012
4    C   E   D 0.7342989 0.07048306
5    C   E   M 0.8194136 0.07385688
6    C   E   E 0.8463907 0.06802480
7    U   D   D 0.6681869 0.06350296
8    U   D   M 0.7104362 0.07894268
9    U   D   E 0.7162389 0.08003081
10   U   E   D 0.7046973 0.04928475
11   U   E   M 0.7529716 0.06503426
12   U   E   E 0.8302644 0.04934947
[1] "Summary by group + Session + IDR + IDL\n"
   grp S IDL IDR     q4R.m      q4R.s
1    C 1   D   D 0.6222920 0.06205750
2    C 1   D   M 0.6472287 0.06383610
3    C 1   D   E 0.6317380 0.06393286
4    C 1   E   D 0.6855833 0.05686772
5    C 1   E   M 0.7439513 0.07983943
6    C 1   E   E 0.8020547 0.07593454
7    C 2   D   D 0.6974400 0.09149491
8    C 2   D   M 0.7072467 0.10224518
9    C 2   D   E 0.7115627 0.09394304
10   C 2   E   D 0.7361073 0.05757168
11   C 2   E   M 0.8518413 0.02576569
12   C 2   E   E 0.8755060 0.03636148
13   C 3   D   D 0.7181807 0.08146689
14   C 3   D   M 0.7136233 0.09407291
15   C 3   D   E 0.7017493 0.09652194
16   C 3   E   D 0.7812060 0.06450722
17   C 3   E   M 0.8624480 0.02988902
18   C 3   E   E 0.8616113 0.06474878
19   U 1   D   D 0.6367027 0.03394200
20   U 1   D   M 0.6829120 0.04687922
21   U 1   D   E 0.6736467 0.05891095
22   U 1   E   D 0.7045247 0.03891164
23   U 1   E   M 0.7244547 0.04718078
24   U 1   E   E 0.8083613 0.06375173
25   U 2   D   D 0.6857880 0.06857252
26   U 2   D   M 0.7110707 0.09387132
27   U 2   D   E 0.7230487 0.07823377
28   U 2   E   D 0.7053500 0.05163054
29   U 2   E   M 0.7662613 0.08242860
30   U 2   E   E 0.8389353 0.03393095
31   U 3   D   D 0.6820700 0.07224418
32   U 3   D   M 0.7373260 0.08360502
33   U 3   D   E 0.7520213 0.08469688
34   U 3   E   D 0.7042173 0.05876560
35   U 3   E   M 0.7681987 0.05443449
36   U 3   E   E 0.8434967 0.04069718
