[1] "Full vs no Session"
Data: mdata
Models:
noS.mod: get(vname) ~ (1 | pp) + IDR + IDL + grp
full.mod: get(vname) ~ (1 | pp) + (1 | pp/S) + (1 | pp/IDR) + (1 | pp/IDL) + 
full.mod:     (1 | pp/S:IDR:IDL) + S + IDR + IDL + grp
         Df     AIC     BIC logLik  Chisq Chi Df Pr(>Chisq)    
noS.mod   7 -2500.8 -2465.9 1257.4                             
full.mod 17 -2759.4 -2674.6 1396.7 278.57     10  < 2.2e-16 ***
---
Signif. codes:  0 ‘***’ 0.001 ‘**’ 0.01 ‘*’ 0.05 ‘.’ 0.1 ‘ ’ 1 
[1] "Full vs no Group"
Data: mdata
Models:
nogrp.mod: get(vname) ~ (1 | pp) + S + IDR + IDL
full.mod: get(vname) ~ (1 | pp) + (1 | pp/S) + (1 | pp/IDR) + (1 | pp/IDL) + 
full.mod:     (1 | pp/S:IDR:IDL) + S + IDR + IDL + grp
          Df     AIC     BIC logLik  Chisq Chi Df Pr(>Chisq)    
nogrp.mod  8 -2556.6 -2516.7 1286.3                             
full.mod  17 -2759.4 -2674.6 1396.7 220.81      9  < 2.2e-16 ***
---
Signif. codes:  0 ‘***’ 0.001 ‘**’ 0.01 ‘*’ 0.05 ‘.’ 0.1 ‘ ’ 1 
[1] "Full vs no Session and no Group"
Data: mdata
Models:
noSgrp.mod: get(vname) ~ (1 | pp) + IDR + IDL
full.mod: get(vname) ~ (1 | pp) + (1 | pp/S) + (1 | pp/IDR) + (1 | pp/IDL) + 
full.mod:     (1 | pp/S:IDR:IDL) + S + IDR + IDL + grp
           Df     AIC     BIC logLik  Chisq Chi Df Pr(>Chisq)    
noSgrp.mod  6 -2502.7 -2472.8 1257.4                             
full.mod   17 -2759.4 -2674.6 1396.7 278.66     11  < 2.2e-16 ***
---
Signif. codes:  0 ‘***’ 0.001 ‘**’ 0.01 ‘*’ 0.05 ‘.’ 0.1 ‘ ’ 1 
[1] "No Group vs no Session and no Group"
Data: mdata
Models:
noSgrp.mod: get(vname) ~ (1 | pp) + IDR + IDL
nogrp.mod: get(vname) ~ (1 | pp) + S + IDR + IDL
           Df     AIC     BIC logLik  Chisq Chi Df Pr(>Chisq)    
noSgrp.mod  6 -2502.7 -2472.8 1257.4                             
nogrp.mod   8 -2556.6 -2516.7 1286.3 57.841      2  2.754e-13 ***
---
Signif. codes:  0 ‘***’ 0.001 ‘**’ 0.01 ‘*’ 0.05 ‘.’ 0.1 ‘ ’ 1 
[1] "No Session vs no Session and no Group"
Data: mdata
Models:
noSgrp.mod: get(vname) ~ (1 | pp) + IDR + IDL
noS.mod: get(vname) ~ (1 | pp) + IDR + IDL + grp
           Df     AIC     BIC logLik  Chisq Chi Df Pr(>Chisq)
noSgrp.mod  6 -2502.7 -2472.8 1257.4                         
noS.mod     7 -2500.8 -2465.9 1257.4 0.0822      1     0.7743
