[1] "Summary by group"
  grp accTimeR.m accTimeR.s
1   C  0.3032593  0.1140019
2   U  0.3787852  0.1799667
[1] "Summary by session\n"
  S accTimeR.m accTimeR.s
1 1  0.3706444  0.1315990
2 2  0.3267056  0.1513485
3 3  0.3257167  0.1763566
[1] "Summary by DID\n"
  DID accTimeR.m accTimeR.s
1   1  0.2080944 0.07668614
2   2  0.3480222 0.12288002
3   3  0.4669500 0.13313029
[1] "Summary by group + Session\n"
  grp S accTimeR.m accTimeR.s
1   C 1  0.3459000 0.09983086
2   C 2  0.2874778 0.11670918
3   C 3  0.2764000 0.11463289
4   U 1  0.3953889 0.15431001
5   U 2  0.3659333 0.17194389
6   U 3  0.3750333 0.21164744
[1] "Summary by Session + DID\n"
  S DID accTimeR.m accTimeR.s
1 1   1  0.2624167 0.07238464
2 1   2  0.3657333 0.11030786
3 1   3  0.4837833 0.10177415
4 2   1  0.1975167 0.06441092
5 2   2  0.3373000 0.13049466
6 2   3  0.4453000 0.13111134
7 3   1  0.1643500 0.05925866
8 3   2  0.3410333 0.12903180
9 3   3  0.4717667 0.16137896
[1] "Summary by group + DID\n"
  grp DID accTimeR.m accTimeR.s
1   C   1  0.2050111 0.08325860
2   C   2  0.2960444 0.06281465
3   C   3  0.4087222 0.08603379
4   U   1  0.2111778 0.07031174
5   U   2  0.4000000 0.14515615
6   U   3  0.5251778 0.14667408
[1] "Summary by group + Session + DID\n"
   grp S DID accTimeR.m accTimeR.s
1    C 1   1  0.2586667 0.07716278
2    C 1   2  0.3290000 0.05468350
3    C 1   3  0.4500333 0.04796296
4    C 2   1  0.1885667 0.07285182
5    C 2   2  0.2821000 0.06624904
6    C 2   3  0.3917667 0.10462499
7    C 3   1  0.1678000 0.07527896
8    C 3   2  0.2770333 0.05711626
9    C 3   3  0.3843667 0.08511116
10   U 1   1  0.2661667 0.06977890
11   U 1   2  0.4024667 0.13900738
12   U 1   3  0.5175333 0.12928463
13   U 2   1  0.2064667 0.05581073
14   U 2   2  0.3925000 0.15606329
15   U 2   3  0.4988333 0.13609118
16   U 3   1  0.1609000 0.03976907
17   U 3   2  0.4050333 0.14982734
18   U 3   3  0.5591667 0.17416625
