[1] "Summary by group"
  grp IPerfEfLrel.m IPerfEfLrel.s
1   C      1.089339      1.162255
2   U      1.077665      1.094802
[1] "Summary by session\n"
  S IPerfEfLrel.m IPerfEfLrel.s
1 1     0.8981926     0.7917331
2 2     1.1296839     1.1907081
3 3     1.2226299     1.3155227
[1] "Summary by IDR+IDR\n"
  IDL IDR IPerfEfLrel.m IPerfEfLrel.s
1   D   D     2.8762880     1.1066828
2   D   M     1.7256537     0.5764998
3   D   E     1.1758120     0.5318623
4   E   D     0.2673024     0.1228355
5   E   M     0.2409281     0.1017883
6   E   E     0.2150286     0.1012901
[1] "Summary by group + Session\n"
  grp S IPerfEfLrel.m IPerfEfLrel.s
1   C 1     0.8496942     0.7254954
2   C 2     1.2058383     1.2840581
3   C 3     1.2124859     1.3492898
4   U 1     0.9466910     0.8541809
5   U 2     1.0535295     1.0913145
6   U 3     1.2327740     1.2883531
[1] "Summary by Session + IDR + IDL \n"
   S IDL IDR IPerfEfLrel.m IPerfEfLrel.s
1  1   D   D     2.2086630    0.57031076
2  1   D   M     1.3912668    0.29425838
3  1   D   E     0.9935095    0.37903071
4  1   E   D     0.3073876    0.10926195
5  1   E   M     0.2623943    0.08982955
6  1   E   E     0.2259343    0.09681690
7  2   D   D     3.0143255    1.07849476
8  2   D   M     1.8990856    0.66294049
9  2   D   E     1.1734994    0.55739001
10 2   E   D     0.2491964    0.12664262
11 2   E   M     0.2328582    0.10443231
12 2   E   E     0.2091382    0.10730259
13 3   D   D     3.4058755    1.22448432
14 3   D   M     1.8866087    0.56596182
15 3   D   E     1.3604270    0.58664285
16 3   E   D     0.2453232    0.12581201
17 3   E   M     0.2275317    0.10996349
18 3   E   E     0.2100134    0.10205057
[1] "Summary by group + IDR + IDL\n"
   grp IDL IDR IPerfEfLrel.m IPerfEfLrel.s
1    C   D   D     3.0395385    1.25368339
2    C   D   M     1.7090240    0.50583393
3    C   D   E     0.9805366    0.19752444
4    C   E   D     0.3067209    0.11242161
5    C   E   M     0.2724922    0.10235883
6    C   E   E     0.2277246    0.07859648
7    U   D   D     2.7130375    0.92254742
8    U   D   M     1.7422834    0.64484404
9    U   D   E     1.3710874    0.67466284
10   U   E   D     0.2278839    0.12125669
11   U   E   M     0.2093639    0.09188030
12   U   E   E     0.2023327    0.11935426
[1] "Summary by group + Session + IDR + IDL\n"
   grp S IDL IDR IPerfEfLrel.m IPerfEfLrel.s
1    C 1   D   D     2.0853692    0.61661480
2    C 1   D   M     1.3037870    0.13843390
3    C 1   D   E     0.8756314    0.07880034
4    C 1   E   D     0.3217606    0.10763766
5    C 1   E   M     0.2825451    0.10160647
6    C 1   E   E     0.2290719    0.07070093
7    C 2   D   D     3.4088280    1.12777117
8    C 2   D   M     2.0011165    0.61497925
9    C 2   D   E     1.0142634    0.24487743
10   C 2   E   D     0.3077553    0.12783778
11   C 2   E   M     0.2713180    0.11604089
12   C 2   E   E     0.2317487    0.09255770
13   C 3   D   D     3.6244184    1.34145847
14   C 3   D   M     1.8221684    0.35456730
15   C 3   D   E     1.0517150    0.19495842
16   C 3   E   D     0.2906466    0.10617284
17   C 3   E   M     0.2636136    0.09457895
18   C 3   E   E     0.2223532    0.07615084
19   U 1   D   D     2.3319568    0.51083559
20   U 1   D   M     1.4787465    0.37920737
21   U 1   D   E     1.1113877    0.51147360
22   U 1   E   D     0.2930146    0.11269662
23   U 1   E   M     0.2422435    0.07430403
24   U 1   E   E     0.2227967    0.11998686
25   U 2   D   D     2.6198230    0.89667091
26   U 2   D   M     1.7970547    0.71404836
27   U 2   D   E     1.3327355    0.72750218
28   U 2   E   D     0.1906375    0.09763006
29   U 2   E   M     0.1943984    0.07717585
30   U 2   E   E     0.1865277    0.11911203
31   U 3   D   D     3.1873326    1.09725345
32   U 3   D   M     1.9510491    0.72724737
33   U 3   D   E     1.6691389    0.68604090
34   U 3   E   D     0.1999998    0.13081814
35   U 3   E   M     0.1914499    0.11538060
36   U 3   E   E     0.1976735    0.12428706
