[1] "Summary by group"
  grp accTime.m accTime.s
1   C 0.2760444 0.1312863
2   U 0.2769722 0.1263800
[1] "Summary by session\n"
  S accTime.m accTime.s
1 1 0.3178167 0.1297473
2 2 0.2610333 0.1245001
3 3 0.2506750 0.1228901
[1] "Summary by ID\n"
  ID accTime.m  accTime.s
1  D 0.3823944 0.07763670
2  E 0.1706222 0.06712153
[1] "Summary by group + Session\n"
  grp S accTime.m accTime.s
1   C 1 0.3240500 0.1238180
2   C 2 0.2527833 0.1243315
3   C 3 0.2513000 0.1361273
4   U 1 0.3115833 0.1372513
5   U 2 0.2692833 0.1262374
6   U 3 0.2500500 0.1104230
[1] "Summary by Session + ID\n"
  S ID accTime.m  accTime.s
1 1  D 0.4243667 0.07696393
2 1  E 0.2112667 0.06954851
3 2  D 0.3663333 0.07175069
4 2  E 0.1557333 0.05870260
5 3  D 0.3564833 0.06813697
6 3  E 0.1448667 0.05402904
[1] "Summary by group + ID\n"
  grp ID accTime.m  accTime.s
1   C  D 0.3796556 0.08566835
2   C  E 0.1724333 0.07460811
3   U  D 0.3851333 0.06955209
4   U  E 0.1688111 0.05949716
[1] "Summary by group + Session + ID\n"
   grp S ID accTime.m  accTime.s
1    C 1  D 0.4307667 0.05114855
2    C 1  E 0.2173333 0.06882500
3    C 2  D 0.3488000 0.08745260
4    C 2  E 0.1567667 0.06795163
5    C 3  D 0.3594000 0.09242781
6    C 3  E 0.1432000 0.06929203
7    U 1  D 0.4179667 0.09780620
8    U 1  E 0.2052000 0.07213697
9    U 2  D 0.3838667 0.04855243
10   U 2  E 0.1547000 0.05018388
11   U 3  D 0.3535667 0.03249278
12   U 3  E 0.1465333 0.03520576
