[1] "Summary by group"
  grp  IDefR.m   IDefR.s
1   C 4.663464 0.8334927
2   U 4.595756 0.9540682
[1] "Summary by session\n"
  S  IDefR.m   IDefR.s
1 1 4.583106 0.9063319
2 2 4.643016 0.8772089
3 3 4.662708 0.9060822
[1] "Summary by IDR+IDR\n"
  IDL IDR  IDefR.m   IDefR.s
1   D   D 5.701682 0.4572371
2   D   M 4.690289 0.3677570
3   D   E 3.837762 0.5027603
4   E   D 5.538988 0.2950332
5   E   M 4.470534 0.3586009
6   E   E 3.538404 0.4232836
[1] "Summary by group + Session\n"
  grp S  IDefR.m   IDefR.s
1   C 1 4.688270 0.8403205
2   C 2 4.633171 0.8425929
3   C 3 4.668952 0.8258691
4   U 1 4.477942 0.9610404
5   U 2 4.652861 0.9151383
6   U 3 4.656463 0.9844064
[1] "Summary by Session + IDR + IDL \n"
   S IDL IDR  IDefR.m   IDefR.s
1  1   D   D 5.598267 0.6415662
2  1   D   M 4.643847 0.3156737
3  1   D   E 3.784230 0.5191582
4  1   E   D 5.528617 0.2288887
5  1   E   M 4.429237 0.4255744
6  1   E   E 3.514440 0.4417174
7  2   D   D 5.738270 0.3633771
8  2   D   M 4.790673 0.2995832
9  2   D   E 3.892837 0.5383409
10 2   E   D 5.476867 0.3808498
11 2   E   M 4.411423 0.3352038
12 2   E   E 3.548027 0.3461828
13 3   D   D 5.768510 0.2844243
14 3   D   M 4.636347 0.4582543
15 3   D   E 3.836220 0.4585796
16 3   E   D 5.611480 0.2452762
17 3   E   M 4.570943 0.2921793
18 3   E   E 3.552747 0.4837397
[1] "Summary by group + IDR + IDL\n"
   grp IDL IDR  IDefR.m   IDefR.s
1    C   D   D 5.665402 0.3345795
2    C   D   M 4.781780 0.3082669
3    C   D   E 4.037516 0.4839264
4    C   E   D 5.471653 0.3113682
5    C   E   M 4.485358 0.2763824
6    C   E   E 3.539078 0.4444630
7    U   D   D 5.737962 0.5552003
8    U   D   M 4.598798 0.4017636
9    U   D   E 3.638009 0.4421305
10   U   E   D 5.606322 0.2642789
11   U   E   M 4.455711 0.4281064
12   U   E   E 3.537731 0.4060318
[1] "Summary by group + Session + IDR + IDL\n"
   grp S IDL IDR  IDefR.m   IDefR.s
1    C 1   D   D 5.675913 0.2839721
2    C 1   D   M 4.693120 0.3177036
3    C 1   D   E 3.926753 0.5039755
4    C 1   E   D 5.590007 0.2179147
5    C 1   E   M 4.624053 0.2732712
6    C 1   E   E 3.619773 0.4073843
7    C 2   D   D 5.656607 0.4154888
8    C 2   D   M 4.862500 0.3183230
9    C 2   D   E 4.052353 0.5934086
10   C 2   E   D 5.329600 0.4452384
11   C 2   E   M 4.394707 0.2530271
12   C 2   E   E 3.503260 0.3694247
13   C 3   D   D 5.663687 0.3136028
14   C 3   D   M 4.789720 0.2844733
15   C 3   D   E 4.133440 0.3265653
16   C 3   E   D 5.495353 0.1474653
17   C 3   E   M 4.437313 0.2636022
18   C 3   E   E 3.494200 0.5549028
19   U 1   D   D 5.520620 0.8712379
20   U 1   D   M 4.594573 0.3166694
21   U 1   D   E 3.641707 0.5106694
22   U 1   E   D 5.467227 0.2301295
23   U 1   E   M 4.234420 0.4681428
24   U 1   E   E 3.409107 0.4630639
25   U 2   D   D 5.819933 0.2942721
26   U 2   D   M 4.718847 0.2711572
27   U 2   D   E 3.733320 0.4400711
28   U 2   E   D 5.624133 0.2361001
29   U 2   E   M 4.428140 0.4100335
30   U 2   E   E 3.592793 0.3278356
31   U 3   D   D 5.873333 0.2137299
32   U 3   D   M 4.482973 0.5510549
33   U 3   D   E 3.539000 0.3737209
34   U 3   E   D 5.727607 0.2719829
35   U 3   E   M 4.704573 0.2628386
36   U 3   E   E 3.611293 0.4116558
