[1] "vfCircularityR ~S*IDR*IDL*grp + Error(pp/(S*IDR*IDL))"
$ANOVA
          Effect DFn DFd            F            p p<.05         ges
2            grp   1   8   0.06890945 7.995646e-01       0.004018121
3              S   2  16   7.93189733 4.041847e-03     * 0.070884999
5            IDR   2  16 126.82521221 1.536565e-10     * 0.506451235
7            IDL   1   8  28.71256832 6.789649e-04     * 0.295161548
4          grp:S   2  16   2.77323209 9.245955e-02       0.025981324
6        grp:IDR   2  16   3.94819538 4.039256e-02     * 0.030955949
8        grp:IDL   1   8   5.24478400 5.125290e-02       0.071058209
9          S:IDR   4  32   0.16338779 9.553539e-01       0.001623443
11         S:IDL   2  16   0.71659381 5.034373e-01       0.010190129
13       IDR:IDL   2  16  21.56708693 2.872444e-05     * 0.089689138
10     grp:S:IDR   4  32   2.54091024 5.884958e-02       0.024664171
12     grp:S:IDL   2  16   2.62656564 1.031755e-01       0.036362746
14   grp:IDR:IDL   2  16   5.38089105 1.632449e-02     * 0.023991987
15     S:IDR:IDL   4  32   1.50220932 2.248812e-01       0.007859066
16 grp:S:IDR:IDL   4  32   0.88501168 4.839876e-01       0.004645089

$`Mauchly's Test for Sphericity`
          Effect          W          p p<.05
3              S 0.58814177 0.15602245      
4          grp:S 0.58814177 0.15602245      
5            IDR 0.62439627 0.19235836      
6        grp:IDR 0.62439627 0.19235836      
9          S:IDR 0.07656091 0.06619153      
10     grp:S:IDR 0.07656091 0.06619153      
11         S:IDL 0.54036763 0.11598788      
12     grp:S:IDL 0.54036763 0.11598788      
13       IDR:IDL 0.96475014 0.88196628      
14   grp:IDR:IDL 0.96475014 0.88196628      
15     S:IDR:IDL 0.51819646 0.90136146      
16 grp:S:IDR:IDL 0.51819646 0.90136146      

$`Sphericity Corrections`
          Effect       GGe        p[GG] p[GG]<.05       HFe        p[HF]
3              S 0.7082864 1.095812e-02         * 0.8163799 7.555530e-03
4          grp:S 0.7082864 1.154144e-01           0.8163799 1.063505e-01
5            IDR 0.7269535 3.603426e-08         * 0.8467008 3.277216e-09
6        grp:IDR 0.7269535 5.947993e-02           0.8467008 5.016536e-02
9          S:IDR 0.4978387 8.498139e-01           0.6624702 9.010055e-01
10     grp:S:IDR 0.4978387 1.103791e-01           0.6624702 8.957798e-02
11         S:IDL 0.6851040 4.588684e-01           0.7792003 4.740125e-01
12     grp:S:IDL 0.6851040 1.276671e-01           0.7792003 1.198758e-01
13       IDR:IDL 0.9659504 3.774471e-05         * 1.2678688 2.872444e-05
14   grp:IDR:IDL 0.9659504 1.757332e-02         * 1.2678688 1.632449e-02
15     S:IDR:IDL 0.7595762 2.387822e-01           1.2770203 2.248812e-01
16 grp:S:IDR:IDL 0.7595762 4.638402e-01           1.2770203 4.839876e-01
   p[HF]<.05
3          *
4           
5          *
6           
9           
10          
11          
12          
13         *
14         *
15          
16          

