[1] "flsAmp ~S*IDR*IDL*grp + Error(pp/(S*IDR*IDL))"
$ANOVA
          Effect DFn DFd          F            p p<.05         ges
2            grp   1   8  6.4268737 3.497506e-02     * 0.072922918
3              S   2  16  8.3927523 3.217399e-03     * 0.116955418
5            IDR   2  16 47.6428348 1.825769e-07     * 0.455524295
7            IDL   1   8 29.0241053 6.558082e-04     * 0.350968012
4          grp:S   2  16  1.4830782 2.565224e-01       0.022869153
6        grp:IDR   2  16  0.5296134 5.988046e-01       0.009214547
8        grp:IDL   1   8  0.4366261 5.273213e-01       0.008069259
9          S:IDR   4  32  4.8269199 3.680271e-03     * 0.084235471
11         S:IDL   2  16  7.6693009 4.616607e-03     * 0.027019850
13       IDR:IDL   2  16  4.6993018 2.480168e-02     * 0.087098963
10     grp:S:IDR   4  32  0.3875208 8.159430e-01       0.007330621
12     grp:S:IDL   2  16  0.5882283 5.668801e-01       0.002125421
14   grp:IDR:IDL   2  16  8.6708090 2.812331e-03     * 0.149690020
15     S:IDR:IDL   4  32  1.3047663 2.891884e-01       0.022707770
16 grp:S:IDR:IDL   4  32  2.1035859 1.033814e-01       0.036108202

$`Mauchly's Test for Sphericity`
          Effect          W         p p<.05
3              S 0.83096986 0.5230563      
4          grp:S 0.83096986 0.5230563      
5            IDR 0.86339248 0.5980382      
6        grp:IDR 0.86339248 0.5980382      
9          S:IDR 0.03288896 0.0116959     *
10     grp:S:IDR 0.03288896 0.0116959     *
11         S:IDL 0.85729522 0.5833865      
12     grp:S:IDL 0.85729522 0.5833865      
13       IDR:IDL 0.85175009 0.5702859      
14   grp:IDR:IDL 0.85175009 0.5702859      
15     S:IDR:IDL 0.11698680 0.1446027      
16 grp:S:IDR:IDL 0.11698680 0.1446027      

$`Sphericity Corrections`
          Effect       GGe        p[GG] p[GG]<.05       HFe        p[HF]
3              S 0.8554099 5.421399e-03         * 1.0651133 3.217399e-03
4          grp:S 0.8554099 2.589522e-01           1.0651133 2.565224e-01
5            IDR 0.8798112 8.663610e-07         * 1.1086349 1.825769e-07
6        grp:IDR 0.8798112 5.778275e-01           1.1086349 5.988046e-01
9          S:IDR 0.4655159 2.606476e-02         * 0.6011210 1.570219e-02
10     grp:S:IDR 0.4655159 6.710125e-01           0.6011210 7.206810e-01
11         S:IDL 0.8751167 6.954799e-03         * 1.1002091 4.616607e-03
12     grp:S:IDL 0.8751167 5.469354e-01           1.1002091 5.668801e-01
13       IDR:IDL 0.8708906 3.135597e-02         * 1.0926455 2.480168e-02
14   grp:IDR:IDL 0.8708906 4.551502e-03         * 1.0926455 2.812331e-03
15     S:IDR:IDL 0.5427800 2.986408e-01           0.7522921 2.957621e-01
16 grp:S:IDR:IDL 0.5427800 1.493104e-01           0.7522921 1.260830e-01
   p[HF]<.05
3          *
4           
5          *
6           
9          *
10          
11         *
12          
13         *
14         *
15          
16          

