Post-hoc Tukey comparisons[1] "grp Tukey test"

	Pairwise comparisons using paired t tests 

data:  mdata$flsAmp and mdata$grp 

  C      
U 2.5e-06

P value adjustment method: bonferroni 
[1] "S Tukey test"

	Pairwise comparisons using paired t tests 

data:  mdata$flsAmp and mdata$S 

  1       2    
2 2.7e-07 -    
3 6.4e-08 0.055

P value adjustment method: bonferroni 
[1] "IDR Tukey test"

	Pairwise comparisons using paired t tests 

data:  mdata$flsAmp and mdata$IDR 

  D      M     
M 0.3    -     
E <2e-16 <2e-16

P value adjustment method: bonferroni 
[1] "IDL Tukey test"
