[1] "CircularityR ~S*IDR*IDL*grp + Error(pp/(S*IDR*IDL))"
$ANOVA
          Effect DFn DFd           F            p p<.05          ges
2            grp   1   8  0.01286385 0.9124930468       0.0007518884
3              S   2  16 11.64332411 0.0007568330     * 0.1246362105
5            IDR   2  16  9.45396123 0.0019479053     * 0.0468003425
7            IDL   1   8  4.49301860 0.0668590937       0.0976221216
4          grp:S   2  16  0.41550370 0.6669280355       0.0050553646
6        grp:IDR   2  16  0.70461643 0.5090058646       0.0036460093
8        grp:IDL   1   8  1.27818393 0.2909898109       0.0298573019
9          S:IDR   4  32  0.90344361 0.4735864862       0.0063979721
11         S:IDL   2  16  0.07001186 0.9326667877       0.0003575036
13       IDR:IDL   2  16 14.48712528 0.0002565951     * 0.0676267677
10     grp:S:IDR   4  32  2.70615280 0.0476542996     * 0.0189227538
12     grp:S:IDL   2  16  1.06114065 0.3691959450       0.0053912486
14   grp:IDR:IDL   2  16  2.16653730 0.1470061251       0.0107306821
15     S:IDR:IDL   4  32  2.45297171 0.0658755933       0.0186890165
16 grp:S:IDR:IDL   4  32  0.47987533 0.7502452278       0.0037119370

$`Mauchly's Test for Sphericity`
          Effect          W           p p<.05
3              S 0.17928819 0.002440231     *
4          grp:S 0.17928819 0.002440231     *
5            IDR 0.61623747 0.183703896      
6        grp:IDR 0.61623747 0.183703896      
9          S:IDR 0.10792854 0.125363330      
10     grp:S:IDR 0.10792854 0.125363330      
11         S:IDL 0.35286640 0.026099733     *
12     grp:S:IDL 0.35286640 0.026099733     *
13       IDR:IDL 0.86732025 0.607614598      
14   grp:IDR:IDL 0.86732025 0.607614598      
15     S:IDR:IDL 0.05671224 0.036597023     *
16 grp:S:IDR:IDL 0.05671224 0.036597023     *

$`Sphericity Corrections`
          Effect       GGe       p[GG] p[GG]<.05       HFe        p[HF]
3              S 0.5492357 0.007160179         * 0.5713403 0.0064024696
4          grp:S 0.5492357 0.554455004           0.5713403 0.5617361922
5            IDR 0.7226674 0.006042883         * 0.8397082 0.0037386471
6        grp:IDR 0.7226674 0.469805613           0.8397082 0.4878871307
9          S:IDR 0.6069500 0.439047159           0.8905908 0.4657760538
10     grp:S:IDR 0.6069500 0.083243442           0.8905908 0.0555420064
11         S:IDL 0.6071153 0.842435901           0.6578528 0.8594827178
12     grp:S:IDL 0.6071153 0.344519625           0.6578528 0.3489580461
13       IDR:IDL 0.8828621 0.000515000         * 1.1141244 0.0002565951
14   grp:IDR:IDL 0.8828621 0.154555171           1.1141244 0.1470061251
15     S:IDR:IDL 0.4987386 0.117881185           0.6642160 0.0970682380
16 grp:S:IDR:IDL 0.4987386 0.627041474           0.6642160 0.6777365458
   p[HF]<.05
3          *
4           
5          *
6           
9           
10          
11          
12          
13         *
14          
15          
16          

