                  Estimate MCMCmean HPD95lower HPD95upper pMCMC Pr(>|t|)
(Intercept)         0.8307   0.8308     0.8171     0.8464 0.001   0.0000
grp1               -0.0009  -0.0011    -0.0158     0.0140 0.904   0.9097
S1                 -0.0167  -0.0166    -0.0222    -0.0102 0.001   0.0000
S2                  0.0056   0.0056    -0.0007     0.0112 0.074   0.1114
IDR1                0.0064   0.0064     0.0020     0.0110 0.012   0.0051
IDR2                0.0034   0.0035    -0.0008     0.0081 0.136   0.1441
IDL1               -0.0105  -0.0106    -0.0175    -0.0027 0.006   0.0345
grp1:S1            -0.0021  -0.0021    -0.0082     0.0040 0.474   0.5481
grp1:S2            -0.0010  -0.0010    -0.0067     0.0052 0.724   0.7695
grp1:IDR1           0.0001   0.0001    -0.0038     0.0044 0.934   0.9519
grp1:IDR2           0.0023   0.0023    -0.0022     0.0066 0.308   0.3194
S1:IDR1             0.0041   0.0042    -0.0004     0.0087 0.082   0.1626
S2:IDR1            -0.0033  -0.0034    -0.0075     0.0015 0.136   0.2611
S1:IDR2            -0.0005  -0.0005    -0.0051     0.0038 0.848   0.8764
S2:IDR2            -0.0007  -0.0006    -0.0054     0.0037 0.802   0.8112
grp1:IDL1          -0.0056  -0.0056    -0.0127     0.0008 0.104   0.2588
S1:IDL1            -0.0001  -0.0001    -0.0033     0.0030 0.940   0.9801
S2:IDL1            -0.0007  -0.0006    -0.0036     0.0027 0.700   0.7298
IDR1:IDL1           0.0097   0.0097     0.0065     0.0126 0.001   0.0000
IDR2:IDL1           0.0015   0.0015    -0.0011     0.0050 0.344   0.4645
grp1:S1:IDR1       -0.0008  -0.0008    -0.0050     0.0040 0.750   0.7921
grp1:S2:IDR1       -0.0055  -0.0054    -0.0098    -0.0011 0.014   0.0608
grp1:S1:IDR2       -0.0019  -0.0018    -0.0063     0.0028 0.428   0.5159
grp1:S2:IDR2        0.0001   0.0000    -0.0040     0.0045 0.994   0.9713
grp1:S1:IDL1        0.0030   0.0031    -0.0001     0.0062 0.048   0.1386
grp1:S2:IDL1       -0.0026  -0.0027    -0.0063     0.0003 0.102   0.1977
grp1:IDR1:IDL1      0.0018   0.0019    -0.0014     0.0049 0.252   0.3773
grp1:IDR2:IDL1     -0.0046  -0.0046    -0.0078    -0.0014 0.012   0.0240
S1:IDR1:IDL1       -0.0083  -0.0083    -0.0123    -0.0035 0.001   0.0044
S2:IDR1:IDL1        0.0056   0.0056     0.0008     0.0100 0.024   0.0558
S1:IDR2:IDL1        0.0052   0.0051     0.0007     0.0093 0.026   0.0739
S2:IDR2:IDL1       -0.0018  -0.0018    -0.0064     0.0028 0.422   0.5295
grp1:S1:IDR1:IDL1   0.0009   0.0010    -0.0032     0.0059 0.692   0.7448
grp1:S2:IDR1:IDL1   0.0023   0.0023    -0.0020     0.0070 0.314   0.4204
grp1:S1:IDR2:IDL1   0.0006   0.0007    -0.0035     0.0057 0.764   0.8293
grp1:S2:IDR2:IDL1  -0.0007  -0.0007    -0.0055     0.0037 0.750   0.8209
NULL
       Length Class      Mode
fixed  6      data.frame list
random 7      data.frame list
Analysis of Variance Table
              Df    Sum Sq   Mean Sq F value
grp            1 0.0000066 0.0000066  0.0126
S              2 0.0120961 0.0060480 11.6432
IDR            2 0.0098222 0.0049111  9.4545
IDL            1 0.0023339 0.0023339  4.4931
grp:S          2 0.0004317 0.0002158  0.4155
grp:IDR        2 0.0007321 0.0003660  0.7047
S:IDR          4 0.0016051 0.0004013  0.7725
grp:IDL        1 0.0006640 0.0006640  1.2782
S:IDL          2 0.0000891 0.0000446  0.0858
IDR:IDL        2 0.0180800 0.0090400 17.4031
grp:S:IDR      4 0.0048078 0.0012020  2.3139
grp:S:IDL      2 0.0013512 0.0006756  1.3006
grp:IDR:IDL    2 0.0027038 0.0013519  2.6026
S:IDR:IDL      4 0.0047473 0.0011868  2.2848
grp:S:IDR:IDL  4 0.0009287 0.0002322  0.4470
Linear mixed model fit by REML 
Formula: get(vname) ~ (1 | pp) + (1 | pp/S) + (1 | pp/IDR) + (1 | pp/IDL) +      (1 | pp/S:IDR:IDL) + grp * S * IDR * IDL 
   Data: mdata 
   AIC   BIC logLik deviance REMLdev
 -1909 -1712   1001    -2364   -2001
Random effects:
 Groups       Name        Variance   Std.Dev. 
 S:IDR:IDL:pp (Intercept) 2.0597e-04 0.0143515
 IDR:pp       (Intercept) 1.5545e-05 0.0039427
 S:pp         (Intercept) 1.2221e-04 0.0110549
 IDL:pp       (Intercept) 4.4459e-04 0.0210853
 pp           (Intercept) 6.0361e-05 0.0077692
 pp           (Intercept) 6.0422e-05 0.0077732
 pp           (Intercept) 6.0394e-05 0.0077713
 pp           (Intercept) 6.0396e-05 0.0077715
 pp           (Intercept) 6.0330e-05 0.0077672
 Residual                 5.1945e-04 0.0227914
Number of obs: 540, groups: S:IDR:IDL:pp, 180; IDR:pp, 30; S:pp, 30; IDL:pp, 20; pp, 10

Fixed effects:
                    Estimate Std. Error t value
(Intercept)        8.307e-01  7.688e-03  108.06
grp1              -8.721e-04  7.688e-03   -0.11
S1                -1.667e-02  3.516e-03   -4.74
S2                 5.606e-03  3.516e-03    1.59
IDR1               6.449e-03  2.291e-03    2.81
IDR2               3.352e-03  2.291e-03    1.46
IDL1              -1.046e-02  4.933e-03   -2.12
grp1:S1           -2.113e-03  3.516e-03   -0.60
grp1:S2           -1.031e-03  3.516e-03   -0.29
grp1:IDR1          1.383e-04  2.291e-03    0.06
grp1:IDR2          2.283e-03  2.291e-03    1.00
S1:IDR1            4.059e-03  2.903e-03    1.40
S2:IDR1           -3.265e-03  2.903e-03   -1.12
S1:IDR2           -4.517e-04  2.903e-03   -0.16
S2:IDR2           -6.938e-04  2.903e-03   -0.24
grp1:IDL1         -5.577e-03  4.933e-03   -1.13
S1:IDL1           -5.122e-05  2.052e-03   -0.02
S2:IDL1           -7.094e-04  2.052e-03   -0.35
IDR1:IDL1          9.654e-03  2.052e-03    4.70
IDR2:IDL1          1.503e-03  2.052e-03    0.73
grp1:S1:IDR1      -7.655e-04  2.903e-03   -0.26
grp1:S2:IDR1      -5.454e-03  2.903e-03   -1.88
grp1:S1:IDR2      -1.887e-03  2.903e-03   -0.65
grp1:S2:IDR2       1.045e-04  2.903e-03    0.04
grp1:S1:IDL1       3.045e-03  2.052e-03    1.48
grp1:S2:IDL1      -2.647e-03  2.052e-03   -1.29
grp1:IDR1:IDL1     1.814e-03  2.052e-03    0.88
grp1:IDR2:IDL1    -4.646e-03  2.052e-03   -2.26
S1:IDR1:IDL1      -8.307e-03  2.903e-03   -2.86
S2:IDR1:IDL1       5.565e-03  2.903e-03    1.92
S1:IDR2:IDL1       5.197e-03  2.903e-03    1.79
S2:IDR2:IDL1      -1.826e-03  2.903e-03   -0.63
grp1:S1:IDR1:IDL1  9.453e-04  2.903e-03    0.33
grp1:S2:IDR1:IDL1  2.341e-03  2.903e-03    0.81
grp1:S1:IDR2:IDL1  6.262e-04  2.903e-03    0.22
grp1:S2:IDR2:IDL1 -6.574e-04  2.903e-03   -0.23

Correlation of Fixed Effects:
            (Intr) grp1   S1     S2     IDR1   IDR2   IDL1   gr1:S1 gr1:S2
grp1         0.000                                                        
S1           0.000  0.000                                                 
S2           0.000  0.000 -0.500                                          
IDR1         0.000  0.000  0.000  0.000                                   
IDR2         0.000  0.000  0.000  0.000 -0.500                            
IDL1         0.000  0.000  0.000  0.000  0.000  0.000                     
grp1:S1      0.000  0.000  0.000  0.000  0.000  0.000  0.000              
grp1:S2      0.000  0.000  0.000  0.000  0.000  0.000  0.000 -0.500       
grp1:IDR1    0.000  0.000  0.000  0.000  0.000  0.000  0.000  0.000  0.000
grp1:IDR2    0.000  0.000  0.000  0.000  0.000  0.000  0.000  0.000  0.000
S1:IDR1      0.000  0.000  0.000  0.000  0.000  0.000  0.000  0.000  0.000
S2:IDR1      0.000  0.000  0.000  0.000  0.000  0.000  0.000  0.000  0.000
S1:IDR2      0.000  0.000  0.000  0.000  0.000  0.000  0.000  0.000  0.000
S2:IDR2      0.000  0.000  0.000  0.000  0.000  0.000  0.000  0.000  0.000
grp1:IDL1    0.000  0.000  0.000  0.000  0.000  0.000  0.000  0.000  0.000
S1:IDL1      0.000  0.000  0.000  0.000  0.000  0.000  0.000  0.000  0.000
S2:IDL1      0.000  0.000  0.000  0.000  0.000  0.000  0.000  0.000  0.000
IDR1:IDL1    0.000  0.000  0.000  0.000  0.000  0.000  0.000  0.000  0.000
IDR2:IDL1    0.000  0.000  0.000  0.000  0.000  0.000  0.000  0.000  0.000
gr1:S1:IDR1  0.000  0.000  0.000  0.000  0.000  0.000  0.000  0.000  0.000
gr1:S2:IDR1  0.000  0.000  0.000  0.000  0.000  0.000  0.000  0.000  0.000
gr1:S1:IDR2  0.000  0.000  0.000  0.000  0.000  0.000  0.000  0.000  0.000
gr1:S2:IDR2  0.000  0.000  0.000  0.000  0.000  0.000  0.000  0.000  0.000
gr1:S1:IDL1  0.000  0.000  0.000  0.000  0.000  0.000  0.000  0.000  0.000
gr1:S2:IDL1  0.000  0.000  0.000  0.000  0.000  0.000  0.000  0.000  0.000
g1:IDR1:IDL  0.000  0.000  0.000  0.000  0.000  0.000  0.000  0.000  0.000
g1:IDR2:IDL  0.000  0.000  0.000  0.000  0.000  0.000  0.000  0.000  0.000
S1:IDR1:IDL  0.000  0.000  0.000  0.000  0.000  0.000  0.000  0.000  0.000
S2:IDR1:IDL  0.000  0.000  0.000  0.000  0.000  0.000  0.000  0.000  0.000
S1:IDR2:IDL  0.000  0.000  0.000  0.000  0.000  0.000  0.000  0.000  0.000
S2:IDR2:IDL  0.000  0.000  0.000  0.000  0.000  0.000  0.000  0.000  0.000
g1:S1:IDR1:  0.000  0.000  0.000  0.000  0.000  0.000  0.000  0.000  0.000
g1:S2:IDR1:  0.000  0.000  0.000  0.000  0.000  0.000  0.000  0.000  0.000
g1:S1:IDR2:  0.000  0.000  0.000  0.000  0.000  0.000  0.000  0.000  0.000
g1:S2:IDR2:  0.000  0.000  0.000  0.000  0.000  0.000  0.000  0.000  0.000
            gr1:IDR1 gr1:IDR2 S1:IDR1 S2:IDR1 S1:IDR2 S2:IDR2 g1:IDL S1:IDL
grp1                                                                       
S1                                                                         
S2                                                                         
IDR1                                                                       
IDR2                                                                       
IDL1                                                                       
grp1:S1                                                                    
grp1:S2                                                                    
grp1:IDR1                                                                  
grp1:IDR2   -0.500                                                         
S1:IDR1      0.000    0.000                                                
S2:IDR1      0.000    0.000   -0.500                                       
S1:IDR2      0.000    0.000   -0.500   0.250                               
S2:IDR2      0.000    0.000    0.250  -0.500  -0.500                       
grp1:IDL1    0.000    0.000    0.000   0.000   0.000   0.000               
S1:IDL1      0.000    0.000    0.000   0.000   0.000   0.000   0.000       
S2:IDL1      0.000    0.000    0.000   0.000   0.000   0.000   0.000 -0.500
IDR1:IDL1    0.000    0.000    0.000   0.000   0.000   0.000   0.000  0.000
IDR2:IDL1    0.000    0.000    0.000   0.000   0.000   0.000   0.000  0.000
gr1:S1:IDR1  0.000    0.000    0.000   0.000   0.000   0.000   0.000  0.000
gr1:S2:IDR1  0.000    0.000    0.000   0.000   0.000   0.000   0.000  0.000
gr1:S1:IDR2  0.000    0.000    0.000   0.000   0.000   0.000   0.000  0.000
gr1:S2:IDR2  0.000    0.000    0.000   0.000   0.000   0.000   0.000  0.000
gr1:S1:IDL1  0.000    0.000    0.000   0.000   0.000   0.000   0.000  0.000
gr1:S2:IDL1  0.000    0.000    0.000   0.000   0.000   0.000   0.000  0.000
g1:IDR1:IDL  0.000    0.000    0.000   0.000   0.000   0.000   0.000  0.000
g1:IDR2:IDL  0.000    0.000    0.000   0.000   0.000   0.000   0.000  0.000
S1:IDR1:IDL  0.000    0.000    0.000   0.000   0.000   0.000   0.000  0.000
S2:IDR1:IDL  0.000    0.000    0.000   0.000   0.000   0.000   0.000  0.000
S1:IDR2:IDL  0.000    0.000    0.000   0.000   0.000   0.000   0.000  0.000
S2:IDR2:IDL  0.000    0.000    0.000   0.000   0.000   0.000   0.000  0.000
g1:S1:IDR1:  0.000    0.000    0.000   0.000   0.000   0.000   0.000  0.000
g1:S2:IDR1:  0.000    0.000    0.000   0.000   0.000   0.000   0.000  0.000
g1:S1:IDR2:  0.000    0.000    0.000   0.000   0.000   0.000   0.000  0.000
g1:S2:IDR2:  0.000    0.000    0.000   0.000   0.000   0.000   0.000  0.000
            S2:IDL IDR1:I IDR2:I gr1:S1:IDR1 gr1:S2:IDR1 gr1:S1:IDR2
grp1                                                                
S1                                                                  
S2                                                                  
IDR1                                                                
IDR2                                                                
IDL1                                                                
grp1:S1                                                             
grp1:S2                                                             
grp1:IDR1                                                           
grp1:IDR2                                                           
S1:IDR1                                                             
S2:IDR1                                                             
S1:IDR2                                                             
S2:IDR2                                                             
grp1:IDL1                                                           
S1:IDL1                                                             
S2:IDL1                                                             
IDR1:IDL1    0.000                                                  
IDR2:IDL1    0.000 -0.500                                           
gr1:S1:IDR1  0.000  0.000  0.000                                    
gr1:S2:IDR1  0.000  0.000  0.000 -0.500                             
gr1:S1:IDR2  0.000  0.000  0.000 -0.500       0.250                 
gr1:S2:IDR2  0.000  0.000  0.000  0.250      -0.500      -0.500     
gr1:S1:IDL1  0.000  0.000  0.000  0.000       0.000       0.000     
gr1:S2:IDL1  0.000  0.000  0.000  0.000       0.000       0.000     
g1:IDR1:IDL  0.000  0.000  0.000  0.000       0.000       0.000     
g1:IDR2:IDL  0.000  0.000  0.000  0.000       0.000       0.000     
S1:IDR1:IDL  0.000  0.000  0.000  0.000       0.000       0.000     
S2:IDR1:IDL  0.000  0.000  0.000  0.000       0.000       0.000     
S1:IDR2:IDL  0.000  0.000  0.000  0.000       0.000       0.000     
S2:IDR2:IDL  0.000  0.000  0.000  0.000       0.000       0.000     
g1:S1:IDR1:  0.000  0.000  0.000  0.000       0.000       0.000     
g1:S2:IDR1:  0.000  0.000  0.000  0.000       0.000       0.000     
g1:S1:IDR2:  0.000  0.000  0.000  0.000       0.000       0.000     
g1:S2:IDR2:  0.000  0.000  0.000  0.000       0.000       0.000     
            gr1:S2:IDR2 g1:S1:IDL g1:S2:IDL g1:IDR1: g1:IDR2: S1:IDR1: S2:IDR1:
grp1                                                                           
S1                                                                             
S2                                                                             
IDR1                                                                           
IDR2                                                                           
IDL1                                                                           
grp1:S1                                                                        
grp1:S2                                                                        
grp1:IDR1                                                                      
grp1:IDR2                                                                      
S1:IDR1                                                                        
S2:IDR1                                                                        
S1:IDR2                                                                        
S2:IDR2                                                                        
grp1:IDL1                                                                      
S1:IDL1                                                                        
S2:IDL1                                                                        
IDR1:IDL1                                                                      
IDR2:IDL1                                                                      
gr1:S1:IDR1                                                                    
gr1:S2:IDR1                                                                    
gr1:S1:IDR2                                                                    
gr1:S2:IDR2                                                                    
gr1:S1:IDL1  0.000                                                             
gr1:S2:IDL1  0.000      -0.500                                                 
g1:IDR1:IDL  0.000       0.000     0.000                                       
g1:IDR2:IDL  0.000       0.000     0.000    -0.500                             
S1:IDR1:IDL  0.000       0.000     0.000     0.000    0.000                    
S2:IDR1:IDL  0.000       0.000     0.000     0.000    0.000   -0.500           
S1:IDR2:IDL  0.000       0.000     0.000     0.000    0.000   -0.500    0.250  
S2:IDR2:IDL  0.000       0.000     0.000     0.000    0.000    0.250   -0.500  
g1:S1:IDR1:  0.000       0.000     0.000     0.000    0.000    0.000    0.000  
g1:S2:IDR1:  0.000       0.000     0.000     0.000    0.000    0.000    0.000  
g1:S1:IDR2:  0.000       0.000     0.000     0.000    0.000    0.000    0.000  
g1:S2:IDR2:  0.000       0.000     0.000     0.000    0.000    0.000    0.000  
            S1:IDR2: S2:IDR2: g1:S1:IDR1: g1:S2:IDR1: g1:S1:IDR2:
grp1                                                             
S1                                                               
S2                                                               
IDR1                                                             
IDR2                                                             
IDL1                                                             
grp1:S1                                                          
grp1:S2                                                          
grp1:IDR1                                                        
grp1:IDR2                                                        
S1:IDR1                                                          
S2:IDR1                                                          
S1:IDR2                                                          
S2:IDR2                                                          
grp1:IDL1                                                        
S1:IDL1                                                          
S2:IDL1                                                          
IDR1:IDL1                                                        
IDR2:IDL1                                                        
gr1:S1:IDR1                                                      
gr1:S2:IDR1                                                      
gr1:S1:IDR2                                                      
gr1:S2:IDR2                                                      
gr1:S1:IDL1                                                      
gr1:S2:IDL1                                                      
g1:IDR1:IDL                                                      
g1:IDR2:IDL                                                      
S1:IDR1:IDL                                                      
S2:IDR1:IDL                                                      
S1:IDR2:IDL                                                      
S2:IDR2:IDL -0.500                                               
g1:S1:IDR1:  0.000    0.000                                      
g1:S2:IDR1:  0.000    0.000   -0.500                             
g1:S1:IDR2:  0.000    0.000   -0.500       0.250                 
g1:S2:IDR2:  0.000    0.000    0.250      -0.500      -0.500     
