[1] "Summary by group"
  grp decTime.m decTime.s
1   C 0.3959630 0.2421359
2   U 0.4113148 0.2491644
[1] "Summary by session\n"
  S decTime.m decTime.s
1 1 0.4648333 0.2532718
2 2 0.3897611 0.2415333
3 3 0.3563222 0.2306413
[1] "Summary by ID\n"
  ID decTime.m decTime.s
1  D 0.6925444 0.1420489
2  M 0.3394389 0.1090645
3  E 0.1789333 0.1010986
[1] "Summary by group + Session\n"
  grp S decTime.m decTime.s
1   C 1 0.4775444 0.2661273
2   C 2 0.3730889 0.2284125
3   C 3 0.3372556 0.2114039
4   U 1 0.4521222 0.2420679
5   U 2 0.4064333 0.2554637
6   U 3 0.3753889 0.2493283
[1] "Summary by Session + ID\n"
  S ID decTime.m  decTime.s
1 1  D 0.7467667 0.15958333
2 1  M 0.4172500 0.11554091
3 1  E 0.2304833 0.12908881
4 2  D 0.6899333 0.10661191
5 2  M 0.3229667 0.09027964
6 2  E 0.1563833 0.07316310
7 3  D 0.6409333 0.13888216
8 3  M 0.2781000 0.06759558
9 3  E 0.1499333 0.07215139
[1] "Summary by group + ID\n"
  grp ID decTime.m  decTime.s
1   C  D 0.6656333 0.15983459
2   C  M 0.3349778 0.12303150
3   C  E 0.1872778 0.12309635
4   U  D 0.7194556 0.11741350
5   U  M 0.3439000 0.09424964
6   U  E 0.1705889 0.07334169
[1] "Summary by group + Session + ID\n"
   grp S ID decTime.m  decTime.s
1    C 1  D 0.7487333 0.20889923
2    C 1  M 0.4282667 0.13181885
3    C 1  E 0.2556333 0.16557028
4    C 2  D 0.6492000 0.10978189
5    C 2  M 0.3121333 0.10243856
6    C 2  E 0.1579333 0.07849815
7    C 3  D 0.5989667 0.11022614
8    C 3  M 0.2645333 0.06709920
9    C 3  E 0.1482667 0.08054765
10   U 1  D 0.7448000 0.09542308
11   U 1  M 0.4062333 0.10008333
12   U 1  E 0.2053333 0.07582349
13   U 2  D 0.7306667 0.08908737
14   U 2  M 0.3338000 0.07834443
15   U 2  E 0.1548333 0.07014925
16   U 3  D 0.6829000 0.15501753
17   U 3  M 0.2916667 0.06758689
18   U 3  E 0.1516000 0.06549515
