                  Estimate MCMCmean HPD95lower HPD95upper pMCMC Pr(>|t|)
(Intercept)         0.7765   0.7810     0.6948     0.8638 0.001   0.0000
grp1                0.0748   0.0752    -0.0088     0.1606 0.094   0.2343
S1                 -0.0165  -0.0173    -0.0636     0.0244 0.438   0.6065
S2                  0.0140   0.0132    -0.0245     0.0604 0.576   0.6620
IDR1               -0.0956  -0.0957    -0.1322    -0.0643 0.001   0.0000
IDR2               -0.0362  -0.0359    -0.0678    -0.0008 0.040   0.0686
IDL1                0.0792   0.0782     0.0329     0.1314 0.002   0.1796
grp1:S1             0.0031   0.0028    -0.0421     0.0527 0.876   0.9219
grp1:S2             0.0194   0.0188    -0.0271     0.0619 0.402   0.5456
grp1:IDR1          -0.0358  -0.0353    -0.0682    -0.0044 0.040   0.0721
grp1:IDR2          -0.0004  -0.0005    -0.0352     0.0304 0.976   0.9825
S1:IDR1            -0.0149  -0.0144    -0.0423     0.0148 0.292   0.4949
S2:IDR1             0.0042   0.0046    -0.0252     0.0315 0.734   0.8480
S1:IDR2             0.0085   0.0083    -0.0178     0.0384 0.584   0.6985
S2:IDR2             0.0070   0.0069    -0.0207     0.0358 0.608   0.7484
grp1:IDL1           0.0649   0.0661     0.0140     0.1184 0.014   0.2719
S1:IDL1            -0.0200  -0.0205    -0.0403    -0.0027 0.040   0.1963
S2:IDL1             0.0348   0.0352     0.0155     0.0553 0.001   0.0244
IDR1:IDL1           0.0791   0.0792     0.0615     0.1000 0.001   0.0000
IDR2:IDL1           0.0261   0.0262     0.0082     0.0455 0.010   0.0917
grp1:S1:IDR1        0.0180   0.0180    -0.0092     0.0484 0.206   0.4101
grp1:S2:IDR1       -0.0049  -0.0053    -0.0339     0.0226 0.696   0.8220
grp1:S1:IDR2        0.0168   0.0165    -0.0121     0.0435 0.268   0.4417
grp1:S2:IDR2       -0.0102  -0.0100    -0.0373     0.0165 0.476   0.6390
grp1:S1:IDL1        0.0054   0.0056    -0.0124     0.0261 0.606   0.7281
grp1:S2:IDL1       -0.0277  -0.0278    -0.0474    -0.0087 0.004   0.0735
grp1:IDR1:IDL1      0.0012   0.0013    -0.0166     0.0217 0.930   0.9405
grp1:IDR2:IDL1      0.0059   0.0053    -0.0148     0.0241 0.540   0.7038
S1:IDR1:IDL1       -0.0345  -0.0345    -0.0625    -0.0067 0.012   0.1148
S2:IDR1:IDL1        0.0105   0.0101    -0.0166     0.0377 0.454   0.6307
S1:IDR2:IDL1        0.0015   0.0017    -0.0241     0.0325 0.888   0.9470
S2:IDR2:IDL1       -0.0090  -0.0087    -0.0357     0.0177 0.518   0.6807
grp1:S1:IDR1:IDL1  -0.0111  -0.0110    -0.0386     0.0156 0.414   0.6109
grp1:S2:IDR1:IDL1   0.0171   0.0173    -0.0126     0.0431 0.236   0.4334
grp1:S1:IDR2:IDL1   0.0056   0.0055    -0.0213     0.0356 0.706   0.7963
grp1:S2:IDR2:IDL1  -0.0082  -0.0087    -0.0369     0.0193 0.546   0.7072
NULL
       Length Class      Mode
fixed  6      data.frame list
random 7      data.frame list
Analysis of Variance Table
              Df   Sum Sq  Mean Sq F value
grp            1 0.010329 0.010329  1.7129
S              2 0.001868 0.000934  0.1549
IDR            2 0.283241 0.141621 23.4859
IDL            1 0.013041 0.013041  2.1627
grp:S          2 0.003506 0.001753  0.2907
grp:IDR        2 0.026342 0.013171  2.1842
S:IDR          4 0.005059 0.001265  0.2098
grp:IDL        1 0.008734 0.008734  1.4484
S:IDL          2 0.030788 0.015394  2.5529
IDR:IDL        2 0.302878 0.151439 25.1141
grp:S:IDR      4 0.015540 0.003885  0.6443
grp:S:IDL      2 0.021716 0.010858  1.8007
grp:IDR:IDL    2 0.001430 0.000715  0.1186
S:IDR:IDL      4 0.022957 0.005739  0.9518
grp:S:IDR:IDL  4 0.003801 0.000950  0.1576
Linear mixed model fit by REML 
Formula: get(vname) ~ (1 | pp) + (1 | pp/S) + (1 | pp/IDR) + (1 | pp/IDL) +      (1 | pp/S:IDR:IDL) + grp * S * IDR * IDL 
   Data: mdata 
    AIC  BIC logLik deviance REMLdev
 -426.4 -229  259.2   -730.8  -518.4
Random effects:
 Groups       Name        Variance  Std.Dev.
 S:IDR:IDL:pp (Intercept) 0.0194081 0.139313
 IDR:pp       (Intercept) 0.0023385 0.048358
 S:pp         (Intercept) 0.0117989 0.108623
 IDL:pp       (Intercept) 0.0671292 0.259093
 pp           (Intercept) 0.0000000 0.000000
 pp           (Intercept) 0.0000000 0.000000
 pp           (Intercept) 0.0000000 0.000000
 pp           (Intercept) 0.0000000 0.000000
 pp           (Intercept) 0.0000000 0.000000
 Residual                 0.0060300 0.077653
Number of obs: 540, groups: S:IDR:IDL:pp, 180; IDR:pp, 30; S:pp, 30; IDL:pp, 20; pp, 10

Fixed effects:
                   Estimate Std. Error t value
(Intercept)        0.776539   0.062840  12.357
grp1               0.074823   0.062840   1.191
S1                -0.016497   0.032010  -0.515
S2                 0.014003   0.032010   0.437
IDR1              -0.095635   0.019845  -4.819
IDR2              -0.036210   0.019845  -1.825
IDL1               0.079250   0.058971   1.344
grp1:S1            0.003141   0.032010   0.098
grp1:S2            0.019357   0.032010   0.605
grp1:IDR1         -0.035761   0.019845  -1.802
grp1:IDR2         -0.000436   0.019845  -0.022
S1:IDR1           -0.014897   0.021811  -0.683
S2:IDR1            0.004182   0.021811   0.192
S1:IDR2            0.008454   0.021811   0.388
S2:IDR2            0.007000   0.021811   0.321
grp1:IDL1          0.064856   0.058971   1.100
S1:IDL1           -0.019955   0.015423  -1.294
S2:IDL1            0.034812   0.015423   2.257
IDR1:IDL1          0.079144   0.015423   5.132
IDR2:IDL1          0.026060   0.015423   1.690
grp1:S1:IDR1       0.017983   0.021811   0.824
grp1:S2:IDR1      -0.004909   0.021811  -0.225
grp1:S1:IDR2       0.016793   0.021811   0.770
grp1:S2:IDR2      -0.010238   0.021811  -0.469
grp1:S1:IDL1       0.005364   0.015423   0.348
grp1:S2:IDL1      -0.027664   0.015423  -1.794
grp1:IDR1:IDL1     0.001153   0.015423   0.075
grp1:IDR2:IDL1     0.005868   0.015423   0.380
S1:IDR1:IDL1      -0.034459   0.021811  -1.580
S2:IDR1:IDL1       0.010493   0.021811   0.481
S1:IDR2:IDL1       0.001450   0.021811   0.066
S2:IDR2:IDL1      -0.008982   0.021811  -0.412
grp1:S1:IDR1:IDL1 -0.011104   0.021811  -0.509
grp1:S2:IDR1:IDL1  0.017099   0.021811   0.784
grp1:S1:IDR2:IDL1  0.005634   0.021811   0.258
grp1:S2:IDR2:IDL1 -0.008196   0.021811  -0.376

Correlation of Fixed Effects:
            (Intr) grp1   S1     S2     IDR1   IDR2   IDL1   gr1:S1 gr1:S2
grp1         0.000                                                        
S1           0.000  0.000                                                 
S2           0.000  0.000 -0.500                                          
IDR1         0.000  0.000  0.000  0.000                                   
IDR2         0.000  0.000  0.000  0.000 -0.500                            
IDL1         0.000  0.000  0.000  0.000  0.000  0.000                     
grp1:S1      0.000  0.000  0.000  0.000  0.000  0.000  0.000              
grp1:S2      0.000  0.000  0.000  0.000  0.000  0.000  0.000 -0.500       
grp1:IDR1    0.000  0.000  0.000  0.000  0.000  0.000  0.000  0.000  0.000
grp1:IDR2    0.000  0.000  0.000  0.000  0.000  0.000  0.000  0.000  0.000
S1:IDR1      0.000  0.000  0.000  0.000  0.000  0.000  0.000  0.000  0.000
S2:IDR1      0.000  0.000  0.000  0.000  0.000  0.000  0.000  0.000  0.000
S1:IDR2      0.000  0.000  0.000  0.000  0.000  0.000  0.000  0.000  0.000
S2:IDR2      0.000  0.000  0.000  0.000  0.000  0.000  0.000  0.000  0.000
grp1:IDL1    0.000  0.000  0.000  0.000  0.000  0.000  0.000  0.000  0.000
S1:IDL1      0.000  0.000  0.000  0.000  0.000  0.000  0.000  0.000  0.000
S2:IDL1      0.000  0.000  0.000  0.000  0.000  0.000  0.000  0.000  0.000
IDR1:IDL1    0.000  0.000  0.000  0.000  0.000  0.000  0.000  0.000  0.000
IDR2:IDL1    0.000  0.000  0.000  0.000  0.000  0.000  0.000  0.000  0.000
gr1:S1:IDR1  0.000  0.000  0.000  0.000  0.000  0.000  0.000  0.000  0.000
gr1:S2:IDR1  0.000  0.000  0.000  0.000  0.000  0.000  0.000  0.000  0.000
gr1:S1:IDR2  0.000  0.000  0.000  0.000  0.000  0.000  0.000  0.000  0.000
gr1:S2:IDR2  0.000  0.000  0.000  0.000  0.000  0.000  0.000  0.000  0.000
gr1:S1:IDL1  0.000  0.000  0.000  0.000  0.000  0.000  0.000  0.000  0.000
gr1:S2:IDL1  0.000  0.000  0.000  0.000  0.000  0.000  0.000  0.000  0.000
g1:IDR1:IDL  0.000  0.000  0.000  0.000  0.000  0.000  0.000  0.000  0.000
g1:IDR2:IDL  0.000  0.000  0.000  0.000  0.000  0.000  0.000  0.000  0.000
S1:IDR1:IDL  0.000  0.000  0.000  0.000  0.000  0.000  0.000  0.000  0.000
S2:IDR1:IDL  0.000  0.000  0.000  0.000  0.000  0.000  0.000  0.000  0.000
S1:IDR2:IDL  0.000  0.000  0.000  0.000  0.000  0.000  0.000  0.000  0.000
S2:IDR2:IDL  0.000  0.000  0.000  0.000  0.000  0.000  0.000  0.000  0.000
g1:S1:IDR1:  0.000  0.000  0.000  0.000  0.000  0.000  0.000  0.000  0.000
g1:S2:IDR1:  0.000  0.000  0.000  0.000  0.000  0.000  0.000  0.000  0.000
g1:S1:IDR2:  0.000  0.000  0.000  0.000  0.000  0.000  0.000  0.000  0.000
g1:S2:IDR2:  0.000  0.000  0.000  0.000  0.000  0.000  0.000  0.000  0.000
            gr1:IDR1 gr1:IDR2 S1:IDR1 S2:IDR1 S1:IDR2 S2:IDR2 g1:IDL S1:IDL
grp1                                                                       
S1                                                                         
S2                                                                         
IDR1                                                                       
IDR2                                                                       
IDL1                                                                       
grp1:S1                                                                    
grp1:S2                                                                    
grp1:IDR1                                                                  
grp1:IDR2   -0.500                                                         
S1:IDR1      0.000    0.000                                                
S2:IDR1      0.000    0.000   -0.500                                       
S1:IDR2      0.000    0.000   -0.500   0.250                               
S2:IDR2      0.000    0.000    0.250  -0.500  -0.500                       
grp1:IDL1    0.000    0.000    0.000   0.000   0.000   0.000               
S1:IDL1      0.000    0.000    0.000   0.000   0.000   0.000   0.000       
S2:IDL1      0.000    0.000    0.000   0.000   0.000   0.000   0.000 -0.500
IDR1:IDL1    0.000    0.000    0.000   0.000   0.000   0.000   0.000  0.000
IDR2:IDL1    0.000    0.000    0.000   0.000   0.000   0.000   0.000  0.000
gr1:S1:IDR1  0.000    0.000    0.000   0.000   0.000   0.000   0.000  0.000
gr1:S2:IDR1  0.000    0.000    0.000   0.000   0.000   0.000   0.000  0.000
gr1:S1:IDR2  0.000    0.000    0.000   0.000   0.000   0.000   0.000  0.000
gr1:S2:IDR2  0.000    0.000    0.000   0.000   0.000   0.000   0.000  0.000
gr1:S1:IDL1  0.000    0.000    0.000   0.000   0.000   0.000   0.000  0.000
gr1:S2:IDL1  0.000    0.000    0.000   0.000   0.000   0.000   0.000  0.000
g1:IDR1:IDL  0.000    0.000    0.000   0.000   0.000   0.000   0.000  0.000
g1:IDR2:IDL  0.000    0.000    0.000   0.000   0.000   0.000   0.000  0.000
S1:IDR1:IDL  0.000    0.000    0.000   0.000   0.000   0.000   0.000  0.000
S2:IDR1:IDL  0.000    0.000    0.000   0.000   0.000   0.000   0.000  0.000
S1:IDR2:IDL  0.000    0.000    0.000   0.000   0.000   0.000   0.000  0.000
S2:IDR2:IDL  0.000    0.000    0.000   0.000   0.000   0.000   0.000  0.000
g1:S1:IDR1:  0.000    0.000    0.000   0.000   0.000   0.000   0.000  0.000
g1:S2:IDR1:  0.000    0.000    0.000   0.000   0.000   0.000   0.000  0.000
g1:S1:IDR2:  0.000    0.000    0.000   0.000   0.000   0.000   0.000  0.000
g1:S2:IDR2:  0.000    0.000    0.000   0.000   0.000   0.000   0.000  0.000
            S2:IDL IDR1:I IDR2:I gr1:S1:IDR1 gr1:S2:IDR1 gr1:S1:IDR2
grp1                                                                
S1                                                                  
S2                                                                  
IDR1                                                                
IDR2                                                                
IDL1                                                                
grp1:S1                                                             
grp1:S2                                                             
grp1:IDR1                                                           
grp1:IDR2                                                           
S1:IDR1                                                             
S2:IDR1                                                             
S1:IDR2                                                             
S2:IDR2                                                             
grp1:IDL1                                                           
S1:IDL1                                                             
S2:IDL1                                                             
IDR1:IDL1    0.000                                                  
IDR2:IDL1    0.000 -0.500                                           
gr1:S1:IDR1  0.000  0.000  0.000                                    
gr1:S2:IDR1  0.000  0.000  0.000 -0.500                             
gr1:S1:IDR2  0.000  0.000  0.000 -0.500       0.250                 
gr1:S2:IDR2  0.000  0.000  0.000  0.250      -0.500      -0.500     
gr1:S1:IDL1  0.000  0.000  0.000  0.000       0.000       0.000     
gr1:S2:IDL1  0.000  0.000  0.000  0.000       0.000       0.000     
g1:IDR1:IDL  0.000  0.000  0.000  0.000       0.000       0.000     
g1:IDR2:IDL  0.000  0.000  0.000  0.000       0.000       0.000     
S1:IDR1:IDL  0.000  0.000  0.000  0.000       0.000       0.000     
S2:IDR1:IDL  0.000  0.000  0.000  0.000       0.000       0.000     
S1:IDR2:IDL  0.000  0.000  0.000  0.000       0.000       0.000     
S2:IDR2:IDL  0.000  0.000  0.000  0.000       0.000       0.000     
g1:S1:IDR1:  0.000  0.000  0.000  0.000       0.000       0.000     
g1:S2:IDR1:  0.000  0.000  0.000  0.000       0.000       0.000     
g1:S1:IDR2:  0.000  0.000  0.000  0.000       0.000       0.000     
g1:S2:IDR2:  0.000  0.000  0.000  0.000       0.000       0.000     
            gr1:S2:IDR2 g1:S1:IDL g1:S2:IDL g1:IDR1: g1:IDR2: S1:IDR1: S2:IDR1:
grp1                                                                           
S1                                                                             
S2                                                                             
IDR1                                                                           
IDR2                                                                           
IDL1                                                                           
grp1:S1                                                                        
grp1:S2                                                                        
grp1:IDR1                                                                      
grp1:IDR2                                                                      
S1:IDR1                                                                        
S2:IDR1                                                                        
S1:IDR2                                                                        
S2:IDR2                                                                        
grp1:IDL1                                                                      
S1:IDL1                                                                        
S2:IDL1                                                                        
IDR1:IDL1                                                                      
IDR2:IDL1                                                                      
gr1:S1:IDR1                                                                    
gr1:S2:IDR1                                                                    
gr1:S1:IDR2                                                                    
gr1:S2:IDR2                                                                    
gr1:S1:IDL1  0.000                                                             
gr1:S2:IDL1  0.000      -0.500                                                 
g1:IDR1:IDL  0.000       0.000     0.000                                       
g1:IDR2:IDL  0.000       0.000     0.000    -0.500                             
S1:IDR1:IDL  0.000       0.000     0.000     0.000    0.000                    
S2:IDR1:IDL  0.000       0.000     0.000     0.000    0.000   -0.500           
S1:IDR2:IDL  0.000       0.000     0.000     0.000    0.000   -0.500    0.250  
S2:IDR2:IDL  0.000       0.000     0.000     0.000    0.000    0.250   -0.500  
g1:S1:IDR1:  0.000       0.000     0.000     0.000    0.000    0.000    0.000  
g1:S2:IDR1:  0.000       0.000     0.000     0.000    0.000    0.000    0.000  
g1:S1:IDR2:  0.000       0.000     0.000     0.000    0.000    0.000    0.000  
g1:S2:IDR2:  0.000       0.000     0.000     0.000    0.000    0.000    0.000  
            S1:IDR2: S2:IDR2: g1:S1:IDR1: g1:S2:IDR1: g1:S1:IDR2:
grp1                                                             
S1                                                               
S2                                                               
IDR1                                                             
IDR2                                                             
IDL1                                                             
grp1:S1                                                          
grp1:S2                                                          
grp1:IDR1                                                        
grp1:IDR2                                                        
S1:IDR1                                                          
S2:IDR1                                                          
S1:IDR2                                                          
S2:IDR2                                                          
grp1:IDL1                                                        
S1:IDL1                                                          
S2:IDL1                                                          
IDR1:IDL1                                                        
IDR2:IDL1                                                        
gr1:S1:IDR1                                                      
gr1:S2:IDR1                                                      
gr1:S1:IDR2                                                      
gr1:S2:IDR2                                                      
gr1:S1:IDL1                                                      
gr1:S2:IDL1                                                      
g1:IDR1:IDL                                                      
g1:IDR2:IDL                                                      
S1:IDR1:IDL                                                      
S2:IDR1:IDL                                                      
S1:IDR2:IDL                                                      
S2:IDR2:IDL -0.500                                               
g1:S1:IDR1:  0.000    0.000                                      
g1:S2:IDR1:  0.000    0.000   -0.500                             
g1:S1:IDR2:  0.000    0.000   -0.500       0.250                 
g1:S2:IDR2:  0.000    0.000    0.250      -0.500      -0.500     
