[1] "IPerfEfR ~S*IDR*IDL*grp + Error(pp/(S*IDR*IDL))"
$ANOVA
          Effect DFn DFd          F            p p<.05         ges
2            grp   1   8  0.2246426 6.481909e-01       0.008720803
3              S   2  16 41.0900001 4.974800e-07     * 0.293908780
4          grp:S   2  16  0.1746803 8.413054e-01       0.001766411
5            IDR   2  16 34.1524113 1.683219e-06     * 0.444041116
6        grp:IDR   2  16  1.8603763 1.877466e-01       0.041693134
7            IDL   1   8 81.7299669 1.792981e-05     * 0.524969027
8        grp:IDL   1   8  8.0536040 2.188298e-02     * 0.098203965
9          S:IDR   4  32  9.7279364 2.892257e-05     * 0.113293308
10     grp:S:IDR   4  32  0.8820539 4.856727e-01       0.011452394
11         S:IDL   2  16  2.8960039 8.444654e-02       0.023236412
12     grp:S:IDL   2  16  3.3770756 5.976883e-02       0.026992157
13       IDR:IDL   2  16 38.8197025 7.265921e-07     * 0.294300468
14   grp:IDR:IDL   2  16  2.5606255 1.084433e-01       0.026771926
15     S:IDR:IDL   4  32 10.6261550 1.358281e-05     * 0.066539008
16 grp:S:IDR:IDL   4  32  1.2715537 3.015640e-01       0.008457655

$`Mauchly's Test for Sphericity`
          Effect           W            p p<.05
3              S 0.531594784 0.1095298486      
4          grp:S 0.531594784 0.1095298486      
5            IDR 0.180458554 0.0024964401     *
6        grp:IDR 0.180458554 0.0024964401     *
9          S:IDR 0.008919723 0.0005994301     *
10     grp:S:IDR 0.008919723 0.0005994301     *
11         S:IDL 0.630211970 0.1987024702      
12     grp:S:IDL 0.630211970 0.1987024702      
13       IDR:IDL 0.593411707 0.1609705345      
14   grp:IDR:IDL 0.593411707 0.1609705345      
15     S:IDR:IDL 0.289886953 0.5559811328      
16 grp:S:IDR:IDL 0.289886953 0.5559811328      

$`Sphericity Corrections`
          Effect       GGe        p[GG] p[GG]<.05       HFe        p[HF]
3              S 0.6810109 2.296299e-05         * 0.7726899 7.598922e-06
4          grp:S 0.6810109 7.590072e-01           0.7726899 7.872370e-01
5            IDR 0.5495890 2.234394e-04         * 0.5718596 1.750226e-04
6        grp:IDR 0.5495890 2.082477e-01           0.5718596 2.074885e-01
9          S:IDR 0.5494938 1.140060e-03         * 0.7661884 1.922804e-04
10     grp:S:IDR 0.5494938 4.405471e-01           0.7661884 4.659442e-01
11         S:IDL 0.7300400 1.056554e-01           0.8517474 9.551963e-02
12     grp:S:IDL 0.7300400 8.044191e-02           0.8517474 7.034399e-02
13       IDR:IDL 0.7109401 2.098850e-05         * 0.8206693 5.830988e-06
14   grp:IDR:IDL 0.7109401 1.304878e-01           0.8206693 1.217091e-01
15     S:IDR:IDL 0.6190235 3.965809e-04         * 0.9180482 2.791543e-05
16 grp:S:IDR:IDL 0.6190235 3.077950e-01           0.9180482 3.034363e-01
   p[HF]<.05
3          *
4           
5          *
6           
9          *
10          
11          
12          
13         *
14          
15         *
16          

