                  Estimate MCMCmean HPD95lower HPD95upper pMCMC Pr(>|t|)
(Intercept)         5.2014   5.2139     4.7070     5.7450 0.001   0.0000
grp1                0.1251   0.1255    -0.3742     0.6277 0.616   0.6357
S1                 -1.1691  -1.1641    -1.4087    -0.9601 0.001   0.0000
S2                  0.2910   0.2968     0.0578     0.5046 0.016   0.0307
IDR1               -1.2582  -1.2567    -1.5625    -0.9879 0.001   0.0000
IDR2               -0.3430  -0.3423    -0.6370    -0.0651 0.028   0.0933
IDL1               -1.4025  -1.4019    -1.6071    -1.1464 0.001   0.0000
grp1:S1            -0.0793  -0.0834    -0.3160     0.1355 0.464   0.5549
grp1:S2             0.0378   0.0405    -0.1688     0.2752 0.762   0.7782
grp1:IDR1           0.1711   0.1674    -0.1286     0.4656 0.236   0.4020
grp1:IDR2           0.2214   0.2215    -0.0640     0.5051 0.134   0.2785
S1:IDR1             0.6349   0.6337     0.4346     0.8196 0.001   0.0000
S2:IDR1            -0.1600  -0.1640    -0.3390     0.0259 0.086   0.2922
S1:IDR2             0.2063   0.2087     0.0247     0.3842 0.022   0.1745
S2:IDR2             0.0642   0.0687    -0.1259     0.2413 0.460   0.6722
grp1:IDL1          -0.4403  -0.4444    -0.6742    -0.2165 0.001   0.0047
S1:IDL1             0.2867   0.2840     0.1472     0.4088 0.001   0.0078
S2:IDL1            -0.1001  -0.1023    -0.2330     0.0314 0.126   0.3514
IDR1:IDL1           0.8603   0.8600     0.7264     0.9965 0.001   0.0000
IDR2:IDL1           0.3170   0.3174     0.1746     0.4483 0.001   0.0033
grp1:S1:IDR1       -0.0352  -0.0398    -0.2328     0.1465 0.690   0.8166
grp1:S2:IDR1       -0.1253  -0.1218    -0.2978     0.0599 0.218   0.4092
grp1:S1:IDR2       -0.1616  -0.1603    -0.3582     0.0199 0.098   0.2875
grp1:S2:IDR2        0.0728   0.0697    -0.1177     0.2593 0.484   0.6316
grp1:S1:IDL1        0.3094   0.3086     0.1708     0.4408 0.001   0.0041
grp1:S2:IDL1       -0.1068  -0.1045    -0.2336     0.0356 0.136   0.3198
grp1:IDR1:IDL1      0.3128   0.3124     0.1905     0.4550 0.001   0.0037
grp1:IDR2:IDL1     -0.1478  -0.1456    -0.2703     0.0036 0.042   0.1688
S1:IDR1:IDL1       -0.4277  -0.4287    -0.6274    -0.2450 0.001   0.0050
S2:IDR1:IDL1        0.1232   0.1200    -0.0866     0.2884 0.238   0.4170
S1:IDR2:IDL1       -0.1360  -0.1356    -0.3150     0.0605 0.144   0.3705
S2:IDR2:IDL1       -0.1776  -0.1752    -0.3580     0.0116 0.064   0.2424
grp1:S1:IDR1:IDL1  -0.1795  -0.1780    -0.3654     0.0082 0.070   0.2374
grp1:S2:IDR1:IDL1   0.1585   0.1550    -0.0314     0.3415 0.118   0.2966
grp1:S1:IDR2:IDL1   0.0553   0.0562    -0.1407     0.2369 0.556   0.7155
grp1:S2:IDR2:IDL1   0.0457   0.0493    -0.1326     0.2329 0.616   0.7636
NULL
       Length Class      Mode
fixed  6      data.frame list
random 7      data.frame list
Analysis of Variance Table
              Df Sum Sq Mean Sq F value
grp            1  0.078  0.0775  0.2197
S              2 29.004 14.5020 41.0900
IDR            2 24.107 12.0536 34.1525
IDL            1 28.845 28.8453 81.7300
grp:S          2  0.123  0.0617  0.1747
grp:IDR        2  1.313  0.6566  1.8604
S:IDR          4 13.947  3.4867  9.8791
grp:IDL        1  2.842  2.8424  8.0536
S:IDL          2  2.597  1.2984  3.6788
IDR:IDL        2 45.522 22.7608 64.4902
grp:S:IDR      4  1.265  0.3161  0.8958
grp:S:IDL      2  3.028  1.5140  4.2899
grp:IDR:IDL    2  3.003  1.5013  4.2539
S:IDR:IDL      4  7.781  1.9452  5.5115
grp:S:IDR:IDL  4  0.931  0.2328  0.6595
Linear mixed model fit by REML 
Formula: get(vname) ~ (1 | pp) + (1 | pp/S) + (1 | pp/IDR) + (1 | pp/IDL) +      (1 | pp/S:IDR:IDL) + grp * S * IDR * IDL 
   Data: mdata 
  AIC  BIC logLik deviance REMLdev
 1570 1767   -739     1398    1478
Random effects:
 Groups       Name        Variance Std.Dev.
 S:IDR:IDL:pp (Intercept) 0.918223 0.95824 
 IDR:pp       (Intercept) 0.451713 0.67210 
 S:pp         (Intercept) 0.097808 0.31274 
 IDL:pp       (Intercept) 0.366235 0.60517 
 pp           (Intercept) 0.054635 0.23374 
 pp           (Intercept) 0.054638 0.23375 
 pp           (Intercept) 0.054636 0.23374 
 pp           (Intercept) 0.054639 0.23375 
 pp           (Intercept) 0.054640 0.23375 
 Residual                 0.352934 0.59408 
Number of obs: 540, groups: S:IDR:IDL:pp, 180; IDR:pp, 30; S:pp, 30; IDL:pp, 20; pp, 10

Fixed effects:
                  Estimate Std. Error t value
(Intercept)        5.20136    0.26399  19.703
grp1               0.12513    0.26399   0.474
S1                -1.16910    0.13428  -8.707
S2                 0.29095    0.13428   2.167
IDR1              -1.25823    0.20402  -6.167
IDR2              -0.34299    0.20402  -1.681
IDL1              -1.40248    0.15513  -9.040
grp1:S1           -0.07934    0.13428  -0.591
grp1:S2            0.03783    0.13428   0.282
grp1:IDR1          0.17112    0.20402   0.839
grp1:IDR2          0.22135    0.20402   1.085
S1:IDR1            0.63491    0.15172   4.185
S2:IDR1           -0.15997    0.15172  -1.054
S1:IDR2            0.20630    0.15172   1.360
S2:IDR2            0.06423    0.15172   0.423
grp1:IDL1         -0.44025    0.15513  -2.838
S1:IDL1            0.28668    0.10728   2.672
S2:IDL1           -0.10007    0.10728  -0.933
IDR1:IDL1          0.86031    0.10728   8.019
IDR2:IDL1          0.31704    0.10728   2.955
grp1:S1:IDR1      -0.03520    0.15172  -0.232
grp1:S2:IDR1      -0.12531    0.15172  -0.826
grp1:S1:IDR2      -0.16156    0.15172  -1.065
grp1:S2:IDR2       0.07280    0.15172   0.480
grp1:S1:IDL1       0.30935    0.10728   2.883
grp1:S2:IDL1      -0.10683    0.10728  -0.996
grp1:IDR1:IDL1     0.31277    0.10728   2.915
grp1:IDR2:IDL1    -0.14785    0.10728  -1.378
S1:IDR1:IDL1      -0.42769    0.15172  -2.819
S2:IDR1:IDL1       0.12323    0.15172   0.812
S1:IDR2:IDL1      -0.13600    0.15172  -0.896
S2:IDR2:IDL1      -0.17758    0.15172  -1.170
grp1:S1:IDR1:IDL1 -0.17948    0.15172  -1.183
grp1:S2:IDR1:IDL1  0.15852    0.15172   1.045
grp1:S1:IDR2:IDL1  0.05534    0.15172   0.365
grp1:S2:IDR2:IDL1  0.04566    0.15172   0.301

Correlation of Fixed Effects:
            (Intr) grp1   S1     S2     IDR1   IDR2   IDL1   gr1:S1 gr1:S2
grp1         0.000                                                        
S1           0.000  0.000                                                 
S2           0.000  0.000 -0.500                                          
IDR1         0.000  0.000  0.000  0.000                                   
IDR2         0.000  0.000  0.000  0.000 -0.500                            
IDL1         0.000  0.000  0.000  0.000  0.000  0.000                     
grp1:S1      0.000  0.000  0.000  0.000  0.000  0.000  0.000              
grp1:S2      0.000  0.000  0.000  0.000  0.000  0.000  0.000 -0.500       
grp1:IDR1    0.000  0.000  0.000  0.000  0.000  0.000  0.000  0.000  0.000
grp1:IDR2    0.000  0.000  0.000  0.000  0.000  0.000  0.000  0.000  0.000
S1:IDR1      0.000  0.000  0.000  0.000  0.000  0.000  0.000  0.000  0.000
S2:IDR1      0.000  0.000  0.000  0.000  0.000  0.000  0.000  0.000  0.000
S1:IDR2      0.000  0.000  0.000  0.000  0.000  0.000  0.000  0.000  0.000
S2:IDR2      0.000  0.000  0.000  0.000  0.000  0.000  0.000  0.000  0.000
grp1:IDL1    0.000  0.000  0.000  0.000  0.000  0.000  0.000  0.000  0.000
S1:IDL1      0.000  0.000  0.000  0.000  0.000  0.000  0.000  0.000  0.000
S2:IDL1      0.000  0.000  0.000  0.000  0.000  0.000  0.000  0.000  0.000
IDR1:IDL1    0.000  0.000  0.000  0.000  0.000  0.000  0.000  0.000  0.000
IDR2:IDL1    0.000  0.000  0.000  0.000  0.000  0.000  0.000  0.000  0.000
gr1:S1:IDR1  0.000  0.000  0.000  0.000  0.000  0.000  0.000  0.000  0.000
gr1:S2:IDR1  0.000  0.000  0.000  0.000  0.000  0.000  0.000  0.000  0.000
gr1:S1:IDR2  0.000  0.000  0.000  0.000  0.000  0.000  0.000  0.000  0.000
gr1:S2:IDR2  0.000  0.000  0.000  0.000  0.000  0.000  0.000  0.000  0.000
gr1:S1:IDL1  0.000  0.000  0.000  0.000  0.000  0.000  0.000  0.000  0.000
gr1:S2:IDL1  0.000  0.000  0.000  0.000  0.000  0.000  0.000  0.000  0.000
g1:IDR1:IDL  0.000  0.000  0.000  0.000  0.000  0.000  0.000  0.000  0.000
g1:IDR2:IDL  0.000  0.000  0.000  0.000  0.000  0.000  0.000  0.000  0.000
S1:IDR1:IDL  0.000  0.000  0.000  0.000  0.000  0.000  0.000  0.000  0.000
S2:IDR1:IDL  0.000  0.000  0.000  0.000  0.000  0.000  0.000  0.000  0.000
S1:IDR2:IDL  0.000  0.000  0.000  0.000  0.000  0.000  0.000  0.000  0.000
S2:IDR2:IDL  0.000  0.000  0.000  0.000  0.000  0.000  0.000  0.000  0.000
g1:S1:IDR1:  0.000  0.000  0.000  0.000  0.000  0.000  0.000  0.000  0.000
g1:S2:IDR1:  0.000  0.000  0.000  0.000  0.000  0.000  0.000  0.000  0.000
g1:S1:IDR2:  0.000  0.000  0.000  0.000  0.000  0.000  0.000  0.000  0.000
g1:S2:IDR2:  0.000  0.000  0.000  0.000  0.000  0.000  0.000  0.000  0.000
            gr1:IDR1 gr1:IDR2 S1:IDR1 S2:IDR1 S1:IDR2 S2:IDR2 g1:IDL S1:IDL
grp1                                                                       
S1                                                                         
S2                                                                         
IDR1                                                                       
IDR2                                                                       
IDL1                                                                       
grp1:S1                                                                    
grp1:S2                                                                    
grp1:IDR1                                                                  
grp1:IDR2   -0.500                                                         
S1:IDR1      0.000    0.000                                                
S2:IDR1      0.000    0.000   -0.500                                       
S1:IDR2      0.000    0.000   -0.500   0.250                               
S2:IDR2      0.000    0.000    0.250  -0.500  -0.500                       
grp1:IDL1    0.000    0.000    0.000   0.000   0.000   0.000               
S1:IDL1      0.000    0.000    0.000   0.000   0.000   0.000   0.000       
S2:IDL1      0.000    0.000    0.000   0.000   0.000   0.000   0.000 -0.500
IDR1:IDL1    0.000    0.000    0.000   0.000   0.000   0.000   0.000  0.000
IDR2:IDL1    0.000    0.000    0.000   0.000   0.000   0.000   0.000  0.000
gr1:S1:IDR1  0.000    0.000    0.000   0.000   0.000   0.000   0.000  0.000
gr1:S2:IDR1  0.000    0.000    0.000   0.000   0.000   0.000   0.000  0.000
gr1:S1:IDR2  0.000    0.000    0.000   0.000   0.000   0.000   0.000  0.000
gr1:S2:IDR2  0.000    0.000    0.000   0.000   0.000   0.000   0.000  0.000
gr1:S1:IDL1  0.000    0.000    0.000   0.000   0.000   0.000   0.000  0.000
gr1:S2:IDL1  0.000    0.000    0.000   0.000   0.000   0.000   0.000  0.000
g1:IDR1:IDL  0.000    0.000    0.000   0.000   0.000   0.000   0.000  0.000
g1:IDR2:IDL  0.000    0.000    0.000   0.000   0.000   0.000   0.000  0.000
S1:IDR1:IDL  0.000    0.000    0.000   0.000   0.000   0.000   0.000  0.000
S2:IDR1:IDL  0.000    0.000    0.000   0.000   0.000   0.000   0.000  0.000
S1:IDR2:IDL  0.000    0.000    0.000   0.000   0.000   0.000   0.000  0.000
S2:IDR2:IDL  0.000    0.000    0.000   0.000   0.000   0.000   0.000  0.000
g1:S1:IDR1:  0.000    0.000    0.000   0.000   0.000   0.000   0.000  0.000
g1:S2:IDR1:  0.000    0.000    0.000   0.000   0.000   0.000   0.000  0.000
g1:S1:IDR2:  0.000    0.000    0.000   0.000   0.000   0.000   0.000  0.000
g1:S2:IDR2:  0.000    0.000    0.000   0.000   0.000   0.000   0.000  0.000
            S2:IDL IDR1:I IDR2:I gr1:S1:IDR1 gr1:S2:IDR1 gr1:S1:IDR2
grp1                                                                
S1                                                                  
S2                                                                  
IDR1                                                                
IDR2                                                                
IDL1                                                                
grp1:S1                                                             
grp1:S2                                                             
grp1:IDR1                                                           
grp1:IDR2                                                           
S1:IDR1                                                             
S2:IDR1                                                             
S1:IDR2                                                             
S2:IDR2                                                             
grp1:IDL1                                                           
S1:IDL1                                                             
S2:IDL1                                                             
IDR1:IDL1    0.000                                                  
IDR2:IDL1    0.000 -0.500                                           
gr1:S1:IDR1  0.000  0.000  0.000                                    
gr1:S2:IDR1  0.000  0.000  0.000 -0.500                             
gr1:S1:IDR2  0.000  0.000  0.000 -0.500       0.250                 
gr1:S2:IDR2  0.000  0.000  0.000  0.250      -0.500      -0.500     
gr1:S1:IDL1  0.000  0.000  0.000  0.000       0.000       0.000     
gr1:S2:IDL1  0.000  0.000  0.000  0.000       0.000       0.000     
g1:IDR1:IDL  0.000  0.000  0.000  0.000       0.000       0.000     
g1:IDR2:IDL  0.000  0.000  0.000  0.000       0.000       0.000     
S1:IDR1:IDL  0.000  0.000  0.000  0.000       0.000       0.000     
S2:IDR1:IDL  0.000  0.000  0.000  0.000       0.000       0.000     
S1:IDR2:IDL  0.000  0.000  0.000  0.000       0.000       0.000     
S2:IDR2:IDL  0.000  0.000  0.000  0.000       0.000       0.000     
g1:S1:IDR1:  0.000  0.000  0.000  0.000       0.000       0.000     
g1:S2:IDR1:  0.000  0.000  0.000  0.000       0.000       0.000     
g1:S1:IDR2:  0.000  0.000  0.000  0.000       0.000       0.000     
g1:S2:IDR2:  0.000  0.000  0.000  0.000       0.000       0.000     
            gr1:S2:IDR2 g1:S1:IDL g1:S2:IDL g1:IDR1: g1:IDR2: S1:IDR1: S2:IDR1:
grp1                                                                           
S1                                                                             
S2                                                                             
IDR1                                                                           
IDR2                                                                           
IDL1                                                                           
grp1:S1                                                                        
grp1:S2                                                                        
grp1:IDR1                                                                      
grp1:IDR2                                                                      
S1:IDR1                                                                        
S2:IDR1                                                                        
S1:IDR2                                                                        
S2:IDR2                                                                        
grp1:IDL1                                                                      
S1:IDL1                                                                        
S2:IDL1                                                                        
IDR1:IDL1                                                                      
IDR2:IDL1                                                                      
gr1:S1:IDR1                                                                    
gr1:S2:IDR1                                                                    
gr1:S1:IDR2                                                                    
gr1:S2:IDR2                                                                    
gr1:S1:IDL1  0.000                                                             
gr1:S2:IDL1  0.000      -0.500                                                 
g1:IDR1:IDL  0.000       0.000     0.000                                       
g1:IDR2:IDL  0.000       0.000     0.000    -0.500                             
S1:IDR1:IDL  0.000       0.000     0.000     0.000    0.000                    
S2:IDR1:IDL  0.000       0.000     0.000     0.000    0.000   -0.500           
S1:IDR2:IDL  0.000       0.000     0.000     0.000    0.000   -0.500    0.250  
S2:IDR2:IDL  0.000       0.000     0.000     0.000    0.000    0.250   -0.500  
g1:S1:IDR1:  0.000       0.000     0.000     0.000    0.000    0.000    0.000  
g1:S2:IDR1:  0.000       0.000     0.000     0.000    0.000    0.000    0.000  
g1:S1:IDR2:  0.000       0.000     0.000     0.000    0.000    0.000    0.000  
g1:S2:IDR2:  0.000       0.000     0.000     0.000    0.000    0.000    0.000  
            S1:IDR2: S2:IDR2: g1:S1:IDR1: g1:S2:IDR1: g1:S1:IDR2:
grp1                                                             
S1                                                               
S2                                                               
IDR1                                                             
IDR2                                                             
IDL1                                                             
grp1:S1                                                          
grp1:S2                                                          
grp1:IDR1                                                        
grp1:IDR2                                                        
S1:IDR1                                                          
S2:IDR1                                                          
S1:IDR2                                                          
S2:IDR2                                                          
grp1:IDL1                                                        
S1:IDL1                                                          
S2:IDL1                                                          
IDR1:IDL1                                                        
IDR2:IDL1                                                        
gr1:S1:IDR1                                                      
gr1:S2:IDR1                                                      
gr1:S1:IDR2                                                      
gr1:S2:IDR2                                                      
gr1:S1:IDL1                                                      
gr1:S2:IDL1                                                      
g1:IDR1:IDL                                                      
g1:IDR2:IDL                                                      
S1:IDR1:IDL                                                      
S2:IDR1:IDL                                                      
S1:IDR2:IDL                                                      
S2:IDR2:IDL -0.500                                               
g1:S1:IDR1:  0.000    0.000                                      
g1:S2:IDR1:  0.000    0.000   -0.500                             
g1:S1:IDR2:  0.000    0.000   -0.500       0.250                 
g1:S2:IDR2:  0.000    0.000    0.250      -0.500      -0.500     
