[1] "Summary by group"
  grp IPerfEfR.m IPerfEfR.s
1   C   5.326494   2.913390
2   U   5.076227   2.636901
[1] "Summary by session\n"
  S IPerfEfR.m IPerfEfR.s
1 1   4.032264   1.680861
2 2   5.492312   2.790872
3 3   6.079506   3.225329
[1] "Summary by IDR+IDR\n"
  IDL IDR IPerfEfR.m IPerfEfR.s
1   D   D   3.400957  0.7003761
2   D   M   3.772921  1.1391377
3   D   E   4.222751  1.9475467
4   E   D   4.485311  0.9598170
5   E   M   5.943818  1.9214922
6   E   E   9.382406  3.3922893
[1] "Summary by group + Session\n"
  grp S IPerfEfR.m IPerfEfR.s
1   C 1   4.078059   1.648403
2   C 2   5.655279   3.024238
3   C 3   6.246143   3.354152
4   U 1   3.986469   1.720714
5   U 2   5.329344   2.542778
6   U 3   5.912869   3.100948
[1] "Summary by Session + IDR + IDL \n"
   S IDL IDR IPerfEfR.m IPerfEfR.s
1  1   D   D   2.725770  0.5107955
2  1   D   M   2.960800  0.7104212
3  1   D   E   3.062813  1.4568848
4  1   E   D   4.092133  0.5829148
5  1   E   M   4.830343  0.9405882
6  1   E   E   6.521723  1.5254146
7  2   D   D   3.555097  0.3929659
8  2   D   M   3.850447  1.1046806
9  2   D   E   4.563723  2.0725054
10 2   E   D   4.593130  0.8888031
11 2   E   M   6.576657  2.1921409
12 2   E   E   9.814817  2.8048676
13 3   D   D   3.922003  0.5595072
14 3   D   M   4.507517  1.0053053
15 3   D   E   5.041717  1.7368507
16 3   E   D   4.770670  1.2005569
17 3   E   M   6.424453  1.9248349
18 3   E   E  11.810677  3.2192220
[1] "Summary by group + IDR + IDL\n"
   grp IDL IDR IPerfEfR.m IPerfEfR.s
1    C   D   D   3.569722  0.6554425
2    C   D   M   3.531304  0.6376428
3    C   D   E   3.350242  0.6534375
4    C   E   D   4.909044  0.8893175
5    C   E   M   6.878404  1.8515013
6    C   E   E   9.720244  3.6847801
7    U   D   D   3.232191  0.7101679
8    U   D   M   4.014538  1.4487104
9    U   D   E   5.095260  2.3849428
10   U   E   D   4.061578  0.8398143
11   U   E   M   5.009231  1.5011705
12   U   E   E   9.044567  3.0766423
[1] "Summary by group + Session + IDR + IDL\n"
   grp S IDL IDR IPerfEfR.m IPerfEfR.s
1    C 1   D   D   2.909867  0.4854989
2    C 1   D   M   2.842980  0.3420416
3    C 1   D   E   2.741213  0.3618599
4    C 1   E   D   4.271467  0.4745132
5    C 1   E   M   5.159347  0.7380703
6    C 1   E   E   6.543480  1.7898873
7    C 2   D   D   3.688080  0.3351014
8    C 2   D   M   3.658287  0.3283482
9    C 2   D   E   3.470547  0.6700455
10   C 2   E   D   4.877700  0.8776451
11   C 2   E   M   7.683053  1.9028354
12   C 2   E   E  10.554007  2.9638290
13   C 3   D   D   4.111220  0.4544242
14   C 3   D   M   4.092647  0.4364887
15   C 3   D   E   3.838967  0.3052960
16   C 3   E   D   5.577967  0.7577627
17   C 3   E   M   7.792813  1.3610825
18   C 3   E   E  12.063247  3.6393987
19   U 1   D   D   2.541673  0.4817953
20   U 1   D   M   3.078620  0.9480020
21   U 1   D   E   3.384413  2.0109857
22   U 1   E   D   3.912800  0.6401343
23   U 1   E   M   4.501340  1.0275740
24   U 1   E   E   6.499967  1.2709347
25   U 2   D   D   3.422113  0.4119297
26   U 2   D   M   4.042607  1.5299887
27   U 2   D   E   5.656900  2.4264403
28   U 2   E   D   4.308560  0.8322132
29   U 2   E   M   5.470260  1.9262215
30   U 2   E   E   9.075627  2.5182077
31   U 3   D   D   3.732787  0.6043471
32   U 3   D   M   4.922387  1.2385965
33   U 3   D   E   6.244467  1.7480551
34   U 3   E   D   3.963373  1.0074039
35   U 3   E   M   5.056093  1.3452770
36   U 3   E   E  11.558107  2.8434316
