[1] "q4Rrel ~S*IDR*IDL*grp + Error(pp/(S*IDR*IDL))"
$ANOVA
          Effect DFn DFd          F            p p<.05          ges
2            grp   1   8  0.2049340 0.6627918390       0.0086093495
3              S   2  16  1.6098379 0.2306701471       0.0258475608
4          grp:S   2  16  4.3299309 0.0314076010     * 0.0666121707
5            IDR   2  16  4.5808186 0.0267330604     * 0.0830718980
6        grp:IDR   2  16  0.4716194 0.6323949654       0.0092413473
7            IDL   1   8 30.4382925 0.0005623040     * 0.2741748853
8        grp:IDL   1   8  2.4354281 0.1572434000       0.0293372279
9          S:IDR   4  32  0.2241999 0.9228878614       0.0053159961
10     grp:S:IDR   4  32  2.2653955 0.0838717233       0.0512350139
11         S:IDL   2  16  0.4294648 0.6581424078       0.0016000778
12     grp:S:IDL   2  16  1.1484628 0.3419281611       0.0042674518
13       IDR:IDL   2  16 20.0881158 0.0000433051     * 0.0520458843
14   grp:IDR:IDL   2  16  3.6227621 0.0503784845       0.0098043924
15     S:IDR:IDL   4  32  1.9849578 0.1205454424       0.0071977857
16 grp:S:IDR:IDL   4  32  0.1739696 0.9501437195       0.0006350126

$`Mauchly's Test for Sphericity`
          Effect         W          p p<.05
3              S 0.4902497 0.08250127      
4          grp:S 0.4902497 0.08250127      
5            IDR 0.7398514 0.34834193      
6        grp:IDR 0.7398514 0.34834193      
9          S:IDR 0.1351849 0.18537945      
10     grp:S:IDR 0.1351849 0.18537945      
11         S:IDL 0.5461979 0.12042736      
12     grp:S:IDL 0.5461979 0.12042736      
13       IDR:IDL 0.8874105 0.65831827      
14   grp:IDR:IDL 0.8874105 0.65831827      
15     S:IDR:IDL 0.4322243 0.80860367      
16 grp:S:IDR:IDL 0.4322243 0.80860367      

$`Sphericity Corrections`
          Effect       GGe        p[GG] p[GG]<.05       HFe        p[HF]
3              S 0.6623612 0.2393493644           0.7432276 0.2378332415
4          grp:S 0.6623612 0.0544219080           0.7432276 0.0476695542
5            IDR 0.7935572 0.0384249721         * 0.9577615 0.0287824339
6        grp:IDR 0.7935572 0.5914845817           0.9577615 0.6247242772
9          S:IDR 0.6401599 0.8503009243           0.9672901 0.9182927535
10     grp:S:IDR 0.6401599 0.1186927439           0.9672901 0.0865258523
11         S:IDL 0.6878515 0.5886391899           0.7835796 0.6127161157
12     grp:S:IDL 0.6878515 0.3294693821           0.7835796 0.3343620571
13       IDR:IDL 0.8988041 0.0000937937         * 1.1429843 0.0000433051
14   grp:IDR:IDL 0.8988041 0.0570762193           1.1429843 0.0503784845
15     S:IDR:IDL 0.7757149 0.1406031450           1.3235141 0.1205454424
16 grp:S:IDR:IDL 0.7757149 0.9179174464           1.3235141 0.9501437195
   p[HF]<.05
3           
4          *
5          *
6           
9           
10          
11          
12          
13         *
14          
15          
16          

