                  Estimate MCMCmean HPD95lower HPD95upper pMCMC Pr(>|t|)
(Intercept)         0.9400   0.9402     0.9037     0.9771 0.001   0.0000
grp1                0.0086   0.0087    -0.0280     0.0448 0.632   0.6510
S1                 -0.0209  -0.0216    -0.0401    -0.0021 0.038   0.0793
S2                  0.0141   0.0145    -0.0051     0.0307 0.132   0.2348
IDR1                0.0355   0.0359     0.0162     0.0530 0.001   0.0066
IDR2               -0.0325  -0.0326    -0.0527    -0.0132 0.004   0.0127
IDL1               -0.0568  -0.0573    -0.0740    -0.0427 0.001   0.0000
grp1:S1            -0.0345  -0.0343    -0.0546    -0.0153 0.002   0.0039
grp1:S2             0.0123   0.0124    -0.0052     0.0311 0.200   0.3016
grp1:IDR1          -0.0053  -0.0056    -0.0250     0.0140 0.520   0.6817
grp1:IDR2           0.0126   0.0123    -0.0087     0.0307 0.204   0.3338
S1:IDR1            -0.0006  -0.0002    -0.0123     0.0126 0.958   0.9551
S2:IDR1             0.0063   0.0060    -0.0060     0.0188 0.348   0.5218
S1:IDR2             0.0081   0.0078    -0.0040     0.0206 0.216   0.4089
S2:IDR2            -0.0017  -0.0015    -0.0130     0.0118 0.798   0.8641
grp1:IDL1          -0.0161  -0.0165    -0.0325     0.0002 0.046   0.1192
S1:IDL1            -0.0051  -0.0049    -0.0144     0.0041 0.260   0.4650
S2:IDL1             0.0015   0.0014    -0.0079     0.0104 0.756   0.8330
IDR1:IDL1           0.0244   0.0243     0.0147     0.0335 0.001   0.0005
IDR2:IDL1           0.0039   0.0040    -0.0043     0.0130 0.386   0.5792
grp1:S1:IDR1       -0.0213  -0.0213    -0.0354    -0.0094 0.004   0.0308
grp1:S2:IDR1       -0.0175  -0.0178    -0.0319    -0.0057 0.012   0.0764
grp1:S1:IDR2       -0.0048  -0.0047    -0.0177     0.0080 0.514   0.6237
grp1:S2:IDR2        0.0133   0.0135     0.0003     0.0259 0.046   0.1786
grp1:S1:IDL1        0.0075   0.0074    -0.0020     0.0172 0.116   0.2843
grp1:S2:IDL1       -0.0001  -0.0001    -0.0090     0.0093 0.980   0.9904
grp1:IDR1:IDL1      0.0110   0.0109     0.0022     0.0191 0.012   0.1134
grp1:IDR2:IDL1     -0.0115  -0.0113    -0.0198    -0.0016 0.010   0.0991
S1:IDR1:IDL1       -0.0103  -0.0104    -0.0235     0.0025 0.110   0.2951
S2:IDR1:IDL1        0.0104   0.0103    -0.0024     0.0226 0.110   0.2890
S1:IDR2:IDL1        0.0140   0.0140    -0.0001     0.0254 0.026   0.1552
S2:IDR2:IDL1       -0.0097  -0.0094    -0.0221     0.0030 0.140   0.3259
grp1:S1:IDR1:IDL1   0.0013   0.0013    -0.0117     0.0151 0.826   0.8922
grp1:S2:IDR1:IDL1   0.0008   0.0007    -0.0116     0.0130 0.914   0.9386
grp1:S1:IDR2:IDL1   0.0029   0.0030    -0.0102     0.0162 0.660   0.7661
grp1:S2:IDR2:IDL1  -0.0021  -0.0022    -0.0149     0.0133 0.770   0.8319
NULL
       Length Class      Mode
fixed  6      data.frame list
random 7      data.frame list
Analysis of Variance Table
              Df   Sum Sq  Mean Sq F value
grp            1 0.000420 0.000420  0.2049
S              2 0.006601 0.003301  1.6099
IDR            2 0.018784 0.009392  4.5808
IDL            1 0.062406 0.062406 30.4385
grp:S          2 0.017755 0.008877  4.3300
grp:IDR        2 0.001934 0.000967  0.4716
S:IDR          4 0.003872 0.000968  0.4722
grp:IDL        1 0.004993 0.004993  2.4354
S:IDL          2 0.001161 0.000581  0.2832
IDR:IDL        2 0.039782 0.019891  9.7018
grp:S:IDR      4 0.039128 0.009782  4.7712
grp:S:IDL      2 0.003105 0.001553  0.7573
grp:IDR:IDL    2 0.007174 0.003587  1.7496
S:IDR:IDL      4 0.005253 0.001313  0.6406
grp:S:IDR:IDL  4 0.000460 0.000115  0.0561
Linear mixed model fit by REML 
Formula: get(vname) ~ (1 | pp) + (1 | pp/S) + (1 | pp/IDR) + (1 | pp/IDL) +      (1 | pp/S:IDR:IDL) + grp * S * IDR * IDL 
   Data: mdata 
   AIC    BIC logLik deviance REMLdev
 -1060 -862.5  575.9    -1426   -1152
Random effects:
 Groups       Name        Variance   Std.Dev.
 S:IDR:IDL:pp (Intercept) 0.00367423 0.060615
 IDR:pp       (Intercept) 0.00181192 0.042567
 S:pp         (Intercept) 0.00138896 0.037269
 IDL:pp       (Intercept) 0.00163937 0.040489
 pp           (Intercept) 0.00029929 0.017300
 pp           (Intercept) 0.00029930 0.017300
 pp           (Intercept) 0.00029938 0.017303
 pp           (Intercept) 0.00029935 0.017302
 pp           (Intercept) 0.00029946 0.017305
 Residual                 0.00205024 0.045280
Number of obs: 540, groups: S:IDR:IDL:pp, 180; IDR:pp, 30; S:pp, 30; IDL:pp, 20; pp, 10

Fixed effects:
                    Estimate Std. Error t value
(Intercept)        9.400e-01  1.904e-02   49.37
grp1               8.620e-03  1.904e-02    0.45
S1                -2.088e-02  1.188e-02   -1.76
S2                 1.413e-02  1.188e-02    1.19
IDR1               3.547e-02  1.301e-02    2.73
IDR2              -3.254e-02  1.301e-02   -2.50
IDL1              -5.685e-02  1.030e-02   -5.52
grp1:S1           -3.447e-02  1.188e-02   -2.90
grp1:S2            1.228e-02  1.188e-02    1.03
grp1:IDR1         -5.339e-03  1.301e-02   -0.41
grp1:IDR2          1.259e-02  1.301e-02    0.97
S1:IDR1           -5.544e-04  9.841e-03   -0.06
S2:IDR1            6.308e-03  9.841e-03    0.64
S1:IDR2            8.134e-03  9.841e-03    0.83
S2:IDR2           -1.685e-03  9.841e-03   -0.17
grp1:IDL1         -1.608e-02  1.030e-02   -1.56
S1:IDL1           -5.087e-03  6.958e-03   -0.73
S2:IDL1            1.468e-03  6.958e-03    0.21
IDR1:IDL1          2.440e-02  6.958e-03    3.51
IDR2:IDL1          3.862e-03  6.958e-03    0.55
grp1:S1:IDR1      -2.132e-02  9.841e-03   -2.17
grp1:S2:IDR1      -1.747e-02  9.841e-03   -1.78
grp1:S1:IDR2      -4.831e-03  9.841e-03   -0.49
grp1:S2:IDR2       1.325e-02  9.841e-03    1.35
grp1:S1:IDL1       7.458e-03  6.958e-03    1.07
grp1:S2:IDL1      -8.414e-05  6.958e-03   -0.01
grp1:IDR1:IDL1     1.104e-02  6.958e-03    1.59
grp1:IDR2:IDL1    -1.150e-02  6.958e-03   -1.65
S1:IDR1:IDL1      -1.031e-02  9.841e-03   -1.05
S2:IDR1:IDL1       1.045e-02  9.841e-03    1.06
S1:IDR2:IDL1       1.401e-02  9.841e-03    1.42
S2:IDR2:IDL1      -9.677e-03  9.841e-03   -0.98
grp1:S1:IDR1:IDL1  1.334e-03  9.841e-03    0.14
grp1:S2:IDR1:IDL1  7.587e-04  9.841e-03    0.08
grp1:S1:IDR2:IDL1  2.929e-03  9.841e-03    0.30
grp1:S2:IDR2:IDL1 -2.090e-03  9.841e-03   -0.21

Correlation of Fixed Effects:
            (Intr) grp1   S1     S2     IDR1   IDR2   IDL1   gr1:S1 gr1:S2
grp1         0.000                                                        
S1           0.000  0.000                                                 
S2           0.000  0.000 -0.500                                          
IDR1         0.000  0.000  0.000  0.000                                   
IDR2         0.000  0.000  0.000  0.000 -0.500                            
IDL1         0.000  0.000  0.000  0.000  0.000  0.000                     
grp1:S1      0.000  0.000  0.000  0.000  0.000  0.000  0.000              
grp1:S2      0.000  0.000  0.000  0.000  0.000  0.000  0.000 -0.500       
grp1:IDR1    0.000  0.000  0.000  0.000  0.000  0.000  0.000  0.000  0.000
grp1:IDR2    0.000  0.000  0.000  0.000  0.000  0.000  0.000  0.000  0.000
S1:IDR1      0.000  0.000  0.000  0.000  0.000  0.000  0.000  0.000  0.000
S2:IDR1      0.000  0.000  0.000  0.000  0.000  0.000  0.000  0.000  0.000
S1:IDR2      0.000  0.000  0.000  0.000  0.000  0.000  0.000  0.000  0.000
S2:IDR2      0.000  0.000  0.000  0.000  0.000  0.000  0.000  0.000  0.000
grp1:IDL1    0.000  0.000  0.000  0.000  0.000  0.000  0.000  0.000  0.000
S1:IDL1      0.000  0.000  0.000  0.000  0.000  0.000  0.000  0.000  0.000
S2:IDL1      0.000  0.000  0.000  0.000  0.000  0.000  0.000  0.000  0.000
IDR1:IDL1    0.000  0.000  0.000  0.000  0.000  0.000  0.000  0.000  0.000
IDR2:IDL1    0.000  0.000  0.000  0.000  0.000  0.000  0.000  0.000  0.000
gr1:S1:IDR1  0.000  0.000  0.000  0.000  0.000  0.000  0.000  0.000  0.000
gr1:S2:IDR1  0.000  0.000  0.000  0.000  0.000  0.000  0.000  0.000  0.000
gr1:S1:IDR2  0.000  0.000  0.000  0.000  0.000  0.000  0.000  0.000  0.000
gr1:S2:IDR2  0.000  0.000  0.000  0.000  0.000  0.000  0.000  0.000  0.000
gr1:S1:IDL1  0.000  0.000  0.000  0.000  0.000  0.000  0.000  0.000  0.000
gr1:S2:IDL1  0.000  0.000  0.000  0.000  0.000  0.000  0.000  0.000  0.000
g1:IDR1:IDL  0.000  0.000  0.000  0.000  0.000  0.000  0.000  0.000  0.000
g1:IDR2:IDL  0.000  0.000  0.000  0.000  0.000  0.000  0.000  0.000  0.000
S1:IDR1:IDL  0.000  0.000  0.000  0.000  0.000  0.000  0.000  0.000  0.000
S2:IDR1:IDL  0.000  0.000  0.000  0.000  0.000  0.000  0.000  0.000  0.000
S1:IDR2:IDL  0.000  0.000  0.000  0.000  0.000  0.000  0.000  0.000  0.000
S2:IDR2:IDL  0.000  0.000  0.000  0.000  0.000  0.000  0.000  0.000  0.000
g1:S1:IDR1:  0.000  0.000  0.000  0.000  0.000  0.000  0.000  0.000  0.000
g1:S2:IDR1:  0.000  0.000  0.000  0.000  0.000  0.000  0.000  0.000  0.000
g1:S1:IDR2:  0.000  0.000  0.000  0.000  0.000  0.000  0.000  0.000  0.000
g1:S2:IDR2:  0.000  0.000  0.000  0.000  0.000  0.000  0.000  0.000  0.000
            gr1:IDR1 gr1:IDR2 S1:IDR1 S2:IDR1 S1:IDR2 S2:IDR2 g1:IDL S1:IDL
grp1                                                                       
S1                                                                         
S2                                                                         
IDR1                                                                       
IDR2                                                                       
IDL1                                                                       
grp1:S1                                                                    
grp1:S2                                                                    
grp1:IDR1                                                                  
grp1:IDR2   -0.500                                                         
S1:IDR1      0.000    0.000                                                
S2:IDR1      0.000    0.000   -0.500                                       
S1:IDR2      0.000    0.000   -0.500   0.250                               
S2:IDR2      0.000    0.000    0.250  -0.500  -0.500                       
grp1:IDL1    0.000    0.000    0.000   0.000   0.000   0.000               
S1:IDL1      0.000    0.000    0.000   0.000   0.000   0.000   0.000       
S2:IDL1      0.000    0.000    0.000   0.000   0.000   0.000   0.000 -0.500
IDR1:IDL1    0.000    0.000    0.000   0.000   0.000   0.000   0.000  0.000
IDR2:IDL1    0.000    0.000    0.000   0.000   0.000   0.000   0.000  0.000
gr1:S1:IDR1  0.000    0.000    0.000   0.000   0.000   0.000   0.000  0.000
gr1:S2:IDR1  0.000    0.000    0.000   0.000   0.000   0.000   0.000  0.000
gr1:S1:IDR2  0.000    0.000    0.000   0.000   0.000   0.000   0.000  0.000
gr1:S2:IDR2  0.000    0.000    0.000   0.000   0.000   0.000   0.000  0.000
gr1:S1:IDL1  0.000    0.000    0.000   0.000   0.000   0.000   0.000  0.000
gr1:S2:IDL1  0.000    0.000    0.000   0.000   0.000   0.000   0.000  0.000
g1:IDR1:IDL  0.000    0.000    0.000   0.000   0.000   0.000   0.000  0.000
g1:IDR2:IDL  0.000    0.000    0.000   0.000   0.000   0.000   0.000  0.000
S1:IDR1:IDL  0.000    0.000    0.000   0.000   0.000   0.000   0.000  0.000
S2:IDR1:IDL  0.000    0.000    0.000   0.000   0.000   0.000   0.000  0.000
S1:IDR2:IDL  0.000    0.000    0.000   0.000   0.000   0.000   0.000  0.000
S2:IDR2:IDL  0.000    0.000    0.000   0.000   0.000   0.000   0.000  0.000
g1:S1:IDR1:  0.000    0.000    0.000   0.000   0.000   0.000   0.000  0.000
g1:S2:IDR1:  0.000    0.000    0.000   0.000   0.000   0.000   0.000  0.000
g1:S1:IDR2:  0.000    0.000    0.000   0.000   0.000   0.000   0.000  0.000
g1:S2:IDR2:  0.000    0.000    0.000   0.000   0.000   0.000   0.000  0.000
            S2:IDL IDR1:I IDR2:I gr1:S1:IDR1 gr1:S2:IDR1 gr1:S1:IDR2
grp1                                                                
S1                                                                  
S2                                                                  
IDR1                                                                
IDR2                                                                
IDL1                                                                
grp1:S1                                                             
grp1:S2                                                             
grp1:IDR1                                                           
grp1:IDR2                                                           
S1:IDR1                                                             
S2:IDR1                                                             
S1:IDR2                                                             
S2:IDR2                                                             
grp1:IDL1                                                           
S1:IDL1                                                             
S2:IDL1                                                             
IDR1:IDL1    0.000                                                  
IDR2:IDL1    0.000 -0.500                                           
gr1:S1:IDR1  0.000  0.000  0.000                                    
gr1:S2:IDR1  0.000  0.000  0.000 -0.500                             
gr1:S1:IDR2  0.000  0.000  0.000 -0.500       0.250                 
gr1:S2:IDR2  0.000  0.000  0.000  0.250      -0.500      -0.500     
gr1:S1:IDL1  0.000  0.000  0.000  0.000       0.000       0.000     
gr1:S2:IDL1  0.000  0.000  0.000  0.000       0.000       0.000     
g1:IDR1:IDL  0.000  0.000  0.000  0.000       0.000       0.000     
g1:IDR2:IDL  0.000  0.000  0.000  0.000       0.000       0.000     
S1:IDR1:IDL  0.000  0.000  0.000  0.000       0.000       0.000     
S2:IDR1:IDL  0.000  0.000  0.000  0.000       0.000       0.000     
S1:IDR2:IDL  0.000  0.000  0.000  0.000       0.000       0.000     
S2:IDR2:IDL  0.000  0.000  0.000  0.000       0.000       0.000     
g1:S1:IDR1:  0.000  0.000  0.000  0.000       0.000       0.000     
g1:S2:IDR1:  0.000  0.000  0.000  0.000       0.000       0.000     
g1:S1:IDR2:  0.000  0.000  0.000  0.000       0.000       0.000     
g1:S2:IDR2:  0.000  0.000  0.000  0.000       0.000       0.000     
            gr1:S2:IDR2 g1:S1:IDL g1:S2:IDL g1:IDR1: g1:IDR2: S1:IDR1: S2:IDR1:
grp1                                                                           
S1                                                                             
S2                                                                             
IDR1                                                                           
IDR2                                                                           
IDL1                                                                           
grp1:S1                                                                        
grp1:S2                                                                        
grp1:IDR1                                                                      
grp1:IDR2                                                                      
S1:IDR1                                                                        
S2:IDR1                                                                        
S1:IDR2                                                                        
S2:IDR2                                                                        
grp1:IDL1                                                                      
S1:IDL1                                                                        
S2:IDL1                                                                        
IDR1:IDL1                                                                      
IDR2:IDL1                                                                      
gr1:S1:IDR1                                                                    
gr1:S2:IDR1                                                                    
gr1:S1:IDR2                                                                    
gr1:S2:IDR2                                                                    
gr1:S1:IDL1  0.000                                                             
gr1:S2:IDL1  0.000      -0.500                                                 
g1:IDR1:IDL  0.000       0.000     0.000                                       
g1:IDR2:IDL  0.000       0.000     0.000    -0.500                             
S1:IDR1:IDL  0.000       0.000     0.000     0.000    0.000                    
S2:IDR1:IDL  0.000       0.000     0.000     0.000    0.000   -0.500           
S1:IDR2:IDL  0.000       0.000     0.000     0.000    0.000   -0.500    0.250  
S2:IDR2:IDL  0.000       0.000     0.000     0.000    0.000    0.250   -0.500  
g1:S1:IDR1:  0.000       0.000     0.000     0.000    0.000    0.000    0.000  
g1:S2:IDR1:  0.000       0.000     0.000     0.000    0.000    0.000    0.000  
g1:S1:IDR2:  0.000       0.000     0.000     0.000    0.000    0.000    0.000  
g1:S2:IDR2:  0.000       0.000     0.000     0.000    0.000    0.000    0.000  
            S1:IDR2: S2:IDR2: g1:S1:IDR1: g1:S2:IDR1: g1:S1:IDR2:
grp1                                                             
S1                                                               
S2                                                               
IDR1                                                             
IDR2                                                             
IDL1                                                             
grp1:S1                                                          
grp1:S2                                                          
grp1:IDR1                                                        
grp1:IDR2                                                        
S1:IDR1                                                          
S2:IDR1                                                          
S1:IDR2                                                          
S2:IDR2                                                          
grp1:IDL1                                                        
S1:IDL1                                                          
S2:IDL1                                                          
IDR1:IDL1                                                        
IDR2:IDL1                                                        
gr1:S1:IDR1                                                      
gr1:S2:IDR1                                                      
gr1:S1:IDR2                                                      
gr1:S2:IDR2                                                      
gr1:S1:IDL1                                                      
gr1:S2:IDL1                                                      
g1:IDR1:IDL                                                      
g1:IDR2:IDL                                                      
S1:IDR1:IDL                                                      
S2:IDR1:IDL                                                      
S1:IDR2:IDL                                                      
S2:IDR2:IDL -0.500                                               
g1:S1:IDR1:  0.000    0.000                                      
g1:S2:IDR1:  0.000    0.000   -0.500                             
g1:S1:IDR2:  0.000    0.000   -0.500       0.250                 
g1:S2:IDR2:  0.000    0.000    0.250      -0.500      -0.500     
