[1] "accQR ~(S*DID*grp)+Error(pp/(S*DID))+grp"
$ANOVA
     Effect DFn DFd          F            p p<.05         ges
2       grp   1   8  0.1502744 7.083835e-01       0.007299664
3         S   2  16  7.0734653 6.295280e-03     * 0.174305142
5       DID   2  16 61.1332445 3.215321e-08     * 0.671855283
4     grp:S   2  16  6.0326581 1.115836e-02     * 0.152570533
6   grp:DID   2  16  0.8291303 4.543353e-01       0.027018439
7     S:DID   4  32  5.0311033 2.922165e-03     * 0.060198915
8 grp:S:DID   4  32  4.0006559 9.634571e-03     * 0.048466830

$`Mauchly's Test for Sphericity`
     Effect          W          p p<.05
3         S 0.35676764 0.02712371     *
4     grp:S 0.35676764 0.02712371     *
5       DID 0.67026028 0.24652002      
6   grp:DID 0.67026028 0.24652002      
7     S:DID 0.05916268 0.03924571     *
8 grp:S:DID 0.05916268 0.03924571     *

$`Sphericity Corrections`
     Effect       GGe        p[GG] p[GG]<.05       HFe        p[HF] p[HF]<.05
3         S 0.6085567 2.062262e-02         * 0.6600449 1.760996e-02         *
4     grp:S 0.6085567 2.995166e-02         * 0.6600449 2.626528e-02         *
5       DID 0.7520269 1.228257e-06         * 0.8879756 1.661900e-07         *
6   grp:DID 0.7520269 4.280207e-01           0.8879756 4.434432e-01          
7     S:DID 0.5709200 1.525003e-02         * 0.8114102 5.995084e-03         *
8 grp:S:DID 0.5709200 3.184060e-02         * 0.8114102 1.619439e-02         *

