[1] "Summary by group"
  grp HarmonicityDownR.m HarmonicityDownR.s
1   C          0.5492873          0.4364091
2   U          0.5172510          0.4178134
[1] "Summary by session\n"
  S HarmonicityDownR.m HarmonicityDownR.s
1 1          0.4354247          0.4239220
2 2          0.5812443          0.4186872
3 3          0.5831383          0.4252390
[1] "Summary by DID\n"
  DID HarmonicityDownR.m HarmonicityDownR.s
1   1         0.94875244         0.16737777
2   2         0.55276458         0.38418356
3   3         0.09829037         0.09200765
[1] "Summary by group + Session\n"
  grp S HarmonicityDownR.m HarmonicityDownR.s
1   C 1          0.3862331          0.4103778
2   C 2          0.6212259          0.4357506
3   C 3          0.6404029          0.4251503
4   U 1          0.4846164          0.4360556
5   U 2          0.5412628          0.4017882
6   U 3          0.5258738          0.4222628
[1] "Summary by Session + DID\n"
  S DID HarmonicityDownR.m HarmonicityDownR.s
1 1   1         0.90132733         0.22770948
2 1   2         0.34025390         0.34961864
3 1   3         0.06469297         0.03656624
4 2   1         0.98567933         0.07843752
5 2   2         0.64686663         0.33889787
6 2   3         0.11118707         0.12143601
7 3   1         0.95925067         0.15531472
8 3   2         0.67117320         0.38144788
9 3   3         0.11899107         0.09007321
[1] "Summary by group + DID\n"
  grp DID HarmonicityDownR.m HarmonicityDownR.s
1   C   1         0.94367022         0.18291108
2   C   2         0.62855489         0.38707825
3   C   3         0.07563676         0.04227341
4   U   1         0.95383467         0.15217770
5   U   2         0.47697427         0.37009388
6   U   3         0.12094398         0.11952602
[1] "Summary by group + Session + DID\n"
   grp S DID HarmonicityDownR.m HarmonicityDownR.s
1    C 1   1         0.83101067         0.29111981
2    C 1   2         0.27193600         0.31768349
3    C 1   3         0.05575253         0.02532849
4    C 2   1         1.00000000         0.00000000
5    C 2   2         0.79318933         0.29163338
6    C 2   3         0.07048847         0.03650951
7    C 3   1         1.00000000         0.00000000
8    C 3   2         0.82053933         0.28306840
9    C 3   3         0.10066927         0.05018497
10   U 1   1         0.97164400         0.10982232
11   U 1   2         0.40857180         0.37719107
12   U 1   3         0.07363340         0.04423656
13   U 2   1         0.97135867         0.11092741
14   U 2   2         0.50054393         0.32707479
15   U 2   3         0.15188567         0.16020120
16   U 3   1         0.91850133         0.21543013
17   U 3   2         0.52180707         0.41648845
18   U 3   3         0.13731287         0.11648183
