[1] "decTimeRrel ~S*IDR*IDL*grp + Error(pp/(S*IDR*IDL))"
$ANOVA
          Effect DFn DFd          F            p p<.05         ges
2            grp   1   8  1.6063525 2.406511e-01       0.079578679
3              S   2  16  1.3916356 2.771980e-01       0.007596814
5            IDR   2  16 49.9593016 1.317452e-07     * 0.713958980
7            IDL   1   8 41.3928133 2.017640e-04     * 0.139195561
4          grp:S   2  16  3.2462920 6.556092e-02       0.017543599
6        grp:IDR   2  16  2.5544745 1.089499e-01       0.113179063
8        grp:IDL   1   8  0.3524998 5.691043e-01       0.001375172
9          S:IDR   4  32  5.1003738 2.703935e-03     * 0.023181059
11         S:IDL   2  16  3.3233979 6.207343e-02       0.008114544
13       IDR:IDL   2  16 12.5911133 5.191362e-04     * 0.026782937
10     grp:S:IDR   4  32  3.2276033 2.471713e-02     * 0.014795302
12     grp:S:IDL   2  16  2.6051840 1.048514e-01       0.006372098
14   grp:IDR:IDL   2  16  1.0443793 3.747052e-01       0.002277469
15     S:IDR:IDL   4  32  1.8269196 1.479278e-01       0.004562365
16 grp:S:IDR:IDL   4  32  1.1711455 3.419720e-01       0.002929499

$`Mauchly's Test for Sphericity`
          Effect          W           p p<.05
3              S 0.50824825 0.093597797      
4          grp:S 0.50824825 0.093597797      
5            IDR 0.14948549 0.001291507     *
6        grp:IDR 0.14948549 0.001291507     *
9          S:IDR 0.04217347 0.019867434     *
10     grp:S:IDR 0.04217347 0.019867434     *
11         S:IDL 0.83400861 0.529781589      
12     grp:S:IDL 0.83400861 0.529781589      
13       IDR:IDL 0.68904031 0.271553999      
14   grp:IDR:IDL 0.68904031 0.271553999      
15     S:IDR:IDL 0.06290790 0.045057407     *
16 grp:S:IDR:IDL 0.06290790 0.045057407     *

$`Sphericity Corrections`
          Effect       GGe        p[GG] p[GG]<.05       HFe        p[HF]
3              S 0.6703528 2.769151e-01           0.7558121 2.778009e-01
4          grp:S 0.6703528 9.196993e-02           0.7558121 8.424843e-02
5            IDR 0.5403903 6.100335e-05         * 0.5583740 4.787025e-05
6        grp:IDR 0.5403903 1.452508e-01           0.5583740 1.437300e-01
9          S:IDR 0.6711052 9.760157e-03         * 1.0422095 2.703935e-03
10     grp:S:IDR 0.6711052 4.709755e-02         * 1.0422095 2.471713e-02
11         S:IDL 0.8576393 7.227682e-02           1.0690614 6.207343e-02
12     grp:S:IDL 0.8576393 1.153292e-01           1.0690614 1.048514e-01
13       IDR:IDL 0.7628000 1.826274e-03         * 0.9059063 8.534090e-04
14   grp:IDR:IDL 0.7628000 3.613787e-01           0.9059063 3.700737e-01
15     S:IDR:IDL 0.4656010 1.962316e-01           0.6012792 1.831299e-01
16 grp:S:IDR:IDL 0.4656010 3.334951e-01           0.6012792 3.388010e-01
   p[HF]<.05
3           
4           
5          *
6           
9          *
10         *
11          
12          
13         *
14          
15          
16          

