[1] "Summary by group"
  grp decTimeRrel.m decTimeRrel.s
1   C      2.753458      2.450171
2   U      3.719176      3.913032
[1] "Summary by session\n"
  S decTimeRrel.m decTimeRrel.s
1 1      3.033157      2.920751
2 2      3.334876      3.437702
3 3      3.340918      3.510667
[1] "Summary by IDR+IDR\n"
  IDL IDR decTimeRrel.m decTimeRrel.s
1   D   D     0.3380753     0.1691846
2   D   M     1.6090282     0.9487316
3   D   E     5.7807911     2.7615711
4   E   D     1.0548975     0.4914675
5   E   M     2.8172202     1.2991960
6   E   E     7.8178899     3.3792339
[1] "Summary by group + Session\n"
  grp S decTimeRrel.m decTimeRrel.s
1   C 1      2.832798      2.380164
2   C 2      2.822020      2.631568
3   C 3      2.605557      2.349756
4   U 1      3.233517      3.378026
5   U 2      3.847731      4.038722
6   U 3      4.076280      4.262984
[1] "Summary by Session + IDR + IDL \n"
   S IDL IDR decTimeRrel.m decTimeRrel.s
1  1   D   D     0.4309896     0.1688580
2  1   D   M     1.4528487     0.3736452
3  1   D   E     4.7464771     1.9719819
4  1   E   D     1.3028169     0.4043433
5  1   E   M     2.7815144     0.8548579
6  1   E   E     7.4842968     3.3794714
7  2   D   D     0.2990422     0.1353647
8  2   D   M     1.5431825     1.0493060
9  2   D   E     6.0802175     2.4754108
10 2   E   D     0.9732714     0.4904655
11 2   E   M     2.9623249     1.5329788
12 2   E   E     8.1512147     3.5418754
13 3   D   D     0.2841940     0.1658237
14 3   D   M     1.8310535     1.2004095
15 3   D   E     6.5156788     3.4103194
16 3   E   D     0.8886043     0.4880019
17 3   E   M     2.7078213     1.4366109
18 3   E   E     7.8181582     3.2938476
[1] "Summary by group + IDR + IDL\n"
   grp IDL IDR decTimeRrel.m decTimeRrel.s
1    C   D   D     0.3417003     0.1773783
2    C   D   M     1.2218312     0.4501056
3    C   D   E     4.5329707     1.5346191
4    C   E   D     1.2184196     0.2355826
5    C   E   M     2.7222306     0.6050338
6    C   E   E     6.4835967     2.3374966
7    U   D   D     0.3344502     0.1625036
8    U   D   M     1.9962253     1.1451581
9    U   D   E     7.0286115     3.1441902
10   U   E   D     0.8913754     0.6151232
11   U   E   M     2.9122098     1.7405918
12   U   E   E     9.1521831     3.7406524
[1] "Summary by group + Session + IDR + IDL\n"
   grp S IDL IDR decTimeRrel.m decTimeRrel.s
1    C 1   D   D     0.5006039     0.1839259
2    C 1   D   M     1.4589145     0.2422596
3    C 1   D   E     4.3005664     1.3104476
4    C 1   E   D     1.4040869     0.1522130
5    C 1   E   M     2.7681767     0.4210993
6    C 1   E   E     6.5644374     2.5951008
7    C 2   D   D     0.2737893     0.1096857
8    C 2   D   M     1.1016296     0.5665909
9    C 2   D   E     4.9430414     1.9291621
10   C 2   E   D     1.1834641     0.2331510
11   C 2   E   M     2.7771849     0.8666123
12   C 2   E   E     6.6530098     2.3689533
13   C 3   D   D     0.2507079     0.1102631
14   C 3   D   M     1.1049494     0.4082538
15   C 3   D   E     4.3553043     1.3003100
16   C 3   E   D     1.0677079     0.1852498
17   C 3   E   M     2.6213302     0.4535921
18   C 3   E   E     6.2333429     2.1727599
19   U 1   D   D     0.3613753     0.1218579
20   U 1   D   M     1.4467828     0.4800262
21   U 1   D   E     5.1923877     2.4314276
22   U 1   E   D     1.2015468     0.5417748
23   U 1   E   M     2.7948520     1.1558792
24   U 1   E   E     8.4041562     3.8871223
25   U 2   D   D     0.3242951     0.1567117
26   U 2   D   M     1.9847354     1.2417391
27   U 2   D   E     7.2173935     2.4900329
28   U 2   E   D     0.7630787     0.5909844
29   U 2   E   M     3.1474649     2.0108307
30   U 2   E   E     9.6494196     3.9451223
31   U 3   D   D     0.3176801     0.2059085
32   U 3   D   M     2.5571576     1.2994035
33   U 3   D   E     8.6760534     3.5212644
34   U 3   E   D     0.7095007     0.6246966
35   U 3   E   M     2.7943125     2.0132917
36   U 3   E   E     9.4029736     3.5172224
