Post-hoc Tukey comparisons[1] "grp Tukey test"

	Pairwise comparisons using paired t tests 

data:  mdata$vfCircularityR and mdata$grp 

  C     
U 0.0016

P value adjustment method: bonferroni 
[1] "S Tukey test"

	Pairwise comparisons using paired t tests 

data:  mdata$vfCircularityR and mdata$S 

  1       2
2 1.1e-06 -
3 4.8e-05 1

P value adjustment method: bonferroni 
[1] "IDR Tukey test"

	Pairwise comparisons using paired t tests 

data:  mdata$vfCircularityR and mdata$IDR 

  D       M      
M 4.9e-08 -      
E 3.9e-16 9.7e-06

P value adjustment method: bonferroni 
[1] "IDL Tukey test"
