[1] "Summary by group"
  grp vfCircularityR.m vfCircularityR.s
1   C         1.342678        0.2104831
2   U         1.387991        0.1825890
[1] "Summary by session\n"
  S vfCircularityR.m vfCircularityR.s
1 1         1.310067        0.1878397
2 2         1.388232        0.1680465
3 3         1.397704        0.2237240
[1] "Summary by IDR+IDR\n"
  IDL IDR vfCircularityR.m vfCircularityR.s
1   D   D         1.288140        0.1603378
2   D   M         1.320415        0.1761921
3   D   E         1.344480        0.1779193
4   E   D         1.283901        0.1848482
5   E   M         1.415295        0.1720399
6   E   E         1.539776        0.1926220
[1] "Summary by group + Session\n"
  grp S vfCircularityR.m vfCircularityR.s
1   C 1         1.275055        0.1918991
2   C 2         1.347333        0.1765621
3   C 3         1.405644        0.2392702
4   U 1         1.345078        0.1779314
5   U 2         1.429131        0.1491287
6   U 3         1.389764        0.2080614
[1] "Summary by Session + IDR + IDL \n"
   S IDL IDR vfCircularityR.m vfCircularityR.s
1  1   D   D         1.273854        0.1612362
2  1   D   M         1.271043        0.1689284
3  1   D   E         1.298375        0.1786188
4  1   E   D         1.200809        0.1789785
5  1   E   M         1.331076        0.1979859
6  1   E   E         1.485243        0.1117672
7  2   D   D         1.282836        0.1559959
8  2   D   M         1.367263        0.1564513
9  2   D   E         1.359710        0.1696071
10 2   E   D         1.305450        0.1681903
11 2   E   M         1.466960        0.1089569
12 2   E   E         1.547173        0.0643948
13 3   D   D         1.307730        0.1671182
14 3   D   M         1.322937        0.1935444
15 3   D   E         1.375355        0.1818039
16 3   E   D         1.345443        0.1816618
17 3   E   M         1.447849        0.1690248
18 3   E   E         1.586912        0.3029828
[1] "Summary by group + IDR + IDL\n"
   grp IDL IDR vfCircularityR.m vfCircularityR.s
1    C   D   D         1.271374       0.15616751
2    C   D   M         1.284894       0.17303378
3    C   D   E         1.292849       0.16669608
4    C   E   D         1.258796       0.15965634
5    C   E   M         1.398322       0.17896757
6    C   E   E         1.549833       0.25653858
7    U   D   D         1.304907       0.16443043
8    U   D   M         1.355935       0.17398674
9    U   D   E         1.396112       0.17546965
10   U   E   D         1.309006       0.20575461
11   U   E   M         1.432268       0.16507416
12   U   E   E         1.529720       0.09503072
[1] "Summary by group + Session + IDR + IDL\n"
   grp S IDL IDR vfCircularityR.m vfCircularityR.s
1    C 1   D   D         1.247395       0.18725333
2    C 1   D   M         1.223275       0.16625609
3    C 1   D   E         1.262677       0.19471329
4    C 1   E   D         1.187707       0.14660767
5    C 1   E   M         1.259119       0.22198234
6    C 1   E   E         1.470160       0.09811678
7    C 2   D   D         1.252933       0.13253511
8    C 2   D   M         1.310513       0.15556554
9    C 2   D   E         1.252480       0.12464098
10   C 2   E   D         1.239381       0.16990513
11   C 2   E   M         1.469273       0.09957638
12   C 2   E   E         1.559420       0.06958522
13   C 3   D   D         1.313793       0.14529681
14   C 3   D   M         1.320893       0.18999412
15   C 3   D   E         1.363389       0.16072053
16   C 3   E   D         1.349300       0.12310863
17   C 3   E   M         1.466573       0.10161624
18   C 3   E   E         1.619918       0.42450726
19   U 1   D   D         1.300313       0.13148050
20   U 1   D   M         1.318811       0.16303791
21   U 1   D   E         1.334073       0.15951244
22   U 1   E   D         1.213911       0.21093369
23   U 1   E   M         1.403033       0.14430915
24   U 1   E   E         1.500327       0.12554554
25   U 2   D   D         1.312740       0.17585758
26   U 2   D   M         1.424013       0.14000193
27   U 2   D   E         1.466940       0.13933190
28   U 2   E   D         1.371520       0.14274013
29   U 2   E   M         1.464647       0.12109604
30   U 2   E   E         1.534927       0.05853274
31   U 3   D   D         1.301667       0.19147315
32   U 3   D   M         1.324981       0.20368570
33   U 3   D   E         1.387321       0.20573835
34   U 3   E   D         1.341586       0.23058972
35   U 3   E   M         1.429125       0.21932230
36   U 3   E   E         1.553907       0.08725458
