            Estimate MCMCmean HPD95lower HPD95upper pMCMC Pr(>|t|)
(Intercept)   4.4092   4.4087     4.2707     4.5337 0.001   0.0000
grp1         -0.0349  -0.0339    -0.1665     0.0993 0.608   0.6007
S1           -0.1091  -0.1089    -0.1759    -0.0380 0.012   0.0176
S2            0.0155   0.0162    -0.0521     0.0839 0.642   0.7331
ID1           1.1186   1.1186     1.0655     1.1733 0.001   0.0000
grp1:S1       0.1140   0.1140     0.0441     0.1918 0.004   0.0132
grp1:S2      -0.0424  -0.0424    -0.1196     0.0382 0.260   0.3524
grp1:ID1     -0.0188  -0.0186    -0.0689     0.0451 0.510   0.5847
S1:ID1       -0.0478  -0.0481    -0.1055     0.0054 0.086   0.1368
S2:ID1        0.0529   0.0543     0.0043     0.1068 0.048   0.1000
grp1:S1:ID1   0.0075   0.0082    -0.0495     0.0601 0.788   0.8142
grp1:S2:ID1  -0.0093  -0.0086    -0.0663     0.0457 0.774   0.7728
Analysis of Variance Table
         Df Sum Sq Mean Sq   F value
grp       1  0.015   0.015    0.2746
S         2  0.363   0.182    3.3650
ID        1 57.412  57.412 1063.9499
grp:S     2  0.346   0.173    3.2089
grp:ID    1  0.016   0.016    0.2999
S:ID      2  0.180   0.090    1.6652
grp:S:ID  2  0.005   0.003    0.0473
Linear mixed model fit by REML 
Formula: IDef ~ (1 | pp) + (1 | pp/S) + (1 | pp/ID) + (1 | pp/S:ID) +      grp * S * ID 
   Data: mdata 
   AIC   BIC logLik deviance REMLdev
 145.1 208.9 -52.54    48.99   105.1
Random effects:
 Groups   Name        Variance  Std.Dev.
 S:ID:pp  (Intercept) 0.0127329 0.112840
 S:pp     (Intercept) 0.0156701 0.125180
 ID:pp    (Intercept) 0.0132828 0.115251
 pp       (Intercept) 0.0068594 0.082821
 pp       (Intercept) 0.0068557 0.082799
 pp       (Intercept) 0.0068527 0.082781
 pp       (Intercept) 0.0068584 0.082815
 Residual             0.0539609 0.232295
Number of obs: 180, groups: S:ID:pp, 60; S:pp, 30; ID:pp, 20; pp, 10

Fixed effects:
             Estimate Std. Error t value
(Intercept)  4.409207   0.066639   66.17
grp1        -0.034942   0.066639   -0.52
S1          -0.109062   0.045483   -2.40
S2           0.015536   0.045483    0.34
ID1          1.118637   0.034295   32.62
grp1:S1      0.113987   0.045483    2.51
grp1:S2     -0.042418   0.045483   -0.93
grp1:ID1    -0.018781   0.034295   -0.55
S1:ID1      -0.047839   0.032000   -1.49
S2:ID1       0.052926   0.032000    1.65
grp1:S1:ID1  0.007532   0.032000    0.24
grp1:S2:ID1 -0.009253   0.032000   -0.29

Correlation of Fixed Effects:
            (Intr) grp1   S1     S2     ID1    gr1:S1 gr1:S2 g1:ID1 S1:ID1
grp1         0.000                                                        
S1           0.000  0.000                                                 
S2           0.000  0.000 -0.500                                          
ID1          0.000  0.000  0.000  0.000                                   
grp1:S1      0.000  0.000  0.000  0.000  0.000                            
grp1:S2      0.000  0.000  0.000  0.000  0.000 -0.500                     
grp1:ID1     0.000  0.000  0.000  0.000  0.000  0.000  0.000              
S1:ID1       0.000  0.000  0.000  0.000  0.000  0.000  0.000  0.000       
S2:ID1       0.000  0.000  0.000  0.000  0.000  0.000  0.000  0.000 -0.500
grp1:S1:ID1  0.000  0.000  0.000  0.000  0.000  0.000  0.000  0.000  0.000
grp1:S2:ID1  0.000  0.000  0.000  0.000  0.000  0.000  0.000  0.000  0.000
            S2:ID1 g1:S1:
grp1                     
S1                       
S2                       
ID1                      
grp1:S1                  
grp1:S2                  
grp1:ID1                 
S1:ID1                   
S2:ID1                   
grp1:S1:ID1  0.000       
grp1:S2:ID1  0.000 -0.500
Linear mixed model fit by REML 
Formula: IDef ~ (1 | pp) + (1 | pp/S) + (1 | pp/ID) + (1 | pp/S:ID) +      grp * S * ID 
   Data: mdata 
   AIC   BIC logLik deviance REMLdev
 145.1 208.9 -52.54    48.99   105.1
Random effects:
 Groups   Name        Variance  Std.Dev.
 S:ID:pp  (Intercept) 0.0127329 0.112840
 S:pp     (Intercept) 0.0156701 0.125180
 ID:pp    (Intercept) 0.0132828 0.115251
 pp       (Intercept) 0.0068594 0.082821
 pp       (Intercept) 0.0068557 0.082799
 pp       (Intercept) 0.0068527 0.082781
 pp       (Intercept) 0.0068584 0.082815
 Residual             0.0539609 0.232295
Number of obs: 180, groups: S:ID:pp, 60; S:pp, 30; ID:pp, 20; pp, 10

Fixed effects:
             Estimate Std. Error t value
(Intercept)  4.409207   0.066639   66.17
grp1        -0.034942   0.066639   -0.52
S1          -0.109062   0.045483   -2.40
S2           0.015536   0.045483    0.34
ID1          1.118637   0.034295   32.62
grp1:S1      0.113987   0.045483    2.51
grp1:S2     -0.042418   0.045483   -0.93
grp1:ID1    -0.018781   0.034295   -0.55
S1:ID1      -0.047839   0.032000   -1.49
S2:ID1       0.052926   0.032000    1.65
grp1:S1:ID1  0.007532   0.032000    0.24
grp1:S2:ID1 -0.009253   0.032000   -0.29

Correlation of Fixed Effects:
            (Intr) grp1   S1     S2     ID1    gr1:S1 gr1:S2 g1:ID1 S1:ID1
grp1         0.000                                                        
S1           0.000  0.000                                                 
S2           0.000  0.000 -0.500                                          
ID1          0.000  0.000  0.000  0.000                                   
grp1:S1      0.000  0.000  0.000  0.000  0.000                            
grp1:S2      0.000  0.000  0.000  0.000  0.000 -0.500                     
grp1:ID1     0.000  0.000  0.000  0.000  0.000  0.000  0.000              
S1:ID1       0.000  0.000  0.000  0.000  0.000  0.000  0.000  0.000       
S2:ID1       0.000  0.000  0.000  0.000  0.000  0.000  0.000  0.000 -0.500
grp1:S1:ID1  0.000  0.000  0.000  0.000  0.000  0.000  0.000  0.000  0.000
grp1:S2:ID1  0.000  0.000  0.000  0.000  0.000  0.000  0.000  0.000  0.000
            S2:ID1 g1:S1:
grp1                     
S1                       
S2                       
ID1                      
grp1:S1                  
grp1:S2                  
grp1:ID1                 
S1:ID1                   
S2:ID1                   
grp1:S1:ID1  0.000       
grp1:S2:ID1  0.000 -0.500
