[1] "Summary by group"
  grp   IDef.m   IDef.s
1   C 4.374266 1.156890
2   U 4.444149 1.199111
[1] "Summary by session\n"
  S   IDef.m   IDef.s
1 1 4.300145 1.119280
2 2 4.424743 1.227071
3 3 4.502733 1.188242
[1] "Summary by ID\n"
  ID   IDef.m    IDef.s
1  D 5.527844 0.3003347
2  E 3.290570 0.3971303
[1] "Summary by group + Session\n"
  grp S   IDef.m   IDef.s
1   C 1 4.379190 1.117300
2   C 2 4.347383 1.207655
3   C 3 4.396223 1.182974
4   U 1 4.221100 1.134675
5   U 2 4.502103 1.261950
6   U 3 4.609243 1.204004
[1] "Summary by Session + ID\n"
  S ID   IDef.m    IDef.s
1 1  D 5.370943 0.2385292
2 1  E 3.229347 0.3458070
3 2  D 5.596307 0.3152465
4 2  E 3.253180 0.3523753
5 3  D 5.616283 0.2866014
6 3  E 3.389183 0.4742147
[1] "Summary by group + ID\n"
  grp ID   IDef.m    IDef.s
1   C  D 5.474122 0.2619932
2   C  E 3.274409 0.4052312
3   U  D 5.581567 0.3284937
4   U  E 3.306731 0.3927630
[1] "Summary by group + Session + ID\n"
   grp S ID   IDef.m    IDef.s
1    C 1  D 5.438740 0.2478207
2    C 1  E 3.319640 0.3446737
3    C 2  D 5.490913 0.2871754
4    C 2  E 3.203853 0.3693698
5    C 3  D 5.492713 0.2642509
6    C 3  E 3.299733 0.5026420
7    U 1  D 5.303147 0.2158515
8    U 1  E 3.139053 0.3338205
9    U 2  D 5.701700 0.3155744
10   U 2  E 3.302507 0.3399381
11   U 3  D 5.739853 0.2599980
12   U 3  E 3.478633 0.4427498
