Linear mixed-effects model fit by REML
 Data: mdata 
       AIC      BIC    logLik
  192.2822 230.7889 -87.14111

Random effects:
 Formula: ~1 | pp
        (Intercept)  Residual
StdDev:   0.2356763 0.2663417

Fixed effects: fLrel ~ S + IDR + IDL + grp 
                 Value  Std.Error  DF   t-value p-value
(Intercept)  0.6961009 0.07540358 525  9.231668  0.0000
S1          -0.0441889 0.01620904 525 -2.726191  0.0066
S2           0.0165476 0.01620904 525  1.020887  0.3078
IDR1        -0.1553071 0.01620904 525 -9.581513  0.0000
IDR2        -0.0286936 0.01620904 525 -1.770225  0.0773
IDL1         0.0515564 0.01146152 525  4.498215  0.0000
grp1         0.0327176 0.07540358   8  0.433899  0.6758
 Correlation: 
     (Intr) S1   S2   IDR1 IDR2 IDL1
S1    0.0                           
S2    0.0   -0.5                    
IDR1  0.0    0.0  0.0               
IDR2  0.0    0.0  0.0 -0.5          
IDL1  0.0    0.0  0.0  0.0  0.0     
grp1  0.0    0.0  0.0  0.0  0.0  0.0

Standardized Within-Group Residuals:
        Min          Q1         Med          Q3         Max 
-2.89801205 -0.70090066 -0.07253046  0.56831111  3.62925107 

Number of Observations: 540
Number of Groups: 10 
            numDF denDF  F-value p-value
(Intercept)     1   525 85.22370  <.0001
S               2   525  3.79413  0.0231
IDR             2   525 74.60035  <.0001
IDL             1   525 20.23394  <.0001
grp             1     8  0.18827  0.6758
