[1] "grp Tukey test"

	 Simultaneous Tests for General Linear Hypotheses

Multiple Comparisons of Means: Tukey Contrasts


Fit: lme.formula(fixed = MI ~ S + IDR + IDL + grp, data = mdata, random = ~1 | 
    pp)

Linear Hypotheses:
           Estimate Std. Error z value Pr(>|z|)   
U - C == 0 -0.20598    0.07395  -2.786  0.00534 **
---
Signif. codes:  0 ‘***’ 0.001 ‘**’ 0.01 ‘*’ 0.05 ‘.’ 0.1 ‘ ’ 1 
(Adjusted p values reported -- single-step method)

[1] "S Tukey test"

	 Simultaneous Tests for General Linear Hypotheses

Multiple Comparisons of Means: Tukey Contrasts


Fit: lme.formula(fixed = MI ~ S + IDR + IDL + grp, data = mdata, random = ~1 | 
    pp)

Linear Hypotheses:
           Estimate Std. Error z value Pr(>|z|)    
2 - 1 == 0 -0.04683    0.01945  -2.407   0.0426 *  
3 - 1 == 0 -0.12989    0.01945  -6.676   <0.001 ***
3 - 2 == 0 -0.08306    0.01945  -4.269   <0.001 ***
---
Signif. codes:  0 ‘***’ 0.001 ‘**’ 0.01 ‘*’ 0.05 ‘.’ 0.1 ‘ ’ 1 
(Adjusted p values reported -- single-step method)

[1] "IDR Tukey test"

	 Simultaneous Tests for General Linear Hypotheses

Multiple Comparisons of Means: Tukey Contrasts


Fit: lme.formula(fixed = MI ~ S + IDR + IDL + grp, data = mdata, random = ~1 | 
    pp)

Linear Hypotheses:
           Estimate Std. Error z value Pr(>|z|)
E - D == 0 0.004769   0.015885     0.3    0.764
(Adjusted p values reported -- single-step method)

[1] "IDL Tukey test"

	 Simultaneous Tests for General Linear Hypotheses

Multiple Comparisons of Means: Tukey Contrasts


Fit: lme.formula(fixed = MI ~ S + IDR + IDL + grp, data = mdata, random = ~1 | 
    pp)

Linear Hypotheses:
             Estimate Std. Error z value Pr(>|z|)  
M - D == 0 -0.0445323  0.0194548  -2.289   0.0573 .
E - D == 0  0.0006094  0.0194548   0.031   0.9995  
E - M == 0  0.0451417  0.0194548   2.320   0.0530 .
---
Signif. codes:  0 ‘***’ 0.001 ‘**’ 0.01 ‘*’ 0.05 ‘.’ 0.1 ‘ ’ 1 
(Adjusted p values reported -- single-step method)

