[1] "Summary by group"
  grp      MI.m       MI.s
1   C 0.7598506 0.03672283
2   U 0.5538730 0.30624389
[1] "Summary by session\n"
  S      MI.m      MI.s
1 1 0.7157699 0.1828096
2 2 0.6689353 0.2317377
3 3 0.5858802 0.2813184
[1] "Summary by IDR+IDR\n"
  IDL IDR      MI.m       MI.s
1   D   D 0.7372374 0.04194006
2   D   M 0.6432395 0.25223118
3   D   E 0.5829550 0.30482823
4   E   D 0.6057681 0.28599349
5   E   M 0.6107015 0.28118543
6   E   E 0.7612693 0.06837614
[1] "Summary by group + Session\n"
  grp S      MI.m       MI.s
1   C 1 0.7649087 0.03413853
2   C 2 0.7597623 0.04444999
3   C 3 0.7548808 0.02973056
4   U 1 0.6666312 0.24731617
5   U 2 0.5781082 0.29891104
6   U 3 0.4168797 0.31705074
[1] "Summary by Session + IDR + IDL \n"
   S IDL IDR      MI.m       MI.s
1  1   D   D 0.7465703 0.03275102
2  1   D   M 0.6835923 0.21532362
3  1   D   E 0.6967006 0.22671322
4  1   E   D 0.6939897 0.21685127
5  1   E   M 0.7083915 0.21881738
6  1   E   E 0.7653750 0.08375922
7  2   D   D 0.7283690 0.04486680
8  2   D   M 0.6847134 0.21249559
9  2   D   E 0.5690642 0.32265093
10 2   E   D 0.6276020 0.27978583
11 2   E   M 0.6419638 0.27152552
12 2   E   E 0.7618993 0.05005772
13 3   D   D 0.7367730 0.04626947
14 3   D   M 0.5614126 0.30551639
15 3   D   E 0.4831003 0.32521985
16 3   E   D 0.4957125 0.32347890
17 3   E   M 0.4817493 0.30488659
18 3   E   E 0.7565337 0.06918015
[1] "Summary by group + IDR + IDL\n"
   grp IDL IDR      MI.m       MI.s
1    C   D   D 0.7448858 0.03855936
2    C   D   M 0.7491567 0.03510510
3    C   D   E 0.7647000 0.02929690
4    C   E   D 0.7675231 0.04584309
5    C   E   M 0.7685018 0.03436826
6    C   E   E 0.7643362 0.02927458
7    U   D   D 0.7295891 0.04417506
8    U   D   M 0.5373222 0.32327673
9    U   D   E 0.4012101 0.34573129
10   U   E   D 0.4440130 0.33139582
11   U   E   M 0.4529013 0.32834822
12   U   E   E 0.7582024 0.09263158
[1] "Summary by group + Session + IDR + IDL\n"
   grp S IDL IDR      MI.m       MI.s
1    C 1   D   D 0.7538233 0.03944732
2    C 1   D   M 0.7485507 0.02854773
3    C 1   D   E 0.7730560 0.03883127
4    C 1   E   D 0.7662167 0.03631897
5    C 1   E   M 0.7694980 0.02919365
6    C 1   E   E 0.7783073 0.02554150
7    C 2   D   D 0.7347800 0.04402917
8    C 2   D   M 0.7486080 0.04949730
9    C 2   D   E 0.7606667 0.02087900
10   C 2   E   D 0.7766720 0.05679848
11   C 2   E   M 0.7796680 0.04611074
12   C 2   E   E 0.7581793 0.02910735
13   C 3   D   D 0.7460540 0.03133287
14   C 3   D   M 0.7503113 0.02461823
15   C 3   D   E 0.7603773 0.02532745
16   C 3   E   D 0.7596807 0.04361711
17   C 3   E   M 0.7563393 0.02099184
18   C 3   E   E 0.7565220 0.02964208
19   U 1   D   D 0.7393173 0.02351715
20   U 1   D   M 0.6186339 0.29356994
21   U 1   D   E 0.6203451 0.30408563
22   U 1   E   D 0.6217628 0.29139332
23   U 1   E   M 0.6472851 0.30054695
24   U 1   E   E 0.7524427 0.11628233
25   U 2   D   D 0.7219580 0.04629478
26   U 2   D   M 0.6208189 0.28694222
27   U 2   D   E 0.3774617 0.36951288
28   U 2   E   D 0.4785319 0.33362747
29   U 2   E   M 0.5042595 0.33159965
30   U 2   E   E 0.7656193 0.06567833
31   U 3   D   D 0.7274920 0.05716920
32   U 3   D   M 0.3725139 0.34099658
33   U 3   D   E 0.2058233 0.23173473
34   U 3   E   D 0.2317444 0.25600080
35   U 3   E   M 0.2071592 0.17475672
36   U 3   E   E 0.7565453 0.09505252
