[1] "q3 ~(S*ID*grp)+Error(pp/(S*ID))+grp"
$ANOVA
    Effect DFn DFd          F            p p<.05          ges
2      grp   1   8  0.0327222 0.8609504703       0.0005465172
3        S   2  16 16.3880034 0.0001340633     * 0.1997506308
5       ID   2  16  3.3667352 0.0602051923       0.1378732011
4    grp:S   2  16  2.7206125 0.0961530599       0.0397896258
6   grp:ID   2  16  0.5611721 0.5813719677       0.0259639539
7     S:ID   4  32  0.8634738 0.4963606201       0.0378485660
8 grp:S:ID   4  32  0.1208182 0.9740435183       0.0054740069

$`Mauchly's Test for Sphericity`
    Effect         W          p p<.05
3        S 0.5136092 0.09709902      
4    grp:S 0.5136092 0.09709902      
5       ID 0.9152999 0.73362135      
6   grp:ID 0.9152999 0.73362135      
7     S:ID 0.1926063 0.32276031      
8 grp:S:ID 0.1926063 0.32276031      

$`Sphericity Corrections`
    Effect       GGe       p[GG] p[GG]<.05       HFe        p[HF] p[HF]<.05
3        S 0.6727706 0.001160824         * 0.7596313 0.0006521069         *
4    grp:S 0.6727706 0.122065828           0.7596313 0.1146457480          
5       ID 0.9219138 0.065563231           1.1853509 0.0602051923          
6   grp:ID 0.9219138 0.568654596           1.1853509 0.5813719677          
7     S:ID 0.6597778 0.463197682           1.0143841 0.4963606201          
8 grp:S:ID 0.6597778 0.930735022           1.0143841 0.9740435183          

