            Estimate MCMCmean HPD95lower HPD95upper pMCMC Pr(>|t|)
(Intercept)   0.8750   0.8753     0.8619     0.8868 0.001   0.0000
grp1          0.0007   0.0006    -0.0120     0.0126 0.918   0.8731
S1           -0.0221  -0.0221    -0.0296    -0.0143 0.001   0.0000
S2            0.0083   0.0082     0.0004     0.0160 0.040   0.0663
ID1           0.0122   0.0123     0.0013     0.0231 0.028   0.0643
ID2           0.0053   0.0053    -0.0054     0.0159 0.342   0.4206
grp1:S1       0.0045   0.0045    -0.0027     0.0124 0.252   0.3225
grp1:S2       0.0046   0.0045    -0.0033     0.0128 0.266   0.3035
grp1:ID1      0.0001   0.0002    -0.0115     0.0105 0.994   0.9929
grp1:ID2     -0.0064  -0.0066    -0.0170     0.0044 0.230   0.3325
S1:ID1        0.0068   0.0067    -0.0030     0.0181 0.196   0.2889
S2:ID1       -0.0102  -0.0103    -0.0213     0.0002 0.058   0.1109
S1:ID2        0.0026   0.0028    -0.0080     0.0133 0.614   0.6785
S2:ID2        0.0012   0.0012    -0.0100     0.0122 0.824   0.8560
grp1:S1:ID1  -0.0022  -0.0022    -0.0128     0.0084 0.660   0.7291
grp1:S2:ID1   0.0020   0.0020    -0.0087     0.0120 0.688   0.7568
grp1:S1:ID2  -0.0020  -0.0024    -0.0131     0.0072 0.610   0.7548
grp1:S2:ID2  -0.0008  -0.0004    -0.0103     0.0091 0.948   0.8979
Analysis of Variance Table
         Df   Sum Sq   Mean Sq F value
grp       1 0.000039 0.0000394  0.0255
S         2 0.038024 0.0190121 12.3190
ID        2 0.011531 0.0057657  3.7359
grp:S     2 0.006312 0.0031562  2.0451
grp:ID    2 0.001922 0.0009610  0.6227
S:ID      4 0.005992 0.0014981  0.9707
grp:S:ID  4 0.000838 0.0002096  0.1358
Linear mixed model fit by REML 
Formula: q3 ~ (1 | pp) + (1 | pp/S) + (1 | pp/ID) + (1 | pp/S:ID) + grp *      S * ID 
   Data: mdata 
    AIC    BIC logLik deviance REMLdev
 -717.3 -623.8  384.7   -926.2  -769.3
Random effects:
 Groups   Name        Variance   Std.Dev.
 S:ID:pp  (Intercept) 0.00039970 0.019992
 ID:pp    (Intercept) 0.00033902 0.018413
 S:pp     (Intercept) 0.00000000 0.000000
 pp       (Intercept) 0.00000000 0.000000
 pp       (Intercept) 0.00000000 0.000000
 pp       (Intercept) 0.00000000 0.000000
 pp       (Intercept) 0.00000000 0.000000
 Residual             0.00154331 0.039285
Number of obs: 270, groups: S:ID:pp, 90; ID:pp, 30; S:pp, 30; pp, 10

Fixed effects:
              Estimate Std. Error t value
(Intercept)  8.750e-01  4.632e-03  188.89
grp1         7.404e-04  4.632e-03    0.16
S1          -2.214e-02  4.507e-03   -4.91
S2           8.314e-03  4.507e-03    1.84
ID1          1.217e-02  6.551e-03    1.86
ID2          5.285e-03  6.551e-03    0.81
grp1:S1      4.468e-03  4.507e-03    0.99
grp1:S2      4.647e-03  4.507e-03    1.03
grp1:ID1     5.815e-05  6.551e-03    0.01
grp1:ID2    -6.360e-03  6.551e-03   -0.97
S1:ID1       6.775e-03  6.374e-03    1.06
S2:ID1      -1.020e-02  6.374e-03   -1.60
S1:ID2       2.645e-03  6.374e-03    0.41
S2:ID2       1.158e-03  6.374e-03    0.18
grp1:S1:ID1 -2.210e-03  6.374e-03   -0.35
grp1:S2:ID1  1.976e-03  6.374e-03    0.31
grp1:S1:ID2 -1.993e-03  6.374e-03   -0.31
grp1:S2:ID2 -8.186e-04  6.374e-03   -0.13

Correlation of Fixed Effects:
            (Intr) grp1   S1     S2     ID1    ID2    gr1:S1 gr1:S2 g1:ID1
grp1         0.000                                                        
S1           0.000  0.000                                                 
S2           0.000  0.000 -0.500                                          
ID1          0.000  0.000  0.000  0.000                                   
ID2          0.000  0.000  0.000  0.000 -0.500                            
grp1:S1      0.000  0.000  0.000  0.000  0.000  0.000                     
grp1:S2      0.000  0.000  0.000  0.000  0.000  0.000 -0.500              
grp1:ID1     0.000  0.000  0.000  0.000  0.000  0.000  0.000  0.000       
grp1:ID2     0.000  0.000  0.000  0.000  0.000  0.000  0.000  0.000 -0.500
S1:ID1       0.000  0.000  0.000  0.000  0.000  0.000  0.000  0.000  0.000
S2:ID1       0.000  0.000  0.000  0.000  0.000  0.000  0.000  0.000  0.000
S1:ID2       0.000  0.000  0.000  0.000  0.000  0.000  0.000  0.000  0.000
S2:ID2       0.000  0.000  0.000  0.000  0.000  0.000  0.000  0.000  0.000
grp1:S1:ID1  0.000  0.000  0.000  0.000  0.000  0.000  0.000  0.000  0.000
grp1:S2:ID1  0.000  0.000  0.000  0.000  0.000  0.000  0.000  0.000  0.000
grp1:S1:ID2  0.000  0.000  0.000  0.000  0.000  0.000  0.000  0.000  0.000
grp1:S2:ID2  0.000  0.000  0.000  0.000  0.000  0.000  0.000  0.000  0.000
            g1:ID2 S1:ID1 S2:ID1 S1:ID2 S2:ID2 g1:S1:ID1 g1:S2:ID1 g1:S1:ID2
grp1                                                                        
S1                                                                          
S2                                                                          
ID1                                                                         
ID2                                                                         
grp1:S1                                                                     
grp1:S2                                                                     
grp1:ID1                                                                    
grp1:ID2                                                                    
S1:ID1       0.000                                                          
S2:ID1       0.000 -0.500                                                   
S1:ID2       0.000 -0.500  0.250                                            
S2:ID2       0.000  0.250 -0.500 -0.500                                     
grp1:S1:ID1  0.000  0.000  0.000  0.000  0.000                              
grp1:S2:ID1  0.000  0.000  0.000  0.000  0.000 -0.500                       
grp1:S1:ID2  0.000  0.000  0.000  0.000  0.000 -0.500     0.250             
grp1:S2:ID2  0.000  0.000  0.000  0.000  0.000  0.250    -0.500    -0.500   
Linear mixed model fit by REML 
Formula: q3 ~ (1 | pp) + (1 | pp/S) + (1 | pp/ID) + (1 | pp/S:ID) + grp *      S * ID 
   Data: mdata 
    AIC    BIC logLik deviance REMLdev
 -717.3 -623.8  384.7   -926.2  -769.3
Random effects:
 Groups   Name        Variance   Std.Dev.
 S:ID:pp  (Intercept) 0.00039970 0.019992
 ID:pp    (Intercept) 0.00033902 0.018413
 S:pp     (Intercept) 0.00000000 0.000000
 pp       (Intercept) 0.00000000 0.000000
 pp       (Intercept) 0.00000000 0.000000
 pp       (Intercept) 0.00000000 0.000000
 pp       (Intercept) 0.00000000 0.000000
 Residual             0.00154331 0.039285
Number of obs: 270, groups: S:ID:pp, 90; ID:pp, 30; S:pp, 30; pp, 10

Fixed effects:
              Estimate Std. Error t value
(Intercept)  8.750e-01  4.632e-03  188.89
grp1         7.404e-04  4.632e-03    0.16
S1          -2.214e-02  4.507e-03   -4.91
S2           8.314e-03  4.507e-03    1.84
ID1          1.217e-02  6.551e-03    1.86
ID2          5.285e-03  6.551e-03    0.81
grp1:S1      4.468e-03  4.507e-03    0.99
grp1:S2      4.647e-03  4.507e-03    1.03
grp1:ID1     5.815e-05  6.551e-03    0.01
grp1:ID2    -6.360e-03  6.551e-03   -0.97
S1:ID1       6.775e-03  6.374e-03    1.06
S2:ID1      -1.020e-02  6.374e-03   -1.60
S1:ID2       2.645e-03  6.374e-03    0.41
S2:ID2       1.158e-03  6.374e-03    0.18
grp1:S1:ID1 -2.210e-03  6.374e-03   -0.35
grp1:S2:ID1  1.976e-03  6.374e-03    0.31
grp1:S1:ID2 -1.993e-03  6.374e-03   -0.31
grp1:S2:ID2 -8.186e-04  6.374e-03   -0.13

Correlation of Fixed Effects:
            (Intr) grp1   S1     S2     ID1    ID2    gr1:S1 gr1:S2 g1:ID1
grp1         0.000                                                        
S1           0.000  0.000                                                 
S2           0.000  0.000 -0.500                                          
ID1          0.000  0.000  0.000  0.000                                   
ID2          0.000  0.000  0.000  0.000 -0.500                            
grp1:S1      0.000  0.000  0.000  0.000  0.000  0.000                     
grp1:S2      0.000  0.000  0.000  0.000  0.000  0.000 -0.500              
grp1:ID1     0.000  0.000  0.000  0.000  0.000  0.000  0.000  0.000       
grp1:ID2     0.000  0.000  0.000  0.000  0.000  0.000  0.000  0.000 -0.500
S1:ID1       0.000  0.000  0.000  0.000  0.000  0.000  0.000  0.000  0.000
S2:ID1       0.000  0.000  0.000  0.000  0.000  0.000  0.000  0.000  0.000
S1:ID2       0.000  0.000  0.000  0.000  0.000  0.000  0.000  0.000  0.000
S2:ID2       0.000  0.000  0.000  0.000  0.000  0.000  0.000  0.000  0.000
grp1:S1:ID1  0.000  0.000  0.000  0.000  0.000  0.000  0.000  0.000  0.000
grp1:S2:ID1  0.000  0.000  0.000  0.000  0.000  0.000  0.000  0.000  0.000
grp1:S1:ID2  0.000  0.000  0.000  0.000  0.000  0.000  0.000  0.000  0.000
grp1:S2:ID2  0.000  0.000  0.000  0.000  0.000  0.000  0.000  0.000  0.000
            g1:ID2 S1:ID1 S2:ID1 S1:ID2 S2:ID2 g1:S1:ID1 g1:S2:ID1 g1:S1:ID2
grp1                                                                        
S1                                                                          
S2                                                                          
ID1                                                                         
ID2                                                                         
grp1:S1                                                                     
grp1:S2                                                                     
grp1:ID1                                                                    
grp1:ID2                                                                    
S1:ID1       0.000                                                          
S2:ID1       0.000 -0.500                                                   
S1:ID2       0.000 -0.500  0.250                                            
S2:ID2       0.000  0.250 -0.500 -0.500                                     
grp1:S1:ID1  0.000  0.000  0.000  0.000  0.000                              
grp1:S2:ID1  0.000  0.000  0.000  0.000  0.000 -0.500                       
grp1:S1:ID2  0.000  0.000  0.000  0.000  0.000 -0.500     0.250             
grp1:S2:ID2  0.000  0.000  0.000  0.000  0.000  0.250    -0.500    -0.500   
