[1] "Summary by group"
  grp CircularityRrel.m CircularityRrel.s
1   C         0.9768757        0.05960084
2   U         0.9856408        0.05693181
[1] "Summary by session\n"
  S CircularityRrel.m CircularityRrel.s
1 1         0.9784090        0.05754541
2 2         0.9843189        0.06457992
3 3         0.9810468        0.05260691
[1] "Summary by IDR+IDR\n"
  IDL IDR CircularityRrel.m CircularityRrel.s
1   D   D         0.9917565        0.05632351
2   D   M         0.9616114        0.05376240
3   D   E         0.9531784        0.06248209
4   E   D         0.9939234        0.05179802
5   E   M         0.9826285        0.05428650
6   E   E         1.0044513        0.05518763
[1] "Summary by group + Session\n"
  grp S CircularityRrel.m CircularityRrel.s
1   C 1         0.9656737        0.05150451
2   C 2         0.9802709        0.06760338
3   C 3         0.9846825        0.05756293
4   U 1         0.9911443        0.06065822
5   U 2         0.9883670        0.06151937
6   U 3         0.9774111        0.04717886
[1] "Summary by Session + IDR + IDL \n"
   S IDL IDR CircularityRrel.m CircularityRrel.s
1  1   D   D         0.9783724        0.05113208
2  1   D   M         0.9734486        0.05091150
3  1   D   E         0.9454962        0.06450098
4  1   E   D         1.0005466        0.04532428
5  1   E   M         0.9825801        0.05614665
6  1   E   E         0.9900102        0.06368630
7  2   D   D         1.0049418        0.06764918
8  2   D   M         0.9581190        0.06230396
9  2   D   E         0.9503881        0.06217169
10 2   E   D         0.9953783        0.06267483
11 2   E   M         0.9854272        0.06392166
12 2   E   E         1.0116592        0.04650475
13 3   D   D         0.9919553        0.04668718
14 3   D   M         0.9532666        0.04655273
15 3   D   E         0.9636508        0.06142495
16 3   E   D         0.9858452        0.04622380
17 3   E   M         0.9798783        0.04230791
18 3   E   E         1.0116845        0.05296064
[1] "Summary by group + IDR + IDL\n"
   grp IDL IDR CircularityRrel.m CircularityRrel.s
1    C   D   D         0.9772986        0.06515142
2    C   D   M         0.9491996        0.05429871
3    C   D   E         0.9476030        0.07576814
4    C   E   D         0.9879189        0.04171143
5    C   E   M         0.9943509        0.04339722
6    C   E   E         1.0048830        0.04754986
7    U   D   D         1.0062144        0.04176728
8    U   D   M         0.9740232        0.05082347
9    U   D   E         0.9587537        0.04574230
10   U   E   D         0.9999278        0.06011205
11   U   E   M         0.9709062        0.06161683
12   U   E   E         1.0040195        0.06244357
[1] "Summary by group + Session + IDR + IDL\n"
   grp S IDL IDR CircularityRrel.m CircularityRrel.s
1    C 1   D   D         0.9541808        0.04946406
2    C 1   D   M         0.9453211        0.03282972
3    C 1   D   E         0.9508595        0.07271684
4    C 1   E   D         0.9752775        0.03501897
5    C 1   E   M         0.9702128        0.05278241
6    C 1   E   E         0.9981904        0.04432744
7    C 2   D   D         0.9795293        0.08463057
8    C 2   D   M         0.9501667        0.06638071
9    C 2   D   E         0.9426769        0.07992067
10   C 2   E   D         0.9790069        0.05185174
11   C 2   E   M         1.0098557        0.04105211
12   C 2   E   E         1.0203897        0.03967091
13   C 3   D   D         0.9981858        0.05182765
14   C 3   D   M         0.9521110        0.06128501
15   C 3   D   E         0.9492726        0.07954338
16   C 3   E   D         1.0094722        0.02826841
17   C 3   E   M         1.0029842        0.02204650
18   C 3   E   E         0.9960689        0.05637730
19   U 1   D   D         1.0025639        0.04141218
20   U 1   D   M         1.0015760        0.05095079
21   U 1   D   E         0.9401329        0.05717118
22   U 1   E   D         1.0258157        0.04075187
23   U 1   E   M         0.9949474        0.05844942
24   U 1   E   E         0.9818299        0.07933022
25   U 2   D   D         1.0303543        0.03055367
26   U 2   D   M         0.9660713        0.05915172
27   U 2   D   E         0.9580992        0.03862642
28   U 2   E   D         1.0117498        0.06981339
29   U 2   E   M         0.9609987        0.07416050
30   U 2   E   E         1.0029286        0.05237123
31   U 3   D   D         0.9857248        0.04178263
32   U 3   D   M         0.9544222        0.02702583
33   U 3   D   E         0.9780290        0.03233272
34   U 3   E   D         0.9622181        0.04930077
35   U 3   E   M         0.9567725        0.04558175
36   U 3   E   E         1.0273001        0.04592465
