                  Estimate MCMCmean HPD95lower HPD95upper pMCMC Pr(>|t|)
(Intercept)         4.3621   4.3650     3.8887     4.8111 0.001   0.0000
grp1                0.1281   0.1281    -0.3146     0.6248 0.572   0.6238
S1                 -0.9168  -0.9221    -1.1223    -0.7442 0.001   0.0000
S2                  0.2265   0.2298     0.0361     0.4457 0.040   0.0640
IDR1               -0.6073  -0.6108    -0.8543    -0.3810 0.001   0.0003
IDR2               -0.0484  -0.0412    -0.2648     0.1835 0.736   0.7744
IDL1               -1.2228  -1.2239    -1.4346    -1.0127 0.001   0.0000
grp1:S1            -0.1698  -0.1677    -0.3577     0.0141 0.086   0.1647
grp1:S2             0.0824   0.0850    -0.1080     0.2692 0.390   0.4996
grp1:IDR1           0.2028   0.2067    -0.0498     0.4374 0.084   0.2295
grp1:IDR2           0.1472   0.1425    -0.1127     0.3652 0.250   0.3829
S1:IDR1             0.4325   0.4365     0.2660     0.5949 0.001   0.0018
S2:IDR1            -0.0753  -0.0792    -0.2615     0.0803 0.342   0.5858
S1:IDR2             0.0829   0.0811    -0.0817     0.2416 0.318   0.5485
S2:IDR2             0.0953   0.1012    -0.0539     0.2646 0.210   0.4907
grp1:IDL1          -0.4363  -0.4363    -0.6330    -0.2104 0.002   0.0072
S1:IDL1             0.2373   0.2380     0.1231     0.3603 0.001   0.0154
S2:IDL1            -0.1271  -0.1269    -0.2564    -0.0145 0.054   0.1938
IDR1:IDL1           0.6510   0.6504     0.5304     0.7650 0.001   0.0000
IDR2:IDL1           0.1667   0.1657     0.0494     0.2824 0.004   0.0884
grp1:S1:IDR1       -0.0291  -0.0289    -0.1896     0.1530 0.742   0.8332
grp1:S2:IDR1       -0.1168  -0.1158    -0.2787     0.0578 0.172   0.3979
grp1:S1:IDR2       -0.1253  -0.1291    -0.2895     0.0375 0.132   0.3648
grp1:S2:IDR2        0.0634   0.0660    -0.0932     0.2386 0.434   0.6464
grp1:S1:IDL1        0.3461   0.3487     0.2439     0.4679 0.001   0.0004
grp1:S2:IDL1       -0.0953  -0.0952    -0.2040     0.0219 0.102   0.3296
grp1:IDR1:IDL1      0.2927   0.2919     0.1795     0.4078 0.001   0.0029
grp1:IDR2:IDL1     -0.1366  -0.1350    -0.2626    -0.0275 0.034   0.1625
S1:IDR1:IDL1       -0.3361  -0.3363    -0.5036    -0.1773 0.001   0.0153
S2:IDR1:IDL1        0.1092   0.1101    -0.0576     0.2797 0.188   0.4295
S1:IDR2:IDL1       -0.0879  -0.0857    -0.2649     0.0758 0.330   0.5245
S2:IDR2:IDL1       -0.2149  -0.2113    -0.3916    -0.0513 0.010   0.1202
grp1:S1:IDR1:IDL1  -0.2019  -0.2045    -0.3632    -0.0316 0.012   0.1444
grp1:S2:IDR1:IDL1   0.1175   0.1166    -0.0625     0.2712 0.164   0.3951
grp1:S1:IDR2:IDL1   0.1003   0.1029    -0.0610     0.2712 0.230   0.4680
grp1:S2:IDR2:IDL1   0.0314   0.0295    -0.1357     0.1931 0.704   0.8205
NULL
       Length Class      Mode
fixed  6      data.frame list
random 7      data.frame list
Analysis of Variance Table
              Df  Sum Sq Mean Sq F value
grp            1  0.0501  0.0501  0.2331
S              2 13.1719  6.5859 30.6270
IDR            2  4.0414  2.0207  9.3969
IDL            1 12.3080 12.3080 57.2366
grp:S          2  0.4164  0.2082  0.9682
grp:IDR        2  0.9349  0.4675  2.1739
S:IDR          4  4.6129  1.1532  5.3629
grp:IDL        1  1.5666  1.5666  7.2852
S:IDL          2  1.2718  0.6359  2.9572
IDR:IDL        2 16.8409  8.4204 39.1581
grp:S:IDR      4  0.6475  0.1619  0.7527
grp:S:IDL      2  2.8826  1.4413  6.7027
grp:IDR:IDL    2  1.9344  0.9672  4.4977
S:IDR:IDL      4  3.9772  0.9943  4.6239
grp:S:IDR:IDL  4  0.6254  0.1563  0.7270
Linear mixed model fit by REML 
Formula: get(vname) ~ (1 | pp) + (1 | pp/S) + (1 | pp/IDR) + (1 | pp/IDL) +      (1 | pp/S:IDR:IDL) + grp * S * IDR * IDL 
   Data: mdata 
  AIC  BIC logLik deviance REMLdev
 1365 1562 -636.4     1186    1273
Random effects:
 Groups       Name        Variance Std.Dev.
 S:IDR:IDL:pp (Intercept) 0.786549 0.88688 
 IDR:pp       (Intercept) 0.283178 0.53214 
 S:pp         (Intercept) 0.080339 0.28344 
 IDL:pp       (Intercept) 0.427114 0.65354 
 pp           (Intercept) 0.059798 0.24454 
 pp           (Intercept) 0.059799 0.24454 
 pp           (Intercept) 0.059798 0.24454 
 pp           (Intercept) 0.059800 0.24454 
 pp           (Intercept) 0.059800 0.24454 
 Residual                 0.215037 0.46372 
Number of obs: 540, groups: S:IDR:IDL:pp, 180; IDR:pp, 30; S:pp, 30; IDL:pp, 20; pp, 10

Fixed effects:
                  Estimate Std. Error t value
(Intercept)        4.36206    0.26101  16.712
grp1               0.12811    0.26101   0.491
S1                -0.91679    0.12203  -7.513
S2                 0.22652    0.12203   1.856
IDR1              -0.60730    0.16857  -3.603
IDR2              -0.04835    0.16857  -0.287
IDL1              -1.22279    0.16163  -7.565
grp1:S1           -0.16979    0.12203  -1.391
grp1:S2            0.08244    0.12203   0.676
grp1:IDR1          0.20279    0.16857   1.203
grp1:IDR2          0.14723    0.16857   0.873
S1:IDR1            0.43246    0.13810   3.131
S2:IDR1           -0.07531    0.13810  -0.545
S1:IDR2            0.08292    0.13810   0.600
S2:IDR2            0.09526    0.13810   0.690
grp1:IDL1         -0.43625    0.16163  -2.699
S1:IDL1            0.23729    0.09765   2.430
S2:IDL1           -0.12706    0.09765  -1.301
IDR1:IDL1          0.65100    0.09765   6.667
IDR2:IDL1          0.16670    0.09765   1.707
grp1:S1:IDR1      -0.02910    0.13810  -0.211
grp1:S2:IDR1      -0.11685    0.13810  -0.846
grp1:S1:IDR2      -0.12526    0.13810  -0.907
grp1:S2:IDR2       0.06340    0.13810   0.459
grp1:S1:IDL1       0.34608    0.09765   3.544
grp1:S2:IDL1      -0.09530    0.09765  -0.976
grp1:IDR1:IDL1     0.29267    0.09765   2.997
grp1:IDR2:IDL1    -0.13660    0.09765  -1.399
S1:IDR1:IDL1      -0.33608    0.13810  -2.434
S2:IDR1:IDL1       0.10919    0.13810   0.791
S1:IDR2:IDL1      -0.08794    0.13810  -0.637
S2:IDR2:IDL1      -0.21494    0.13810  -1.556
grp1:S1:IDR1:IDL1 -0.20188    0.13810  -1.462
grp1:S2:IDR1:IDL1  0.11755    0.13810   0.851
grp1:S1:IDR2:IDL1  0.10031    0.13810   0.726
grp1:S2:IDR2:IDL1  0.03136    0.13810   0.227

Correlation of Fixed Effects:
            (Intr) grp1   S1     S2     IDR1   IDR2   IDL1   gr1:S1 gr1:S2
grp1         0.000                                                        
S1           0.000  0.000                                                 
S2           0.000  0.000 -0.500                                          
IDR1         0.000  0.000  0.000  0.000                                   
IDR2         0.000  0.000  0.000  0.000 -0.500                            
IDL1         0.000  0.000  0.000  0.000  0.000  0.000                     
grp1:S1      0.000  0.000  0.000  0.000  0.000  0.000  0.000              
grp1:S2      0.000  0.000  0.000  0.000  0.000  0.000  0.000 -0.500       
grp1:IDR1    0.000  0.000  0.000  0.000  0.000  0.000  0.000  0.000  0.000
grp1:IDR2    0.000  0.000  0.000  0.000  0.000  0.000  0.000  0.000  0.000
S1:IDR1      0.000  0.000  0.000  0.000  0.000  0.000  0.000  0.000  0.000
S2:IDR1      0.000  0.000  0.000  0.000  0.000  0.000  0.000  0.000  0.000
S1:IDR2      0.000  0.000  0.000  0.000  0.000  0.000  0.000  0.000  0.000
S2:IDR2      0.000  0.000  0.000  0.000  0.000  0.000  0.000  0.000  0.000
grp1:IDL1    0.000  0.000  0.000  0.000  0.000  0.000  0.000  0.000  0.000
S1:IDL1      0.000  0.000  0.000  0.000  0.000  0.000  0.000  0.000  0.000
S2:IDL1      0.000  0.000  0.000  0.000  0.000  0.000  0.000  0.000  0.000
IDR1:IDL1    0.000  0.000  0.000  0.000  0.000  0.000  0.000  0.000  0.000
IDR2:IDL1    0.000  0.000  0.000  0.000  0.000  0.000  0.000  0.000  0.000
gr1:S1:IDR1  0.000  0.000  0.000  0.000  0.000  0.000  0.000  0.000  0.000
gr1:S2:IDR1  0.000  0.000  0.000  0.000  0.000  0.000  0.000  0.000  0.000
gr1:S1:IDR2  0.000  0.000  0.000  0.000  0.000  0.000  0.000  0.000  0.000
gr1:S2:IDR2  0.000  0.000  0.000  0.000  0.000  0.000  0.000  0.000  0.000
gr1:S1:IDL1  0.000  0.000  0.000  0.000  0.000  0.000  0.000  0.000  0.000
gr1:S2:IDL1  0.000  0.000  0.000  0.000  0.000  0.000  0.000  0.000  0.000
g1:IDR1:IDL  0.000  0.000  0.000  0.000  0.000  0.000  0.000  0.000  0.000
g1:IDR2:IDL  0.000  0.000  0.000  0.000  0.000  0.000  0.000  0.000  0.000
S1:IDR1:IDL  0.000  0.000  0.000  0.000  0.000  0.000  0.000  0.000  0.000
S2:IDR1:IDL  0.000  0.000  0.000  0.000  0.000  0.000  0.000  0.000  0.000
S1:IDR2:IDL  0.000  0.000  0.000  0.000  0.000  0.000  0.000  0.000  0.000
S2:IDR2:IDL  0.000  0.000  0.000  0.000  0.000  0.000  0.000  0.000  0.000
g1:S1:IDR1:  0.000  0.000  0.000  0.000  0.000  0.000  0.000  0.000  0.000
g1:S2:IDR1:  0.000  0.000  0.000  0.000  0.000  0.000  0.000  0.000  0.000
g1:S1:IDR2:  0.000  0.000  0.000  0.000  0.000  0.000  0.000  0.000  0.000
g1:S2:IDR2:  0.000  0.000  0.000  0.000  0.000  0.000  0.000  0.000  0.000
            gr1:IDR1 gr1:IDR2 S1:IDR1 S2:IDR1 S1:IDR2 S2:IDR2 g1:IDL S1:IDL
grp1                                                                       
S1                                                                         
S2                                                                         
IDR1                                                                       
IDR2                                                                       
IDL1                                                                       
grp1:S1                                                                    
grp1:S2                                                                    
grp1:IDR1                                                                  
grp1:IDR2   -0.500                                                         
S1:IDR1      0.000    0.000                                                
S2:IDR1      0.000    0.000   -0.500                                       
S1:IDR2      0.000    0.000   -0.500   0.250                               
S2:IDR2      0.000    0.000    0.250  -0.500  -0.500                       
grp1:IDL1    0.000    0.000    0.000   0.000   0.000   0.000               
S1:IDL1      0.000    0.000    0.000   0.000   0.000   0.000   0.000       
S2:IDL1      0.000    0.000    0.000   0.000   0.000   0.000   0.000 -0.500
IDR1:IDL1    0.000    0.000    0.000   0.000   0.000   0.000   0.000  0.000
IDR2:IDL1    0.000    0.000    0.000   0.000   0.000   0.000   0.000  0.000
gr1:S1:IDR1  0.000    0.000    0.000   0.000   0.000   0.000   0.000  0.000
gr1:S2:IDR1  0.000    0.000    0.000   0.000   0.000   0.000   0.000  0.000
gr1:S1:IDR2  0.000    0.000    0.000   0.000   0.000   0.000   0.000  0.000
gr1:S2:IDR2  0.000    0.000    0.000   0.000   0.000   0.000   0.000  0.000
gr1:S1:IDL1  0.000    0.000    0.000   0.000   0.000   0.000   0.000  0.000
gr1:S2:IDL1  0.000    0.000    0.000   0.000   0.000   0.000   0.000  0.000
g1:IDR1:IDL  0.000    0.000    0.000   0.000   0.000   0.000   0.000  0.000
g1:IDR2:IDL  0.000    0.000    0.000   0.000   0.000   0.000   0.000  0.000
S1:IDR1:IDL  0.000    0.000    0.000   0.000   0.000   0.000   0.000  0.000
S2:IDR1:IDL  0.000    0.000    0.000   0.000   0.000   0.000   0.000  0.000
S1:IDR2:IDL  0.000    0.000    0.000   0.000   0.000   0.000   0.000  0.000
S2:IDR2:IDL  0.000    0.000    0.000   0.000   0.000   0.000   0.000  0.000
g1:S1:IDR1:  0.000    0.000    0.000   0.000   0.000   0.000   0.000  0.000
g1:S2:IDR1:  0.000    0.000    0.000   0.000   0.000   0.000   0.000  0.000
g1:S1:IDR2:  0.000    0.000    0.000   0.000   0.000   0.000   0.000  0.000
g1:S2:IDR2:  0.000    0.000    0.000   0.000   0.000   0.000   0.000  0.000
            S2:IDL IDR1:I IDR2:I gr1:S1:IDR1 gr1:S2:IDR1 gr1:S1:IDR2
grp1                                                                
S1                                                                  
S2                                                                  
IDR1                                                                
IDR2                                                                
IDL1                                                                
grp1:S1                                                             
grp1:S2                                                             
grp1:IDR1                                                           
grp1:IDR2                                                           
S1:IDR1                                                             
S2:IDR1                                                             
S1:IDR2                                                             
S2:IDR2                                                             
grp1:IDL1                                                           
S1:IDL1                                                             
S2:IDL1                                                             
IDR1:IDL1    0.000                                                  
IDR2:IDL1    0.000 -0.500                                           
gr1:S1:IDR1  0.000  0.000  0.000                                    
gr1:S2:IDR1  0.000  0.000  0.000 -0.500                             
gr1:S1:IDR2  0.000  0.000  0.000 -0.500       0.250                 
gr1:S2:IDR2  0.000  0.000  0.000  0.250      -0.500      -0.500     
gr1:S1:IDL1  0.000  0.000  0.000  0.000       0.000       0.000     
gr1:S2:IDL1  0.000  0.000  0.000  0.000       0.000       0.000     
g1:IDR1:IDL  0.000  0.000  0.000  0.000       0.000       0.000     
g1:IDR2:IDL  0.000  0.000  0.000  0.000       0.000       0.000     
S1:IDR1:IDL  0.000  0.000  0.000  0.000       0.000       0.000     
S2:IDR1:IDL  0.000  0.000  0.000  0.000       0.000       0.000     
S1:IDR2:IDL  0.000  0.000  0.000  0.000       0.000       0.000     
S2:IDR2:IDL  0.000  0.000  0.000  0.000       0.000       0.000     
g1:S1:IDR1:  0.000  0.000  0.000  0.000       0.000       0.000     
g1:S2:IDR1:  0.000  0.000  0.000  0.000       0.000       0.000     
g1:S1:IDR2:  0.000  0.000  0.000  0.000       0.000       0.000     
g1:S2:IDR2:  0.000  0.000  0.000  0.000       0.000       0.000     
            gr1:S2:IDR2 g1:S1:IDL g1:S2:IDL g1:IDR1: g1:IDR2: S1:IDR1: S2:IDR1:
grp1                                                                           
S1                                                                             
S2                                                                             
IDR1                                                                           
IDR2                                                                           
IDL1                                                                           
grp1:S1                                                                        
grp1:S2                                                                        
grp1:IDR1                                                                      
grp1:IDR2                                                                      
S1:IDR1                                                                        
S2:IDR1                                                                        
S1:IDR2                                                                        
S2:IDR2                                                                        
grp1:IDL1                                                                      
S1:IDL1                                                                        
S2:IDL1                                                                        
IDR1:IDL1                                                                      
IDR2:IDL1                                                                      
gr1:S1:IDR1                                                                    
gr1:S2:IDR1                                                                    
gr1:S1:IDR2                                                                    
gr1:S2:IDR2                                                                    
gr1:S1:IDL1  0.000                                                             
gr1:S2:IDL1  0.000      -0.500                                                 
g1:IDR1:IDL  0.000       0.000     0.000                                       
g1:IDR2:IDL  0.000       0.000     0.000    -0.500                             
S1:IDR1:IDL  0.000       0.000     0.000     0.000    0.000                    
S2:IDR1:IDL  0.000       0.000     0.000     0.000    0.000   -0.500           
S1:IDR2:IDL  0.000       0.000     0.000     0.000    0.000   -0.500    0.250  
S2:IDR2:IDL  0.000       0.000     0.000     0.000    0.000    0.250   -0.500  
g1:S1:IDR1:  0.000       0.000     0.000     0.000    0.000    0.000    0.000  
g1:S2:IDR1:  0.000       0.000     0.000     0.000    0.000    0.000    0.000  
g1:S1:IDR2:  0.000       0.000     0.000     0.000    0.000    0.000    0.000  
g1:S2:IDR2:  0.000       0.000     0.000     0.000    0.000    0.000    0.000  
            S1:IDR2: S2:IDR2: g1:S1:IDR1: g1:S2:IDR1: g1:S1:IDR2:
grp1                                                             
S1                                                               
S2                                                               
IDR1                                                             
IDR2                                                             
IDL1                                                             
grp1:S1                                                          
grp1:S2                                                          
grp1:IDR1                                                        
grp1:IDR2                                                        
S1:IDR1                                                          
S2:IDR1                                                          
S1:IDR2                                                          
S2:IDR2                                                          
grp1:IDL1                                                        
S1:IDL1                                                          
S2:IDL1                                                          
IDR1:IDL1                                                        
IDR2:IDL1                                                        
gr1:S1:IDR1                                                      
gr1:S2:IDR1                                                      
gr1:S1:IDR2                                                      
gr1:S2:IDR2                                                      
gr1:S1:IDL1                                                      
gr1:S2:IDL1                                                      
g1:IDR1:IDL                                                      
g1:IDR2:IDL                                                      
S1:IDR1:IDL                                                      
S2:IDR1:IDL                                                      
S1:IDR2:IDL                                                      
S2:IDR2:IDL -0.500                                               
g1:S1:IDR1:  0.000    0.000                                      
g1:S2:IDR1:  0.000    0.000   -0.500                             
g1:S1:IDR2:  0.000    0.000   -0.500       0.250                 
g1:S2:IDR2:  0.000    0.000    0.250      -0.500      -0.500     
