[1] "vfCircularityL ~(S*DID*grp)+Error(pp/(S*DID))+grp"
$ANOVA
     Effect DFn DFd         F           p p<.05        ges
2       grp   1   8 14.390372 0.005285658     * 0.30401149
3         S   2  16  3.963455 0.039982231     * 0.14351445
5       DID   2  16  3.888238 0.042051349     * 0.07036185
4     grp:S   2  16  3.627743 0.050206118       0.13297494
6   grp:DID   2  16  1.422977 0.269907424       0.02695270
7     S:DID   4  32  2.964412 0.034360889     * 0.08887115
8 grp:S:DID   4  32  2.027028 0.114152785       0.06252610

$`Mauchly's Test for Sphericity`
     Effect          W          p p<.05
3         S 0.62579127 0.19386671      
4     grp:S 0.62579127 0.19386671      
5       DID 0.51289452 0.09662694      
6   grp:DID 0.51289452 0.09662694      
7     S:DID 0.01929281 0.00349950     *
8 grp:S:DID 0.01929281 0.00349950     *

$`Sphericity Corrections`
     Effect       GGe      p[GG] p[GG]<.05       HFe      p[HF] p[HF]<.05
3         S 0.7276915 0.05894828           0.8479065 0.04963369         *
4     grp:S 0.7276915 0.07037532           0.8479065 0.06060434          
5       DID 0.6724473 0.06620412           0.7591202 0.05868208          
6   grp:DID 0.6724473 0.27107743           0.7591202 0.27153608          
7     S:DID 0.3430133 0.10547834           0.3903350 0.09718933          
8 grp:S:DID 0.3430133 0.18264898           0.3903350 0.17714529          

