[1] "Summary by group"
  grp vfCircularityL.m vfCircularityL.s
1   C        0.3287616       0.04736621
2   U        0.3760955       0.06080264
[1] "Summary by session\n"
  S vfCircularityL.m vfCircularityL.s
1 1        0.3728427       0.05144415
2 2        0.3390990       0.03690549
3 3        0.3453439       0.07735015
[1] "Summary by DID\n"
  DID vfCircularityL.m vfCircularityL.s
1   1        0.3501341       0.04817855
2   2        0.3654768       0.07446988
3   3        0.3416747       0.04982003
[1] "Summary by group + Session\n"
  grp S vfCircularityL.m vfCircularityL.s
1   C 1        0.3588073       0.04644039
2   C 2        0.3256304       0.03605298
3   C 3        0.3018469       0.04125496
4   U 1        0.3868780       0.05285360
5   U 2        0.3525676       0.03292595
6   U 3        0.3888409       0.08080915
[1] "Summary by Session + DID\n"
  S DID vfCircularityL.m vfCircularityL.s
1 1   1        0.3882370       0.04557410
2 1   2        0.3800870       0.05416398
3 1   3        0.3502040       0.04776666
4 2   1        0.3295337       0.03037158
5 2   2        0.3444323       0.03563511
6 2   3        0.3433310       0.04295439
7 3   1        0.3326317       0.04320143
8 3   2        0.3719110       0.10997441
9 3   3        0.3314890       0.05749022
[1] "Summary by group + DID\n"
  grp DID vfCircularityL.m vfCircularityL.s
1   C   1        0.3336802       0.04689749
2   C   2        0.3344273       0.05050059
3   C   3        0.3181771       0.04371293
4   U   1        0.3665880       0.04406766
5   U   2        0.3965262       0.08182481
6   U   3        0.3651722       0.04450047
[1] "Summary by group + Session + DID\n"
   grp S DID vfCircularityL.m vfCircularityL.s
1    C 1   1        0.3763813       0.04794961
2    C 1   2        0.3651373       0.04760273
3    C 1   3        0.3349033       0.03502848
4    C 2   1        0.3179020       0.02015414
5    C 2   2        0.3352367       0.03969553
6    C 2   3        0.3237527       0.04400649
7    C 3   1        0.3067573       0.03478488
8    C 3   2        0.3029080       0.04580286
9    C 3   3        0.2958753       0.04445129
10   U 1   1        0.4000927       0.04125526
11   U 1   2        0.3950367       0.05772429
12   U 1   3        0.3655047       0.05475055
13   U 2   1        0.3411653       0.03485176
14   U 2   2        0.3536280       0.02955489
15   U 2   3        0.3629093       0.03261897
16   U 3   1        0.3585060       0.03494923
17   U 3   2        0.4409140       0.11292339
18   U 3   3        0.3671027       0.04639566
